##################################
##################################
##################################
Most Shorted Shares since [2019-11-27]
##################################
##################################
##################################

                        Name of Share Issuer  Position Holder
0                            CINEWORLD GROUP                5
1                                VICTREX PLC                5
2                      WOOD GROUP (JOHN) PLC                5
3   Aston Martin Lagonda Global Holdings Plc                4
4                   DOMINO'S PIZZA GROUP PLC                4
5                  Flutter Entertainment plc                4
6                              HAMMERSON PLC                4
7                             KINGFISHER PLC                4
8                             Royal Mail Plc                4
9                         WEIR GROUP PLC/THE                4
10                                    AA PLC                3
11                     AUTO TRADER GROUP PLC                3
12                    BABCOCK INTL GROUP PLC                3
13                   CRODA INTERNATIONAL PLC                3
14                          DUNELM GROUP PLC                3
15                               EASYJET PLC                3
16               JUPITER FUND MANAGEMENT PLC                3
17                      KEYWORDS STUDIOS PLC                3
18                            METRO BANK PLC                3
19                           MITIE GROUP PLC                3

         Name of Share Issuer  Net Short Position (%)
0             CINEWORLD GROUP                    8.66
1                     SIG PLC                    6.60
2       WOOD GROUP (JOHN) PLC                    5.57
3              METRO BANK PLC                    5.48
4              Royal Mail Plc                    5.07
5                 VICTREX PLC                    4.70
6                 EASYJET PLC                    4.60
7         GREENCORE GROUP PLC                    4.35
8              KINGFISHER PLC                    4.33
9   Flutter Entertainment plc                    4.21
10            MITIE GROUP PLC                    4.21
11         Go-Ahead Group PLC                    4.14
12         WEIR GROUP PLC/THE                    4.10
13              HAMMERSON PLC                    4.01
14               PETROFAC LTD                    3.93
15   DOMINO'S PIZZA GROUP PLC                    3.92
16             NMC HEALTH PLC                    3.91
17                     AA PLC                    3.87
18                PEARSON PLC                    3.83
19           DUNELM GROUP PLC                    3.78

#########[+]SUMMARY MOST OVERALL SHORTED[+]######################
#########[+]SUMMARY MOST OVERALL SHORTED[+]######################
#########[+]SUMMARY MOST OVERALL SHORTED[+]######################

[+]	DOMINO'S PIZZA GROUP PLC
[+]	AA PLC
[+]	METRO BANK PLC
[+]	WOOD GROUP (JOHN) PLC
[+]	WEIR GROUP PLC/THE
[+]	HAMMERSON PLC
[+]	DUNELM GROUP PLC
[+]	EASYJET PLC
[+]	Royal Mail Plc
[+]	VICTREX PLC
[+]	MITIE GROUP PLC
[+]	Flutter Entertainment plc
[+]	CINEWORLD GROUP
[+]	KINGFISHER PLC


THE SOFTWARE IS PROVIDED 'AS IS', WITHOUT WARRANTY OF ANY KIND, EXPRESS OR IMPLIED, INCLUDING BUT NOT LIMITED TO THE WARRANTIES OF MERCHANTABILITY, FITNESS FOR A PARTICULAR PURPOSE, TITLE AND NON-INFRINGEMENT. IN NO EVENT SHALL THE COPYRIGHT HOLDERS OR ANYONE DISTRIBUTING THE SOFTWARE BE LIABLE FOR ANY DAMAGES OR OTHER LIABILITY, WHETHER IN CONTRACT, TORT OR OTHERWISE, ARISING FROM, OUT OF OR IN CONNECTION WITH THE SOFTWARE OR THE USE OR OTHER DEALINGS IN THE SOFTWARE.

Dont forget to tip your server!
Bitcoin Cash (BCH)			qpz32c4lg7x7lnk9jg6qg7s4uavdce89myax5v5nuk
Ether (ETH)			0x843d3DEC2A4705BD4f45F674F641cE2D0022c9FB
Litecoin (LTC)			Lfk5y4F7KZa9oRxpazETwjQnHszEPvqPvu
Bitcoin (BTC)			14Dm7L3ABPtumPDcj3REAvs4L6w9YFRnHK
