##################################
##################################
##################################
Most Shorted Shares since [2019-10-22]
##################################
##################################
##################################

           Name of Share Issuer  Position Holder
0     Flutter Entertainment plc                6
1         WOOD GROUP (JOHN) PLC                6
2        BABCOCK INTL GROUP PLC                5
3                 A.G. Barr PLC                4
4         AUTO TRADER GROUP PLC                4
5                KINGFISHER PLC                4
6                Kier Group plc                4
7           SIRIUS MINERALS PLC                4
8          BLUE PRISM GROUP PLC                3
9                    CAPITA PLC                3
10              CINEWORLD GROUP                3
11          DIXONS CARPHONE PLC                3
12                  EASYJET PLC                3
13  JUPITER FUND MANAGEMENT PLC                3
14               NMC HEALTH PLC                3
15                  PEARSON PLC                3
16                  PLUS500 LTD                3
17                 SPECTRIS PLC                3

          Name of Share Issuer  Net Short Position (%)
0    Flutter Entertainment plc                    5.73
1        WOOD GROUP (JOHN) PLC                    5.31
2       BABCOCK INTL GROUP PLC                    5.25
3               KINGFISHER PLC                    4.88
4                  EASYJET PLC                    4.45
5           HALFORDS GROUP PLC                    4.45
6          SIRIUS MINERALS PLC                    4.43
7               Kier Group plc                    4.28
8   CREST NICHOLSON HLDGS  PLC                    4.23
9               NMC HEALTH PLC                    3.94
10                  CAPITA PLC                    3.90
11                 PLUS500 LTD                    3.78
12               A.G. Barr PLC                    3.68
13         GREENCORE GROUP PLC                    3.58
14     LANCASHIRE HOLDINGS LTD                    3.19
15        BLUE PRISM GROUP PLC                    3.05
16             CINEWORLD GROUP                    2.85
17                      AA PLC                    2.84
18       AUTO TRADER GROUP PLC                    2.82
19           PETROPAVLOVSK PLC                    2.72

#########[+]SUMMARY MOST OVERALL SHORTED[+]######################
#########[+]SUMMARY MOST OVERALL SHORTED[+]######################
#########[+]SUMMARY MOST OVERALL SHORTED[+]######################

[+]	CINEWORLD GROUP
[+]	BLUE PRISM GROUP PLC
[+]	A.G. Barr PLC
[+]	PLUS500 LTD
[+]	Kier Group plc
[+]	NMC HEALTH PLC
[+]	WOOD GROUP (JOHN) PLC
[+]	AUTO TRADER GROUP PLC
[+]	EASYJET PLC
[+]	BABCOCK INTL GROUP PLC
[+]	Flutter Entertainment plc
[+]	CAPITA PLC
[+]	SIRIUS MINERALS PLC
[+]	KINGFISHER PLC


THE SOFTWARE IS PROVIDED 'AS IS', WITHOUT WARRANTY OF ANY KIND, EXPRESS OR IMPLIED, INCLUDING BUT NOT LIMITED TO THE WARRANTIES OF MERCHANTABILITY, FITNESS FOR A PARTICULAR PURPOSE, TITLE AND NON-INFRINGEMENT. IN NO EVENT SHALL THE COPYRIGHT HOLDERS OR ANYONE DISTRIBUTING THE SOFTWARE BE LIABLE FOR ANY DAMAGES OR OTHER LIABILITY, WHETHER IN CONTRACT, TORT OR OTHERWISE, ARISING FROM, OUT OF OR IN CONNECTION WITH THE SOFTWARE OR THE USE OR OTHER DEALINGS IN THE SOFTWARE.

Dont forget to tip your server!
Bitcoin Cash (BCH)			qpz32c4lg7x7lnk9jg6qg7s4uavdce89myax5v5nuk
Ether (ETH)			0x843d3DEC2A4705BD4f45F674F641cE2D0022c9FB
Litecoin (LTC)			Lfk5y4F7KZa9oRxpazETwjQnHszEPvqPvu
Bitcoin (BTC)			14Dm7L3ABPtumPDcj3REAvs4L6w9YFRnHK
