##################################
##################################
##################################
Most Shorted Shares since [2019-06-11]
##################################
##################################
##################################

            Name of Share Issuer  Position Holder
0                 Kier Group plc                6
1                    EASYJET PLC                5
2   SMITH (DAVID S) HOLDINGS PLC                5
3                       ASOS PLC                4
4               CAIRN ENERGY PLC                4
5    JUPITER FUND MANAGEMENT PLC                4
6              MAJESTIC WINE PLC                4
7      MARKS & SPENCER GROUP PLC                4
8                   PETROFAC LTD                4
9               SEVERN TRENT PLC                4
10         THOMAS COOK GROUP PLC                4
11         WOOD GROUP (JOHN) PLC                4
12                        AA PLC                3
13         AUTO TRADER GROUP PLC                3
14                    CAPITA PLC                3
15                   PLUS500 LTD                3
16               PREMIER OIL PLC                3
17                   VICTREX PLC                3

            Name of Share Issuer  Net Short Position (%)
0                 Kier Group plc                    9.79
1          WOOD GROUP (JOHN) PLC                    5.69
2          THOMAS COOK GROUP PLC                    5.38
3      MARKS & SPENCER GROUP PLC                    4.84
4                   PETROFAC LTD                    4.17
5                        SIG PLC                    4.11
6              MAJESTIC WINE PLC                    4.02
7                 NMC HEALTH PLC                    3.93
8                    EASYJET PLC                    3.92
9                PREMIER OIL PLC                    3.86
10               Ensco Rowan plc                    3.67
11           GREENCORE GROUP PLC                    3.55
12            ANGLO AMERICAN PLC                    3.53
13           SIRIUS MINERALS PLC                    3.32
14  SMITH (DAVID S) HOLDINGS PLC                    3.18
15        PETS AT HOME GROUP PLC                    3.13
16                      ASOS PLC                    3.01
17                 Marston's plc                    2.99
18              SEVERN TRENT PLC                    2.94
19   JUPITER FUND MANAGEMENT PLC                    2.80

#########[+]SUMMARY MOST OVERALL SHORTED[+]######################
#########[+]SUMMARY MOST OVERALL SHORTED[+]######################
#########[+]SUMMARY MOST OVERALL SHORTED[+]######################

[+]	PETROFAC LTD
[+]	EASYJET PLC
[+]	SMITH (DAVID S) HOLDINGS PLC
[+]	Kier Group plc
[+]	SEVERN TRENT PLC
[+]	WOOD GROUP (JOHN) PLC
[+]	MARKS & SPENCER GROUP PLC
[+]	PREMIER OIL PLC
[+]	MAJESTIC WINE PLC
[+]	JUPITER FUND MANAGEMENT PLC
[+]	ASOS PLC
[+]	THOMAS COOK GROUP PLC


THE SOFTWARE IS PROVIDED 'AS IS', WITHOUT WARRANTY OF ANY KIND, EXPRESS OR IMPLIED, INCLUDING BUT NOT LIMITED TO THE WARRANTIES OF MERCHANTABILITY, FITNESS FOR A PARTICULAR PURPOSE, TITLE AND NON-INFRINGEMENT. IN NO EVENT SHALL THE COPYRIGHT HOLDERS OR ANYONE DISTRIBUTING THE SOFTWARE BE LIABLE FOR ANY DAMAGES OR OTHER LIABILITY, WHETHER IN CONTRACT, TORT OR OTHERWISE, ARISING FROM, OUT OF OR IN CONNECTION WITH THE SOFTWARE OR THE USE OR OTHER DEALINGS IN THE SOFTWARE.

Dont forget to tip your server!
Bitcoin Cash (BCH)			qpz32c4lg7x7lnk9jg6qg7s4uavdce89myax5v5nuk
Ether (ETH)			0x843d3DEC2A4705BD4f45F674F641cE2D0022c9FB
Litecoin (LTC)			Lfk5y4F7KZa9oRxpazETwjQnHszEPvqPvu
Bitcoin (BTC)			14Dm7L3ABPtumPDcj3REAvs4L6w9YFRnHK
