##################################
##################################
##################################
Most Shorted Shares since [2019-07-05]
##################################
##################################
##################################

           Name of Share Issuer  Position Holder
0                Kier Group plc                5
1              SEVERN TRENT PLC                5
2         WOOD GROUP (JOHN) PLC                5
3                   EASYJET PLC                4
4   JUPITER FUND MANAGEMENT PLC                4
5                  JUST EAT PLC                4
6     MARKS & SPENCER GROUP PLC                4
7             NEWRIVER REIT PLC                4
8                   PLUS500 LTD                4
9         THOMAS COOK GROUP PLC                4
10                WHITBREAD PLC                4
11        AUTO TRADER GROUP PLC                3
12       Arrow Global Group plc                3
13       BABCOCK INTL GROUP PLC                3
14                   CAPITA PLC                3
15              CINEWORLD GROUP                3
16                  DIGNITY PLC                3
17          GREENCORE GROUP PLC                3
18                HAMMERSON PLC                3
19               KINGFISHER PLC                3

           Name of Share Issuer  Net Short Position (%)
0                Kier Group plc                   10.91
1         THOMAS COOK GROUP PLC                    6.96
2           GREENCORE GROUP PLC                    6.87
3         WOOD GROUP (JOHN) PLC                    6.16
4                   PLUS500 LTD                    5.57
5                       SIG PLC                    5.35
6                   PEARSON PLC                    4.41
7            ANGLO AMERICAN PLC                    4.06
8                  JUST EAT PLC                    3.64
9              SEVERN TRENT PLC                    3.63
10  JUPITER FUND MANAGEMENT PLC                    3.59
11    MARKS & SPENCER GROUP PLC                    3.49
12                  EASYJET PLC                    3.49
13               KINGFISHER PLC                    3.41
14              PREMIER OIL PLC                    3.23
15               METRO BANK PLC                    3.10
16       BABCOCK INTL GROUP PLC                    3.09
17            NEWRIVER REIT PLC                    2.97
18                  DIGNITY PLC                    2.81
19           Go-Ahead Group PLC                    2.78

#########[+]SUMMARY MOST OVERALL SHORTED[+]######################
#########[+]SUMMARY MOST OVERALL SHORTED[+]######################
#########[+]SUMMARY MOST OVERALL SHORTED[+]######################

[+]	Kier Group plc
[+]	JUST EAT PLC
[+]	NEWRIVER REIT PLC
[+]	BABCOCK INTL GROUP PLC
[+]	MARKS & SPENCER GROUP PLC
[+]	KINGFISHER PLC
[+]	EASYJET PLC
[+]	THOMAS COOK GROUP PLC
[+]	GREENCORE GROUP PLC
[+]	JUPITER FUND MANAGEMENT PLC
[+]	PLUS500 LTD
[+]	WOOD GROUP (JOHN) PLC
[+]	DIGNITY PLC
[+]	SEVERN TRENT PLC


THE SOFTWARE IS PROVIDED 'AS IS', WITHOUT WARRANTY OF ANY KIND, EXPRESS OR IMPLIED, INCLUDING BUT NOT LIMITED TO THE WARRANTIES OF MERCHANTABILITY, FITNESS FOR A PARTICULAR PURPOSE, TITLE AND NON-INFRINGEMENT. IN NO EVENT SHALL THE COPYRIGHT HOLDERS OR ANYONE DISTRIBUTING THE SOFTWARE BE LIABLE FOR ANY DAMAGES OR OTHER LIABILITY, WHETHER IN CONTRACT, TORT OR OTHERWISE, ARISING FROM, OUT OF OR IN CONNECTION WITH THE SOFTWARE OR THE USE OR OTHER DEALINGS IN THE SOFTWARE.

Dont forget to tip your server!
Bitcoin Cash (BCH)			qpz32c4lg7x7lnk9jg6qg7s4uavdce89myax5v5nuk
Ether (ETH)			0x843d3DEC2A4705BD4f45F674F641cE2D0022c9FB
Litecoin (LTC)			Lfk5y4F7KZa9oRxpazETwjQnHszEPvqPvu
Bitcoin (BTC)			14Dm7L3ABPtumPDcj3REAvs4L6w9YFRnHK
