##################################
##################################
##################################
Most Shorted Shares since [2019-09-19]
##################################
##################################
##################################

           Name of Share Issuer  Position Holder
0                   PEARSON PLC                7
1         WOOD GROUP (JOHN) PLC                7
2               CINEWORLD GROUP                6
3   JUPITER FUND MANAGEMENT PLC                6
4        BABCOCK INTL GROUP PLC                5
5            WEIR GROUP PLC/THE                5
6                 A.G. Barr PLC                4
7      DOMINO'S PIZZA GROUP PLC                4
8     Flutter Entertainment plc                4
9                KINGFISHER PLC                4
10               METRO BANK PLC                4
11                  PLUS500 LTD                4
12               Royal Mail Plc                4
13         ST JAMES'S PLACE PLC                4
14        AUTO TRADER GROUP PLC                3
15                     CYBG PLC                3
16                HAMMERSON PLC                3
17                  Hunting PLC                3
18          JOHNSON MATTHEY PLC                3
19         KEYWORDS STUDIOS PLC                3

           Name of Share Issuer  Net Short Position (%)
0                METRO BANK PLC                    8.95
1         WOOD GROUP (JOHN) PLC                    6.80
2   JUPITER FUND MANAGEMENT PLC                    5.86
3                   PEARSON PLC                    5.71
4                       SIG PLC                    5.28
5               CINEWORLD GROUP                    5.17
6            WEIR GROUP PLC/THE                    4.98
7         THOMAS COOK GROUP PLC                    4.80
8        BABCOCK INTL GROUP PLC                    4.67
9       LANCASHIRE HOLDINGS LTD                    4.65
10               Royal Mail Plc                    4.64
11               KINGFISHER PLC                    4.31
12               NMC HEALTH PLC                    4.20
13                A.G. Barr PLC                    4.04
14                  PLUS500 LTD                    3.79
15          SIRIUS MINERALS PLC                    3.52
16              PREMIER OIL PLC                    3.32
17                  EASYJET PLC                    3.18
18    Flutter Entertainment plc                    3.05
19                HAMMERSON PLC                    3.01

#########[+]SUMMARY MOST OVERALL SHORTED[+]######################
#########[+]SUMMARY MOST OVERALL SHORTED[+]######################
#########[+]SUMMARY MOST OVERALL SHORTED[+]######################

[+]	JUPITER FUND MANAGEMENT PLC
[+]	CINEWORLD GROUP
[+]	KINGFISHER PLC
[+]	A.G. Barr PLC
[+]	WOOD GROUP (JOHN) PLC
[+]	HAMMERSON PLC
[+]	Flutter Entertainment plc
[+]	WEIR GROUP PLC/THE
[+]	PEARSON PLC
[+]	PLUS500 LTD
[+]	Royal Mail Plc
[+]	METRO BANK PLC
[+]	BABCOCK INTL GROUP PLC


THE SOFTWARE IS PROVIDED 'AS IS', WITHOUT WARRANTY OF ANY KIND, EXPRESS OR IMPLIED, INCLUDING BUT NOT LIMITED TO THE WARRANTIES OF MERCHANTABILITY, FITNESS FOR A PARTICULAR PURPOSE, TITLE AND NON-INFRINGEMENT. IN NO EVENT SHALL THE COPYRIGHT HOLDERS OR ANYONE DISTRIBUTING THE SOFTWARE BE LIABLE FOR ANY DAMAGES OR OTHER LIABILITY, WHETHER IN CONTRACT, TORT OR OTHERWISE, ARISING FROM, OUT OF OR IN CONNECTION WITH THE SOFTWARE OR THE USE OR OTHER DEALINGS IN THE SOFTWARE.

Dont forget to tip your server!
Bitcoin Cash (BCH)			qpz32c4lg7x7lnk9jg6qg7s4uavdce89myax5v5nuk
Ether (ETH)			0x843d3DEC2A4705BD4f45F674F641cE2D0022c9FB
Litecoin (LTC)			Lfk5y4F7KZa9oRxpazETwjQnHszEPvqPvu
Bitcoin (BTC)			14Dm7L3ABPtumPDcj3REAvs4L6w9YFRnHK
