##################################
##################################
##################################
Most Shorted Shares since [2019-09-26]
##################################
##################################
##################################

           Name of Share Issuer  Position Holder
0         WOOD GROUP (JOHN) PLC                8
1   JUPITER FUND MANAGEMENT PLC                7
2                   PEARSON PLC                7
3        BABCOCK INTL GROUP PLC                6
4               CINEWORLD GROUP                6
5     Flutter Entertainment plc                6
6            WEIR GROUP PLC/THE                6
7                 A.G. Barr PLC                5
8         AUTO TRADER GROUP PLC                5
9                Royal Mail Plc                5
10     DOMINO'S PIZZA GROUP PLC                4
11         KEYWORDS STUDIOS PLC                4
12               METRO BANK PLC                4
13                  BEAZLEY PLC                3
14          BRITISH LAND CO PLC                3
15                     CYBG PLC                3
16             DUNELM GROUP PLC                3
17                  Hunting PLC                3
18          JOHNSON MATTHEY PLC                3
19               KINGFISHER PLC                3

           Name of Share Issuer  Net Short Position (%)
0                METRO BANK PLC                    9.01
1         WOOD GROUP (JOHN) PLC                    7.46
2   JUPITER FUND MANAGEMENT PLC                    6.17
3                   PEARSON PLC                    6.04
4        BABCOCK INTL GROUP PLC                    6.03
5               CINEWORLD GROUP                    6.01
6                       SIG PLC                    5.90
7                Royal Mail Plc                    5.88
8            WEIR GROUP PLC/THE                    5.88
9                NMC HEALTH PLC                    4.70
10                A.G. Barr PLC                    4.55
11    Flutter Entertainment plc                    4.21
12              MITIE GROUP PLC                    4.00
13               KINGFISHER PLC                    3.85
14        AUTO TRADER GROUP PLC                    3.83
15               Kier Group plc                    3.67
16          SIRIUS MINERALS PLC                    3.35
17             DUNELM GROUP PLC                    3.24
18                  PLUS500 LTD                    3.09
19     DOMINO'S PIZZA GROUP PLC                    3.02

#########[+]SUMMARY MOST OVERALL SHORTED[+]######################
#########[+]SUMMARY MOST OVERALL SHORTED[+]######################
#########[+]SUMMARY MOST OVERALL SHORTED[+]######################

[+]	DOMINO'S PIZZA GROUP PLC
[+]	METRO BANK PLC
[+]	BABCOCK INTL GROUP PLC
[+]	Flutter Entertainment plc
[+]	A.G. Barr PLC
[+]	WOOD GROUP (JOHN) PLC
[+]	CINEWORLD GROUP
[+]	Royal Mail Plc
[+]	AUTO TRADER GROUP PLC
[+]	JUPITER FUND MANAGEMENT PLC
[+]	KINGFISHER PLC
[+]	WEIR GROUP PLC/THE
[+]	DUNELM GROUP PLC
[+]	PEARSON PLC


THE SOFTWARE IS PROVIDED 'AS IS', WITHOUT WARRANTY OF ANY KIND, EXPRESS OR IMPLIED, INCLUDING BUT NOT LIMITED TO THE WARRANTIES OF MERCHANTABILITY, FITNESS FOR A PARTICULAR PURPOSE, TITLE AND NON-INFRINGEMENT. IN NO EVENT SHALL THE COPYRIGHT HOLDERS OR ANYONE DISTRIBUTING THE SOFTWARE BE LIABLE FOR ANY DAMAGES OR OTHER LIABILITY, WHETHER IN CONTRACT, TORT OR OTHERWISE, ARISING FROM, OUT OF OR IN CONNECTION WITH THE SOFTWARE OR THE USE OR OTHER DEALINGS IN THE SOFTWARE.

Dont forget to tip your server!
Bitcoin Cash (BCH)			qpz32c4lg7x7lnk9jg6qg7s4uavdce89myax5v5nuk
Ether (ETH)			0x843d3DEC2A4705BD4f45F674F641cE2D0022c9FB
Litecoin (LTC)			Lfk5y4F7KZa9oRxpazETwjQnHszEPvqPvu
Bitcoin (BTC)			14Dm7L3ABPtumPDcj3REAvs4L6w9YFRnHK
