##################################
##################################
##################################
Most Shorted Shares since [2019-09-16]
##################################
##################################
##################################

           Name of Share Issuer  Position Holder
0            WEIR GROUP PLC/THE                7
1         WOOD GROUP (JOHN) PLC                7
2                   PEARSON PLC                6
3                KINGFISHER PLC                5
4                 A.G. Barr PLC                4
5                      ASOS PLC                4
6               CINEWORLD GROUP                4
7   JUPITER FUND MANAGEMENT PLC                4
8                METRO BANK PLC                4
9               PREMIER OIL PLC                4
10   SMART METERING SYSTEMS PLC                4
11                       AA PLC                3
12        AUTO TRADER GROUP PLC                3
13       BABCOCK INTL GROUP PLC                3
14                HAMMERSON PLC                3
15         KEYWORDS STUDIOS PLC                3
16    MARKS & SPENCER GROUP PLC                3
17                  PLUS500 LTD                3
18               Royal Mail Plc                3
19          SIRIUS MINERALS PLC                3

                           Name of Share Issuer  Net Short Position (%)
0                                METRO BANK PLC                    7.85
1                         WOOD GROUP (JOHN) PLC                    7.19
2                            WEIR GROUP PLC/THE                    6.48
3                                   PEARSON PLC                    5.33
4                                KINGFISHER PLC                    5.17
5                         THOMAS COOK GROUP PLC                    4.80
6                       LANCASHIRE HOLDINGS LTD                    4.65
7                               PREMIER OIL PLC                    4.57
8                                NMC HEALTH PLC                    4.19
9                                      ASOS PLC                    4.16
10                                A.G. Barr PLC                    4.11
11                              CINEWORLD GROUP                    3.61
12                                       AA PLC                    3.60
13                          SIRIUS MINERALS PLC                    3.53
14                  JUPITER FUND MANAGEMENT PLC                    3.40
15                                  EASYJET PLC                    3.32
16  Invesco Currency Shares Euro Currency Trust                    3.14
17                               Royal Mail Plc                    3.11
18                                HAMMERSON PLC                    2.92
19                                  PORVAIR PLC                    2.89

#########[+]SUMMARY MOST OVERALL SHORTED[+]######################
#########[+]SUMMARY MOST OVERALL SHORTED[+]######################
#########[+]SUMMARY MOST OVERALL SHORTED[+]######################

[+]	WOOD GROUP (JOHN) PLC
[+]	ASOS PLC
[+]	A.G. Barr PLC
[+]	WEIR GROUP PLC/THE
[+]	PEARSON PLC
[+]	PREMIER OIL PLC
[+]	JUPITER FUND MANAGEMENT PLC
[+]	HAMMERSON PLC
[+]	KINGFISHER PLC
[+]	AA PLC
[+]	METRO BANK PLC
[+]	Royal Mail Plc
[+]	CINEWORLD GROUP
[+]	SIRIUS MINERALS PLC


THE SOFTWARE IS PROVIDED 'AS IS', WITHOUT WARRANTY OF ANY KIND, EXPRESS OR IMPLIED, INCLUDING BUT NOT LIMITED TO THE WARRANTIES OF MERCHANTABILITY, FITNESS FOR A PARTICULAR PURPOSE, TITLE AND NON-INFRINGEMENT. IN NO EVENT SHALL THE COPYRIGHT HOLDERS OR ANYONE DISTRIBUTING THE SOFTWARE BE LIABLE FOR ANY DAMAGES OR OTHER LIABILITY, WHETHER IN CONTRACT, TORT OR OTHERWISE, ARISING FROM, OUT OF OR IN CONNECTION WITH THE SOFTWARE OR THE USE OR OTHER DEALINGS IN THE SOFTWARE.

Dont forget to tip your server!
Bitcoin Cash (BCH)			qpz32c4lg7x7lnk9jg6qg7s4uavdce89myax5v5nuk
Ether (ETH)			0x843d3DEC2A4705BD4f45F674F641cE2D0022c9FB
Litecoin (LTC)			Lfk5y4F7KZa9oRxpazETwjQnHszEPvqPvu
Bitcoin (BTC)			14Dm7L3ABPtumPDcj3REAvs4L6w9YFRnHK
