##################################
##################################
##################################
Most Shorted Shares since [2019-12-03]
##################################
##################################
##################################

                        Name of Share Issuer  Position Holder
0   Aston Martin Lagonda Global Holdings Plc                5
1                            CINEWORLD GROUP                5
2                                VICTREX PLC                5
3                                 CAPITA PLC                4
4                  Flutter Entertainment plc                4
5                              HAMMERSON PLC                4
6                             KINGFISHER PLC                4
7                             NMC HEALTH PLC                4
8                                PEARSON PLC                4
9                               PETROFAC LTD                4
10                            Royal Mail Plc                4
11                        WEIR GROUP PLC/THE                4
12                     WOOD GROUP (JOHN) PLC                4
13                                    AA PLC                3
14                     AUTO TRADER GROUP PLC                3
15                    BABCOCK INTL GROUP PLC                3
16                  DOMINO'S PIZZA GROUP PLC                3
17                          DUNELM GROUP PLC                3
18                               EASYJET PLC                3
19                       JOHNSON MATTHEY PLC                3

                        Name of Share Issuer  Net Short Position (%)
0                            CINEWORLD GROUP                    8.72
1                                    SIG PLC                    6.69
2                             Royal Mail Plc                    5.24
3                      WOOD GROUP (JOHN) PLC                    4.87
4                                VICTREX PLC                    4.71
5                             NMC HEALTH PLC                    4.62
6                               PETROFAC LTD                    4.60
7                                PEARSON PLC                    4.52
8                             KINGFISHER PLC                    4.39
9                        GREENCORE GROUP PLC                    4.28
10                           MITIE GROUP PLC                    4.21
11  Aston Martin Lagonda Global Holdings Plc                    4.17
12                        WEIR GROUP PLC/THE                    4.10
13                               EASYJET PLC                    4.09
14                             HAMMERSON PLC                    4.08
15                                    AA PLC                    4.00
16                                CAPITA PLC                    3.99
17                 Flutter Entertainment plc                    3.71
18                            METRO BANK PLC                    3.71
19                    BABCOCK INTL GROUP PLC                    3.43

#########[+]SUMMARY MOST OVERALL SHORTED[+]######################
#########[+]SUMMARY MOST OVERALL SHORTED[+]######################
#########[+]SUMMARY MOST OVERALL SHORTED[+]######################

[+]	BABCOCK INTL GROUP PLC
[+]	WOOD GROUP (JOHN) PLC
[+]	Royal Mail Plc
[+]	KINGFISHER PLC
[+]	EASYJET PLC
[+]	CINEWORLD GROUP
[+]	Flutter Entertainment plc
[+]	PEARSON PLC
[+]	HAMMERSON PLC
[+]	AA PLC
[+]	PETROFAC LTD
[+]	WEIR GROUP PLC/THE
[+]	CAPITA PLC
[+]	Aston Martin Lagonda Global Holdings Plc
[+]	VICTREX PLC
[+]	NMC HEALTH PLC


THE SOFTWARE IS PROVIDED 'AS IS', WITHOUT WARRANTY OF ANY KIND, EXPRESS OR IMPLIED, INCLUDING BUT NOT LIMITED TO THE WARRANTIES OF MERCHANTABILITY, FITNESS FOR A PARTICULAR PURPOSE, TITLE AND NON-INFRINGEMENT. IN NO EVENT SHALL THE COPYRIGHT HOLDERS OR ANYONE DISTRIBUTING THE SOFTWARE BE LIABLE FOR ANY DAMAGES OR OTHER LIABILITY, WHETHER IN CONTRACT, TORT OR OTHERWISE, ARISING FROM, OUT OF OR IN CONNECTION WITH THE SOFTWARE OR THE USE OR OTHER DEALINGS IN THE SOFTWARE.

Dont forget to tip your server!
Bitcoin Cash (BCH)			qpz32c4lg7x7lnk9jg6qg7s4uavdce89myax5v5nuk
Ether (ETH)			0x843d3DEC2A4705BD4f45F674F641cE2D0022c9FB
Litecoin (LTC)			Lfk5y4F7KZa9oRxpazETwjQnHszEPvqPvu
Bitcoin (BTC)			14Dm7L3ABPtumPDcj3REAvs4L6w9YFRnHK
