##################################
##################################
##################################
Most Shorted Shares since [2019-09-10]
##################################
##################################
##################################

        Name of Share Issuer  Position Holder
0      WOOD GROUP (JOHN) PLC                8
1                PEARSON PLC                6
2                     AA PLC                5
3             KINGFISHER PLC                5
4         WEIR GROUP PLC/THE                5
5              A.G. Barr PLC                4
6                   ASOS PLC                4
7      AUTO TRADER GROUP PLC                4
8     BABCOCK INTL GROUP PLC                4
9            CINEWORLD GROUP                4
10             HAMMERSON PLC                4
11      KEYWORDS STUDIOS PLC                4
12            METRO BANK PLC                4
13           PREMIER OIL PLC                4
14       SIRIUS MINERALS PLC                4
15      ST JAMES'S PLACE PLC                4
16  WM MORRISON SUPERMARKETS                4
17          AO WORLD PLC ORD                3
18    Arrow Global Group plc                3
19            Kier Group plc                3

        Name of Share Issuer  Net Short Position (%)
0      WOOD GROUP (JOHN) PLC                    8.03
1             METRO BANK PLC                    7.82
2             Kier Group plc                    6.22
3                PEARSON PLC                    5.59
4                     AA PLC                    5.57
5             KINGFISHER PLC                    4.99
6      THOMAS COOK GROUP PLC                    4.80
7    LANCASHIRE HOLDINGS LTD                    4.65
8            PREMIER OIL PLC                    4.57
9         WEIR GROUP PLC/THE                    4.52
10            NMC HEALTH PLC                    4.29
11             A.G. Barr PLC                    4.27
12       SIRIUS MINERALS PLC                    4.22
13                  ASOS PLC                    4.16
14      KEYWORDS STUDIOS PLC                    3.74
15             HAMMERSON PLC                    3.62
16  WM MORRISON SUPERMARKETS                    3.61
17     AUTO TRADER GROUP PLC                    3.57
18           CINEWORLD GROUP                    3.43
19    BABCOCK INTL GROUP PLC                    3.32

#########[+]SUMMARY MOST OVERALL SHORTED[+]######################
#########[+]SUMMARY MOST OVERALL SHORTED[+]######################
#########[+]SUMMARY MOST OVERALL SHORTED[+]######################

[+]	METRO BANK PLC
[+]	PREMIER OIL PLC
[+]	AA PLC
[+]	AUTO TRADER GROUP PLC
[+]	ASOS PLC
[+]	HAMMERSON PLC
[+]	WEIR GROUP PLC/THE
[+]	Kier Group plc
[+]	PEARSON PLC
[+]	WOOD GROUP (JOHN) PLC
[+]	A.G. Barr PLC
[+]	WM MORRISON SUPERMARKETS
[+]	CINEWORLD GROUP
[+]	BABCOCK INTL GROUP PLC
[+]	KEYWORDS STUDIOS PLC
[+]	KINGFISHER PLC
[+]	SIRIUS MINERALS PLC


THE SOFTWARE IS PROVIDED 'AS IS', WITHOUT WARRANTY OF ANY KIND, EXPRESS OR IMPLIED, INCLUDING BUT NOT LIMITED TO THE WARRANTIES OF MERCHANTABILITY, FITNESS FOR A PARTICULAR PURPOSE, TITLE AND NON-INFRINGEMENT. IN NO EVENT SHALL THE COPYRIGHT HOLDERS OR ANYONE DISTRIBUTING THE SOFTWARE BE LIABLE FOR ANY DAMAGES OR OTHER LIABILITY, WHETHER IN CONTRACT, TORT OR OTHERWISE, ARISING FROM, OUT OF OR IN CONNECTION WITH THE SOFTWARE OR THE USE OR OTHER DEALINGS IN THE SOFTWARE.

Dont forget to tip your server!
Bitcoin Cash (BCH)			qpz32c4lg7x7lnk9jg6qg7s4uavdce89myax5v5nuk
Ether (ETH)			0x843d3DEC2A4705BD4f45F674F641cE2D0022c9FB
Litecoin (LTC)			Lfk5y4F7KZa9oRxpazETwjQnHszEPvqPvu
Bitcoin (BTC)			14Dm7L3ABPtumPDcj3REAvs4L6w9YFRnHK
