##################################
##################################
##################################
Most Shorted Shares since [2019-07-30]
##################################
##################################
##################################

           Name of Share Issuer  Position Holder
0            WEIR GROUP PLC/THE                6
1                      ASOS PLC                5
2        Arrow Global Group plc                5
3                Kier Group plc                5
4                  PETROFAC LTD                5
5              SEVERN TRENT PLC                5
6           SIRIUS MINERALS PLC                5
7                   BEAZLEY PLC                4
8                 HAMMERSON PLC                4
9   JUPITER FUND MANAGEMENT PLC                4
10               KINGFISHER PLC                4
11               METRO BANK PLC                4
12               NMC HEALTH PLC                4
13              PREMIER OIL PLC                4
14        THOMAS COOK GROUP PLC                4
15        WOOD GROUP (JOHN) PLC                4
16       BABCOCK INTL GROUP PLC                3
17                   CAPITA PLC                3
18              CINEWORLD GROUP                3
19          DIXONS CARPHONE PLC                3

           Name of Share Issuer  Net Short Position (%)
0                Kier Group plc                   11.30
1         THOMAS COOK GROUP PLC                    7.86
2                METRO BANK PLC                    7.10
3           GREENCORE GROUP PLC                    6.51
4           SIRIUS MINERALS PLC                    5.81
5                  PETROFAC LTD                    5.71
6               PREMIER OIL PLC                    5.38
7                NMC HEALTH PLC                    5.27
8        Arrow Global Group plc                    5.05
9                       SIG PLC                    5.03
10                     ASOS PLC                    4.99
11               KINGFISHER PLC                    4.35
12           WEIR GROUP PLC/THE                    4.27
13             SEVERN TRENT PLC                    3.92
14       BABCOCK INTL GROUP PLC                    3.88
15                Marston's plc                    3.73
16                  PLUS500 LTD                    3.66
17          INTU PROPERTIES PLC                    3.61
18  JUPITER FUND MANAGEMENT PLC                    3.47
19              CINEWORLD GROUP                    3.41

#########[+]SUMMARY MOST OVERALL SHORTED[+]######################
#########[+]SUMMARY MOST OVERALL SHORTED[+]######################
#########[+]SUMMARY MOST OVERALL SHORTED[+]######################

[+]	METRO BANK PLC
[+]	ASOS PLC
[+]	CINEWORLD GROUP
[+]	Kier Group plc
[+]	PREMIER OIL PLC
[+]	WEIR GROUP PLC/THE
[+]	Arrow Global Group plc
[+]	NMC HEALTH PLC
[+]	SEVERN TRENT PLC
[+]	KINGFISHER PLC
[+]	BABCOCK INTL GROUP PLC
[+]	JUPITER FUND MANAGEMENT PLC
[+]	PETROFAC LTD
[+]	SIRIUS MINERALS PLC
[+]	THOMAS COOK GROUP PLC


THE SOFTWARE IS PROVIDED 'AS IS', WITHOUT WARRANTY OF ANY KIND, EXPRESS OR IMPLIED, INCLUDING BUT NOT LIMITED TO THE WARRANTIES OF MERCHANTABILITY, FITNESS FOR A PARTICULAR PURPOSE, TITLE AND NON-INFRINGEMENT. IN NO EVENT SHALL THE COPYRIGHT HOLDERS OR ANYONE DISTRIBUTING THE SOFTWARE BE LIABLE FOR ANY DAMAGES OR OTHER LIABILITY, WHETHER IN CONTRACT, TORT OR OTHERWISE, ARISING FROM, OUT OF OR IN CONNECTION WITH THE SOFTWARE OR THE USE OR OTHER DEALINGS IN THE SOFTWARE.

Dont forget to tip your server!
Bitcoin Cash (BCH)			qpz32c4lg7x7lnk9jg6qg7s4uavdce89myax5v5nuk
Ether (ETH)			0x843d3DEC2A4705BD4f45F674F641cE2D0022c9FB
Litecoin (LTC)			Lfk5y4F7KZa9oRxpazETwjQnHszEPvqPvu
Bitcoin (BTC)			14Dm7L3ABPtumPDcj3REAvs4L6w9YFRnHK
