##################################
##################################
##################################
Most Shorted Shares since [2019-11-07]
##################################
##################################
##################################

           Name of Share Issuer  Position Holder
0               CINEWORLD GROUP                7
1     Flutter Entertainment plc                6
2          KEYWORDS STUDIOS PLC                5
3                KINGFISHER PLC                5
4        BABCOCK INTL GROUP PLC                4
5            EQUINITI GROUP PLC                4
6                NMC HEALTH PLC                4
7                  SPECTRIS PLC                4
8         WOOD GROUP (JOHN) PLC                4
9           DIXONS CARPHONE PLC                3
10     DOMINO'S PIZZA GROUP PLC                3
11                  EASYJET PLC                3
12  JUPITER FUND MANAGEMENT PLC                3
13               Kier Group plc                3
14               METRO BANK PLC                3
15              OCADO GROUP PLC                3
16             SEVERN TRENT PLC                3
17           TRAVIS PERKINS PLC                3
18          Virgin Money UK PLC                3
19           WEIR GROUP PLC/THE                3

          Name of Share Issuer  Net Short Position (%)
0              CINEWORLD GROUP                    8.86
1               METRO BANK PLC                    7.91
2    Flutter Entertainment plc                    5.83
3               NMC HEALTH PLC                    4.99
4        WOOD GROUP (JOHN) PLC                    4.80
5         KEYWORDS STUDIOS PLC                    4.66
6               KINGFISHER PLC                    4.63
7                      IQE PLC                    4.43
8                  EASYJET PLC                    4.36
9   CREST NICHOLSON HLDGS  PLC                    4.03
10      BABCOCK INTL GROUP PLC                    3.98
11              Kier Group plc                    3.85
12          WEIR GROUP PLC/THE                    3.84
13          HALFORDS GROUP PLC                    3.59
14    DOMINO'S PIZZA GROUP PLC                    3.44
15                      AA PLC                    3.24
16         INTU PROPERTIES PLC                    3.19
17      PETS AT HOME GROUP PLC                    3.10
18          EQUINITI GROUP PLC                    3.07
19                 VALARIS PLC                    3.00

#########[+]SUMMARY MOST OVERALL SHORTED[+]######################
#########[+]SUMMARY MOST OVERALL SHORTED[+]######################
#########[+]SUMMARY MOST OVERALL SHORTED[+]######################

[+]	NMC HEALTH PLC
[+]	KINGFISHER PLC
[+]	Kier Group plc
[+]	WEIR GROUP PLC/THE
[+]	BABCOCK INTL GROUP PLC
[+]	EQUINITI GROUP PLC
[+]	EASYJET PLC
[+]	WOOD GROUP (JOHN) PLC
[+]	Flutter Entertainment plc
[+]	DOMINO'S PIZZA GROUP PLC
[+]	CINEWORLD GROUP
[+]	METRO BANK PLC
[+]	KEYWORDS STUDIOS PLC


THE SOFTWARE IS PROVIDED 'AS IS', WITHOUT WARRANTY OF ANY KIND, EXPRESS OR IMPLIED, INCLUDING BUT NOT LIMITED TO THE WARRANTIES OF MERCHANTABILITY, FITNESS FOR A PARTICULAR PURPOSE, TITLE AND NON-INFRINGEMENT. IN NO EVENT SHALL THE COPYRIGHT HOLDERS OR ANYONE DISTRIBUTING THE SOFTWARE BE LIABLE FOR ANY DAMAGES OR OTHER LIABILITY, WHETHER IN CONTRACT, TORT OR OTHERWISE, ARISING FROM, OUT OF OR IN CONNECTION WITH THE SOFTWARE OR THE USE OR OTHER DEALINGS IN THE SOFTWARE.

Dont forget to tip your server!
Bitcoin Cash (BCH)			qpz32c4lg7x7lnk9jg6qg7s4uavdce89myax5v5nuk
Ether (ETH)			0x843d3DEC2A4705BD4f45F674F641cE2D0022c9FB
Litecoin (LTC)			Lfk5y4F7KZa9oRxpazETwjQnHszEPvqPvu
Bitcoin (BTC)			14Dm7L3ABPtumPDcj3REAvs4L6w9YFRnHK
