##################################
##################################
##################################
Most Shorted Shares since [2019-06-06]
##################################
##################################
##################################

            Name of Share Issuer  Position Holder
0                 Kier Group plc                6
1          WOOD GROUP (JOHN) PLC                6
2                       ASOS PLC                5
3                    EASYJET PLC                5
4    JUPITER FUND MANAGEMENT PLC                5
5                   JUST EAT PLC                5
6               SEVERN TRENT PLC                5
7   SMITH (DAVID S) HOLDINGS PLC                5
8                         AA PLC                4
9               CAIRN ENERGY PLC                4
10    DAILY MAIL & GENERAL TRUST                4
11             MAJESTIC WINE PLC                4
12     MARKS & SPENCER GROUP PLC                4
13                  PETROFAC LTD                4
14                   PLUS500 LTD                4
15    TalkTalk Telecom Group PLC                4
16                   AGGREKO PLC                3
17         AUTO TRADER GROUP PLC                3
18        BABCOCK INTL GROUP PLC                3
19                    CAPITA PLC                3

           Name of Share Issuer  Net Short Position (%)
0                Kier Group plc                    9.67
1         WOOD GROUP (JOHN) PLC                    7.63
2       LANCASHIRE HOLDINGS LTD                    5.89
3     MARKS & SPENCER GROUP PLC                    4.84
4                  JUST EAT PLC                    4.61
5        BABCOCK INTL GROUP PLC                    4.36
6                       SIG PLC                    4.11
7                  PETROFAC LTD                    4.03
8             MAJESTIC WINE PLC                    3.94
9         THOMAS COOK GROUP PLC                    3.89
10  JUPITER FUND MANAGEMENT PLC                    3.86
11                  EASYJET PLC                    3.83
12               NMC HEALTH PLC                    3.82
13              Ensco Rowan plc                    3.67
14             SEVERN TRENT PLC                    3.60
15          GREENCORE GROUP PLC                    3.55
16                     ASOS PLC                    3.54
17           ANGLO AMERICAN PLC                    3.53
18                       AA PLC                    3.52
19          SIRIUS MINERALS PLC                    3.32

#########[+]SUMMARY MOST OVERALL SHORTED[+]######################
#########[+]SUMMARY MOST OVERALL SHORTED[+]######################
#########[+]SUMMARY MOST OVERALL SHORTED[+]######################

[+]	AA PLC
[+]	Kier Group plc
[+]	MAJESTIC WINE PLC
[+]	PETROFAC LTD
[+]	MARKS & SPENCER GROUP PLC
[+]	JUST EAT PLC
[+]	BABCOCK INTL GROUP PLC
[+]	WOOD GROUP (JOHN) PLC
[+]	EASYJET PLC
[+]	JUPITER FUND MANAGEMENT PLC
[+]	ASOS PLC
[+]	SEVERN TRENT PLC


THE SOFTWARE IS PROVIDED 'AS IS', WITHOUT WARRANTY OF ANY KIND, EXPRESS OR IMPLIED, INCLUDING BUT NOT LIMITED TO THE WARRANTIES OF MERCHANTABILITY, FITNESS FOR A PARTICULAR PURPOSE, TITLE AND NON-INFRINGEMENT. IN NO EVENT SHALL THE COPYRIGHT HOLDERS OR ANYONE DISTRIBUTING THE SOFTWARE BE LIABLE FOR ANY DAMAGES OR OTHER LIABILITY, WHETHER IN CONTRACT, TORT OR OTHERWISE, ARISING FROM, OUT OF OR IN CONNECTION WITH THE SOFTWARE OR THE USE OR OTHER DEALINGS IN THE SOFTWARE.

Dont forget to tip your server!
Bitcoin Cash (BCH)			qpz32c4lg7x7lnk9jg6qg7s4uavdce89myax5v5nuk
Ether (ETH)			0x843d3DEC2A4705BD4f45F674F641cE2D0022c9FB
Litecoin (LTC)			Lfk5y4F7KZa9oRxpazETwjQnHszEPvqPvu
Bitcoin (BTC)			14Dm7L3ABPtumPDcj3REAvs4L6w9YFRnHK
