##################################
##################################
##################################
Most Shorted Shares since [2019-04-30]
##################################
##################################
##################################

            Name of Share Issuer  Position Holder
0    JUPITER FUND MANAGEMENT PLC                6
1            SIRIUS MINERALS PLC                6
2          WOOD GROUP (JOHN) PLC                6
3                 METRO BANK PLC                5
4            BRITISH LAND CO PLC                4
5                     CAPITA PLC                4
6            GREENCORE GROUP PLC                4
7                   JUST EAT PLC                4
8      MARKS & SPENCER GROUP PLC                4
9                         AA PLC                3
10                      ASOS PLC                3
11              CAIRN ENERGY PLC                3
12      DOMINO'S PIZZA GROUP PLC                3
13                 HAMMERSON PLC                3
14                Kier Group plc                3
15                  PETROFAC LTD                3
16                   PLUS500 LTD                3
17               PREMIER OIL PLC                3
18             SAINSBURY (J) PLC                3
19  SMITH (DAVID S) HOLDINGS PLC                3

           Name of Share Issuer  Net Short Position (%)
0                METRO BANK PLC                    8.55
1                        AA PLC                    8.02
2         WOOD GROUP (JOHN) PLC                    6.45
3           SIRIUS MINERALS PLC                    5.40
4     MARKS & SPENCER GROUP PLC                    5.07
5   JUPITER FUND MANAGEMENT PLC                    4.88
6           GREENCORE GROUP PLC                    4.88
7                       IQE PLC                    4.80
8         THOMAS COOK GROUP PLC                    4.36
9                Kier Group plc                    4.04
10                     ASOS PLC                    4.01
11   CREST NICHOLSON HLDGS  PLC                    3.97
12                   CAPITA PLC                    3.86
13           ANGLO AMERICAN PLC                    3.68
14                 JUST EAT PLC                    3.49
15           Go-Ahead Group PLC                    3.25
16                  PLUS500 LTD                    3.24
17         RESTAURANT GROUP PLC                    3.07
18              PREMIER OIL PLC                    2.99
19              Ensco Rowan plc                    2.90

#########[+]SUMMARY MOST OVERALL SHORTED[+]######################
#########[+]SUMMARY MOST OVERALL SHORTED[+]######################
#########[+]SUMMARY MOST OVERALL SHORTED[+]######################

[+]	Kier Group plc
[+]	SIRIUS MINERALS PLC
[+]	PLUS500 LTD
[+]	PREMIER OIL PLC
[+]	METRO BANK PLC
[+]	MARKS & SPENCER GROUP PLC
[+]	WOOD GROUP (JOHN) PLC
[+]	GREENCORE GROUP PLC
[+]	JUST EAT PLC
[+]	AA PLC
[+]	JUPITER FUND MANAGEMENT PLC
[+]	ASOS PLC
[+]	CAPITA PLC


THE SOFTWARE IS PROVIDED 'AS IS', WITHOUT WARRANTY OF ANY KIND, EXPRESS OR IMPLIED, INCLUDING BUT NOT LIMITED TO THE WARRANTIES OF MERCHANTABILITY, FITNESS FOR A PARTICULAR PURPOSE, TITLE AND NON-INFRINGEMENT. IN NO EVENT SHALL THE COPYRIGHT HOLDERS OR ANYONE DISTRIBUTING THE SOFTWARE BE LIABLE FOR ANY DAMAGES OR OTHER LIABILITY, WHETHER IN CONTRACT, TORT OR OTHERWISE, ARISING FROM, OUT OF OR IN CONNECTION WITH THE SOFTWARE OR THE USE OR OTHER DEALINGS IN THE SOFTWARE.

Dont forget to tip your server!
Bitcoin Cash (BCH)			qpz32c4lg7x7lnk9jg6qg7s4uavdce89myax5v5nuk
Ether (ETH)			0x843d3DEC2A4705BD4f45F674F641cE2D0022c9FB
Litecoin (LTC)			Lfk5y4F7KZa9oRxpazETwjQnHszEPvqPvu
Bitcoin (BTC)			14Dm7L3ABPtumPDcj3REAvs4L6w9YFRnHK
