##################################
##################################
##################################
Most Shorted Shares since [2019-05-02]
##################################
##################################
##################################

            Name of Share Issuer  Position Holder
0    JUPITER FUND MANAGEMENT PLC                6
1                 METRO BANK PLC                5
2            SIRIUS MINERALS PLC                5
3          WOOD GROUP (JOHN) PLC                5
4            BRITISH LAND CO PLC                4
5                     CAPITA PLC                4
6            GREENCORE GROUP PLC                4
7      MARKS & SPENCER GROUP PLC                4
8          THOMAS COOK GROUP PLC                4
9                         AA PLC                3
10            ANGLO AMERICAN PLC                3
11        BABCOCK INTL GROUP PLC                3
12                 HAMMERSON PLC                3
13                  JUST EAT PLC                3
14                Kier Group plc                3
15                  PETROFAC LTD                3
16                   PLUS500 LTD                3
17               PREMIER OIL PLC                3
18                Royal Mail Plc                3
19  SMITH (DAVID S) HOLDINGS PLC                3

           Name of Share Issuer  Net Short Position (%)
0                METRO BANK PLC                    8.55
1                        AA PLC                    8.17
2         THOMAS COOK GROUP PLC                    6.88
3         WOOD GROUP (JOHN) PLC                    5.53
4           GREENCORE GROUP PLC                    5.50
5           SIRIUS MINERALS PLC                    5.17
6            ANGLO AMERICAN PLC                    5.08
7     MARKS & SPENCER GROUP PLC                    4.87
8   JUPITER FUND MANAGEMENT PLC                    4.81
9                       IQE PLC                    4.80
10   CREST NICHOLSON HLDGS  PLC                    4.59
11               Kier Group plc                    4.04
12                   CAPITA PLC                    3.86
13                  PLUS500 LTD                    3.35
14           Go-Ahead Group PLC                    3.25
15               Royal Mail Plc                    3.01
16              PREMIER OIL PLC                    2.99
17              Ensco Rowan plc                    2.90
18          BRITISH LAND CO PLC                    2.86
19           HALFORDS GROUP PLC                    2.85

#########[+]SUMMARY MOST OVERALL SHORTED[+]######################
#########[+]SUMMARY MOST OVERALL SHORTED[+]######################
#########[+]SUMMARY MOST OVERALL SHORTED[+]######################

[+]	PLUS500 LTD
[+]	ANGLO AMERICAN PLC
[+]	Kier Group plc
[+]	JUPITER FUND MANAGEMENT PLC
[+]	MARKS & SPENCER GROUP PLC
[+]	AA PLC
[+]	BRITISH LAND CO PLC
[+]	Royal Mail Plc
[+]	WOOD GROUP (JOHN) PLC
[+]	CAPITA PLC
[+]	SIRIUS MINERALS PLC
[+]	PREMIER OIL PLC
[+]	METRO BANK PLC
[+]	THOMAS COOK GROUP PLC
[+]	GREENCORE GROUP PLC


THE SOFTWARE IS PROVIDED 'AS IS', WITHOUT WARRANTY OF ANY KIND, EXPRESS OR IMPLIED, INCLUDING BUT NOT LIMITED TO THE WARRANTIES OF MERCHANTABILITY, FITNESS FOR A PARTICULAR PURPOSE, TITLE AND NON-INFRINGEMENT. IN NO EVENT SHALL THE COPYRIGHT HOLDERS OR ANYONE DISTRIBUTING THE SOFTWARE BE LIABLE FOR ANY DAMAGES OR OTHER LIABILITY, WHETHER IN CONTRACT, TORT OR OTHERWISE, ARISING FROM, OUT OF OR IN CONNECTION WITH THE SOFTWARE OR THE USE OR OTHER DEALINGS IN THE SOFTWARE.

Dont forget to tip your server!
Bitcoin Cash (BCH)			qpz32c4lg7x7lnk9jg6qg7s4uavdce89myax5v5nuk
Ether (ETH)			0x843d3DEC2A4705BD4f45F674F641cE2D0022c9FB
Litecoin (LTC)			Lfk5y4F7KZa9oRxpazETwjQnHszEPvqPvu
Bitcoin (BTC)			14Dm7L3ABPtumPDcj3REAvs4L6w9YFRnHK
