##################################
##################################
##################################
Most Shorted Shares since [2019-11-19]
##################################
##################################
##################################

                        Name of Share Issuer  Position Holder
0                             KINGFISHER PLC                6
1                  Flutter Entertainment plc                5
2                      WOOD GROUP (JOHN) PLC                5
3   Aston Martin Lagonda Global Holdings Plc                4
4                            CINEWORLD GROUP                4
5                       KEYWORDS STUDIOS PLC                4
6                             NMC HEALTH PLC                4
7                     BABCOCK INTL GROUP PLC                3
8                    CRODA INTERNATIONAL PLC                3
9                        DIXONS CARPHONE PLC                3
10                  DOMINO'S PIZZA GROUP PLC                3
11                               EASYJET PLC                3
12                        EQUINITI GROUP PLC                3
13                            METRO BANK PLC                3
14                               PEARSON PLC                3
15                              SPECTRIS PLC                3
16                        TRAVIS PERKINS PLC                3
17                               VICTREX PLC                3
18                       Virgin Money UK PLC                3
19                        WEIR GROUP PLC/THE                3

                        Name of Share Issuer  Net Short Position (%)
0                            CINEWORLD GROUP                    7.47
1                             KINGFISHER PLC                    5.79
2                             METRO BANK PLC                    5.75
3                      WOOD GROUP (JOHN) PLC                    5.53
4                                    SIG PLC                    5.29
5                             NMC HEALTH PLC                    5.01
6                        GREENCORE GROUP PLC                    4.77
7                  Flutter Entertainment plc                    4.72
8                                    IQE PLC                    4.43
9                                EASYJET PLC                    4.40
10                        Go-Ahead Group PLC                    4.14
11                CREST NICHOLSON HLDGS  PLC                    4.06
12                      KEYWORDS STUDIOS PLC                    3.80
13                        WEIR GROUP PLC/THE                    3.67
14                           MITIE GROUP PLC                    3.55
15                               PEARSON PLC                    3.47
16                               VALARIS PLC                    3.33
17  Aston Martin Lagonda Global Holdings Plc                    3.29
18                         SAINSBURY (J) PLC                    3.05
19                    PETS AT HOME GROUP PLC                    2.99

#########[+]SUMMARY MOST OVERALL SHORTED[+]######################
#########[+]SUMMARY MOST OVERALL SHORTED[+]######################
#########[+]SUMMARY MOST OVERALL SHORTED[+]######################

[+]	PEARSON PLC
[+]	NMC HEALTH PLC
[+]	WOOD GROUP (JOHN) PLC
[+]	CINEWORLD GROUP
[+]	KEYWORDS STUDIOS PLC
[+]	WEIR GROUP PLC/THE
[+]	KINGFISHER PLC
[+]	METRO BANK PLC
[+]	Flutter Entertainment plc
[+]	Aston Martin Lagonda Global Holdings Plc
[+]	EASYJET PLC


THE SOFTWARE IS PROVIDED 'AS IS', WITHOUT WARRANTY OF ANY KIND, EXPRESS OR IMPLIED, INCLUDING BUT NOT LIMITED TO THE WARRANTIES OF MERCHANTABILITY, FITNESS FOR A PARTICULAR PURPOSE, TITLE AND NON-INFRINGEMENT. IN NO EVENT SHALL THE COPYRIGHT HOLDERS OR ANYONE DISTRIBUTING THE SOFTWARE BE LIABLE FOR ANY DAMAGES OR OTHER LIABILITY, WHETHER IN CONTRACT, TORT OR OTHERWISE, ARISING FROM, OUT OF OR IN CONNECTION WITH THE SOFTWARE OR THE USE OR OTHER DEALINGS IN THE SOFTWARE.

Dont forget to tip your server!
Bitcoin Cash (BCH)			qpz32c4lg7x7lnk9jg6qg7s4uavdce89myax5v5nuk
Ether (ETH)			0x843d3DEC2A4705BD4f45F674F641cE2D0022c9FB
Litecoin (LTC)			Lfk5y4F7KZa9oRxpazETwjQnHszEPvqPvu
Bitcoin (BTC)			14Dm7L3ABPtumPDcj3REAvs4L6w9YFRnHK
