##################################
##################################
##################################
Most Shorted Shares since [2019-05-22]
##################################
##################################
##################################

            Name of Share Issuer  Position Holder
0      MARKS & SPENCER GROUP PLC                7
1          WOOD GROUP (JOHN) PLC                7
2         BABCOCK INTL GROUP PLC                6
3    JUPITER FUND MANAGEMENT PLC                6
4                   JUST EAT PLC                5
5                 Kier Group plc                5
6                 METRO BANK PLC                5
7                         AA PLC                4
8             ANGLO AMERICAN PLC                4
9            GREENCORE GROUP PLC                4
10           INTU PROPERTIES PLC                4
11             NEWRIVER REIT PLC                4
12                   PLUS500 LTD                4
13                Royal Mail Plc                4
14           SIRIUS MINERALS PLC                4
15  SMITH (DAVID S) HOLDINGS PLC                4
16         THOMAS COOK GROUP PLC                4
17                      ASOS PLC                3
18           BCA MARKETPLACE PLC                3
19              CAIRN ENERGY PLC                3

           Name of Share Issuer  Net Short Position (%)
0     MARKS & SPENCER GROUP PLC                    8.51
1                        AA PLC                    8.42
2         WOOD GROUP (JOHN) PLC                    7.62
3           GREENCORE GROUP PLC                    7.06
4        BABCOCK INTL GROUP PLC                    6.83
5           INTU PROPERTIES PLC                    6.21
6                Kier Group plc                    6.07
7   JUPITER FUND MANAGEMENT PLC                    5.65
8            ANGLO AMERICAN PLC                    5.60
9                METRO BANK PLC                    5.27
10      LANCASHIRE HOLDINGS LTD                    5.21
11          SIRIUS MINERALS PLC                    4.89
12                 JUST EAT PLC                    4.68
13                  PLUS500 LTD                    4.36
14               NMC HEALTH PLC                    4.26
15              MITIE GROUP PLC                    4.18
16                      IQE PLC                    4.10
17                     ASOS PLC                    3.87
18            NEWRIVER REIT PLC                    3.76
19        THOMAS COOK GROUP PLC                    3.43

#########[+]SUMMARY MOST OVERALL SHORTED[+]######################
#########[+]SUMMARY MOST OVERALL SHORTED[+]######################
#########[+]SUMMARY MOST OVERALL SHORTED[+]######################

[+]	METRO BANK PLC
[+]	BABCOCK INTL GROUP PLC
[+]	ASOS PLC
[+]	AA PLC
[+]	THOMAS COOK GROUP PLC
[+]	GREENCORE GROUP PLC
[+]	INTU PROPERTIES PLC
[+]	ANGLO AMERICAN PLC
[+]	PLUS500 LTD
[+]	WOOD GROUP (JOHN) PLC
[+]	JUST EAT PLC
[+]	NEWRIVER REIT PLC
[+]	JUPITER FUND MANAGEMENT PLC
[+]	SIRIUS MINERALS PLC
[+]	Kier Group plc
[+]	MARKS & SPENCER GROUP PLC


THE SOFTWARE IS PROVIDED 'AS IS', WITHOUT WARRANTY OF ANY KIND, EXPRESS OR IMPLIED, INCLUDING BUT NOT LIMITED TO THE WARRANTIES OF MERCHANTABILITY, FITNESS FOR A PARTICULAR PURPOSE, TITLE AND NON-INFRINGEMENT. IN NO EVENT SHALL THE COPYRIGHT HOLDERS OR ANYONE DISTRIBUTING THE SOFTWARE BE LIABLE FOR ANY DAMAGES OR OTHER LIABILITY, WHETHER IN CONTRACT, TORT OR OTHERWISE, ARISING FROM, OUT OF OR IN CONNECTION WITH THE SOFTWARE OR THE USE OR OTHER DEALINGS IN THE SOFTWARE.

Dont forget to tip your server!
Bitcoin Cash (BCH)			qpz32c4lg7x7lnk9jg6qg7s4uavdce89myax5v5nuk
Ether (ETH)			0x843d3DEC2A4705BD4f45F674F641cE2D0022c9FB
Litecoin (LTC)			Lfk5y4F7KZa9oRxpazETwjQnHszEPvqPvu
Bitcoin (BTC)			14Dm7L3ABPtumPDcj3REAvs4L6w9YFRnHK
