##################################
##################################
##################################
Most Shorted Shares since [2019-11-04]
##################################
##################################
##################################

           Name of Share Issuer  Position Holder
0     Flutter Entertainment plc                7
1               CINEWORLD GROUP                6
2        BABCOCK INTL GROUP PLC                4
3   JUPITER FUND MANAGEMENT PLC                4
4          KEYWORDS STUDIOS PLC                4
5                Kier Group plc                4
6                NMC HEALTH PLC                4
7           SIRIUS MINERALS PLC                4
8                  SPECTRIS PLC                4
9         WOOD GROUP (JOHN) PLC                4
10          DIXONS CARPHONE PLC                3
11     DOMINO'S PIZZA GROUP PLC                3
12          JOHNSON MATTHEY PLC                3
13               KINGFISHER PLC                3
14               METRO BANK PLC                3
15                  PEARSON PLC                3
16                    TED BAKER                3
17           TRAVIS PERKINS PLC                3
18          Virgin Money UK PLC                3
19           WEIR GROUP PLC/THE                3

           Name of Share Issuer  Net Short Position (%)
0                METRO BANK PLC                    8.17
1               CINEWORLD GROUP                    6.79
2     Flutter Entertainment plc                    6.13
3                Kier Group plc                    5.53
4         WOOD GROUP (JOHN) PLC                    5.49
5           GREENCORE GROUP PLC                    5.37
6                       IQE PLC                    5.22
7                NMC HEALTH PLC                    4.99
8        BABCOCK INTL GROUP PLC                    4.58
9            Go-Ahead Group PLC                    4.42
10   CREST NICHOLSON HLDGS  PLC                    3.98
11           HALFORDS GROUP PLC                    3.94
12         KEYWORDS STUDIOS PLC                    3.94
13          SIRIUS MINERALS PLC                    3.88
14                  EASYJET PLC                    3.75
15     DOMINO'S PIZZA GROUP PLC                    3.32
16               KINGFISHER PLC                    3.26
17  JUPITER FUND MANAGEMENT PLC                    3.21
18          INTU PROPERTIES PLC                    3.19
19           WEIR GROUP PLC/THE                    2.92

#########[+]SUMMARY MOST OVERALL SHORTED[+]######################
#########[+]SUMMARY MOST OVERALL SHORTED[+]######################
#########[+]SUMMARY MOST OVERALL SHORTED[+]######################

[+]	SIRIUS MINERALS PLC
[+]	WEIR GROUP PLC/THE
[+]	WOOD GROUP (JOHN) PLC
[+]	Flutter Entertainment plc
[+]	Kier Group plc
[+]	DOMINO'S PIZZA GROUP PLC
[+]	KINGFISHER PLC
[+]	METRO BANK PLC
[+]	BABCOCK INTL GROUP PLC
[+]	JUPITER FUND MANAGEMENT PLC
[+]	CINEWORLD GROUP
[+]	NMC HEALTH PLC
[+]	KEYWORDS STUDIOS PLC


THE SOFTWARE IS PROVIDED 'AS IS', WITHOUT WARRANTY OF ANY KIND, EXPRESS OR IMPLIED, INCLUDING BUT NOT LIMITED TO THE WARRANTIES OF MERCHANTABILITY, FITNESS FOR A PARTICULAR PURPOSE, TITLE AND NON-INFRINGEMENT. IN NO EVENT SHALL THE COPYRIGHT HOLDERS OR ANYONE DISTRIBUTING THE SOFTWARE BE LIABLE FOR ANY DAMAGES OR OTHER LIABILITY, WHETHER IN CONTRACT, TORT OR OTHERWISE, ARISING FROM, OUT OF OR IN CONNECTION WITH THE SOFTWARE OR THE USE OR OTHER DEALINGS IN THE SOFTWARE.

Dont forget to tip your server!
Bitcoin Cash (BCH)			qpz32c4lg7x7lnk9jg6qg7s4uavdce89myax5v5nuk
Ether (ETH)			0x843d3DEC2A4705BD4f45F674F641cE2D0022c9FB
Litecoin (LTC)			Lfk5y4F7KZa9oRxpazETwjQnHszEPvqPvu
Bitcoin (BTC)			14Dm7L3ABPtumPDcj3REAvs4L6w9YFRnHK
