##################################
##################################
##################################
Most Shorted Shares since [2019-04-26]
##################################
##################################
##################################

            Name of Share Issuer  Position Holder
0            SIRIUS MINERALS PLC                7
1    JUPITER FUND MANAGEMENT PLC                6
2                 METRO BANK PLC                6
3                     CAPITA PLC                5
4          WOOD GROUP (JOHN) PLC                5
5                    PLUS500 LTD                4
6   SMITH (DAVID S) HOLDINGS PLC                4
7                         AA PLC                3
8                       ASOS PLC                3
9               CAIRN ENERGY PLC                3
10      DOMINO'S PIZZA GROUP PLC                3
11           GREENCORE GROUP PLC                3
12                 HAMMERSON PLC                3
13                KINGFISHER PLC                3
14                Kier Group plc                3
15     MARKS & SPENCER GROUP PLC                3
16                  PETROFAC LTD                3
17               PREMIER OIL PLC                3
18                Royal Mail Plc                3
19             SAINSBURY (J) PLC                3

            Name of Share Issuer  Net Short Position (%)
0                 METRO BANK PLC                    9.38
1            SIRIUS MINERALS PLC                    8.01
2                         AA PLC                    7.92
3          THOMAS COOK GROUP PLC                    4.87
4                        IQE PLC                    4.80
5    JUPITER FUND MANAGEMENT PLC                    4.71
6          WOOD GROUP (JOHN) PLC                    4.55
7            GREENCORE GROUP PLC                    4.47
8      MARKS & SPENCER GROUP PLC                    4.32
9                     CAPITA PLC                    4.27
10                Kier Group plc                    4.11
11                      ASOS PLC                    4.01
12                   PLUS500 LTD                    3.98
13            ANGLO AMERICAN PLC                    3.76
14            Go-Ahead Group PLC                    3.25
15               PREMIER OIL PLC                    3.23
16                NMC HEALTH PLC                    3.12
17  SMITH (DAVID S) HOLDINGS PLC                    2.99
18                KINGFISHER PLC                    2.98
19                   DIGNITY PLC                    2.96

#########[+]SUMMARY MOST OVERALL SHORTED[+]######################
#########[+]SUMMARY MOST OVERALL SHORTED[+]######################
#########[+]SUMMARY MOST OVERALL SHORTED[+]######################

[+]	KINGFISHER PLC
[+]	AA PLC
[+]	CAPITA PLC
[+]	METRO BANK PLC
[+]	MARKS & SPENCER GROUP PLC
[+]	Kier Group plc
[+]	WOOD GROUP (JOHN) PLC
[+]	GREENCORE GROUP PLC
[+]	JUPITER FUND MANAGEMENT PLC
[+]	ASOS PLC
[+]	SIRIUS MINERALS PLC
[+]	SMITH (DAVID S) HOLDINGS PLC
[+]	PLUS500 LTD
[+]	PREMIER OIL PLC