##################################
##################################
##################################
Most Shorted Shares since [2019-05-28]
##################################
##################################
##################################

            Name of Share Issuer  Position Holder
0         BABCOCK INTL GROUP PLC                6
1                   JUST EAT PLC                6
2      MARKS & SPENCER GROUP PLC                6
3          WOOD GROUP (JOHN) PLC                6
4    JUPITER FUND MANAGEMENT PLC                5
5                 Kier Group plc                5
6              NEWRIVER REIT PLC                5
7                    PLUS500 LTD                5
8                         AA PLC                4
9                    AGGREKO PLC                4
10            ANGLO AMERICAN PLC                4
11         AUTO TRADER GROUP PLC                4
12           GREENCORE GROUP PLC                4
13           INTU PROPERTIES PLC                4
14                METRO BANK PLC                4
15  SMITH (DAVID S) HOLDINGS PLC                4
16         THOMAS COOK GROUP PLC                4
17                      ASOS PLC                3
18           BCA MARKETPLACE PLC                3
19    DAILY MAIL & GENERAL TRUST                3

           Name of Share Issuer  Net Short Position (%)
0                        AA PLC                    8.35
1         WOOD GROUP (JOHN) PLC                    7.20
2           GREENCORE GROUP PLC                    7.16
3     MARKS & SPENCER GROUP PLC                    7.04
4        BABCOCK INTL GROUP PLC                    6.83
5                Kier Group plc                    6.46
6           INTU PROPERTIES PLC                    6.36
7            ANGLO AMERICAN PLC                    5.70
8                  JUST EAT PLC                    5.34
9       LANCASHIRE HOLDINGS LTD                    5.21
10  JUPITER FUND MANAGEMENT PLC                    5.08
11                  PLUS500 LTD                    5.00
12               METRO BANK PLC                    4.81
13            NEWRIVER REIT PLC                    4.29
14              MITIE GROUP PLC                    4.18
15          SIRIUS MINERALS PLC                    3.82
16        THOMAS COOK GROUP PLC                    3.43
17           Go-Ahead Group PLC                    3.40
18                     ASOS PLC                    3.36
19                      SIG PLC                    3.25

#########[+]SUMMARY MOST OVERALL SHORTED[+]######################
#########[+]SUMMARY MOST OVERALL SHORTED[+]######################
#########[+]SUMMARY MOST OVERALL SHORTED[+]######################

[+]	JUPITER FUND MANAGEMENT PLC
[+]	MARKS & SPENCER GROUP PLC
[+]	NEWRIVER REIT PLC
[+]	ASOS PLC
[+]	Kier Group plc
[+]	METRO BANK PLC
[+]	INTU PROPERTIES PLC
[+]	WOOD GROUP (JOHN) PLC
[+]	BABCOCK INTL GROUP PLC
[+]	GREENCORE GROUP PLC
[+]	PLUS500 LTD
[+]	THOMAS COOK GROUP PLC
[+]	ANGLO AMERICAN PLC
[+]	AA PLC
[+]	JUST EAT PLC


THE SOFTWARE IS PROVIDED 'AS IS', WITHOUT WARRANTY OF ANY KIND, EXPRESS OR IMPLIED, INCLUDING BUT NOT LIMITED TO THE WARRANTIES OF MERCHANTABILITY, FITNESS FOR A PARTICULAR PURPOSE, TITLE AND NON-INFRINGEMENT. IN NO EVENT SHALL THE COPYRIGHT HOLDERS OR ANYONE DISTRIBUTING THE SOFTWARE BE LIABLE FOR ANY DAMAGES OR OTHER LIABILITY, WHETHER IN CONTRACT, TORT OR OTHERWISE, ARISING FROM, OUT OF OR IN CONNECTION WITH THE SOFTWARE OR THE USE OR OTHER DEALINGS IN THE SOFTWARE.

Dont forget to tip your server!
Bitcoin Cash (BCH)			qpz32c4lg7x7lnk9jg6qg7s4uavdce89myax5v5nuk
Ether (ETH)			0x843d3DEC2A4705BD4f45F674F641cE2D0022c9FB
Litecoin (LTC)			Lfk5y4F7KZa9oRxpazETwjQnHszEPvqPvu
Bitcoin (BTC)			14Dm7L3ABPtumPDcj3REAvs4L6w9YFRnHK
