##################################
##################################
##################################
Most Shorted Shares since [2019-05-07]
##################################
##################################
##################################

            Name of Share Issuer  Position Holder
0          WOOD GROUP (JOHN) PLC                7
1    JUPITER FUND MANAGEMENT PLC                6
2                 METRO BANK PLC                5
3          THOMAS COOK GROUP PLC                5
4         BABCOCK INTL GROUP PLC                4
5                   JUST EAT PLC                4
6      MARKS & SPENCER GROUP PLC                4
7                   PETROFAC LTD                4
8                 Royal Mail Plc                4
9   SMITH (DAVID S) HOLDINGS PLC                4
10                        AA PLC                3
11            ANGLO AMERICAN PLC                3
12                    CAPITA PLC                3
13                 HAMMERSON PLC                3
14                KINGFISHER PLC                3
15                   PLUS500 LTD                3
16               PREMIER OIL PLC                3
17           SIRIUS MINERALS PLC                3
18                 A.G. Barr PLC                2
19             ADMIRAL GROUP PLC                2

            Name of Share Issuer  Net Short Position (%)
0                 METRO BANK PLC                    8.61
1                         AA PLC                    8.26
2          THOMAS COOK GROUP PLC                    7.86
3          WOOD GROUP (JOHN) PLC                    7.23
4             ANGLO AMERICAN PLC                    5.07
5      MARKS & SPENCER GROUP PLC                    5.07
6            GREENCORE GROUP PLC                    4.98
7                        IQE PLC                    4.88
8    JUPITER FUND MANAGEMENT PLC                    4.81
9     CREST NICHOLSON HLDGS  PLC                    4.54
10           SIRIUS MINERALS PLC                    4.14
11        BABCOCK INTL GROUP PLC                    4.13
12                Royal Mail Plc                    4.08
13                   PLUS500 LTD                    3.50
14                  JUST EAT PLC                    3.46
15                NMC HEALTH PLC                    3.33
16                  PETROFAC LTD                    3.19
17                KINGFISHER PLC                    3.13
18  SMITH (DAVID S) HOLDINGS PLC                    3.08
19               PREMIER OIL PLC                    3.01

#########[+]SUMMARY MOST OVERALL SHORTED[+]######################
#########[+]SUMMARY MOST OVERALL SHORTED[+]######################
#########[+]SUMMARY MOST OVERALL SHORTED[+]######################

[+]	MARKS & SPENCER GROUP PLC
[+]	JUST EAT PLC
[+]	PLUS500 LTD
[+]	METRO BANK PLC
[+]	AA PLC
[+]	SMITH (DAVID S) HOLDINGS PLC
[+]	THOMAS COOK GROUP PLC
[+]	Royal Mail Plc
[+]	JUPITER FUND MANAGEMENT PLC
[+]	ANGLO AMERICAN PLC
[+]	WOOD GROUP (JOHN) PLC
[+]	PETROFAC LTD
[+]	KINGFISHER PLC
[+]	SIRIUS MINERALS PLC
[+]	PREMIER OIL PLC
[+]	BABCOCK INTL GROUP PLC


THE SOFTWARE IS PROVIDED 'AS IS', WITHOUT WARRANTY OF ANY KIND, EXPRESS OR IMPLIED, INCLUDING BUT NOT LIMITED TO THE WARRANTIES OF MERCHANTABILITY, FITNESS FOR A PARTICULAR PURPOSE, TITLE AND NON-INFRINGEMENT. IN NO EVENT SHALL THE COPYRIGHT HOLDERS OR ANYONE DISTRIBUTING THE SOFTWARE BE LIABLE FOR ANY DAMAGES OR OTHER LIABILITY, WHETHER IN CONTRACT, TORT OR OTHERWISE, ARISING FROM, OUT OF OR IN CONNECTION WITH THE SOFTWARE OR THE USE OR OTHER DEALINGS IN THE SOFTWARE.

Dont forget to tip your server!
Bitcoin Cash (BCH)			qpz32c4lg7x7lnk9jg6qg7s4uavdce89myax5v5nuk
Ether (ETH)			0x843d3DEC2A4705BD4f45F674F641cE2D0022c9FB
Litecoin (LTC)			Lfk5y4F7KZa9oRxpazETwjQnHszEPvqPvu
Bitcoin (BTC)			14Dm7L3ABPtumPDcj3REAvs4L6w9YFRnHK
