##################################
##################################
##################################
Most Shorted Shares since [2019-07-17]
##################################
##################################
##################################

             Name of Share Issuer  Position Holder
0               NEWRIVER REIT PLC                6
1                  Kier Group plc                5
2                        ASOS PLC                4
3           AUTO TRADER GROUP PLC                4
4                   HAMMERSON PLC                4
5                    JUST EAT PLC                4
6                  METRO BANK PLC                4
7             SIRIUS MINERALS PLC                4
8              WEIR GROUP PLC/THE                4
9          BABCOCK INTL GROUP PLC                3
10                     CAPITA PLC                3
11  CAPITAL & COUNTIES PROPERTIES                3
12                CINEWORLD GROUP                3
13                    DIGNITY PLC                3
14            DIXONS CARPHONE PLC                3
15       DOMINO'S PIZZA GROUP PLC                3
16                    EASYJET PLC                3
17            GREENCORE GROUP PLC                3
18    JUPITER FUND MANAGEMENT PLC                3
19      MICRO FOCUS INTERNATIONAL                3

     Name of Share Issuer  Net Short Position (%)
0          Kier Group plc                   11.31
1   THOMAS COOK GROUP PLC                    7.27
2     GREENCORE GROUP PLC                    6.56
3          METRO BANK PLC                    6.44
4                 SIG PLC                    5.43
5                 IQE PLC                    5.13
6       NEWRIVER REIT PLC                    4.36
7             PLUS500 LTD                    4.31
8             PEARSON PLC                    4.29
9     INTU PROPERTIES PLC                    4.17
10     ANGLO AMERICAN PLC                    4.09
11          Marston's plc                    3.72
12        PREMIER OIL PLC                    3.53
13  WOOD GROUP (JOHN) PLC                    3.53
14           JUST EAT PLC                    3.48
15  AUTO TRADER GROUP PLC                    3.45
16            EASYJET PLC                    3.41
17               ASOS PLC                    3.36
18    SIRIUS MINERALS PLC                    3.03
19     HALFORDS GROUP PLC                    2.94

#########[+]SUMMARY MOST OVERALL SHORTED[+]######################
#########[+]SUMMARY MOST OVERALL SHORTED[+]######################
#########[+]SUMMARY MOST OVERALL SHORTED[+]######################

[+]	Kier Group plc
[+]	JUST EAT PLC
[+]	ASOS PLC
[+]	GREENCORE GROUP PLC
[+]	EASYJET PLC
[+]	NEWRIVER REIT PLC
[+]	AUTO TRADER GROUP PLC
[+]	SIRIUS MINERALS PLC
[+]	METRO BANK PLC


THE SOFTWARE IS PROVIDED 'AS IS', WITHOUT WARRANTY OF ANY KIND, EXPRESS OR IMPLIED, INCLUDING BUT NOT LIMITED TO THE WARRANTIES OF MERCHANTABILITY, FITNESS FOR A PARTICULAR PURPOSE, TITLE AND NON-INFRINGEMENT. IN NO EVENT SHALL THE COPYRIGHT HOLDERS OR ANYONE DISTRIBUTING THE SOFTWARE BE LIABLE FOR ANY DAMAGES OR OTHER LIABILITY, WHETHER IN CONTRACT, TORT OR OTHERWISE, ARISING FROM, OUT OF OR IN CONNECTION WITH THE SOFTWARE OR THE USE OR OTHER DEALINGS IN THE SOFTWARE.

Dont forget to tip your server!
Bitcoin Cash (BCH)			qpz32c4lg7x7lnk9jg6qg7s4uavdce89myax5v5nuk
Ether (ETH)			0x843d3DEC2A4705BD4f45F674F641cE2D0022c9FB
Litecoin (LTC)			Lfk5y4F7KZa9oRxpazETwjQnHszEPvqPvu
Bitcoin (BTC)			14Dm7L3ABPtumPDcj3REAvs4L6w9YFRnHK
