##################################
##################################
##################################
Most Shorted Shares since [2019-05-02]
##################################
##################################
##################################

            Name of Share Issuer  Position Holder
0    JUPITER FUND MANAGEMENT PLC                6
1                 METRO BANK PLC                5
2            SIRIUS MINERALS PLC                5
3            BRITISH LAND CO PLC                4
4                     CAPITA PLC                4
5            GREENCORE GROUP PLC                4
6          WOOD GROUP (JOHN) PLC                4
7                         AA PLC                3
8             ANGLO AMERICAN PLC                3
9                  HAMMERSON PLC                3
10                  JUST EAT PLC                3
11                Kier Group plc                3
12     MARKS & SPENCER GROUP PLC                3
13                  PETROFAC LTD                3
14                   PLUS500 LTD                3
15               PREMIER OIL PLC                3
16  SMITH (DAVID S) HOLDINGS PLC                3
17         THOMAS COOK GROUP PLC                3
18                   VICTREX PLC                3
19             ADMIRAL GROUP PLC                2

           Name of Share Issuer  Net Short Position (%)
0                METRO BANK PLC                    8.55
1                        AA PLC                    8.02
2         THOMAS COOK GROUP PLC                    5.91
3           SIRIUS MINERALS PLC                    5.19
4            ANGLO AMERICAN PLC                    5.07
5           GREENCORE GROUP PLC                    5.02
6         WOOD GROUP (JOHN) PLC                    4.93
7   JUPITER FUND MANAGEMENT PLC                    4.88
8                       IQE PLC                    4.80
9    CREST NICHOLSON HLDGS  PLC                    4.53
10               Kier Group plc                    4.04
11    MARKS & SPENCER GROUP PLC                    3.92
12                   CAPITA PLC                    3.86
13                  PLUS500 LTD                    3.35
14           Go-Ahead Group PLC                    3.25
15              PREMIER OIL PLC                    2.99
16              Ensco Rowan plc                    2.90
17          BRITISH LAND CO PLC                    2.86
18                 JUST EAT PLC                    2.82
19               NMC HEALTH PLC                    2.72

#########[+]SUMMARY MOST OVERALL SHORTED[+]######################
#########[+]SUMMARY MOST OVERALL SHORTED[+]######################
#########[+]SUMMARY MOST OVERALL SHORTED[+]######################

[+]	ANGLO AMERICAN PLC
[+]	MARKS & SPENCER GROUP PLC
[+]	SIRIUS MINERALS PLC
[+]	GREENCORE GROUP PLC
[+]	METRO BANK PLC
[+]	Kier Group plc
[+]	JUPITER FUND MANAGEMENT PLC
[+]	CAPITA PLC
[+]	WOOD GROUP (JOHN) PLC
[+]	PREMIER OIL PLC
[+]	BRITISH LAND CO PLC
[+]	AA PLC
[+]	JUST EAT PLC
[+]	PLUS500 LTD
[+]	THOMAS COOK GROUP PLC


THE SOFTWARE IS PROVIDED 'AS IS', WITHOUT WARRANTY OF ANY KIND, EXPRESS OR IMPLIED, INCLUDING BUT NOT LIMITED TO THE WARRANTIES OF MERCHANTABILITY, FITNESS FOR A PARTICULAR PURPOSE, TITLE AND NON-INFRINGEMENT. IN NO EVENT SHALL THE COPYRIGHT HOLDERS OR ANYONE DISTRIBUTING THE SOFTWARE BE LIABLE FOR ANY DAMAGES OR OTHER LIABILITY, WHETHER IN CONTRACT, TORT OR OTHERWISE, ARISING FROM, OUT OF OR IN CONNECTION WITH THE SOFTWARE OR THE USE OR OTHER DEALINGS IN THE SOFTWARE.

Dont forget to tip your server!
Bitcoin Cash (BCH)			qpz32c4lg7x7lnk9jg6qg7s4uavdce89myax5v5nuk
Ether (ETH)			0x843d3DEC2A4705BD4f45F674F641cE2D0022c9FB
Litecoin (LTC)			Lfk5y4F7KZa9oRxpazETwjQnHszEPvqPvu
Bitcoin (BTC)			14Dm7L3ABPtumPDcj3REAvs4L6w9YFRnHK
