##################################
##################################
##################################
Most Shorted Shares since [2019-08-09]
##################################
##################################
##################################

             Name of Share Issuer  Position Holder
0           WOOD GROUP (JOHN) PLC                7
1                SEVERN TRENT PLC                6
2              WEIR GROUP PLC/THE                6
3                        ASOS PLC                5
4                 CINEWORLD GROUP                5
5                  KINGFISHER PLC                5
6                    PETROFAC LTD                5
7                     BEAZLEY PLC                4
8                        CYBG PLC                4
9                  Kier Group plc                4
10                 METRO BANK PLC                4
11                 NMC HEALTH PLC                4
12                    PLUS500 LTD                4
13           ST JAMES'S PLACE PLC                4
14                    AGGREKO PLC                3
15         BABCOCK INTL GROUP PLC                3
16  CAPITAL & COUNTIES PROPERTIES                3
17                    EASYJET PLC                3
18                  FRESNILLO PLC                3
19            GREENCORE GROUP PLC                3

      Name of Share Issuer  Net Short Position (%)
0           Kier Group plc                    8.56
1    THOMAS COOK GROUP PLC                    8.20
2           METRO BANK PLC                    7.69
3      GREENCORE GROUP PLC                    6.36
4    WOOD GROUP (JOHN) PLC                    5.76
5             PETROFAC LTD                    5.66
6           NMC HEALTH PLC                    5.47
7              PLUS500 LTD                    5.35
8           KINGFISHER PLC                    5.28
9                 ASOS PLC                    5.09
10                 SIG PLC                    4.98
11         CINEWORLD GROUP                    4.76
12        SEVERN TRENT PLC                    4.49
13      WEIR GROUP PLC/THE                    4.44
14     INTU PROPERTIES PLC                    4.40
15             PEARSON PLC                    4.10
16         PREMIER OIL PLC                    4.08
17  BABCOCK INTL GROUP PLC                    4.06
18             EASYJET PLC                    4.00
19             BEAZLEY PLC                    3.66

#########[+]SUMMARY MOST OVERALL SHORTED[+]######################
#########[+]SUMMARY MOST OVERALL SHORTED[+]######################
#########[+]SUMMARY MOST OVERALL SHORTED[+]######################

[+]	ASOS PLC
[+]	PLUS500 LTD
[+]	PETROFAC LTD
[+]	KINGFISHER PLC
[+]	GREENCORE GROUP PLC
[+]	SEVERN TRENT PLC
[+]	Kier Group plc
[+]	WOOD GROUP (JOHN) PLC
[+]	NMC HEALTH PLC
[+]	BABCOCK INTL GROUP PLC
[+]	METRO BANK PLC
[+]	EASYJET PLC
[+]	WEIR GROUP PLC/THE
[+]	BEAZLEY PLC
[+]	CINEWORLD GROUP


THE SOFTWARE IS PROVIDED 'AS IS', WITHOUT WARRANTY OF ANY KIND, EXPRESS OR IMPLIED, INCLUDING BUT NOT LIMITED TO THE WARRANTIES OF MERCHANTABILITY, FITNESS FOR A PARTICULAR PURPOSE, TITLE AND NON-INFRINGEMENT. IN NO EVENT SHALL THE COPYRIGHT HOLDERS OR ANYONE DISTRIBUTING THE SOFTWARE BE LIABLE FOR ANY DAMAGES OR OTHER LIABILITY, WHETHER IN CONTRACT, TORT OR OTHERWISE, ARISING FROM, OUT OF OR IN CONNECTION WITH THE SOFTWARE OR THE USE OR OTHER DEALINGS IN THE SOFTWARE.

Dont forget to tip your server!
Bitcoin Cash (BCH)			qpz32c4lg7x7lnk9jg6qg7s4uavdce89myax5v5nuk
Ether (ETH)			0x843d3DEC2A4705BD4f45F674F641cE2D0022c9FB
Litecoin (LTC)			Lfk5y4F7KZa9oRxpazETwjQnHszEPvqPvu
Bitcoin (BTC)			14Dm7L3ABPtumPDcj3REAvs4L6w9YFRnHK
