##################################
##################################
##################################
Most Shorted Shares since [2019-07-16]
##################################
##################################
##################################

             Name of Share Issuer  Position Holder
0               NEWRIVER REIT PLC                6
1                  Kier Group plc                5
2             SIRIUS MINERALS PLC                5
3          BABCOCK INTL GROUP PLC                4
4                      CAPITA PLC                4
5                 CINEWORLD GROUP                4
6     JUPITER FUND MANAGEMENT PLC                4
7                  METRO BANK PLC                4
8              WEIR GROUP PLC/THE                4
9                        ASOS PLC                3
10          AUTO TRADER GROUP PLC                3
11  CAPITAL & COUNTIES PROPERTIES                3
12                    DIGNITY PLC                3
13            DIXONS CARPHONE PLC                3
14                    EASYJET PLC                3
15            GREENCORE GROUP PLC                3
16                  HAMMERSON PLC                3
17                      MONDI PLC                3
18                       NEXT PLC                3
19                    PLUS500 LTD                3

            Name of Share Issuer  Net Short Position (%)
0                 Kier Group plc                   11.39
1          THOMAS COOK GROUP PLC                    7.27
2            GREENCORE GROUP PLC                    6.56
3                 METRO BANK PLC                    6.15
4                        IQE PLC                    5.13
5                    PLUS500 LTD                    4.92
6              NEWRIVER REIT PLC                    4.29
7             ANGLO AMERICAN PLC                    4.06
8    JUPITER FUND MANAGEMENT PLC                    4.02
9            SIRIUS MINERALS PLC                    3.98
10        BABCOCK INTL GROUP PLC                    3.46
11               PREMIER OIL PLC                    3.43
12                   EASYJET PLC                    3.31
13                   PEARSON PLC                    3.30
14               CINEWORLD GROUP                    3.26
15            HALFORDS GROUP PLC                    3.21
16                 Marston's plc                    3.18
17            Go-Ahead Group PLC                    2.82
18  ACCESSO TECHNOLOGY GROUP PLC                    2.79
19                    CAPITA PLC                    2.74

#########[+]SUMMARY MOST OVERALL SHORTED[+]######################
#########[+]SUMMARY MOST OVERALL SHORTED[+]######################
#########[+]SUMMARY MOST OVERALL SHORTED[+]######################

[+]	PLUS500 LTD
[+]	SIRIUS MINERALS PLC
[+]	GREENCORE GROUP PLC
[+]	BABCOCK INTL GROUP PLC
[+]	JUPITER FUND MANAGEMENT PLC
[+]	NEWRIVER REIT PLC
[+]	Kier Group plc
[+]	CINEWORLD GROUP
[+]	EASYJET PLC
[+]	CAPITA PLC
[+]	METRO BANK PLC


THE SOFTWARE IS PROVIDED 'AS IS', WITHOUT WARRANTY OF ANY KIND, EXPRESS OR IMPLIED, INCLUDING BUT NOT LIMITED TO THE WARRANTIES OF MERCHANTABILITY, FITNESS FOR A PARTICULAR PURPOSE, TITLE AND NON-INFRINGEMENT. IN NO EVENT SHALL THE COPYRIGHT HOLDERS OR ANYONE DISTRIBUTING THE SOFTWARE BE LIABLE FOR ANY DAMAGES OR OTHER LIABILITY, WHETHER IN CONTRACT, TORT OR OTHERWISE, ARISING FROM, OUT OF OR IN CONNECTION WITH THE SOFTWARE OR THE USE OR OTHER DEALINGS IN THE SOFTWARE.

Dont forget to tip your server!
Bitcoin Cash (BCH)			qpz32c4lg7x7lnk9jg6qg7s4uavdce89myax5v5nuk
Ether (ETH)			0x843d3DEC2A4705BD4f45F674F641cE2D0022c9FB
Litecoin (LTC)			Lfk5y4F7KZa9oRxpazETwjQnHszEPvqPvu
Bitcoin (BTC)			14Dm7L3ABPtumPDcj3REAvs4L6w9YFRnHK
