##################################
##################################
##################################
Most Shorted Shares since [2019-12-06]
##################################
##################################
##################################

                        Name of Share Issuer  Position Holder
0                            CINEWORLD GROUP                5
1                                VICTREX PLC                5
2                                 CAPITA PLC                4
3                              HAMMERSON PLC                4
4                             KINGFISHER PLC                4
5                             NMC HEALTH PLC                4
6                                PEARSON PLC                4
7                               PETROFAC LTD                4
8                             Royal Mail Plc                4
9                                     AA PLC                3
10                     AUTO TRADER GROUP PLC                3
11  Aston Martin Lagonda Global Holdings Plc                3
12                    BABCOCK INTL GROUP PLC                3
13                  DOMINO'S PIZZA GROUP PLC                3
14                          DUNELM GROUP PLC                3
15                               EASYJET PLC                3
16                 Flutter Entertainment plc                3
17                       JOHNSON MATTHEY PLC                3
18               JUPITER FUND MANAGEMENT PLC                3
19                                 TED BAKER                3

         Name of Share Issuer  Net Short Position (%)
0             CINEWORLD GROUP                    8.72
1                     SIG PLC                    6.69
2              Royal Mail Plc                    5.24
3                 VICTREX PLC                    4.71
4              NMC HEALTH PLC                    4.62
5                PETROFAC LTD                    4.60
6                 PEARSON PLC                    4.52
7              KINGFISHER PLC                    4.39
8         GREENCORE GROUP PLC                    4.28
9                 EASYJET PLC                    4.09
10              HAMMERSON PLC                    4.08
11                     AA PLC                    4.00
12                 CAPITA PLC                    3.99
13            MITIE GROUP PLC                    3.57
14         WEIR GROUP PLC/THE                    3.51
15     BABCOCK INTL GROUP PLC                    3.43
16   DOMINO'S PIZZA GROUP PLC                    3.34
17    LANCASHIRE HOLDINGS LTD                    3.24
18  MARKS & SPENCER GROUP PLC                    3.19
19   WM MORRISON SUPERMARKETS                    3.03

#########[+]SUMMARY MOST OVERALL SHORTED[+]######################
#########[+]SUMMARY MOST OVERALL SHORTED[+]######################
#########[+]SUMMARY MOST OVERALL SHORTED[+]######################

[+]	CINEWORLD GROUP
[+]	NMC HEALTH PLC
[+]	Royal Mail Plc
[+]	DOMINO'S PIZZA GROUP PLC
[+]	PEARSON PLC
[+]	PETROFAC LTD
[+]	HAMMERSON PLC
[+]	VICTREX PLC
[+]	KINGFISHER PLC
[+]	CAPITA PLC
[+]	AA PLC
[+]	EASYJET PLC
[+]	BABCOCK INTL GROUP PLC


THE SOFTWARE IS PROVIDED 'AS IS', WITHOUT WARRANTY OF ANY KIND, EXPRESS OR IMPLIED, INCLUDING BUT NOT LIMITED TO THE WARRANTIES OF MERCHANTABILITY, FITNESS FOR A PARTICULAR PURPOSE, TITLE AND NON-INFRINGEMENT. IN NO EVENT SHALL THE COPYRIGHT HOLDERS OR ANYONE DISTRIBUTING THE SOFTWARE BE LIABLE FOR ANY DAMAGES OR OTHER LIABILITY, WHETHER IN CONTRACT, TORT OR OTHERWISE, ARISING FROM, OUT OF OR IN CONNECTION WITH THE SOFTWARE OR THE USE OR OTHER DEALINGS IN THE SOFTWARE.

Dont forget to tip your server!
Bitcoin Cash (BCH)			qpz32c4lg7x7lnk9jg6qg7s4uavdce89myax5v5nuk
Ether (ETH)			0x843d3DEC2A4705BD4f45F674F641cE2D0022c9FB
Litecoin (LTC)			Lfk5y4F7KZa9oRxpazETwjQnHszEPvqPvu
Bitcoin (BTC)			14Dm7L3ABPtumPDcj3REAvs4L6w9YFRnHK
