##################################
##################################
##################################
Most Shorted Shares since [2019-10-23]
##################################
##################################
##################################

           Name of Share Issuer  Position Holder
0         WOOD GROUP (JOHN) PLC                7
1        BABCOCK INTL GROUP PLC                6
2     Flutter Entertainment plc                6
3         AUTO TRADER GROUP PLC                4
4               CINEWORLD GROUP                4
5                Kier Group plc                4
6           SIRIUS MINERALS PLC                4
7                 A.G. Barr PLC                3
8          BLUE PRISM GROUP PLC                3
9                    CAPITA PLC                3
10          DIXONS CARPHONE PLC                3
11                  EASYJET PLC                3
12          JOHNSON MATTHEY PLC                3
13  JUPITER FUND MANAGEMENT PLC                3
14               KINGFISHER PLC                3
15               NMC HEALTH PLC                3
16                  PEARSON PLC                3
17                  PLUS500 LTD                3
18                 SPECTRIS PLC                3
19           TRAVIS PERKINS PLC                3

          Name of Share Issuer  Net Short Position (%)
0        WOOD GROUP (JOHN) PLC                    7.47
1       BABCOCK INTL GROUP PLC                    5.94
2    Flutter Entertainment plc                    5.57
3          GREENCORE GROUP PLC                    5.46
4                  EASYJET PLC                    4.45
5           HALFORDS GROUP PLC                    4.45
6           Go-Ahead Group PLC                    4.43
7          SIRIUS MINERALS PLC                    4.43
8               Kier Group plc                    4.28
9   CREST NICHOLSON HLDGS  PLC                    4.19
10              NMC HEALTH PLC                    3.94
11                  CAPITA PLC                    3.90
12         INTU PROPERTIES PLC                    3.90
13                 PLUS500 LTD                    3.80
14             CINEWORLD GROUP                    3.78
15              KINGFISHER PLC                    3.72
16     LANCASHIRE HOLDINGS LTD                    3.19
17        BLUE PRISM GROUP PLC                    3.05
18                      AA PLC                    2.96
19               A.G. Barr PLC                    2.90

#########[+]SUMMARY MOST OVERALL SHORTED[+]######################
#########[+]SUMMARY MOST OVERALL SHORTED[+]######################
#########[+]SUMMARY MOST OVERALL SHORTED[+]######################

[+]	SIRIUS MINERALS PLC
[+]	WOOD GROUP (JOHN) PLC
[+]	EASYJET PLC
[+]	BLUE PRISM GROUP PLC
[+]	PLUS500 LTD
[+]	Flutter Entertainment plc
[+]	KINGFISHER PLC
[+]	CINEWORLD GROUP
[+]	BABCOCK INTL GROUP PLC
[+]	CAPITA PLC
[+]	Kier Group plc
[+]	A.G. Barr PLC
[+]	NMC HEALTH PLC


THE SOFTWARE IS PROVIDED 'AS IS', WITHOUT WARRANTY OF ANY KIND, EXPRESS OR IMPLIED, INCLUDING BUT NOT LIMITED TO THE WARRANTIES OF MERCHANTABILITY, FITNESS FOR A PARTICULAR PURPOSE, TITLE AND NON-INFRINGEMENT. IN NO EVENT SHALL THE COPYRIGHT HOLDERS OR ANYONE DISTRIBUTING THE SOFTWARE BE LIABLE FOR ANY DAMAGES OR OTHER LIABILITY, WHETHER IN CONTRACT, TORT OR OTHERWISE, ARISING FROM, OUT OF OR IN CONNECTION WITH THE SOFTWARE OR THE USE OR OTHER DEALINGS IN THE SOFTWARE.

Dont forget to tip your server!
Bitcoin Cash (BCH)			qpz32c4lg7x7lnk9jg6qg7s4uavdce89myax5v5nuk
Ether (ETH)			0x843d3DEC2A4705BD4f45F674F641cE2D0022c9FB
Litecoin (LTC)			Lfk5y4F7KZa9oRxpazETwjQnHszEPvqPvu
Bitcoin (BTC)			14Dm7L3ABPtumPDcj3REAvs4L6w9YFRnHK
