##################################
##################################
##################################
Most Shorted Shares since [2019-08-28]
##################################
##################################
##################################

      Name of Share Issuer  Position Holder
0    WOOD GROUP (JOHN) PLC                6
1            HAMMERSON PLC                5
2      SIRIUS MINERALS PLC                5
3                   AA PLC                4
4    AUTO TRADER GROUP PLC                4
5   Arrow Global Group plc                4
6     KEYWORDS STUDIOS PLC                4
7           METRO BANK PLC                4
8              PLUS500 LTD                4
9     ST JAMES'S PLACE PLC                4
10           A.G. Barr PLC                3
11                ASOS PLC                3
12  BABCOCK INTL GROUP PLC                3
13         CINEWORLD GROUP                3
14     GREENCORE GROUP PLC                3
15          Kier Group plc                3
16             PEARSON PLC                3
17    RESTAURANT GROUP PLC                3
18          Royal Mail Plc                3
19        SEVERN TRENT PLC                3

       Name of Share Issuer  Net Short Position (%)
0                    AA PLC                    8.56
1            METRO BANK PLC                    8.38
2     THOMAS COOK GROUP PLC                    7.98
3     WOOD GROUP (JOHN) PLC                    6.92
4            Kier Group plc                    6.76
5                   SIG PLC                    5.40
6               PLUS500 LTD                    5.19
7   LANCASHIRE HOLDINGS LTD                    4.93
8       SIRIUS MINERALS PLC                    4.90
9               VALARIS PLC                    4.49
10           NMC HEALTH PLC                    4.41
11     RESTAURANT GROUP PLC                    3.86
12                 ASOS PLC                    3.76
13     ST JAMES'S PLACE PLC                    3.60
14            HAMMERSON PLC                    3.47
15              PEARSON PLC                    3.45
16              EASYJET PLC                    3.43
17     KEYWORDS STUDIOS PLC                    3.29
18            A.G. Barr PLC                    3.29
19   BABCOCK INTL GROUP PLC                    3.27

#########[+]SUMMARY MOST OVERALL SHORTED[+]######################
#########[+]SUMMARY MOST OVERALL SHORTED[+]######################
#########[+]SUMMARY MOST OVERALL SHORTED[+]######################

[+]	HAMMERSON PLC
[+]	KEYWORDS STUDIOS PLC
[+]	ST JAMES'S PLACE PLC
[+]	METRO BANK PLC
[+]	BABCOCK INTL GROUP PLC
[+]	PLUS500 LTD
[+]	Kier Group plc
[+]	PEARSON PLC
[+]	RESTAURANT GROUP PLC
[+]	SIRIUS MINERALS PLC
[+]	ASOS PLC
[+]	WOOD GROUP (JOHN) PLC
[+]	A.G. Barr PLC
[+]	AA PLC


THE SOFTWARE IS PROVIDED 'AS IS', WITHOUT WARRANTY OF ANY KIND, EXPRESS OR IMPLIED, INCLUDING BUT NOT LIMITED TO THE WARRANTIES OF MERCHANTABILITY, FITNESS FOR A PARTICULAR PURPOSE, TITLE AND NON-INFRINGEMENT. IN NO EVENT SHALL THE COPYRIGHT HOLDERS OR ANYONE DISTRIBUTING THE SOFTWARE BE LIABLE FOR ANY DAMAGES OR OTHER LIABILITY, WHETHER IN CONTRACT, TORT OR OTHERWISE, ARISING FROM, OUT OF OR IN CONNECTION WITH THE SOFTWARE OR THE USE OR OTHER DEALINGS IN THE SOFTWARE.

Dont forget to tip your server!
Bitcoin Cash (BCH)			qpz32c4lg7x7lnk9jg6qg7s4uavdce89myax5v5nuk
Ether (ETH)			0x843d3DEC2A4705BD4f45F674F641cE2D0022c9FB
Litecoin (LTC)			Lfk5y4F7KZa9oRxpazETwjQnHszEPvqPvu
Bitcoin (BTC)			14Dm7L3ABPtumPDcj3REAvs4L6w9YFRnHK
