##################################
##################################
##################################
Most Shorted Shares since [2019-04-26]
##################################
##################################
##################################

            Name of Share Issuer  Position Holder
0                 METRO BANK PLC                7
1            SIRIUS MINERALS PLC                7
2    JUPITER FUND MANAGEMENT PLC                6
3                     CAPITA PLC                5
4          WOOD GROUP (JOHN) PLC                5
5            GREENCORE GROUP PLC                4
6                    PLUS500 LTD                4
7                 Royal Mail Plc                4
8   SMITH (DAVID S) HOLDINGS PLC                4
9                         AA PLC                3
10                      ASOS PLC                3
11              CAIRN ENERGY PLC                3
12      DOMINO'S PIZZA GROUP PLC                3
13                 HAMMERSON PLC                3
14                KINGFISHER PLC                3
15                Kier Group plc                3
16     MARKS & SPENCER GROUP PLC                3
17               PREMIER OIL PLC                3
18             SAINSBURY (J) PLC                3
19         THOMAS COOK GROUP PLC                3

            Name of Share Issuer  Net Short Position (%)
0                 METRO BANK PLC                   10.24
1            SIRIUS MINERALS PLC                    7.94
2                         AA PLC                    7.85
3            GREENCORE GROUP PLC                    5.03
4                        IQE PLC                    4.80
5    JUPITER FUND MANAGEMENT PLC                    4.71
6          WOOD GROUP (JOHN) PLC                    4.55
7          THOMAS COOK GROUP PLC                    4.46
8      MARKS & SPENCER GROUP PLC                    4.42
9                     CAPITA PLC                    4.35
10                      ASOS PLC                    4.09
11                Kier Group plc                    4.07
12            ANGLO AMERICAN PLC                    3.76
13                   PLUS500 LTD                    3.73
14               PREMIER OIL PLC                    3.26
15            Go-Ahead Group PLC                    3.25
16                NMC HEALTH PLC                    3.12
17                KINGFISHER PLC                    3.04
18  SMITH (DAVID S) HOLDINGS PLC                    2.99
19                   DIGNITY PLC                    2.96

#########[+]SUMMARY MOST OVERALL SHORTED[+]######################
#########[+]SUMMARY MOST OVERALL SHORTED[+]######################
#########[+]SUMMARY MOST OVERALL SHORTED[+]######################

[+]	MARKS & SPENCER GROUP PLC
[+]	CAPITA PLC
[+]	SMITH (DAVID S) HOLDINGS PLC
[+]	PREMIER OIL PLC
[+]	KINGFISHER PLC
[+]	JUPITER FUND MANAGEMENT PLC
[+]	AA PLC
[+]	GREENCORE GROUP PLC
[+]	Kier Group plc
[+]	SIRIUS MINERALS PLC
[+]	ASOS PLC
[+]	METRO BANK PLC
[+]	WOOD GROUP (JOHN) PLC
[+]	THOMAS COOK GROUP PLC
[+]	PLUS500 LTD