##################################
##################################
##################################
Most Shorted Shares since [2019-06-24]
##################################
##################################
##################################

           Name of Share Issuer  Position Holder
0         THOMAS COOK GROUP PLC                6
1         WOOD GROUP (JOHN) PLC                6
2                      ASOS PLC                4
3                   EASYJET PLC                4
4           GREENCORE GROUP PLC                4
5   JUPITER FUND MANAGEMENT PLC                4
6                  JUST EAT PLC                4
7                KINGFISHER PLC                4
8                Kier Group plc                4
9                  PETROFAC LTD                4
10           ANGLO AMERICAN PLC                3
11       Arrow Global Group plc                3
12       BABCOCK INTL GROUP PLC                3
13                   CAPITA PLC                3
14     DOMINO'S PIZZA GROUP PLC                3
15    MARKS & SPENCER GROUP PLC                3
16               METRO BANK PLC                3
17    MICRO FOCUS INTERNATIONAL                3
18                  PLUS500 LTD                3
19              PREMIER OIL PLC                3

           Name of Share Issuer  Net Short Position (%)
0                Kier Group plc                    8.83
1           GREENCORE GROUP PLC                    7.66
2         THOMAS COOK GROUP PLC                    6.12
3         WOOD GROUP (JOHN) PLC                    5.38
4                   PLUS500 LTD                    5.00
5                       SIG PLC                    4.83
6                METRO BANK PLC                    4.59
7           INTU PROPERTIES PLC                    4.56
8        BABCOCK INTL GROUP PLC                    4.20
9                KINGFISHER PLC                    4.20
10                 PETROFAC LTD                    4.02
11              PREMIER OIL PLC                    3.94
12       Arrow Global Group plc                    3.85
13                 JUST EAT PLC                    3.58
14                  EASYJET PLC                    3.56
15  JUPITER FUND MANAGEMENT PLC                    3.54
16               NMC HEALTH PLC                    3.31
17                     ASOS PLC                    3.29
18      PROVIDENT FINANCIAL PLC                    2.81
19    MARKS & SPENCER GROUP PLC                    2.74

#########[+]SUMMARY MOST OVERALL SHORTED[+]######################
#########[+]SUMMARY MOST OVERALL SHORTED[+]######################
#########[+]SUMMARY MOST OVERALL SHORTED[+]######################

[+]	GREENCORE GROUP PLC
[+]	KINGFISHER PLC
[+]	PREMIER OIL PLC
[+]	MARKS & SPENCER GROUP PLC
[+]	Kier Group plc
[+]	METRO BANK PLC
[+]	EASYJET PLC
[+]	PLUS500 LTD
[+]	WOOD GROUP (JOHN) PLC
[+]	THOMAS COOK GROUP PLC
[+]	BABCOCK INTL GROUP PLC
[+]	JUST EAT PLC
[+]	Arrow Global Group plc
[+]	ASOS PLC
[+]	PETROFAC LTD
[+]	JUPITER FUND MANAGEMENT PLC


THE SOFTWARE IS PROVIDED 'AS IS', WITHOUT WARRANTY OF ANY KIND, EXPRESS OR IMPLIED, INCLUDING BUT NOT LIMITED TO THE WARRANTIES OF MERCHANTABILITY, FITNESS FOR A PARTICULAR PURPOSE, TITLE AND NON-INFRINGEMENT. IN NO EVENT SHALL THE COPYRIGHT HOLDERS OR ANYONE DISTRIBUTING THE SOFTWARE BE LIABLE FOR ANY DAMAGES OR OTHER LIABILITY, WHETHER IN CONTRACT, TORT OR OTHERWISE, ARISING FROM, OUT OF OR IN CONNECTION WITH THE SOFTWARE OR THE USE OR OTHER DEALINGS IN THE SOFTWARE.

Dont forget to tip your server!
Bitcoin Cash (BCH)			qpz32c4lg7x7lnk9jg6qg7s4uavdce89myax5v5nuk
Ether (ETH)			0x843d3DEC2A4705BD4f45F674F641cE2D0022c9FB
Litecoin (LTC)			Lfk5y4F7KZa9oRxpazETwjQnHszEPvqPvu
Bitcoin (BTC)			14Dm7L3ABPtumPDcj3REAvs4L6w9YFRnHK
