##################################
##################################
##################################
Most Shorted Shares since [2019-09-12]
##################################
##################################
##################################

          Name of Share Issuer  Position Holder
0        WOOD GROUP (JOHN) PLC                8
1                  PEARSON PLC                7
2           WEIR GROUP PLC/THE                7
3               KINGFISHER PLC                5
4                A.G. Barr PLC                4
5                     ASOS PLC                4
6              CINEWORLD GROUP                4
7               METRO BANK PLC                4
8                  PLUS500 LTD                4
9              PREMIER OIL PLC                4
10  SMART METERING SYSTEMS PLC                4
11                      AA PLC                3
12            AO WORLD PLC ORD                3
13       AUTO TRADER GROUP PLC                3
14      Arrow Global Group plc                3
15      BABCOCK INTL GROUP PLC                3
16                 BEAZLEY PLC                3
17               HAMMERSON PLC                3
18        KEYWORDS STUDIOS PLC                3
19              Kier Group plc                3

                           Name of Share Issuer  Net Short Position (%)
0                         WOOD GROUP (JOHN) PLC                    8.03
1                                METRO BANK PLC                    7.92
2                            WEIR GROUP PLC/THE                    6.58
3                                   PEARSON PLC                    6.25
4                                Kier Group plc                    6.05
5                                KINGFISHER PLC                    5.09
6                         THOMAS COOK GROUP PLC                    4.80
7                       LANCASHIRE HOLDINGS LTD                    4.65
8                               PREMIER OIL PLC                    4.57
9                                NMC HEALTH PLC                    4.19
10                                     ASOS PLC                    4.16
11                                A.G. Barr PLC                    4.11
12                                  PLUS500 LTD                    3.91
13                              CINEWORLD GROUP                    3.61
14                                       AA PLC                    3.60
15                          SIRIUS MINERALS PLC                    3.53
16                                  EASYJET PLC                    3.32
17  Invesco Currency Shares Euro Currency Trust                    3.14
18                                  BEAZLEY PLC                    3.10
19                     WM MORRISON SUPERMARKETS                    3.10

#########[+]SUMMARY MOST OVERALL SHORTED[+]######################
#########[+]SUMMARY MOST OVERALL SHORTED[+]######################
#########[+]SUMMARY MOST OVERALL SHORTED[+]######################

[+]	PLUS500 LTD
[+]	BEAZLEY PLC
[+]	ASOS PLC
[+]	PREMIER OIL PLC
[+]	WOOD GROUP (JOHN) PLC
[+]	WEIR GROUP PLC/THE
[+]	Kier Group plc
[+]	PEARSON PLC
[+]	METRO BANK PLC
[+]	AA PLC
[+]	CINEWORLD GROUP
[+]	A.G. Barr PLC
[+]	KINGFISHER PLC


THE SOFTWARE IS PROVIDED 'AS IS', WITHOUT WARRANTY OF ANY KIND, EXPRESS OR IMPLIED, INCLUDING BUT NOT LIMITED TO THE WARRANTIES OF MERCHANTABILITY, FITNESS FOR A PARTICULAR PURPOSE, TITLE AND NON-INFRINGEMENT. IN NO EVENT SHALL THE COPYRIGHT HOLDERS OR ANYONE DISTRIBUTING THE SOFTWARE BE LIABLE FOR ANY DAMAGES OR OTHER LIABILITY, WHETHER IN CONTRACT, TORT OR OTHERWISE, ARISING FROM, OUT OF OR IN CONNECTION WITH THE SOFTWARE OR THE USE OR OTHER DEALINGS IN THE SOFTWARE.

Dont forget to tip your server!
Bitcoin Cash (BCH)			qpz32c4lg7x7lnk9jg6qg7s4uavdce89myax5v5nuk
Ether (ETH)			0x843d3DEC2A4705BD4f45F674F641cE2D0022c9FB
Litecoin (LTC)			Lfk5y4F7KZa9oRxpazETwjQnHszEPvqPvu
Bitcoin (BTC)			14Dm7L3ABPtumPDcj3REAvs4L6w9YFRnHK
