##################################
##################################
##################################
Most Shorted Shares since [2019-05-17]
##################################
##################################
##################################

           Name of Share Issuer  Position Holder
0         WOOD GROUP (JOHN) PLC                7
1        BABCOCK INTL GROUP PLC                6
2     MARKS & SPENCER GROUP PLC                6
3   JUPITER FUND MANAGEMENT PLC                5
4                METRO BANK PLC                5
5         THOMAS COOK GROUP PLC                5
6                   EASYJET PLC                4
7                Kier Group plc                4
8                   VICTREX PLC                4
9                        AA PLC                3
10           ANGLO AMERICAN PLC                3
11                     ASOS PLC                3
12             CAIRN ENERGY PLC                3
13          GREENCORE GROUP PLC                3
14      HARGREAVES LANSDOWN PLC                3
15                 JUST EAT PLC                3
16               KINGFISHER PLC                3
17            NEWRIVER REIT PLC                3
18               NMC HEALTH PLC                3
19                 PETROFAC LTD                3

           Name of Share Issuer  Net Short Position (%)
0         THOMAS COOK GROUP PLC                    8.24
1     MARKS & SPENCER GROUP PLC                    7.73
2                        AA PLC                    7.55
3         WOOD GROUP (JOHN) PLC                    7.21
4        BABCOCK INTL GROUP PLC                    6.36
5           GREENCORE GROUP PLC                    6.23
6                Kier Group plc                    5.40
7                METRO BANK PLC                    5.21
8       LANCASHIRE HOLDINGS LTD                    5.15
9            ANGLO AMERICAN PLC                    5.09
10   CREST NICHOLSON HLDGS  PLC                    4.96
11          INTU PROPERTIES PLC                    4.89
12  JUPITER FUND MANAGEMENT PLC                    4.60
13          SIRIUS MINERALS PLC                    4.37
14               NMC HEALTH PLC                    4.14
15                      IQE PLC                    4.10
16                     ASOS PLC                    3.87
17                  PLUS500 LTD                    3.70
18            NEWRIVER REIT PLC                    3.14
19               KINGFISHER PLC                    3.03

#########[+]SUMMARY MOST OVERALL SHORTED[+]######################
#########[+]SUMMARY MOST OVERALL SHORTED[+]######################
#########[+]SUMMARY MOST OVERALL SHORTED[+]######################

[+]	MARKS & SPENCER GROUP PLC
[+]	BABCOCK INTL GROUP PLC
[+]	METRO BANK PLC
[+]	JUPITER FUND MANAGEMENT PLC
[+]	THOMAS COOK GROUP PLC
[+]	AA PLC
[+]	GREENCORE GROUP PLC
[+]	ASOS PLC
[+]	NMC HEALTH PLC
[+]	KINGFISHER PLC
[+]	Kier Group plc
[+]	WOOD GROUP (JOHN) PLC
[+]	NEWRIVER REIT PLC
[+]	ANGLO AMERICAN PLC


THE SOFTWARE IS PROVIDED 'AS IS', WITHOUT WARRANTY OF ANY KIND, EXPRESS OR IMPLIED, INCLUDING BUT NOT LIMITED TO THE WARRANTIES OF MERCHANTABILITY, FITNESS FOR A PARTICULAR PURPOSE, TITLE AND NON-INFRINGEMENT. IN NO EVENT SHALL THE COPYRIGHT HOLDERS OR ANYONE DISTRIBUTING THE SOFTWARE BE LIABLE FOR ANY DAMAGES OR OTHER LIABILITY, WHETHER IN CONTRACT, TORT OR OTHERWISE, ARISING FROM, OUT OF OR IN CONNECTION WITH THE SOFTWARE OR THE USE OR OTHER DEALINGS IN THE SOFTWARE.

Dont forget to tip your server!
Bitcoin Cash (BCH)			qpz32c4lg7x7lnk9jg6qg7s4uavdce89myax5v5nuk
Ether (ETH)			0x843d3DEC2A4705BD4f45F674F641cE2D0022c9FB
Litecoin (LTC)			Lfk5y4F7KZa9oRxpazETwjQnHszEPvqPvu
Bitcoin (BTC)			14Dm7L3ABPtumPDcj3REAvs4L6w9YFRnHK
