##################################
##################################
##################################
Most Shorted Shares since [2019-11-08]
##################################
##################################
##################################

           Name of Share Issuer  Position Holder
0               CINEWORLD GROUP                7
1     Flutter Entertainment plc                6
2          KEYWORDS STUDIOS PLC                5
3                KINGFISHER PLC                5
4        BABCOCK INTL GROUP PLC                4
5            EQUINITI GROUP PLC                4
6                NMC HEALTH PLC                4
7                  SPECTRIS PLC                4
8      DOMINO'S PIZZA GROUP PLC                3
9                   EASYJET PLC                3
10  JUPITER FUND MANAGEMENT PLC                3
11               Kier Group plc                3
12               METRO BANK PLC                3
13              OCADO GROUP PLC                3
14             SEVERN TRENT PLC                3
15           TRAVIS PERKINS PLC                3
16          Virgin Money UK PLC                3
17           WEIR GROUP PLC/THE                3
18     WM MORRISON SUPERMARKETS                3
19        WOOD GROUP (JOHN) PLC                3

          Name of Share Issuer  Net Short Position (%)
0              CINEWORLD GROUP                    8.86
1               METRO BANK PLC                    7.91
2    Flutter Entertainment plc                    5.83
3               NMC HEALTH PLC                    4.99
4         KEYWORDS STUDIOS PLC                    4.66
5               KINGFISHER PLC                    4.63
6                      IQE PLC                    4.43
7                  EASYJET PLC                    4.36
8        WOOD GROUP (JOHN) PLC                    4.12
9   CREST NICHOLSON HLDGS  PLC                    4.03
10      BABCOCK INTL GROUP PLC                    3.98
11              Kier Group plc                    3.85
12          WEIR GROUP PLC/THE                    3.84
13    DOMINO'S PIZZA GROUP PLC                    3.44
14                      AA PLC                    3.24
15         INTU PROPERTIES PLC                    3.19
16      PETS AT HOME GROUP PLC                    3.10
17          EQUINITI GROUP PLC                    3.07
18                 VALARIS PLC                    3.00
19             MITIE GROUP PLC                    2.91

#########[+]SUMMARY MOST OVERALL SHORTED[+]######################
#########[+]SUMMARY MOST OVERALL SHORTED[+]######################
#########[+]SUMMARY MOST OVERALL SHORTED[+]######################

[+]	KINGFISHER PLC
[+]	EQUINITI GROUP PLC
[+]	BABCOCK INTL GROUP PLC
[+]	Flutter Entertainment plc
[+]	WOOD GROUP (JOHN) PLC
[+]	EASYJET PLC
[+]	WEIR GROUP PLC/THE
[+]	NMC HEALTH PLC
[+]	METRO BANK PLC
[+]	CINEWORLD GROUP
[+]	DOMINO'S PIZZA GROUP PLC
[+]	Kier Group plc
[+]	KEYWORDS STUDIOS PLC


THE SOFTWARE IS PROVIDED 'AS IS', WITHOUT WARRANTY OF ANY KIND, EXPRESS OR IMPLIED, INCLUDING BUT NOT LIMITED TO THE WARRANTIES OF MERCHANTABILITY, FITNESS FOR A PARTICULAR PURPOSE, TITLE AND NON-INFRINGEMENT. IN NO EVENT SHALL THE COPYRIGHT HOLDERS OR ANYONE DISTRIBUTING THE SOFTWARE BE LIABLE FOR ANY DAMAGES OR OTHER LIABILITY, WHETHER IN CONTRACT, TORT OR OTHERWISE, ARISING FROM, OUT OF OR IN CONNECTION WITH THE SOFTWARE OR THE USE OR OTHER DEALINGS IN THE SOFTWARE.

Dont forget to tip your server!
Bitcoin Cash (BCH)			qpz32c4lg7x7lnk9jg6qg7s4uavdce89myax5v5nuk
Ether (ETH)			0x843d3DEC2A4705BD4f45F674F641cE2D0022c9FB
Litecoin (LTC)			Lfk5y4F7KZa9oRxpazETwjQnHszEPvqPvu
Bitcoin (BTC)			14Dm7L3ABPtumPDcj3REAvs4L6w9YFRnHK
