##################################
##################################
##################################
Most Shorted Shares since [2019-09-19]
##################################
##################################
##################################

           Name of Share Issuer  Position Holder
0         WOOD GROUP (JOHN) PLC                7
1   JUPITER FUND MANAGEMENT PLC                6
2                   PEARSON PLC                6
3        BABCOCK INTL GROUP PLC                5
4               CINEWORLD GROUP                5
5            WEIR GROUP PLC/THE                5
6                 A.G. Barr PLC                4
7     Flutter Entertainment plc                4
8                KINGFISHER PLC                4
9                METRO BANK PLC                4
10               Royal Mail Plc                4
11         ST JAMES'S PLACE PLC                4
12        AUTO TRADER GROUP PLC                3
13                     CYBG PLC                3
14     DOMINO'S PIZZA GROUP PLC                3
15                HAMMERSON PLC                3
16          JOHNSON MATTHEY PLC                3
17                  PLUS500 LTD                3
18              PREMIER OIL PLC                3
19   SMART METERING SYSTEMS PLC                3

           Name of Share Issuer  Net Short Position (%)
0                METRO BANK PLC                    8.95
1         WOOD GROUP (JOHN) PLC                    6.80
2   JUPITER FUND MANAGEMENT PLC                    5.86
3                       SIG PLC                    5.28
4                   PEARSON PLC                    5.20
5            WEIR GROUP PLC/THE                    4.98
6         THOMAS COOK GROUP PLC                    4.80
7        BABCOCK INTL GROUP PLC                    4.67
8       LANCASHIRE HOLDINGS LTD                    4.65
9                Royal Mail Plc                    4.64
10              CINEWORLD GROUP                    4.35
11               KINGFISHER PLC                    4.31
12               NMC HEALTH PLC                    4.20
13                A.G. Barr PLC                    4.04
14              PREMIER OIL PLC                    3.32
15                  EASYJET PLC                    3.18
16    Flutter Entertainment plc                    3.02
17                HAMMERSON PLC                    3.01
18                       AA PLC                    2.91
19          SIRIUS MINERALS PLC                    2.90

#########[+]SUMMARY MOST OVERALL SHORTED[+]######################
#########[+]SUMMARY MOST OVERALL SHORTED[+]######################
#########[+]SUMMARY MOST OVERALL SHORTED[+]######################

[+]	Flutter Entertainment plc
[+]	WEIR GROUP PLC/THE
[+]	METRO BANK PLC
[+]	BABCOCK INTL GROUP PLC
[+]	PREMIER OIL PLC
[+]	HAMMERSON PLC
[+]	JUPITER FUND MANAGEMENT PLC
[+]	Royal Mail Plc
[+]	KINGFISHER PLC
[+]	PEARSON PLC
[+]	A.G. Barr PLC
[+]	CINEWORLD GROUP
[+]	WOOD GROUP (JOHN) PLC


THE SOFTWARE IS PROVIDED 'AS IS', WITHOUT WARRANTY OF ANY KIND, EXPRESS OR IMPLIED, INCLUDING BUT NOT LIMITED TO THE WARRANTIES OF MERCHANTABILITY, FITNESS FOR A PARTICULAR PURPOSE, TITLE AND NON-INFRINGEMENT. IN NO EVENT SHALL THE COPYRIGHT HOLDERS OR ANYONE DISTRIBUTING THE SOFTWARE BE LIABLE FOR ANY DAMAGES OR OTHER LIABILITY, WHETHER IN CONTRACT, TORT OR OTHERWISE, ARISING FROM, OUT OF OR IN CONNECTION WITH THE SOFTWARE OR THE USE OR OTHER DEALINGS IN THE SOFTWARE.

Dont forget to tip your server!
Bitcoin Cash (BCH)			qpz32c4lg7x7lnk9jg6qg7s4uavdce89myax5v5nuk
Ether (ETH)			0x843d3DEC2A4705BD4f45F674F641cE2D0022c9FB
Litecoin (LTC)			Lfk5y4F7KZa9oRxpazETwjQnHszEPvqPvu
Bitcoin (BTC)			14Dm7L3ABPtumPDcj3REAvs4L6w9YFRnHK
