##################################
##################################
##################################
Most Shorted Shares since [2019-10-11]
##################################
##################################
##################################

           Name of Share Issuer  Position Holder
0     Flutter Entertainment plc                8
1         WOOD GROUP (JOHN) PLC                6
2        BABCOCK INTL GROUP PLC                5
3                 A.G. Barr PLC                4
4         AUTO TRADER GROUP PLC                4
5                   EASYJET PLC                4
6                KINGFISHER PLC                4
7                      ASOS PLC                3
8          BLUE PRISM GROUP PLC                3
9                    CAPITA PLC                3
10  JUPITER FUND MANAGEMENT PLC                3
11               Kier Group plc                3
12               Royal Mail Plc                3
13          SIRIUS MINERALS PLC                3

          Name of Share Issuer  Net Short Position (%)
0    Flutter Entertainment plc                    7.24
1        WOOD GROUP (JOHN) PLC                    6.19
2          GREENCORE GROUP PLC                    5.50
3                  EASYJET PLC                    5.30
4   CREST NICHOLSON HLDGS  PLC                    4.95
5               KINGFISHER PLC                    4.73
6       BABCOCK INTL GROUP PLC                    4.72
7               Kier Group plc                    4.65
8               METRO BANK PLC                    4.41
9               Royal Mail Plc                    4.04
10         INTU PROPERTIES PLC                    3.96
11                  CAPITA PLC                    3.83
12                 PLUS500 LTD                    3.79
13               A.G. Barr PLC                    3.68
14         SIRIUS MINERALS PLC                    3.60
15                    ASOS PLC                    3.41
16     LANCASHIRE HOLDINGS LTD                    3.19
17              NMC HEALTH PLC                    2.99
18             CINEWORLD GROUP                    2.92
19               Marston's plc                    2.85

#########[+]SUMMARY MOST OVERALL SHORTED[+]######################
#########[+]SUMMARY MOST OVERALL SHORTED[+]######################
#########[+]SUMMARY MOST OVERALL SHORTED[+]######################

[+]	EASYJET PLC
[+]	ASOS PLC
[+]	A.G. Barr PLC
[+]	CAPITA PLC
[+]	Flutter Entertainment plc
[+]	SIRIUS MINERALS PLC
[+]	BABCOCK INTL GROUP PLC
[+]	Royal Mail Plc
[+]	KINGFISHER PLC
[+]	WOOD GROUP (JOHN) PLC
[+]	Kier Group plc


THE SOFTWARE IS PROVIDED 'AS IS', WITHOUT WARRANTY OF ANY KIND, EXPRESS OR IMPLIED, INCLUDING BUT NOT LIMITED TO THE WARRANTIES OF MERCHANTABILITY, FITNESS FOR A PARTICULAR PURPOSE, TITLE AND NON-INFRINGEMENT. IN NO EVENT SHALL THE COPYRIGHT HOLDERS OR ANYONE DISTRIBUTING THE SOFTWARE BE LIABLE FOR ANY DAMAGES OR OTHER LIABILITY, WHETHER IN CONTRACT, TORT OR OTHERWISE, ARISING FROM, OUT OF OR IN CONNECTION WITH THE SOFTWARE OR THE USE OR OTHER DEALINGS IN THE SOFTWARE.

Dont forget to tip your server!
Bitcoin Cash (BCH)			qpz32c4lg7x7lnk9jg6qg7s4uavdce89myax5v5nuk
Ether (ETH)			0x843d3DEC2A4705BD4f45F674F641cE2D0022c9FB
Litecoin (LTC)			Lfk5y4F7KZa9oRxpazETwjQnHszEPvqPvu
Bitcoin (BTC)			14Dm7L3ABPtumPDcj3REAvs4L6w9YFRnHK
