##################################
##################################
##################################
Most Shorted Shares since [2019-05-31]
##################################
##################################
##################################

            Name of Share Issuer  Position Holder
0    JUPITER FUND MANAGEMENT PLC                7
1         BABCOCK INTL GROUP PLC                6
2                   JUST EAT PLC                6
3                 Kier Group plc                6
4              NEWRIVER REIT PLC                5
5                         AA PLC                4
6                    AGGREKO PLC                4
7             ANGLO AMERICAN PLC                4
8                       ASOS PLC                4
9          AUTO TRADER GROUP PLC                4
10    DAILY MAIL & GENERAL TRUST                4
11           INTU PROPERTIES PLC                4
12     MARKS & SPENCER GROUP PLC                4
13                METRO BANK PLC                4
14                   PLUS500 LTD                4
15  SMITH (DAVID S) HOLDINGS PLC                4
16         WOOD GROUP (JOHN) PLC                4
17           BCA MARKETPLACE PLC                3
18                    CAPITA PLC                3
19                   EASYJET PLC                3

           Name of Share Issuer  Net Short Position (%)
0                Kier Group plc                    8.82
1                        AA PLC                    8.49
2        BABCOCK INTL GROUP PLC                    7.02
3   JUPITER FUND MANAGEMENT PLC                    6.69
4           INTU PROPERTIES PLC                    6.26
5         WOOD GROUP (JOHN) PLC                    6.04
6       LANCASHIRE HOLDINGS LTD                    5.89
7            ANGLO AMERICAN PLC                    5.70
8                  JUST EAT PLC                    5.25
9     MARKS & SPENCER GROUP PLC                    4.92
10               METRO BANK PLC                    4.90
11            NEWRIVER REIT PLC                    4.36
12                     ASOS PLC                    3.98
13                      SIG PLC                    3.92
14          GREENCORE GROUP PLC                    3.84
15        THOMAS COOK GROUP PLC                    3.69
16              Ensco Rowan plc                    3.67
17              MITIE GROUP PLC                    3.53
18            MAJESTIC WINE PLC                    3.42
19           Go-Ahead Group PLC                    3.40

#########[+]SUMMARY MOST OVERALL SHORTED[+]######################
#########[+]SUMMARY MOST OVERALL SHORTED[+]######################
#########[+]SUMMARY MOST OVERALL SHORTED[+]######################

[+]	JUST EAT PLC
[+]	MARKS & SPENCER GROUP PLC
[+]	Kier Group plc
[+]	ASOS PLC
[+]	WOOD GROUP (JOHN) PLC
[+]	NEWRIVER REIT PLC
[+]	JUPITER FUND MANAGEMENT PLC
[+]	BABCOCK INTL GROUP PLC
[+]	AA PLC
[+]	INTU PROPERTIES PLC
[+]	ANGLO AMERICAN PLC
[+]	METRO BANK PLC


THE SOFTWARE IS PROVIDED 'AS IS', WITHOUT WARRANTY OF ANY KIND, EXPRESS OR IMPLIED, INCLUDING BUT NOT LIMITED TO THE WARRANTIES OF MERCHANTABILITY, FITNESS FOR A PARTICULAR PURPOSE, TITLE AND NON-INFRINGEMENT. IN NO EVENT SHALL THE COPYRIGHT HOLDERS OR ANYONE DISTRIBUTING THE SOFTWARE BE LIABLE FOR ANY DAMAGES OR OTHER LIABILITY, WHETHER IN CONTRACT, TORT OR OTHERWISE, ARISING FROM, OUT OF OR IN CONNECTION WITH THE SOFTWARE OR THE USE OR OTHER DEALINGS IN THE SOFTWARE.

Dont forget to tip your server!
Bitcoin Cash (BCH)			qpz32c4lg7x7lnk9jg6qg7s4uavdce89myax5v5nuk
Ether (ETH)			0x843d3DEC2A4705BD4f45F674F641cE2D0022c9FB
Litecoin (LTC)			Lfk5y4F7KZa9oRxpazETwjQnHszEPvqPvu
Bitcoin (BTC)			14Dm7L3ABPtumPDcj3REAvs4L6w9YFRnHK
