##################################
##################################
##################################
Most Shorted Shares since [2019-11-22]
##################################
##################################
##################################

                        Name of Share Issuer  Position Holder
0                  Flutter Entertainment plc                5
1                             KINGFISHER PLC                5
2   Aston Martin Lagonda Global Holdings Plc                4
3                            CINEWORLD GROUP                4
4                      WOOD GROUP (JOHN) PLC                4
5                                   ASOS PLC                3
6                     BABCOCK INTL GROUP PLC                3
7                    CRODA INTERNATIONAL PLC                3
8                        DIXONS CARPHONE PLC                3
9                   DOMINO'S PIZZA GROUP PLC                3
10                               EASYJET PLC                3
11               JUPITER FUND MANAGEMENT PLC                3
12                      KEYWORDS STUDIOS PLC                3
13                            METRO BANK PLC                3
14                Moneysupermarket.com Group                3
15                            NMC HEALTH PLC                3
16                              PETROFAC LTD                3
17                        TRAVIS PERKINS PLC                3
18                               VICTREX PLC                3
19                        VODAFONE GROUP PLC                3

                        Name of Share Issuer  Net Short Position (%)
0                            CINEWORLD GROUP                    7.62
1                             METRO BANK PLC                    5.58
2                                    SIG PLC                    5.29
3                             KINGFISHER PLC                    4.79
4                                EASYJET PLC                    4.64
5                        GREENCORE GROUP PLC                    4.59
6                  Flutter Entertainment plc                    4.51
7                      WOOD GROUP (JOHN) PLC                    4.21
8                         Go-Ahead Group PLC                    4.14
9                 CREST NICHOLSON HLDGS  PLC                    4.06
10                            NMC HEALTH PLC                    3.91
11                        WEIR GROUP PLC/THE                    3.56
12  Aston Martin Lagonda Global Holdings Plc                    3.51
13                               VALARIS PLC                    3.33
14                              PETROFAC LTD                    3.18
15                         SAINSBURY (J) PLC                    3.05
16                          DUNELM GROUP PLC                    3.04
17                         PETROPAVLOVSK PLC                    3.03
18                                  ASOS PLC                    2.92
19                               PEARSON PLC                    2.87

#########[+]SUMMARY MOST OVERALL SHORTED[+]######################
#########[+]SUMMARY MOST OVERALL SHORTED[+]######################
#########[+]SUMMARY MOST OVERALL SHORTED[+]######################

[+]	METRO BANK PLC
[+]	EASYJET PLC
[+]	Aston Martin Lagonda Global Holdings Plc
[+]	CINEWORLD GROUP
[+]	KINGFISHER PLC
[+]	Flutter Entertainment plc
[+]	WOOD GROUP (JOHN) PLC
[+]	ASOS PLC
[+]	PETROFAC LTD
[+]	NMC HEALTH PLC


THE SOFTWARE IS PROVIDED 'AS IS', WITHOUT WARRANTY OF ANY KIND, EXPRESS OR IMPLIED, INCLUDING BUT NOT LIMITED TO THE WARRANTIES OF MERCHANTABILITY, FITNESS FOR A PARTICULAR PURPOSE, TITLE AND NON-INFRINGEMENT. IN NO EVENT SHALL THE COPYRIGHT HOLDERS OR ANYONE DISTRIBUTING THE SOFTWARE BE LIABLE FOR ANY DAMAGES OR OTHER LIABILITY, WHETHER IN CONTRACT, TORT OR OTHERWISE, ARISING FROM, OUT OF OR IN CONNECTION WITH THE SOFTWARE OR THE USE OR OTHER DEALINGS IN THE SOFTWARE.

Dont forget to tip your server!
Bitcoin Cash (BCH)			qpz32c4lg7x7lnk9jg6qg7s4uavdce89myax5v5nuk
Ether (ETH)			0x843d3DEC2A4705BD4f45F674F641cE2D0022c9FB
Litecoin (LTC)			Lfk5y4F7KZa9oRxpazETwjQnHszEPvqPvu
Bitcoin (BTC)			14Dm7L3ABPtumPDcj3REAvs4L6w9YFRnHK
