##################################
##################################
##################################
Most Shorted Shares since [2019-12-03]
##################################
##################################
##################################

                        Name of Share Issuer  Position Holder
0   Aston Martin Lagonda Global Holdings Plc                5
1                            CINEWORLD GROUP                5
2                                VICTREX PLC                5
3                                 CAPITA PLC                4
4                  Flutter Entertainment plc                4
5                              HAMMERSON PLC                4
6                             KINGFISHER PLC                4
7                                PEARSON PLC                4
8                               PETROFAC LTD                4
9                             Royal Mail Plc                4
10                        WEIR GROUP PLC/THE                4
11                     WOOD GROUP (JOHN) PLC                4
12                                    AA PLC                3
13                    BABCOCK INTL GROUP PLC                3
14                          DUNELM GROUP PLC                3
15                               EASYJET PLC                3
16               JUPITER FUND MANAGEMENT PLC                3
17                      KEYWORDS STUDIOS PLC                3
18                           MITIE GROUP PLC                3
19                Moneysupermarket.com Group                3

                        Name of Share Issuer  Net Short Position (%)
0                            CINEWORLD GROUP                    8.63
1                                    SIG PLC                    6.69
2                             Royal Mail Plc                    5.15
3                      WOOD GROUP (JOHN) PLC                    4.70
4                                VICTREX PLC                    4.69
5                               PETROFAC LTD                    4.60
6                             KINGFISHER PLC                    4.46
7                        GREENCORE GROUP PLC                    4.35
8                                PEARSON PLC                    4.33
9                            MITIE GROUP PLC                    4.21
10  Aston Martin Lagonda Global Holdings Plc                    4.17
11                        WEIR GROUP PLC/THE                    4.10
12                               EASYJET PLC                    4.09
13                             HAMMERSON PLC                    4.08
14                                    AA PLC                    4.00
15                                CAPITA PLC                    3.92
16                 Flutter Entertainment plc                    3.71
17                            METRO BANK PLC                    3.62
18                    BABCOCK INTL GROUP PLC                    3.36
19                               VALARIS PLC                    3.33

#########[+]SUMMARY MOST OVERALL SHORTED[+]######################
#########[+]SUMMARY MOST OVERALL SHORTED[+]######################
#########[+]SUMMARY MOST OVERALL SHORTED[+]######################

[+]	PEARSON PLC
[+]	KINGFISHER PLC
[+]	PETROFAC LTD
[+]	WEIR GROUP PLC/THE
[+]	WOOD GROUP (JOHN) PLC
[+]	Flutter Entertainment plc
[+]	BABCOCK INTL GROUP PLC
[+]	CAPITA PLC
[+]	HAMMERSON PLC
[+]	CINEWORLD GROUP
[+]	Royal Mail Plc
[+]	AA PLC
[+]	EASYJET PLC
[+]	MITIE GROUP PLC
[+]	VICTREX PLC
[+]	Aston Martin Lagonda Global Holdings Plc


THE SOFTWARE IS PROVIDED 'AS IS', WITHOUT WARRANTY OF ANY KIND, EXPRESS OR IMPLIED, INCLUDING BUT NOT LIMITED TO THE WARRANTIES OF MERCHANTABILITY, FITNESS FOR A PARTICULAR PURPOSE, TITLE AND NON-INFRINGEMENT. IN NO EVENT SHALL THE COPYRIGHT HOLDERS OR ANYONE DISTRIBUTING THE SOFTWARE BE LIABLE FOR ANY DAMAGES OR OTHER LIABILITY, WHETHER IN CONTRACT, TORT OR OTHERWISE, ARISING FROM, OUT OF OR IN CONNECTION WITH THE SOFTWARE OR THE USE OR OTHER DEALINGS IN THE SOFTWARE.

Dont forget to tip your server!
Bitcoin Cash (BCH)			qpz32c4lg7x7lnk9jg6qg7s4uavdce89myax5v5nuk
Ether (ETH)			0x843d3DEC2A4705BD4f45F674F641cE2D0022c9FB
Litecoin (LTC)			Lfk5y4F7KZa9oRxpazETwjQnHszEPvqPvu
Bitcoin (BTC)			14Dm7L3ABPtumPDcj3REAvs4L6w9YFRnHK
