##################################
##################################
##################################
Most Shorted Shares since [2019-10-09]
##################################
##################################
##################################

           Name of Share Issuer  Position Holder
0     Flutter Entertainment plc                8
1         WOOD GROUP (JOHN) PLC                7
2         AUTO TRADER GROUP PLC                5
3                 A.G. Barr PLC                4
4        BABCOCK INTL GROUP PLC                4
5                   EASYJET PLC                4
6                KINGFISHER PLC                4
7                Royal Mail Plc                4
8                      ASOS PLC                3
9                    CAPITA PLC                3
10              CINEWORLD GROUP                3
11             DUNELM GROUP PLC                3
12  JUPITER FUND MANAGEMENT PLC                3
13         KEYWORDS STUDIOS PLC                3
14               Kier Group plc                3
15               METRO BANK PLC                3
16                  PEARSON PLC                3
17               PETRA DIAMONDS                3
18                  PLUS500 LTD                3
19          SIRIUS MINERALS PLC                3

          Name of Share Issuer  Net Short Position (%)
0    Flutter Entertainment plc                    7.24
1        WOOD GROUP (JOHN) PLC                    6.71
2          GREENCORE GROUP PLC                    5.50
3               Royal Mail Plc                    5.17
4               METRO BANK PLC                    5.10
5                  EASYJET PLC                    5.04
6   CREST NICHOLSON HLDGS  PLC                    4.95
7               KINGFISHER PLC                    4.89
8               Kier Group plc                    4.65
9              CINEWORLD GROUP                    4.38
10      BABCOCK INTL GROUP PLC                    4.08
11                  CAPITA PLC                    3.83
12               A.G. Barr PLC                    3.56
13              NMC HEALTH PLC                    3.49
14                    ASOS PLC                    3.41
15         SIRIUS MINERALS PLC                    3.39
16             MITIE GROUP PLC                    3.36
17         INTU PROPERTIES PLC                    3.25
18            DUNELM GROUP PLC                    3.21
19     LANCASHIRE HOLDINGS LTD                    3.20

#########[+]SUMMARY MOST OVERALL SHORTED[+]######################
#########[+]SUMMARY MOST OVERALL SHORTED[+]######################
#########[+]SUMMARY MOST OVERALL SHORTED[+]######################

[+]	METRO BANK PLC
[+]	ASOS PLC
[+]	Flutter Entertainment plc
[+]	A.G. Barr PLC
[+]	SIRIUS MINERALS PLC
[+]	Royal Mail Plc
[+]	Kier Group plc
[+]	EASYJET PLC
[+]	KINGFISHER PLC
[+]	WOOD GROUP (JOHN) PLC
[+]	CINEWORLD GROUP
[+]	BABCOCK INTL GROUP PLC
[+]	DUNELM GROUP PLC
[+]	CAPITA PLC


THE SOFTWARE IS PROVIDED 'AS IS', WITHOUT WARRANTY OF ANY KIND, EXPRESS OR IMPLIED, INCLUDING BUT NOT LIMITED TO THE WARRANTIES OF MERCHANTABILITY, FITNESS FOR A PARTICULAR PURPOSE, TITLE AND NON-INFRINGEMENT. IN NO EVENT SHALL THE COPYRIGHT HOLDERS OR ANYONE DISTRIBUTING THE SOFTWARE BE LIABLE FOR ANY DAMAGES OR OTHER LIABILITY, WHETHER IN CONTRACT, TORT OR OTHERWISE, ARISING FROM, OUT OF OR IN CONNECTION WITH THE SOFTWARE OR THE USE OR OTHER DEALINGS IN THE SOFTWARE.

Dont forget to tip your server!
Bitcoin Cash (BCH)			qpz32c4lg7x7lnk9jg6qg7s4uavdce89myax5v5nuk
Ether (ETH)			0x843d3DEC2A4705BD4f45F674F641cE2D0022c9FB
Litecoin (LTC)			Lfk5y4F7KZa9oRxpazETwjQnHszEPvqPvu
Bitcoin (BTC)			14Dm7L3ABPtumPDcj3REAvs4L6w9YFRnHK
