##################################
##################################
##################################
Most Shorted Shares since [2019-08-06]
##################################
##################################
##################################

             Name of Share Issuer  Position Holder
0                 CINEWORLD GROUP                6
1           WOOD GROUP (JOHN) PLC                6
2                        ASOS PLC                5
3          Arrow Global Group plc                5
4                  Kier Group plc                5
5                    PETROFAC LTD                5
6                SEVERN TRENT PLC                5
7              WEIR GROUP PLC/THE                5
8                     BEAZLEY PLC                4
9                        CYBG PLC                4
10                 METRO BANK PLC                4
11                 NMC HEALTH PLC                4
12                    PLUS500 LTD                4
13                PREMIER OIL PLC                4
14          THOMAS COOK GROUP PLC                4
15                    AGGREKO PLC                3
16         BABCOCK INTL GROUP PLC                3
17  CAPITAL & COUNTIES PROPERTIES                3
18                  FRESNILLO PLC                3
19            GREENCORE GROUP PLC                3

      Name of Share Issuer  Net Short Position (%)
0           Kier Group plc                   11.20
1    THOMAS COOK GROUP PLC                    7.76
2           METRO BANK PLC                    7.58
3      GREENCORE GROUP PLC                    6.48
4             PETROFAC LTD                    5.66
5           NMC HEALTH PLC                    5.47
6          PREMIER OIL PLC                    5.39
7          CINEWORLD GROUP                    5.34
8    WOOD GROUP (JOHN) PLC                    5.31
9              PLUS500 LTD                    5.28
10                ASOS PLC                    5.09
11  Arrow Global Group plc                    5.05
12                 SIG PLC                    4.98
13     INTU PROPERTIES PLC                    4.40
14             PEARSON PLC                    4.08
15        SEVERN TRENT PLC                    3.92
16      WEIR GROUP PLC/THE                    3.75
17             BEAZLEY PLC                    3.66
18  BABCOCK INTL GROUP PLC                    3.58
19             EASYJET PLC                    3.40

#########[+]SUMMARY MOST OVERALL SHORTED[+]######################
#########[+]SUMMARY MOST OVERALL SHORTED[+]######################
#########[+]SUMMARY MOST OVERALL SHORTED[+]######################

[+]	PREMIER OIL PLC
[+]	BABCOCK INTL GROUP PLC
[+]	GREENCORE GROUP PLC
[+]	WOOD GROUP (JOHN) PLC
[+]	METRO BANK PLC
[+]	THOMAS COOK GROUP PLC
[+]	Kier Group plc
[+]	CINEWORLD GROUP
[+]	NMC HEALTH PLC
[+]	PLUS500 LTD
[+]	SEVERN TRENT PLC
[+]	PETROFAC LTD
[+]	WEIR GROUP PLC/THE
[+]	Arrow Global Group plc
[+]	BEAZLEY PLC
[+]	ASOS PLC


THE SOFTWARE IS PROVIDED 'AS IS', WITHOUT WARRANTY OF ANY KIND, EXPRESS OR IMPLIED, INCLUDING BUT NOT LIMITED TO THE WARRANTIES OF MERCHANTABILITY, FITNESS FOR A PARTICULAR PURPOSE, TITLE AND NON-INFRINGEMENT. IN NO EVENT SHALL THE COPYRIGHT HOLDERS OR ANYONE DISTRIBUTING THE SOFTWARE BE LIABLE FOR ANY DAMAGES OR OTHER LIABILITY, WHETHER IN CONTRACT, TORT OR OTHERWISE, ARISING FROM, OUT OF OR IN CONNECTION WITH THE SOFTWARE OR THE USE OR OTHER DEALINGS IN THE SOFTWARE.

Dont forget to tip your server!
Bitcoin Cash (BCH)			qpz32c4lg7x7lnk9jg6qg7s4uavdce89myax5v5nuk
Ether (ETH)			0x843d3DEC2A4705BD4f45F674F641cE2D0022c9FB
Litecoin (LTC)			Lfk5y4F7KZa9oRxpazETwjQnHszEPvqPvu
Bitcoin (BTC)			14Dm7L3ABPtumPDcj3REAvs4L6w9YFRnHK
