##################################
##################################
##################################
Most Shorted Shares since [2019-10-16]
##################################
##################################
##################################

           Name of Share Issuer  Position Holder
0     Flutter Entertainment plc                7
1         WOOD GROUP (JOHN) PLC                6
2                KINGFISHER PLC                5
3                 A.G. Barr PLC                4
4         AUTO TRADER GROUP PLC                4
5        BABCOCK INTL GROUP PLC                4
6                   EASYJET PLC                4
7                Royal Mail Plc                4
8           SIRIUS MINERALS PLC                4
9        Arrow Global Group plc                3
10         BLUE PRISM GROUP PLC                3
11                   CAPITA PLC                3
12              CINEWORLD GROUP                3
13     DOMINO'S PIZZA GROUP PLC                3
14                HAMMERSON PLC                3
15  JUPITER FUND MANAGEMENT PLC                3
16               Kier Group plc                3
17               NMC HEALTH PLC                3
18                  PEARSON PLC                3
19                  PLUS500 LTD                3

          Name of Share Issuer  Net Short Position (%)
0    Flutter Entertainment plc                    6.45
1               KINGFISHER PLC                    5.65
2          GREENCORE GROUP PLC                    5.50
3                  EASYJET PLC                    5.41
4        WOOD GROUP (JOHN) PLC                    5.21
5               Royal Mail Plc                    4.93
6   CREST NICHOLSON HLDGS  PLC                    4.33
7          SIRIUS MINERALS PLC                    4.15
8          INTU PROPERTIES PLC                    3.96
9               NMC HEALTH PLC                    3.94
10              Kier Group plc                    3.87
11                  CAPITA PLC                    3.83
12                 PLUS500 LTD                    3.78
13               A.G. Barr PLC                    3.68
14      BABCOCK INTL GROUP PLC                    3.64
15             CINEWORLD GROUP                    3.58
16     LANCASHIRE HOLDINGS LTD                    3.19
17    DOMINO'S PIZZA GROUP PLC                    3.01
18        BLUE PRISM GROUP PLC                    2.96
19       AUTO TRADER GROUP PLC                    2.73

#########[+]SUMMARY MOST OVERALL SHORTED[+]######################
#########[+]SUMMARY MOST OVERALL SHORTED[+]######################
#########[+]SUMMARY MOST OVERALL SHORTED[+]######################

[+]	PLUS500 LTD
[+]	Flutter Entertainment plc
[+]	NMC HEALTH PLC
[+]	SIRIUS MINERALS PLC
[+]	CINEWORLD GROUP
[+]	A.G. Barr PLC
[+]	Royal Mail Plc
[+]	BABCOCK INTL GROUP PLC
[+]	BLUE PRISM GROUP PLC
[+]	WOOD GROUP (JOHN) PLC
[+]	DOMINO'S PIZZA GROUP PLC
[+]	KINGFISHER PLC
[+]	EASYJET PLC
[+]	Kier Group plc
[+]	AUTO TRADER GROUP PLC
[+]	CAPITA PLC


THE SOFTWARE IS PROVIDED 'AS IS', WITHOUT WARRANTY OF ANY KIND, EXPRESS OR IMPLIED, INCLUDING BUT NOT LIMITED TO THE WARRANTIES OF MERCHANTABILITY, FITNESS FOR A PARTICULAR PURPOSE, TITLE AND NON-INFRINGEMENT. IN NO EVENT SHALL THE COPYRIGHT HOLDERS OR ANYONE DISTRIBUTING THE SOFTWARE BE LIABLE FOR ANY DAMAGES OR OTHER LIABILITY, WHETHER IN CONTRACT, TORT OR OTHERWISE, ARISING FROM, OUT OF OR IN CONNECTION WITH THE SOFTWARE OR THE USE OR OTHER DEALINGS IN THE SOFTWARE.

Dont forget to tip your server!
Bitcoin Cash (BCH)			qpz32c4lg7x7lnk9jg6qg7s4uavdce89myax5v5nuk
Ether (ETH)			0x843d3DEC2A4705BD4f45F674F641cE2D0022c9FB
Litecoin (LTC)			Lfk5y4F7KZa9oRxpazETwjQnHszEPvqPvu
Bitcoin (BTC)			14Dm7L3ABPtumPDcj3REAvs4L6w9YFRnHK
