##################################
##################################
##################################
Most Shorted Shares since [2019-08-02]
##################################
##################################
##################################

             Name of Share Issuer  Position Holder
0                 CINEWORLD GROUP                6
1              WEIR GROUP PLC/THE                6
2                        ASOS PLC                5
3          Arrow Global Group plc                5
4                  Kier Group plc                5
5                    PETROFAC LTD                5
6                SEVERN TRENT PLC                5
7           WOOD GROUP (JOHN) PLC                5
8          BABCOCK INTL GROUP PLC                4
9                     BEAZLEY PLC                4
10                  HAMMERSON PLC                4
11                 KINGFISHER PLC                4
12                 METRO BANK PLC                4
13                 NMC HEALTH PLC                4
14                PREMIER OIL PLC                4
15            SIRIUS MINERALS PLC                4
16          THOMAS COOK GROUP PLC                4
17  CAPITAL & COUNTIES PROPERTIES                3
18                       CYBG PLC                3
19            DIXONS CARPHONE PLC                3

      Name of Share Issuer  Net Short Position (%)
0           Kier Group plc                   11.30
1    THOMAS COOK GROUP PLC                    7.64
2           METRO BANK PLC                    7.60
3      GREENCORE GROUP PLC                    6.38
4             PETROFAC LTD                    5.77
5           NMC HEALTH PLC                    5.46
6          CINEWORLD GROUP                    5.34
7          PREMIER OIL PLC                    5.29
8                 ASOS PLC                    5.10
9   Arrow Global Group plc                    5.05
10                 SIG PLC                    4.98
11   WOOD GROUP (JOHN) PLC                    4.78
12  BABCOCK INTL GROUP PLC                    4.77
13     SIRIUS MINERALS PLC                    4.59
14          KINGFISHER PLC                    4.36
15      WEIR GROUP PLC/THE                    4.25
16             PLUS500 LTD                    4.22
17             PEARSON PLC                    4.08
18        SEVERN TRENT PLC                    3.92
19     INTU PROPERTIES PLC                    3.61

#########[+]SUMMARY MOST OVERALL SHORTED[+]######################
#########[+]SUMMARY MOST OVERALL SHORTED[+]######################
#########[+]SUMMARY MOST OVERALL SHORTED[+]######################

[+]	SEVERN TRENT PLC
[+]	BABCOCK INTL GROUP PLC
[+]	KINGFISHER PLC
[+]	METRO BANK PLC
[+]	SIRIUS MINERALS PLC
[+]	Kier Group plc
[+]	CINEWORLD GROUP
[+]	ASOS PLC
[+]	NMC HEALTH PLC
[+]	WOOD GROUP (JOHN) PLC
[+]	Arrow Global Group plc
[+]	PETROFAC LTD
[+]	PREMIER OIL PLC
[+]	THOMAS COOK GROUP PLC
[+]	WEIR GROUP PLC/THE


THE SOFTWARE IS PROVIDED 'AS IS', WITHOUT WARRANTY OF ANY KIND, EXPRESS OR IMPLIED, INCLUDING BUT NOT LIMITED TO THE WARRANTIES OF MERCHANTABILITY, FITNESS FOR A PARTICULAR PURPOSE, TITLE AND NON-INFRINGEMENT. IN NO EVENT SHALL THE COPYRIGHT HOLDERS OR ANYONE DISTRIBUTING THE SOFTWARE BE LIABLE FOR ANY DAMAGES OR OTHER LIABILITY, WHETHER IN CONTRACT, TORT OR OTHERWISE, ARISING FROM, OUT OF OR IN CONNECTION WITH THE SOFTWARE OR THE USE OR OTHER DEALINGS IN THE SOFTWARE.

Dont forget to tip your server!
Bitcoin Cash (BCH)			qpz32c4lg7x7lnk9jg6qg7s4uavdce89myax5v5nuk
Ether (ETH)			0x843d3DEC2A4705BD4f45F674F641cE2D0022c9FB
Litecoin (LTC)			Lfk5y4F7KZa9oRxpazETwjQnHszEPvqPvu
Bitcoin (BTC)			14Dm7L3ABPtumPDcj3REAvs4L6w9YFRnHK
