##################################
##################################
##################################
Most Shorted Shares since [2019-09-05]
##################################
##################################
##################################

           Name of Share Issuer  Position Holder
0         WOOD GROUP (JOHN) PLC                6
1                        AA PLC                5
2                KINGFISHER PLC                5
3           SIRIUS MINERALS PLC                5
4                      ASOS PLC                4
5        Arrow Global Group plc                4
6        BABCOCK INTL GROUP PLC                4
7                 HAMMERSON PLC                4
8          KEYWORDS STUDIOS PLC                4
9                METRO BANK PLC                4
10           WEIR GROUP PLC/THE                4
11     WM MORRISON SUPERMARKETS                4
12                A.G. Barr PLC                3
13             AO WORLD PLC ORD                3
14        AUTO TRADER GROUP PLC                3
15              CINEWORLD GROUP                3
16  JUPITER FUND MANAGEMENT PLC                3
17               Kier Group plc                3
18              PREMIER OIL PLC                3
19               Royal Mail Plc                3

                           Name of Share Issuer  Net Short Position (%)
0                                METRO BANK PLC                    8.69
1                         THOMAS COOK GROUP PLC                    7.95
2                         WOOD GROUP (JOHN) PLC                    6.77
3                                Kier Group plc                    6.45
4                                       SIG PLC                    5.91
5                                        AA PLC                    5.57
6                                KINGFISHER PLC                    4.73
7                       LANCASHIRE HOLDINGS LTD                    4.65
8                           SIRIUS MINERALS PLC                    4.63
9                                NMC HEALTH PLC                    4.29
10                                     ASOS PLC                    4.26
11                           WEIR GROUP PLC/THE                    3.93
12                              PREMIER OIL PLC                    3.77
13                                  VALARIS PLC                    3.70
14                     WM MORRISON SUPERMARKETS                    3.61
15                         KEYWORDS STUDIOS PLC                    3.54
16                       BABCOCK INTL GROUP PLC                    3.51
17                  JUPITER FUND MANAGEMENT PLC                    3.42
18                                  EASYJET PLC                    3.29
19  Invesco Currency Shares Euro Currency Trust                    3.14

#########[+]SUMMARY MOST OVERALL SHORTED[+]######################
#########[+]SUMMARY MOST OVERALL SHORTED[+]######################
#########[+]SUMMARY MOST OVERALL SHORTED[+]######################

[+]	KEYWORDS STUDIOS PLC
[+]	SIRIUS MINERALS PLC
[+]	AA PLC
[+]	JUPITER FUND MANAGEMENT PLC
[+]	PREMIER OIL PLC
[+]	Kier Group plc
[+]	ASOS PLC
[+]	WEIR GROUP PLC/THE
[+]	KINGFISHER PLC
[+]	METRO BANK PLC
[+]	WOOD GROUP (JOHN) PLC
[+]	WM MORRISON SUPERMARKETS
[+]	BABCOCK INTL GROUP PLC


THE SOFTWARE IS PROVIDED 'AS IS', WITHOUT WARRANTY OF ANY KIND, EXPRESS OR IMPLIED, INCLUDING BUT NOT LIMITED TO THE WARRANTIES OF MERCHANTABILITY, FITNESS FOR A PARTICULAR PURPOSE, TITLE AND NON-INFRINGEMENT. IN NO EVENT SHALL THE COPYRIGHT HOLDERS OR ANYONE DISTRIBUTING THE SOFTWARE BE LIABLE FOR ANY DAMAGES OR OTHER LIABILITY, WHETHER IN CONTRACT, TORT OR OTHERWISE, ARISING FROM, OUT OF OR IN CONNECTION WITH THE SOFTWARE OR THE USE OR OTHER DEALINGS IN THE SOFTWARE.

Dont forget to tip your server!
Bitcoin Cash (BCH)			qpz32c4lg7x7lnk9jg6qg7s4uavdce89myax5v5nuk
Ether (ETH)			0x843d3DEC2A4705BD4f45F674F641cE2D0022c9FB
Litecoin (LTC)			Lfk5y4F7KZa9oRxpazETwjQnHszEPvqPvu
Bitcoin (BTC)			14Dm7L3ABPtumPDcj3REAvs4L6w9YFRnHK
