##################################
##################################
##################################
Most Shorted Shares since [2019-09-02]
##################################
##################################
##################################

      Name of Share Issuer  Position Holder
0    WOOD GROUP (JOHN) PLC                6
1                   AA PLC                5
2      SIRIUS MINERALS PLC                5
3            A.G. Barr PLC                4
4                 ASOS PLC                4
5   Arrow Global Group plc                4
6            HAMMERSON PLC                4
7           KINGFISHER PLC                4
8           METRO BANK PLC                4
9           SUPERGROUP PLC                4
10      WEIR GROUP PLC/THE                4
11   AUTO TRADER GROUP PLC                3
12         CINEWORLD GROUP                3
13    KEYWORDS STUDIOS PLC                3
14          Kier Group plc                3
15          PETRA DIAMONDS                3
16             PLUS500 LTD                3
17         PREMIER OIL PLC                3
18    RESTAURANT GROUP PLC                3
19          Royal Mail Plc                3

       Name of Share Issuer  Net Short Position (%)
0                    AA PLC                    9.25
1            METRO BANK PLC                    8.61
2     THOMAS COOK GROUP PLC                    7.95
3     WOOD GROUP (JOHN) PLC                    6.95
4            Kier Group plc                    6.63
5                   SIG PLC                    5.91
6       SIRIUS MINERALS PLC                    4.74
7   LANCASHIRE HOLDINGS LTD                    4.65
8            NMC HEALTH PLC                    4.28
9                  ASOS PLC                    4.26
10            A.G. Barr PLC                    4.04
11     RESTAURANT GROUP PLC                    3.86
12          PREMIER OIL PLC                    3.70
13              VALARIS PLC                    3.70
14       WEIR GROUP PLC/THE                    3.69
15           KINGFISHER PLC                    3.52
16              EASYJET PLC                    3.46
17              PLUS500 LTD                    3.27
18     KEYWORDS STUDIOS PLC                    3.02
19           SUPERGROUP PLC                    3.00

#########[+]SUMMARY MOST OVERALL SHORTED[+]######################
#########[+]SUMMARY MOST OVERALL SHORTED[+]######################
#########[+]SUMMARY MOST OVERALL SHORTED[+]######################

[+]	SIRIUS MINERALS PLC
[+]	RESTAURANT GROUP PLC
[+]	WOOD GROUP (JOHN) PLC
[+]	METRO BANK PLC
[+]	WEIR GROUP PLC/THE
[+]	SUPERGROUP PLC
[+]	ASOS PLC
[+]	PREMIER OIL PLC
[+]	AA PLC
[+]	PLUS500 LTD
[+]	KEYWORDS STUDIOS PLC
[+]	A.G. Barr PLC
[+]	Kier Group plc
[+]	KINGFISHER PLC


THE SOFTWARE IS PROVIDED 'AS IS', WITHOUT WARRANTY OF ANY KIND, EXPRESS OR IMPLIED, INCLUDING BUT NOT LIMITED TO THE WARRANTIES OF MERCHANTABILITY, FITNESS FOR A PARTICULAR PURPOSE, TITLE AND NON-INFRINGEMENT. IN NO EVENT SHALL THE COPYRIGHT HOLDERS OR ANYONE DISTRIBUTING THE SOFTWARE BE LIABLE FOR ANY DAMAGES OR OTHER LIABILITY, WHETHER IN CONTRACT, TORT OR OTHERWISE, ARISING FROM, OUT OF OR IN CONNECTION WITH THE SOFTWARE OR THE USE OR OTHER DEALINGS IN THE SOFTWARE.

Dont forget to tip your server!
Bitcoin Cash (BCH)			qpz32c4lg7x7lnk9jg6qg7s4uavdce89myax5v5nuk
Ether (ETH)			0x843d3DEC2A4705BD4f45F674F641cE2D0022c9FB
Litecoin (LTC)			Lfk5y4F7KZa9oRxpazETwjQnHszEPvqPvu
Bitcoin (BTC)			14Dm7L3ABPtumPDcj3REAvs4L6w9YFRnHK
