##################################
##################################
##################################
Most Shorted Shares since [2019-09-08]
##################################
##################################
##################################

           Name of Share Issuer  Position Holder
0         WOOD GROUP (JOHN) PLC                6
1                        AA PLC                5
2                 HAMMERSON PLC                5
3                KINGFISHER PLC                5
4           SIRIUS MINERALS PLC                5
5            WEIR GROUP PLC/THE                5
6                      ASOS PLC                4
7         AUTO TRADER GROUP PLC                4
8        Arrow Global Group plc                4
9        BABCOCK INTL GROUP PLC                4
10         KEYWORDS STUDIOS PLC                4
11               METRO BANK PLC                4
12     WM MORRISON SUPERMARKETS                4
13                A.G. Barr PLC                3
14             AO WORLD PLC ORD                3
15              CINEWORLD GROUP                3
16  JUPITER FUND MANAGEMENT PLC                3
17               Kier Group plc                3
18                  PLUS500 LTD                3
19              PREMIER OIL PLC                3

           Name of Share Issuer  Net Short Position (%)
0                METRO BANK PLC                    7.76
1         WOOD GROUP (JOHN) PLC                    6.77
2                Kier Group plc                    6.45
3                        AA PLC                    5.57
4         THOMAS COOK GROUP PLC                    4.80
5                KINGFISHER PLC                    4.73
6       LANCASHIRE HOLDINGS LTD                    4.65
7                 HAMMERSON PLC                    4.54
8            WEIR GROUP PLC/THE                    4.52
9           SIRIUS MINERALS PLC                    4.51
10               NMC HEALTH PLC                    4.29
11                     ASOS PLC                    4.26
12              PREMIER OIL PLC                    3.77
13         KEYWORDS STUDIOS PLC                    3.64
14     WM MORRISON SUPERMARKETS                    3.61
15        AUTO TRADER GROUP PLC                    3.57
16  JUPITER FUND MANAGEMENT PLC                    3.47
17       BABCOCK INTL GROUP PLC                    3.40
18                  EASYJET PLC                    3.29
19                  PLUS500 LTD                    3.29

#########[+]SUMMARY MOST OVERALL SHORTED[+]######################
#########[+]SUMMARY MOST OVERALL SHORTED[+]######################
#########[+]SUMMARY MOST OVERALL SHORTED[+]######################

[+]	JUPITER FUND MANAGEMENT PLC
[+]	AA PLC
[+]	KINGFISHER PLC
[+]	Kier Group plc
[+]	SIRIUS MINERALS PLC
[+]	PREMIER OIL PLC
[+]	METRO BANK PLC
[+]	AUTO TRADER GROUP PLC
[+]	HAMMERSON PLC
[+]	WM MORRISON SUPERMARKETS
[+]	WOOD GROUP (JOHN) PLC
[+]	PLUS500 LTD
[+]	WEIR GROUP PLC/THE
[+]	BABCOCK INTL GROUP PLC
[+]	KEYWORDS STUDIOS PLC
[+]	ASOS PLC


THE SOFTWARE IS PROVIDED 'AS IS', WITHOUT WARRANTY OF ANY KIND, EXPRESS OR IMPLIED, INCLUDING BUT NOT LIMITED TO THE WARRANTIES OF MERCHANTABILITY, FITNESS FOR A PARTICULAR PURPOSE, TITLE AND NON-INFRINGEMENT. IN NO EVENT SHALL THE COPYRIGHT HOLDERS OR ANYONE DISTRIBUTING THE SOFTWARE BE LIABLE FOR ANY DAMAGES OR OTHER LIABILITY, WHETHER IN CONTRACT, TORT OR OTHERWISE, ARISING FROM, OUT OF OR IN CONNECTION WITH THE SOFTWARE OR THE USE OR OTHER DEALINGS IN THE SOFTWARE.

Dont forget to tip your server!
Bitcoin Cash (BCH)			qpz32c4lg7x7lnk9jg6qg7s4uavdce89myax5v5nuk
Ether (ETH)			0x843d3DEC2A4705BD4f45F674F641cE2D0022c9FB
Litecoin (LTC)			Lfk5y4F7KZa9oRxpazETwjQnHszEPvqPvu
Bitcoin (BTC)			14Dm7L3ABPtumPDcj3REAvs4L6w9YFRnHK
