##################################
##################################
##################################
Most Shorted Shares since [2019-09-05]
##################################
##################################
##################################

            Name of Share Issuer  Position Holder
0          WOOD GROUP (JOHN) PLC                6
1                         AA PLC                5
2                 KINGFISHER PLC                5
3            SIRIUS MINERALS PLC                5
4                       ASOS PLC                4
5         Arrow Global Group plc                4
6                  HAMMERSON PLC                4
7           KEYWORDS STUDIOS PLC                4
8                 METRO BANK PLC                4
9             WEIR GROUP PLC/THE                4
10                 A.G. Barr PLC                3
11              AO WORLD PLC ORD                3
12         AUTO TRADER GROUP PLC                3
13               CINEWORLD GROUP                3
14                Kier Group plc                3
15               PREMIER OIL PLC                3
16                Royal Mail Plc                3
17                       SIG PLC                3
18  SMITH (DAVID S) HOLDINGS PLC                3
19          ST JAMES'S PLACE PLC                3

       Name of Share Issuer  Net Short Position (%)
0                    AA PLC                    9.26
1            METRO BANK PLC                    8.31
2     THOMAS COOK GROUP PLC                    7.95
3     WOOD GROUP (JOHN) PLC                    6.77
4            Kier Group plc                    6.55
5                   SIG PLC                    5.91
6            KINGFISHER PLC                    4.73
7   LANCASHIRE HOLDINGS LTD                    4.65
8       SIRIUS MINERALS PLC                    4.63
9            NMC HEALTH PLC                    4.29
10                 ASOS PLC                    4.26
11       WEIR GROUP PLC/THE                    3.82
12          PREMIER OIL PLC                    3.77
13              VALARIS PLC                    3.70
14     KEYWORDS STUDIOS PLC                    3.54
15              EASYJET PLC                    3.35
16          TATE & LYLE PLC                    2.98
17          CINEWORLD GROUP                    2.89
18            HAMMERSON PLC                    2.86
19        Clipper Logistics                    2.85

#########[+]SUMMARY MOST OVERALL SHORTED[+]######################
#########[+]SUMMARY MOST OVERALL SHORTED[+]######################
#########[+]SUMMARY MOST OVERALL SHORTED[+]######################

[+]	Kier Group plc
[+]	AA PLC
[+]	SIG PLC
[+]	KINGFISHER PLC
[+]	HAMMERSON PLC
[+]	KEYWORDS STUDIOS PLC
[+]	CINEWORLD GROUP
[+]	SIRIUS MINERALS PLC
[+]	WOOD GROUP (JOHN) PLC
[+]	ASOS PLC
[+]	PREMIER OIL PLC
[+]	WEIR GROUP PLC/THE
[+]	METRO BANK PLC


THE SOFTWARE IS PROVIDED 'AS IS', WITHOUT WARRANTY OF ANY KIND, EXPRESS OR IMPLIED, INCLUDING BUT NOT LIMITED TO THE WARRANTIES OF MERCHANTABILITY, FITNESS FOR A PARTICULAR PURPOSE, TITLE AND NON-INFRINGEMENT. IN NO EVENT SHALL THE COPYRIGHT HOLDERS OR ANYONE DISTRIBUTING THE SOFTWARE BE LIABLE FOR ANY DAMAGES OR OTHER LIABILITY, WHETHER IN CONTRACT, TORT OR OTHERWISE, ARISING FROM, OUT OF OR IN CONNECTION WITH THE SOFTWARE OR THE USE OR OTHER DEALINGS IN THE SOFTWARE.

Dont forget to tip your server!
Bitcoin Cash (BCH)			qpz32c4lg7x7lnk9jg6qg7s4uavdce89myax5v5nuk
Ether (ETH)			0x843d3DEC2A4705BD4f45F674F641cE2D0022c9FB
Litecoin (LTC)			Lfk5y4F7KZa9oRxpazETwjQnHszEPvqPvu
Bitcoin (BTC)			14Dm7L3ABPtumPDcj3REAvs4L6w9YFRnHK
