##################################
##################################
##################################
Most Shorted Shares since [2019-11-07]
##################################
##################################
##################################

           Name of Share Issuer  Position Holder
0               CINEWORLD GROUP                7
1     Flutter Entertainment plc                6
2         WOOD GROUP (JOHN) PLC                5
3        BABCOCK INTL GROUP PLC                4
4            EQUINITI GROUP PLC                4
5          KEYWORDS STUDIOS PLC                4
6                KINGFISHER PLC                4
7                  SPECTRIS PLC                4
8           DIXONS CARPHONE PLC                3
9           JOHNSON MATTHEY PLC                3
10  JUPITER FUND MANAGEMENT PLC                3
11               Kier Group plc                3
12               METRO BANK PLC                3
13               NMC HEALTH PLC                3
14              OCADO GROUP PLC                3
15             SEVERN TRENT PLC                3
16                    TED BAKER                3
17          Virgin Money UK PLC                3
18     WM MORRISON SUPERMARKETS                3

          Name of Share Issuer  Net Short Position (%)
0              CINEWORLD GROUP                    8.71
1               METRO BANK PLC                    8.05
2        WOOD GROUP (JOHN) PLC                    6.39
3    Flutter Entertainment plc                    5.64
4               NMC HEALTH PLC                    4.49
5                      IQE PLC                    4.43
6               KINGFISHER PLC                    4.13
7       BABCOCK INTL GROUP PLC                    4.02
8   CREST NICHOLSON HLDGS  PLC                    3.97
9           HALFORDS GROUP PLC                    3.94
10        KEYWORDS STUDIOS PLC                    3.94
11              Kier Group plc                    3.85
12                 EASYJET PLC                    3.76
13         INTU PROPERTIES PLC                    3.19
14          EQUINITI GROUP PLC                    3.07
15                 VALARIS PLC                    3.00
16             MITIE GROUP PLC                    2.91
17    WM MORRISON SUPERMARKETS                    2.84
18          Go-Ahead Group PLC                    2.79
19            DUNELM GROUP PLC                    2.67

#########[+]SUMMARY MOST OVERALL SHORTED[+]######################
#########[+]SUMMARY MOST OVERALL SHORTED[+]######################
#########[+]SUMMARY MOST OVERALL SHORTED[+]######################

[+]	METRO BANK PLC
[+]	EQUINITI GROUP PLC
[+]	NMC HEALTH PLC
[+]	WOOD GROUP (JOHN) PLC
[+]	KINGFISHER PLC
[+]	BABCOCK INTL GROUP PLC
[+]	WM MORRISON SUPERMARKETS
[+]	Kier Group plc
[+]	Flutter Entertainment plc
[+]	KEYWORDS STUDIOS PLC
[+]	CINEWORLD GROUP


THE SOFTWARE IS PROVIDED 'AS IS', WITHOUT WARRANTY OF ANY KIND, EXPRESS OR IMPLIED, INCLUDING BUT NOT LIMITED TO THE WARRANTIES OF MERCHANTABILITY, FITNESS FOR A PARTICULAR PURPOSE, TITLE AND NON-INFRINGEMENT. IN NO EVENT SHALL THE COPYRIGHT HOLDERS OR ANYONE DISTRIBUTING THE SOFTWARE BE LIABLE FOR ANY DAMAGES OR OTHER LIABILITY, WHETHER IN CONTRACT, TORT OR OTHERWISE, ARISING FROM, OUT OF OR IN CONNECTION WITH THE SOFTWARE OR THE USE OR OTHER DEALINGS IN THE SOFTWARE.

Dont forget to tip your server!
Bitcoin Cash (BCH)			qpz32c4lg7x7lnk9jg6qg7s4uavdce89myax5v5nuk
Ether (ETH)			0x843d3DEC2A4705BD4f45F674F641cE2D0022c9FB
Litecoin (LTC)			Lfk5y4F7KZa9oRxpazETwjQnHszEPvqPvu
Bitcoin (BTC)			14Dm7L3ABPtumPDcj3REAvs4L6w9YFRnHK
