##################################
##################################
##################################
Most Shorted Shares since [2019-10-14]
##################################
##################################
##################################

           Name of Share Issuer  Position Holder
0     Flutter Entertainment plc                7
1         WOOD GROUP (JOHN) PLC                6
2        BABCOCK INTL GROUP PLC                5
3                 A.G. Barr PLC                4
4         AUTO TRADER GROUP PLC                4
5                   EASYJET PLC                4
6                KINGFISHER PLC                4
7                Kier Group plc                4
8                      ASOS PLC                3
9          BLUE PRISM GROUP PLC                3
10                   CAPITA PLC                3
11              CINEWORLD GROUP                3
12          JOHNSON MATTHEY PLC                3
13  JUPITER FUND MANAGEMENT PLC                3
14               Royal Mail Plc                3

          Name of Share Issuer  Net Short Position (%)
0               Kier Group plc                    7.01
1    Flutter Entertainment plc                    6.52
2        WOOD GROUP (JOHN) PLC                    6.29
3          GREENCORE GROUP PLC                    5.50
4                  EASYJET PLC                    5.47
5   CREST NICHOLSON HLDGS  PLC                    4.95
6               KINGFISHER PLC                    4.73
7       BABCOCK INTL GROUP PLC                    4.62
8               Royal Mail Plc                    4.04
9          INTU PROPERTIES PLC                    3.96
10                  CAPITA PLC                    3.83
11               A.G. Barr PLC                    3.68
12             CINEWORLD GROUP                    3.58
13                    ASOS PLC                    3.41
14     LANCASHIRE HOLDINGS LTD                    3.19
15                 PLUS500 LTD                    3.06
16              NMC HEALTH PLC                    2.99
17               Marston's plc                    2.85
18        BLUE PRISM GROUP PLC                    2.75
19       AUTO TRADER GROUP PLC                    2.64

#########[+]SUMMARY MOST OVERALL SHORTED[+]######################
#########[+]SUMMARY MOST OVERALL SHORTED[+]######################
#########[+]SUMMARY MOST OVERALL SHORTED[+]######################

[+]	A.G. Barr PLC
[+]	CINEWORLD GROUP
[+]	WOOD GROUP (JOHN) PLC
[+]	Kier Group plc
[+]	ASOS PLC
[+]	BLUE PRISM GROUP PLC
[+]	Royal Mail Plc
[+]	AUTO TRADER GROUP PLC
[+]	CAPITA PLC
[+]	KINGFISHER PLC
[+]	Flutter Entertainment plc
[+]	EASYJET PLC
[+]	BABCOCK INTL GROUP PLC


THE SOFTWARE IS PROVIDED 'AS IS', WITHOUT WARRANTY OF ANY KIND, EXPRESS OR IMPLIED, INCLUDING BUT NOT LIMITED TO THE WARRANTIES OF MERCHANTABILITY, FITNESS FOR A PARTICULAR PURPOSE, TITLE AND NON-INFRINGEMENT. IN NO EVENT SHALL THE COPYRIGHT HOLDERS OR ANYONE DISTRIBUTING THE SOFTWARE BE LIABLE FOR ANY DAMAGES OR OTHER LIABILITY, WHETHER IN CONTRACT, TORT OR OTHERWISE, ARISING FROM, OUT OF OR IN CONNECTION WITH THE SOFTWARE OR THE USE OR OTHER DEALINGS IN THE SOFTWARE.

Dont forget to tip your server!
Bitcoin Cash (BCH)			qpz32c4lg7x7lnk9jg6qg7s4uavdce89myax5v5nuk
Ether (ETH)			0x843d3DEC2A4705BD4f45F674F641cE2D0022c9FB
Litecoin (LTC)			Lfk5y4F7KZa9oRxpazETwjQnHszEPvqPvu
Bitcoin (BTC)			14Dm7L3ABPtumPDcj3REAvs4L6w9YFRnHK
