##################################
##################################
##################################
Most Shorted Shares since [2019-11-29]
##################################
##################################
##################################

                        Name of Share Issuer  Position Holder
0   Aston Martin Lagonda Global Holdings Plc                5
1                            CINEWORLD GROUP                5
2                  Flutter Entertainment plc                5
3                                VICTREX PLC                5
4                      WOOD GROUP (JOHN) PLC                5
5                                 CAPITA PLC                4
6                   DOMINO'S PIZZA GROUP PLC                4
7                              HAMMERSON PLC                4
8                             KINGFISHER PLC                4
9                                PEARSON PLC                4
10                              PETROFAC LTD                4
11                            Royal Mail Plc                4
12                        WEIR GROUP PLC/THE                4
13                                    AA PLC                3
14                     AUTO TRADER GROUP PLC                3
15                    BABCOCK INTL GROUP PLC                3
16                          DUNELM GROUP PLC                3
17                               EASYJET PLC                3
18                        EQUINITI GROUP PLC                3
19               JUPITER FUND MANAGEMENT PLC                3

                        Name of Share Issuer  Net Short Position (%)
0                            CINEWORLD GROUP                    8.71
1                                    SIG PLC                    6.69
2                      WOOD GROUP (JOHN) PLC                    5.57
3                             METRO BANK PLC                    5.51
4                  Flutter Entertainment plc                    5.21
5                             Royal Mail Plc                    5.15
6                               PETROFAC LTD                    4.65
7                                VICTREX PLC                    4.65
8                             KINGFISHER PLC                    4.46
9                        GREENCORE GROUP PLC                    4.35
10                               EASYJET PLC                    4.34
11                               PEARSON PLC                    4.34
12                           MITIE GROUP PLC                    4.21
13  Aston Martin Lagonda Global Holdings Plc                    4.17
14                        WEIR GROUP PLC/THE                    4.10
15                             HAMMERSON PLC                    4.08
16                  DOMINO'S PIZZA GROUP PLC                    3.92
17                                CAPITA PLC                    3.91
18                                    AA PLC                    3.89
19                            NMC HEALTH PLC                    3.80

#########[+]SUMMARY MOST OVERALL SHORTED[+]######################
#########[+]SUMMARY MOST OVERALL SHORTED[+]######################
#########[+]SUMMARY MOST OVERALL SHORTED[+]######################

[+]	PEARSON PLC
[+]	VICTREX PLC
[+]	WOOD GROUP (JOHN) PLC
[+]	PETROFAC LTD
[+]	WEIR GROUP PLC/THE
[+]	HAMMERSON PLC
[+]	EASYJET PLC
[+]	Aston Martin Lagonda Global Holdings Plc
[+]	Flutter Entertainment plc
[+]	Royal Mail Plc
[+]	DOMINO'S PIZZA GROUP PLC
[+]	CAPITA PLC
[+]	CINEWORLD GROUP
[+]	AA PLC
[+]	KINGFISHER PLC


THE SOFTWARE IS PROVIDED 'AS IS', WITHOUT WARRANTY OF ANY KIND, EXPRESS OR IMPLIED, INCLUDING BUT NOT LIMITED TO THE WARRANTIES OF MERCHANTABILITY, FITNESS FOR A PARTICULAR PURPOSE, TITLE AND NON-INFRINGEMENT. IN NO EVENT SHALL THE COPYRIGHT HOLDERS OR ANYONE DISTRIBUTING THE SOFTWARE BE LIABLE FOR ANY DAMAGES OR OTHER LIABILITY, WHETHER IN CONTRACT, TORT OR OTHERWISE, ARISING FROM, OUT OF OR IN CONNECTION WITH THE SOFTWARE OR THE USE OR OTHER DEALINGS IN THE SOFTWARE.

Dont forget to tip your server!
Bitcoin Cash (BCH)			qpz32c4lg7x7lnk9jg6qg7s4uavdce89myax5v5nuk
Ether (ETH)			0x843d3DEC2A4705BD4f45F674F641cE2D0022c9FB
Litecoin (LTC)			Lfk5y4F7KZa9oRxpazETwjQnHszEPvqPvu
Bitcoin (BTC)			14Dm7L3ABPtumPDcj3REAvs4L6w9YFRnHK
