##################################
##################################
##################################
Most Shorted Shares since [2019-09-12]
##################################
##################################
##################################

         Name of Share Issuer  Position Holder
0       WOOD GROUP (JOHN) PLC                8
1                 PEARSON PLC                6
2          WEIR GROUP PLC/THE                6
3              KINGFISHER PLC                5
4               A.G. Barr PLC                4
5                    ASOS PLC                4
6             CINEWORLD GROUP                4
7              METRO BANK PLC                4
8                 PLUS500 LTD                4
9             PREMIER OIL PLC                4
10       ST JAMES'S PLACE PLC                4
11                     AA PLC                3
12           AO WORLD PLC ORD                3
13      AUTO TRADER GROUP PLC                3
14     Arrow Global Group plc                3
15     BABCOCK INTL GROUP PLC                3
16              HAMMERSON PLC                3
17       KEYWORDS STUDIOS PLC                3
18             Kier Group plc                3
19  MARKS & SPENCER GROUP PLC                3

                           Name of Share Issuer  Net Short Position (%)
0                         WOOD GROUP (JOHN) PLC                    8.03
1                                METRO BANK PLC                    7.82
2                                Kier Group plc                    6.08
3                            WEIR GROUP PLC/THE                    6.02
4                                   PEARSON PLC                    5.66
5                                KINGFISHER PLC                    5.09
6                         THOMAS COOK GROUP PLC                    4.80
7                       LANCASHIRE HOLDINGS LTD                    4.65
8                               PREMIER OIL PLC                    4.57
9                                NMC HEALTH PLC                    4.19
10                                     ASOS PLC                    4.16
11                                A.G. Barr PLC                    4.11
12                                  PLUS500 LTD                    3.91
13                                       AA PLC                    3.60
14                          SIRIUS MINERALS PLC                    3.53
15                              CINEWORLD GROUP                    3.41
16                                  EASYJET PLC                    3.21
17  Invesco Currency Shares Euro Currency Trust                    3.14
18                     WM MORRISON SUPERMARKETS                    3.10
19                              TATE & LYLE PLC                    3.05

#########[+]SUMMARY MOST OVERALL SHORTED[+]######################
#########[+]SUMMARY MOST OVERALL SHORTED[+]######################
#########[+]SUMMARY MOST OVERALL SHORTED[+]######################

[+]	PLUS500 LTD
[+]	ASOS PLC
[+]	WOOD GROUP (JOHN) PLC
[+]	A.G. Barr PLC
[+]	PREMIER OIL PLC
[+]	Kier Group plc
[+]	METRO BANK PLC
[+]	WEIR GROUP PLC/THE
[+]	CINEWORLD GROUP
[+]	PEARSON PLC
[+]	AA PLC
[+]	KINGFISHER PLC


THE SOFTWARE IS PROVIDED 'AS IS', WITHOUT WARRANTY OF ANY KIND, EXPRESS OR IMPLIED, INCLUDING BUT NOT LIMITED TO THE WARRANTIES OF MERCHANTABILITY, FITNESS FOR A PARTICULAR PURPOSE, TITLE AND NON-INFRINGEMENT. IN NO EVENT SHALL THE COPYRIGHT HOLDERS OR ANYONE DISTRIBUTING THE SOFTWARE BE LIABLE FOR ANY DAMAGES OR OTHER LIABILITY, WHETHER IN CONTRACT, TORT OR OTHERWISE, ARISING FROM, OUT OF OR IN CONNECTION WITH THE SOFTWARE OR THE USE OR OTHER DEALINGS IN THE SOFTWARE.

Dont forget to tip your server!
Bitcoin Cash (BCH)			qpz32c4lg7x7lnk9jg6qg7s4uavdce89myax5v5nuk
Ether (ETH)			0x843d3DEC2A4705BD4f45F674F641cE2D0022c9FB
Litecoin (LTC)			Lfk5y4F7KZa9oRxpazETwjQnHszEPvqPvu
Bitcoin (BTC)			14Dm7L3ABPtumPDcj3REAvs4L6w9YFRnHK
