##################################
##################################
##################################
Most Shorted Shares since [2019-06-03]
##################################
##################################
##################################

            Name of Share Issuer  Position Holder
0    JUPITER FUND MANAGEMENT PLC                6
1                   JUST EAT PLC                6
2                 Kier Group plc                6
3              NEWRIVER REIT PLC                5
4                         AA PLC                4
5             ANGLO AMERICAN PLC                4
6                       ASOS PLC                4
7          AUTO TRADER GROUP PLC                4
8     DAILY MAIL & GENERAL TRUST                4
9            INTU PROPERTIES PLC                4
10     MARKS & SPENCER GROUP PLC                4
11                METRO BANK PLC                4
12                   PLUS500 LTD                4
13  SMITH (DAVID S) HOLDINGS PLC                4
14            WEIR GROUP PLC/THE                4
15         WOOD GROUP (JOHN) PLC                4
16                   AGGREKO PLC                3
17        BABCOCK INTL GROUP PLC                3
18           BCA MARKETPLACE PLC                3
19              CAIRN ENERGY PLC                3

           Name of Share Issuer  Net Short Position (%)
0                Kier Group plc                    9.13
1           INTU PROPERTIES PLC                    6.26
2         WOOD GROUP (JOHN) PLC                    6.04
3       LANCASHIRE HOLDINGS LTD                    5.89
4            ANGLO AMERICAN PLC                    5.70
5   JUPITER FUND MANAGEMENT PLC                    5.24
6                  JUST EAT PLC                    5.20
7     MARKS & SPENCER GROUP PLC                    4.92
8                METRO BANK PLC                    4.90
9             NEWRIVER REIT PLC                    4.36
10       BABCOCK INTL GROUP PLC                    4.32
11                      SIG PLC                    3.92
12          GREENCORE GROUP PLC                    3.84
13        THOMAS COOK GROUP PLC                    3.69
14              Ensco Rowan plc                    3.67
15           WEIR GROUP PLC/THE                    3.63
16              MITIE GROUP PLC                    3.53
17            MAJESTIC WINE PLC                    3.42
18                       AA PLC                    3.40
19           Go-Ahead Group PLC                    3.40

#########[+]SUMMARY MOST OVERALL SHORTED[+]######################
#########[+]SUMMARY MOST OVERALL SHORTED[+]######################
#########[+]SUMMARY MOST OVERALL SHORTED[+]######################

[+]	JUPITER FUND MANAGEMENT PLC
[+]	INTU PROPERTIES PLC
[+]	NEWRIVER REIT PLC
[+]	WEIR GROUP PLC/THE
[+]	JUST EAT PLC
[+]	ANGLO AMERICAN PLC
[+]	Kier Group plc
[+]	MARKS & SPENCER GROUP PLC
[+]	METRO BANK PLC
[+]	AA PLC
[+]	BABCOCK INTL GROUP PLC
[+]	WOOD GROUP (JOHN) PLC


THE SOFTWARE IS PROVIDED 'AS IS', WITHOUT WARRANTY OF ANY KIND, EXPRESS OR IMPLIED, INCLUDING BUT NOT LIMITED TO THE WARRANTIES OF MERCHANTABILITY, FITNESS FOR A PARTICULAR PURPOSE, TITLE AND NON-INFRINGEMENT. IN NO EVENT SHALL THE COPYRIGHT HOLDERS OR ANYONE DISTRIBUTING THE SOFTWARE BE LIABLE FOR ANY DAMAGES OR OTHER LIABILITY, WHETHER IN CONTRACT, TORT OR OTHERWISE, ARISING FROM, OUT OF OR IN CONNECTION WITH THE SOFTWARE OR THE USE OR OTHER DEALINGS IN THE SOFTWARE.

Dont forget to tip your server!
Bitcoin Cash (BCH)			qpz32c4lg7x7lnk9jg6qg7s4uavdce89myax5v5nuk
Ether (ETH)			0x843d3DEC2A4705BD4f45F674F641cE2D0022c9FB
Litecoin (LTC)			Lfk5y4F7KZa9oRxpazETwjQnHszEPvqPvu
Bitcoin (BTC)			14Dm7L3ABPtumPDcj3REAvs4L6w9YFRnHK
