##################################
##################################
##################################
Most Shorted Shares since [2019-11-26]
##################################
##################################
##################################

                        Name of Share Issuer  Position Holder
0                            CINEWORLD GROUP                5
1                  Flutter Entertainment plc                5
2                      WOOD GROUP (JOHN) PLC                5
3   Aston Martin Lagonda Global Holdings Plc                4
4                             KINGFISHER PLC                4
5                             Royal Mail Plc                4
6                                VICTREX PLC                4
7                                     AA PLC                3
8                                   ASOS PLC                3
9                      AUTO TRADER GROUP PLC                3
10                    BABCOCK INTL GROUP PLC                3
11                   CRODA INTERNATIONAL PLC                3
12                  DOMINO'S PIZZA GROUP PLC                3
13                               EASYJET PLC                3
14                             HAMMERSON PLC                3
15               JUPITER FUND MANAGEMENT PLC                3
16                      KEYWORDS STUDIOS PLC                3
17                            METRO BANK PLC                3
18                Moneysupermarket.com Group                3
19                            NMC HEALTH PLC                3

                        Name of Share Issuer  Net Short Position (%)
0                            CINEWORLD GROUP                    8.83
1                                    SIG PLC                    6.60
2                      WOOD GROUP (JOHN) PLC                    5.57
3                             METRO BANK PLC                    5.48
4                  Flutter Entertainment plc                    5.11
5                             Royal Mail Plc                    4.98
6                                EASYJET PLC                    4.60
7                        GREENCORE GROUP PLC                    4.48
8                             KINGFISHER PLC                    4.24
9                         Go-Ahead Group PLC                    4.14
10                            NMC HEALTH PLC                    3.91
11                                    AA PLC                    3.87
12                               PEARSON PLC                    3.83
13                               VICTREX PLC                    3.77
14  Aston Martin Lagonda Global Holdings Plc                    3.67
15                        WEIR GROUP PLC/THE                    3.57
16                                  ASOS PLC                    3.54
17                    BABCOCK INTL GROUP PLC                    3.36
18                               VALARIS PLC                    3.33
19                   LANCASHIRE HOLDINGS LTD                    3.24

#########[+]SUMMARY MOST OVERALL SHORTED[+]######################
#########[+]SUMMARY MOST OVERALL SHORTED[+]######################
#########[+]SUMMARY MOST OVERALL SHORTED[+]######################

[+]	CINEWORLD GROUP
[+]	EASYJET PLC
[+]	AA PLC
[+]	BABCOCK INTL GROUP PLC
[+]	METRO BANK PLC
[+]	Royal Mail Plc
[+]	VICTREX PLC
[+]	Flutter Entertainment plc
[+]	KINGFISHER PLC
[+]	Aston Martin Lagonda Global Holdings Plc
[+]	ASOS PLC
[+]	WOOD GROUP (JOHN) PLC
[+]	NMC HEALTH PLC


THE SOFTWARE IS PROVIDED 'AS IS', WITHOUT WARRANTY OF ANY KIND, EXPRESS OR IMPLIED, INCLUDING BUT NOT LIMITED TO THE WARRANTIES OF MERCHANTABILITY, FITNESS FOR A PARTICULAR PURPOSE, TITLE AND NON-INFRINGEMENT. IN NO EVENT SHALL THE COPYRIGHT HOLDERS OR ANYONE DISTRIBUTING THE SOFTWARE BE LIABLE FOR ANY DAMAGES OR OTHER LIABILITY, WHETHER IN CONTRACT, TORT OR OTHERWISE, ARISING FROM, OUT OF OR IN CONNECTION WITH THE SOFTWARE OR THE USE OR OTHER DEALINGS IN THE SOFTWARE.

Dont forget to tip your server!
Bitcoin Cash (BCH)			qpz32c4lg7x7lnk9jg6qg7s4uavdce89myax5v5nuk
Ether (ETH)			0x843d3DEC2A4705BD4f45F674F641cE2D0022c9FB
Litecoin (LTC)			Lfk5y4F7KZa9oRxpazETwjQnHszEPvqPvu
Bitcoin (BTC)			14Dm7L3ABPtumPDcj3REAvs4L6w9YFRnHK
