##################################
##################################
##################################
Most Shorted Shares since [2019-07-18]
##################################
##################################
##################################

             Name of Share Issuer  Position Holder
0               NEWRIVER REIT PLC                6
1                  Kier Group plc                5
2             SIRIUS MINERALS PLC                5
3              WEIR GROUP PLC/THE                5
4           AUTO TRADER GROUP PLC                4
5                   HAMMERSON PLC                4
6                  METRO BANK PLC                4
7                SEVERN TRENT PLC                4
8           WOOD GROUP (JOHN) PLC                4
9                        ASOS PLC                3
10                     CAPITA PLC                3
11  CAPITAL & COUNTIES PROPERTIES                3
12                CINEWORLD GROUP                3
13            DIXONS CARPHONE PLC                3
14       DOMINO'S PIZZA GROUP PLC                3
15                    EASYJET PLC                3
16            GREENCORE GROUP PLC                3
17    JUPITER FUND MANAGEMENT PLC                3
18                   JUST EAT PLC                3
19                 KINGFISHER PLC                3

     Name of Share Issuer  Net Short Position (%)
0          Kier Group plc                   11.41
1   THOMAS COOK GROUP PLC                    7.52
2     GREENCORE GROUP PLC                    6.61
3          METRO BANK PLC                    6.44
4     SIRIUS MINERALS PLC                    5.76
5                 SIG PLC                    5.43
6                 IQE PLC                    5.13
7         PREMIER OIL PLC                    4.45
8       NEWRIVER REIT PLC                    4.36
9             PEARSON PLC                    4.29
10            PLUS500 LTD                    4.26
11    INTU PROPERTIES PLC                    4.17
12  WOOD GROUP (JOHN) PLC                    4.16
13     ANGLO AMERICAN PLC                    4.09
14          Marston's plc                    3.72
15  AUTO TRADER GROUP PLC                    3.45
16            EASYJET PLC                    3.41
17     WEIR GROUP PLC/THE                    3.16
18           JUST EAT PLC                    2.95
19     HALFORDS GROUP PLC                    2.94

#########[+]SUMMARY MOST OVERALL SHORTED[+]######################
#########[+]SUMMARY MOST OVERALL SHORTED[+]######################
#########[+]SUMMARY MOST OVERALL SHORTED[+]######################

[+]	WOOD GROUP (JOHN) PLC
[+]	AUTO TRADER GROUP PLC
[+]	NEWRIVER REIT PLC
[+]	JUST EAT PLC
[+]	SIRIUS MINERALS PLC
[+]	WEIR GROUP PLC/THE
[+]	METRO BANK PLC
[+]	Kier Group plc
[+]	EASYJET PLC
[+]	GREENCORE GROUP PLC


THE SOFTWARE IS PROVIDED 'AS IS', WITHOUT WARRANTY OF ANY KIND, EXPRESS OR IMPLIED, INCLUDING BUT NOT LIMITED TO THE WARRANTIES OF MERCHANTABILITY, FITNESS FOR A PARTICULAR PURPOSE, TITLE AND NON-INFRINGEMENT. IN NO EVENT SHALL THE COPYRIGHT HOLDERS OR ANYONE DISTRIBUTING THE SOFTWARE BE LIABLE FOR ANY DAMAGES OR OTHER LIABILITY, WHETHER IN CONTRACT, TORT OR OTHERWISE, ARISING FROM, OUT OF OR IN CONNECTION WITH THE SOFTWARE OR THE USE OR OTHER DEALINGS IN THE SOFTWARE.

Dont forget to tip your server!
Bitcoin Cash (BCH)			qpz32c4lg7x7lnk9jg6qg7s4uavdce89myax5v5nuk
Ether (ETH)			0x843d3DEC2A4705BD4f45F674F641cE2D0022c9FB
Litecoin (LTC)			Lfk5y4F7KZa9oRxpazETwjQnHszEPvqPvu
Bitcoin (BTC)			14Dm7L3ABPtumPDcj3REAvs4L6w9YFRnHK
