##################################
##################################
##################################
Most Shorted Shares since [2019-10-30]
##################################
##################################
##################################

           Name of Share Issuer  Position Holder
0        BABCOCK INTL GROUP PLC                7
1     Flutter Entertainment plc                6
2               CINEWORLD GROUP                5
3         WOOD GROUP (JOHN) PLC                5
4   JUPITER FUND MANAGEMENT PLC                4
5                KINGFISHER PLC                4
6                Kier Group plc                4
7                NMC HEALTH PLC                4
8           SIRIUS MINERALS PLC                4
9                      ASOS PLC                3
10        AUTO TRADER GROUP PLC                3
11          DIXONS CARPHONE PLC                3
12     DOMINO'S PIZZA GROUP PLC                3
13          JOHNSON MATTHEY PLC                3
14         KEYWORDS STUDIOS PLC                3
15               METRO BANK PLC                3
16            NEWRIVER REIT PLC                3
17                  PEARSON PLC                3
18               PETRA DIAMONDS                3
19                 SPECTRIS PLC                3

           Name of Share Issuer  Net Short Position (%)
0                METRO BANK PLC                    8.05
1        BABCOCK INTL GROUP PLC                    7.59
2         WOOD GROUP (JOHN) PLC                    6.17
3     Flutter Entertainment plc                    5.63
4                Kier Group plc                    5.53
5           GREENCORE GROUP PLC                    5.37
6               CINEWORLD GROUP                    4.74
7                NMC HEALTH PLC                    4.43
8            Go-Ahead Group PLC                    4.42
9            HALFORDS GROUP PLC                    4.32
10   CREST NICHOLSON HLDGS  PLC                    4.00
11               KINGFISHER PLC                    3.99
12          SIRIUS MINERALS PLC                    3.88
13                  EASYJET PLC                    3.75
14     DOMINO'S PIZZA GROUP PLC                    3.32
15  JUPITER FUND MANAGEMENT PLC                    3.31
16          INTU PROPERTIES PLC                    3.19
17                       AA PLC                    3.14
18            NEWRIVER REIT PLC                    3.06
19                     ASOS PLC                    2.82

#########[+]SUMMARY MOST OVERALL SHORTED[+]######################
#########[+]SUMMARY MOST OVERALL SHORTED[+]######################
#########[+]SUMMARY MOST OVERALL SHORTED[+]######################

[+]	Flutter Entertainment plc
[+]	WOOD GROUP (JOHN) PLC
[+]	CINEWORLD GROUP
[+]	NEWRIVER REIT PLC
[+]	JUPITER FUND MANAGEMENT PLC
[+]	METRO BANK PLC
[+]	DOMINO'S PIZZA GROUP PLC
[+]	Kier Group plc
[+]	SIRIUS MINERALS PLC
[+]	NMC HEALTH PLC
[+]	KINGFISHER PLC
[+]	ASOS PLC
[+]	BABCOCK INTL GROUP PLC


THE SOFTWARE IS PROVIDED 'AS IS', WITHOUT WARRANTY OF ANY KIND, EXPRESS OR IMPLIED, INCLUDING BUT NOT LIMITED TO THE WARRANTIES OF MERCHANTABILITY, FITNESS FOR A PARTICULAR PURPOSE, TITLE AND NON-INFRINGEMENT. IN NO EVENT SHALL THE COPYRIGHT HOLDERS OR ANYONE DISTRIBUTING THE SOFTWARE BE LIABLE FOR ANY DAMAGES OR OTHER LIABILITY, WHETHER IN CONTRACT, TORT OR OTHERWISE, ARISING FROM, OUT OF OR IN CONNECTION WITH THE SOFTWARE OR THE USE OR OTHER DEALINGS IN THE SOFTWARE.

Dont forget to tip your server!
Bitcoin Cash (BCH)			qpz32c4lg7x7lnk9jg6qg7s4uavdce89myax5v5nuk
Ether (ETH)			0x843d3DEC2A4705BD4f45F674F641cE2D0022c9FB
Litecoin (LTC)			Lfk5y4F7KZa9oRxpazETwjQnHszEPvqPvu
Bitcoin (BTC)			14Dm7L3ABPtumPDcj3REAvs4L6w9YFRnHK
