##################################
##################################
##################################
Most Shorted Shares since [2019-11-13]
##################################
##################################
##################################

         Name of Share Issuer  Position Holder
0             CINEWORLD GROUP                5
1   Flutter Entertainment plc                5
2        KEYWORDS STUDIOS PLC                5
3              KINGFISHER PLC                5
4              NMC HEALTH PLC                5
5      BABCOCK INTL GROUP PLC                4
6          EQUINITI GROUP PLC                4
7          WEIR GROUP PLC/THE                4
8         DIXONS CARPHONE PLC                3
9    DOMINO'S PIZZA GROUP PLC                3
10                EASYJET PLC                3
11        GREENCORE GROUP PLC                3
12             METRO BANK PLC                3
13               SPECTRIS PLC                3
14         TRAVIS PERKINS PLC                3
15                VICTREX PLC                3
16        Virgin Money UK PLC                3
17   WM MORRISON SUPERMARKETS                3

          Name of Share Issuer  Net Short Position (%)
0              CINEWORLD GROUP                    7.52
1               METRO BANK PLC                    6.47
2          GREENCORE GROUP PLC                    5.64
3               NMC HEALTH PLC                    5.50
4         KEYWORDS STUDIOS PLC                    4.70
5    Flutter Entertainment plc                    4.70
6               KINGFISHER PLC                    4.63
7           WEIR GROUP PLC/THE                    4.45
8                      IQE PLC                    4.43
9           Go-Ahead Group PLC                    4.38
10                 EASYJET PLC                    4.33
11      BABCOCK INTL GROUP PLC                    4.19
12  CREST NICHOLSON HLDGS  PLC                    4.03
13             MITIE GROUP PLC                    3.41
14                      AA PLC                    3.33
15      PETS AT HOME GROUP PLC                    3.10
16          EQUINITI GROUP PLC                    3.07
17                 VALARIS PLC                    3.00
18    WM MORRISON SUPERMARKETS                    2.80
19    DOMINO'S PIZZA GROUP PLC                    2.71

#########[+]SUMMARY MOST OVERALL SHORTED[+]######################
#########[+]SUMMARY MOST OVERALL SHORTED[+]######################
#########[+]SUMMARY MOST OVERALL SHORTED[+]######################

[+]	EASYJET PLC
[+]	CINEWORLD GROUP
[+]	NMC HEALTH PLC
[+]	KINGFISHER PLC
[+]	Flutter Entertainment plc
[+]	BABCOCK INTL GROUP PLC
[+]	EQUINITI GROUP PLC
[+]	GREENCORE GROUP PLC
[+]	METRO BANK PLC
[+]	DOMINO'S PIZZA GROUP PLC
[+]	KEYWORDS STUDIOS PLC
[+]	WEIR GROUP PLC/THE
[+]	WM MORRISON SUPERMARKETS


THE SOFTWARE IS PROVIDED 'AS IS', WITHOUT WARRANTY OF ANY KIND, EXPRESS OR IMPLIED, INCLUDING BUT NOT LIMITED TO THE WARRANTIES OF MERCHANTABILITY, FITNESS FOR A PARTICULAR PURPOSE, TITLE AND NON-INFRINGEMENT. IN NO EVENT SHALL THE COPYRIGHT HOLDERS OR ANYONE DISTRIBUTING THE SOFTWARE BE LIABLE FOR ANY DAMAGES OR OTHER LIABILITY, WHETHER IN CONTRACT, TORT OR OTHERWISE, ARISING FROM, OUT OF OR IN CONNECTION WITH THE SOFTWARE OR THE USE OR OTHER DEALINGS IN THE SOFTWARE.

Dont forget to tip your server!
Bitcoin Cash (BCH)			qpz32c4lg7x7lnk9jg6qg7s4uavdce89myax5v5nuk
Ether (ETH)			0x843d3DEC2A4705BD4f45F674F641cE2D0022c9FB
Litecoin (LTC)			Lfk5y4F7KZa9oRxpazETwjQnHszEPvqPvu
Bitcoin (BTC)			14Dm7L3ABPtumPDcj3REAvs4L6w9YFRnHK
