##################################
##################################
##################################
Most Shorted Shares since [2019-10-02]
##################################
##################################
##################################

           Name of Share Issuer  Position Holder
0         WOOD GROUP (JOHN) PLC                9
1     Flutter Entertainment plc                7
2                   PEARSON PLC                6
3        BABCOCK INTL GROUP PLC                5
4               CINEWORLD GROUP                5
5                Royal Mail Plc                5
6         AUTO TRADER GROUP PLC                4
7      DOMINO'S PIZZA GROUP PLC                4
8                   EASYJET PLC                4
9                KINGFISHER PLC                4
10                     ASOS PLC                3
11         BLUE PRISM GROUP PLC                3
12             DUNELM GROUP PLC                3
13      HARGREAVES LANSDOWN PLC                3
14                  Hunting PLC                3
15          JOHNSON MATTHEY PLC                3
16  JUPITER FUND MANAGEMENT PLC                3
17         KEYWORDS STUDIOS PLC                3
18               METRO BANK PLC                3
19              MITIE GROUP PLC                3

          Name of Share Issuer  Net Short Position (%)
0        WOOD GROUP (JOHN) PLC                    7.81
1                      SIG PLC                    6.07
2               Royal Mail Plc                    5.94
3       BABCOCK INTL GROUP PLC                    5.49
4              CINEWORLD GROUP                    5.28
5    Flutter Entertainment plc                    5.24
6                  PEARSON PLC                    5.22
7               METRO BANK PLC                    5.18
8   CREST NICHOLSON HLDGS  PLC                    4.97
9                  EASYJET PLC                    4.89
10              KINGFISHER PLC                    4.86
11              NMC HEALTH PLC                    4.60
12             MITIE GROUP PLC                    4.00
13                    ASOS PLC                    3.56
14              Kier Group plc                    3.48
15            DUNELM GROUP PLC                    3.31
16    DOMINO'S PIZZA GROUP PLC                    3.25
17         INTU PROPERTIES PLC                    3.25
18                 PLUS500 LTD                    3.00
19     HARGREAVES LANSDOWN PLC                    2.99

#########[+]SUMMARY MOST OVERALL SHORTED[+]######################
#########[+]SUMMARY MOST OVERALL SHORTED[+]######################
#########[+]SUMMARY MOST OVERALL SHORTED[+]######################

[+]	METRO BANK PLC
[+]	HARGREAVES LANSDOWN PLC
[+]	WOOD GROUP (JOHN) PLC
[+]	KINGFISHER PLC
[+]	PEARSON PLC
[+]	CINEWORLD GROUP
[+]	MITIE GROUP PLC
[+]	DOMINO'S PIZZA GROUP PLC
[+]	EASYJET PLC
[+]	Flutter Entertainment plc
[+]	BABCOCK INTL GROUP PLC
[+]	Royal Mail Plc
[+]	ASOS PLC
[+]	DUNELM GROUP PLC


THE SOFTWARE IS PROVIDED 'AS IS', WITHOUT WARRANTY OF ANY KIND, EXPRESS OR IMPLIED, INCLUDING BUT NOT LIMITED TO THE WARRANTIES OF MERCHANTABILITY, FITNESS FOR A PARTICULAR PURPOSE, TITLE AND NON-INFRINGEMENT. IN NO EVENT SHALL THE COPYRIGHT HOLDERS OR ANYONE DISTRIBUTING THE SOFTWARE BE LIABLE FOR ANY DAMAGES OR OTHER LIABILITY, WHETHER IN CONTRACT, TORT OR OTHERWISE, ARISING FROM, OUT OF OR IN CONNECTION WITH THE SOFTWARE OR THE USE OR OTHER DEALINGS IN THE SOFTWARE.

Dont forget to tip your server!
Bitcoin Cash (BCH)			qpz32c4lg7x7lnk9jg6qg7s4uavdce89myax5v5nuk
Ether (ETH)			0x843d3DEC2A4705BD4f45F674F641cE2D0022c9FB
Litecoin (LTC)			Lfk5y4F7KZa9oRxpazETwjQnHszEPvqPvu
Bitcoin (BTC)			14Dm7L3ABPtumPDcj3REAvs4L6w9YFRnHK
