##################################
##################################
##################################
Most Shorted Shares since [2019-10-23]
##################################
##################################
##################################

           Name of Share Issuer  Position Holder
0     Flutter Entertainment plc                6
1         WOOD GROUP (JOHN) PLC                6
2        BABCOCK INTL GROUP PLC                5
3         AUTO TRADER GROUP PLC                4
4                Kier Group plc                4
5           SIRIUS MINERALS PLC                4
6                 A.G. Barr PLC                3
7          BLUE PRISM GROUP PLC                3
8                    CAPITA PLC                3
9               CINEWORLD GROUP                3
10          DIXONS CARPHONE PLC                3
11                  EASYJET PLC                3
12  JUPITER FUND MANAGEMENT PLC                3
13               KINGFISHER PLC                3
14               NMC HEALTH PLC                3
15                  PEARSON PLC                3
16                  PLUS500 LTD                3
17                 SPECTRIS PLC                3

          Name of Share Issuer  Net Short Position (%)
0    Flutter Entertainment plc                    5.73
1        WOOD GROUP (JOHN) PLC                    5.31
2       BABCOCK INTL GROUP PLC                    5.25
3                  EASYJET PLC                    4.45
4           HALFORDS GROUP PLC                    4.45
5          SIRIUS MINERALS PLC                    4.43
6               Kier Group plc                    4.28
7   CREST NICHOLSON HLDGS  PLC                    4.23
8               NMC HEALTH PLC                    3.94
9                   CAPITA PLC                    3.90
10                 PLUS500 LTD                    3.78
11              KINGFISHER PLC                    3.72
12         GREENCORE GROUP PLC                    3.58
13     LANCASHIRE HOLDINGS LTD                    3.19
14        BLUE PRISM GROUP PLC                    3.05
15               A.G. Barr PLC                    2.92
16             CINEWORLD GROUP                    2.85
17                      AA PLC                    2.84
18       AUTO TRADER GROUP PLC                    2.82
19           PETROPAVLOVSK PLC                    2.72

#########[+]SUMMARY MOST OVERALL SHORTED[+]######################
#########[+]SUMMARY MOST OVERALL SHORTED[+]######################
#########[+]SUMMARY MOST OVERALL SHORTED[+]######################

[+]	Flutter Entertainment plc
[+]	WOOD GROUP (JOHN) PLC
[+]	Kier Group plc
[+]	AUTO TRADER GROUP PLC
[+]	PLUS500 LTD
[+]	SIRIUS MINERALS PLC
[+]	A.G. Barr PLC
[+]	NMC HEALTH PLC
[+]	EASYJET PLC
[+]	KINGFISHER PLC
[+]	BLUE PRISM GROUP PLC
[+]	CINEWORLD GROUP
[+]	CAPITA PLC
[+]	BABCOCK INTL GROUP PLC


THE SOFTWARE IS PROVIDED 'AS IS', WITHOUT WARRANTY OF ANY KIND, EXPRESS OR IMPLIED, INCLUDING BUT NOT LIMITED TO THE WARRANTIES OF MERCHANTABILITY, FITNESS FOR A PARTICULAR PURPOSE, TITLE AND NON-INFRINGEMENT. IN NO EVENT SHALL THE COPYRIGHT HOLDERS OR ANYONE DISTRIBUTING THE SOFTWARE BE LIABLE FOR ANY DAMAGES OR OTHER LIABILITY, WHETHER IN CONTRACT, TORT OR OTHERWISE, ARISING FROM, OUT OF OR IN CONNECTION WITH THE SOFTWARE OR THE USE OR OTHER DEALINGS IN THE SOFTWARE.

Dont forget to tip your server!
Bitcoin Cash (BCH)			qpz32c4lg7x7lnk9jg6qg7s4uavdce89myax5v5nuk
Ether (ETH)			0x843d3DEC2A4705BD4f45F674F641cE2D0022c9FB
Litecoin (LTC)			Lfk5y4F7KZa9oRxpazETwjQnHszEPvqPvu
Bitcoin (BTC)			14Dm7L3ABPtumPDcj3REAvs4L6w9YFRnHK
