##################################
##################################
##################################
Most Shorted Shares since [2019-08-23]
##################################
##################################
##################################

           Name of Share Issuer  Position Holder
0         WOOD GROUP (JOHN) PLC                6
1                 HAMMERSON PLC                5
2                KINGFISHER PLC                5
3           SIRIUS MINERALS PLC                5
4                        AA PLC                4
5         AUTO TRADER GROUP PLC                4
6          KEYWORDS STUDIOS PLC                4
7                METRO BANK PLC                4
8                   PLUS500 LTD                4
9              SEVERN TRENT PLC                4
10         ST JAMES'S PLACE PLC                4
11        THOMAS COOK GROUP PLC                4
12           WEIR GROUP PLC/THE                4
13                A.G. Barr PLC                3
14                     ASOS PLC                3
15       Arrow Global Group plc                3
16       BABCOCK INTL GROUP PLC                3
17              CINEWORLD GROUP                3
18          GREENCORE GROUP PLC                3
19  JUPITER FUND MANAGEMENT PLC                3

           Name of Share Issuer  Net Short Position (%)
0         THOMAS COOK GROUP PLC                    9.29
1                        AA PLC                    8.47
2                METRO BANK PLC                    7.95
3         WOOD GROUP (JOHN) PLC                    6.75
4                   PLUS500 LTD                    5.19
5                KINGFISHER PLC                    4.98
6       LANCASHIRE HOLDINGS LTD                    4.93
7           SIRIUS MINERALS PLC                    4.90
8                       SIG PLC                    4.87
9                   VALARIS PLC                    4.49
10               NMC HEALTH PLC                    4.41
11         RESTAURANT GROUP PLC                    3.78
12         ST JAMES'S PLACE PLC                    3.71
13  JUPITER FUND MANAGEMENT PLC                    3.57
14               Kier Group plc                    3.55
15           WEIR GROUP PLC/THE                    3.51
16                  EASYJET PLC                    3.49
17                HAMMERSON PLC                    3.47
18                  PEARSON PLC                    3.45
19         KEYWORDS STUDIOS PLC                    3.29

#########[+]SUMMARY MOST OVERALL SHORTED[+]######################
#########[+]SUMMARY MOST OVERALL SHORTED[+]######################
#########[+]SUMMARY MOST OVERALL SHORTED[+]######################

[+]	PLUS500 LTD
[+]	THOMAS COOK GROUP PLC
[+]	METRO BANK PLC
[+]	HAMMERSON PLC
[+]	ST JAMES'S PLACE PLC
[+]	WEIR GROUP PLC/THE
[+]	WOOD GROUP (JOHN) PLC
[+]	JUPITER FUND MANAGEMENT PLC
[+]	KEYWORDS STUDIOS PLC
[+]	KINGFISHER PLC
[+]	SIRIUS MINERALS PLC
[+]	AA PLC


THE SOFTWARE IS PROVIDED 'AS IS', WITHOUT WARRANTY OF ANY KIND, EXPRESS OR IMPLIED, INCLUDING BUT NOT LIMITED TO THE WARRANTIES OF MERCHANTABILITY, FITNESS FOR A PARTICULAR PURPOSE, TITLE AND NON-INFRINGEMENT. IN NO EVENT SHALL THE COPYRIGHT HOLDERS OR ANYONE DISTRIBUTING THE SOFTWARE BE LIABLE FOR ANY DAMAGES OR OTHER LIABILITY, WHETHER IN CONTRACT, TORT OR OTHERWISE, ARISING FROM, OUT OF OR IN CONNECTION WITH THE SOFTWARE OR THE USE OR OTHER DEALINGS IN THE SOFTWARE.

Dont forget to tip your server!
Bitcoin Cash (BCH)			qpz32c4lg7x7lnk9jg6qg7s4uavdce89myax5v5nuk
Ether (ETH)			0x843d3DEC2A4705BD4f45F674F641cE2D0022c9FB
Litecoin (LTC)			Lfk5y4F7KZa9oRxpazETwjQnHszEPvqPvu
Bitcoin (BTC)			14Dm7L3ABPtumPDcj3REAvs4L6w9YFRnHK
