##################################
##################################
##################################
Most Shorted Shares since [2019-08-28]
##################################
##################################
##################################

      Name of Share Issuer  Position Holder
0      SIRIUS MINERALS PLC                7
1    WOOD GROUP (JOHN) PLC                6
2            HAMMERSON PLC                5
3            A.G. Barr PLC                4
4                   AA PLC                4
5                 ASOS PLC                4
6    AUTO TRADER GROUP PLC                4
7   Arrow Global Group plc                4
8           METRO BANK PLC                4
9              PLUS500 LTD                4
10  BABCOCK INTL GROUP PLC                3
11         CINEWORLD GROUP                3
12    KEYWORDS STUDIOS PLC                3
13          Kier Group plc                3
14             PEARSON PLC                3
15          PETRA DIAMONDS                3
16            PETROFAC LTD                3
17    RESTAURANT GROUP PLC                3
18          Royal Mail Plc                3
19        SEVERN TRENT PLC                3

       Name of Share Issuer  Net Short Position (%)
0                    AA PLC                    8.56
1            METRO BANK PLC                    8.50
2     THOMAS COOK GROUP PLC                    7.98
3     WOOD GROUP (JOHN) PLC                    6.84
4            Kier Group plc                    6.76
5       SIRIUS MINERALS PLC                    5.98
6                   SIG PLC                    5.40
7               PLUS500 LTD                    5.17
8   LANCASHIRE HOLDINGS LTD                    4.93
9               VALARIS PLC                    4.49
10           NMC HEALTH PLC                    4.28
11                 ASOS PLC                    4.11
12            A.G. Barr PLC                    3.89
13     RESTAURANT GROUP PLC                    3.86
14            HAMMERSON PLC                    3.47
15              PEARSON PLC                    3.45
16              EASYJET PLC                    3.42
17   BABCOCK INTL GROUP PLC                    3.27
18          PREMIER OIL PLC                    3.19
19          CINEWORLD GROUP                    2.96

#########[+]SUMMARY MOST OVERALL SHORTED[+]######################
#########[+]SUMMARY MOST OVERALL SHORTED[+]######################
#########[+]SUMMARY MOST OVERALL SHORTED[+]######################

[+]	WOOD GROUP (JOHN) PLC
[+]	Kier Group plc
[+]	PEARSON PLC
[+]	PLUS500 LTD
[+]	CINEWORLD GROUP
[+]	METRO BANK PLC
[+]	AA PLC
[+]	RESTAURANT GROUP PLC
[+]	SIRIUS MINERALS PLC
[+]	BABCOCK INTL GROUP PLC
[+]	A.G. Barr PLC
[+]	HAMMERSON PLC
[+]	ASOS PLC


THE SOFTWARE IS PROVIDED 'AS IS', WITHOUT WARRANTY OF ANY KIND, EXPRESS OR IMPLIED, INCLUDING BUT NOT LIMITED TO THE WARRANTIES OF MERCHANTABILITY, FITNESS FOR A PARTICULAR PURPOSE, TITLE AND NON-INFRINGEMENT. IN NO EVENT SHALL THE COPYRIGHT HOLDERS OR ANYONE DISTRIBUTING THE SOFTWARE BE LIABLE FOR ANY DAMAGES OR OTHER LIABILITY, WHETHER IN CONTRACT, TORT OR OTHERWISE, ARISING FROM, OUT OF OR IN CONNECTION WITH THE SOFTWARE OR THE USE OR OTHER DEALINGS IN THE SOFTWARE.

Dont forget to tip your server!
Bitcoin Cash (BCH)			qpz32c4lg7x7lnk9jg6qg7s4uavdce89myax5v5nuk
Ether (ETH)			0x843d3DEC2A4705BD4f45F674F641cE2D0022c9FB
Litecoin (LTC)			Lfk5y4F7KZa9oRxpazETwjQnHszEPvqPvu
Bitcoin (BTC)			14Dm7L3ABPtumPDcj3REAvs4L6w9YFRnHK
