##################################
##################################
##################################
Most Shorted Shares since [2019-08-26]
##################################
##################################
##################################

           Name of Share Issuer  Position Holder
0         WOOD GROUP (JOHN) PLC                6
1                 HAMMERSON PLC                5
2                KINGFISHER PLC                5
3              SEVERN TRENT PLC                5
4           SIRIUS MINERALS PLC                5
5                        AA PLC                4
6         AUTO TRADER GROUP PLC                4
7          KEYWORDS STUDIOS PLC                4
8                METRO BANK PLC                4
9                   PLUS500 LTD                4
10         ST JAMES'S PLACE PLC                4
11        THOMAS COOK GROUP PLC                4
12           WEIR GROUP PLC/THE                4
13                A.G. Barr PLC                3
14       Arrow Global Group plc                3
15       BABCOCK INTL GROUP PLC                3
16              CINEWORLD GROUP                3
17          GREENCORE GROUP PLC                3
18  JUPITER FUND MANAGEMENT PLC                3
19               Kier Group plc                3

           Name of Share Issuer  Net Short Position (%)
0         THOMAS COOK GROUP PLC                    9.29
1                        AA PLC                    8.47
2                METRO BANK PLC                    8.22
3                Kier Group plc                    6.83
4         WOOD GROUP (JOHN) PLC                    6.81
5                       SIG PLC                    5.40
6                   PLUS500 LTD                    5.19
7                KINGFISHER PLC                    4.98
8       LANCASHIRE HOLDINGS LTD                    4.93
9           SIRIUS MINERALS PLC                    4.90
10                  VALARIS PLC                    4.49
11               NMC HEALTH PLC                    4.41
12         RESTAURANT GROUP PLC                    3.86
13             SEVERN TRENT PLC                    3.63
14         ST JAMES'S PLACE PLC                    3.59
15  JUPITER FUND MANAGEMENT PLC                    3.57
16           WEIR GROUP PLC/THE                    3.51
17                  EASYJET PLC                    3.49
18                HAMMERSON PLC                    3.47
19                  PEARSON PLC                    3.45

#########[+]SUMMARY MOST OVERALL SHORTED[+]######################
#########[+]SUMMARY MOST OVERALL SHORTED[+]######################
#########[+]SUMMARY MOST OVERALL SHORTED[+]######################

[+]	KINGFISHER PLC
[+]	SIRIUS MINERALS PLC
[+]	Kier Group plc
[+]	WOOD GROUP (JOHN) PLC
[+]	AA PLC
[+]	SEVERN TRENT PLC
[+]	JUPITER FUND MANAGEMENT PLC
[+]	WEIR GROUP PLC/THE
[+]	ST JAMES'S PLACE PLC
[+]	THOMAS COOK GROUP PLC
[+]	HAMMERSON PLC
[+]	PLUS500 LTD
[+]	METRO BANK PLC


THE SOFTWARE IS PROVIDED 'AS IS', WITHOUT WARRANTY OF ANY KIND, EXPRESS OR IMPLIED, INCLUDING BUT NOT LIMITED TO THE WARRANTIES OF MERCHANTABILITY, FITNESS FOR A PARTICULAR PURPOSE, TITLE AND NON-INFRINGEMENT. IN NO EVENT SHALL THE COPYRIGHT HOLDERS OR ANYONE DISTRIBUTING THE SOFTWARE BE LIABLE FOR ANY DAMAGES OR OTHER LIABILITY, WHETHER IN CONTRACT, TORT OR OTHERWISE, ARISING FROM, OUT OF OR IN CONNECTION WITH THE SOFTWARE OR THE USE OR OTHER DEALINGS IN THE SOFTWARE.

Dont forget to tip your server!
Bitcoin Cash (BCH)			qpz32c4lg7x7lnk9jg6qg7s4uavdce89myax5v5nuk
Ether (ETH)			0x843d3DEC2A4705BD4f45F674F641cE2D0022c9FB
Litecoin (LTC)			Lfk5y4F7KZa9oRxpazETwjQnHszEPvqPvu
Bitcoin (BTC)			14Dm7L3ABPtumPDcj3REAvs4L6w9YFRnHK
