##################################
##################################
##################################
Most Shorted Shares since [2019-11-18]
##################################
##################################
##################################

         Name of Share Issuer  Position Holder
0              KINGFISHER PLC                6
1             CINEWORLD GROUP                5
2   Flutter Entertainment plc                5
3          EQUINITI GROUP PLC                4
4        KEYWORDS STUDIOS PLC                4
5      BABCOCK INTL GROUP PLC                3
6     CRODA INTERNATIONAL PLC                3
7         DIXONS CARPHONE PLC                3
8    DOMINO'S PIZZA GROUP PLC                3
9                 EASYJET PLC                3
10             METRO BANK PLC                3
11             NMC HEALTH PLC                3
12                PEARSON PLC                3
13             Royal Mail Plc                3
14               SPECTRIS PLC                3
15         TRAVIS PERKINS PLC                3
16                VICTREX PLC                3
17        Virgin Money UK PLC                3
18         WEIR GROUP PLC/THE                3
19   WM MORRISON SUPERMARKETS                3

          Name of Share Issuer  Net Short Position (%)
0              CINEWORLD GROUP                    8.19
1               METRO BANK PLC                    6.30
2               KINGFISHER PLC                    5.79
3                      SIG PLC                    5.29
4          GREENCORE GROUP PLC                    4.92
5    Flutter Entertainment plc                    4.72
6                      IQE PLC                    4.43
7                  EASYJET PLC                    4.40
8               NMC HEALTH PLC                    4.30
9           Go-Ahead Group PLC                    4.14
10  CREST NICHOLSON HLDGS  PLC                    4.06
11        KEYWORDS STUDIOS PLC                    3.84
12          WEIR GROUP PLC/THE                    3.69
13                 VALARIS PLC                    3.58
14             MITIE GROUP PLC                    3.55
15                 PEARSON PLC                    3.47
16                      AA PLC                    3.28
17           SAINSBURY (J) PLC                    3.05
18      PETS AT HOME GROUP PLC                    2.99
19              Royal Mail Plc                    2.89

#########[+]SUMMARY MOST OVERALL SHORTED[+]######################
#########[+]SUMMARY MOST OVERALL SHORTED[+]######################
#########[+]SUMMARY MOST OVERALL SHORTED[+]######################

[+]	CINEWORLD GROUP
[+]	METRO BANK PLC
[+]	KINGFISHER PLC
[+]	Royal Mail Plc
[+]	Flutter Entertainment plc
[+]	PEARSON PLC
[+]	EASYJET PLC
[+]	WEIR GROUP PLC/THE
[+]	NMC HEALTH PLC
[+]	KEYWORDS STUDIOS PLC


THE SOFTWARE IS PROVIDED 'AS IS', WITHOUT WARRANTY OF ANY KIND, EXPRESS OR IMPLIED, INCLUDING BUT NOT LIMITED TO THE WARRANTIES OF MERCHANTABILITY, FITNESS FOR A PARTICULAR PURPOSE, TITLE AND NON-INFRINGEMENT. IN NO EVENT SHALL THE COPYRIGHT HOLDERS OR ANYONE DISTRIBUTING THE SOFTWARE BE LIABLE FOR ANY DAMAGES OR OTHER LIABILITY, WHETHER IN CONTRACT, TORT OR OTHERWISE, ARISING FROM, OUT OF OR IN CONNECTION WITH THE SOFTWARE OR THE USE OR OTHER DEALINGS IN THE SOFTWARE.

Dont forget to tip your server!
Bitcoin Cash (BCH)			qpz32c4lg7x7lnk9jg6qg7s4uavdce89myax5v5nuk
Ether (ETH)			0x843d3DEC2A4705BD4f45F674F641cE2D0022c9FB
Litecoin (LTC)			Lfk5y4F7KZa9oRxpazETwjQnHszEPvqPvu
Bitcoin (BTC)			14Dm7L3ABPtumPDcj3REAvs4L6w9YFRnHK
