##################################
##################################
##################################
Most Shorted Shares since [2019-11-01]
##################################
##################################
##################################

           Name of Share Issuer  Position Holder
0     Flutter Entertainment plc                7
1               CINEWORLD GROUP                6
2        BABCOCK INTL GROUP PLC                4
3   JUPITER FUND MANAGEMENT PLC                4
4                KINGFISHER PLC                4
5                Kier Group plc                4
6           SIRIUS MINERALS PLC                4
7                  SPECTRIS PLC                4
8         WOOD GROUP (JOHN) PLC                4
9      DOMINO'S PIZZA GROUP PLC                3
10          JOHNSON MATTHEY PLC                3
11         KEYWORDS STUDIOS PLC                3
12               METRO BANK PLC                3
13               NMC HEALTH PLC                3
14               PETRA DIAMONDS                3
15                    TED BAKER                3
16           TRAVIS PERKINS PLC                3
17          Virgin Money UK PLC                3
18           WEIR GROUP PLC/THE                3
19     WM MORRISON SUPERMARKETS                3

           Name of Share Issuer  Net Short Position (%)
0                METRO BANK PLC                    8.05
1               CINEWORLD GROUP                    6.79
2     Flutter Entertainment plc                    6.13
3                Kier Group plc                    5.53
4         WOOD GROUP (JOHN) PLC                    5.43
5           GREENCORE GROUP PLC                    5.37
6        BABCOCK INTL GROUP PLC                    4.97
7            Go-Ahead Group PLC                    4.42
8                KINGFISHER PLC                    4.32
9            HALFORDS GROUP PLC                    4.07
10   CREST NICHOLSON HLDGS  PLC                    4.00
11               NMC HEALTH PLC                    3.89
12          SIRIUS MINERALS PLC                    3.88
13                  EASYJET PLC                    3.75
14     DOMINO'S PIZZA GROUP PLC                    3.32
15  JUPITER FUND MANAGEMENT PLC                    3.21
16          INTU PROPERTIES PLC                    3.19
17     WM MORRISON SUPERMARKETS                    2.95
18           WEIR GROUP PLC/THE                    2.80
19                 SPECTRIS PLC                    2.76

#########[+]SUMMARY MOST OVERALL SHORTED[+]######################
#########[+]SUMMARY MOST OVERALL SHORTED[+]######################
#########[+]SUMMARY MOST OVERALL SHORTED[+]######################

[+]	WOOD GROUP (JOHN) PLC
[+]	NMC HEALTH PLC
[+]	WEIR GROUP PLC/THE
[+]	Flutter Entertainment plc
[+]	BABCOCK INTL GROUP PLC
[+]	KINGFISHER PLC
[+]	SPECTRIS PLC
[+]	WM MORRISON SUPERMARKETS
[+]	METRO BANK PLC
[+]	CINEWORLD GROUP
[+]	SIRIUS MINERALS PLC
[+]	JUPITER FUND MANAGEMENT PLC
[+]	Kier Group plc
[+]	DOMINO'S PIZZA GROUP PLC


THE SOFTWARE IS PROVIDED 'AS IS', WITHOUT WARRANTY OF ANY KIND, EXPRESS OR IMPLIED, INCLUDING BUT NOT LIMITED TO THE WARRANTIES OF MERCHANTABILITY, FITNESS FOR A PARTICULAR PURPOSE, TITLE AND NON-INFRINGEMENT. IN NO EVENT SHALL THE COPYRIGHT HOLDERS OR ANYONE DISTRIBUTING THE SOFTWARE BE LIABLE FOR ANY DAMAGES OR OTHER LIABILITY, WHETHER IN CONTRACT, TORT OR OTHERWISE, ARISING FROM, OUT OF OR IN CONNECTION WITH THE SOFTWARE OR THE USE OR OTHER DEALINGS IN THE SOFTWARE.

Dont forget to tip your server!
Bitcoin Cash (BCH)			qpz32c4lg7x7lnk9jg6qg7s4uavdce89myax5v5nuk
Ether (ETH)			0x843d3DEC2A4705BD4f45F674F641cE2D0022c9FB
Litecoin (LTC)			Lfk5y4F7KZa9oRxpazETwjQnHszEPvqPvu
Bitcoin (BTC)			14Dm7L3ABPtumPDcj3REAvs4L6w9YFRnHK
