##################################
##################################
##################################
Most Shorted Shares since [2019-12-02]
##################################
##################################
##################################

                        Name of Share Issuer  Position Holder
0   Aston Martin Lagonda Global Holdings Plc                5
1                            CINEWORLD GROUP                5
2                  Flutter Entertainment plc                5
3                                VICTREX PLC                5
4                      WOOD GROUP (JOHN) PLC                5
5                              HAMMERSON PLC                4
6                             KINGFISHER PLC                4
7                                PEARSON PLC                4
8                               PETROFAC LTD                4
9                             Royal Mail Plc                4
10                        WEIR GROUP PLC/THE                4
11                                    AA PLC                3
12                    BABCOCK INTL GROUP PLC                3
13                                CAPITA PLC                3
14                  DOMINO'S PIZZA GROUP PLC                3
15                          DUNELM GROUP PLC                3
16                               EASYJET PLC                3
17               JUPITER FUND MANAGEMENT PLC                3
18                      KEYWORDS STUDIOS PLC                3
19                           MITIE GROUP PLC                3

                        Name of Share Issuer  Net Short Position (%)
0                            CINEWORLD GROUP                    8.71
1                                    SIG PLC                    6.69
2                      WOOD GROUP (JOHN) PLC                    5.57
3                  Flutter Entertainment plc                    5.21
4                             Royal Mail Plc                    5.15
5                               PETROFAC LTD                    4.65
6                                VICTREX PLC                    4.65
7                             KINGFISHER PLC                    4.46
8                        GREENCORE GROUP PLC                    4.35
9                                EASYJET PLC                    4.34
10                               PEARSON PLC                    4.34
11                           MITIE GROUP PLC                    4.21
12  Aston Martin Lagonda Global Holdings Plc                    4.17
13                        WEIR GROUP PLC/THE                    4.10
14                             HAMMERSON PLC                    4.08
15                                    AA PLC                    3.89
16                            METRO BANK PLC                    3.62
17                  DOMINO'S PIZZA GROUP PLC                    3.38
18                    BABCOCK INTL GROUP PLC                    3.36
19                               VALARIS PLC                    3.33

#########[+]SUMMARY MOST OVERALL SHORTED[+]######################
#########[+]SUMMARY MOST OVERALL SHORTED[+]######################
#########[+]SUMMARY MOST OVERALL SHORTED[+]######################

[+]	Flutter Entertainment plc
[+]	PETROFAC LTD
[+]	BABCOCK INTL GROUP PLC
[+]	KINGFISHER PLC
[+]	MITIE GROUP PLC
[+]	PEARSON PLC
[+]	VICTREX PLC
[+]	EASYJET PLC
[+]	Royal Mail Plc
[+]	WEIR GROUP PLC/THE
[+]	AA PLC
[+]	DOMINO'S PIZZA GROUP PLC
[+]	CINEWORLD GROUP
[+]	HAMMERSON PLC
[+]	Aston Martin Lagonda Global Holdings Plc
[+]	WOOD GROUP (JOHN) PLC


THE SOFTWARE IS PROVIDED 'AS IS', WITHOUT WARRANTY OF ANY KIND, EXPRESS OR IMPLIED, INCLUDING BUT NOT LIMITED TO THE WARRANTIES OF MERCHANTABILITY, FITNESS FOR A PARTICULAR PURPOSE, TITLE AND NON-INFRINGEMENT. IN NO EVENT SHALL THE COPYRIGHT HOLDERS OR ANYONE DISTRIBUTING THE SOFTWARE BE LIABLE FOR ANY DAMAGES OR OTHER LIABILITY, WHETHER IN CONTRACT, TORT OR OTHERWISE, ARISING FROM, OUT OF OR IN CONNECTION WITH THE SOFTWARE OR THE USE OR OTHER DEALINGS IN THE SOFTWARE.

Dont forget to tip your server!
Bitcoin Cash (BCH)			qpz32c4lg7x7lnk9jg6qg7s4uavdce89myax5v5nuk
Ether (ETH)			0x843d3DEC2A4705BD4f45F674F641cE2D0022c9FB
Litecoin (LTC)			Lfk5y4F7KZa9oRxpazETwjQnHszEPvqPvu
Bitcoin (BTC)			14Dm7L3ABPtumPDcj3REAvs4L6w9YFRnHK
