##################################
##################################
##################################
Most Shorted Shares since [2019-08-14]
##################################
##################################
##################################

             Name of Share Issuer  Position Holder
0           WOOD GROUP (JOHN) PLC                7
1                  KINGFISHER PLC                5
2                     PLUS500 LTD                5
3                        ASOS PLC                4
4                     BEAZLEY PLC                4
5                 CINEWORLD GROUP                4
6                        CYBG PLC                4
7             GREENCORE GROUP PLC                4
8                  METRO BANK PLC                4
9            ST JAMES'S PLACE PLC                4
10          THOMAS COOK GROUP PLC                4
11             WEIR GROUP PLC/THE                4
12                    AGGREKO PLC                3
13         BABCOCK INTL GROUP PLC                3
14  CAPITAL & COUNTIES PROPERTIES                3
15                    EASYJET PLC                3
16                  FRESNILLO PLC                3
17                     Greggs Plc                3
18                  HAMMERSON PLC                3
19                 Kier Group plc                3

         Name of Share Issuer  Net Short Position (%)
0       THOMAS COOK GROUP PLC                    8.90
1              METRO BANK PLC                    7.69
2       WOOD GROUP (JOHN) PLC                    7.53
3         GREENCORE GROUP PLC                    6.96
4                 PLUS500 LTD                    6.07
5              Kier Group plc                    5.58
6              KINGFISHER PLC                    5.19
7                     SIG PLC                    4.98
8                    ASOS PLC                    4.59
9              NMC HEALTH PLC                    4.20
10                EASYJET PLC                    4.00
11     BABCOCK INTL GROUP PLC                    3.97
12            CINEWORLD GROUP                    3.88
13                BEAZLEY PLC                    3.75
14                PEARSON PLC                    3.72
15       ST JAMES'S PLACE PLC                    3.58
16         WEIR GROUP PLC/THE                    3.21
17            PREMIER OIL PLC                    3.19
18  MARKS & SPENCER GROUP PLC                    3.13
19         Go-Ahead Group PLC                    2.90

#########[+]SUMMARY MOST OVERALL SHORTED[+]######################
#########[+]SUMMARY MOST OVERALL SHORTED[+]######################
#########[+]SUMMARY MOST OVERALL SHORTED[+]######################

[+]	WEIR GROUP PLC/THE
[+]	WOOD GROUP (JOHN) PLC
[+]	THOMAS COOK GROUP PLC
[+]	EASYJET PLC
[+]	PLUS500 LTD
[+]	METRO BANK PLC
[+]	CINEWORLD GROUP
[+]	ASOS PLC
[+]	BEAZLEY PLC
[+]	GREENCORE GROUP PLC
[+]	BABCOCK INTL GROUP PLC
[+]	KINGFISHER PLC
[+]	Kier Group plc
[+]	ST JAMES'S PLACE PLC


THE SOFTWARE IS PROVIDED 'AS IS', WITHOUT WARRANTY OF ANY KIND, EXPRESS OR IMPLIED, INCLUDING BUT NOT LIMITED TO THE WARRANTIES OF MERCHANTABILITY, FITNESS FOR A PARTICULAR PURPOSE, TITLE AND NON-INFRINGEMENT. IN NO EVENT SHALL THE COPYRIGHT HOLDERS OR ANYONE DISTRIBUTING THE SOFTWARE BE LIABLE FOR ANY DAMAGES OR OTHER LIABILITY, WHETHER IN CONTRACT, TORT OR OTHERWISE, ARISING FROM, OUT OF OR IN CONNECTION WITH THE SOFTWARE OR THE USE OR OTHER DEALINGS IN THE SOFTWARE.

Dont forget to tip your server!
Bitcoin Cash (BCH)			qpz32c4lg7x7lnk9jg6qg7s4uavdce89myax5v5nuk
Ether (ETH)			0x843d3DEC2A4705BD4f45F674F641cE2D0022c9FB
Litecoin (LTC)			Lfk5y4F7KZa9oRxpazETwjQnHszEPvqPvu
Bitcoin (BTC)			14Dm7L3ABPtumPDcj3REAvs4L6w9YFRnHK
