##################################
##################################
##################################
Most Shorted Shares since [2019-10-29]
##################################
##################################
##################################

           Name of Share Issuer  Position Holder
0        BABCOCK INTL GROUP PLC                7
1     Flutter Entertainment plc                6
2                Kier Group plc                5
3         WOOD GROUP (JOHN) PLC                5
4               CINEWORLD GROUP                4
5                KINGFISHER PLC                4
6           SIRIUS MINERALS PLC                4
7                      ASOS PLC                3
8         AUTO TRADER GROUP PLC                3
9           DIXONS CARPHONE PLC                3
10     DOMINO'S PIZZA GROUP PLC                3
11                  EASYJET PLC                3
12          JOHNSON MATTHEY PLC                3
13  JUPITER FUND MANAGEMENT PLC                3
14            NEWRIVER REIT PLC                3
15               NMC HEALTH PLC                3
16                  PEARSON PLC                3
17               PETRA DIAMONDS                3
18                  PLUS500 LTD                3
19                 SPECTRIS PLC                3

          Name of Share Issuer  Net Short Position (%)
0       BABCOCK INTL GROUP PLC                    7.59
1        WOOD GROUP (JOHN) PLC                    6.17
2               Kier Group plc                    6.11
3    Flutter Entertainment plc                    5.63
4          GREENCORE GROUP PLC                    5.46
5           HALFORDS GROUP PLC                    4.45
6                  EASYJET PLC                    4.43
7          SIRIUS MINERALS PLC                    4.43
8           Go-Ahead Group PLC                    4.42
9              CINEWORLD GROUP                    4.24
10              KINGFISHER PLC                    4.10
11  CREST NICHOLSON HLDGS  PLC                    4.00
12              NMC HEALTH PLC                    3.93
13         INTU PROPERTIES PLC                    3.90
14                 PLUS500 LTD                    3.66
15    DOMINO'S PIZZA GROUP PLC                    3.32
16     LANCASHIRE HOLDINGS LTD                    3.19
17           NEWRIVER REIT PLC                    3.06
18                      AA PLC                    3.02
19                    ASOS PLC                    2.82

#########[+]SUMMARY MOST OVERALL SHORTED[+]######################
#########[+]SUMMARY MOST OVERALL SHORTED[+]######################
#########[+]SUMMARY MOST OVERALL SHORTED[+]######################

[+]	EASYJET PLC
[+]	KINGFISHER PLC
[+]	DOMINO'S PIZZA GROUP PLC
[+]	Kier Group plc
[+]	BABCOCK INTL GROUP PLC
[+]	Flutter Entertainment plc
[+]	NEWRIVER REIT PLC
[+]	ASOS PLC
[+]	PLUS500 LTD
[+]	NMC HEALTH PLC
[+]	CINEWORLD GROUP
[+]	WOOD GROUP (JOHN) PLC
[+]	SIRIUS MINERALS PLC


THE SOFTWARE IS PROVIDED 'AS IS', WITHOUT WARRANTY OF ANY KIND, EXPRESS OR IMPLIED, INCLUDING BUT NOT LIMITED TO THE WARRANTIES OF MERCHANTABILITY, FITNESS FOR A PARTICULAR PURPOSE, TITLE AND NON-INFRINGEMENT. IN NO EVENT SHALL THE COPYRIGHT HOLDERS OR ANYONE DISTRIBUTING THE SOFTWARE BE LIABLE FOR ANY DAMAGES OR OTHER LIABILITY, WHETHER IN CONTRACT, TORT OR OTHERWISE, ARISING FROM, OUT OF OR IN CONNECTION WITH THE SOFTWARE OR THE USE OR OTHER DEALINGS IN THE SOFTWARE.

Dont forget to tip your server!
Bitcoin Cash (BCH)			qpz32c4lg7x7lnk9jg6qg7s4uavdce89myax5v5nuk
Ether (ETH)			0x843d3DEC2A4705BD4f45F674F641cE2D0022c9FB
Litecoin (LTC)			Lfk5y4F7KZa9oRxpazETwjQnHszEPvqPvu
Bitcoin (BTC)			14Dm7L3ABPtumPDcj3REAvs4L6w9YFRnHK
