##################################
##################################
##################################
Most Shorted Shares since [2019-10-03]
##################################
##################################
##################################

           Name of Share Issuer  Position Holder
0         WOOD GROUP (JOHN) PLC                9
1     Flutter Entertainment plc                7
2         AUTO TRADER GROUP PLC                5
3        BABCOCK INTL GROUP PLC                5
4               CINEWORLD GROUP                4
5      DOMINO'S PIZZA GROUP PLC                4
6                   EASYJET PLC                4
7                KINGFISHER PLC                4
8                   PEARSON PLC                4
9                Royal Mail Plc                4
10                     ASOS PLC                3
11         BLUE PRISM GROUP PLC                3
12             DUNELM GROUP PLC                3
13      HARGREAVES LANSDOWN PLC                3
14                  Hunting PLC                3
15          JOHNSON MATTHEY PLC                3
16  JUPITER FUND MANAGEMENT PLC                3
17         KEYWORDS STUDIOS PLC                3
18               METRO BANK PLC                3
19               NMC HEALTH PLC                3

          Name of Share Issuer  Net Short Position (%)
0        WOOD GROUP (JOHN) PLC                    7.81
1    Flutter Entertainment plc                    5.51
2       BABCOCK INTL GROUP PLC                    5.48
3               METRO BANK PLC                    5.18
4               Royal Mail Plc                    5.17
5   CREST NICHOLSON HLDGS  PLC                    4.95
6                  EASYJET PLC                    4.89
7               KINGFISHER PLC                    4.79
8              CINEWORLD GROUP                    4.77
9               NMC HEALTH PLC                    4.60
10       AUTO TRADER GROUP PLC                    3.66
11              Kier Group plc                    3.48
12                    ASOS PLC                    3.47
13             MITIE GROUP PLC                    3.47
14            DUNELM GROUP PLC                    3.31
15    DOMINO'S PIZZA GROUP PLC                    3.25
16         INTU PROPERTIES PLC                    3.25
17                 PEARSON PLC                    3.14
18                 PLUS500 LTD                    3.00
19     HARGREAVES LANSDOWN PLC                    2.99

#########[+]SUMMARY MOST OVERALL SHORTED[+]######################
#########[+]SUMMARY MOST OVERALL SHORTED[+]######################
#########[+]SUMMARY MOST OVERALL SHORTED[+]######################

[+]	NMC HEALTH PLC
[+]	ASOS PLC
[+]	BABCOCK INTL GROUP PLC
[+]	Flutter Entertainment plc
[+]	METRO BANK PLC
[+]	Royal Mail Plc
[+]	HARGREAVES LANSDOWN PLC
[+]	KINGFISHER PLC
[+]	AUTO TRADER GROUP PLC
[+]	DUNELM GROUP PLC
[+]	EASYJET PLC
[+]	CINEWORLD GROUP
[+]	WOOD GROUP (JOHN) PLC
[+]	PEARSON PLC
[+]	DOMINO'S PIZZA GROUP PLC


THE SOFTWARE IS PROVIDED 'AS IS', WITHOUT WARRANTY OF ANY KIND, EXPRESS OR IMPLIED, INCLUDING BUT NOT LIMITED TO THE WARRANTIES OF MERCHANTABILITY, FITNESS FOR A PARTICULAR PURPOSE, TITLE AND NON-INFRINGEMENT. IN NO EVENT SHALL THE COPYRIGHT HOLDERS OR ANYONE DISTRIBUTING THE SOFTWARE BE LIABLE FOR ANY DAMAGES OR OTHER LIABILITY, WHETHER IN CONTRACT, TORT OR OTHERWISE, ARISING FROM, OUT OF OR IN CONNECTION WITH THE SOFTWARE OR THE USE OR OTHER DEALINGS IN THE SOFTWARE.

Dont forget to tip your server!
Bitcoin Cash (BCH)			qpz32c4lg7x7lnk9jg6qg7s4uavdce89myax5v5nuk
Ether (ETH)			0x843d3DEC2A4705BD4f45F674F641cE2D0022c9FB
Litecoin (LTC)			Lfk5y4F7KZa9oRxpazETwjQnHszEPvqPvu
Bitcoin (BTC)			14Dm7L3ABPtumPDcj3REAvs4L6w9YFRnHK
