##################################
##################################
##################################
Most Shorted Shares since [2019-08-29]
##################################
##################################
##################################

      Name of Share Issuer  Position Holder
0      SIRIUS MINERALS PLC                7
1    WOOD GROUP (JOHN) PLC                5
2            A.G. Barr PLC                4
3                   AA PLC                4
4                 ASOS PLC                4
5    AUTO TRADER GROUP PLC                4
6   Arrow Global Group plc                4
7            HAMMERSON PLC                4
8     KEYWORDS STUDIOS PLC                4
9           METRO BANK PLC                4
10             PLUS500 LTD                4
11  BABCOCK INTL GROUP PLC                3
12         CINEWORLD GROUP                3
13          KINGFISHER PLC                3
14          Kier Group plc                3
15             PEARSON PLC                3
16          PETRA DIAMONDS                3
17    RESTAURANT GROUP PLC                3
18          Royal Mail Plc                3
19        SEVERN TRENT PLC                3

       Name of Share Issuer  Net Short Position (%)
0                    AA PLC                    8.56
1            METRO BANK PLC                    8.50
2     THOMAS COOK GROUP PLC                    7.98
3            Kier Group plc                    6.76
4       SIRIUS MINERALS PLC                    6.20
5     WOOD GROUP (JOHN) PLC                    5.87
6                   SIG PLC                    5.40
7               PLUS500 LTD                    5.17
8   LANCASHIRE HOLDINGS LTD                    4.93
9            NMC HEALTH PLC                    4.28
10                 ASOS PLC                    4.06
11            A.G. Barr PLC                    3.95
12     RESTAURANT GROUP PLC                    3.86
13              VALARIS PLC                    3.70
14              PEARSON PLC                    3.45
15              EASYJET PLC                    3.35
16     KEYWORDS STUDIOS PLC                    3.29
17   BABCOCK INTL GROUP PLC                    3.27
18          PREMIER OIL PLC                    3.19
19       WEIR GROUP PLC/THE                    2.99

#########[+]SUMMARY MOST OVERALL SHORTED[+]######################
#########[+]SUMMARY MOST OVERALL SHORTED[+]######################
#########[+]SUMMARY MOST OVERALL SHORTED[+]######################

[+]	Kier Group plc
[+]	BABCOCK INTL GROUP PLC
[+]	ASOS PLC
[+]	METRO BANK PLC
[+]	WOOD GROUP (JOHN) PLC
[+]	KEYWORDS STUDIOS PLC
[+]	PLUS500 LTD
[+]	A.G. Barr PLC
[+]	AA PLC
[+]	RESTAURANT GROUP PLC
[+]	SIRIUS MINERALS PLC
[+]	PEARSON PLC


THE SOFTWARE IS PROVIDED 'AS IS', WITHOUT WARRANTY OF ANY KIND, EXPRESS OR IMPLIED, INCLUDING BUT NOT LIMITED TO THE WARRANTIES OF MERCHANTABILITY, FITNESS FOR A PARTICULAR PURPOSE, TITLE AND NON-INFRINGEMENT. IN NO EVENT SHALL THE COPYRIGHT HOLDERS OR ANYONE DISTRIBUTING THE SOFTWARE BE LIABLE FOR ANY DAMAGES OR OTHER LIABILITY, WHETHER IN CONTRACT, TORT OR OTHERWISE, ARISING FROM, OUT OF OR IN CONNECTION WITH THE SOFTWARE OR THE USE OR OTHER DEALINGS IN THE SOFTWARE.

Dont forget to tip your server!
Bitcoin Cash (BCH)			qpz32c4lg7x7lnk9jg6qg7s4uavdce89myax5v5nuk
Ether (ETH)			0x843d3DEC2A4705BD4f45F674F641cE2D0022c9FB
Litecoin (LTC)			Lfk5y4F7KZa9oRxpazETwjQnHszEPvqPvu
Bitcoin (BTC)			14Dm7L3ABPtumPDcj3REAvs4L6w9YFRnHK
