##################################
##################################
##################################
Most Shorted Shares since [2019-06-04]
##################################
##################################
##################################

            Name of Share Issuer  Position Holder
0                   JUST EAT PLC                6
1                 Kier Group plc                6
2    JUPITER FUND MANAGEMENT PLC                5
3                         AA PLC                4
4                       ASOS PLC                4
5          AUTO TRADER GROUP PLC                4
6     DAILY MAIL & GENERAL TRUST                4
7      MARKS & SPENCER GROUP PLC                4
8                 METRO BANK PLC                4
9              NEWRIVER REIT PLC                4
10                   PLUS500 LTD                4
11  SMITH (DAVID S) HOLDINGS PLC                4
12            WEIR GROUP PLC/THE                4
13         WOOD GROUP (JOHN) PLC                4
14                   AGGREKO PLC                3
15            ANGLO AMERICAN PLC                3
16        BABCOCK INTL GROUP PLC                3
17           BCA MARKETPLACE PLC                3
18              CAIRN ENERGY PLC                3
19                    CAPITA PLC                3

           Name of Share Issuer  Net Short Position (%)
0                Kier Group plc                    9.13
1         WOOD GROUP (JOHN) PLC                    6.04
2       LANCASHIRE HOLDINGS LTD                    5.89
3                  JUST EAT PLC                    5.20
4     MARKS & SPENCER GROUP PLC                    4.92
5                METRO BANK PLC                    4.90
6        BABCOCK INTL GROUP PLC                    4.32
7            ANGLO AMERICAN PLC                    4.29
8   JUPITER FUND MANAGEMENT PLC                    4.03
9                       SIG PLC                    3.92
10          GREENCORE GROUP PLC                    3.84
11        THOMAS COOK GROUP PLC                    3.69
12              Ensco Rowan plc                    3.67
13           WEIR GROUP PLC/THE                    3.63
14              MITIE GROUP PLC                    3.53
15            MAJESTIC WINE PLC                    3.42
16                       AA PLC                    3.40
17           Go-Ahead Group PLC                    3.40
18               NMC HEALTH PLC                    3.20
19       PETS AT HOME GROUP PLC                    3.13

#########[+]SUMMARY MOST OVERALL SHORTED[+]######################
#########[+]SUMMARY MOST OVERALL SHORTED[+]######################
#########[+]SUMMARY MOST OVERALL SHORTED[+]######################

[+]	MARKS & SPENCER GROUP PLC
[+]	JUST EAT PLC
[+]	ANGLO AMERICAN PLC
[+]	WOOD GROUP (JOHN) PLC
[+]	Kier Group plc
[+]	WEIR GROUP PLC/THE
[+]	JUPITER FUND MANAGEMENT PLC
[+]	METRO BANK PLC
[+]	BABCOCK INTL GROUP PLC
[+]	AA PLC


THE SOFTWARE IS PROVIDED 'AS IS', WITHOUT WARRANTY OF ANY KIND, EXPRESS OR IMPLIED, INCLUDING BUT NOT LIMITED TO THE WARRANTIES OF MERCHANTABILITY, FITNESS FOR A PARTICULAR PURPOSE, TITLE AND NON-INFRINGEMENT. IN NO EVENT SHALL THE COPYRIGHT HOLDERS OR ANYONE DISTRIBUTING THE SOFTWARE BE LIABLE FOR ANY DAMAGES OR OTHER LIABILITY, WHETHER IN CONTRACT, TORT OR OTHERWISE, ARISING FROM, OUT OF OR IN CONNECTION WITH THE SOFTWARE OR THE USE OR OTHER DEALINGS IN THE SOFTWARE.

Dont forget to tip your server!
Bitcoin Cash (BCH)			qpz32c4lg7x7lnk9jg6qg7s4uavdce89myax5v5nuk
Ether (ETH)			0x843d3DEC2A4705BD4f45F674F641cE2D0022c9FB
Litecoin (LTC)			Lfk5y4F7KZa9oRxpazETwjQnHszEPvqPvu
Bitcoin (BTC)			14Dm7L3ABPtumPDcj3REAvs4L6w9YFRnHK
