##################################
##################################
##################################
Most Shorted Shares since [2019-07-16]
##################################
##################################
##################################

             Name of Share Issuer  Position Holder
0               NEWRIVER REIT PLC                6
1                  Kier Group plc                5
2             SIRIUS MINERALS PLC                5
3          BABCOCK INTL GROUP PLC                4
4                   HAMMERSON PLC                4
5     JUPITER FUND MANAGEMENT PLC                4
6                  METRO BANK PLC                4
7                SEVERN TRENT PLC                4
8              WEIR GROUP PLC/THE                4
9           WOOD GROUP (JOHN) PLC                4
10                       ASOS PLC                3
11          AUTO TRADER GROUP PLC                3
12                     CAPITA PLC                3
13  CAPITAL & COUNTIES PROPERTIES                3
14                CINEWORLD GROUP                3
15                    DIGNITY PLC                3
16            DIXONS CARPHONE PLC                3
17       DOMINO'S PIZZA GROUP PLC                3
18                    EASYJET PLC                3
19            GREENCORE GROUP PLC                3

           Name of Share Issuer  Net Short Position (%)
0                Kier Group plc                   11.39
1         THOMAS COOK GROUP PLC                    7.27
2           GREENCORE GROUP PLC                    6.56
3                METRO BANK PLC                    6.40
4                       SIG PLC                    5.43
5                       IQE PLC                    5.13
6                   PLUS500 LTD                    4.92
7             NEWRIVER REIT PLC                    4.29
8            ANGLO AMERICAN PLC                    4.06
9         WOOD GROUP (JOHN) PLC                    4.03
10  JUPITER FUND MANAGEMENT PLC                    4.00
11          SIRIUS MINERALS PLC                    3.98
12                Marston's plc                    3.72
13              PREMIER OIL PLC                    3.53
14       BABCOCK INTL GROUP PLC                    3.46
15                  EASYJET PLC                    3.31
16                  PEARSON PLC                    3.30
17           HALFORDS GROUP PLC                    3.21
18             SEVERN TRENT PLC                    2.97
19           Go-Ahead Group PLC                    2.82

#########[+]SUMMARY MOST OVERALL SHORTED[+]######################
#########[+]SUMMARY MOST OVERALL SHORTED[+]######################
#########[+]SUMMARY MOST OVERALL SHORTED[+]######################

[+]	NEWRIVER REIT PLC
[+]	WOOD GROUP (JOHN) PLC
[+]	SIRIUS MINERALS PLC
[+]	EASYJET PLC
[+]	GREENCORE GROUP PLC
[+]	BABCOCK INTL GROUP PLC
[+]	SEVERN TRENT PLC
[+]	METRO BANK PLC
[+]	Kier Group plc
[+]	JUPITER FUND MANAGEMENT PLC


THE SOFTWARE IS PROVIDED 'AS IS', WITHOUT WARRANTY OF ANY KIND, EXPRESS OR IMPLIED, INCLUDING BUT NOT LIMITED TO THE WARRANTIES OF MERCHANTABILITY, FITNESS FOR A PARTICULAR PURPOSE, TITLE AND NON-INFRINGEMENT. IN NO EVENT SHALL THE COPYRIGHT HOLDERS OR ANYONE DISTRIBUTING THE SOFTWARE BE LIABLE FOR ANY DAMAGES OR OTHER LIABILITY, WHETHER IN CONTRACT, TORT OR OTHERWISE, ARISING FROM, OUT OF OR IN CONNECTION WITH THE SOFTWARE OR THE USE OR OTHER DEALINGS IN THE SOFTWARE.

Dont forget to tip your server!
Bitcoin Cash (BCH)			qpz32c4lg7x7lnk9jg6qg7s4uavdce89myax5v5nuk
Ether (ETH)			0x843d3DEC2A4705BD4f45F674F641cE2D0022c9FB
Litecoin (LTC)			Lfk5y4F7KZa9oRxpazETwjQnHszEPvqPvu
Bitcoin (BTC)			14Dm7L3ABPtumPDcj3REAvs4L6w9YFRnHK
