##################################
##################################
##################################
Most Shorted Shares since [2019-09-11]
##################################
##################################
##################################

         Name of Share Issuer  Position Holder
0       WOOD GROUP (JOHN) PLC                8
1                 PEARSON PLC                6
2              KINGFISHER PLC                5
3          WEIR GROUP PLC/THE                5
4               A.G. Barr PLC                4
5                    ASOS PLC                4
6      BABCOCK INTL GROUP PLC                4
7             CINEWORLD GROUP                4
8               HAMMERSON PLC                4
9        KEYWORDS STUDIOS PLC                4
10             METRO BANK PLC                4
11            PREMIER OIL PLC                4
12        SIRIUS MINERALS PLC                4
13       ST JAMES'S PLACE PLC                4
14   WM MORRISON SUPERMARKETS                4
15                     AA PLC                3
16           AO WORLD PLC ORD                3
17      AUTO TRADER GROUP PLC                3
18             Kier Group plc                3
19  MARKS & SPENCER GROUP PLC                3

        Name of Share Issuer  Net Short Position (%)
0      WOOD GROUP (JOHN) PLC                    8.03
1             METRO BANK PLC                    7.82
2             Kier Group plc                    6.22
3                PEARSON PLC                    5.59
4             KINGFISHER PLC                    4.99
5      THOMAS COOK GROUP PLC                    4.80
6    LANCASHIRE HOLDINGS LTD                    4.65
7            PREMIER OIL PLC                    4.57
8         WEIR GROUP PLC/THE                    4.52
9             NMC HEALTH PLC                    4.29
10             A.G. Barr PLC                    4.27
11       SIRIUS MINERALS PLC                    4.22
12                  ASOS PLC                    4.16
13      KEYWORDS STUDIOS PLC                    3.74
14             HAMMERSON PLC                    3.62
15  WM MORRISON SUPERMARKETS                    3.61
16                    AA PLC                    3.60
17           CINEWORLD GROUP                    3.43
18    BABCOCK INTL GROUP PLC                    3.32
19               PLUS500 LTD                    3.29

#########[+]SUMMARY MOST OVERALL SHORTED[+]######################
#########[+]SUMMARY MOST OVERALL SHORTED[+]######################
#########[+]SUMMARY MOST OVERALL SHORTED[+]######################

[+]	ASOS PLC
[+]	HAMMERSON PLC
[+]	METRO BANK PLC
[+]	PEARSON PLC
[+]	PREMIER OIL PLC
[+]	WOOD GROUP (JOHN) PLC
[+]	A.G. Barr PLC
[+]	WEIR GROUP PLC/THE
[+]	SIRIUS MINERALS PLC
[+]	Kier Group plc
[+]	KINGFISHER PLC
[+]	CINEWORLD GROUP
[+]	AA PLC
[+]	KEYWORDS STUDIOS PLC
[+]	WM MORRISON SUPERMARKETS
[+]	BABCOCK INTL GROUP PLC


THE SOFTWARE IS PROVIDED 'AS IS', WITHOUT WARRANTY OF ANY KIND, EXPRESS OR IMPLIED, INCLUDING BUT NOT LIMITED TO THE WARRANTIES OF MERCHANTABILITY, FITNESS FOR A PARTICULAR PURPOSE, TITLE AND NON-INFRINGEMENT. IN NO EVENT SHALL THE COPYRIGHT HOLDERS OR ANYONE DISTRIBUTING THE SOFTWARE BE LIABLE FOR ANY DAMAGES OR OTHER LIABILITY, WHETHER IN CONTRACT, TORT OR OTHERWISE, ARISING FROM, OUT OF OR IN CONNECTION WITH THE SOFTWARE OR THE USE OR OTHER DEALINGS IN THE SOFTWARE.

Dont forget to tip your server!
Bitcoin Cash (BCH)			qpz32c4lg7x7lnk9jg6qg7s4uavdce89myax5v5nuk
Ether (ETH)			0x843d3DEC2A4705BD4f45F674F641cE2D0022c9FB
Litecoin (LTC)			Lfk5y4F7KZa9oRxpazETwjQnHszEPvqPvu
Bitcoin (BTC)			14Dm7L3ABPtumPDcj3REAvs4L6w9YFRnHK
