##################################
##################################
##################################
Most Shorted Shares since [2019-09-26]
##################################
##################################
##################################

           Name of Share Issuer  Position Holder
0         WOOD GROUP (JOHN) PLC                8
1     Flutter Entertainment plc                7
2   JUPITER FUND MANAGEMENT PLC                7
3                   PEARSON PLC                7
4        BABCOCK INTL GROUP PLC                6
5               CINEWORLD GROUP                6
6            WEIR GROUP PLC/THE                6
7                 A.G. Barr PLC                5
8         AUTO TRADER GROUP PLC                5
9                Royal Mail Plc                5
10     DOMINO'S PIZZA GROUP PLC                4
11         KEYWORDS STUDIOS PLC                4
12               KINGFISHER PLC                4
13               METRO BANK PLC                4
14                     ASOS PLC                3
15                  BEAZLEY PLC                3
16          BRITISH LAND CO PLC                3
17                     CYBG PLC                3
18             DUNELM GROUP PLC                3
19                  EASYJET PLC                3

           Name of Share Issuer  Net Short Position (%)
0                METRO BANK PLC                    8.93
1         WOOD GROUP (JOHN) PLC                    7.43
2   JUPITER FUND MANAGEMENT PLC                    6.24
3                   PEARSON PLC                    6.04
4        BABCOCK INTL GROUP PLC                    6.03
5               CINEWORLD GROUP                    6.01
6                       SIG PLC                    5.90
7                Royal Mail Plc                    5.88
8            WEIR GROUP PLC/THE                    5.88
9    CREST NICHOLSON HLDGS  PLC                    4.97
10    Flutter Entertainment plc                    4.87
11               KINGFISHER PLC                    4.64
12               NMC HEALTH PLC                    4.60
13                A.G. Barr PLC                    4.57
14                  EASYJET PLC                    4.05
15              MITIE GROUP PLC                    4.00
16        AUTO TRADER GROUP PLC                    3.73
17          INTU PROPERTIES PLC                    3.73
18               Kier Group plc                    3.58
19          SIRIUS MINERALS PLC                    3.35

#########[+]SUMMARY MOST OVERALL SHORTED[+]######################
#########[+]SUMMARY MOST OVERALL SHORTED[+]######################
#########[+]SUMMARY MOST OVERALL SHORTED[+]######################

[+]	Flutter Entertainment plc
[+]	Royal Mail Plc
[+]	CINEWORLD GROUP
[+]	METRO BANK PLC
[+]	PEARSON PLC
[+]	KINGFISHER PLC
[+]	WEIR GROUP PLC/THE
[+]	A.G. Barr PLC
[+]	JUPITER FUND MANAGEMENT PLC
[+]	EASYJET PLC
[+]	BABCOCK INTL GROUP PLC
[+]	AUTO TRADER GROUP PLC
[+]	WOOD GROUP (JOHN) PLC


THE SOFTWARE IS PROVIDED 'AS IS', WITHOUT WARRANTY OF ANY KIND, EXPRESS OR IMPLIED, INCLUDING BUT NOT LIMITED TO THE WARRANTIES OF MERCHANTABILITY, FITNESS FOR A PARTICULAR PURPOSE, TITLE AND NON-INFRINGEMENT. IN NO EVENT SHALL THE COPYRIGHT HOLDERS OR ANYONE DISTRIBUTING THE SOFTWARE BE LIABLE FOR ANY DAMAGES OR OTHER LIABILITY, WHETHER IN CONTRACT, TORT OR OTHERWISE, ARISING FROM, OUT OF OR IN CONNECTION WITH THE SOFTWARE OR THE USE OR OTHER DEALINGS IN THE SOFTWARE.

Dont forget to tip your server!
Bitcoin Cash (BCH)			qpz32c4lg7x7lnk9jg6qg7s4uavdce89myax5v5nuk
Ether (ETH)			0x843d3DEC2A4705BD4f45F674F641cE2D0022c9FB
Litecoin (LTC)			Lfk5y4F7KZa9oRxpazETwjQnHszEPvqPvu
Bitcoin (BTC)			14Dm7L3ABPtumPDcj3REAvs4L6w9YFRnHK
