##################################
##################################
##################################
Most Shorted Shares since [2019-07-24]
##################################
##################################
##################################

             Name of Share Issuer  Position Holder
0              WEIR GROUP PLC/THE                6
1          Arrow Global Group plc                5
2                  Kier Group plc                5
3                        ASOS PLC                4
4                   HAMMERSON PLC                4
5     JUPITER FUND MANAGEMENT PLC                4
6               NEWRIVER REIT PLC                4
7                 PREMIER OIL PLC                4
8                SEVERN TRENT PLC                4
9             SIRIUS MINERALS PLC                4
10          THOMAS COOK GROUP PLC                4
11          WOOD GROUP (JOHN) PLC                4
12          AUTO TRADER GROUP PLC                3
13                     CAPITA PLC                3
14  CAPITAL & COUNTIES PROPERTIES                3
15                CINEWORLD GROUP                3
16            DIXONS CARPHONE PLC                3
17            GREENCORE GROUP PLC                3
18                 KINGFISHER PLC                3
19                 METRO BANK PLC                3

           Name of Share Issuer  Net Short Position (%)
0                Kier Group plc                   11.28
1         THOMAS COOK GROUP PLC                    8.03
2           GREENCORE GROUP PLC                    6.60
3        Arrow Global Group plc                    5.22
4           SIRIUS MINERALS PLC                    5.20
5               PREMIER OIL PLC                    5.18
6                       SIG PLC                    4.90
7                      ASOS PLC                    4.42
8            ANGLO AMERICAN PLC                    4.20
9           INTU PROPERTIES PLC                    4.17
10        WOOD GROUP (JOHN) PLC                    4.09
11           WEIR GROUP PLC/THE                    4.07
12                  PLUS500 LTD                    3.96
13                Marston's plc                    3.82
14  JUPITER FUND MANAGEMENT PLC                    3.47
15               METRO BANK PLC                    3.28
16             SEVERN TRENT PLC                    3.05
17              CINEWORLD GROUP                    2.98
18           HALFORDS GROUP PLC                    2.94
19                HAMMERSON PLC                    2.94

#########[+]SUMMARY MOST OVERALL SHORTED[+]######################
#########[+]SUMMARY MOST OVERALL SHORTED[+]######################
#########[+]SUMMARY MOST OVERALL SHORTED[+]######################

[+]	THOMAS COOK GROUP PLC
[+]	ASOS PLC
[+]	Arrow Global Group plc
[+]	JUPITER FUND MANAGEMENT PLC
[+]	WOOD GROUP (JOHN) PLC
[+]	SEVERN TRENT PLC
[+]	HAMMERSON PLC
[+]	SIRIUS MINERALS PLC
[+]	GREENCORE GROUP PLC
[+]	Kier Group plc
[+]	METRO BANK PLC
[+]	PREMIER OIL PLC
[+]	CINEWORLD GROUP
[+]	WEIR GROUP PLC/THE


THE SOFTWARE IS PROVIDED 'AS IS', WITHOUT WARRANTY OF ANY KIND, EXPRESS OR IMPLIED, INCLUDING BUT NOT LIMITED TO THE WARRANTIES OF MERCHANTABILITY, FITNESS FOR A PARTICULAR PURPOSE, TITLE AND NON-INFRINGEMENT. IN NO EVENT SHALL THE COPYRIGHT HOLDERS OR ANYONE DISTRIBUTING THE SOFTWARE BE LIABLE FOR ANY DAMAGES OR OTHER LIABILITY, WHETHER IN CONTRACT, TORT OR OTHERWISE, ARISING FROM, OUT OF OR IN CONNECTION WITH THE SOFTWARE OR THE USE OR OTHER DEALINGS IN THE SOFTWARE.

Dont forget to tip your server!
Bitcoin Cash (BCH)			qpz32c4lg7x7lnk9jg6qg7s4uavdce89myax5v5nuk
Ether (ETH)			0x843d3DEC2A4705BD4f45F674F641cE2D0022c9FB
Litecoin (LTC)			Lfk5y4F7KZa9oRxpazETwjQnHszEPvqPvu
Bitcoin (BTC)			14Dm7L3ABPtumPDcj3REAvs4L6w9YFRnHK
