##################################
##################################
##################################
Most Shorted Shares since [2019-07-25]
##################################
##################################
##################################

           Name of Share Issuer  Position Holder
0            WEIR GROUP PLC/THE                6
1        Arrow Global Group plc                5
2                Kier Group plc                5
3              SEVERN TRENT PLC                5
4                      ASOS PLC                4
5                 HAMMERSON PLC                4
6   JUPITER FUND MANAGEMENT PLC                4
7             NEWRIVER REIT PLC                4
8                NMC HEALTH PLC                4
9               PREMIER OIL PLC                4
10          SIRIUS MINERALS PLC                4
11        THOMAS COOK GROUP PLC                4
12        AUTO TRADER GROUP PLC                3
13                   CAPITA PLC                3
14              CINEWORLD GROUP                3
15          DIXONS CARPHONE PLC                3
16          GREENCORE GROUP PLC                3
17          INTU PROPERTIES PLC                3
18               KINGFISHER PLC                3
19               METRO BANK PLC                3

           Name of Share Issuer  Net Short Position (%)
0                Kier Group plc                   11.22
1         THOMAS COOK GROUP PLC                    8.03
2           GREENCORE GROUP PLC                    6.51
3                NMC HEALTH PLC                    5.34
4               PREMIER OIL PLC                    5.34
5        Arrow Global Group plc                    5.22
6           SIRIUS MINERALS PLC                    5.20
7                       SIG PLC                    4.88
8           INTU PROPERTIES PLC                    4.50
9                      ASOS PLC                    4.42
10           ANGLO AMERICAN PLC                    4.20
11           WEIR GROUP PLC/THE                    4.07
12                  PLUS500 LTD                    3.96
13                Marston's plc                    3.82
14             SEVERN TRENT PLC                    3.76
15                 PETROFAC LTD                    3.71
16  JUPITER FUND MANAGEMENT PLC                    3.47
17               METRO BANK PLC                    3.38
18                  EASYJET PLC                    3.03
19              CINEWORLD GROUP                    3.02

#########[+]SUMMARY MOST OVERALL SHORTED[+]######################
#########[+]SUMMARY MOST OVERALL SHORTED[+]######################
#########[+]SUMMARY MOST OVERALL SHORTED[+]######################

[+]	THOMAS COOK GROUP PLC
[+]	SIRIUS MINERALS PLC
[+]	METRO BANK PLC
[+]	INTU PROPERTIES PLC
[+]	PREMIER OIL PLC
[+]	CINEWORLD GROUP
[+]	NMC HEALTH PLC
[+]	JUPITER FUND MANAGEMENT PLC
[+]	ASOS PLC
[+]	SEVERN TRENT PLC
[+]	GREENCORE GROUP PLC
[+]	Kier Group plc
[+]	WEIR GROUP PLC/THE
[+]	Arrow Global Group plc


THE SOFTWARE IS PROVIDED 'AS IS', WITHOUT WARRANTY OF ANY KIND, EXPRESS OR IMPLIED, INCLUDING BUT NOT LIMITED TO THE WARRANTIES OF MERCHANTABILITY, FITNESS FOR A PARTICULAR PURPOSE, TITLE AND NON-INFRINGEMENT. IN NO EVENT SHALL THE COPYRIGHT HOLDERS OR ANYONE DISTRIBUTING THE SOFTWARE BE LIABLE FOR ANY DAMAGES OR OTHER LIABILITY, WHETHER IN CONTRACT, TORT OR OTHERWISE, ARISING FROM, OUT OF OR IN CONNECTION WITH THE SOFTWARE OR THE USE OR OTHER DEALINGS IN THE SOFTWARE.

Dont forget to tip your server!
Bitcoin Cash (BCH)			qpz32c4lg7x7lnk9jg6qg7s4uavdce89myax5v5nuk
Ether (ETH)			0x843d3DEC2A4705BD4f45F674F641cE2D0022c9FB
Litecoin (LTC)			Lfk5y4F7KZa9oRxpazETwjQnHszEPvqPvu
Bitcoin (BTC)			14Dm7L3ABPtumPDcj3REAvs4L6w9YFRnHK
