##################################
##################################
##################################
Most Shorted Shares since [2019-10-01]
##################################
##################################
##################################

           Name of Share Issuer  Position Holder
0         WOOD GROUP (JOHN) PLC                9
1     Flutter Entertainment plc                7
2                   PEARSON PLC                7
3         AUTO TRADER GROUP PLC                5
4        BABCOCK INTL GROUP PLC                5
5               CINEWORLD GROUP                5
6   JUPITER FUND MANAGEMENT PLC                5
7                Royal Mail Plc                5
8            WEIR GROUP PLC/THE                5
9      DOMINO'S PIZZA GROUP PLC                4
10                  EASYJET PLC                4
11               KINGFISHER PLC                4
12                  PLUS500 LTD                4
13                     ASOS PLC                3
14         BLUE PRISM GROUP PLC                3
15             DUNELM GROUP PLC                3
16      HARGREAVES LANSDOWN PLC                3
17                  Hunting PLC                3
18          JOHNSON MATTHEY PLC                3
19         KEYWORDS STUDIOS PLC                3

           Name of Share Issuer  Net Short Position (%)
0         WOOD GROUP (JOHN) PLC                    7.81
1                   PEARSON PLC                    6.13
2                       SIG PLC                    6.07
3                Royal Mail Plc                    5.94
4        BABCOCK INTL GROUP PLC                    5.49
5               CINEWORLD GROUP                    5.28
6     Flutter Entertainment plc                    5.24
7                METRO BANK PLC                    5.18
8    CREST NICHOLSON HLDGS  PLC                    4.97
9                   EASYJET PLC                    4.89
10               KINGFISHER PLC                    4.86
11  JUPITER FUND MANAGEMENT PLC                    4.84
12               NMC HEALTH PLC                    4.60
13              MITIE GROUP PLC                    4.00
14                  PLUS500 LTD                    3.98
15        AUTO TRADER GROUP PLC                    3.73
16                     ASOS PLC                    3.56
17               Kier Group plc                    3.48
18             DUNELM GROUP PLC                    3.31
19           WEIR GROUP PLC/THE                    3.28

#########[+]SUMMARY MOST OVERALL SHORTED[+]######################
#########[+]SUMMARY MOST OVERALL SHORTED[+]######################
#########[+]SUMMARY MOST OVERALL SHORTED[+]######################

[+]	WEIR GROUP PLC/THE
[+]	ASOS PLC
[+]	CINEWORLD GROUP
[+]	BABCOCK INTL GROUP PLC
[+]	JUPITER FUND MANAGEMENT PLC
[+]	KINGFISHER PLC
[+]	Flutter Entertainment plc
[+]	AUTO TRADER GROUP PLC
[+]	PLUS500 LTD
[+]	EASYJET PLC
[+]	PEARSON PLC
[+]	WOOD GROUP (JOHN) PLC
[+]	DUNELM GROUP PLC
[+]	Royal Mail Plc


THE SOFTWARE IS PROVIDED 'AS IS', WITHOUT WARRANTY OF ANY KIND, EXPRESS OR IMPLIED, INCLUDING BUT NOT LIMITED TO THE WARRANTIES OF MERCHANTABILITY, FITNESS FOR A PARTICULAR PURPOSE, TITLE AND NON-INFRINGEMENT. IN NO EVENT SHALL THE COPYRIGHT HOLDERS OR ANYONE DISTRIBUTING THE SOFTWARE BE LIABLE FOR ANY DAMAGES OR OTHER LIABILITY, WHETHER IN CONTRACT, TORT OR OTHERWISE, ARISING FROM, OUT OF OR IN CONNECTION WITH THE SOFTWARE OR THE USE OR OTHER DEALINGS IN THE SOFTWARE.

Dont forget to tip your server!
Bitcoin Cash (BCH)			qpz32c4lg7x7lnk9jg6qg7s4uavdce89myax5v5nuk
Ether (ETH)			0x843d3DEC2A4705BD4f45F674F641cE2D0022c9FB
Litecoin (LTC)			Lfk5y4F7KZa9oRxpazETwjQnHszEPvqPvu
Bitcoin (BTC)			14Dm7L3ABPtumPDcj3REAvs4L6w9YFRnHK
