##################################
##################################
##################################
Most Shorted Shares since [2019-08-23]
##################################
##################################
##################################

           Name of Share Issuer  Position Holder
0                KINGFISHER PLC                5
1           SIRIUS MINERALS PLC                5
2         WOOD GROUP (JOHN) PLC                5
3                 HAMMERSON PLC                4
4          KEYWORDS STUDIOS PLC                4
5                METRO BANK PLC                4
6                   PLUS500 LTD                4
7          ST JAMES'S PLACE PLC                4
8         THOMAS COOK GROUP PLC                4
9            WEIR GROUP PLC/THE                4
10                A.G. Barr PLC                3
11                       AA PLC                3
12                     ASOS PLC                3
13        AUTO TRADER GROUP PLC                3
14       BABCOCK INTL GROUP PLC                3
15              CINEWORLD GROUP                3
16          GREENCORE GROUP PLC                3
17  JUPITER FUND MANAGEMENT PLC                3
18    MARKS & SPENCER GROUP PLC                3
19                  PEARSON PLC                3

           Name of Share Issuer  Net Short Position (%)
0         THOMAS COOK GROUP PLC                    9.29
1                METRO BANK PLC                    8.12
2                        AA PLC                    7.70
3         WOOD GROUP (JOHN) PLC                    6.10
4       LANCASHIRE HOLDINGS LTD                    5.19
5                   PLUS500 LTD                    5.19
6                KINGFISHER PLC                    4.98
7           SIRIUS MINERALS PLC                    4.90
8                       SIG PLC                    4.87
9                   VALARIS PLC                    4.49
10         ST JAMES'S PLACE PLC                    3.88
11         RESTAURANT GROUP PLC                    3.78
12               Kier Group plc                    3.74
13               NMC HEALTH PLC                    3.59
14  JUPITER FUND MANAGEMENT PLC                    3.57
15                  EASYJET PLC                    3.56
16                  PEARSON PLC                    3.45
17          INTU PROPERTIES PLC                    3.39
18         KEYWORDS STUDIOS PLC                    3.36
19           WEIR GROUP PLC/THE                    3.31

#########[+]SUMMARY MOST OVERALL SHORTED[+]######################
#########[+]SUMMARY MOST OVERALL SHORTED[+]######################
#########[+]SUMMARY MOST OVERALL SHORTED[+]######################

[+]	WOOD GROUP (JOHN) PLC
[+]	SIRIUS MINERALS PLC
[+]	JUPITER FUND MANAGEMENT PLC
[+]	KINGFISHER PLC
[+]	AA PLC
[+]	KEYWORDS STUDIOS PLC
[+]	ST JAMES'S PLACE PLC
[+]	PEARSON PLC
[+]	PLUS500 LTD
[+]	THOMAS COOK GROUP PLC
[+]	WEIR GROUP PLC/THE
[+]	METRO BANK PLC


THE SOFTWARE IS PROVIDED 'AS IS', WITHOUT WARRANTY OF ANY KIND, EXPRESS OR IMPLIED, INCLUDING BUT NOT LIMITED TO THE WARRANTIES OF MERCHANTABILITY, FITNESS FOR A PARTICULAR PURPOSE, TITLE AND NON-INFRINGEMENT. IN NO EVENT SHALL THE COPYRIGHT HOLDERS OR ANYONE DISTRIBUTING THE SOFTWARE BE LIABLE FOR ANY DAMAGES OR OTHER LIABILITY, WHETHER IN CONTRACT, TORT OR OTHERWISE, ARISING FROM, OUT OF OR IN CONNECTION WITH THE SOFTWARE OR THE USE OR OTHER DEALINGS IN THE SOFTWARE.

Dont forget to tip your server!
Bitcoin Cash (BCH)			qpz32c4lg7x7lnk9jg6qg7s4uavdce89myax5v5nuk
Ether (ETH)			0x843d3DEC2A4705BD4f45F674F641cE2D0022c9FB
Litecoin (LTC)			Lfk5y4F7KZa9oRxpazETwjQnHszEPvqPvu
Bitcoin (BTC)			14Dm7L3ABPtumPDcj3REAvs4L6w9YFRnHK
