##################################
##################################
##################################
Most Shorted Shares since [2019-05-30]
##################################
##################################
##################################

            Name of Share Issuer  Position Holder
0         BABCOCK INTL GROUP PLC                6
1                   JUST EAT PLC                6
2                 Kier Group plc                6
3      MARKS & SPENCER GROUP PLC                6
4          WOOD GROUP (JOHN) PLC                6
5    JUPITER FUND MANAGEMENT PLC                5
6              NEWRIVER REIT PLC                5
7                         AA PLC                4
8                    AGGREKO PLC                4
9             ANGLO AMERICAN PLC                4
10                      ASOS PLC                4
11         AUTO TRADER GROUP PLC                4
12    DAILY MAIL & GENERAL TRUST                4
13           INTU PROPERTIES PLC                4
14                METRO BANK PLC                4
15                   PLUS500 LTD                4
16  SMITH (DAVID S) HOLDINGS PLC                4
17         THOMAS COOK GROUP PLC                4
18           BCA MARKETPLACE PLC                3
19                    CAPITA PLC                3

           Name of Share Issuer  Net Short Position (%)
0                        AA PLC                    8.49
1                Kier Group plc                    8.37
2         WOOD GROUP (JOHN) PLC                    7.20
3        BABCOCK INTL GROUP PLC                    7.02
4           INTU PROPERTIES PLC                    6.26
5     MARKS & SPENCER GROUP PLC                    5.89
6            ANGLO AMERICAN PLC                    5.70
7                  JUST EAT PLC                    5.34
8       LANCASHIRE HOLDINGS LTD                    5.21
9   JUPITER FUND MANAGEMENT PLC                    5.08
10               METRO BANK PLC                    4.81
11        THOMAS COOK GROUP PLC                    4.68
12            NEWRIVER REIT PLC                    4.36
13                     ASOS PLC                    3.98
14          GREENCORE GROUP PLC                    3.70
15              Ensco Rowan plc                    3.67
16              MITIE GROUP PLC                    3.53
17            MAJESTIC WINE PLC                    3.42
18           Go-Ahead Group PLC                    3.40
19                      SIG PLC                    3.38

#########[+]SUMMARY MOST OVERALL SHORTED[+]######################
#########[+]SUMMARY MOST OVERALL SHORTED[+]######################
#########[+]SUMMARY MOST OVERALL SHORTED[+]######################

[+]	NEWRIVER REIT PLC
[+]	ASOS PLC
[+]	MARKS & SPENCER GROUP PLC
[+]	JUPITER FUND MANAGEMENT PLC
[+]	WOOD GROUP (JOHN) PLC
[+]	BABCOCK INTL GROUP PLC
[+]	AA PLC
[+]	Kier Group plc
[+]	JUST EAT PLC
[+]	INTU PROPERTIES PLC
[+]	METRO BANK PLC
[+]	THOMAS COOK GROUP PLC
[+]	ANGLO AMERICAN PLC


THE SOFTWARE IS PROVIDED 'AS IS', WITHOUT WARRANTY OF ANY KIND, EXPRESS OR IMPLIED, INCLUDING BUT NOT LIMITED TO THE WARRANTIES OF MERCHANTABILITY, FITNESS FOR A PARTICULAR PURPOSE, TITLE AND NON-INFRINGEMENT. IN NO EVENT SHALL THE COPYRIGHT HOLDERS OR ANYONE DISTRIBUTING THE SOFTWARE BE LIABLE FOR ANY DAMAGES OR OTHER LIABILITY, WHETHER IN CONTRACT, TORT OR OTHERWISE, ARISING FROM, OUT OF OR IN CONNECTION WITH THE SOFTWARE OR THE USE OR OTHER DEALINGS IN THE SOFTWARE.

Dont forget to tip your server!
Bitcoin Cash (BCH)			qpz32c4lg7x7lnk9jg6qg7s4uavdce89myax5v5nuk
Ether (ETH)			0x843d3DEC2A4705BD4f45F674F641cE2D0022c9FB
Litecoin (LTC)			Lfk5y4F7KZa9oRxpazETwjQnHszEPvqPvu
Bitcoin (BTC)			14Dm7L3ABPtumPDcj3REAvs4L6w9YFRnHK
