##################################
##################################
##################################
Most Shorted Shares since [2019-11-14]
##################################
##################################
##################################

         Name of Share Issuer  Position Holder
0              KINGFISHER PLC                6
1             CINEWORLD GROUP                5
2          EQUINITI GROUP PLC                5
3   Flutter Entertainment plc                5
4        KEYWORDS STUDIOS PLC                5
5              NMC HEALTH PLC                5
6      BABCOCK INTL GROUP PLC                3
7     CRODA INTERNATIONAL PLC                3
8         DIXONS CARPHONE PLC                3
9    DOMINO'S PIZZA GROUP PLC                3
10                EASYJET PLC                3
11             METRO BANK PLC                3
12             Royal Mail Plc                3
13               SPECTRIS PLC                3
14         TRAVIS PERKINS PLC                3
15                VICTREX PLC                3
16        Virgin Money UK PLC                3
17         WEIR GROUP PLC/THE                3
18   WM MORRISON SUPERMARKETS                3
19      WOOD GROUP (JOHN) PLC                3

          Name of Share Issuer  Net Short Position (%)
0              CINEWORLD GROUP                    7.60
1               METRO BANK PLC                    6.30
2               KINGFISHER PLC                    5.71
3               NMC HEALTH PLC                    5.40
4          GREENCORE GROUP PLC                    4.96
5    Flutter Entertainment plc                    4.70
6         KEYWORDS STUDIOS PLC                    4.63
7                      IQE PLC                    4.43
8                  EASYJET PLC                    4.33
9           Go-Ahead Group PLC                    4.14
10  CREST NICHOLSON HLDGS  PLC                    4.06
11          WEIR GROUP PLC/THE                    3.71
12                 VALARIS PLC                    3.61
13          EQUINITI GROUP PLC                    3.47
14             MITIE GROUP PLC                    3.41
15                      AA PLC                    3.33
16      PETS AT HOME GROUP PLC                    3.10
17       WOOD GROUP (JOHN) PLC                    2.88
18              Royal Mail Plc                    2.81
19    WM MORRISON SUPERMARKETS                    2.80

#########[+]SUMMARY MOST OVERALL SHORTED[+]######################
#########[+]SUMMARY MOST OVERALL SHORTED[+]######################
#########[+]SUMMARY MOST OVERALL SHORTED[+]######################

[+]	CINEWORLD GROUP
[+]	KINGFISHER PLC
[+]	EQUINITI GROUP PLC
[+]	WEIR GROUP PLC/THE
[+]	NMC HEALTH PLC
[+]	WOOD GROUP (JOHN) PLC
[+]	KEYWORDS STUDIOS PLC
[+]	EASYJET PLC
[+]	Royal Mail Plc
[+]	METRO BANK PLC
[+]	Flutter Entertainment plc
[+]	WM MORRISON SUPERMARKETS


THE SOFTWARE IS PROVIDED 'AS IS', WITHOUT WARRANTY OF ANY KIND, EXPRESS OR IMPLIED, INCLUDING BUT NOT LIMITED TO THE WARRANTIES OF MERCHANTABILITY, FITNESS FOR A PARTICULAR PURPOSE, TITLE AND NON-INFRINGEMENT. IN NO EVENT SHALL THE COPYRIGHT HOLDERS OR ANYONE DISTRIBUTING THE SOFTWARE BE LIABLE FOR ANY DAMAGES OR OTHER LIABILITY, WHETHER IN CONTRACT, TORT OR OTHERWISE, ARISING FROM, OUT OF OR IN CONNECTION WITH THE SOFTWARE OR THE USE OR OTHER DEALINGS IN THE SOFTWARE.

Dont forget to tip your server!
Bitcoin Cash (BCH)			qpz32c4lg7x7lnk9jg6qg7s4uavdce89myax5v5nuk
Ether (ETH)			0x843d3DEC2A4705BD4f45F674F641cE2D0022c9FB
Litecoin (LTC)			Lfk5y4F7KZa9oRxpazETwjQnHszEPvqPvu
Bitcoin (BTC)			14Dm7L3ABPtumPDcj3REAvs4L6w9YFRnHK
