##################################
##################################
##################################
Most Shorted Shares since [2019-09-30]
##################################
##################################
##################################

           Name of Share Issuer  Position Holder
0         WOOD GROUP (JOHN) PLC                8
1     Flutter Entertainment plc                7
2                   PEARSON PLC                7
3         AUTO TRADER GROUP PLC                5
4        BABCOCK INTL GROUP PLC                5
5               CINEWORLD GROUP                5
6   JUPITER FUND MANAGEMENT PLC                5
7                Royal Mail Plc                5
8            WEIR GROUP PLC/THE                5
9                KINGFISHER PLC                4
10                     ASOS PLC                3
11                  BEAZLEY PLC                3
12          BRITISH LAND CO PLC                3
13                     CYBG PLC                3
14     DOMINO'S PIZZA GROUP PLC                3
15             DUNELM GROUP PLC                3
16                  EASYJET PLC                3
17                  Hunting PLC                3
18          JOHNSON MATTHEY PLC                3
19         KEYWORDS STUDIOS PLC                3

           Name of Share Issuer  Net Short Position (%)
0         WOOD GROUP (JOHN) PLC                    7.40
1                       SIG PLC                    6.07
2                   PEARSON PLC                    6.04
3                Royal Mail Plc                    5.72
4        BABCOCK INTL GROUP PLC                    5.39
5               CINEWORLD GROUP                    5.28
6                METRO BANK PLC                    5.28
7    CREST NICHOLSON HLDGS  PLC                    4.97
8   JUPITER FUND MANAGEMENT PLC                    4.90
9     Flutter Entertainment plc                    4.87
10               KINGFISHER PLC                    4.86
11               NMC HEALTH PLC                    4.60
12           WEIR GROUP PLC/THE                    4.39
13                  EASYJET PLC                    4.15
14              MITIE GROUP PLC                    4.00
15          INTU PROPERTIES PLC                    3.80
16        AUTO TRADER GROUP PLC                    3.73
17               Kier Group plc                    3.58
18                     ASOS PLC                    3.56
19             DUNELM GROUP PLC                    3.15

#########[+]SUMMARY MOST OVERALL SHORTED[+]######################
#########[+]SUMMARY MOST OVERALL SHORTED[+]######################
#########[+]SUMMARY MOST OVERALL SHORTED[+]######################

[+]	WOOD GROUP (JOHN) PLC
[+]	Royal Mail Plc
[+]	PEARSON PLC
[+]	BABCOCK INTL GROUP PLC
[+]	WEIR GROUP PLC/THE
[+]	KINGFISHER PLC
[+]	ASOS PLC
[+]	CINEWORLD GROUP
[+]	Flutter Entertainment plc
[+]	EASYJET PLC
[+]	AUTO TRADER GROUP PLC
[+]	DUNELM GROUP PLC
[+]	JUPITER FUND MANAGEMENT PLC


THE SOFTWARE IS PROVIDED 'AS IS', WITHOUT WARRANTY OF ANY KIND, EXPRESS OR IMPLIED, INCLUDING BUT NOT LIMITED TO THE WARRANTIES OF MERCHANTABILITY, FITNESS FOR A PARTICULAR PURPOSE, TITLE AND NON-INFRINGEMENT. IN NO EVENT SHALL THE COPYRIGHT HOLDERS OR ANYONE DISTRIBUTING THE SOFTWARE BE LIABLE FOR ANY DAMAGES OR OTHER LIABILITY, WHETHER IN CONTRACT, TORT OR OTHERWISE, ARISING FROM, OUT OF OR IN CONNECTION WITH THE SOFTWARE OR THE USE OR OTHER DEALINGS IN THE SOFTWARE.

Dont forget to tip your server!
Bitcoin Cash (BCH)			qpz32c4lg7x7lnk9jg6qg7s4uavdce89myax5v5nuk
Ether (ETH)			0x843d3DEC2A4705BD4f45F674F641cE2D0022c9FB
Litecoin (LTC)			Lfk5y4F7KZa9oRxpazETwjQnHszEPvqPvu
Bitcoin (BTC)			14Dm7L3ABPtumPDcj3REAvs4L6w9YFRnHK
