##################################
##################################
##################################
Most Shorted Shares since [2019-04-30]
##################################
##################################
##################################

            Name of Share Issuer  Position Holder
0            SIRIUS MINERALS PLC                6
1          WOOD GROUP (JOHN) PLC                6
2    JUPITER FUND MANAGEMENT PLC                5
3                 METRO BANK PLC                5
4                     CAPITA PLC                4
5                   JUST EAT PLC                4
6      MARKS & SPENCER GROUP PLC                4
7                         AA PLC                3
8                       ASOS PLC                3
9            BRITISH LAND CO PLC                3
10              CAIRN ENERGY PLC                3
11      DOMINO'S PIZZA GROUP PLC                3
12           GREENCORE GROUP PLC                3
13                 HAMMERSON PLC                3
14                Kier Group plc                3
15                  PETROFAC LTD                3
16                   PLUS500 LTD                3
17               PREMIER OIL PLC                3
18             SAINSBURY (J) PLC                3
19  SMITH (DAVID S) HOLDINGS PLC                3

           Name of Share Issuer  Net Short Position (%)
0                METRO BANK PLC                    8.48
1                        AA PLC                    7.92
2         WOOD GROUP (JOHN) PLC                    6.45
3           SIRIUS MINERALS PLC                    5.26
4     MARKS & SPENCER GROUP PLC                    5.14
5                       IQE PLC                    4.80
6           GREENCORE GROUP PLC                    4.36
7                Kier Group plc                    4.11
8                      ASOS PLC                    4.01
9         THOMAS COOK GROUP PLC                    3.91
10  JUPITER FUND MANAGEMENT PLC                    3.88
11                   CAPITA PLC                    3.77
12           ANGLO AMERICAN PLC                    3.68
13                 JUST EAT PLC                    3.44
14           Go-Ahead Group PLC                    3.25
15                  PLUS500 LTD                    3.24
16              PREMIER OIL PLC                    2.99
17                  DIGNITY PLC                    2.96
18              Ensco Rowan plc                    2.90
19               NMC HEALTH PLC                    2.72

#########[+]SUMMARY MOST OVERALL SHORTED[+]######################
#########[+]SUMMARY MOST OVERALL SHORTED[+]######################
#########[+]SUMMARY MOST OVERALL SHORTED[+]######################

[+]	JUST EAT PLC
[+]	CAPITA PLC
[+]	PREMIER OIL PLC
[+]	JUPITER FUND MANAGEMENT PLC
[+]	GREENCORE GROUP PLC
[+]	WOOD GROUP (JOHN) PLC
[+]	PLUS500 LTD
[+]	AA PLC
[+]	MARKS & SPENCER GROUP PLC
[+]	SIRIUS MINERALS PLC
[+]	METRO BANK PLC
[+]	Kier Group plc
[+]	ASOS PLC


THE SOFTWARE IS PROVIDED 'AS IS', WITHOUT WARRANTY OF ANY KIND, EXPRESS OR IMPLIED, INCLUDING BUT NOT LIMITED TO THE WARRANTIES OF MERCHANTABILITY, FITNESS FOR A PARTICULAR PURPOSE, TITLE AND NON-INFRINGEMENT. IN NO EVENT SHALL THE COPYRIGHT HOLDERS OR ANYONE DISTRIBUTING THE SOFTWARE BE LIABLE FOR ANY DAMAGES OR OTHER LIABILITY, WHETHER IN CONTRACT, TORT OR OTHERWISE, ARISING FROM, OUT OF OR IN CONNECTION WITH THE SOFTWARE OR THE USE OR OTHER DEALINGS IN THE SOFTWARE.

Dont forget to tip your server!
Bitcoin Cash (BCH)			qpz32c4lg7x7lnk9jg6qg7s4uavdce89myax5v5nuk
Ether (ETH)			0x843d3DEC2A4705BD4f45F674F641cE2D0022c9FB
Litecoin (LTC)			Lfk5y4F7KZa9oRxpazETwjQnHszEPvqPvu
Bitcoin (BTC)			14Dm7L3ABPtumPDcj3REAvs4L6w9YFRnHK
