##################################
##################################
##################################
Most Shorted Shares since [2019-10-07]
##################################
##################################
##################################

           Name of Share Issuer  Position Holder
0         WOOD GROUP (JOHN) PLC                9
1     Flutter Entertainment plc                8
2         AUTO TRADER GROUP PLC                5
3                 A.G. Barr PLC                4
4        BABCOCK INTL GROUP PLC                4
5               CINEWORLD GROUP                4
6                   EASYJET PLC                4
7          KEYWORDS STUDIOS PLC                4
8                KINGFISHER PLC                4
9                Royal Mail Plc                4
10                     ASOS PLC                3
11                   CAPITA PLC                3
12             DUNELM GROUP PLC                3
13                  Hunting PLC                3
14          JOHNSON MATTHEY PLC                3
15  JUPITER FUND MANAGEMENT PLC                3
16               Kier Group plc                3
17               METRO BANK PLC                3
18                  PEARSON PLC                3
19               PETRA DIAMONDS                3

          Name of Share Issuer  Net Short Position (%)
0        WOOD GROUP (JOHN) PLC                    8.15
1    Flutter Entertainment plc                    7.14
2          GREENCORE GROUP PLC                    5.50
3               Royal Mail Plc                    5.17
4               METRO BANK PLC                    5.10
5                  EASYJET PLC                    4.96
6   CREST NICHOLSON HLDGS  PLC                    4.95
7               KINGFISHER PLC                    4.89
8              CINEWORLD GROUP                    4.77
9               Kier Group plc                    4.76
10      BABCOCK INTL GROUP PLC                    4.08
11                  CAPITA PLC                    3.80
12               A.G. Barr PLC                    3.56
13              NMC HEALTH PLC                    3.49
14                    ASOS PLC                    3.41
15             MITIE GROUP PLC                    3.36
16     LANCASHIRE HOLDINGS LTD                    3.30
17         INTU PROPERTIES PLC                    3.25
18       AUTO TRADER GROUP PLC                    3.24
19            DUNELM GROUP PLC                    3.21

#########[+]SUMMARY MOST OVERALL SHORTED[+]######################
#########[+]SUMMARY MOST OVERALL SHORTED[+]######################
#########[+]SUMMARY MOST OVERALL SHORTED[+]######################

[+]	Royal Mail Plc
[+]	METRO BANK PLC
[+]	EASYJET PLC
[+]	A.G. Barr PLC
[+]	Flutter Entertainment plc
[+]	KINGFISHER PLC
[+]	WOOD GROUP (JOHN) PLC
[+]	Kier Group plc
[+]	BABCOCK INTL GROUP PLC
[+]	CAPITA PLC
[+]	DUNELM GROUP PLC
[+]	ASOS PLC
[+]	CINEWORLD GROUP
[+]	AUTO TRADER GROUP PLC


THE SOFTWARE IS PROVIDED 'AS IS', WITHOUT WARRANTY OF ANY KIND, EXPRESS OR IMPLIED, INCLUDING BUT NOT LIMITED TO THE WARRANTIES OF MERCHANTABILITY, FITNESS FOR A PARTICULAR PURPOSE, TITLE AND NON-INFRINGEMENT. IN NO EVENT SHALL THE COPYRIGHT HOLDERS OR ANYONE DISTRIBUTING THE SOFTWARE BE LIABLE FOR ANY DAMAGES OR OTHER LIABILITY, WHETHER IN CONTRACT, TORT OR OTHERWISE, ARISING FROM, OUT OF OR IN CONNECTION WITH THE SOFTWARE OR THE USE OR OTHER DEALINGS IN THE SOFTWARE.

Dont forget to tip your server!
Bitcoin Cash (BCH)			qpz32c4lg7x7lnk9jg6qg7s4uavdce89myax5v5nuk
Ether (ETH)			0x843d3DEC2A4705BD4f45F674F641cE2D0022c9FB
Litecoin (LTC)			Lfk5y4F7KZa9oRxpazETwjQnHszEPvqPvu
Bitcoin (BTC)			14Dm7L3ABPtumPDcj3REAvs4L6w9YFRnHK
