##################################
##################################
##################################
Most Shorted Shares since [2019-06-07]
##################################
##################################
##################################

            Name of Share Issuer  Position Holder
0                 Kier Group plc                6
1                    EASYJET PLC                5
2    JUPITER FUND MANAGEMENT PLC                5
3                   JUST EAT PLC                5
4   SMITH (DAVID S) HOLDINGS PLC                5
5          WOOD GROUP (JOHN) PLC                5
6                       ASOS PLC                4
7               CAIRN ENERGY PLC                4
8              MAJESTIC WINE PLC                4
9      MARKS & SPENCER GROUP PLC                4
10                  PETROFAC LTD                4
11                   PLUS500 LTD                4
12              SEVERN TRENT PLC                4
13                        AA PLC                3
14         AUTO TRADER GROUP PLC                3
15                    CAPITA PLC                3
16    DAILY MAIL & GENERAL TRUST                3
17             NEWRIVER REIT PLC                3
18                Royal Mail Plc                3
19         THOMAS COOK GROUP PLC                3

            Name of Share Issuer  Net Short Position (%)
0                 Kier Group plc                    9.67
1          WOOD GROUP (JOHN) PLC                    6.40
2      MARKS & SPENCER GROUP PLC                    4.84
3                   JUST EAT PLC                    4.61
4          THOMAS COOK GROUP PLC                    4.26
5                        SIG PLC                    4.11
6                   PETROFAC LTD                    4.03
7              MAJESTIC WINE PLC                    3.94
8                 NMC HEALTH PLC                    3.93
9                    EASYJET PLC                    3.83
10   JUPITER FUND MANAGEMENT PLC                    3.75
11               Ensco Rowan plc                    3.67
12           GREENCORE GROUP PLC                    3.55
13            ANGLO AMERICAN PLC                    3.53
14           SIRIUS MINERALS PLC                    3.32
15        PETS AT HOME GROUP PLC                    3.13
16  SMITH (DAVID S) HOLDINGS PLC                    3.11
17                      ASOS PLC                    3.01
18                 Marston's plc                    2.99
19               PREMIER OIL PLC                    2.99

#########[+]SUMMARY MOST OVERALL SHORTED[+]######################
#########[+]SUMMARY MOST OVERALL SHORTED[+]######################
#########[+]SUMMARY MOST OVERALL SHORTED[+]######################

[+]	JUST EAT PLC
[+]	WOOD GROUP (JOHN) PLC
[+]	MAJESTIC WINE PLC
[+]	PETROFAC LTD
[+]	THOMAS COOK GROUP PLC
[+]	ASOS PLC
[+]	EASYJET PLC
[+]	SMITH (DAVID S) HOLDINGS PLC
[+]	Kier Group plc
[+]	MARKS & SPENCER GROUP PLC
[+]	JUPITER FUND MANAGEMENT PLC


THE SOFTWARE IS PROVIDED 'AS IS', WITHOUT WARRANTY OF ANY KIND, EXPRESS OR IMPLIED, INCLUDING BUT NOT LIMITED TO THE WARRANTIES OF MERCHANTABILITY, FITNESS FOR A PARTICULAR PURPOSE, TITLE AND NON-INFRINGEMENT. IN NO EVENT SHALL THE COPYRIGHT HOLDERS OR ANYONE DISTRIBUTING THE SOFTWARE BE LIABLE FOR ANY DAMAGES OR OTHER LIABILITY, WHETHER IN CONTRACT, TORT OR OTHERWISE, ARISING FROM, OUT OF OR IN CONNECTION WITH THE SOFTWARE OR THE USE OR OTHER DEALINGS IN THE SOFTWARE.

Dont forget to tip your server!
Bitcoin Cash (BCH)			qpz32c4lg7x7lnk9jg6qg7s4uavdce89myax5v5nuk
Ether (ETH)			0x843d3DEC2A4705BD4f45F674F641cE2D0022c9FB
Litecoin (LTC)			Lfk5y4F7KZa9oRxpazETwjQnHszEPvqPvu
Bitcoin (BTC)			14Dm7L3ABPtumPDcj3REAvs4L6w9YFRnHK
