##################################
##################################
##################################
Most Shorted Shares since [2019-10-17]
##################################
##################################
##################################

           Name of Share Issuer  Position Holder
0     Flutter Entertainment plc                6
1         WOOD GROUP (JOHN) PLC                6
2                KINGFISHER PLC                5
3                 A.G. Barr PLC                4
4         AUTO TRADER GROUP PLC                4
5        BABCOCK INTL GROUP PLC                4
6                   EASYJET PLC                4
7           SIRIUS MINERALS PLC                4
8          BLUE PRISM GROUP PLC                3
9                    CAPITA PLC                3
10                HAMMERSON PLC                3
11  JUPITER FUND MANAGEMENT PLC                3
12               Kier Group plc                3
13               NMC HEALTH PLC                3
14                  PEARSON PLC                3
15                  PLUS500 LTD                3

           Name of Share Issuer  Net Short Position (%)
0     Flutter Entertainment plc                    5.84
1                KINGFISHER PLC                    5.65
2                   EASYJET PLC                    5.41
3         WOOD GROUP (JOHN) PLC                    5.21
4    CREST NICHOLSON HLDGS  PLC                    4.33
5           SIRIUS MINERALS PLC                    4.15
6                NMC HEALTH PLC                    3.94
7                Kier Group plc                    3.87
8                    CAPITA PLC                    3.83
9                   PLUS500 LTD                    3.78
10                A.G. Barr PLC                    3.68
11       BABCOCK INTL GROUP PLC                    3.64
12          GREENCORE GROUP PLC                    3.60
13      LANCASHIRE HOLDINGS LTD                    3.19
14         BLUE PRISM GROUP PLC                    2.96
15        AUTO TRADER GROUP PLC                    2.73
16                PENDRAGON PLC                    2.63
17  JUPITER FUND MANAGEMENT PLC                    2.61
18             DUNELM GROUP PLC                    2.60
19                       AA PLC                    2.53

#########[+]SUMMARY MOST OVERALL SHORTED[+]######################
#########[+]SUMMARY MOST OVERALL SHORTED[+]######################
#########[+]SUMMARY MOST OVERALL SHORTED[+]######################

[+]	CAPITA PLC
[+]	EASYJET PLC
[+]	KINGFISHER PLC
[+]	AUTO TRADER GROUP PLC
[+]	A.G. Barr PLC
[+]	BLUE PRISM GROUP PLC
[+]	JUPITER FUND MANAGEMENT PLC
[+]	NMC HEALTH PLC
[+]	SIRIUS MINERALS PLC
[+]	Kier Group plc
[+]	WOOD GROUP (JOHN) PLC
[+]	Flutter Entertainment plc
[+]	BABCOCK INTL GROUP PLC
[+]	PLUS500 LTD


THE SOFTWARE IS PROVIDED 'AS IS', WITHOUT WARRANTY OF ANY KIND, EXPRESS OR IMPLIED, INCLUDING BUT NOT LIMITED TO THE WARRANTIES OF MERCHANTABILITY, FITNESS FOR A PARTICULAR PURPOSE, TITLE AND NON-INFRINGEMENT. IN NO EVENT SHALL THE COPYRIGHT HOLDERS OR ANYONE DISTRIBUTING THE SOFTWARE BE LIABLE FOR ANY DAMAGES OR OTHER LIABILITY, WHETHER IN CONTRACT, TORT OR OTHERWISE, ARISING FROM, OUT OF OR IN CONNECTION WITH THE SOFTWARE OR THE USE OR OTHER DEALINGS IN THE SOFTWARE.

Dont forget to tip your server!
Bitcoin Cash (BCH)			qpz32c4lg7x7lnk9jg6qg7s4uavdce89myax5v5nuk
Ether (ETH)			0x843d3DEC2A4705BD4f45F674F641cE2D0022c9FB
Litecoin (LTC)			Lfk5y4F7KZa9oRxpazETwjQnHszEPvqPvu
Bitcoin (BTC)			14Dm7L3ABPtumPDcj3REAvs4L6w9YFRnHK
