##################################
##################################
##################################
Most Shorted Shares since [2019-11-25]
##################################
##################################
##################################

                        Name of Share Issuer  Position Holder
0                  Flutter Entertainment plc                6
1                             KINGFISHER PLC                5
2   Aston Martin Lagonda Global Holdings Plc                4
3                            CINEWORLD GROUP                4
4                                VICTREX PLC                4
5                      WOOD GROUP (JOHN) PLC                4
6                      AUTO TRADER GROUP PLC                3
7                     BABCOCK INTL GROUP PLC                3
8                    CRODA INTERNATIONAL PLC                3
9                   DOMINO'S PIZZA GROUP PLC                3
10                               EASYJET PLC                3
11                      KEYWORDS STUDIOS PLC                3
12                            METRO BANK PLC                3
13                Moneysupermarket.com Group                3
14                            NMC HEALTH PLC                3
15                              PETROFAC LTD                3
16                            Royal Mail Plc                3
17                          SEVERN TRENT PLC                3
18                        TRAVIS PERKINS PLC                3
19                        VODAFONE GROUP PLC                3

                        Name of Share Issuer  Net Short Position (%)
0                            CINEWORLD GROUP                    7.90
1                  Flutter Entertainment plc                    5.72
2                             METRO BANK PLC                    5.48
3                                    SIG PLC                    5.29
4                             KINGFISHER PLC                    4.65
5                                EASYJET PLC                    4.60
6                        GREENCORE GROUP PLC                    4.59
7                      WOOD GROUP (JOHN) PLC                    4.29
8                         Go-Ahead Group PLC                    4.14
9                 CREST NICHOLSON HLDGS  PLC                    4.06
10                            Royal Mail Plc                    4.06
11                            NMC HEALTH PLC                    3.91
12                 MARKS & SPENCER GROUP PLC                    3.65
13                        WEIR GROUP PLC/THE                    3.56
14  Aston Martin Lagonda Global Holdings Plc                    3.51
15                               VICTREX PLC                    3.48
16                               VALARIS PLC                    3.33
17                   LANCASHIRE HOLDINGS LTD                    3.24
18                              PETROFAC LTD                    3.18
19                          DUNELM GROUP PLC                    3.14

#########[+]SUMMARY MOST OVERALL SHORTED[+]######################
#########[+]SUMMARY MOST OVERALL SHORTED[+]######################
#########[+]SUMMARY MOST OVERALL SHORTED[+]######################

[+]	CINEWORLD GROUP
[+]	EASYJET PLC
[+]	PETROFAC LTD
[+]	Flutter Entertainment plc
[+]	VICTREX PLC
[+]	NMC HEALTH PLC
[+]	Aston Martin Lagonda Global Holdings Plc
[+]	KINGFISHER PLC
[+]	WOOD GROUP (JOHN) PLC
[+]	METRO BANK PLC
[+]	Royal Mail Plc


THE SOFTWARE IS PROVIDED 'AS IS', WITHOUT WARRANTY OF ANY KIND, EXPRESS OR IMPLIED, INCLUDING BUT NOT LIMITED TO THE WARRANTIES OF MERCHANTABILITY, FITNESS FOR A PARTICULAR PURPOSE, TITLE AND NON-INFRINGEMENT. IN NO EVENT SHALL THE COPYRIGHT HOLDERS OR ANYONE DISTRIBUTING THE SOFTWARE BE LIABLE FOR ANY DAMAGES OR OTHER LIABILITY, WHETHER IN CONTRACT, TORT OR OTHERWISE, ARISING FROM, OUT OF OR IN CONNECTION WITH THE SOFTWARE OR THE USE OR OTHER DEALINGS IN THE SOFTWARE.

Dont forget to tip your server!
Bitcoin Cash (BCH)			qpz32c4lg7x7lnk9jg6qg7s4uavdce89myax5v5nuk
Ether (ETH)			0x843d3DEC2A4705BD4f45F674F641cE2D0022c9FB
Litecoin (LTC)			Lfk5y4F7KZa9oRxpazETwjQnHszEPvqPvu
Bitcoin (BTC)			14Dm7L3ABPtumPDcj3REAvs4L6w9YFRnHK
