##################################
##################################
##################################
Most Shorted Shares since [2019-05-14]
##################################
##################################
##################################

           Name of Share Issuer  Position Holder
0         WOOD GROUP (JOHN) PLC                7
1        BABCOCK INTL GROUP PLC                5
2         THOMAS COOK GROUP PLC                5
3            ANGLO AMERICAN PLC                4
4                Kier Group plc                4
5     MARKS & SPENCER GROUP PLC                4
6                        AA PLC                3
7        Arrow Global Group plc                3
8                    CAPITA PLC                3
9                   EASYJET PLC                3
10          GREENCORE GROUP PLC                3
11          INTU PROPERTIES PLC                3
12  JUPITER FUND MANAGEMENT PLC                3
13                 JUST EAT PLC                3
14               KINGFISHER PLC                3

          Name of Share Issuer  Net Short Position (%)
0        THOMAS COOK GROUP PLC                    8.27
1                       AA PLC                    7.81
2        WOOD GROUP (JOHN) PLC                    7.16
3          GREENCORE GROUP PLC                    6.46
4           ANGLO AMERICAN PLC                    5.87
5               METRO BANK PLC                    5.76
6          INTU PROPERTIES PLC                    5.30
7    MARKS & SPENCER GROUP PLC                    5.12
8       BABCOCK INTL GROUP PLC                    4.88
9   CREST NICHOLSON HLDGS  PLC                    4.72
10              Kier Group plc                    4.68
11         SIRIUS MINERALS PLC                    4.37
12                     IQE PLC                    4.10
13              NMC HEALTH PLC                    4.03
14                 PLUS500 LTD                    3.69

#########[+]SUMMARY MOST OVERALL SHORTED[+]######################
#########[+]SUMMARY MOST OVERALL SHORTED[+]######################
#########[+]SUMMARY MOST OVERALL SHORTED[+]######################

[+]	Kier Group plc
[+]	WOOD GROUP (JOHN) PLC
[+]	GREENCORE GROUP PLC
[+]	INTU PROPERTIES PLC
[+]	ANGLO AMERICAN PLC
[+]	MARKS & SPENCER GROUP PLC
[+]	THOMAS COOK GROUP PLC
[+]	BABCOCK INTL GROUP PLC
[+]	AA PLC


THE SOFTWARE IS PROVIDED 'AS IS', WITHOUT WARRANTY OF ANY KIND, EXPRESS OR IMPLIED, INCLUDING BUT NOT LIMITED TO THE WARRANTIES OF MERCHANTABILITY, FITNESS FOR A PARTICULAR PURPOSE, TITLE AND NON-INFRINGEMENT. IN NO EVENT SHALL THE COPYRIGHT HOLDERS OR ANYONE DISTRIBUTING THE SOFTWARE BE LIABLE FOR ANY DAMAGES OR OTHER LIABILITY, WHETHER IN CONTRACT, TORT OR OTHERWISE, ARISING FROM, OUT OF OR IN CONNECTION WITH THE SOFTWARE OR THE USE OR OTHER DEALINGS IN THE SOFTWARE.

Dont forget to tip your server!
Bitcoin Cash (BCH)			qpz32c4lg7x7lnk9jg6qg7s4uavdce89myax5v5nuk
Ether (ETH)			0x843d3DEC2A4705BD4f45F674F641cE2D0022c9FB
Litecoin (LTC)			Lfk5y4F7KZa9oRxpazETwjQnHszEPvqPvu
Bitcoin (BTC)			14Dm7L3ABPtumPDcj3REAvs4L6w9YFRnHK
