##################################
##################################
##################################
Most Shorted Shares since [2019-05-15]
##################################
##################################
##################################

           Name of Share Issuer  Position Holder
0         WOOD GROUP (JOHN) PLC                8
1                Kier Group plc                6
2        BABCOCK INTL GROUP PLC                5
3     MARKS & SPENCER GROUP PLC                5
4         THOMAS COOK GROUP PLC                5
5            ANGLO AMERICAN PLC                4
6   JUPITER FUND MANAGEMENT PLC                4
7                  JUST EAT PLC                4
8                        AA PLC                3
9        Arrow Global Group plc                3
10                  EASYJET PLC                3
11          GREENCORE GROUP PLC                3
12          INTU PROPERTIES PLC                3
13               KINGFISHER PLC                3
14               METRO BANK PLC                3

           Name of Share Issuer  Net Short Position (%)
0         THOMAS COOK GROUP PLC                    8.33
1                        AA PLC                    7.81
2         WOOD GROUP (JOHN) PLC                    7.66
3     MARKS & SPENCER GROUP PLC                    7.27
4           GREENCORE GROUP PLC                    6.58
5            ANGLO AMERICAN PLC                    5.87
6                Kier Group plc                    5.83
7                METRO BANK PLC                    5.76
8           INTU PROPERTIES PLC                    5.30
9        BABCOCK INTL GROUP PLC                    4.98
10   CREST NICHOLSON HLDGS  PLC                    4.83
11          SIRIUS MINERALS PLC                    4.37
12                      IQE PLC                    4.10
13               NMC HEALTH PLC                    4.03
14  JUPITER FUND MANAGEMENT PLC                    3.93

#########[+]SUMMARY MOST OVERALL SHORTED[+]######################
#########[+]SUMMARY MOST OVERALL SHORTED[+]######################
#########[+]SUMMARY MOST OVERALL SHORTED[+]######################

[+]	BABCOCK INTL GROUP PLC
[+]	JUPITER FUND MANAGEMENT PLC
[+]	WOOD GROUP (JOHN) PLC
[+]	GREENCORE GROUP PLC
[+]	Kier Group plc
[+]	AA PLC
[+]	ANGLO AMERICAN PLC
[+]	INTU PROPERTIES PLC
[+]	METRO BANK PLC
[+]	THOMAS COOK GROUP PLC
[+]	MARKS & SPENCER GROUP PLC


THE SOFTWARE IS PROVIDED 'AS IS', WITHOUT WARRANTY OF ANY KIND, EXPRESS OR IMPLIED, INCLUDING BUT NOT LIMITED TO THE WARRANTIES OF MERCHANTABILITY, FITNESS FOR A PARTICULAR PURPOSE, TITLE AND NON-INFRINGEMENT. IN NO EVENT SHALL THE COPYRIGHT HOLDERS OR ANYONE DISTRIBUTING THE SOFTWARE BE LIABLE FOR ANY DAMAGES OR OTHER LIABILITY, WHETHER IN CONTRACT, TORT OR OTHERWISE, ARISING FROM, OUT OF OR IN CONNECTION WITH THE SOFTWARE OR THE USE OR OTHER DEALINGS IN THE SOFTWARE.

Dont forget to tip your server!
Bitcoin Cash (BCH)			qpz32c4lg7x7lnk9jg6qg7s4uavdce89myax5v5nuk
Ether (ETH)			0x843d3DEC2A4705BD4f45F674F641cE2D0022c9FB
Litecoin (LTC)			Lfk5y4F7KZa9oRxpazETwjQnHszEPvqPvu
Bitcoin (BTC)			14Dm7L3ABPtumPDcj3REAvs4L6w9YFRnHK
