##################################
##################################
##################################
Most Shorted Shares since [2019-07-22]
##################################
##################################
##################################

             Name of Share Issuer  Position Holder
0                  Kier Group plc                5
1              WEIR GROUP PLC/THE                5
2                        ASOS PLC                4
3           AUTO TRADER GROUP PLC                4
4          Arrow Global Group plc                4
5                   HAMMERSON PLC                4
6                  METRO BANK PLC                4
7               NEWRIVER REIT PLC                4
8                SEVERN TRENT PLC                4
9             SIRIUS MINERALS PLC                4
10          WOOD GROUP (JOHN) PLC                4
11                     CAPITA PLC                3
12  CAPITAL & COUNTIES PROPERTIES                3
13                CINEWORLD GROUP                3
14            DIXONS CARPHONE PLC                3
15            GREENCORE GROUP PLC                3
16    JUPITER FUND MANAGEMENT PLC                3
17                   JUST EAT PLC                3
18                 KINGFISHER PLC                3
19      MICRO FOCUS INTERNATIONAL                3

      Name of Share Issuer  Net Short Position (%)
0           Kier Group plc                   11.39
1    THOMAS COOK GROUP PLC                    7.52
2      GREENCORE GROUP PLC                    6.60
3           METRO BANK PLC                    6.40
4                  SIG PLC                    5.40
5      SIRIUS MINERALS PLC                    5.20
6                  IQE PLC                    5.13
7          PREMIER OIL PLC                    4.50
8                 ASOS PLC                    4.29
9              PLUS500 LTD                    4.26
10      ANGLO AMERICAN PLC                    4.20
11     INTU PROPERTIES PLC                    4.17
12   WOOD GROUP (JOHN) PLC                    4.16
13  Arrow Global Group plc                    3.87
14           Marston's plc                    3.72
15   AUTO TRADER GROUP PLC                    3.41
16      WEIR GROUP PLC/THE                    3.29
17         CINEWORLD GROUP                    2.98
18            JUST EAT PLC                    2.95
19      HALFORDS GROUP PLC                    2.94

#########[+]SUMMARY MOST OVERALL SHORTED[+]######################
#########[+]SUMMARY MOST OVERALL SHORTED[+]######################
#########[+]SUMMARY MOST OVERALL SHORTED[+]######################

[+]	Kier Group plc
[+]	CINEWORLD GROUP
[+]	AUTO TRADER GROUP PLC
[+]	GREENCORE GROUP PLC
[+]	WEIR GROUP PLC/THE
[+]	Arrow Global Group plc
[+]	JUST EAT PLC
[+]	SIRIUS MINERALS PLC
[+]	METRO BANK PLC
[+]	WOOD GROUP (JOHN) PLC
[+]	ASOS PLC


THE SOFTWARE IS PROVIDED 'AS IS', WITHOUT WARRANTY OF ANY KIND, EXPRESS OR IMPLIED, INCLUDING BUT NOT LIMITED TO THE WARRANTIES OF MERCHANTABILITY, FITNESS FOR A PARTICULAR PURPOSE, TITLE AND NON-INFRINGEMENT. IN NO EVENT SHALL THE COPYRIGHT HOLDERS OR ANYONE DISTRIBUTING THE SOFTWARE BE LIABLE FOR ANY DAMAGES OR OTHER LIABILITY, WHETHER IN CONTRACT, TORT OR OTHERWISE, ARISING FROM, OUT OF OR IN CONNECTION WITH THE SOFTWARE OR THE USE OR OTHER DEALINGS IN THE SOFTWARE.

Dont forget to tip your server!
Bitcoin Cash (BCH)			qpz32c4lg7x7lnk9jg6qg7s4uavdce89myax5v5nuk
Ether (ETH)			0x843d3DEC2A4705BD4f45F674F641cE2D0022c9FB
Litecoin (LTC)			Lfk5y4F7KZa9oRxpazETwjQnHszEPvqPvu
Bitcoin (BTC)			14Dm7L3ABPtumPDcj3REAvs4L6w9YFRnHK
