##################################
##################################
##################################
Most Shorted Shares since [2019-11-13]
##################################
##################################
##################################

         Name of Share Issuer  Position Holder
0        KEYWORDS STUDIOS PLC                6
1              KINGFISHER PLC                6
2             CINEWORLD GROUP                5
3          EQUINITI GROUP PLC                5
4   Flutter Entertainment plc                5
5              NMC HEALTH PLC                5
6      BABCOCK INTL GROUP PLC                4
7          WEIR GROUP PLC/THE                4
8     CRODA INTERNATIONAL PLC                3
9         DIXONS CARPHONE PLC                3
10   DOMINO'S PIZZA GROUP PLC                3
11                EASYJET PLC                3
12             METRO BANK PLC                3
13             Royal Mail Plc                3
14               SPECTRIS PLC                3
15         TRAVIS PERKINS PLC                3
16                VICTREX PLC                3
17        Virgin Money UK PLC                3
18   WM MORRISON SUPERMARKETS                3
19      WOOD GROUP (JOHN) PLC                3

          Name of Share Issuer  Net Short Position (%)
0              CINEWORLD GROUP                    7.60
1               METRO BANK PLC                    6.30
2               KINGFISHER PLC                    5.71
3               NMC HEALTH PLC                    5.40
4         KEYWORDS STUDIOS PLC                    5.22
5          GREENCORE GROUP PLC                    4.96
6    Flutter Entertainment plc                    4.70
7           WEIR GROUP PLC/THE                    4.52
8                      IQE PLC                    4.43
9                  EASYJET PLC                    4.33
10      BABCOCK INTL GROUP PLC                    4.19
11          Go-Ahead Group PLC                    4.14
12  CREST NICHOLSON HLDGS  PLC                    4.06
13                 VALARIS PLC                    3.61
14          EQUINITI GROUP PLC                    3.47
15             MITIE GROUP PLC                    3.41
16                      AA PLC                    3.33
17      PETS AT HOME GROUP PLC                    3.10
18       WOOD GROUP (JOHN) PLC                    2.88
19              Royal Mail Plc                    2.81

#########[+]SUMMARY MOST OVERALL SHORTED[+]######################
#########[+]SUMMARY MOST OVERALL SHORTED[+]######################
#########[+]SUMMARY MOST OVERALL SHORTED[+]######################

[+]	KEYWORDS STUDIOS PLC
[+]	BABCOCK INTL GROUP PLC
[+]	Royal Mail Plc
[+]	WOOD GROUP (JOHN) PLC
[+]	KINGFISHER PLC
[+]	EQUINITI GROUP PLC
[+]	NMC HEALTH PLC
[+]	Flutter Entertainment plc
[+]	EASYJET PLC
[+]	CINEWORLD GROUP
[+]	WEIR GROUP PLC/THE
[+]	METRO BANK PLC


THE SOFTWARE IS PROVIDED 'AS IS', WITHOUT WARRANTY OF ANY KIND, EXPRESS OR IMPLIED, INCLUDING BUT NOT LIMITED TO THE WARRANTIES OF MERCHANTABILITY, FITNESS FOR A PARTICULAR PURPOSE, TITLE AND NON-INFRINGEMENT. IN NO EVENT SHALL THE COPYRIGHT HOLDERS OR ANYONE DISTRIBUTING THE SOFTWARE BE LIABLE FOR ANY DAMAGES OR OTHER LIABILITY, WHETHER IN CONTRACT, TORT OR OTHERWISE, ARISING FROM, OUT OF OR IN CONNECTION WITH THE SOFTWARE OR THE USE OR OTHER DEALINGS IN THE SOFTWARE.

Dont forget to tip your server!
Bitcoin Cash (BCH)			qpz32c4lg7x7lnk9jg6qg7s4uavdce89myax5v5nuk
Ether (ETH)			0x843d3DEC2A4705BD4f45F674F641cE2D0022c9FB
Litecoin (LTC)			Lfk5y4F7KZa9oRxpazETwjQnHszEPvqPvu
Bitcoin (BTC)			14Dm7L3ABPtumPDcj3REAvs4L6w9YFRnHK
