##################################
##################################
##################################
Most Shorted Shares since [2019-05-27]
##################################
##################################
##################################

            Name of Share Issuer  Position Holder
0      MARKS & SPENCER GROUP PLC                7
1         BABCOCK INTL GROUP PLC                6
2    JUPITER FUND MANAGEMENT PLC                6
3                   JUST EAT PLC                6
4          WOOD GROUP (JOHN) PLC                6
5                 Kier Group plc                5
6                    PLUS500 LTD                5
7                    AGGREKO PLC                4
8             ANGLO AMERICAN PLC                4
9          AUTO TRADER GROUP PLC                4
10           GREENCORE GROUP PLC                4
11           INTU PROPERTIES PLC                4
12                METRO BANK PLC                4
13             NEWRIVER REIT PLC                4
14  SMITH (DAVID S) HOLDINGS PLC                4
15         THOMAS COOK GROUP PLC                4
16                        AA PLC                3
17              AO WORLD PLC ORD                3
18                      ASOS PLC                3
19           BCA MARKETPLACE PLC                3

           Name of Share Issuer  Net Short Position (%)
0     MARKS & SPENCER GROUP PLC                    8.46
1                        AA PLC                    7.88
2         WOOD GROUP (JOHN) PLC                    7.18
3           GREENCORE GROUP PLC                    7.16
4        BABCOCK INTL GROUP PLC                    6.83
5           INTU PROPERTIES PLC                    6.36
6                Kier Group plc                    6.02
7            ANGLO AMERICAN PLC                    5.70
8   JUPITER FUND MANAGEMENT PLC                    5.65
9                  JUST EAT PLC                    5.34
10      LANCASHIRE HOLDINGS LTD                    5.21
11                  PLUS500 LTD                    4.91
12               METRO BANK PLC                    4.81
13          SIRIUS MINERALS PLC                    4.33
14              MITIE GROUP PLC                    4.18
15                     ASOS PLC                    3.87
16            NEWRIVER REIT PLC                    3.76
17        THOMAS COOK GROUP PLC                    3.43
18           Go-Ahead Group PLC                    3.40
19           WEIR GROUP PLC/THE                    3.18

#########[+]SUMMARY MOST OVERALL SHORTED[+]######################
#########[+]SUMMARY MOST OVERALL SHORTED[+]######################
#########[+]SUMMARY MOST OVERALL SHORTED[+]######################

[+]	MARKS & SPENCER GROUP PLC
[+]	AA PLC
[+]	WOOD GROUP (JOHN) PLC
[+]	INTU PROPERTIES PLC
[+]	Kier Group plc
[+]	NEWRIVER REIT PLC
[+]	PLUS500 LTD
[+]	THOMAS COOK GROUP PLC
[+]	ANGLO AMERICAN PLC
[+]	BABCOCK INTL GROUP PLC
[+]	METRO BANK PLC
[+]	GREENCORE GROUP PLC
[+]	JUPITER FUND MANAGEMENT PLC
[+]	ASOS PLC
[+]	JUST EAT PLC


THE SOFTWARE IS PROVIDED 'AS IS', WITHOUT WARRANTY OF ANY KIND, EXPRESS OR IMPLIED, INCLUDING BUT NOT LIMITED TO THE WARRANTIES OF MERCHANTABILITY, FITNESS FOR A PARTICULAR PURPOSE, TITLE AND NON-INFRINGEMENT. IN NO EVENT SHALL THE COPYRIGHT HOLDERS OR ANYONE DISTRIBUTING THE SOFTWARE BE LIABLE FOR ANY DAMAGES OR OTHER LIABILITY, WHETHER IN CONTRACT, TORT OR OTHERWISE, ARISING FROM, OUT OF OR IN CONNECTION WITH THE SOFTWARE OR THE USE OR OTHER DEALINGS IN THE SOFTWARE.

Dont forget to tip your server!
Bitcoin Cash (BCH)			qpz32c4lg7x7lnk9jg6qg7s4uavdce89myax5v5nuk
Ether (ETH)			0x843d3DEC2A4705BD4f45F674F641cE2D0022c9FB
Litecoin (LTC)			Lfk5y4F7KZa9oRxpazETwjQnHszEPvqPvu
Bitcoin (BTC)			14Dm7L3ABPtumPDcj3REAvs4L6w9YFRnHK
