##################################
##################################
##################################
Most Shorted Shares since [2019-05-22]
##################################
##################################
##################################

           Name of Share Issuer  Position Holder
0        BABCOCK INTL GROUP PLC                6
1     MARKS & SPENCER GROUP PLC                6
2         WOOD GROUP (JOHN) PLC                6
3   JUPITER FUND MANAGEMENT PLC                5
4                Kier Group plc                5
5                METRO BANK PLC                5
6                        AA PLC                4
7            ANGLO AMERICAN PLC                4
8           GREENCORE GROUP PLC                4
9                  JUST EAT PLC                4
10            NEWRIVER REIT PLC                4
11          SIRIUS MINERALS PLC                4
12        THOMAS COOK GROUP PLC                4
13                     ASOS PLC                3
14             CAIRN ENERGY PLC                3
15                   CAPITA PLC                3
16                  EASYJET PLC                3
17             GVC Holdings Plc                3
18      HARGREAVES LANSDOWN PLC                3
19          INTU PROPERTIES PLC                3

           Name of Share Issuer  Net Short Position (%)
0                        AA PLC                    8.44
1     MARKS & SPENCER GROUP PLC                    7.92
2           GREENCORE GROUP PLC                    7.06
3         WOOD GROUP (JOHN) PLC                    6.93
4        BABCOCK INTL GROUP PLC                    6.83
5                Kier Group plc                    6.07
6           INTU PROPERTIES PLC                    5.71
7            ANGLO AMERICAN PLC                    5.60
8                METRO BANK PLC                    5.27
9       LANCASHIRE HOLDINGS LTD                    5.21
10          SIRIUS MINERALS PLC                    4.89
11  JUPITER FUND MANAGEMENT PLC                    4.60
12              MITIE GROUP PLC                    4.18
13               NMC HEALTH PLC                    4.14
14                      IQE PLC                    4.10
15                     ASOS PLC                    3.87
16                 JUST EAT PLC                    3.83
17                  PLUS500 LTD                    3.70
18            NEWRIVER REIT PLC                    3.66
19        THOMAS COOK GROUP PLC                    3.43

#########[+]SUMMARY MOST OVERALL SHORTED[+]######################
#########[+]SUMMARY MOST OVERALL SHORTED[+]######################
#########[+]SUMMARY MOST OVERALL SHORTED[+]######################

[+]	AA PLC
[+]	GREENCORE GROUP PLC
[+]	ASOS PLC
[+]	WOOD GROUP (JOHN) PLC
[+]	MARKS & SPENCER GROUP PLC
[+]	BABCOCK INTL GROUP PLC
[+]	SIRIUS MINERALS PLC
[+]	NEWRIVER REIT PLC
[+]	INTU PROPERTIES PLC
[+]	METRO BANK PLC
[+]	THOMAS COOK GROUP PLC
[+]	JUST EAT PLC
[+]	Kier Group plc
[+]	JUPITER FUND MANAGEMENT PLC
[+]	ANGLO AMERICAN PLC


THE SOFTWARE IS PROVIDED 'AS IS', WITHOUT WARRANTY OF ANY KIND, EXPRESS OR IMPLIED, INCLUDING BUT NOT LIMITED TO THE WARRANTIES OF MERCHANTABILITY, FITNESS FOR A PARTICULAR PURPOSE, TITLE AND NON-INFRINGEMENT. IN NO EVENT SHALL THE COPYRIGHT HOLDERS OR ANYONE DISTRIBUTING THE SOFTWARE BE LIABLE FOR ANY DAMAGES OR OTHER LIABILITY, WHETHER IN CONTRACT, TORT OR OTHERWISE, ARISING FROM, OUT OF OR IN CONNECTION WITH THE SOFTWARE OR THE USE OR OTHER DEALINGS IN THE SOFTWARE.

Dont forget to tip your server!
Bitcoin Cash (BCH)			qpz32c4lg7x7lnk9jg6qg7s4uavdce89myax5v5nuk
Ether (ETH)			0x843d3DEC2A4705BD4f45F674F641cE2D0022c9FB
Litecoin (LTC)			Lfk5y4F7KZa9oRxpazETwjQnHszEPvqPvu
Bitcoin (BTC)			14Dm7L3ABPtumPDcj3REAvs4L6w9YFRnHK
