##################################
##################################
##################################
Most Shorted Shares since [2019-05-10]
##################################
##################################
##################################

           Name of Share Issuer  Position Holder
0         WOOD GROUP (JOHN) PLC                7
1         THOMAS COOK GROUP PLC                5
2            ANGLO AMERICAN PLC                4
3   JUPITER FUND MANAGEMENT PLC                4
4     MARKS & SPENCER GROUP PLC                4
5                METRO BANK PLC                4
6                        AA PLC                3
7        Arrow Global Group plc                3
8        BABCOCK INTL GROUP PLC                3
9                    CAPITA PLC                3
10                  EASYJET PLC                3
11          INTU PROPERTIES PLC                3
12                 JUST EAT PLC                3
13               KINGFISHER PLC                3
14               NMC HEALTH PLC                3

          Name of Share Issuer  Net Short Position (%)
0        THOMAS COOK GROUP PLC                    8.00
1                       AA PLC                    7.81
2               METRO BANK PLC                    7.43
3        WOOD GROUP (JOHN) PLC                    7.23
4           ANGLO AMERICAN PLC                    5.87
5          GREENCORE GROUP PLC                    5.73
6          INTU PROPERTIES PLC                    5.30
7    MARKS & SPENCER GROUP PLC                    5.05
8                      IQE PLC                    4.88
9   CREST NICHOLSON HLDGS  PLC                    4.69
10         SIRIUS MINERALS PLC                    4.27
11      Arrow Global Group plc                    3.98
12              NMC HEALTH PLC                    3.93
13                 PLUS500 LTD                    3.61
14      BABCOCK INTL GROUP PLC                    3.22

#########[+]SUMMARY MOST OVERALL SHORTED[+]######################
#########[+]SUMMARY MOST OVERALL SHORTED[+]######################
#########[+]SUMMARY MOST OVERALL SHORTED[+]######################

[+]	BABCOCK INTL GROUP PLC
[+]	MARKS & SPENCER GROUP PLC
[+]	WOOD GROUP (JOHN) PLC
[+]	NMC HEALTH PLC
[+]	ANGLO AMERICAN PLC
[+]	INTU PROPERTIES PLC
[+]	AA PLC
[+]	METRO BANK PLC
[+]	Arrow Global Group plc
[+]	THOMAS COOK GROUP PLC


THE SOFTWARE IS PROVIDED 'AS IS', WITHOUT WARRANTY OF ANY KIND, EXPRESS OR IMPLIED, INCLUDING BUT NOT LIMITED TO THE WARRANTIES OF MERCHANTABILITY, FITNESS FOR A PARTICULAR PURPOSE, TITLE AND NON-INFRINGEMENT. IN NO EVENT SHALL THE COPYRIGHT HOLDERS OR ANYONE DISTRIBUTING THE SOFTWARE BE LIABLE FOR ANY DAMAGES OR OTHER LIABILITY, WHETHER IN CONTRACT, TORT OR OTHERWISE, ARISING FROM, OUT OF OR IN CONNECTION WITH THE SOFTWARE OR THE USE OR OTHER DEALINGS IN THE SOFTWARE.

Dont forget to tip your server!
Bitcoin Cash (BCH)			qpz32c4lg7x7lnk9jg6qg7s4uavdce89myax5v5nuk
Ether (ETH)			0x843d3DEC2A4705BD4f45F674F641cE2D0022c9FB
Litecoin (LTC)			Lfk5y4F7KZa9oRxpazETwjQnHszEPvqPvu
Bitcoin (BTC)			14Dm7L3ABPtumPDcj3REAvs4L6w9YFRnHK
