##################################
##################################
##################################
Most Shorted Shares since [2019-06-04]
##################################
##################################
##################################

            Name of Share Issuer  Position Holder
0    JUPITER FUND MANAGEMENT PLC                6
1                   JUST EAT PLC                6
2                 Kier Group plc                6
3                 METRO BANK PLC                5
4                         AA PLC                4
5                       ASOS PLC                4
6               CAIRN ENERGY PLC                4
7     DAILY MAIL & GENERAL TRUST                4
8                    EASYJET PLC                4
9      MARKS & SPENCER GROUP PLC                4
10             NEWRIVER REIT PLC                4
11                   PLUS500 LTD                4
12              SEVERN TRENT PLC                4
13  SMITH (DAVID S) HOLDINGS PLC                4
14    TalkTalk Telecom Group PLC                4
15         WOOD GROUP (JOHN) PLC                4
16                   AGGREKO PLC                3
17            ANGLO AMERICAN PLC                3
18         AUTO TRADER GROUP PLC                3
19        BABCOCK INTL GROUP PLC                3

           Name of Share Issuer  Net Short Position (%)
0                Kier Group plc                    9.31
1         WOOD GROUP (JOHN) PLC                    6.04
2       LANCASHIRE HOLDINGS LTD                    5.89
3                METRO BANK PLC                    5.41
4                  JUST EAT PLC                    5.20
5     MARKS & SPENCER GROUP PLC                    4.84
6   JUPITER FUND MANAGEMENT PLC                    4.37
7            ANGLO AMERICAN PLC                    4.29
8        BABCOCK INTL GROUP PLC                    4.26
9                       SIG PLC                    3.92
10        THOMAS COOK GROUP PLC                    3.89
11               NMC HEALTH PLC                    3.82
12              Ensco Rowan plc                    3.67
13              MITIE GROUP PLC                    3.53
14            MAJESTIC WINE PLC                    3.42
15                       AA PLC                    3.40
16           Go-Ahead Group PLC                    3.40
17          GREENCORE GROUP PLC                    3.37
18          SIRIUS MINERALS PLC                    3.32
19                  EASYJET PLC                    3.15

#########[+]SUMMARY MOST OVERALL SHORTED[+]######################
#########[+]SUMMARY MOST OVERALL SHORTED[+]######################
#########[+]SUMMARY MOST OVERALL SHORTED[+]######################

[+]	METRO BANK PLC
[+]	JUST EAT PLC
[+]	MARKS & SPENCER GROUP PLC
[+]	EASYJET PLC
[+]	BABCOCK INTL GROUP PLC
[+]	AA PLC
[+]	WOOD GROUP (JOHN) PLC
[+]	JUPITER FUND MANAGEMENT PLC
[+]	Kier Group plc
[+]	ANGLO AMERICAN PLC


THE SOFTWARE IS PROVIDED 'AS IS', WITHOUT WARRANTY OF ANY KIND, EXPRESS OR IMPLIED, INCLUDING BUT NOT LIMITED TO THE WARRANTIES OF MERCHANTABILITY, FITNESS FOR A PARTICULAR PURPOSE, TITLE AND NON-INFRINGEMENT. IN NO EVENT SHALL THE COPYRIGHT HOLDERS OR ANYONE DISTRIBUTING THE SOFTWARE BE LIABLE FOR ANY DAMAGES OR OTHER LIABILITY, WHETHER IN CONTRACT, TORT OR OTHERWISE, ARISING FROM, OUT OF OR IN CONNECTION WITH THE SOFTWARE OR THE USE OR OTHER DEALINGS IN THE SOFTWARE.

Dont forget to tip your server!
Bitcoin Cash (BCH)			qpz32c4lg7x7lnk9jg6qg7s4uavdce89myax5v5nuk
Ether (ETH)			0x843d3DEC2A4705BD4f45F674F641cE2D0022c9FB
Litecoin (LTC)			Lfk5y4F7KZa9oRxpazETwjQnHszEPvqPvu
Bitcoin (BTC)			14Dm7L3ABPtumPDcj3REAvs4L6w9YFRnHK
