##################################
##################################
##################################
Most Shorted Shares since [2019-07-29]
##################################
##################################
##################################

           Name of Share Issuer  Position Holder
0            WEIR GROUP PLC/THE                6
1        Arrow Global Group plc                5
2                Kier Group plc                5
3           SIRIUS MINERALS PLC                5
4                      ASOS PLC                4
5                 HAMMERSON PLC                4
6   JUPITER FUND MANAGEMENT PLC                4
7                KINGFISHER PLC                4
8             NEWRIVER REIT PLC                4
9                NMC HEALTH PLC                4
10              PREMIER OIL PLC                4
11             SEVERN TRENT PLC                4
12        THOMAS COOK GROUP PLC                4
13        WOOD GROUP (JOHN) PLC                4
14                   CAPITA PLC                3
15              CINEWORLD GROUP                3
16          DIXONS CARPHONE PLC                3
17          GREENCORE GROUP PLC                3
18             GVC Holdings Plc                3
19               METRO BANK PLC                3

           Name of Share Issuer  Net Short Position (%)
0                Kier Group plc                   11.37
1         THOMAS COOK GROUP PLC                    8.20
2           GREENCORE GROUP PLC                    6.51
3           SIRIUS MINERALS PLC                    5.81
4               PREMIER OIL PLC                    5.42
5        Arrow Global Group plc                    5.32
6                NMC HEALTH PLC                    5.27
7                       SIG PLC                    5.03
8                      ASOS PLC                    4.42
9                KINGFISHER PLC                    4.35
10           WEIR GROUP PLC/THE                    4.10
11                Marston's plc                    3.82
12                 PETROFAC LTD                    3.71
13                  PLUS500 LTD                    3.70
14          INTU PROPERTIES PLC                    3.61
15               METRO BANK PLC                    3.48
16  JUPITER FUND MANAGEMENT PLC                    3.47
17           ANGLO AMERICAN PLC                    3.30
18              CINEWORLD GROUP                    3.12
19        WOOD GROUP (JOHN) PLC                    3.08

#########[+]SUMMARY MOST OVERALL SHORTED[+]######################
#########[+]SUMMARY MOST OVERALL SHORTED[+]######################
#########[+]SUMMARY MOST OVERALL SHORTED[+]######################

[+]	Arrow Global Group plc
[+]	GREENCORE GROUP PLC
[+]	NMC HEALTH PLC
[+]	WEIR GROUP PLC/THE
[+]	METRO BANK PLC
[+]	SIRIUS MINERALS PLC
[+]	KINGFISHER PLC
[+]	THOMAS COOK GROUP PLC
[+]	Kier Group plc
[+]	WOOD GROUP (JOHN) PLC
[+]	JUPITER FUND MANAGEMENT PLC
[+]	CINEWORLD GROUP
[+]	ASOS PLC
[+]	PREMIER OIL PLC


THE SOFTWARE IS PROVIDED 'AS IS', WITHOUT WARRANTY OF ANY KIND, EXPRESS OR IMPLIED, INCLUDING BUT NOT LIMITED TO THE WARRANTIES OF MERCHANTABILITY, FITNESS FOR A PARTICULAR PURPOSE, TITLE AND NON-INFRINGEMENT. IN NO EVENT SHALL THE COPYRIGHT HOLDERS OR ANYONE DISTRIBUTING THE SOFTWARE BE LIABLE FOR ANY DAMAGES OR OTHER LIABILITY, WHETHER IN CONTRACT, TORT OR OTHERWISE, ARISING FROM, OUT OF OR IN CONNECTION WITH THE SOFTWARE OR THE USE OR OTHER DEALINGS IN THE SOFTWARE.

Dont forget to tip your server!
Bitcoin Cash (BCH)			qpz32c4lg7x7lnk9jg6qg7s4uavdce89myax5v5nuk
Ether (ETH)			0x843d3DEC2A4705BD4f45F674F641cE2D0022c9FB
Litecoin (LTC)			Lfk5y4F7KZa9oRxpazETwjQnHszEPvqPvu
Bitcoin (BTC)			14Dm7L3ABPtumPDcj3REAvs4L6w9YFRnHK
