##################################
##################################
##################################
Most Shorted Shares since [2019-11-20]
##################################
##################################
##################################

                        Name of Share Issuer  Position Holder
0                             KINGFISHER PLC                6
1                  Flutter Entertainment plc                5
2   Aston Martin Lagonda Global Holdings Plc                4
3                            CINEWORLD GROUP                4
4                       KEYWORDS STUDIOS PLC                4
5                      WOOD GROUP (JOHN) PLC                4
6                     BABCOCK INTL GROUP PLC                3
7                    CRODA INTERNATIONAL PLC                3
8                        DIXONS CARPHONE PLC                3
9                   DOMINO'S PIZZA GROUP PLC                3
10                               EASYJET PLC                3
11                            METRO BANK PLC                3
12                            NMC HEALTH PLC                3
13                               PEARSON PLC                3
14                              SPECTRIS PLC                3
15                        TRAVIS PERKINS PLC                3
16                               VICTREX PLC                3
17                        VODAFONE GROUP PLC                3
18                       Virgin Money UK PLC                3
19                        WEIR GROUP PLC/THE                3

                        Name of Share Issuer  Net Short Position (%)
0                            CINEWORLD GROUP                    7.47
1                             KINGFISHER PLC                    5.89
2                             METRO BANK PLC                    5.58
3                                    SIG PLC                    5.29
4                        GREENCORE GROUP PLC                    4.77
5                  Flutter Entertainment plc                    4.72
6                                    IQE PLC                    4.43
7                                EASYJET PLC                    4.35
8                      WOOD GROUP (JOHN) PLC                    4.21
9                         Go-Ahead Group PLC                    4.14
10                CREST NICHOLSON HLDGS  PLC                    4.06
11                            NMC HEALTH PLC                    3.91
12                      KEYWORDS STUDIOS PLC                    3.80
13                        WEIR GROUP PLC/THE                    3.67
14                               PEARSON PLC                    3.57
15                           MITIE GROUP PLC                    3.55
16  Aston Martin Lagonda Global Holdings Plc                    3.40
17                               VALARIS PLC                    3.33
18                         SAINSBURY (J) PLC                    3.05
19                          DUNELM GROUP PLC                    3.00

#########[+]SUMMARY MOST OVERALL SHORTED[+]######################
#########[+]SUMMARY MOST OVERALL SHORTED[+]######################
#########[+]SUMMARY MOST OVERALL SHORTED[+]######################

[+]	CINEWORLD GROUP
[+]	WOOD GROUP (JOHN) PLC
[+]	Aston Martin Lagonda Global Holdings Plc
[+]	EASYJET PLC
[+]	KINGFISHER PLC
[+]	WEIR GROUP PLC/THE
[+]	METRO BANK PLC
[+]	NMC HEALTH PLC
[+]	KEYWORDS STUDIOS PLC
[+]	PEARSON PLC
[+]	Flutter Entertainment plc


THE SOFTWARE IS PROVIDED 'AS IS', WITHOUT WARRANTY OF ANY KIND, EXPRESS OR IMPLIED, INCLUDING BUT NOT LIMITED TO THE WARRANTIES OF MERCHANTABILITY, FITNESS FOR A PARTICULAR PURPOSE, TITLE AND NON-INFRINGEMENT. IN NO EVENT SHALL THE COPYRIGHT HOLDERS OR ANYONE DISTRIBUTING THE SOFTWARE BE LIABLE FOR ANY DAMAGES OR OTHER LIABILITY, WHETHER IN CONTRACT, TORT OR OTHERWISE, ARISING FROM, OUT OF OR IN CONNECTION WITH THE SOFTWARE OR THE USE OR OTHER DEALINGS IN THE SOFTWARE.

Dont forget to tip your server!
Bitcoin Cash (BCH)			qpz32c4lg7x7lnk9jg6qg7s4uavdce89myax5v5nuk
Ether (ETH)			0x843d3DEC2A4705BD4f45F674F641cE2D0022c9FB
Litecoin (LTC)			Lfk5y4F7KZa9oRxpazETwjQnHszEPvqPvu
Bitcoin (BTC)			14Dm7L3ABPtumPDcj3REAvs4L6w9YFRnHK
