##################################
##################################
##################################
Most Shorted Shares since [2019-09-17]
##################################
##################################
##################################

           Name of Share Issuer  Position Holder
0            WEIR GROUP PLC/THE                7
1         WOOD GROUP (JOHN) PLC                7
2   JUPITER FUND MANAGEMENT PLC                6
3                   PEARSON PLC                6
4                      ASOS PLC                5
5        BABCOCK INTL GROUP PLC                5
6               CINEWORLD GROUP                5
7                KINGFISHER PLC                5
8                 A.G. Barr PLC                4
9     Flutter Entertainment plc                4
10               METRO BANK PLC                4
11               Royal Mail Plc                4
12   SMART METERING SYSTEMS PLC                4
13         ST JAMES'S PLACE PLC                4
14                       AA PLC                3
15        AUTO TRADER GROUP PLC                3
16                HAMMERSON PLC                3
17         KEYWORDS STUDIOS PLC                3
18                  PLUS500 LTD                3
19              PREMIER OIL PLC                3

           Name of Share Issuer  Net Short Position (%)
0                METRO BANK PLC                    8.95
1         WOOD GROUP (JOHN) PLC                    7.02
2            WEIR GROUP PLC/THE                    6.48
3   JUPITER FUND MANAGEMENT PLC                    5.86
4                       SIG PLC                    5.79
5                   PEARSON PLC                    5.19
6                KINGFISHER PLC                    5.17
7         THOMAS COOK GROUP PLC                    4.80
8                Royal Mail Plc                    4.72
9        BABCOCK INTL GROUP PLC                    4.67
10                     ASOS PLC                    4.66
11      LANCASHIRE HOLDINGS LTD                    4.65
12              CINEWORLD GROUP                    4.27
13               NMC HEALTH PLC                    4.20
14                A.G. Barr PLC                    4.05
15                       AA PLC                    3.60
16              PREMIER OIL PLC                    3.32
17                  EASYJET PLC                    3.18
18                HAMMERSON PLC                    3.01
19    Flutter Entertainment plc                    2.99

#########[+]SUMMARY MOST OVERALL SHORTED[+]######################
#########[+]SUMMARY MOST OVERALL SHORTED[+]######################
#########[+]SUMMARY MOST OVERALL SHORTED[+]######################

[+]	PEARSON PLC
[+]	METRO BANK PLC
[+]	ASOS PLC
[+]	WOOD GROUP (JOHN) PLC
[+]	AA PLC
[+]	WEIR GROUP PLC/THE
[+]	PREMIER OIL PLC
[+]	CINEWORLD GROUP
[+]	Flutter Entertainment plc
[+]	HAMMERSON PLC
[+]	A.G. Barr PLC
[+]	JUPITER FUND MANAGEMENT PLC
[+]	BABCOCK INTL GROUP PLC
[+]	KINGFISHER PLC
[+]	Royal Mail Plc


THE SOFTWARE IS PROVIDED 'AS IS', WITHOUT WARRANTY OF ANY KIND, EXPRESS OR IMPLIED, INCLUDING BUT NOT LIMITED TO THE WARRANTIES OF MERCHANTABILITY, FITNESS FOR A PARTICULAR PURPOSE, TITLE AND NON-INFRINGEMENT. IN NO EVENT SHALL THE COPYRIGHT HOLDERS OR ANYONE DISTRIBUTING THE SOFTWARE BE LIABLE FOR ANY DAMAGES OR OTHER LIABILITY, WHETHER IN CONTRACT, TORT OR OTHERWISE, ARISING FROM, OUT OF OR IN CONNECTION WITH THE SOFTWARE OR THE USE OR OTHER DEALINGS IN THE SOFTWARE.

Dont forget to tip your server!
Bitcoin Cash (BCH)			qpz32c4lg7x7lnk9jg6qg7s4uavdce89myax5v5nuk
Ether (ETH)			0x843d3DEC2A4705BD4f45F674F641cE2D0022c9FB
Litecoin (LTC)			Lfk5y4F7KZa9oRxpazETwjQnHszEPvqPvu
Bitcoin (BTC)			14Dm7L3ABPtumPDcj3REAvs4L6w9YFRnHK
