##################################
##################################
##################################
Most Shorted Shares since [2019-11-08]
##################################
##################################
##################################

           Name of Share Issuer  Position Holder
0               CINEWORLD GROUP                7
1     Flutter Entertainment plc                6
2        BABCOCK INTL GROUP PLC                5
3          KEYWORDS STUDIOS PLC                5
4                KINGFISHER PLC                5
5            EQUINITI GROUP PLC                4
6                NMC HEALTH PLC                4
7                  SPECTRIS PLC                4
8           DIXONS CARPHONE PLC                3
9      DOMINO'S PIZZA GROUP PLC                3
10                  EASYJET PLC                3
11          JOHNSON MATTHEY PLC                3
12  JUPITER FUND MANAGEMENT PLC                3
13               Kier Group plc                3
14               METRO BANK PLC                3
15              OCADO GROUP PLC                3
16             SEVERN TRENT PLC                3
17           TRAVIS PERKINS PLC                3
18                  VICTREX PLC                3
19          Virgin Money UK PLC                3

          Name of Share Issuer  Net Short Position (%)
0              CINEWORLD GROUP                    8.76
1               METRO BANK PLC                    7.77
2    Flutter Entertainment plc                    5.91
3               NMC HEALTH PLC                    4.99
4       BABCOCK INTL GROUP PLC                    4.97
5         KEYWORDS STUDIOS PLC                    4.70
6               KINGFISHER PLC                    4.63
7           Go-Ahead Group PLC                    4.51
8                      IQE PLC                    4.43
9                  EASYJET PLC                    4.33
10       WOOD GROUP (JOHN) PLC                    4.12
11  CREST NICHOLSON HLDGS  PLC                    4.03
12              Kier Group plc                    3.85
13          WEIR GROUP PLC/THE                    3.84
14    DOMINO'S PIZZA GROUP PLC                    3.47
15                      AA PLC                    3.24
16         INTU PROPERTIES PLC                    3.19
17      PETS AT HOME GROUP PLC                    3.10
18          EQUINITI GROUP PLC                    3.07
19                 VALARIS PLC                    3.00

#########[+]SUMMARY MOST OVERALL SHORTED[+]######################
#########[+]SUMMARY MOST OVERALL SHORTED[+]######################
#########[+]SUMMARY MOST OVERALL SHORTED[+]######################

[+]	DOMINO'S PIZZA GROUP PLC
[+]	EQUINITI GROUP PLC
[+]	BABCOCK INTL GROUP PLC
[+]	CINEWORLD GROUP
[+]	KINGFISHER PLC
[+]	Kier Group plc
[+]	Flutter Entertainment plc
[+]	NMC HEALTH PLC
[+]	METRO BANK PLC
[+]	EASYJET PLC
[+]	KEYWORDS STUDIOS PLC


THE SOFTWARE IS PROVIDED 'AS IS', WITHOUT WARRANTY OF ANY KIND, EXPRESS OR IMPLIED, INCLUDING BUT NOT LIMITED TO THE WARRANTIES OF MERCHANTABILITY, FITNESS FOR A PARTICULAR PURPOSE, TITLE AND NON-INFRINGEMENT. IN NO EVENT SHALL THE COPYRIGHT HOLDERS OR ANYONE DISTRIBUTING THE SOFTWARE BE LIABLE FOR ANY DAMAGES OR OTHER LIABILITY, WHETHER IN CONTRACT, TORT OR OTHERWISE, ARISING FROM, OUT OF OR IN CONNECTION WITH THE SOFTWARE OR THE USE OR OTHER DEALINGS IN THE SOFTWARE.

Dont forget to tip your server!
Bitcoin Cash (BCH)			qpz32c4lg7x7lnk9jg6qg7s4uavdce89myax5v5nuk
Ether (ETH)			0x843d3DEC2A4705BD4f45F674F641cE2D0022c9FB
Litecoin (LTC)			Lfk5y4F7KZa9oRxpazETwjQnHszEPvqPvu
Bitcoin (BTC)			14Dm7L3ABPtumPDcj3REAvs4L6w9YFRnHK
