##################################
##################################
##################################
Most Shorted Shares since [2019-05-21]
##################################
##################################
##################################

           Name of Share Issuer  Position Holder
0         WOOD GROUP (JOHN) PLC                7
1        BABCOCK INTL GROUP PLC                6
2     MARKS & SPENCER GROUP PLC                6
3   JUPITER FUND MANAGEMENT PLC                5
4                Kier Group plc                5
5                METRO BANK PLC                5
6            ANGLO AMERICAN PLC                4
7                  JUST EAT PLC                4
8             NEWRIVER REIT PLC                4
9                        AA PLC                3
10                     ASOS PLC                3
11             CAIRN ENERGY PLC                3
12                  EASYJET PLC                3
13          GREENCORE GROUP PLC                3
14      HARGREAVES LANSDOWN PLC                3
15          INTU PROPERTIES PLC                3
16               KINGFISHER PLC                3
17              MITIE GROUP PLC                3
18               NMC HEALTH PLC                3
19                  PLUS500 LTD                3

           Name of Share Issuer  Net Short Position (%)
0     MARKS & SPENCER GROUP PLC                    7.96
1                        AA PLC                    7.55
2         WOOD GROUP (JOHN) PLC                    7.53
3        BABCOCK INTL GROUP PLC                    6.70
4           GREENCORE GROUP PLC                    6.38
5                Kier Group plc                    6.02
6           INTU PROPERTIES PLC                    5.71
7            ANGLO AMERICAN PLC                    5.60
8                METRO BANK PLC                    5.27
9       LANCASHIRE HOLDINGS LTD                    5.15
10   CREST NICHOLSON HLDGS  PLC                    5.03
11  JUPITER FUND MANAGEMENT PLC                    4.60
12          SIRIUS MINERALS PLC                    4.37
13              MITIE GROUP PLC                    4.18
14               NMC HEALTH PLC                    4.14
15                      IQE PLC                    4.10
16                     ASOS PLC                    3.87
17                  PLUS500 LTD                    3.70
18            NEWRIVER REIT PLC                    3.66
19                 JUST EAT PLC                    3.43

#########[+]SUMMARY MOST OVERALL SHORTED[+]######################
#########[+]SUMMARY MOST OVERALL SHORTED[+]######################
#########[+]SUMMARY MOST OVERALL SHORTED[+]######################

[+]	MITIE GROUP PLC
[+]	ASOS PLC
[+]	JUPITER FUND MANAGEMENT PLC
[+]	NMC HEALTH PLC
[+]	WOOD GROUP (JOHN) PLC
[+]	BABCOCK INTL GROUP PLC
[+]	GREENCORE GROUP PLC
[+]	MARKS & SPENCER GROUP PLC
[+]	Kier Group plc
[+]	ANGLO AMERICAN PLC
[+]	METRO BANK PLC
[+]	AA PLC
[+]	INTU PROPERTIES PLC
[+]	PLUS500 LTD
[+]	JUST EAT PLC
[+]	NEWRIVER REIT PLC


THE SOFTWARE IS PROVIDED 'AS IS', WITHOUT WARRANTY OF ANY KIND, EXPRESS OR IMPLIED, INCLUDING BUT NOT LIMITED TO THE WARRANTIES OF MERCHANTABILITY, FITNESS FOR A PARTICULAR PURPOSE, TITLE AND NON-INFRINGEMENT. IN NO EVENT SHALL THE COPYRIGHT HOLDERS OR ANYONE DISTRIBUTING THE SOFTWARE BE LIABLE FOR ANY DAMAGES OR OTHER LIABILITY, WHETHER IN CONTRACT, TORT OR OTHERWISE, ARISING FROM, OUT OF OR IN CONNECTION WITH THE SOFTWARE OR THE USE OR OTHER DEALINGS IN THE SOFTWARE.

Dont forget to tip your server!
Bitcoin Cash (BCH)			qpz32c4lg7x7lnk9jg6qg7s4uavdce89myax5v5nuk
Ether (ETH)			0x843d3DEC2A4705BD4f45F674F641cE2D0022c9FB
Litecoin (LTC)			Lfk5y4F7KZa9oRxpazETwjQnHszEPvqPvu
Bitcoin (BTC)			14Dm7L3ABPtumPDcj3REAvs4L6w9YFRnHK
