##################################
##################################
##################################
Most Shorted Shares since [2019-06-27]
##################################
##################################
##################################

           Name of Share Issuer  Position Holder
0         WOOD GROUP (JOHN) PLC                6
1                    CAPITA PLC                4
2           GREENCORE GROUP PLC                4
3   JUPITER FUND MANAGEMENT PLC                4
4                  JUST EAT PLC                4
5                KINGFISHER PLC                4
6                Kier Group plc                4
7     MARKS & SPENCER GROUP PLC                4
8         THOMAS COOK GROUP PLC                4
9            ANGLO AMERICAN PLC                3
10       Arrow Global Group plc                3
11       BABCOCK INTL GROUP PLC                3
12              CINEWORLD GROUP                3
13                  EASYJET PLC                3
14    MICRO FOCUS INTERNATIONAL                3
15                  PEARSON PLC                3
16                  PLUS500 LTD                3
17             SEVERN TRENT PLC                3
18               SUPERGROUP PLC                3
19           WEIR GROUP PLC/THE                3

           Name of Share Issuer  Net Short Position (%)
0                Kier Group plc                    9.03
1         THOMAS COOK GROUP PLC                    7.81
2           GREENCORE GROUP PLC                    7.66
3         WOOD GROUP (JOHN) PLC                    7.02
4                       SIG PLC                    4.83
5                   PLUS500 LTD                    4.78
6           INTU PROPERTIES PLC                    4.46
7                   PEARSON PLC                    4.33
8                KINGFISHER PLC                    4.22
9        BABCOCK INTL GROUP PLC                    4.09
10               METRO BANK PLC                    4.00
11       Arrow Global Group plc                    3.85
12                 JUST EAT PLC                    3.64
13  JUPITER FUND MANAGEMENT PLC                    3.61
14    MARKS & SPENCER GROUP PLC                    3.34
15                   CAPITA PLC                    3.20
16                  EASYJET PLC                    2.96
17              GREENE KING PLC                    2.80
18           ANGLO AMERICAN PLC                    2.68
19           WEIR GROUP PLC/THE                    2.68

#########[+]SUMMARY MOST OVERALL SHORTED[+]######################
#########[+]SUMMARY MOST OVERALL SHORTED[+]######################
#########[+]SUMMARY MOST OVERALL SHORTED[+]######################

[+]	KINGFISHER PLC
[+]	JUST EAT PLC
[+]	MARKS & SPENCER GROUP PLC
[+]	ANGLO AMERICAN PLC
[+]	Kier Group plc
[+]	EASYJET PLC
[+]	PEARSON PLC
[+]	JUPITER FUND MANAGEMENT PLC
[+]	WOOD GROUP (JOHN) PLC
[+]	THOMAS COOK GROUP PLC
[+]	BABCOCK INTL GROUP PLC
[+]	CAPITA PLC
[+]	Arrow Global Group plc
[+]	PLUS500 LTD
[+]	GREENCORE GROUP PLC
[+]	WEIR GROUP PLC/THE


THE SOFTWARE IS PROVIDED 'AS IS', WITHOUT WARRANTY OF ANY KIND, EXPRESS OR IMPLIED, INCLUDING BUT NOT LIMITED TO THE WARRANTIES OF MERCHANTABILITY, FITNESS FOR A PARTICULAR PURPOSE, TITLE AND NON-INFRINGEMENT. IN NO EVENT SHALL THE COPYRIGHT HOLDERS OR ANYONE DISTRIBUTING THE SOFTWARE BE LIABLE FOR ANY DAMAGES OR OTHER LIABILITY, WHETHER IN CONTRACT, TORT OR OTHERWISE, ARISING FROM, OUT OF OR IN CONNECTION WITH THE SOFTWARE OR THE USE OR OTHER DEALINGS IN THE SOFTWARE.

Dont forget to tip your server!
Bitcoin Cash (BCH)			qpz32c4lg7x7lnk9jg6qg7s4uavdce89myax5v5nuk
Ether (ETH)			0x843d3DEC2A4705BD4f45F674F641cE2D0022c9FB
Litecoin (LTC)			Lfk5y4F7KZa9oRxpazETwjQnHszEPvqPvu
Bitcoin (BTC)			14Dm7L3ABPtumPDcj3REAvs4L6w9YFRnHK
