##################################
##################################
##################################
Most Shorted Shares since [2019-10-21]
##################################
##################################
##################################

           Name of Share Issuer  Position Holder
0     Flutter Entertainment plc                7
1         WOOD GROUP (JOHN) PLC                6
2        BABCOCK INTL GROUP PLC                5
3                KINGFISHER PLC                5
4                 A.G. Barr PLC                4
5         AUTO TRADER GROUP PLC                4
6                   EASYJET PLC                4
7   JUPITER FUND MANAGEMENT PLC                4
8           SIRIUS MINERALS PLC                4
9          BLUE PRISM GROUP PLC                3
10                   CAPITA PLC                3
11          DIXONS CARPHONE PLC                3
12                HAMMERSON PLC                3
13               Kier Group plc                3
14               NMC HEALTH PLC                3
15                  PEARSON PLC                3
16                  PLUS500 LTD                3
17                 SPECTRIS PLC                3

           Name of Share Issuer  Net Short Position (%)
0     Flutter Entertainment plc                    6.45
1                KINGFISHER PLC                    5.57
2         WOOD GROUP (JOHN) PLC                    5.34
3        BABCOCK INTL GROUP PLC                    5.25
4                   EASYJET PLC                    5.13
5           SIRIUS MINERALS PLC                    4.29
6    CREST NICHOLSON HLDGS  PLC                    4.23
7                NMC HEALTH PLC                    3.94
8                    CAPITA PLC                    3.82
9                   PLUS500 LTD                    3.78
10               Kier Group plc                    3.73
11                A.G. Barr PLC                    3.68
12  JUPITER FUND MANAGEMENT PLC                    3.65
13          GREENCORE GROUP PLC                    3.58
14      LANCASHIRE HOLDINGS LTD                    3.19
15         BLUE PRISM GROUP PLC                    3.05
16        AUTO TRADER GROUP PLC                    2.82
17                       AA PLC                    2.75
18            PETROPAVLOVSK PLC                    2.72
19                  PEARSON PLC                    2.46

#########[+]SUMMARY MOST OVERALL SHORTED[+]######################
#########[+]SUMMARY MOST OVERALL SHORTED[+]######################
#########[+]SUMMARY MOST OVERALL SHORTED[+]######################

[+]	PLUS500 LTD
[+]	Flutter Entertainment plc
[+]	EASYJET PLC
[+]	BABCOCK INTL GROUP PLC
[+]	JUPITER FUND MANAGEMENT PLC
[+]	PEARSON PLC
[+]	SIRIUS MINERALS PLC
[+]	Kier Group plc
[+]	A.G. Barr PLC
[+]	CAPITA PLC
[+]	WOOD GROUP (JOHN) PLC
[+]	NMC HEALTH PLC
[+]	KINGFISHER PLC
[+]	BLUE PRISM GROUP PLC
[+]	AUTO TRADER GROUP PLC


THE SOFTWARE IS PROVIDED 'AS IS', WITHOUT WARRANTY OF ANY KIND, EXPRESS OR IMPLIED, INCLUDING BUT NOT LIMITED TO THE WARRANTIES OF MERCHANTABILITY, FITNESS FOR A PARTICULAR PURPOSE, TITLE AND NON-INFRINGEMENT. IN NO EVENT SHALL THE COPYRIGHT HOLDERS OR ANYONE DISTRIBUTING THE SOFTWARE BE LIABLE FOR ANY DAMAGES OR OTHER LIABILITY, WHETHER IN CONTRACT, TORT OR OTHERWISE, ARISING FROM, OUT OF OR IN CONNECTION WITH THE SOFTWARE OR THE USE OR OTHER DEALINGS IN THE SOFTWARE.

Dont forget to tip your server!
Bitcoin Cash (BCH)			qpz32c4lg7x7lnk9jg6qg7s4uavdce89myax5v5nuk
Ether (ETH)			0x843d3DEC2A4705BD4f45F674F641cE2D0022c9FB
Litecoin (LTC)			Lfk5y4F7KZa9oRxpazETwjQnHszEPvqPvu
Bitcoin (BTC)			14Dm7L3ABPtumPDcj3REAvs4L6w9YFRnHK
