##################################
##################################
##################################
Most Shorted Shares since [2019-05-16]
##################################
##################################
##################################

           Name of Share Issuer  Position Holder
0         WOOD GROUP (JOHN) PLC                7
1        BABCOCK INTL GROUP PLC                6
2                Kier Group plc                6
3   JUPITER FUND MANAGEMENT PLC                5
4     MARKS & SPENCER GROUP PLC                5
5         THOMAS COOK GROUP PLC                5
6            ANGLO AMERICAN PLC                4
7                        AA PLC                3
8                      ASOS PLC                3
9        Arrow Global Group plc                3
10             CAIRN ENERGY PLC                3
11                  EASYJET PLC                3
12          GREENCORE GROUP PLC                3
13             GVC Holdings Plc                3
14                 JUST EAT PLC                3

           Name of Share Issuer  Net Short Position (%)
0         THOMAS COOK GROUP PLC                    8.33
1                        AA PLC                    7.55
2     MARKS & SPENCER GROUP PLC                    7.27
3         WOOD GROUP (JOHN) PLC                    7.21
4           GREENCORE GROUP PLC                    6.67
5        BABCOCK INTL GROUP PLC                    6.31
6                Kier Group plc                    6.24
7            ANGLO AMERICAN PLC                    5.87
8                METRO BANK PLC                    5.59
9    CREST NICHOLSON HLDGS  PLC                    4.83
10  JUPITER FUND MANAGEMENT PLC                    4.80
11          SIRIUS MINERALS PLC                    4.37
12                      IQE PLC                    4.10
13               NMC HEALTH PLC                    4.03
14                     ASOS PLC                    3.99

#########[+]SUMMARY MOST OVERALL SHORTED[+]######################
#########[+]SUMMARY MOST OVERALL SHORTED[+]######################
#########[+]SUMMARY MOST OVERALL SHORTED[+]######################

[+]	THOMAS COOK GROUP PLC
[+]	WOOD GROUP (JOHN) PLC
[+]	ASOS PLC
[+]	JUPITER FUND MANAGEMENT PLC
[+]	GREENCORE GROUP PLC
[+]	BABCOCK INTL GROUP PLC
[+]	ANGLO AMERICAN PLC
[+]	MARKS & SPENCER GROUP PLC
[+]	Kier Group plc
[+]	AA PLC


THE SOFTWARE IS PROVIDED 'AS IS', WITHOUT WARRANTY OF ANY KIND, EXPRESS OR IMPLIED, INCLUDING BUT NOT LIMITED TO THE WARRANTIES OF MERCHANTABILITY, FITNESS FOR A PARTICULAR PURPOSE, TITLE AND NON-INFRINGEMENT. IN NO EVENT SHALL THE COPYRIGHT HOLDERS OR ANYONE DISTRIBUTING THE SOFTWARE BE LIABLE FOR ANY DAMAGES OR OTHER LIABILITY, WHETHER IN CONTRACT, TORT OR OTHERWISE, ARISING FROM, OUT OF OR IN CONNECTION WITH THE SOFTWARE OR THE USE OR OTHER DEALINGS IN THE SOFTWARE.

Dont forget to tip your server!
Bitcoin Cash (BCH)			qpz32c4lg7x7lnk9jg6qg7s4uavdce89myax5v5nuk
Ether (ETH)			0x843d3DEC2A4705BD4f45F674F641cE2D0022c9FB
Litecoin (LTC)			Lfk5y4F7KZa9oRxpazETwjQnHszEPvqPvu
Bitcoin (BTC)			14Dm7L3ABPtumPDcj3REAvs4L6w9YFRnHK
