##################################
##################################
##################################
Most Shorted Shares since [2019-06-26]
##################################
##################################
##################################

           Name of Share Issuer  Position Holder
0         WOOD GROUP (JOHN) PLC                7
1           GREENCORE GROUP PLC                4
2   JUPITER FUND MANAGEMENT PLC                4
3                  JUST EAT PLC                4
4                KINGFISHER PLC                4
5                Kier Group plc                4
6     MARKS & SPENCER GROUP PLC                4
7         THOMAS COOK GROUP PLC                4
8            WEIR GROUP PLC/THE                4
9            ANGLO AMERICAN PLC                3
10       Arrow Global Group plc                3
11       BABCOCK INTL GROUP PLC                3
12                   CAPITA PLC                3
13                     CYBG PLC                3
14     DOMINO'S PIZZA GROUP PLC                3
15                  EASYJET PLC                3
16               METRO BANK PLC                3
17    MICRO FOCUS INTERNATIONAL                3
18                  PEARSON PLC                3
19                  PLUS500 LTD                3

           Name of Share Issuer  Net Short Position (%)
0                Kier Group plc                    9.03
1         WOOD GROUP (JOHN) PLC                    7.69
2           GREENCORE GROUP PLC                    7.66
3         THOMAS COOK GROUP PLC                    7.58
4                       SIG PLC                    4.83
5                   PLUS500 LTD                    4.68
6                METRO BANK PLC                    4.59
7           INTU PROPERTIES PLC                    4.56
8                   PEARSON PLC                    4.34
9                KINGFISHER PLC                    4.22
10       BABCOCK INTL GROUP PLC                    4.20
11       Arrow Global Group plc                    3.85
12                 JUST EAT PLC                    3.64
13  JUPITER FUND MANAGEMENT PLC                    3.62
14    MARKS & SPENCER GROUP PLC                    3.34
15           WEIR GROUP PLC/THE                    3.19
16                  EASYJET PLC                    3.08
17              PREMIER OIL PLC                    3.01
18      PROVIDENT FINANCIAL PLC                    2.81
19              GREENE KING PLC                    2.80

#########[+]SUMMARY MOST OVERALL SHORTED[+]######################
#########[+]SUMMARY MOST OVERALL SHORTED[+]######################
#########[+]SUMMARY MOST OVERALL SHORTED[+]######################

[+]	Arrow Global Group plc
[+]	JUPITER FUND MANAGEMENT PLC
[+]	BABCOCK INTL GROUP PLC
[+]	JUST EAT PLC
[+]	GREENCORE GROUP PLC
[+]	METRO BANK PLC
[+]	MARKS & SPENCER GROUP PLC
[+]	WEIR GROUP PLC/THE
[+]	WOOD GROUP (JOHN) PLC
[+]	KINGFISHER PLC
[+]	PLUS500 LTD
[+]	EASYJET PLC
[+]	PEARSON PLC
[+]	THOMAS COOK GROUP PLC
[+]	Kier Group plc


THE SOFTWARE IS PROVIDED 'AS IS', WITHOUT WARRANTY OF ANY KIND, EXPRESS OR IMPLIED, INCLUDING BUT NOT LIMITED TO THE WARRANTIES OF MERCHANTABILITY, FITNESS FOR A PARTICULAR PURPOSE, TITLE AND NON-INFRINGEMENT. IN NO EVENT SHALL THE COPYRIGHT HOLDERS OR ANYONE DISTRIBUTING THE SOFTWARE BE LIABLE FOR ANY DAMAGES OR OTHER LIABILITY, WHETHER IN CONTRACT, TORT OR OTHERWISE, ARISING FROM, OUT OF OR IN CONNECTION WITH THE SOFTWARE OR THE USE OR OTHER DEALINGS IN THE SOFTWARE.

Dont forget to tip your server!
Bitcoin Cash (BCH)			qpz32c4lg7x7lnk9jg6qg7s4uavdce89myax5v5nuk
Ether (ETH)			0x843d3DEC2A4705BD4f45F674F641cE2D0022c9FB
Litecoin (LTC)			Lfk5y4F7KZa9oRxpazETwjQnHszEPvqPvu
Bitcoin (BTC)			14Dm7L3ABPtumPDcj3REAvs4L6w9YFRnHK
