##################################
##################################
##################################
Most Shorted Shares since [2019-09-23]
##################################
##################################
##################################

           Name of Share Issuer  Position Holder
0               CINEWORLD GROUP                7
1                   PEARSON PLC                7
2         WOOD GROUP (JOHN) PLC                7
3        BABCOCK INTL GROUP PLC                6
4   JUPITER FUND MANAGEMENT PLC                6
5            WEIR GROUP PLC/THE                5
6                 A.G. Barr PLC                4
7      DOMINO'S PIZZA GROUP PLC                4
8     Flutter Entertainment plc                4
9                METRO BANK PLC                4
10                  PLUS500 LTD                4
11               Royal Mail Plc                4
12        AUTO TRADER GROUP PLC                3
13                     CYBG PLC                3
14                HAMMERSON PLC                3
15                  Hunting PLC                3
16          JOHNSON MATTHEY PLC                3
17         KEYWORDS STUDIOS PLC                3
18              MITIE GROUP PLC                3
19          SIRIUS MINERALS PLC                3

           Name of Share Issuer  Net Short Position (%)
0                METRO BANK PLC                    8.95
1         WOOD GROUP (JOHN) PLC                    6.84
2                   PEARSON PLC                    5.81
3               CINEWORLD GROUP                    5.77
4        BABCOCK INTL GROUP PLC                    5.70
5   JUPITER FUND MANAGEMENT PLC                    5.55
6                       SIG PLC                    5.28
7            WEIR GROUP PLC/THE                    4.98
8                Royal Mail Plc                    4.94
9                NMC HEALTH PLC                    4.20
10                A.G. Barr PLC                    4.04
11              MITIE GROUP PLC                    4.00
12                  PLUS500 LTD                    3.71
13          SIRIUS MINERALS PLC                    3.37
14           HALFORDS GROUP PLC                    3.28
15                  EASYJET PLC                    3.16
16    Flutter Entertainment plc                    3.05
17                HAMMERSON PLC                    3.01
18        AUTO TRADER GROUP PLC                    2.86
19     DOMINO'S PIZZA GROUP PLC                    2.81

#########[+]SUMMARY MOST OVERALL SHORTED[+]######################
#########[+]SUMMARY MOST OVERALL SHORTED[+]######################
#########[+]SUMMARY MOST OVERALL SHORTED[+]######################

[+]	MITIE GROUP PLC
[+]	AUTO TRADER GROUP PLC
[+]	Royal Mail Plc
[+]	METRO BANK PLC
[+]	BABCOCK INTL GROUP PLC
[+]	JUPITER FUND MANAGEMENT PLC
[+]	PEARSON PLC
[+]	HAMMERSON PLC
[+]	CINEWORLD GROUP
[+]	WOOD GROUP (JOHN) PLC
[+]	Flutter Entertainment plc
[+]	WEIR GROUP PLC/THE
[+]	A.G. Barr PLC
[+]	PLUS500 LTD
[+]	SIRIUS MINERALS PLC
[+]	DOMINO'S PIZZA GROUP PLC


THE SOFTWARE IS PROVIDED 'AS IS', WITHOUT WARRANTY OF ANY KIND, EXPRESS OR IMPLIED, INCLUDING BUT NOT LIMITED TO THE WARRANTIES OF MERCHANTABILITY, FITNESS FOR A PARTICULAR PURPOSE, TITLE AND NON-INFRINGEMENT. IN NO EVENT SHALL THE COPYRIGHT HOLDERS OR ANYONE DISTRIBUTING THE SOFTWARE BE LIABLE FOR ANY DAMAGES OR OTHER LIABILITY, WHETHER IN CONTRACT, TORT OR OTHERWISE, ARISING FROM, OUT OF OR IN CONNECTION WITH THE SOFTWARE OR THE USE OR OTHER DEALINGS IN THE SOFTWARE.

Dont forget to tip your server!
Bitcoin Cash (BCH)			qpz32c4lg7x7lnk9jg6qg7s4uavdce89myax5v5nuk
Ether (ETH)			0x843d3DEC2A4705BD4f45F674F641cE2D0022c9FB
Litecoin (LTC)			Lfk5y4F7KZa9oRxpazETwjQnHszEPvqPvu
Bitcoin (BTC)			14Dm7L3ABPtumPDcj3REAvs4L6w9YFRnHK
