##################################
##################################
##################################
Most Shorted Shares since [2019-10-14]
##################################
##################################
##################################

           Name of Share Issuer  Position Holder
0     Flutter Entertainment plc                7
1         WOOD GROUP (JOHN) PLC                7
2                 A.G. Barr PLC                4
3         AUTO TRADER GROUP PLC                4
4        BABCOCK INTL GROUP PLC                4
5                   EASYJET PLC                4
6                KINGFISHER PLC                4
7                Kier Group plc                4
8                Royal Mail Plc                4
9                      ASOS PLC                3
10         BLUE PRISM GROUP PLC                3
11                   CAPITA PLC                3
12              CINEWORLD GROUP                3
13     DOMINO'S PIZZA GROUP PLC                3
14                HAMMERSON PLC                3
15          JOHNSON MATTHEY PLC                3
16  JUPITER FUND MANAGEMENT PLC                3
17                  PEARSON PLC                3
18                  PLUS500 LTD                3

          Name of Share Issuer  Net Short Position (%)
0        WOOD GROUP (JOHN) PLC                    7.26
1               Kier Group plc                    7.01
2    Flutter Entertainment plc                    6.52
3          GREENCORE GROUP PLC                    5.50
4                  EASYJET PLC                    5.46
5               Royal Mail Plc                    4.87
6               KINGFISHER PLC                    4.73
7   CREST NICHOLSON HLDGS  PLC                    4.33
8       BABCOCK INTL GROUP PLC                    4.10
9          INTU PROPERTIES PLC                    3.96
10                  CAPITA PLC                    3.83
11               A.G. Barr PLC                    3.68
12                 PLUS500 LTD                    3.66
13             CINEWORLD GROUP                    3.58
14              NMC HEALTH PLC                    3.53
15                    ASOS PLC                    3.48
16     LANCASHIRE HOLDINGS LTD                    3.19
17        BLUE PRISM GROUP PLC                    2.96
18    DOMINO'S PIZZA GROUP PLC                    2.95
19               Marston's plc                    2.85

#########[+]SUMMARY MOST OVERALL SHORTED[+]######################
#########[+]SUMMARY MOST OVERALL SHORTED[+]######################
#########[+]SUMMARY MOST OVERALL SHORTED[+]######################

[+]	PLUS500 LTD
[+]	EASYJET PLC
[+]	BLUE PRISM GROUP PLC
[+]	A.G. Barr PLC
[+]	Flutter Entertainment plc
[+]	Kier Group plc
[+]	CINEWORLD GROUP
[+]	Royal Mail Plc
[+]	CAPITA PLC
[+]	ASOS PLC
[+]	WOOD GROUP (JOHN) PLC
[+]	KINGFISHER PLC
[+]	DOMINO'S PIZZA GROUP PLC
[+]	BABCOCK INTL GROUP PLC


THE SOFTWARE IS PROVIDED 'AS IS', WITHOUT WARRANTY OF ANY KIND, EXPRESS OR IMPLIED, INCLUDING BUT NOT LIMITED TO THE WARRANTIES OF MERCHANTABILITY, FITNESS FOR A PARTICULAR PURPOSE, TITLE AND NON-INFRINGEMENT. IN NO EVENT SHALL THE COPYRIGHT HOLDERS OR ANYONE DISTRIBUTING THE SOFTWARE BE LIABLE FOR ANY DAMAGES OR OTHER LIABILITY, WHETHER IN CONTRACT, TORT OR OTHERWISE, ARISING FROM, OUT OF OR IN CONNECTION WITH THE SOFTWARE OR THE USE OR OTHER DEALINGS IN THE SOFTWARE.

Dont forget to tip your server!
Bitcoin Cash (BCH)			qpz32c4lg7x7lnk9jg6qg7s4uavdce89myax5v5nuk
Ether (ETH)			0x843d3DEC2A4705BD4f45F674F641cE2D0022c9FB
Litecoin (LTC)			Lfk5y4F7KZa9oRxpazETwjQnHszEPvqPvu
Bitcoin (BTC)			14Dm7L3ABPtumPDcj3REAvs4L6w9YFRnHK
