##################################
##################################
##################################
Most Shorted Shares since [2019-09-18]
##################################
##################################
##################################

           Name of Share Issuer  Position Holder
0         WOOD GROUP (JOHN) PLC                7
1   JUPITER FUND MANAGEMENT PLC                6
2                   PEARSON PLC                6
3            WEIR GROUP PLC/THE                6
4        BABCOCK INTL GROUP PLC                5
5               CINEWORLD GROUP                5
6                 A.G. Barr PLC                4
7                      ASOS PLC                4
8     Flutter Entertainment plc                4
9                KINGFISHER PLC                4
10               METRO BANK PLC                4
11               Royal Mail Plc                4
12   SMART METERING SYSTEMS PLC                4
13         ST JAMES'S PLACE PLC                4
14        AUTO TRADER GROUP PLC                3
15                HAMMERSON PLC                3
16                  PLUS500 LTD                3
17              PREMIER OIL PLC                3
18                       TUI AG                3

           Name of Share Issuer  Net Short Position (%)
0                METRO BANK PLC                    8.95
1         WOOD GROUP (JOHN) PLC                    7.02
2   JUPITER FUND MANAGEMENT PLC                    5.86
3                       SIG PLC                    5.79
4            WEIR GROUP PLC/THE                    5.79
5                   PEARSON PLC                    5.19
6         THOMAS COOK GROUP PLC                    4.80
7                Royal Mail Plc                    4.72
8        BABCOCK INTL GROUP PLC                    4.67
9       LANCASHIRE HOLDINGS LTD                    4.65
10               KINGFISHER PLC                    4.37
11              CINEWORLD GROUP                    4.27
12               NMC HEALTH PLC                    4.20
13                A.G. Barr PLC                    4.05
14                     ASOS PLC                    3.59
15              PREMIER OIL PLC                    3.32
16                  EASYJET PLC                    3.18
17                HAMMERSON PLC                    3.01
18    Flutter Entertainment plc                    2.99
19          SIRIUS MINERALS PLC                    2.95

#########[+]SUMMARY MOST OVERALL SHORTED[+]######################
#########[+]SUMMARY MOST OVERALL SHORTED[+]######################
#########[+]SUMMARY MOST OVERALL SHORTED[+]######################

[+]	JUPITER FUND MANAGEMENT PLC
[+]	KINGFISHER PLC
[+]	WOOD GROUP (JOHN) PLC
[+]	CINEWORLD GROUP
[+]	PREMIER OIL PLC
[+]	Flutter Entertainment plc
[+]	WEIR GROUP PLC/THE
[+]	Royal Mail Plc
[+]	PEARSON PLC
[+]	A.G. Barr PLC
[+]	HAMMERSON PLC
[+]	METRO BANK PLC
[+]	BABCOCK INTL GROUP PLC
[+]	ASOS PLC


THE SOFTWARE IS PROVIDED 'AS IS', WITHOUT WARRANTY OF ANY KIND, EXPRESS OR IMPLIED, INCLUDING BUT NOT LIMITED TO THE WARRANTIES OF MERCHANTABILITY, FITNESS FOR A PARTICULAR PURPOSE, TITLE AND NON-INFRINGEMENT. IN NO EVENT SHALL THE COPYRIGHT HOLDERS OR ANYONE DISTRIBUTING THE SOFTWARE BE LIABLE FOR ANY DAMAGES OR OTHER LIABILITY, WHETHER IN CONTRACT, TORT OR OTHERWISE, ARISING FROM, OUT OF OR IN CONNECTION WITH THE SOFTWARE OR THE USE OR OTHER DEALINGS IN THE SOFTWARE.

Dont forget to tip your server!
Bitcoin Cash (BCH)			qpz32c4lg7x7lnk9jg6qg7s4uavdce89myax5v5nuk
Ether (ETH)			0x843d3DEC2A4705BD4f45F674F641cE2D0022c9FB
Litecoin (LTC)			Lfk5y4F7KZa9oRxpazETwjQnHszEPvqPvu
Bitcoin (BTC)			14Dm7L3ABPtumPDcj3REAvs4L6w9YFRnHK
