##################################
##################################
##################################
Most Shorted Shares since [2019-12-05]
##################################
##################################
##################################

                        Name of Share Issuer  Position Holder
0   Aston Martin Lagonda Global Holdings Plc                5
1                            CINEWORLD GROUP                5
2                                VICTREX PLC                5
3                                 CAPITA PLC                4
4                              HAMMERSON PLC                4
5                             KINGFISHER PLC                4
6                             NMC HEALTH PLC                4
7                                PEARSON PLC                4
8                               PETROFAC LTD                4
9                             Royal Mail Plc                4
10                        WEIR GROUP PLC/THE                4
11                                    AA PLC                3
12                     AUTO TRADER GROUP PLC                3
13                    BABCOCK INTL GROUP PLC                3
14                  DOMINO'S PIZZA GROUP PLC                3
15                          DUNELM GROUP PLC                3
16                               EASYJET PLC                3
17                 Flutter Entertainment plc                3
18                       JOHNSON MATTHEY PLC                3
19               JUPITER FUND MANAGEMENT PLC                3

                        Name of Share Issuer  Net Short Position (%)
0                            CINEWORLD GROUP                    8.72
1                                    SIG PLC                    6.69
2                             Royal Mail Plc                    5.24
3                                VICTREX PLC                    4.71
4                             NMC HEALTH PLC                    4.62
5                               PETROFAC LTD                    4.60
6                                PEARSON PLC                    4.52
7                             KINGFISHER PLC                    4.39
8                        GREENCORE GROUP PLC                    4.28
9   Aston Martin Lagonda Global Holdings Plc                    4.17
10                        WEIR GROUP PLC/THE                    4.10
11                               EASYJET PLC                    4.09
12                             HAMMERSON PLC                    4.08
13                                    AA PLC                    4.00
14                                CAPITA PLC                    3.99
15                            METRO BANK PLC                    3.71
16                           MITIE GROUP PLC                    3.57
17                    BABCOCK INTL GROUP PLC                    3.43
18                  DOMINO'S PIZZA GROUP PLC                    3.34
19                   LANCASHIRE HOLDINGS LTD                    3.24

#########[+]SUMMARY MOST OVERALL SHORTED[+]######################
#########[+]SUMMARY MOST OVERALL SHORTED[+]######################
#########[+]SUMMARY MOST OVERALL SHORTED[+]######################

[+]	DOMINO'S PIZZA GROUP PLC
[+]	AA PLC
[+]	KINGFISHER PLC
[+]	WEIR GROUP PLC/THE
[+]	Royal Mail Plc
[+]	PEARSON PLC
[+]	CINEWORLD GROUP
[+]	HAMMERSON PLC
[+]	NMC HEALTH PLC
[+]	BABCOCK INTL GROUP PLC
[+]	PETROFAC LTD
[+]	Aston Martin Lagonda Global Holdings Plc
[+]	EASYJET PLC
[+]	CAPITA PLC
[+]	VICTREX PLC


THE SOFTWARE IS PROVIDED 'AS IS', WITHOUT WARRANTY OF ANY KIND, EXPRESS OR IMPLIED, INCLUDING BUT NOT LIMITED TO THE WARRANTIES OF MERCHANTABILITY, FITNESS FOR A PARTICULAR PURPOSE, TITLE AND NON-INFRINGEMENT. IN NO EVENT SHALL THE COPYRIGHT HOLDERS OR ANYONE DISTRIBUTING THE SOFTWARE BE LIABLE FOR ANY DAMAGES OR OTHER LIABILITY, WHETHER IN CONTRACT, TORT OR OTHERWISE, ARISING FROM, OUT OF OR IN CONNECTION WITH THE SOFTWARE OR THE USE OR OTHER DEALINGS IN THE SOFTWARE.

Dont forget to tip your server!
Bitcoin Cash (BCH)			qpz32c4lg7x7lnk9jg6qg7s4uavdce89myax5v5nuk
Ether (ETH)			0x843d3DEC2A4705BD4f45F674F641cE2D0022c9FB
Litecoin (LTC)			Lfk5y4F7KZa9oRxpazETwjQnHszEPvqPvu
Bitcoin (BTC)			14Dm7L3ABPtumPDcj3REAvs4L6w9YFRnHK
