##################################
##################################
##################################
Most Shorted Shares since [2019-08-19]
##################################
##################################
##################################

         Name of Share Issuer  Position Holder
0       WOOD GROUP (JOHN) PLC                7
1              KINGFISHER PLC                5
2                 PLUS500 LTD                5
3          WEIR GROUP PLC/THE                5
4              METRO BANK PLC                4
5         SIRIUS MINERALS PLC                4
6        ST JAMES'S PLACE PLC                4
7       THOMAS COOK GROUP PLC                4
8               A.G. Barr PLC                3
9                    ASOS PLC                3
10                BEAZLEY PLC                3
11            CINEWORLD GROUP                3
12                   CYBG PLC                3
13        GREENCORE GROUP PLC                3
14  MARKS & SPENCER GROUP PLC                3
15                PEARSON PLC                3
16             PETRA DIAMONDS                3
17             SUPERGROUP PLC                3

         Name of Share Issuer  Net Short Position (%)
0       THOMAS COOK GROUP PLC                    9.25
1              METRO BANK PLC                    8.01
2       WOOD GROUP (JOHN) PLC                    7.56
3                      AA PLC                    7.09
4                 PLUS500 LTD                    6.14
5     LANCASHIRE HOLDINGS LTD                    5.19
6         GREENCORE GROUP PLC                    5.19
7              KINGFISHER PLC                    5.17
8                     SIG PLC                    4.87
9         SIRIUS MINERALS PLC                    4.56
10             NMC HEALTH PLC                    4.18
11         WEIR GROUP PLC/THE                    3.98
12       ST JAMES'S PLACE PLC                    3.75
13                PEARSON PLC                    3.61
14                EASYJET PLC                    3.56
15       RESTAURANT GROUP PLC                    3.24
16              A.G. Barr PLC                    3.21
17            PREMIER OIL PLC                    3.19
18                BEAZLEY PLC                    3.13
19  MARKS & SPENCER GROUP PLC                    2.92

#########[+]SUMMARY MOST OVERALL SHORTED[+]######################
#########[+]SUMMARY MOST OVERALL SHORTED[+]######################
#########[+]SUMMARY MOST OVERALL SHORTED[+]######################

[+]	A.G. Barr PLC
[+]	WOOD GROUP (JOHN) PLC
[+]	BEAZLEY PLC
[+]	PLUS500 LTD
[+]	GREENCORE GROUP PLC
[+]	WEIR GROUP PLC/THE
[+]	MARKS & SPENCER GROUP PLC
[+]	METRO BANK PLC
[+]	THOMAS COOK GROUP PLC
[+]	ST JAMES'S PLACE PLC
[+]	SIRIUS MINERALS PLC
[+]	PEARSON PLC
[+]	KINGFISHER PLC


THE SOFTWARE IS PROVIDED 'AS IS', WITHOUT WARRANTY OF ANY KIND, EXPRESS OR IMPLIED, INCLUDING BUT NOT LIMITED TO THE WARRANTIES OF MERCHANTABILITY, FITNESS FOR A PARTICULAR PURPOSE, TITLE AND NON-INFRINGEMENT. IN NO EVENT SHALL THE COPYRIGHT HOLDERS OR ANYONE DISTRIBUTING THE SOFTWARE BE LIABLE FOR ANY DAMAGES OR OTHER LIABILITY, WHETHER IN CONTRACT, TORT OR OTHERWISE, ARISING FROM, OUT OF OR IN CONNECTION WITH THE SOFTWARE OR THE USE OR OTHER DEALINGS IN THE SOFTWARE.

Dont forget to tip your server!
Bitcoin Cash (BCH)			qpz32c4lg7x7lnk9jg6qg7s4uavdce89myax5v5nuk
Ether (ETH)			0x843d3DEC2A4705BD4f45F674F641cE2D0022c9FB
Litecoin (LTC)			Lfk5y4F7KZa9oRxpazETwjQnHszEPvqPvu
Bitcoin (BTC)			14Dm7L3ABPtumPDcj3REAvs4L6w9YFRnHK
