##################################
##################################
##################################
Most Shorted Shares since [2019-10-10]
##################################
##################################
##################################

           Name of Share Issuer  Position Holder
0     Flutter Entertainment plc                8
1         WOOD GROUP (JOHN) PLC                6
2         AUTO TRADER GROUP PLC                5
3        BABCOCK INTL GROUP PLC                5
4                 A.G. Barr PLC                4
5                   EASYJET PLC                4
6                KINGFISHER PLC                4
7                      ASOS PLC                3
8          BLUE PRISM GROUP PLC                3
9                    CAPITA PLC                3
10              CINEWORLD GROUP                3
11  JUPITER FUND MANAGEMENT PLC                3
12         KEYWORDS STUDIOS PLC                3
13               Kier Group plc                3
14                  PEARSON PLC                3
15               PETRA DIAMONDS                3
16                  PLUS500 LTD                3
17               Royal Mail Plc                3
18          SIRIUS MINERALS PLC                3

          Name of Share Issuer  Net Short Position (%)
0    Flutter Entertainment plc                    7.24
1        WOOD GROUP (JOHN) PLC                    6.19
2          GREENCORE GROUP PLC                    5.50
3                  EASYJET PLC                    5.30
4   CREST NICHOLSON HLDGS  PLC                    4.95
5               KINGFISHER PLC                    4.73
6       BABCOCK INTL GROUP PLC                    4.72
7               Kier Group plc                    4.65
8               METRO BANK PLC                    4.41
9              CINEWORLD GROUP                    4.38
10                 PLUS500 LTD                    4.38
11              Royal Mail Plc                    4.04
12         INTU PROPERTIES PLC                    3.96
13                  CAPITA PLC                    3.83
14               A.G. Barr PLC                    3.68
15         SIRIUS MINERALS PLC                    3.60
16              NMC HEALTH PLC                    3.49
17                    ASOS PLC                    3.41
18     LANCASHIRE HOLDINGS LTD                    3.19
19       AUTO TRADER GROUP PLC                    3.05

#########[+]SUMMARY MOST OVERALL SHORTED[+]######################
#########[+]SUMMARY MOST OVERALL SHORTED[+]######################
#########[+]SUMMARY MOST OVERALL SHORTED[+]######################

[+]	AUTO TRADER GROUP PLC
[+]	Kier Group plc
[+]	SIRIUS MINERALS PLC
[+]	BABCOCK INTL GROUP PLC
[+]	Flutter Entertainment plc
[+]	ASOS PLC
[+]	CINEWORLD GROUP
[+]	EASYJET PLC
[+]	A.G. Barr PLC
[+]	WOOD GROUP (JOHN) PLC
[+]	CAPITA PLC
[+]	KINGFISHER PLC
[+]	PLUS500 LTD
[+]	Royal Mail Plc


THE SOFTWARE IS PROVIDED 'AS IS', WITHOUT WARRANTY OF ANY KIND, EXPRESS OR IMPLIED, INCLUDING BUT NOT LIMITED TO THE WARRANTIES OF MERCHANTABILITY, FITNESS FOR A PARTICULAR PURPOSE, TITLE AND NON-INFRINGEMENT. IN NO EVENT SHALL THE COPYRIGHT HOLDERS OR ANYONE DISTRIBUTING THE SOFTWARE BE LIABLE FOR ANY DAMAGES OR OTHER LIABILITY, WHETHER IN CONTRACT, TORT OR OTHERWISE, ARISING FROM, OUT OF OR IN CONNECTION WITH THE SOFTWARE OR THE USE OR OTHER DEALINGS IN THE SOFTWARE.

Dont forget to tip your server!
Bitcoin Cash (BCH)			qpz32c4lg7x7lnk9jg6qg7s4uavdce89myax5v5nuk
Ether (ETH)			0x843d3DEC2A4705BD4f45F674F641cE2D0022c9FB
Litecoin (LTC)			Lfk5y4F7KZa9oRxpazETwjQnHszEPvqPvu
Bitcoin (BTC)			14Dm7L3ABPtumPDcj3REAvs4L6w9YFRnHK
