##################################
##################################
##################################
Most Shorted Shares since [2019-09-10]
##################################
##################################
##################################

        Name of Share Issuer  Position Holder
0                PEARSON PLC                6
1      WOOD GROUP (JOHN) PLC                6
2                     AA PLC                5
3             KINGFISHER PLC                5
4         WEIR GROUP PLC/THE                5
5                   ASOS PLC                4
6      AUTO TRADER GROUP PLC                4
7     BABCOCK INTL GROUP PLC                4
8              HAMMERSON PLC                4
9       KEYWORDS STUDIOS PLC                4
10            METRO BANK PLC                4
11       SIRIUS MINERALS PLC                4
12      ST JAMES'S PLACE PLC                4
13  WM MORRISON SUPERMARKETS                4
14             A.G. Barr PLC                3
15          AO WORLD PLC ORD                3
16    Arrow Global Group plc                3
17            Kier Group plc                3
18               PLUS500 LTD                3
19           PREMIER OIL PLC                3

        Name of Share Issuer  Net Short Position (%)
0             METRO BANK PLC                    7.82
1      WOOD GROUP (JOHN) PLC                    6.72
2             Kier Group plc                    6.31
3                     AA PLC                    5.55
4                PEARSON PLC                    5.53
5             KINGFISHER PLC                    4.99
6      THOMAS COOK GROUP PLC                    4.80
7    LANCASHIRE HOLDINGS LTD                    4.65
8         WEIR GROUP PLC/THE                    4.52
9             NMC HEALTH PLC                    4.29
10                  ASOS PLC                    4.26
11       SIRIUS MINERALS PLC                    3.87
12           PREMIER OIL PLC                    3.75
13      KEYWORDS STUDIOS PLC                    3.64
14             HAMMERSON PLC                    3.62
15  WM MORRISON SUPERMARKETS                    3.61
16     AUTO TRADER GROUP PLC                    3.57
17    BABCOCK INTL GROUP PLC                    3.40
18               EASYJET PLC                    3.29
19               PLUS500 LTD                    3.29

#########[+]SUMMARY MOST OVERALL SHORTED[+]######################
#########[+]SUMMARY MOST OVERALL SHORTED[+]######################
#########[+]SUMMARY MOST OVERALL SHORTED[+]######################

[+]	WOOD GROUP (JOHN) PLC
[+]	PLUS500 LTD
[+]	ASOS PLC
[+]	AUTO TRADER GROUP PLC
[+]	Kier Group plc
[+]	HAMMERSON PLC
[+]	METRO BANK PLC
[+]	BABCOCK INTL GROUP PLC
[+]	PEARSON PLC
[+]	AA PLC
[+]	SIRIUS MINERALS PLC
[+]	KEYWORDS STUDIOS PLC
[+]	KINGFISHER PLC
[+]	PREMIER OIL PLC
[+]	WEIR GROUP PLC/THE
[+]	WM MORRISON SUPERMARKETS


THE SOFTWARE IS PROVIDED 'AS IS', WITHOUT WARRANTY OF ANY KIND, EXPRESS OR IMPLIED, INCLUDING BUT NOT LIMITED TO THE WARRANTIES OF MERCHANTABILITY, FITNESS FOR A PARTICULAR PURPOSE, TITLE AND NON-INFRINGEMENT. IN NO EVENT SHALL THE COPYRIGHT HOLDERS OR ANYONE DISTRIBUTING THE SOFTWARE BE LIABLE FOR ANY DAMAGES OR OTHER LIABILITY, WHETHER IN CONTRACT, TORT OR OTHERWISE, ARISING FROM, OUT OF OR IN CONNECTION WITH THE SOFTWARE OR THE USE OR OTHER DEALINGS IN THE SOFTWARE.

Dont forget to tip your server!
Bitcoin Cash (BCH)			qpz32c4lg7x7lnk9jg6qg7s4uavdce89myax5v5nuk
Ether (ETH)			0x843d3DEC2A4705BD4f45F674F641cE2D0022c9FB
Litecoin (LTC)			Lfk5y4F7KZa9oRxpazETwjQnHszEPvqPvu
Bitcoin (BTC)			14Dm7L3ABPtumPDcj3REAvs4L6w9YFRnHK
