##################################
##################################
##################################
Most Shorted Shares since [2019-09-16]
##################################
##################################
##################################

           Name of Share Issuer  Position Holder
0            WEIR GROUP PLC/THE                7
1                   PEARSON PLC                6
2         WOOD GROUP (JOHN) PLC                6
3        BABCOCK INTL GROUP PLC                5
4               CINEWORLD GROUP                5
5   JUPITER FUND MANAGEMENT PLC                5
6                KINGFISHER PLC                5
7                 A.G. Barr PLC                4
8                      ASOS PLC                4
9                METRO BANK PLC                4
10              PREMIER OIL PLC                4
11               Royal Mail Plc                4
12   SMART METERING SYSTEMS PLC                4
13                       AA PLC                3
14        AUTO TRADER GROUP PLC                3
15    Flutter Entertainment plc                3
16                HAMMERSON PLC                3
17         KEYWORDS STUDIOS PLC                3
18    MARKS & SPENCER GROUP PLC                3
19                  PLUS500 LTD                3

           Name of Share Issuer  Net Short Position (%)
0                METRO BANK PLC                    8.89
1         WOOD GROUP (JOHN) PLC                    6.52
2            WEIR GROUP PLC/THE                    6.48
3                       SIG PLC                    5.79
4                   PEARSON PLC                    5.19
5                KINGFISHER PLC                    5.17
6         THOMAS COOK GROUP PLC                    4.80
7   JUPITER FUND MANAGEMENT PLC                    4.67
8       LANCASHIRE HOLDINGS LTD                    4.65
9                Royal Mail Plc                    4.63
10       BABCOCK INTL GROUP PLC                    4.60
11              PREMIER OIL PLC                    4.57
12               NMC HEALTH PLC                    4.19
13                     ASOS PLC                    4.16
14              CINEWORLD GROUP                    4.12
15                A.G. Barr PLC                    4.04
16                       AA PLC                    3.60
17          SIRIUS MINERALS PLC                    3.53
18                  EASYJET PLC                    3.22
19                HAMMERSON PLC                    2.90

#########[+]SUMMARY MOST OVERALL SHORTED[+]######################
#########[+]SUMMARY MOST OVERALL SHORTED[+]######################
#########[+]SUMMARY MOST OVERALL SHORTED[+]######################

[+]	JUPITER FUND MANAGEMENT PLC
[+]	WOOD GROUP (JOHN) PLC
[+]	CINEWORLD GROUP
[+]	WEIR GROUP PLC/THE
[+]	A.G. Barr PLC
[+]	PREMIER OIL PLC
[+]	METRO BANK PLC
[+]	Royal Mail Plc
[+]	PEARSON PLC
[+]	BABCOCK INTL GROUP PLC
[+]	ASOS PLC
[+]	KINGFISHER PLC
[+]	AA PLC
[+]	HAMMERSON PLC


THE SOFTWARE IS PROVIDED 'AS IS', WITHOUT WARRANTY OF ANY KIND, EXPRESS OR IMPLIED, INCLUDING BUT NOT LIMITED TO THE WARRANTIES OF MERCHANTABILITY, FITNESS FOR A PARTICULAR PURPOSE, TITLE AND NON-INFRINGEMENT. IN NO EVENT SHALL THE COPYRIGHT HOLDERS OR ANYONE DISTRIBUTING THE SOFTWARE BE LIABLE FOR ANY DAMAGES OR OTHER LIABILITY, WHETHER IN CONTRACT, TORT OR OTHERWISE, ARISING FROM, OUT OF OR IN CONNECTION WITH THE SOFTWARE OR THE USE OR OTHER DEALINGS IN THE SOFTWARE.

Dont forget to tip your server!
Bitcoin Cash (BCH)			qpz32c4lg7x7lnk9jg6qg7s4uavdce89myax5v5nuk
Ether (ETH)			0x843d3DEC2A4705BD4f45F674F641cE2D0022c9FB
Litecoin (LTC)			Lfk5y4F7KZa9oRxpazETwjQnHszEPvqPvu
Bitcoin (BTC)			14Dm7L3ABPtumPDcj3REAvs4L6w9YFRnHK
