##################################
##################################
##################################
Most Shorted Shares since [2019-08-27]
##################################
##################################
##################################

           Name of Share Issuer  Position Holder
0         WOOD GROUP (JOHN) PLC                6
1                 HAMMERSON PLC                5
2           SIRIUS MINERALS PLC                5
3                        AA PLC                4
4         AUTO TRADER GROUP PLC                4
5        Arrow Global Group plc                4
6          KEYWORDS STUDIOS PLC                4
7                METRO BANK PLC                4
8                   PLUS500 LTD                4
9              SEVERN TRENT PLC                4
10         ST JAMES'S PLACE PLC                4
11        THOMAS COOK GROUP PLC                4
12                A.G. Barr PLC                3
13                     ASOS PLC                3
14       BABCOCK INTL GROUP PLC                3
15              CINEWORLD GROUP                3
16          GREENCORE GROUP PLC                3
17  JUPITER FUND MANAGEMENT PLC                3
18               KINGFISHER PLC                3
19               Kier Group plc                3

           Name of Share Issuer  Net Short Position (%)
0         THOMAS COOK GROUP PLC                    9.28
1                        AA PLC                    8.56
2                METRO BANK PLC                    8.38
3         WOOD GROUP (JOHN) PLC                    6.92
4                Kier Group plc                    6.76
5                       SIG PLC                    5.40
6                   PLUS500 LTD                    5.19
7       LANCASHIRE HOLDINGS LTD                    4.93
8           SIRIUS MINERALS PLC                    4.90
9                   VALARIS PLC                    4.49
10               NMC HEALTH PLC                    4.41
11         RESTAURANT GROUP PLC                    3.86
12                     ASOS PLC                    3.76
13         ST JAMES'S PLACE PLC                    3.60
14  JUPITER FUND MANAGEMENT PLC                    3.57
15                HAMMERSON PLC                    3.47
16                  PEARSON PLC                    3.45
17                  EASYJET PLC                    3.43
18               KINGFISHER PLC                    3.30
19         KEYWORDS STUDIOS PLC                    3.29

#########[+]SUMMARY MOST OVERALL SHORTED[+]######################
#########[+]SUMMARY MOST OVERALL SHORTED[+]######################
#########[+]SUMMARY MOST OVERALL SHORTED[+]######################

[+]	SIRIUS MINERALS PLC
[+]	Kier Group plc
[+]	THOMAS COOK GROUP PLC
[+]	WOOD GROUP (JOHN) PLC
[+]	ASOS PLC
[+]	JUPITER FUND MANAGEMENT PLC
[+]	KEYWORDS STUDIOS PLC
[+]	KINGFISHER PLC
[+]	AA PLC
[+]	METRO BANK PLC
[+]	ST JAMES'S PLACE PLC
[+]	PLUS500 LTD
[+]	HAMMERSON PLC


THE SOFTWARE IS PROVIDED 'AS IS', WITHOUT WARRANTY OF ANY KIND, EXPRESS OR IMPLIED, INCLUDING BUT NOT LIMITED TO THE WARRANTIES OF MERCHANTABILITY, FITNESS FOR A PARTICULAR PURPOSE, TITLE AND NON-INFRINGEMENT. IN NO EVENT SHALL THE COPYRIGHT HOLDERS OR ANYONE DISTRIBUTING THE SOFTWARE BE LIABLE FOR ANY DAMAGES OR OTHER LIABILITY, WHETHER IN CONTRACT, TORT OR OTHERWISE, ARISING FROM, OUT OF OR IN CONNECTION WITH THE SOFTWARE OR THE USE OR OTHER DEALINGS IN THE SOFTWARE.

Dont forget to tip your server!
Bitcoin Cash (BCH)			qpz32c4lg7x7lnk9jg6qg7s4uavdce89myax5v5nuk
Ether (ETH)			0x843d3DEC2A4705BD4f45F674F641cE2D0022c9FB
Litecoin (LTC)			Lfk5y4F7KZa9oRxpazETwjQnHszEPvqPvu
Bitcoin (BTC)			14Dm7L3ABPtumPDcj3REAvs4L6w9YFRnHK
