##################################
##################################
##################################
Most Shorted Shares since [2019-10-15]
##################################
##################################
##################################

           Name of Share Issuer  Position Holder
0     Flutter Entertainment plc                7
1         WOOD GROUP (JOHN) PLC                7
2                 A.G. Barr PLC                4
3                   EASYJET PLC                4
4                KINGFISHER PLC                4
5                Royal Mail Plc                4
6                      ASOS PLC                3
7         AUTO TRADER GROUP PLC                3
8        BABCOCK INTL GROUP PLC                3
9          BLUE PRISM GROUP PLC                3
10                   CAPITA PLC                3
11              CINEWORLD GROUP                3
12     DOMINO'S PIZZA GROUP PLC                3
13                HAMMERSON PLC                3
14  JUPITER FUND MANAGEMENT PLC                3
15               Kier Group plc                3
16                  PEARSON PLC                3
17                  PLUS500 LTD                3

          Name of Share Issuer  Net Short Position (%)
0        WOOD GROUP (JOHN) PLC                    7.26
1    Flutter Entertainment plc                    6.52
2          GREENCORE GROUP PLC                    5.50
3                  EASYJET PLC                    5.46
4               Royal Mail Plc                    4.87
5               KINGFISHER PLC                    4.73
6               Kier Group plc                    4.42
7   CREST NICHOLSON HLDGS  PLC                    4.33
8          INTU PROPERTIES PLC                    3.96
9                   CAPITA PLC                    3.83
10               A.G. Barr PLC                    3.68
11                 PLUS500 LTD                    3.66
12             CINEWORLD GROUP                    3.58
13              NMC HEALTH PLC                    3.53
14                    ASOS PLC                    3.48
15     LANCASHIRE HOLDINGS LTD                    3.19
16      BABCOCK INTL GROUP PLC                    3.08
17        BLUE PRISM GROUP PLC                    2.96
18    DOMINO'S PIZZA GROUP PLC                    2.95
19               PENDRAGON PLC                    2.63

#########[+]SUMMARY MOST OVERALL SHORTED[+]######################
#########[+]SUMMARY MOST OVERALL SHORTED[+]######################
#########[+]SUMMARY MOST OVERALL SHORTED[+]######################

[+]	CINEWORLD GROUP
[+]	A.G. Barr PLC
[+]	WOOD GROUP (JOHN) PLC
[+]	BABCOCK INTL GROUP PLC
[+]	ASOS PLC
[+]	KINGFISHER PLC
[+]	EASYJET PLC
[+]	Flutter Entertainment plc
[+]	PLUS500 LTD
[+]	BLUE PRISM GROUP PLC
[+]	DOMINO'S PIZZA GROUP PLC
[+]	Royal Mail Plc
[+]	CAPITA PLC
[+]	Kier Group plc


THE SOFTWARE IS PROVIDED 'AS IS', WITHOUT WARRANTY OF ANY KIND, EXPRESS OR IMPLIED, INCLUDING BUT NOT LIMITED TO THE WARRANTIES OF MERCHANTABILITY, FITNESS FOR A PARTICULAR PURPOSE, TITLE AND NON-INFRINGEMENT. IN NO EVENT SHALL THE COPYRIGHT HOLDERS OR ANYONE DISTRIBUTING THE SOFTWARE BE LIABLE FOR ANY DAMAGES OR OTHER LIABILITY, WHETHER IN CONTRACT, TORT OR OTHERWISE, ARISING FROM, OUT OF OR IN CONNECTION WITH THE SOFTWARE OR THE USE OR OTHER DEALINGS IN THE SOFTWARE.

Dont forget to tip your server!
Bitcoin Cash (BCH)			qpz32c4lg7x7lnk9jg6qg7s4uavdce89myax5v5nuk
Ether (ETH)			0x843d3DEC2A4705BD4f45F674F641cE2D0022c9FB
Litecoin (LTC)			Lfk5y4F7KZa9oRxpazETwjQnHszEPvqPvu
Bitcoin (BTC)			14Dm7L3ABPtumPDcj3REAvs4L6w9YFRnHK
