##################################
##################################
##################################
Most Shorted Shares since [2019-10-24]
##################################
##################################
##################################

          Name of Share Issuer  Position Holder
0        WOOD GROUP (JOHN) PLC                7
1       BABCOCK INTL GROUP PLC                6
2    Flutter Entertainment plc                5
3               Kier Group plc                5
4        AUTO TRADER GROUP PLC                4
5              CINEWORLD GROUP                4
6          SIRIUS MINERALS PLC                4
7                A.G. Barr PLC                3
8                     ASOS PLC                3
9         BLUE PRISM GROUP PLC                3
10                  CAPITA PLC                3
11         DIXONS CARPHONE PLC                3
12    DOMINO'S PIZZA GROUP PLC                3
13                 EASYJET PLC                3
14         JOHNSON MATTHEY PLC                3
15              KINGFISHER PLC                3
16  Moneysupermarket.com Group                3
17           NEWRIVER REIT PLC                3
18              NMC HEALTH PLC                3
19                 PEARSON PLC                3

          Name of Share Issuer  Net Short Position (%)
0        WOOD GROUP (JOHN) PLC                    7.47
1               Kier Group plc                    6.11
2       BABCOCK INTL GROUP PLC                    5.94
3          GREENCORE GROUP PLC                    5.46
4    Flutter Entertainment plc                    4.60
5           HALFORDS GROUP PLC                    4.45
6                  EASYJET PLC                    4.43
7          SIRIUS MINERALS PLC                    4.43
8           Go-Ahead Group PLC                    4.42
9   CREST NICHOLSON HLDGS  PLC                    4.19
10             CINEWORLD GROUP                    4.11
11                  CAPITA PLC                    3.90
12         INTU PROPERTIES PLC                    3.90
13              NMC HEALTH PLC                    3.84
14                 PLUS500 LTD                    3.74
15              KINGFISHER PLC                    3.72
16    DOMINO'S PIZZA GROUP PLC                    3.32
17     LANCASHIRE HOLDINGS LTD                    3.19
18           NEWRIVER REIT PLC                    3.06
19        BLUE PRISM GROUP PLC                    3.05

#########[+]SUMMARY MOST OVERALL SHORTED[+]######################
#########[+]SUMMARY MOST OVERALL SHORTED[+]######################
#########[+]SUMMARY MOST OVERALL SHORTED[+]######################

[+]	WOOD GROUP (JOHN) PLC
[+]	CAPITA PLC
[+]	SIRIUS MINERALS PLC
[+]	Flutter Entertainment plc
[+]	BLUE PRISM GROUP PLC
[+]	KINGFISHER PLC
[+]	NMC HEALTH PLC
[+]	NEWRIVER REIT PLC
[+]	Kier Group plc
[+]	EASYJET PLC
[+]	DOMINO'S PIZZA GROUP PLC
[+]	CINEWORLD GROUP
[+]	BABCOCK INTL GROUP PLC


THE SOFTWARE IS PROVIDED 'AS IS', WITHOUT WARRANTY OF ANY KIND, EXPRESS OR IMPLIED, INCLUDING BUT NOT LIMITED TO THE WARRANTIES OF MERCHANTABILITY, FITNESS FOR A PARTICULAR PURPOSE, TITLE AND NON-INFRINGEMENT. IN NO EVENT SHALL THE COPYRIGHT HOLDERS OR ANYONE DISTRIBUTING THE SOFTWARE BE LIABLE FOR ANY DAMAGES OR OTHER LIABILITY, WHETHER IN CONTRACT, TORT OR OTHERWISE, ARISING FROM, OUT OF OR IN CONNECTION WITH THE SOFTWARE OR THE USE OR OTHER DEALINGS IN THE SOFTWARE.

Dont forget to tip your server!
Bitcoin Cash (BCH)			qpz32c4lg7x7lnk9jg6qg7s4uavdce89myax5v5nuk
Ether (ETH)			0x843d3DEC2A4705BD4f45F674F641cE2D0022c9FB
Litecoin (LTC)			Lfk5y4F7KZa9oRxpazETwjQnHszEPvqPvu
Bitcoin (BTC)			14Dm7L3ABPtumPDcj3REAvs4L6w9YFRnHK
