##################################
##################################
##################################
Most Shorted Shares since [2019-09-23]
##################################
##################################
##################################

           Name of Share Issuer  Position Holder
0         WOOD GROUP (JOHN) PLC                8
1               CINEWORLD GROUP                7
2   JUPITER FUND MANAGEMENT PLC                7
3                   PEARSON PLC                7
4        BABCOCK INTL GROUP PLC                6
5                 A.G. Barr PLC                5
6          KEYWORDS STUDIOS PLC                5
7                Royal Mail Plc                5
8            WEIR GROUP PLC/THE                5
9         AUTO TRADER GROUP PLC                4
10     DOMINO'S PIZZA GROUP PLC                4
11    Flutter Entertainment plc                4
12               METRO BANK PLC                4
13                  PLUS500 LTD                4
14          BRITISH LAND CO PLC                3
15                     CYBG PLC                3
16                  Hunting PLC                3
17          JOHNSON MATTHEY PLC                3
18              MITIE GROUP PLC                3
19               NMC HEALTH PLC                3

           Name of Share Issuer  Net Short Position (%)
0                METRO BANK PLC                    8.91
1         WOOD GROUP (JOHN) PLC                    7.33
2   JUPITER FUND MANAGEMENT PLC                    6.19
3                Royal Mail Plc                    5.87
4               CINEWORLD GROUP                    5.86
5                   PEARSON PLC                    5.85
6        BABCOCK INTL GROUP PLC                    5.77
7                       SIG PLC                    5.28
8            WEIR GROUP PLC/THE                    5.07
9                NMC HEALTH PLC                    4.70
10                A.G. Barr PLC                    4.55
11              MITIE GROUP PLC                    4.00
12                  PLUS500 LTD                    3.70
13         KEYWORDS STUDIOS PLC                    3.53
14          SIRIUS MINERALS PLC                    3.46
15        AUTO TRADER GROUP PLC                    3.37
16           HALFORDS GROUP PLC                    3.28
17                  EASYJET PLC                    3.12
18    Flutter Entertainment plc                    3.05
19     DOMINO'S PIZZA GROUP PLC                    3.02

#########[+]SUMMARY MOST OVERALL SHORTED[+]######################
#########[+]SUMMARY MOST OVERALL SHORTED[+]######################
#########[+]SUMMARY MOST OVERALL SHORTED[+]######################

[+]	Royal Mail Plc
[+]	KEYWORDS STUDIOS PLC
[+]	DOMINO'S PIZZA GROUP PLC
[+]	PLUS500 LTD
[+]	JUPITER FUND MANAGEMENT PLC
[+]	PEARSON PLC
[+]	BABCOCK INTL GROUP PLC
[+]	CINEWORLD GROUP
[+]	NMC HEALTH PLC
[+]	Flutter Entertainment plc
[+]	AUTO TRADER GROUP PLC
[+]	WEIR GROUP PLC/THE
[+]	WOOD GROUP (JOHN) PLC
[+]	METRO BANK PLC
[+]	A.G. Barr PLC
[+]	MITIE GROUP PLC


THE SOFTWARE IS PROVIDED 'AS IS', WITHOUT WARRANTY OF ANY KIND, EXPRESS OR IMPLIED, INCLUDING BUT NOT LIMITED TO THE WARRANTIES OF MERCHANTABILITY, FITNESS FOR A PARTICULAR PURPOSE, TITLE AND NON-INFRINGEMENT. IN NO EVENT SHALL THE COPYRIGHT HOLDERS OR ANYONE DISTRIBUTING THE SOFTWARE BE LIABLE FOR ANY DAMAGES OR OTHER LIABILITY, WHETHER IN CONTRACT, TORT OR OTHERWISE, ARISING FROM, OUT OF OR IN CONNECTION WITH THE SOFTWARE OR THE USE OR OTHER DEALINGS IN THE SOFTWARE.

Dont forget to tip your server!
Bitcoin Cash (BCH)			qpz32c4lg7x7lnk9jg6qg7s4uavdce89myax5v5nuk
Ether (ETH)			0x843d3DEC2A4705BD4f45F674F641cE2D0022c9FB
Litecoin (LTC)			Lfk5y4F7KZa9oRxpazETwjQnHszEPvqPvu
Bitcoin (BTC)			14Dm7L3ABPtumPDcj3REAvs4L6w9YFRnHK
