##################################
##################################
##################################
Most Shorted Shares since [2019-04-29]
##################################
##################################
##################################

            Name of Share Issuer  Position Holder
0            SIRIUS MINERALS PLC                7
1    JUPITER FUND MANAGEMENT PLC                6
2                 METRO BANK PLC                5
3                     CAPITA PLC                4
4                    PLUS500 LTD                4
5   SMITH (DAVID S) HOLDINGS PLC                4
6          WOOD GROUP (JOHN) PLC                4
7                         AA PLC                3
8                       ASOS PLC                3
9               CAIRN ENERGY PLC                3
10      DOMINO'S PIZZA GROUP PLC                3
11           GREENCORE GROUP PLC                3
12                 HAMMERSON PLC                3
13                KINGFISHER PLC                3
14                Kier Group plc                3
15     MARKS & SPENCER GROUP PLC                3
16                  PETROFAC LTD                3
17               PREMIER OIL PLC                3
18                Royal Mail Plc                3
19             SAINSBURY (J) PLC                3

            Name of Share Issuer  Net Short Position (%)
0                 METRO BANK PLC                    8.38
1            SIRIUS MINERALS PLC                    8.01
2                         AA PLC                    7.92
3          THOMAS COOK GROUP PLC                    4.87
4                        IQE PLC                    4.80
5    JUPITER FUND MANAGEMENT PLC                    4.71
6            GREENCORE GROUP PLC                    4.47
7      MARKS & SPENCER GROUP PLC                    4.32
8                 Kier Group plc                    4.11
9                       ASOS PLC                    4.01
10                   PLUS500 LTD                    3.98
11                    CAPITA PLC                    3.77
12            ANGLO AMERICAN PLC                    3.76
13         WOOD GROUP (JOHN) PLC                    3.69
14            Go-Ahead Group PLC                    3.25
15               PREMIER OIL PLC                    3.23
16  SMITH (DAVID S) HOLDINGS PLC                    2.99
17                KINGFISHER PLC                    2.98
18                   DIGNITY PLC                    2.96
19               Ensco Rowan plc                    2.90

#########[+]SUMMARY MOST OVERALL SHORTED[+]######################
#########[+]SUMMARY MOST OVERALL SHORTED[+]######################
#########[+]SUMMARY MOST OVERALL SHORTED[+]######################

[+]	KINGFISHER PLC
[+]	PLUS500 LTD
[+]	AA PLC
[+]	METRO BANK PLC
[+]	MARKS & SPENCER GROUP PLC
[+]	Kier Group plc
[+]	ASOS PLC
[+]	PREMIER OIL PLC
[+]	CAPITA PLC
[+]	SMITH (DAVID S) HOLDINGS PLC
[+]	SIRIUS MINERALS PLC
[+]	JUPITER FUND MANAGEMENT PLC
[+]	WOOD GROUP (JOHN) PLC
[+]	GREENCORE GROUP PLC