##################################
##################################
##################################
Most Shorted Shares since [2019-11-06]
##################################
##################################
##################################

           Name of Share Issuer  Position Holder
0               CINEWORLD GROUP                6
1     Flutter Entertainment plc                6
2        BABCOCK INTL GROUP PLC                4
3          KEYWORDS STUDIOS PLC                4
4           SIRIUS MINERALS PLC                4
5                  SPECTRIS PLC                4
6         WOOD GROUP (JOHN) PLC                4
7           DIXONS CARPHONE PLC                3
8            EQUINITI GROUP PLC                3
9           JOHNSON MATTHEY PLC                3
10  JUPITER FUND MANAGEMENT PLC                3
11               KINGFISHER PLC                3
12               Kier Group plc                3
13               METRO BANK PLC                3
14               NMC HEALTH PLC                3
15              OCADO GROUP PLC                3
16                  PEARSON PLC                3
17                    TED BAKER                3
18           TRAVIS PERKINS PLC                3
19          Virgin Money UK PLC                3

          Name of Share Issuer  Net Short Position (%)
0               METRO BANK PLC                    8.05
1              CINEWORLD GROUP                    7.06
2    Flutter Entertainment plc                    5.64
3        WOOD GROUP (JOHN) PLC                    5.52
4                      IQE PLC                    5.22
5               NMC HEALTH PLC                    4.49
6       BABCOCK INTL GROUP PLC                    4.23
7          SIRIUS MINERALS PLC                    4.00
8   CREST NICHOLSON HLDGS  PLC                    3.98
9           HALFORDS GROUP PLC                    3.94
10        KEYWORDS STUDIOS PLC                    3.94
11              Kier Group plc                    3.85
12                 EASYJET PLC                    3.76
13              KINGFISHER PLC                    3.33
14         INTU PROPERTIES PLC                    3.19
15             MITIE GROUP PLC                    2.91
16    WM MORRISON SUPERMARKETS                    2.84
17          Go-Ahead Group PLC                    2.79
18            DUNELM GROUP PLC                    2.67
19                SPECTRIS PLC                    2.66

#########[+]SUMMARY MOST OVERALL SHORTED[+]######################
#########[+]SUMMARY MOST OVERALL SHORTED[+]######################
#########[+]SUMMARY MOST OVERALL SHORTED[+]######################

[+]	SIRIUS MINERALS PLC
[+]	CINEWORLD GROUP
[+]	WOOD GROUP (JOHN) PLC
[+]	KEYWORDS STUDIOS PLC
[+]	Flutter Entertainment plc
[+]	Kier Group plc
[+]	KINGFISHER PLC
[+]	SPECTRIS PLC
[+]	NMC HEALTH PLC
[+]	BABCOCK INTL GROUP PLC
[+]	METRO BANK PLC


THE SOFTWARE IS PROVIDED 'AS IS', WITHOUT WARRANTY OF ANY KIND, EXPRESS OR IMPLIED, INCLUDING BUT NOT LIMITED TO THE WARRANTIES OF MERCHANTABILITY, FITNESS FOR A PARTICULAR PURPOSE, TITLE AND NON-INFRINGEMENT. IN NO EVENT SHALL THE COPYRIGHT HOLDERS OR ANYONE DISTRIBUTING THE SOFTWARE BE LIABLE FOR ANY DAMAGES OR OTHER LIABILITY, WHETHER IN CONTRACT, TORT OR OTHERWISE, ARISING FROM, OUT OF OR IN CONNECTION WITH THE SOFTWARE OR THE USE OR OTHER DEALINGS IN THE SOFTWARE.

Dont forget to tip your server!
Bitcoin Cash (BCH)			qpz32c4lg7x7lnk9jg6qg7s4uavdce89myax5v5nuk
Ether (ETH)			0x843d3DEC2A4705BD4f45F674F641cE2D0022c9FB
Litecoin (LTC)			Lfk5y4F7KZa9oRxpazETwjQnHszEPvqPvu
Bitcoin (BTC)			14Dm7L3ABPtumPDcj3REAvs4L6w9YFRnHK
