##################################
##################################
##################################
Most Shorted Shares since [2019-04-25]
##################################
##################################
##################################

            Name of Share Issuer  Position Holder
0                 METRO BANK PLC                7
1            SIRIUS MINERALS PLC                7
2    JUPITER FUND MANAGEMENT PLC                6
3                     CAPITA PLC                5
4          WOOD GROUP (JOHN) PLC                5
5            GREENCORE GROUP PLC                4
6                    PEARSON PLC                4
7                    PLUS500 LTD                4
8                 Royal Mail Plc                4
9   SMITH (DAVID S) HOLDINGS PLC                4
10                        AA PLC                3
11                      ASOS PLC                3
12              CAIRN ENERGY PLC                3
13      DOMINO'S PIZZA GROUP PLC                3
14                 HAMMERSON PLC                3
15                  JUST EAT PLC                3
16                KINGFISHER PLC                3
17                Kier Group plc                3
18     MARKS & SPENCER GROUP PLC                3
19               PREMIER OIL PLC                3

            Name of Share Issuer  Net Short Position (%)
0                 METRO BANK PLC                   10.24
1            SIRIUS MINERALS PLC                    7.94
2                         AA PLC                    7.85
3            GREENCORE GROUP PLC                    5.03
4                        IQE PLC                    4.80
5    JUPITER FUND MANAGEMENT PLC                    4.71
6          WOOD GROUP (JOHN) PLC                    4.55
7          THOMAS COOK GROUP PLC                    4.46
8      MARKS & SPENCER GROUP PLC                    4.42
9                     CAPITA PLC                    4.35
10                      ASOS PLC                    4.09
11                Kier Group plc                    4.07
12                   PEARSON PLC                    4.07
13            ANGLO AMERICAN PLC                    3.76
14                   PLUS500 LTD                    3.73
15               PREMIER OIL PLC                    3.26
16            Go-Ahead Group PLC                    3.25
17                NMC HEALTH PLC                    3.12
18                KINGFISHER PLC                    3.04
19  SMITH (DAVID S) HOLDINGS PLC                    2.99

#########[+]SUMMARY MOST OVERALL SHORTED[+]######################
#########[+]SUMMARY MOST OVERALL SHORTED[+]######################
#########[+]SUMMARY MOST OVERALL SHORTED[+]######################

[+]	Kier Group plc
[+]	CAPITA PLC
[+]	MARKS & SPENCER GROUP PLC
[+]	SIRIUS MINERALS PLC
[+]	PLUS500 LTD
[+]	PEARSON PLC
[+]	AA PLC
[+]	GREENCORE GROUP PLC
[+]	WOOD GROUP (JOHN) PLC
[+]	PREMIER OIL PLC
[+]	SMITH (DAVID S) HOLDINGS PLC
[+]	ASOS PLC
[+]	KINGFISHER PLC
[+]	METRO BANK PLC
[+]	JUPITER FUND MANAGEMENT PLC