##################################
##################################
##################################
Most Shorted Shares since [2019-05-31]
##################################
##################################
##################################

            Name of Share Issuer  Position Holder
0         BABCOCK INTL GROUP PLC                6
1                   JUST EAT PLC                6
2                 Kier Group plc                6
3    JUPITER FUND MANAGEMENT PLC                5
4      MARKS & SPENCER GROUP PLC                5
5              NEWRIVER REIT PLC                5
6                         AA PLC                4
7                    AGGREKO PLC                4
8             ANGLO AMERICAN PLC                4
9                       ASOS PLC                4
10         AUTO TRADER GROUP PLC                4
11    DAILY MAIL & GENERAL TRUST                4
12           INTU PROPERTIES PLC                4
13                METRO BANK PLC                4
14                   PLUS500 LTD                4
15  SMITH (DAVID S) HOLDINGS PLC                4
16         WOOD GROUP (JOHN) PLC                4
17           BCA MARKETPLACE PLC                3
18                    CAPITA PLC                3
19                   EASYJET PLC                3

           Name of Share Issuer  Net Short Position (%)
0                Kier Group plc                    8.62
1                        AA PLC                    8.49
2        BABCOCK INTL GROUP PLC                    7.02
3           INTU PROPERTIES PLC                    6.26
4         WOOD GROUP (JOHN) PLC                    6.01
5       LANCASHIRE HOLDINGS LTD                    5.89
6            ANGLO AMERICAN PLC                    5.70
7     MARKS & SPENCER GROUP PLC                    5.51
8                  JUST EAT PLC                    5.34
9   JUPITER FUND MANAGEMENT PLC                    5.28
10               METRO BANK PLC                    4.90
11            NEWRIVER REIT PLC                    4.36
12                     ASOS PLC                    3.98
13          GREENCORE GROUP PLC                    3.70
14        THOMAS COOK GROUP PLC                    3.69
15              Ensco Rowan plc                    3.67
16                      SIG PLC                    3.65
17              MITIE GROUP PLC                    3.53
18            MAJESTIC WINE PLC                    3.42
19           Go-Ahead Group PLC                    3.40

#########[+]SUMMARY MOST OVERALL SHORTED[+]######################
#########[+]SUMMARY MOST OVERALL SHORTED[+]######################
#########[+]SUMMARY MOST OVERALL SHORTED[+]######################

[+]	BABCOCK INTL GROUP PLC
[+]	JUST EAT PLC
[+]	MARKS & SPENCER GROUP PLC
[+]	METRO BANK PLC
[+]	JUPITER FUND MANAGEMENT PLC
[+]	Kier Group plc
[+]	AA PLC
[+]	ASOS PLC
[+]	ANGLO AMERICAN PLC
[+]	WOOD GROUP (JOHN) PLC
[+]	INTU PROPERTIES PLC
[+]	NEWRIVER REIT PLC


THE SOFTWARE IS PROVIDED 'AS IS', WITHOUT WARRANTY OF ANY KIND, EXPRESS OR IMPLIED, INCLUDING BUT NOT LIMITED TO THE WARRANTIES OF MERCHANTABILITY, FITNESS FOR A PARTICULAR PURPOSE, TITLE AND NON-INFRINGEMENT. IN NO EVENT SHALL THE COPYRIGHT HOLDERS OR ANYONE DISTRIBUTING THE SOFTWARE BE LIABLE FOR ANY DAMAGES OR OTHER LIABILITY, WHETHER IN CONTRACT, TORT OR OTHERWISE, ARISING FROM, OUT OF OR IN CONNECTION WITH THE SOFTWARE OR THE USE OR OTHER DEALINGS IN THE SOFTWARE.

Dont forget to tip your server!
Bitcoin Cash (BCH)			qpz32c4lg7x7lnk9jg6qg7s4uavdce89myax5v5nuk
Ether (ETH)			0x843d3DEC2A4705BD4f45F674F641cE2D0022c9FB
Litecoin (LTC)			Lfk5y4F7KZa9oRxpazETwjQnHszEPvqPvu
Bitcoin (BTC)			14Dm7L3ABPtumPDcj3REAvs4L6w9YFRnHK
