##################################
##################################
##################################
Most Shorted Shares since [2019-05-09]
##################################
##################################
##################################

            Name of Share Issuer  Position Holder
0          WOOD GROUP (JOHN) PLC                7
1    JUPITER FUND MANAGEMENT PLC                5
2          THOMAS COOK GROUP PLC                5
3         BABCOCK INTL GROUP PLC                4
4                   JUST EAT PLC                4
5      MARKS & SPENCER GROUP PLC                4
6                 METRO BANK PLC                4
7                 Royal Mail Plc                4
8                         AA PLC                3
9             ANGLO AMERICAN PLC                3
10                    CAPITA PLC                3
11                 HAMMERSON PLC                3
12           INTU PROPERTIES PLC                3
13                KINGFISHER PLC                3
14                NMC HEALTH PLC                3
15                  PETROFAC LTD                3
16                   PLUS500 LTD                3
17               PREMIER OIL PLC                3
18           SIRIUS MINERALS PLC                3
19  SMITH (DAVID S) HOLDINGS PLC                3

           Name of Share Issuer  Net Short Position (%)
0         THOMAS COOK GROUP PLC                    7.86
1                        AA PLC                    7.81
2                METRO BANK PLC                    7.43
3         WOOD GROUP (JOHN) PLC                    7.23
4           INTU PROPERTIES PLC                    5.30
5            ANGLO AMERICAN PLC                    5.07
6     MARKS & SPENCER GROUP PLC                    5.07
7           GREENCORE GROUP PLC                    4.98
8                       IQE PLC                    4.88
9    CREST NICHOLSON HLDGS  PLC                    4.54
10  JUPITER FUND MANAGEMENT PLC                    4.30
11               Royal Mail Plc                    4.19
12          SIRIUS MINERALS PLC                    4.14
13       BABCOCK INTL GROUP PLC                    4.13
14               NMC HEALTH PLC                    3.93
15                  PLUS500 LTD                    3.51
16                 JUST EAT PLC                    3.46
17               KINGFISHER PLC                    3.13
18              PREMIER OIL PLC                    3.01
19                HAMMERSON PLC                    2.97

#########[+]SUMMARY MOST OVERALL SHORTED[+]######################
#########[+]SUMMARY MOST OVERALL SHORTED[+]######################
#########[+]SUMMARY MOST OVERALL SHORTED[+]######################

[+]	Royal Mail Plc
[+]	SIRIUS MINERALS PLC
[+]	WOOD GROUP (JOHN) PLC
[+]	BABCOCK INTL GROUP PLC
[+]	JUPITER FUND MANAGEMENT PLC
[+]	AA PLC
[+]	INTU PROPERTIES PLC
[+]	PREMIER OIL PLC
[+]	ANGLO AMERICAN PLC
[+]	MARKS & SPENCER GROUP PLC
[+]	JUST EAT PLC
[+]	HAMMERSON PLC
[+]	NMC HEALTH PLC
[+]	PLUS500 LTD
[+]	METRO BANK PLC
[+]	KINGFISHER PLC
[+]	THOMAS COOK GROUP PLC


THE SOFTWARE IS PROVIDED 'AS IS', WITHOUT WARRANTY OF ANY KIND, EXPRESS OR IMPLIED, INCLUDING BUT NOT LIMITED TO THE WARRANTIES OF MERCHANTABILITY, FITNESS FOR A PARTICULAR PURPOSE, TITLE AND NON-INFRINGEMENT. IN NO EVENT SHALL THE COPYRIGHT HOLDERS OR ANYONE DISTRIBUTING THE SOFTWARE BE LIABLE FOR ANY DAMAGES OR OTHER LIABILITY, WHETHER IN CONTRACT, TORT OR OTHERWISE, ARISING FROM, OUT OF OR IN CONNECTION WITH THE SOFTWARE OR THE USE OR OTHER DEALINGS IN THE SOFTWARE.

Dont forget to tip your server!
Bitcoin Cash (BCH)			qpz32c4lg7x7lnk9jg6qg7s4uavdce89myax5v5nuk
Ether (ETH)			0x843d3DEC2A4705BD4f45F674F641cE2D0022c9FB
Litecoin (LTC)			Lfk5y4F7KZa9oRxpazETwjQnHszEPvqPvu
Bitcoin (BTC)			14Dm7L3ABPtumPDcj3REAvs4L6w9YFRnHK
