##################################
##################################
##################################
Most Shorted Shares since [2019-11-26]
##################################
##################################
##################################

                        Name of Share Issuer  Position Holder
0                  Flutter Entertainment plc                5
1   Aston Martin Lagonda Global Holdings Plc                4
2                            CINEWORLD GROUP                4
3                             KINGFISHER PLC                4
4                                VICTREX PLC                4
5                      WOOD GROUP (JOHN) PLC                4
6                      AUTO TRADER GROUP PLC                3
7                    CRODA INTERNATIONAL PLC                3
8                   DOMINO'S PIZZA GROUP PLC                3
9                                EASYJET PLC                3
10                      KEYWORDS STUDIOS PLC                3
11                            METRO BANK PLC                3
12                Moneysupermarket.com Group                3
13                            NMC HEALTH PLC                3
14                              PETROFAC LTD                3
15                            Royal Mail Plc                3
16                          SEVERN TRENT PLC                3
17                        TRAVIS PERKINS PLC                3
18                        VODAFONE GROUP PLC                3

                        Name of Share Issuer  Net Short Position (%)
0                            CINEWORLD GROUP                    7.90
1                             METRO BANK PLC                    5.48
2                                    SIG PLC                    5.29
3                  Flutter Entertainment plc                    5.11
4                                EASYJET PLC                    4.60
5                        GREENCORE GROUP PLC                    4.59
6                      WOOD GROUP (JOHN) PLC                    4.29
7                         Go-Ahead Group PLC                    4.14
8                             Royal Mail Plc                    4.06
9                             NMC HEALTH PLC                    3.91
10                            KINGFISHER PLC                    3.86
11                 MARKS & SPENCER GROUP PLC                    3.65
12  Aston Martin Lagonda Global Holdings Plc                    3.51
13                               VICTREX PLC                    3.48
14                               VALARIS PLC                    3.33
15                   LANCASHIRE HOLDINGS LTD                    3.24
16                              PETROFAC LTD                    3.18
17                          DUNELM GROUP PLC                    3.14
18                         SAINSBURY (J) PLC                    3.05
19                         PETROPAVLOVSK PLC                    3.03

#########[+]SUMMARY MOST OVERALL SHORTED[+]######################
#########[+]SUMMARY MOST OVERALL SHORTED[+]######################
#########[+]SUMMARY MOST OVERALL SHORTED[+]######################

[+]	WOOD GROUP (JOHN) PLC
[+]	Royal Mail Plc
[+]	EASYJET PLC
[+]	KINGFISHER PLC
[+]	NMC HEALTH PLC
[+]	Aston Martin Lagonda Global Holdings Plc
[+]	Flutter Entertainment plc
[+]	PETROFAC LTD
[+]	CINEWORLD GROUP
[+]	VICTREX PLC
[+]	METRO BANK PLC


THE SOFTWARE IS PROVIDED 'AS IS', WITHOUT WARRANTY OF ANY KIND, EXPRESS OR IMPLIED, INCLUDING BUT NOT LIMITED TO THE WARRANTIES OF MERCHANTABILITY, FITNESS FOR A PARTICULAR PURPOSE, TITLE AND NON-INFRINGEMENT. IN NO EVENT SHALL THE COPYRIGHT HOLDERS OR ANYONE DISTRIBUTING THE SOFTWARE BE LIABLE FOR ANY DAMAGES OR OTHER LIABILITY, WHETHER IN CONTRACT, TORT OR OTHERWISE, ARISING FROM, OUT OF OR IN CONNECTION WITH THE SOFTWARE OR THE USE OR OTHER DEALINGS IN THE SOFTWARE.

Dont forget to tip your server!
Bitcoin Cash (BCH)			qpz32c4lg7x7lnk9jg6qg7s4uavdce89myax5v5nuk
Ether (ETH)			0x843d3DEC2A4705BD4f45F674F641cE2D0022c9FB
Litecoin (LTC)			Lfk5y4F7KZa9oRxpazETwjQnHszEPvqPvu
Bitcoin (BTC)			14Dm7L3ABPtumPDcj3REAvs4L6w9YFRnHK
