##################################
##################################
##################################
Most Shorted Shares since [2019-07-11]
##################################
##################################
##################################

           Name of Share Issuer  Position Holder
0                Kier Group plc                5
1             NEWRIVER REIT PLC                5
2              SEVERN TRENT PLC                5
3         WOOD GROUP (JOHN) PLC                5
4                     MONDI PLC                4
5                   PLUS500 LTD                4
6           SIRIUS MINERALS PLC                4
7                   AGGREKO PLC                3
8         AUTO TRADER GROUP PLC                3
9        BABCOCK INTL GROUP PLC                3
10                   CAPITA PLC                3
11              CINEWORLD GROUP                3
12          DIXONS CARPHONE PLC                3
13                  EASYJET PLC                3
14          GREENCORE GROUP PLC                3
15                HAMMERSON PLC                3
16  JUPITER FUND MANAGEMENT PLC                3
17                 JUST EAT PLC                3
18               METRO BANK PLC                3
19                RIGHTMOVE PLC                3

            Name of Share Issuer  Net Short Position (%)
0                 Kier Group plc                   10.98
1            GREENCORE GROUP PLC                    6.75
2          THOMAS COOK GROUP PLC                    5.87
3          WOOD GROUP (JOHN) PLC                    5.69
4                    PLUS500 LTD                    5.55
5                 METRO BANK PLC                    5.43
6                        IQE PLC                    4.33
7             ANGLO AMERICAN PLC                    4.06
8              NEWRIVER REIT PLC                    3.78
9               SEVERN TRENT PLC                    3.71
10                   PEARSON PLC                    3.30
11               PREMIER OIL PLC                    3.30
12                   EASYJET PLC                    3.12
13   JUPITER FUND MANAGEMENT PLC                    2.96
14           SIRIUS MINERALS PLC                    2.90
15            Go-Ahead Group PLC                    2.82
16  ACCESSO TECHNOLOGY GROUP PLC                    2.80
17                     MONDI PLC                    2.74
18                SUPERGROUP PLC                    2.69
19         AUTO TRADER GROUP PLC                    2.65

#########[+]SUMMARY MOST OVERALL SHORTED[+]######################
#########[+]SUMMARY MOST OVERALL SHORTED[+]######################
#########[+]SUMMARY MOST OVERALL SHORTED[+]######################

[+]	SEVERN TRENT PLC
[+]	EASYJET PLC
[+]	JUPITER FUND MANAGEMENT PLC
[+]	MONDI PLC
[+]	PLUS500 LTD
[+]	WOOD GROUP (JOHN) PLC
[+]	Kier Group plc
[+]	AUTO TRADER GROUP PLC
[+]	METRO BANK PLC
[+]	NEWRIVER REIT PLC
[+]	SIRIUS MINERALS PLC
[+]	GREENCORE GROUP PLC


THE SOFTWARE IS PROVIDED 'AS IS', WITHOUT WARRANTY OF ANY KIND, EXPRESS OR IMPLIED, INCLUDING BUT NOT LIMITED TO THE WARRANTIES OF MERCHANTABILITY, FITNESS FOR A PARTICULAR PURPOSE, TITLE AND NON-INFRINGEMENT. IN NO EVENT SHALL THE COPYRIGHT HOLDERS OR ANYONE DISTRIBUTING THE SOFTWARE BE LIABLE FOR ANY DAMAGES OR OTHER LIABILITY, WHETHER IN CONTRACT, TORT OR OTHERWISE, ARISING FROM, OUT OF OR IN CONNECTION WITH THE SOFTWARE OR THE USE OR OTHER DEALINGS IN THE SOFTWARE.

Dont forget to tip your server!
Bitcoin Cash (BCH)			qpz32c4lg7x7lnk9jg6qg7s4uavdce89myax5v5nuk
Ether (ETH)			0x843d3DEC2A4705BD4f45F674F641cE2D0022c9FB
Litecoin (LTC)			Lfk5y4F7KZa9oRxpazETwjQnHszEPvqPvu
Bitcoin (BTC)			14Dm7L3ABPtumPDcj3REAvs4L6w9YFRnHK
