##################################
##################################
##################################
Most Shorted Shares since [2019-05-08]
##################################
##################################
##################################

            Name of Share Issuer  Position Holder
0          WOOD GROUP (JOHN) PLC                7
1    JUPITER FUND MANAGEMENT PLC                6
2          THOMAS COOK GROUP PLC                5
3         BABCOCK INTL GROUP PLC                4
4                   JUST EAT PLC                4
5      MARKS & SPENCER GROUP PLC                4
6                 METRO BANK PLC                4
7                 Royal Mail Plc                4
8             ANGLO AMERICAN PLC                3
9                     CAPITA PLC                3
10                 HAMMERSON PLC                3
11                KINGFISHER PLC                3
12                  PETROFAC LTD                3
13                   PLUS500 LTD                3
14               PREMIER OIL PLC                3
15           SIRIUS MINERALS PLC                3
16  SMITH (DAVID S) HOLDINGS PLC                3
17                 A.G. Barr PLC                2
18                        AA PLC                2
19                      ASOS PLC                2

           Name of Share Issuer  Net Short Position (%)
0         THOMAS COOK GROUP PLC                    7.86
1                METRO BANK PLC                    7.43
2                        AA PLC                    7.27
3         WOOD GROUP (JOHN) PLC                    7.23
4            ANGLO AMERICAN PLC                    5.07
5     MARKS & SPENCER GROUP PLC                    5.07
6           GREENCORE GROUP PLC                    4.98
7                       IQE PLC                    4.88
8   JUPITER FUND MANAGEMENT PLC                    4.81
9    CREST NICHOLSON HLDGS  PLC                    4.54
10          SIRIUS MINERALS PLC                    4.14
11       BABCOCK INTL GROUP PLC                    4.13
12               Royal Mail Plc                    4.08
13                  PLUS500 LTD                    3.50
14                 JUST EAT PLC                    3.46
15               NMC HEALTH PLC                    3.33
16               KINGFISHER PLC                    3.13
17              PREMIER OIL PLC                    3.01
18                HAMMERSON PLC                    2.97
19               Kier Group plc                    2.90

#########[+]SUMMARY MOST OVERALL SHORTED[+]######################
#########[+]SUMMARY MOST OVERALL SHORTED[+]######################
#########[+]SUMMARY MOST OVERALL SHORTED[+]######################

[+]	JUST EAT PLC
[+]	PREMIER OIL PLC
[+]	KINGFISHER PLC
[+]	HAMMERSON PLC
[+]	METRO BANK PLC
[+]	MARKS & SPENCER GROUP PLC
[+]	THOMAS COOK GROUP PLC
[+]	AA PLC
[+]	ANGLO AMERICAN PLC
[+]	BABCOCK INTL GROUP PLC
[+]	WOOD GROUP (JOHN) PLC
[+]	PLUS500 LTD
[+]	Royal Mail Plc
[+]	JUPITER FUND MANAGEMENT PLC
[+]	SIRIUS MINERALS PLC


THE SOFTWARE IS PROVIDED 'AS IS', WITHOUT WARRANTY OF ANY KIND, EXPRESS OR IMPLIED, INCLUDING BUT NOT LIMITED TO THE WARRANTIES OF MERCHANTABILITY, FITNESS FOR A PARTICULAR PURPOSE, TITLE AND NON-INFRINGEMENT. IN NO EVENT SHALL THE COPYRIGHT HOLDERS OR ANYONE DISTRIBUTING THE SOFTWARE BE LIABLE FOR ANY DAMAGES OR OTHER LIABILITY, WHETHER IN CONTRACT, TORT OR OTHERWISE, ARISING FROM, OUT OF OR IN CONNECTION WITH THE SOFTWARE OR THE USE OR OTHER DEALINGS IN THE SOFTWARE.

Dont forget to tip your server!
Bitcoin Cash (BCH)			qpz32c4lg7x7lnk9jg6qg7s4uavdce89myax5v5nuk
Ether (ETH)			0x843d3DEC2A4705BD4f45F674F641cE2D0022c9FB
Litecoin (LTC)			Lfk5y4F7KZa9oRxpazETwjQnHszEPvqPvu
Bitcoin (BTC)			14Dm7L3ABPtumPDcj3REAvs4L6w9YFRnHK
