##################################
##################################
##################################
Most Shorted Shares since [2019-05-07]
##################################
##################################
##################################

           Name of Share Issuer  Position Holder
0   JUPITER FUND MANAGEMENT PLC                6
1         WOOD GROUP (JOHN) PLC                6
2                METRO BANK PLC                5
3           SIRIUS MINERALS PLC                5
4        BABCOCK INTL GROUP PLC                4
5     MARKS & SPENCER GROUP PLC                4
6         THOMAS COOK GROUP PLC                4
7                        AA PLC                3
8            ANGLO AMERICAN PLC                3
9                    CAPITA PLC                3
10                HAMMERSON PLC                3
11                 JUST EAT PLC                3
12               KINGFISHER PLC                3
13                 PETROFAC LTD                3
14                  PLUS500 LTD                3
15              PREMIER OIL PLC                3
16               Royal Mail Plc                3
17                  VICTREX PLC                3
18                A.G. Barr PLC                2
19            ADMIRAL GROUP PLC                2

           Name of Share Issuer  Net Short Position (%)
0                METRO BANK PLC                    8.55
1                        AA PLC                    8.17
2           SIRIUS MINERALS PLC                    7.72
3         THOMAS COOK GROUP PLC                    6.88
4         WOOD GROUP (JOHN) PLC                    6.64
5            ANGLO AMERICAN PLC                    5.08
6     MARKS & SPENCER GROUP PLC                    4.96
7   JUPITER FUND MANAGEMENT PLC                    4.81
8    CREST NICHOLSON HLDGS  PLC                    4.44
9           GREENCORE GROUP PLC                    4.34
10       BABCOCK INTL GROUP PLC                    4.02
11                  PLUS500 LTD                    3.50
12               Royal Mail Plc                    3.41
13               NMC HEALTH PLC                    3.33
14               KINGFISHER PLC                    3.13
15              PREMIER OIL PLC                    2.99
16           HALFORDS GROUP PLC                    2.85
17                 JUST EAT PLC                    2.82
18                HAMMERSON PLC                    2.82
19               Kier Group plc                    2.80

#########[+]SUMMARY MOST OVERALL SHORTED[+]######################
#########[+]SUMMARY MOST OVERALL SHORTED[+]######################
#########[+]SUMMARY MOST OVERALL SHORTED[+]######################

[+]	Royal Mail Plc
[+]	SIRIUS MINERALS PLC
[+]	AA PLC
[+]	ANGLO AMERICAN PLC
[+]	BABCOCK INTL GROUP PLC
[+]	HAMMERSON PLC
[+]	WOOD GROUP (JOHN) PLC
[+]	THOMAS COOK GROUP PLC
[+]	JUST EAT PLC
[+]	JUPITER FUND MANAGEMENT PLC
[+]	METRO BANK PLC
[+]	MARKS & SPENCER GROUP PLC
[+]	PREMIER OIL PLC
[+]	KINGFISHER PLC
[+]	PLUS500 LTD


THE SOFTWARE IS PROVIDED 'AS IS', WITHOUT WARRANTY OF ANY KIND, EXPRESS OR IMPLIED, INCLUDING BUT NOT LIMITED TO THE WARRANTIES OF MERCHANTABILITY, FITNESS FOR A PARTICULAR PURPOSE, TITLE AND NON-INFRINGEMENT. IN NO EVENT SHALL THE COPYRIGHT HOLDERS OR ANYONE DISTRIBUTING THE SOFTWARE BE LIABLE FOR ANY DAMAGES OR OTHER LIABILITY, WHETHER IN CONTRACT, TORT OR OTHERWISE, ARISING FROM, OUT OF OR IN CONNECTION WITH THE SOFTWARE OR THE USE OR OTHER DEALINGS IN THE SOFTWARE.

Dont forget to tip your server!
Bitcoin Cash (BCH)			qpz32c4lg7x7lnk9jg6qg7s4uavdce89myax5v5nuk
Ether (ETH)			0x843d3DEC2A4705BD4f45F674F641cE2D0022c9FB
Litecoin (LTC)			Lfk5y4F7KZa9oRxpazETwjQnHszEPvqPvu
Bitcoin (BTC)			14Dm7L3ABPtumPDcj3REAvs4L6w9YFRnHK
