##################################
##################################
##################################
Most Shorted Shares since [2019-10-03]
##################################
##################################
##################################

           Name of Share Issuer  Position Holder
0         WOOD GROUP (JOHN) PLC                9
1     Flutter Entertainment plc                8
2         AUTO TRADER GROUP PLC                5
3        BABCOCK INTL GROUP PLC                5
4               CINEWORLD GROUP                4
5                   EASYJET PLC                4
6                KINGFISHER PLC                4
7                   PEARSON PLC                4
8                Royal Mail Plc                4
9                      ASOS PLC                3
10         BLUE PRISM GROUP PLC                3
11                   CAPITA PLC                3
12     DOMINO'S PIZZA GROUP PLC                3
13             DUNELM GROUP PLC                3
14      HARGREAVES LANSDOWN PLC                3
15                  Hunting PLC                3
16          JOHNSON MATTHEY PLC                3
17  JUPITER FUND MANAGEMENT PLC                3
18         KEYWORDS STUDIOS PLC                3
19               METRO BANK PLC                3

          Name of Share Issuer  Net Short Position (%)
0        WOOD GROUP (JOHN) PLC                    7.94
1    Flutter Entertainment plc                    6.68
2       BABCOCK INTL GROUP PLC                    5.48
3               Royal Mail Plc                    5.17
4               METRO BANK PLC                    5.10
5                  EASYJET PLC                    4.96
6   CREST NICHOLSON HLDGS  PLC                    4.95
7               KINGFISHER PLC                    4.79
8              CINEWORLD GROUP                    4.77
9               NMC HEALTH PLC                    4.50
10                  CAPITA PLC                    3.71
11       AUTO TRADER GROUP PLC                    3.52
12              Kier Group plc                    3.48
13                    ASOS PLC                    3.47
14             MITIE GROUP PLC                    3.36
15         INTU PROPERTIES PLC                    3.25
16            DUNELM GROUP PLC                    3.21
17                 PEARSON PLC                    3.14
18     HARGREAVES LANSDOWN PLC                    2.99
19                 PLUS500 LTD                    2.88

#########[+]SUMMARY MOST OVERALL SHORTED[+]######################
#########[+]SUMMARY MOST OVERALL SHORTED[+]######################
#########[+]SUMMARY MOST OVERALL SHORTED[+]######################

[+]	AUTO TRADER GROUP PLC
[+]	DUNELM GROUP PLC
[+]	PEARSON PLC
[+]	WOOD GROUP (JOHN) PLC
[+]	BABCOCK INTL GROUP PLC
[+]	CAPITA PLC
[+]	ASOS PLC
[+]	METRO BANK PLC
[+]	Royal Mail Plc
[+]	Flutter Entertainment plc
[+]	CINEWORLD GROUP
[+]	EASYJET PLC
[+]	KINGFISHER PLC
[+]	HARGREAVES LANSDOWN PLC


THE SOFTWARE IS PROVIDED 'AS IS', WITHOUT WARRANTY OF ANY KIND, EXPRESS OR IMPLIED, INCLUDING BUT NOT LIMITED TO THE WARRANTIES OF MERCHANTABILITY, FITNESS FOR A PARTICULAR PURPOSE, TITLE AND NON-INFRINGEMENT. IN NO EVENT SHALL THE COPYRIGHT HOLDERS OR ANYONE DISTRIBUTING THE SOFTWARE BE LIABLE FOR ANY DAMAGES OR OTHER LIABILITY, WHETHER IN CONTRACT, TORT OR OTHERWISE, ARISING FROM, OUT OF OR IN CONNECTION WITH THE SOFTWARE OR THE USE OR OTHER DEALINGS IN THE SOFTWARE.

Dont forget to tip your server!
Bitcoin Cash (BCH)			qpz32c4lg7x7lnk9jg6qg7s4uavdce89myax5v5nuk
Ether (ETH)			0x843d3DEC2A4705BD4f45F674F641cE2D0022c9FB
Litecoin (LTC)			Lfk5y4F7KZa9oRxpazETwjQnHszEPvqPvu
Bitcoin (BTC)			14Dm7L3ABPtumPDcj3REAvs4L6w9YFRnHK
