##################################
##################################
##################################
Most Shorted Shares since [2019-05-05]
##################################
##################################
##################################

          Name of Share Issuer  Position Holder
0               METRO BANK PLC                5
1  JUPITER FUND MANAGEMENT PLC                4
2          SIRIUS MINERALS PLC                4
3                       AA PLC                3
4          GREENCORE GROUP PLC                3
5              PREMIER OIL PLC                3
6            ADMIRAL GROUP PLC                2
7                     ASOS PLC                2
8             CAIRN ENERGY PLC                2
9                  DIGNITY PLC                2

          Name of Share Issuer  Net Short Position (%)
0                       AA PLC                    7.85
1               METRO BANK PLC                    5.36
2          GREENCORE GROUP PLC                    4.52
3          SIRIUS MINERALS PLC                    3.77
4        THOMAS COOK GROUP PLC                    3.32
5    MARKS & SPENCER GROUP PLC                    3.27
6              PREMIER OIL PLC                    3.26
7           Go-Ahead Group PLC                    3.18
8           ANGLO AMERICAN PLC                    3.08
9  JUPITER FUND MANAGEMENT PLC                    3.04

#########[+]SUMMARY MOST OVERALL SHORTED[+]######################
#########[+]SUMMARY MOST OVERALL SHORTED[+]######################
#########[+]SUMMARY MOST OVERALL SHORTED[+]######################

[+]	GREENCORE GROUP PLC
[+]	ADMIRAL GROUP PLC
[+]	JUPITER FUND MANAGEMENT PLC
[+]	DIGNITY PLC
[+]	ASOS PLC
[+]	METRO BANK PLC
[+]	AA PLC
[+]	SIRIUS MINERALS PLC
[+]	CAIRN ENERGY PLC
[+]	PREMIER OIL PLC
[+]	Go-Ahead Group PLC
[+]	THOMAS COOK GROUP PLC
[+]	MARKS & SPENCER GROUP PLC
[+]	ANGLO AMERICAN PLC