##################################
##################################
##################################
Most Shorted Shares since [2019-10-15]
##################################
##################################
##################################

           Name of Share Issuer  Position Holder
0     Flutter Entertainment plc                7
1         WOOD GROUP (JOHN) PLC                7
2                KINGFISHER PLC                5
3                 A.G. Barr PLC                4
4         AUTO TRADER GROUP PLC                4
5        BABCOCK INTL GROUP PLC                4
6                   EASYJET PLC                4
7                Royal Mail Plc                4
8                      ASOS PLC                3
9          BLUE PRISM GROUP PLC                3
10                   CAPITA PLC                3
11              CINEWORLD GROUP                3
12     DOMINO'S PIZZA GROUP PLC                3
13                HAMMERSON PLC                3
14  JUPITER FUND MANAGEMENT PLC                3
15               Kier Group plc                3
16                  PEARSON PLC                3
17                  PLUS500 LTD                3
18          SIRIUS MINERALS PLC                3

          Name of Share Issuer  Net Short Position (%)
0        WOOD GROUP (JOHN) PLC                    7.26
1    Flutter Entertainment plc                    6.52
2               KINGFISHER PLC                    5.65
3          GREENCORE GROUP PLC                    5.50
4                  EASYJET PLC                    5.46
5               Royal Mail Plc                    4.87
6   CREST NICHOLSON HLDGS  PLC                    4.33
7               Kier Group plc                    4.00
8          INTU PROPERTIES PLC                    3.96
9                   CAPITA PLC                    3.83
10               A.G. Barr PLC                    3.68
11                 PLUS500 LTD                    3.66
12      BABCOCK INTL GROUP PLC                    3.59
13             CINEWORLD GROUP                    3.58
14              NMC HEALTH PLC                    3.43
15                    ASOS PLC                    3.38
16     LANCASHIRE HOLDINGS LTD                    3.19
17    DOMINO'S PIZZA GROUP PLC                    3.01
18        BLUE PRISM GROUP PLC                    2.96
19         SIRIUS MINERALS PLC                    2.88

#########[+]SUMMARY MOST OVERALL SHORTED[+]######################
#########[+]SUMMARY MOST OVERALL SHORTED[+]######################
#########[+]SUMMARY MOST OVERALL SHORTED[+]######################

[+]	BLUE PRISM GROUP PLC
[+]	PLUS500 LTD
[+]	SIRIUS MINERALS PLC
[+]	WOOD GROUP (JOHN) PLC
[+]	ASOS PLC
[+]	DOMINO'S PIZZA GROUP PLC
[+]	EASYJET PLC
[+]	Flutter Entertainment plc
[+]	Kier Group plc
[+]	A.G. Barr PLC
[+]	BABCOCK INTL GROUP PLC
[+]	KINGFISHER PLC
[+]	CAPITA PLC
[+]	Royal Mail Plc
[+]	CINEWORLD GROUP


THE SOFTWARE IS PROVIDED 'AS IS', WITHOUT WARRANTY OF ANY KIND, EXPRESS OR IMPLIED, INCLUDING BUT NOT LIMITED TO THE WARRANTIES OF MERCHANTABILITY, FITNESS FOR A PARTICULAR PURPOSE, TITLE AND NON-INFRINGEMENT. IN NO EVENT SHALL THE COPYRIGHT HOLDERS OR ANYONE DISTRIBUTING THE SOFTWARE BE LIABLE FOR ANY DAMAGES OR OTHER LIABILITY, WHETHER IN CONTRACT, TORT OR OTHERWISE, ARISING FROM, OUT OF OR IN CONNECTION WITH THE SOFTWARE OR THE USE OR OTHER DEALINGS IN THE SOFTWARE.

Dont forget to tip your server!
Bitcoin Cash (BCH)			qpz32c4lg7x7lnk9jg6qg7s4uavdce89myax5v5nuk
Ether (ETH)			0x843d3DEC2A4705BD4f45F674F641cE2D0022c9FB
Litecoin (LTC)			Lfk5y4F7KZa9oRxpazETwjQnHszEPvqPvu
Bitcoin (BTC)			14Dm7L3ABPtumPDcj3REAvs4L6w9YFRnHK
