##################################
##################################
##################################
Most Shorted Shares since [2019-09-30]
##################################
##################################
##################################

           Name of Share Issuer  Position Holder
0         WOOD GROUP (JOHN) PLC                9
1     Flutter Entertainment plc                7
2                   PEARSON PLC                7
3            WEIR GROUP PLC/THE                6
4         AUTO TRADER GROUP PLC                5
5        BABCOCK INTL GROUP PLC                5
6               CINEWORLD GROUP                5
7   JUPITER FUND MANAGEMENT PLC                5
8                Royal Mail Plc                5
9      DOMINO'S PIZZA GROUP PLC                4
10               KINGFISHER PLC                4
11                  PLUS500 LTD                4
12                     ASOS PLC                3
13         BLUE PRISM GROUP PLC                3
14          BRITISH LAND CO PLC                3
15             DUNELM GROUP PLC                3
16                  EASYJET PLC                3
17      HARGREAVES LANSDOWN PLC                3
18                  Hunting PLC                3
19          JOHNSON MATTHEY PLC                3

           Name of Share Issuer  Net Short Position (%)
0         WOOD GROUP (JOHN) PLC                    7.81
1                   PEARSON PLC                    6.13
2                       SIG PLC                    6.07
3                Royal Mail Plc                    5.94
4        BABCOCK INTL GROUP PLC                    5.39
5               CINEWORLD GROUP                    5.28
6                METRO BANK PLC                    5.18
7     Flutter Entertainment plc                    5.10
8    CREST NICHOLSON HLDGS  PLC                    4.97
9   JUPITER FUND MANAGEMENT PLC                    4.90
10               KINGFISHER PLC                    4.86
11           WEIR GROUP PLC/THE                    4.78
12               NMC HEALTH PLC                    4.60
13                  EASYJET PLC                    4.25
14              MITIE GROUP PLC                    4.00
15                  PLUS500 LTD                    3.98
16          INTU PROPERTIES PLC                    3.80
17        AUTO TRADER GROUP PLC                    3.73
18               Kier Group plc                    3.58
19                     ASOS PLC                    3.56

#########[+]SUMMARY MOST OVERALL SHORTED[+]######################
#########[+]SUMMARY MOST OVERALL SHORTED[+]######################
#########[+]SUMMARY MOST OVERALL SHORTED[+]######################

[+]	WEIR GROUP PLC/THE
[+]	BABCOCK INTL GROUP PLC
[+]	WOOD GROUP (JOHN) PLC
[+]	CINEWORLD GROUP
[+]	Flutter Entertainment plc
[+]	KINGFISHER PLC
[+]	ASOS PLC
[+]	JUPITER FUND MANAGEMENT PLC
[+]	PEARSON PLC
[+]	Royal Mail Plc
[+]	PLUS500 LTD
[+]	AUTO TRADER GROUP PLC
[+]	EASYJET PLC


THE SOFTWARE IS PROVIDED 'AS IS', WITHOUT WARRANTY OF ANY KIND, EXPRESS OR IMPLIED, INCLUDING BUT NOT LIMITED TO THE WARRANTIES OF MERCHANTABILITY, FITNESS FOR A PARTICULAR PURPOSE, TITLE AND NON-INFRINGEMENT. IN NO EVENT SHALL THE COPYRIGHT HOLDERS OR ANYONE DISTRIBUTING THE SOFTWARE BE LIABLE FOR ANY DAMAGES OR OTHER LIABILITY, WHETHER IN CONTRACT, TORT OR OTHERWISE, ARISING FROM, OUT OF OR IN CONNECTION WITH THE SOFTWARE OR THE USE OR OTHER DEALINGS IN THE SOFTWARE.

Dont forget to tip your server!
Bitcoin Cash (BCH)			qpz32c4lg7x7lnk9jg6qg7s4uavdce89myax5v5nuk
Ether (ETH)			0x843d3DEC2A4705BD4f45F674F641cE2D0022c9FB
Litecoin (LTC)			Lfk5y4F7KZa9oRxpazETwjQnHszEPvqPvu
Bitcoin (BTC)			14Dm7L3ABPtumPDcj3REAvs4L6w9YFRnHK
