##################################
##################################
##################################
Most Shorted Shares since [2019-06-12]
##################################
##################################
##################################

            Name of Share Issuer  Position Holder
0                 Kier Group plc                6
1   SMITH (DAVID S) HOLDINGS PLC                6
2                    EASYJET PLC                5
3          WOOD GROUP (JOHN) PLC                5
4                       ASOS PLC                4
5               CAIRN ENERGY PLC                4
6                     CAPITA PLC                4
7    JUPITER FUND MANAGEMENT PLC                4
8      MARKS & SPENCER GROUP PLC                4
9                   PETROFAC LTD                4
10              SEVERN TRENT PLC                4
11         THOMAS COOK GROUP PLC                4
12                        AA PLC                3
13         AUTO TRADER GROUP PLC                3
14           GREENCORE GROUP PLC                3
15                  JUST EAT PLC                3
16             MAJESTIC WINE PLC                3
17                   PLUS500 LTD                3
18               PREMIER OIL PLC                3
19                   VICTREX PLC                3

            Name of Share Issuer  Net Short Position (%)
0                 Kier Group plc                    9.79
1          THOMAS COOK GROUP PLC                    5.27
2      MARKS & SPENCER GROUP PLC                    4.84
3          WOOD GROUP (JOHN) PLC                    4.42
4            GREENCORE GROUP PLC                    4.22
5                   PETROFAC LTD                    4.21
6                        SIG PLC                    4.20
7                 NMC HEALTH PLC                    3.93
8                    EASYJET PLC                    3.92
9   SMITH (DAVID S) HOLDINGS PLC                    3.90
10               PREMIER OIL PLC                    3.86
11           SIRIUS MINERALS PLC                    3.32
12             MAJESTIC WINE PLC                    3.17
13        PETS AT HOME GROUP PLC                    3.13
14               Ensco Rowan plc                    3.03
15                      ASOS PLC                    3.01
16                 Marston's plc                    2.99
17                    CAPITA PLC                    2.97
18                  JUST EAT PLC                    2.97
19   JUPITER FUND MANAGEMENT PLC                    2.92

#########[+]SUMMARY MOST OVERALL SHORTED[+]######################
#########[+]SUMMARY MOST OVERALL SHORTED[+]######################
#########[+]SUMMARY MOST OVERALL SHORTED[+]######################

[+]	PREMIER OIL PLC
[+]	GREENCORE GROUP PLC
[+]	WOOD GROUP (JOHN) PLC
[+]	CAPITA PLC
[+]	EASYJET PLC
[+]	JUST EAT PLC
[+]	MAJESTIC WINE PLC
[+]	THOMAS COOK GROUP PLC
[+]	MARKS & SPENCER GROUP PLC
[+]	SMITH (DAVID S) HOLDINGS PLC
[+]	PETROFAC LTD
[+]	JUPITER FUND MANAGEMENT PLC
[+]	ASOS PLC
[+]	Kier Group plc


THE SOFTWARE IS PROVIDED 'AS IS', WITHOUT WARRANTY OF ANY KIND, EXPRESS OR IMPLIED, INCLUDING BUT NOT LIMITED TO THE WARRANTIES OF MERCHANTABILITY, FITNESS FOR A PARTICULAR PURPOSE, TITLE AND NON-INFRINGEMENT. IN NO EVENT SHALL THE COPYRIGHT HOLDERS OR ANYONE DISTRIBUTING THE SOFTWARE BE LIABLE FOR ANY DAMAGES OR OTHER LIABILITY, WHETHER IN CONTRACT, TORT OR OTHERWISE, ARISING FROM, OUT OF OR IN CONNECTION WITH THE SOFTWARE OR THE USE OR OTHER DEALINGS IN THE SOFTWARE.

Dont forget to tip your server!
Bitcoin Cash (BCH)			qpz32c4lg7x7lnk9jg6qg7s4uavdce89myax5v5nuk
Ether (ETH)			0x843d3DEC2A4705BD4f45F674F641cE2D0022c9FB
Litecoin (LTC)			Lfk5y4F7KZa9oRxpazETwjQnHszEPvqPvu
Bitcoin (BTC)			14Dm7L3ABPtumPDcj3REAvs4L6w9YFRnHK
