##################################
##################################
##################################
Most Shorted Shares since [2019-05-03]
##################################
##################################
##################################

            Name of Share Issuer  Position Holder
0    JUPITER FUND MANAGEMENT PLC                6
1                 METRO BANK PLC                5
2          WOOD GROUP (JOHN) PLC                5
3      MARKS & SPENCER GROUP PLC                4
4            SIRIUS MINERALS PLC                4
5          THOMAS COOK GROUP PLC                4
6                         AA PLC                3
7             ANGLO AMERICAN PLC                3
8         BABCOCK INTL GROUP PLC                3
9                     CAPITA PLC                3
10           GREENCORE GROUP PLC                3
11                 HAMMERSON PLC                3
12                  JUST EAT PLC                3
13                Kier Group plc                3
14                  PETROFAC LTD                3
15                   PLUS500 LTD                3
16               PREMIER OIL PLC                3
17                Royal Mail Plc                3
18  SMITH (DAVID S) HOLDINGS PLC                3
19                   VICTREX PLC                3

           Name of Share Issuer  Net Short Position (%)
0                METRO BANK PLC                    8.55
1                        AA PLC                    8.17
2         THOMAS COOK GROUP PLC                    6.88
3         WOOD GROUP (JOHN) PLC                    5.53
4            ANGLO AMERICAN PLC                    5.08
5           GREENCORE GROUP PLC                    4.91
6     MARKS & SPENCER GROUP PLC                    4.87
7   JUPITER FUND MANAGEMENT PLC                    4.81
8    CREST NICHOLSON HLDGS  PLC                    4.59
9           SIRIUS MINERALS PLC                    4.57
10               Kier Group plc                    4.04
11                  PLUS500 LTD                    3.35
12           Go-Ahead Group PLC                    3.25
13               Royal Mail Plc                    3.01
14              PREMIER OIL PLC                    2.99
15              Ensco Rowan plc                    2.90
16           HALFORDS GROUP PLC                    2.85
17                 JUST EAT PLC                    2.82
18               NMC HEALTH PLC                    2.80
19                  DIGNITY PLC                    2.64

#########[+]SUMMARY MOST OVERALL SHORTED[+]######################
#########[+]SUMMARY MOST OVERALL SHORTED[+]######################
#########[+]SUMMARY MOST OVERALL SHORTED[+]######################

[+]	SIRIUS MINERALS PLC
[+]	METRO BANK PLC
[+]	THOMAS COOK GROUP PLC
[+]	Kier Group plc
[+]	WOOD GROUP (JOHN) PLC
[+]	PREMIER OIL PLC
[+]	JUPITER FUND MANAGEMENT PLC
[+]	ANGLO AMERICAN PLC
[+]	JUST EAT PLC
[+]	GREENCORE GROUP PLC
[+]	MARKS & SPENCER GROUP PLC
[+]	PLUS500 LTD
[+]	Royal Mail Plc
[+]	AA PLC


THE SOFTWARE IS PROVIDED 'AS IS', WITHOUT WARRANTY OF ANY KIND, EXPRESS OR IMPLIED, INCLUDING BUT NOT LIMITED TO THE WARRANTIES OF MERCHANTABILITY, FITNESS FOR A PARTICULAR PURPOSE, TITLE AND NON-INFRINGEMENT. IN NO EVENT SHALL THE COPYRIGHT HOLDERS OR ANYONE DISTRIBUTING THE SOFTWARE BE LIABLE FOR ANY DAMAGES OR OTHER LIABILITY, WHETHER IN CONTRACT, TORT OR OTHERWISE, ARISING FROM, OUT OF OR IN CONNECTION WITH THE SOFTWARE OR THE USE OR OTHER DEALINGS IN THE SOFTWARE.

Dont forget to tip your server!
Bitcoin Cash (BCH)			qpz32c4lg7x7lnk9jg6qg7s4uavdce89myax5v5nuk
Ether (ETH)			0x843d3DEC2A4705BD4f45F674F641cE2D0022c9FB
Litecoin (LTC)			Lfk5y4F7KZa9oRxpazETwjQnHszEPvqPvu
Bitcoin (BTC)			14Dm7L3ABPtumPDcj3REAvs4L6w9YFRnHK
