##################################
##################################
##################################
Most Shorted Shares since [2019-04-25]
##################################
##################################
##################################

            Name of Share Issuer  Position Holder
0                 METRO BANK PLC                7
1            SIRIUS MINERALS PLC                7
2    JUPITER FUND MANAGEMENT PLC                6
3                     CAPITA PLC                5
4            GREENCORE GROUP PLC                4
5                    PEARSON PLC                4
6                 Royal Mail Plc                4
7   SMITH (DAVID S) HOLDINGS PLC                4
8          WOOD GROUP (JOHN) PLC                4
9                         AA PLC                3
10                      ASOS PLC                3
11              CAIRN ENERGY PLC                3
12      DOMINO'S PIZZA GROUP PLC                3
13                 HAMMERSON PLC                3
14                  JUST EAT PLC                3
15                KINGFISHER PLC                3
16                Kier Group plc                3
17     MARKS & SPENCER GROUP PLC                3
18               PREMIER OIL PLC                3
19             SAINSBURY (J) PLC                3

           Name of Share Issuer  Net Short Position (%)
0                METRO BANK PLC                   10.19
1                        AA PLC                    7.85
2           SIRIUS MINERALS PLC                    7.84
3           GREENCORE GROUP PLC                    5.11
4                       IQE PLC                    4.80
5   JUPITER FUND MANAGEMENT PLC                    4.49
6         THOMAS COOK GROUP PLC                    4.46
7     MARKS & SPENCER GROUP PLC                    4.42
8                    CAPITA PLC                    4.24
9                      ASOS PLC                    4.09
10               Kier Group plc                    4.07
11                  PEARSON PLC                    4.07
12        WOOD GROUP (JOHN) PLC                    3.79
13           ANGLO AMERICAN PLC                    3.76
14              PREMIER OIL PLC                    3.26
15           Go-Ahead Group PLC                    3.18
16               NMC HEALTH PLC                    3.12
17               KINGFISHER PLC                    3.04
18                  DIGNITY PLC                    2.96
19              Ensco Rowan plc                    2.90

#########[+]SUMMARY MOST OVERALL SHORTED[+]######################
#########[+]SUMMARY MOST OVERALL SHORTED[+]######################
#########[+]SUMMARY MOST OVERALL SHORTED[+]######################

[+]	WOOD GROUP (JOHN) PLC
[+]	MARKS & SPENCER GROUP PLC
[+]	Kier Group plc
[+]	PREMIER OIL PLC
[+]	ASOS PLC
[+]	GREENCORE GROUP PLC
[+]	JUPITER FUND MANAGEMENT PLC
[+]	AA PLC
[+]	METRO BANK PLC
[+]	PEARSON PLC
[+]	SIRIUS MINERALS PLC
[+]	KINGFISHER PLC
[+]	CAPITA PLC