##################################
##################################
##################################
Most Shorted Shares since [2019-07-31]
##################################
##################################
##################################

             Name of Share Issuer  Position Holder
0              WEIR GROUP PLC/THE                6
1                        ASOS PLC                5
2          Arrow Global Group plc                5
3                 CINEWORLD GROUP                5
4                  Kier Group plc                5
5                    PETROFAC LTD                5
6                SEVERN TRENT PLC                5
7             SIRIUS MINERALS PLC                5
8           WOOD GROUP (JOHN) PLC                5
9          BABCOCK INTL GROUP PLC                4
10                    BEAZLEY PLC                4
11                       CYBG PLC                4
12                  HAMMERSON PLC                4
13                 KINGFISHER PLC                4
14                 METRO BANK PLC                4
15                 NMC HEALTH PLC                4
16                PREMIER OIL PLC                4
17          THOMAS COOK GROUP PLC                4
18  CAPITAL & COUNTIES PROPERTIES                3
19            DIXONS CARPHONE PLC                3

      Name of Share Issuer  Net Short Position (%)
0           Kier Group plc                   11.30
1    THOMAS COOK GROUP PLC                    7.82
2           METRO BANK PLC                    7.48
3      GREENCORE GROUP PLC                    6.41
4      SIRIUS MINERALS PLC                    5.81
5             PETROFAC LTD                    5.71
6           NMC HEALTH PLC                    5.39
7          PREMIER OIL PLC                    5.30
8                 ASOS PLC                    5.10
9   Arrow Global Group plc                    5.05
10                 SIG PLC                    4.98
11         CINEWORLD GROUP                    4.84
12  BABCOCK INTL GROUP PLC                    4.77
13          KINGFISHER PLC                    4.36
14      WEIR GROUP PLC/THE                    4.25
15   WOOD GROUP (JOHN) PLC                    4.11
16             PEARSON PLC                    4.08
17        SEVERN TRENT PLC                    3.92
18           Marston's plc                    3.83
19             PLUS500 LTD                    3.66

#########[+]SUMMARY MOST OVERALL SHORTED[+]######################
#########[+]SUMMARY MOST OVERALL SHORTED[+]######################
#########[+]SUMMARY MOST OVERALL SHORTED[+]######################

[+]	SIRIUS MINERALS PLC
[+]	BABCOCK INTL GROUP PLC
[+]	Kier Group plc
[+]	Arrow Global Group plc
[+]	METRO BANK PLC
[+]	PETROFAC LTD
[+]	CINEWORLD GROUP
[+]	WOOD GROUP (JOHN) PLC
[+]	ASOS PLC
[+]	THOMAS COOK GROUP PLC
[+]	KINGFISHER PLC
[+]	WEIR GROUP PLC/THE
[+]	PREMIER OIL PLC
[+]	SEVERN TRENT PLC
[+]	NMC HEALTH PLC


THE SOFTWARE IS PROVIDED 'AS IS', WITHOUT WARRANTY OF ANY KIND, EXPRESS OR IMPLIED, INCLUDING BUT NOT LIMITED TO THE WARRANTIES OF MERCHANTABILITY, FITNESS FOR A PARTICULAR PURPOSE, TITLE AND NON-INFRINGEMENT. IN NO EVENT SHALL THE COPYRIGHT HOLDERS OR ANYONE DISTRIBUTING THE SOFTWARE BE LIABLE FOR ANY DAMAGES OR OTHER LIABILITY, WHETHER IN CONTRACT, TORT OR OTHERWISE, ARISING FROM, OUT OF OR IN CONNECTION WITH THE SOFTWARE OR THE USE OR OTHER DEALINGS IN THE SOFTWARE.

Dont forget to tip your server!
Bitcoin Cash (BCH)			qpz32c4lg7x7lnk9jg6qg7s4uavdce89myax5v5nuk
Ether (ETH)			0x843d3DEC2A4705BD4f45F674F641cE2D0022c9FB
Litecoin (LTC)			Lfk5y4F7KZa9oRxpazETwjQnHszEPvqPvu
Bitcoin (BTC)			14Dm7L3ABPtumPDcj3REAvs4L6w9YFRnHK
