##################################
##################################
##################################
Most Shorted Shares since [2019-09-09]
##################################
##################################
##################################

        Name of Share Issuer  Position Holder
0                     AA PLC                5
1              HAMMERSON PLC                5
2             KINGFISHER PLC                5
3        SIRIUS MINERALS PLC                5
4         WEIR GROUP PLC/THE                5
5      WOOD GROUP (JOHN) PLC                5
6                   ASOS PLC                4
7      AUTO TRADER GROUP PLC                4
8     BABCOCK INTL GROUP PLC                4
9       KEYWORDS STUDIOS PLC                4
10            METRO BANK PLC                4
11  WM MORRISON SUPERMARKETS                4
12             A.G. Barr PLC                3
13          AO WORLD PLC ORD                3
14    Arrow Global Group plc                3
15           CINEWORLD GROUP                3
16            Kier Group plc                3
17               PLUS500 LTD                3
18           PREMIER OIL PLC                3
19            Royal Mail Plc                3

                           Name of Share Issuer  Net Short Position (%)
0                                METRO BANK PLC                    7.76
1                                Kier Group plc                    6.45
2                                        AA PLC                    5.57
3                         THOMAS COOK GROUP PLC                    4.80
4                                KINGFISHER PLC                    4.73
5                       LANCASHIRE HOLDINGS LTD                    4.65
6                                 HAMMERSON PLC                    4.54
7                            WEIR GROUP PLC/THE                    4.52
8                           SIRIUS MINERALS PLC                    4.51
9                         WOOD GROUP (JOHN) PLC                    4.40
10                               NMC HEALTH PLC                    4.29
11                                     ASOS PLC                    4.26
12                              PREMIER OIL PLC                    3.77
13                         KEYWORDS STUDIOS PLC                    3.64
14                     WM MORRISON SUPERMARKETS                    3.61
15                        AUTO TRADER GROUP PLC                    3.57
16                       BABCOCK INTL GROUP PLC                    3.40
17                                  EASYJET PLC                    3.29
18                                  PLUS500 LTD                    3.29
19  Invesco Currency Shares Euro Currency Trust                    3.14

#########[+]SUMMARY MOST OVERALL SHORTED[+]######################
#########[+]SUMMARY MOST OVERALL SHORTED[+]######################
#########[+]SUMMARY MOST OVERALL SHORTED[+]######################

[+]	HAMMERSON PLC
[+]	BABCOCK INTL GROUP PLC
[+]	METRO BANK PLC
[+]	AUTO TRADER GROUP PLC
[+]	AA PLC
[+]	SIRIUS MINERALS PLC
[+]	KEYWORDS STUDIOS PLC
[+]	KINGFISHER PLC
[+]	WOOD GROUP (JOHN) PLC
[+]	PREMIER OIL PLC
[+]	Kier Group plc
[+]	ASOS PLC
[+]	PLUS500 LTD
[+]	WM MORRISON SUPERMARKETS
[+]	WEIR GROUP PLC/THE


THE SOFTWARE IS PROVIDED 'AS IS', WITHOUT WARRANTY OF ANY KIND, EXPRESS OR IMPLIED, INCLUDING BUT NOT LIMITED TO THE WARRANTIES OF MERCHANTABILITY, FITNESS FOR A PARTICULAR PURPOSE, TITLE AND NON-INFRINGEMENT. IN NO EVENT SHALL THE COPYRIGHT HOLDERS OR ANYONE DISTRIBUTING THE SOFTWARE BE LIABLE FOR ANY DAMAGES OR OTHER LIABILITY, WHETHER IN CONTRACT, TORT OR OTHERWISE, ARISING FROM, OUT OF OR IN CONNECTION WITH THE SOFTWARE OR THE USE OR OTHER DEALINGS IN THE SOFTWARE.

Dont forget to tip your server!
Bitcoin Cash (BCH)			qpz32c4lg7x7lnk9jg6qg7s4uavdce89myax5v5nuk
Ether (ETH)			0x843d3DEC2A4705BD4f45F674F641cE2D0022c9FB
Litecoin (LTC)			Lfk5y4F7KZa9oRxpazETwjQnHszEPvqPvu
Bitcoin (BTC)			14Dm7L3ABPtumPDcj3REAvs4L6w9YFRnHK
