##################################
##################################
##################################
Most Shorted Shares since [2019-05-01]
##################################
##################################
##################################

            Name of Share Issuer  Position Holder
0    JUPITER FUND MANAGEMENT PLC                6
1                 METRO BANK PLC                5
2            SIRIUS MINERALS PLC                5
3          WOOD GROUP (JOHN) PLC                5
4            BRITISH LAND CO PLC                4
5                     CAPITA PLC                4
6            GREENCORE GROUP PLC                4
7                         AA PLC                3
8               CAIRN ENERGY PLC                3
9       DOMINO'S PIZZA GROUP PLC                3
10                 HAMMERSON PLC                3
11                  JUST EAT PLC                3
12                Kier Group plc                3
13     MARKS & SPENCER GROUP PLC                3
14                  PETROFAC LTD                3
15                   PLUS500 LTD                3
16               PREMIER OIL PLC                3
17  SMITH (DAVID S) HOLDINGS PLC                3
18             ADMIRAL GROUP PLC                2
19            ANGLO AMERICAN PLC                2

           Name of Share Issuer  Net Short Position (%)
0                METRO BANK PLC                    8.55
1                        AA PLC                    8.02
2         WOOD GROUP (JOHN) PLC                    5.95
3   JUPITER FUND MANAGEMENT PLC                    4.88
4           GREENCORE GROUP PLC                    4.88
5           SIRIUS MINERALS PLC                    4.84
6                       IQE PLC                    4.80
7         THOMAS COOK GROUP PLC                    4.36
8                Kier Group plc                    4.04
9    CREST NICHOLSON HLDGS  PLC                    3.97
10    MARKS & SPENCER GROUP PLC                    3.92
11                   CAPITA PLC                    3.86
12           ANGLO AMERICAN PLC                    3.68
13           Go-Ahead Group PLC                    3.25
14                  PLUS500 LTD                    3.24
15         RESTAURANT GROUP PLC                    3.07
16              PREMIER OIL PLC                    2.99
17              Ensco Rowan plc                    2.90
18          BRITISH LAND CO PLC                    2.86
19                  DIGNITY PLC                    2.86

#########[+]SUMMARY MOST OVERALL SHORTED[+]######################
#########[+]SUMMARY MOST OVERALL SHORTED[+]######################
#########[+]SUMMARY MOST OVERALL SHORTED[+]######################

[+]	CAPITA PLC
[+]	PREMIER OIL PLC
[+]	WOOD GROUP (JOHN) PLC
[+]	Kier Group plc
[+]	AA PLC
[+]	ANGLO AMERICAN PLC
[+]	SIRIUS MINERALS PLC
[+]	GREENCORE GROUP PLC
[+]	JUPITER FUND MANAGEMENT PLC
[+]	MARKS & SPENCER GROUP PLC
[+]	METRO BANK PLC
[+]	PLUS500 LTD
[+]	BRITISH LAND CO PLC


THE SOFTWARE IS PROVIDED 'AS IS', WITHOUT WARRANTY OF ANY KIND, EXPRESS OR IMPLIED, INCLUDING BUT NOT LIMITED TO THE WARRANTIES OF MERCHANTABILITY, FITNESS FOR A PARTICULAR PURPOSE, TITLE AND NON-INFRINGEMENT. IN NO EVENT SHALL THE COPYRIGHT HOLDERS OR ANYONE DISTRIBUTING THE SOFTWARE BE LIABLE FOR ANY DAMAGES OR OTHER LIABILITY, WHETHER IN CONTRACT, TORT OR OTHERWISE, ARISING FROM, OUT OF OR IN CONNECTION WITH THE SOFTWARE OR THE USE OR OTHER DEALINGS IN THE SOFTWARE.

Dont forget to tip your server!
Bitcoin Cash (BCH)			qpz32c4lg7x7lnk9jg6qg7s4uavdce89myax5v5nuk
Ether (ETH)			0x843d3DEC2A4705BD4f45F674F641cE2D0022c9FB
Litecoin (LTC)			Lfk5y4F7KZa9oRxpazETwjQnHszEPvqPvu
Bitcoin (BTC)			14Dm7L3ABPtumPDcj3REAvs4L6w9YFRnHK
