##################################
##################################
##################################
Most Shorted Shares since [2019-11-04]
##################################
##################################
##################################

           Name of Share Issuer  Position Holder
0     Flutter Entertainment plc                7
1               CINEWORLD GROUP                6
2        BABCOCK INTL GROUP PLC                5
3                  SPECTRIS PLC                5
4   JUPITER FUND MANAGEMENT PLC                4
5          KEYWORDS STUDIOS PLC                4
6                Kier Group plc                4
7                NMC HEALTH PLC                4
8           SIRIUS MINERALS PLC                4
9         WOOD GROUP (JOHN) PLC                4
10          DIXONS CARPHONE PLC                3
11     DOMINO'S PIZZA GROUP PLC                3
12           EQUINITI GROUP PLC                3
13          JOHNSON MATTHEY PLC                3
14               KINGFISHER PLC                3
15               METRO BANK PLC                3
16                  PEARSON PLC                3
17               Royal Mail Plc                3
18                    TED BAKER                3
19           TRAVIS PERKINS PLC                3

           Name of Share Issuer  Net Short Position (%)
0                METRO BANK PLC                    8.17
1               CINEWORLD GROUP                    6.92
2     Flutter Entertainment plc                    6.34
3        BABCOCK INTL GROUP PLC                    5.84
4                Kier Group plc                    5.53
5         WOOD GROUP (JOHN) PLC                    5.52
6           GREENCORE GROUP PLC                    5.37
7                       IQE PLC                    5.22
8                NMC HEALTH PLC                    4.99
9            Go-Ahead Group PLC                    4.42
10          SIRIUS MINERALS PLC                    4.00
11   CREST NICHOLSON HLDGS  PLC                    3.98
12           HALFORDS GROUP PLC                    3.94
13         KEYWORDS STUDIOS PLC                    3.94
14                  EASYJET PLC                    3.76
15               KINGFISHER PLC                    3.33
16     DOMINO'S PIZZA GROUP PLC                    3.22
17  JUPITER FUND MANAGEMENT PLC                    3.21
18                 SPECTRIS PLC                    3.20
19          INTU PROPERTIES PLC                    3.19

#########[+]SUMMARY MOST OVERALL SHORTED[+]######################
#########[+]SUMMARY MOST OVERALL SHORTED[+]######################
#########[+]SUMMARY MOST OVERALL SHORTED[+]######################

[+]	Kier Group plc
[+]	BABCOCK INTL GROUP PLC
[+]	KINGFISHER PLC
[+]	NMC HEALTH PLC
[+]	Flutter Entertainment plc
[+]	METRO BANK PLC
[+]	DOMINO'S PIZZA GROUP PLC
[+]	CINEWORLD GROUP
[+]	KEYWORDS STUDIOS PLC
[+]	SIRIUS MINERALS PLC
[+]	WOOD GROUP (JOHN) PLC
[+]	SPECTRIS PLC
[+]	JUPITER FUND MANAGEMENT PLC


THE SOFTWARE IS PROVIDED 'AS IS', WITHOUT WARRANTY OF ANY KIND, EXPRESS OR IMPLIED, INCLUDING BUT NOT LIMITED TO THE WARRANTIES OF MERCHANTABILITY, FITNESS FOR A PARTICULAR PURPOSE, TITLE AND NON-INFRINGEMENT. IN NO EVENT SHALL THE COPYRIGHT HOLDERS OR ANYONE DISTRIBUTING THE SOFTWARE BE LIABLE FOR ANY DAMAGES OR OTHER LIABILITY, WHETHER IN CONTRACT, TORT OR OTHERWISE, ARISING FROM, OUT OF OR IN CONNECTION WITH THE SOFTWARE OR THE USE OR OTHER DEALINGS IN THE SOFTWARE.

Dont forget to tip your server!
Bitcoin Cash (BCH)			qpz32c4lg7x7lnk9jg6qg7s4uavdce89myax5v5nuk
Ether (ETH)			0x843d3DEC2A4705BD4f45F674F641cE2D0022c9FB
Litecoin (LTC)			Lfk5y4F7KZa9oRxpazETwjQnHszEPvqPvu
Bitcoin (BTC)			14Dm7L3ABPtumPDcj3REAvs4L6w9YFRnHK
