##################################
##################################
##################################
Most Shorted Shares since [2019-09-27]
##################################
##################################
##################################

           Name of Share Issuer  Position Holder
0         WOOD GROUP (JOHN) PLC                8
1     Flutter Entertainment plc                7
2                   PEARSON PLC                7
3        BABCOCK INTL GROUP PLC                6
4               CINEWORLD GROUP                6
5            WEIR GROUP PLC/THE                6
6                 A.G. Barr PLC                5
7         AUTO TRADER GROUP PLC                5
8   JUPITER FUND MANAGEMENT PLC                5
9                Royal Mail Plc                5
10     DOMINO'S PIZZA GROUP PLC                4
11               KINGFISHER PLC                4
12               METRO BANK PLC                4
13                     ASOS PLC                3
14                  BEAZLEY PLC                3
15          BRITISH LAND CO PLC                3
16                     CYBG PLC                3
17             DUNELM GROUP PLC                3
18                  EASYJET PLC                3
19                  Hunting PLC                3

           Name of Share Issuer  Net Short Position (%)
0                METRO BANK PLC                    8.93
1         WOOD GROUP (JOHN) PLC                    7.40
2               CINEWORLD GROUP                    6.16
3                       SIG PLC                    6.07
4        BABCOCK INTL GROUP PLC                    6.07
5                   PEARSON PLC                    6.04
6            WEIR GROUP PLC/THE                    5.88
7                Royal Mail Plc                    5.72
8    CREST NICHOLSON HLDGS  PLC                    4.97
9   JUPITER FUND MANAGEMENT PLC                    4.90
10    Flutter Entertainment plc                    4.87
11               KINGFISHER PLC                    4.86
12               NMC HEALTH PLC                    4.60
13                A.G. Barr PLC                    4.57
14                  EASYJET PLC                    4.15
15              MITIE GROUP PLC                    4.00
16          INTU PROPERTIES PLC                    3.80
17        AUTO TRADER GROUP PLC                    3.73
18               Kier Group plc                    3.58
19                     ASOS PLC                    3.56

#########[+]SUMMARY MOST OVERALL SHORTED[+]######################
#########[+]SUMMARY MOST OVERALL SHORTED[+]######################
#########[+]SUMMARY MOST OVERALL SHORTED[+]######################

[+]	METRO BANK PLC
[+]	WEIR GROUP PLC/THE
[+]	WOOD GROUP (JOHN) PLC
[+]	CINEWORLD GROUP
[+]	AUTO TRADER GROUP PLC
[+]	ASOS PLC
[+]	PEARSON PLC
[+]	KINGFISHER PLC
[+]	EASYJET PLC
[+]	Royal Mail Plc
[+]	BABCOCK INTL GROUP PLC
[+]	JUPITER FUND MANAGEMENT PLC
[+]	A.G. Barr PLC
[+]	Flutter Entertainment plc


THE SOFTWARE IS PROVIDED 'AS IS', WITHOUT WARRANTY OF ANY KIND, EXPRESS OR IMPLIED, INCLUDING BUT NOT LIMITED TO THE WARRANTIES OF MERCHANTABILITY, FITNESS FOR A PARTICULAR PURPOSE, TITLE AND NON-INFRINGEMENT. IN NO EVENT SHALL THE COPYRIGHT HOLDERS OR ANYONE DISTRIBUTING THE SOFTWARE BE LIABLE FOR ANY DAMAGES OR OTHER LIABILITY, WHETHER IN CONTRACT, TORT OR OTHERWISE, ARISING FROM, OUT OF OR IN CONNECTION WITH THE SOFTWARE OR THE USE OR OTHER DEALINGS IN THE SOFTWARE.

Dont forget to tip your server!
Bitcoin Cash (BCH)			qpz32c4lg7x7lnk9jg6qg7s4uavdce89myax5v5nuk
Ether (ETH)			0x843d3DEC2A4705BD4f45F674F641cE2D0022c9FB
Litecoin (LTC)			Lfk5y4F7KZa9oRxpazETwjQnHszEPvqPvu
Bitcoin (BTC)			14Dm7L3ABPtumPDcj3REAvs4L6w9YFRnHK
