##################################
##################################
##################################
Most Shorted Shares since [2019-11-11]
##################################
##################################
##################################

           Name of Share Issuer  Position Holder
0               CINEWORLD GROUP                7
1     Flutter Entertainment plc                6
2          KEYWORDS STUDIOS PLC                5
3                KINGFISHER PLC                5
4        BABCOCK INTL GROUP PLC                4
5            EQUINITI GROUP PLC                4
6                NMC HEALTH PLC                4
7                  SPECTRIS PLC                4
8           DIXONS CARPHONE PLC                3
9      DOMINO'S PIZZA GROUP PLC                3
10                  EASYJET PLC                3
11  JUPITER FUND MANAGEMENT PLC                3
12               Kier Group plc                3
13               METRO BANK PLC                3
14              OCADO GROUP PLC                3
15             SEVERN TRENT PLC                3
16           TRAVIS PERKINS PLC                3
17                  VICTREX PLC                3
18          Virgin Money UK PLC                3
19           WEIR GROUP PLC/THE                3

          Name of Share Issuer  Net Short Position (%)
0              CINEWORLD GROUP                    8.76
1               METRO BANK PLC                    7.77
2    Flutter Entertainment plc                    5.91
3               NMC HEALTH PLC                    4.99
4         KEYWORDS STUDIOS PLC                    4.70
5               KINGFISHER PLC                    4.63
6           Go-Ahead Group PLC                    4.51
7                      IQE PLC                    4.43
8                  EASYJET PLC                    4.33
9       BABCOCK INTL GROUP PLC                    4.28
10       WOOD GROUP (JOHN) PLC                    4.12
11  CREST NICHOLSON HLDGS  PLC                    4.03
12              Kier Group plc                    3.85
13          WEIR GROUP PLC/THE                    3.84
14    DOMINO'S PIZZA GROUP PLC                    3.47
15                      AA PLC                    3.24
16      PETS AT HOME GROUP PLC                    3.10
17          EQUINITI GROUP PLC                    3.07
18                 VALARIS PLC                    3.00
19             MITIE GROUP PLC                    2.91

#########[+]SUMMARY MOST OVERALL SHORTED[+]######################
#########[+]SUMMARY MOST OVERALL SHORTED[+]######################
#########[+]SUMMARY MOST OVERALL SHORTED[+]######################

[+]	Kier Group plc
[+]	WEIR GROUP PLC/THE
[+]	EASYJET PLC
[+]	DOMINO'S PIZZA GROUP PLC
[+]	CINEWORLD GROUP
[+]	EQUINITI GROUP PLC
[+]	KINGFISHER PLC
[+]	METRO BANK PLC
[+]	BABCOCK INTL GROUP PLC
[+]	NMC HEALTH PLC
[+]	Flutter Entertainment plc
[+]	KEYWORDS STUDIOS PLC


THE SOFTWARE IS PROVIDED 'AS IS', WITHOUT WARRANTY OF ANY KIND, EXPRESS OR IMPLIED, INCLUDING BUT NOT LIMITED TO THE WARRANTIES OF MERCHANTABILITY, FITNESS FOR A PARTICULAR PURPOSE, TITLE AND NON-INFRINGEMENT. IN NO EVENT SHALL THE COPYRIGHT HOLDERS OR ANYONE DISTRIBUTING THE SOFTWARE BE LIABLE FOR ANY DAMAGES OR OTHER LIABILITY, WHETHER IN CONTRACT, TORT OR OTHERWISE, ARISING FROM, OUT OF OR IN CONNECTION WITH THE SOFTWARE OR THE USE OR OTHER DEALINGS IN THE SOFTWARE.

Dont forget to tip your server!
Bitcoin Cash (BCH)			qpz32c4lg7x7lnk9jg6qg7s4uavdce89myax5v5nuk
Ether (ETH)			0x843d3DEC2A4705BD4f45F674F641cE2D0022c9FB
Litecoin (LTC)			Lfk5y4F7KZa9oRxpazETwjQnHszEPvqPvu
Bitcoin (BTC)			14Dm7L3ABPtumPDcj3REAvs4L6w9YFRnHK
