##################################
##################################
##################################
Most Shorted Shares since [2019-06-28]
##################################
##################################
##################################

           Name of Share Issuer  Position Holder
0         WOOD GROUP (JOHN) PLC                5
1           GREENCORE GROUP PLC                4
2   JUPITER FUND MANAGEMENT PLC                4
3                  JUST EAT PLC                4
4                KINGFISHER PLC                4
5                Kier Group plc                4
6     MARKS & SPENCER GROUP PLC                4
7            ANGLO AMERICAN PLC                3
8        BABCOCK INTL GROUP PLC                3
9                    CAPITA PLC                3
10              CINEWORLD GROUP                3
11                  EASYJET PLC                3
12    MICRO FOCUS INTERNATIONAL                3
13                  PEARSON PLC                3
14                  PLUS500 LTD                3
15             SEVERN TRENT PLC                3
16               SUPERGROUP PLC                3
17        THOMAS COOK GROUP PLC                3
18           WEIR GROUP PLC/THE                3

            Name of Share Issuer  Net Short Position (%)
0                 Kier Group plc                    9.03
1            GREENCORE GROUP PLC                    7.66
2          THOMAS COOK GROUP PLC                    7.14
3          WOOD GROUP (JOHN) PLC                    6.21
4                        SIG PLC                    4.83
5                    PLUS500 LTD                    4.78
6            INTU PROPERTIES PLC                    4.46
7                    PEARSON PLC                    4.33
8                 KINGFISHER PLC                    4.22
9         BABCOCK INTL GROUP PLC                    4.09
10                METRO BANK PLC                    4.00
11                  JUST EAT PLC                    3.64
12   JUPITER FUND MANAGEMENT PLC                    3.61
13     MARKS & SPENCER GROUP PLC                    3.34
14                   EASYJET PLC                    2.96
15               GREENE KING PLC                    2.80
16            ANGLO AMERICAN PLC                    2.68
17            WEIR GROUP PLC/THE                    2.68
18  ACCESSO TECHNOLOGY GROUP PLC                    2.64
19              SEVERN TRENT PLC                    2.50

#########[+]SUMMARY MOST OVERALL SHORTED[+]######################
#########[+]SUMMARY MOST OVERALL SHORTED[+]######################
#########[+]SUMMARY MOST OVERALL SHORTED[+]######################

[+]	JUST EAT PLC
[+]	SEVERN TRENT PLC
[+]	PLUS500 LTD
[+]	PEARSON PLC
[+]	KINGFISHER PLC
[+]	WOOD GROUP (JOHN) PLC
[+]	WEIR GROUP PLC/THE
[+]	JUPITER FUND MANAGEMENT PLC
[+]	GREENCORE GROUP PLC
[+]	THOMAS COOK GROUP PLC
[+]	MARKS & SPENCER GROUP PLC
[+]	ANGLO AMERICAN PLC
[+]	BABCOCK INTL GROUP PLC
[+]	Kier Group plc
[+]	EASYJET PLC


THE SOFTWARE IS PROVIDED 'AS IS', WITHOUT WARRANTY OF ANY KIND, EXPRESS OR IMPLIED, INCLUDING BUT NOT LIMITED TO THE WARRANTIES OF MERCHANTABILITY, FITNESS FOR A PARTICULAR PURPOSE, TITLE AND NON-INFRINGEMENT. IN NO EVENT SHALL THE COPYRIGHT HOLDERS OR ANYONE DISTRIBUTING THE SOFTWARE BE LIABLE FOR ANY DAMAGES OR OTHER LIABILITY, WHETHER IN CONTRACT, TORT OR OTHERWISE, ARISING FROM, OUT OF OR IN CONNECTION WITH THE SOFTWARE OR THE USE OR OTHER DEALINGS IN THE SOFTWARE.

Dont forget to tip your server!
Bitcoin Cash (BCH)			qpz32c4lg7x7lnk9jg6qg7s4uavdce89myax5v5nuk
Ether (ETH)			0x843d3DEC2A4705BD4f45F674F641cE2D0022c9FB
Litecoin (LTC)			Lfk5y4F7KZa9oRxpazETwjQnHszEPvqPvu
Bitcoin (BTC)			14Dm7L3ABPtumPDcj3REAvs4L6w9YFRnHK
