##################################
##################################
##################################
Most Shorted Shares since [2019-06-14]
##################################
##################################
##################################

            Name of Share Issuer  Position Holder
0                    EASYJET PLC                5
1                 Kier Group plc                5
2   SMITH (DAVID S) HOLDINGS PLC                5
3          WOOD GROUP (JOHN) PLC                5
4                       ASOS PLC                4
5               CAIRN ENERGY PLC                4
6            GREENCORE GROUP PLC                4
7    JUPITER FUND MANAGEMENT PLC                4
8                   PETROFAC LTD                4
9               SEVERN TRENT PLC                4
10         THOMAS COOK GROUP PLC                4
11            ANGLO AMERICAN PLC                3
12                    CAPITA PLC                3
13                  JUST EAT PLC                3
14                     MONDI PLC                3
15                   PLUS500 LTD                3
16               PREMIER OIL PLC                3
17                   VICTREX PLC                3
18            WEIR GROUP PLC/THE                3

            Name of Share Issuer  Net Short Position (%)
0                 Kier Group plc                    9.28
1            GREENCORE GROUP PLC                    7.81
2          THOMAS COOK GROUP PLC                    5.33
3                    PLUS500 LTD                    4.84
4          WOOD GROUP (JOHN) PLC                    4.42
5                        SIG PLC                    4.20
6                   PETROFAC LTD                    4.06
7                 NMC HEALTH PLC                    3.93
8                    EASYJET PLC                    3.89
9                PREMIER OIL PLC                    3.88
10   JUPITER FUND MANAGEMENT PLC                    3.40
11  SMITH (DAVID S) HOLDINGS PLC                    3.30
12                      ASOS PLC                    3.19
13        PETS AT HOME GROUP PLC                    3.13
14                  JUST EAT PLC                    2.97
15              SEVERN TRENT PLC                    2.97
16        BABCOCK INTL GROUP PLC                    2.69
17            WEIR GROUP PLC/THE                    2.69
18            ANGLO AMERICAN PLC                    2.68
19           SIRIUS MINERALS PLC                    2.65

#########[+]SUMMARY MOST OVERALL SHORTED[+]######################
#########[+]SUMMARY MOST OVERALL SHORTED[+]######################
#########[+]SUMMARY MOST OVERALL SHORTED[+]######################

[+]	SMITH (DAVID S) HOLDINGS PLC
[+]	PLUS500 LTD
[+]	GREENCORE GROUP PLC
[+]	EASYJET PLC
[+]	JUST EAT PLC
[+]	JUPITER FUND MANAGEMENT PLC
[+]	ASOS PLC
[+]	WEIR GROUP PLC/THE
[+]	PETROFAC LTD
[+]	WOOD GROUP (JOHN) PLC
[+]	THOMAS COOK GROUP PLC
[+]	Kier Group plc
[+]	PREMIER OIL PLC
[+]	ANGLO AMERICAN PLC
[+]	SEVERN TRENT PLC


THE SOFTWARE IS PROVIDED 'AS IS', WITHOUT WARRANTY OF ANY KIND, EXPRESS OR IMPLIED, INCLUDING BUT NOT LIMITED TO THE WARRANTIES OF MERCHANTABILITY, FITNESS FOR A PARTICULAR PURPOSE, TITLE AND NON-INFRINGEMENT. IN NO EVENT SHALL THE COPYRIGHT HOLDERS OR ANYONE DISTRIBUTING THE SOFTWARE BE LIABLE FOR ANY DAMAGES OR OTHER LIABILITY, WHETHER IN CONTRACT, TORT OR OTHERWISE, ARISING FROM, OUT OF OR IN CONNECTION WITH THE SOFTWARE OR THE USE OR OTHER DEALINGS IN THE SOFTWARE.

Dont forget to tip your server!
Bitcoin Cash (BCH)			qpz32c4lg7x7lnk9jg6qg7s4uavdce89myax5v5nuk
Ether (ETH)			0x843d3DEC2A4705BD4f45F674F641cE2D0022c9FB
Litecoin (LTC)			Lfk5y4F7KZa9oRxpazETwjQnHszEPvqPvu
Bitcoin (BTC)			14Dm7L3ABPtumPDcj3REAvs4L6w9YFRnHK
