##################################
##################################
##################################
Most Shorted Shares since [2019-05-29]
##################################
##################################
##################################

            Name of Share Issuer  Position Holder
0         BABCOCK INTL GROUP PLC                6
1                   JUST EAT PLC                6
2                 Kier Group plc                6
3      MARKS & SPENCER GROUP PLC                6
4          WOOD GROUP (JOHN) PLC                6
5    JUPITER FUND MANAGEMENT PLC                5
6              NEWRIVER REIT PLC                5
7                    PLUS500 LTD                5
8          THOMAS COOK GROUP PLC                5
9                         AA PLC                4
10                   AGGREKO PLC                4
11            ANGLO AMERICAN PLC                4
12                      ASOS PLC                4
13         AUTO TRADER GROUP PLC                4
14    DAILY MAIL & GENERAL TRUST                4
15           GREENCORE GROUP PLC                4
16           INTU PROPERTIES PLC                4
17                METRO BANK PLC                4
18  SMITH (DAVID S) HOLDINGS PLC                4
19           BCA MARKETPLACE PLC                3

           Name of Share Issuer  Net Short Position (%)
0                        AA PLC                    8.49
1                Kier Group plc                    8.37
2           GREENCORE GROUP PLC                    7.22
3         WOOD GROUP (JOHN) PLC                    7.20
4        BABCOCK INTL GROUP PLC                    7.02
5           INTU PROPERTIES PLC                    6.26
6     MARKS & SPENCER GROUP PLC                    5.89
7            ANGLO AMERICAN PLC                    5.70
8         THOMAS COOK GROUP PLC                    5.60
9                  JUST EAT PLC                    5.34
10      LANCASHIRE HOLDINGS LTD                    5.21
11                  PLUS500 LTD                    5.10
12  JUPITER FUND MANAGEMENT PLC                    5.08
13               METRO BANK PLC                    4.81
14            NEWRIVER REIT PLC                    4.36
15              MITIE GROUP PLC                    4.18
16                     ASOS PLC                    3.98
17              Ensco Rowan plc                    3.67
18            MAJESTIC WINE PLC                    3.42
19           Go-Ahead Group PLC                    3.40

#########[+]SUMMARY MOST OVERALL SHORTED[+]######################
#########[+]SUMMARY MOST OVERALL SHORTED[+]######################
#########[+]SUMMARY MOST OVERALL SHORTED[+]######################

[+]	Kier Group plc
[+]	JUPITER FUND MANAGEMENT PLC
[+]	METRO BANK PLC
[+]	JUST EAT PLC
[+]	GREENCORE GROUP PLC
[+]	ASOS PLC
[+]	ANGLO AMERICAN PLC
[+]	PLUS500 LTD
[+]	BABCOCK INTL GROUP PLC
[+]	WOOD GROUP (JOHN) PLC
[+]	MARKS & SPENCER GROUP PLC
[+]	THOMAS COOK GROUP PLC
[+]	NEWRIVER REIT PLC
[+]	AA PLC
[+]	INTU PROPERTIES PLC


THE SOFTWARE IS PROVIDED 'AS IS', WITHOUT WARRANTY OF ANY KIND, EXPRESS OR IMPLIED, INCLUDING BUT NOT LIMITED TO THE WARRANTIES OF MERCHANTABILITY, FITNESS FOR A PARTICULAR PURPOSE, TITLE AND NON-INFRINGEMENT. IN NO EVENT SHALL THE COPYRIGHT HOLDERS OR ANYONE DISTRIBUTING THE SOFTWARE BE LIABLE FOR ANY DAMAGES OR OTHER LIABILITY, WHETHER IN CONTRACT, TORT OR OTHERWISE, ARISING FROM, OUT OF OR IN CONNECTION WITH THE SOFTWARE OR THE USE OR OTHER DEALINGS IN THE SOFTWARE.

Dont forget to tip your server!
Bitcoin Cash (BCH)			qpz32c4lg7x7lnk9jg6qg7s4uavdce89myax5v5nuk
Ether (ETH)			0x843d3DEC2A4705BD4f45F674F641cE2D0022c9FB
Litecoin (LTC)			Lfk5y4F7KZa9oRxpazETwjQnHszEPvqPvu
Bitcoin (BTC)			14Dm7L3ABPtumPDcj3REAvs4L6w9YFRnHK
