##################################
##################################
##################################
Most Shorted Shares since [2019-06-07]
##################################
##################################
##################################

            Name of Share Issuer  Position Holder
0                 Kier Group plc                6
1                       ASOS PLC                5
2                    EASYJET PLC                5
3    JUPITER FUND MANAGEMENT PLC                5
4                   JUST EAT PLC                5
5   SMITH (DAVID S) HOLDINGS PLC                5
6          WOOD GROUP (JOHN) PLC                5
7               CAIRN ENERGY PLC                4
8     DAILY MAIL & GENERAL TRUST                4
9              MAJESTIC WINE PLC                4
10     MARKS & SPENCER GROUP PLC                4
11                  PETROFAC LTD                4
12                   PLUS500 LTD                4
13              SEVERN TRENT PLC                4
14    TalkTalk Telecom Group PLC                4
15                        AA PLC                3
16         AUTO TRADER GROUP PLC                3
17                    CAPITA PLC                3
18             NEWRIVER REIT PLC                3
19                Royal Mail Plc                3

            Name of Share Issuer  Net Short Position (%)
0                 Kier Group plc                    9.67
1          WOOD GROUP (JOHN) PLC                    6.41
2      MARKS & SPENCER GROUP PLC                    4.84
3                   JUST EAT PLC                    4.61
4                        SIG PLC                    4.11
5                   PETROFAC LTD                    4.03
6              MAJESTIC WINE PLC                    3.94
7    JUPITER FUND MANAGEMENT PLC                    3.86
8                    EASYJET PLC                    3.83
9                 NMC HEALTH PLC                    3.82
10               Ensco Rowan plc                    3.67
11           GREENCORE GROUP PLC                    3.55
12                      ASOS PLC                    3.54
13            ANGLO AMERICAN PLC                    3.53
14         THOMAS COOK GROUP PLC                    3.38
15           SIRIUS MINERALS PLC                    3.32
16        PETS AT HOME GROUP PLC                    3.13
17  SMITH (DAVID S) HOLDINGS PLC                    3.11
18               PREMIER OIL PLC                    3.02
19                 Marston's plc                    2.99

#########[+]SUMMARY MOST OVERALL SHORTED[+]######################
#########[+]SUMMARY MOST OVERALL SHORTED[+]######################
#########[+]SUMMARY MOST OVERALL SHORTED[+]######################

[+]	EASYJET PLC
[+]	WOOD GROUP (JOHN) PLC
[+]	PETROFAC LTD
[+]	SMITH (DAVID S) HOLDINGS PLC
[+]	Kier Group plc
[+]	ASOS PLC
[+]	MARKS & SPENCER GROUP PLC
[+]	JUPITER FUND MANAGEMENT PLC
[+]	MAJESTIC WINE PLC
[+]	JUST EAT PLC


THE SOFTWARE IS PROVIDED 'AS IS', WITHOUT WARRANTY OF ANY KIND, EXPRESS OR IMPLIED, INCLUDING BUT NOT LIMITED TO THE WARRANTIES OF MERCHANTABILITY, FITNESS FOR A PARTICULAR PURPOSE, TITLE AND NON-INFRINGEMENT. IN NO EVENT SHALL THE COPYRIGHT HOLDERS OR ANYONE DISTRIBUTING THE SOFTWARE BE LIABLE FOR ANY DAMAGES OR OTHER LIABILITY, WHETHER IN CONTRACT, TORT OR OTHERWISE, ARISING FROM, OUT OF OR IN CONNECTION WITH THE SOFTWARE OR THE USE OR OTHER DEALINGS IN THE SOFTWARE.

Dont forget to tip your server!
Bitcoin Cash (BCH)			qpz32c4lg7x7lnk9jg6qg7s4uavdce89myax5v5nuk
Ether (ETH)			0x843d3DEC2A4705BD4f45F674F641cE2D0022c9FB
Litecoin (LTC)			Lfk5y4F7KZa9oRxpazETwjQnHszEPvqPvu
Bitcoin (BTC)			14Dm7L3ABPtumPDcj3REAvs4L6w9YFRnHK
