##################################
##################################
##################################
Most Shorted Shares since [2019-04-29]
##################################
##################################
##################################

            Name of Share Issuer  Position Holder
0            SIRIUS MINERALS PLC                7
1    JUPITER FUND MANAGEMENT PLC                6
2          WOOD GROUP (JOHN) PLC                6
3                 METRO BANK PLC                5
4                     CAPITA PLC                4
5                   JUST EAT PLC                4
6      MARKS & SPENCER GROUP PLC                4
7                    PLUS500 LTD                4
8   SMITH (DAVID S) HOLDINGS PLC                4
9                         AA PLC                3
10                      ASOS PLC                3
11        BABCOCK INTL GROUP PLC                3
12           BRITISH LAND CO PLC                3
13              CAIRN ENERGY PLC                3
14      DOMINO'S PIZZA GROUP PLC                3
15           GREENCORE GROUP PLC                3
16                 HAMMERSON PLC                3
17                KINGFISHER PLC                3
18                Kier Group plc                3
19                  PETROFAC LTD                3

            Name of Share Issuer  Net Short Position (%)
0                 METRO BANK PLC                    8.48
1            SIRIUS MINERALS PLC                    8.17
2                         AA PLC                    7.92
3          WOOD GROUP (JOHN) PLC                    6.45
4      MARKS & SPENCER GROUP PLC                    5.14
5                        IQE PLC                    4.80
6    JUPITER FUND MANAGEMENT PLC                    4.49
7            GREENCORE GROUP PLC                    4.36
8                 Kier Group plc                    4.11
9                       ASOS PLC                    4.01
10                   PLUS500 LTD                    3.98
11         THOMAS COOK GROUP PLC                    3.91
12                    CAPITA PLC                    3.77
13            ANGLO AMERICAN PLC                    3.68
14                  JUST EAT PLC                    3.44
15            Go-Ahead Group PLC                    3.25
16  SMITH (DAVID S) HOLDINGS PLC                    2.99
17               PREMIER OIL PLC                    2.99
18                KINGFISHER PLC                    2.98
19                   DIGNITY PLC                    2.96

#########[+]SUMMARY MOST OVERALL SHORTED[+]######################
#########[+]SUMMARY MOST OVERALL SHORTED[+]######################
#########[+]SUMMARY MOST OVERALL SHORTED[+]######################

[+]	JUPITER FUND MANAGEMENT PLC
[+]	MARKS & SPENCER GROUP PLC
[+]	SMITH (DAVID S) HOLDINGS PLC
[+]	ASOS PLC
[+]	WOOD GROUP (JOHN) PLC
[+]	Kier Group plc
[+]	CAPITA PLC
[+]	JUST EAT PLC
[+]	AA PLC
[+]	PLUS500 LTD
[+]	KINGFISHER PLC
[+]	METRO BANK PLC
[+]	SIRIUS MINERALS PLC
[+]	GREENCORE GROUP PLC


THE SOFTWARE IS PROVIDED 'AS IS', WITHOUT WARRANTY OF ANY KIND, EXPRESS OR IMPLIED, INCLUDING BUT NOT LIMITED TO THE WARRANTIES OF MERCHANTABILITY, FITNESS FOR A PARTICULAR PURPOSE, TITLE AND NON-INFRINGEMENT. IN NO EVENT SHALL THE COPYRIGHT HOLDERS OR ANYONE DISTRIBUTING THE SOFTWARE BE LIABLE FOR ANY DAMAGES OR OTHER LIABILITY, WHETHER IN CONTRACT, TORT OR OTHERWISE, ARISING FROM, OUT OF OR IN CONNECTION WITH THE SOFTWARE OR THE USE OR OTHER DEALINGS IN THE SOFTWARE.

Dont forget to tip your server!
Bitcoin Cash (BCH)			qpz32c4lg7x7lnk9jg6qg7s4uavdce89myax5v5nuk
Ether (ETH)			0x843d3DEC2A4705BD4f45F674F641cE2D0022c9FB
Litecoin (LTC)			Lfk5y4F7KZa9oRxpazETwjQnHszEPvqPvu
Bitcoin (BTC)			14Dm7L3ABPtumPDcj3REAvs4L6w9YFRnHK
