##################################
##################################
##################################
Most Shorted Shares since [2019-09-03]
##################################
##################################
##################################

            Name of Share Issuer  Position Holder
0            SIRIUS MINERALS PLC                5
1          WOOD GROUP (JOHN) PLC                5
2                         AA PLC                4
3                       ASOS PLC                4
4         Arrow Global Group plc                4
5                  HAMMERSON PLC                4
6                 KINGFISHER PLC                4
7                 METRO BANK PLC                4
8             WEIR GROUP PLC/THE                4
9                  A.G. Barr PLC                3
10         AUTO TRADER GROUP PLC                3
11          KEYWORDS STUDIOS PLC                3
12                Kier Group plc                3
13                PETRA DIAMONDS                3
14                   PLUS500 LTD                3
15               PREMIER OIL PLC                3
16          RESTAURANT GROUP PLC                3
17                Royal Mail Plc                3
18                       SIG PLC                3
19  SMITH (DAVID S) HOLDINGS PLC                3

       Name of Share Issuer  Net Short Position (%)
0            METRO BANK PLC                    8.61
1     THOMAS COOK GROUP PLC                    7.95
2            Kier Group plc                    6.63
3     WOOD GROUP (JOHN) PLC                    6.24
4                   SIG PLC                    5.91
5       SIRIUS MINERALS PLC                    4.74
6   LANCASHIRE HOLDINGS LTD                    4.65
7            NMC HEALTH PLC                    4.28
8                  ASOS PLC                    4.26
9      RESTAURANT GROUP PLC                    3.86
10          PREMIER OIL PLC                    3.70
11              VALARIS PLC                    3.70
12       WEIR GROUP PLC/THE                    3.69
13           KINGFISHER PLC                    3.52
14              EASYJET PLC                    3.46
15                   AA PLC                    3.36
16              PLUS500 LTD                    3.27
17     KEYWORDS STUDIOS PLC                    3.02
18          TATE & LYLE PLC                    2.88
19        Clipper Logistics                    2.85

#########[+]SUMMARY MOST OVERALL SHORTED[+]######################
#########[+]SUMMARY MOST OVERALL SHORTED[+]######################
#########[+]SUMMARY MOST OVERALL SHORTED[+]######################

[+]	PLUS500 LTD
[+]	RESTAURANT GROUP PLC
[+]	METRO BANK PLC
[+]	SIG PLC
[+]	KINGFISHER PLC
[+]	AA PLC
[+]	SIRIUS MINERALS PLC
[+]	WEIR GROUP PLC/THE
[+]	KEYWORDS STUDIOS PLC
[+]	ASOS PLC
[+]	PREMIER OIL PLC
[+]	Kier Group plc
[+]	WOOD GROUP (JOHN) PLC


THE SOFTWARE IS PROVIDED 'AS IS', WITHOUT WARRANTY OF ANY KIND, EXPRESS OR IMPLIED, INCLUDING BUT NOT LIMITED TO THE WARRANTIES OF MERCHANTABILITY, FITNESS FOR A PARTICULAR PURPOSE, TITLE AND NON-INFRINGEMENT. IN NO EVENT SHALL THE COPYRIGHT HOLDERS OR ANYONE DISTRIBUTING THE SOFTWARE BE LIABLE FOR ANY DAMAGES OR OTHER LIABILITY, WHETHER IN CONTRACT, TORT OR OTHERWISE, ARISING FROM, OUT OF OR IN CONNECTION WITH THE SOFTWARE OR THE USE OR OTHER DEALINGS IN THE SOFTWARE.

Dont forget to tip your server!
Bitcoin Cash (BCH)			qpz32c4lg7x7lnk9jg6qg7s4uavdce89myax5v5nuk
Ether (ETH)			0x843d3DEC2A4705BD4f45F674F641cE2D0022c9FB
Litecoin (LTC)			Lfk5y4F7KZa9oRxpazETwjQnHszEPvqPvu
Bitcoin (BTC)			14Dm7L3ABPtumPDcj3REAvs4L6w9YFRnHK
