##################################
##################################
##################################
Most Shorted Shares since [2019-06-05]
##################################
##################################
##################################

            Name of Share Issuer  Position Holder
0    JUPITER FUND MANAGEMENT PLC                6
1                   JUST EAT PLC                6
2                 Kier Group plc                6
3               SEVERN TRENT PLC                5
4   SMITH (DAVID S) HOLDINGS PLC                5
5          WOOD GROUP (JOHN) PLC                5
6                         AA PLC                4
7                       ASOS PLC                4
8               CAIRN ENERGY PLC                4
9     DAILY MAIL & GENERAL TRUST                4
10                   EASYJET PLC                4
11             MAJESTIC WINE PLC                4
12     MARKS & SPENCER GROUP PLC                4
13             NEWRIVER REIT PLC                4
14                   PLUS500 LTD                4
15    TalkTalk Telecom Group PLC                4
16                   AGGREKO PLC                3
17            ANGLO AMERICAN PLC                3
18         AUTO TRADER GROUP PLC                3
19        BABCOCK INTL GROUP PLC                3

           Name of Share Issuer  Net Short Position (%)
0                Kier Group plc                    9.31
1         WOOD GROUP (JOHN) PLC                    6.84
2       LANCASHIRE HOLDINGS LTD                    5.89
3                  JUST EAT PLC                    5.20
4     MARKS & SPENCER GROUP PLC                    4.84
5   JUPITER FUND MANAGEMENT PLC                    4.39
6        BABCOCK INTL GROUP PLC                    4.36
7            ANGLO AMERICAN PLC                    4.29
8             MAJESTIC WINE PLC                    3.94
9                       SIG PLC                    3.92
10        THOMAS COOK GROUP PLC                    3.89
11               NMC HEALTH PLC                    3.82
12              Ensco Rowan plc                    3.67
13             SEVERN TRENT PLC                    3.60
14              MITIE GROUP PLC                    3.53
15                       AA PLC                    3.40
16           Go-Ahead Group PLC                    3.40
17          GREENCORE GROUP PLC                    3.37
18          SIRIUS MINERALS PLC                    3.32
19                  EASYJET PLC                    3.24

#########[+]SUMMARY MOST OVERALL SHORTED[+]######################
#########[+]SUMMARY MOST OVERALL SHORTED[+]######################
#########[+]SUMMARY MOST OVERALL SHORTED[+]######################

[+]	MARKS & SPENCER GROUP PLC
[+]	ANGLO AMERICAN PLC
[+]	SEVERN TRENT PLC
[+]	AA PLC
[+]	EASYJET PLC
[+]	WOOD GROUP (JOHN) PLC
[+]	BABCOCK INTL GROUP PLC
[+]	Kier Group plc
[+]	JUPITER FUND MANAGEMENT PLC
[+]	JUST EAT PLC
[+]	MAJESTIC WINE PLC


THE SOFTWARE IS PROVIDED 'AS IS', WITHOUT WARRANTY OF ANY KIND, EXPRESS OR IMPLIED, INCLUDING BUT NOT LIMITED TO THE WARRANTIES OF MERCHANTABILITY, FITNESS FOR A PARTICULAR PURPOSE, TITLE AND NON-INFRINGEMENT. IN NO EVENT SHALL THE COPYRIGHT HOLDERS OR ANYONE DISTRIBUTING THE SOFTWARE BE LIABLE FOR ANY DAMAGES OR OTHER LIABILITY, WHETHER IN CONTRACT, TORT OR OTHERWISE, ARISING FROM, OUT OF OR IN CONNECTION WITH THE SOFTWARE OR THE USE OR OTHER DEALINGS IN THE SOFTWARE.

Dont forget to tip your server!
Bitcoin Cash (BCH)			qpz32c4lg7x7lnk9jg6qg7s4uavdce89myax5v5nuk
Ether (ETH)			0x843d3DEC2A4705BD4f45F674F641cE2D0022c9FB
Litecoin (LTC)			Lfk5y4F7KZa9oRxpazETwjQnHszEPvqPvu
Bitcoin (BTC)			14Dm7L3ABPtumPDcj3REAvs4L6w9YFRnHK
