##################################
##################################
##################################
Most Shorted Shares since [2019-10-21]
##################################
##################################
##################################

           Name of Share Issuer  Position Holder
0     Flutter Entertainment plc                6
1         WOOD GROUP (JOHN) PLC                6
2        BABCOCK INTL GROUP PLC                5
3                KINGFISHER PLC                5
4                 A.G. Barr PLC                4
5         AUTO TRADER GROUP PLC                4
6                   EASYJET PLC                4
7   JUPITER FUND MANAGEMENT PLC                4
8           SIRIUS MINERALS PLC                4
9                   BEAZLEY PLC                3
10         BLUE PRISM GROUP PLC                3
11                   CAPITA PLC                3
12          DIXONS CARPHONE PLC                3
13                HAMMERSON PLC                3
14               Kier Group plc                3
15               NMC HEALTH PLC                3
16                  PEARSON PLC                3
17                  PLUS500 LTD                3
18                 SPECTRIS PLC                3

           Name of Share Issuer  Net Short Position (%)
0     Flutter Entertainment plc                    5.93
1                KINGFISHER PLC                    5.55
2        BABCOCK INTL GROUP PLC                    5.25
3         WOOD GROUP (JOHN) PLC                    5.21
4                   EASYJET PLC                    5.13
5           SIRIUS MINERALS PLC                    4.40
6    CREST NICHOLSON HLDGS  PLC                    4.18
7                NMC HEALTH PLC                    3.94
8                    CAPITA PLC                    3.82
9                   PLUS500 LTD                    3.78
10  JUPITER FUND MANAGEMENT PLC                    3.77
11               Kier Group plc                    3.73
12                A.G. Barr PLC                    3.68
13          GREENCORE GROUP PLC                    3.58
14      LANCASHIRE HOLDINGS LTD                    3.19
15         BLUE PRISM GROUP PLC                    3.05
16                  BEAZLEY PLC                    2.89
17        AUTO TRADER GROUP PLC                    2.82
18            PETROPAVLOVSK PLC                    2.72
19                       AA PLC                    2.53

#########[+]SUMMARY MOST OVERALL SHORTED[+]######################
#########[+]SUMMARY MOST OVERALL SHORTED[+]######################
#########[+]SUMMARY MOST OVERALL SHORTED[+]######################

[+]	BLUE PRISM GROUP PLC
[+]	CAPITA PLC
[+]	WOOD GROUP (JOHN) PLC
[+]	SIRIUS MINERALS PLC
[+]	Flutter Entertainment plc
[+]	PLUS500 LTD
[+]	Kier Group plc
[+]	AUTO TRADER GROUP PLC
[+]	JUPITER FUND MANAGEMENT PLC
[+]	BABCOCK INTL GROUP PLC
[+]	KINGFISHER PLC
[+]	BEAZLEY PLC
[+]	NMC HEALTH PLC
[+]	EASYJET PLC
[+]	A.G. Barr PLC


THE SOFTWARE IS PROVIDED 'AS IS', WITHOUT WARRANTY OF ANY KIND, EXPRESS OR IMPLIED, INCLUDING BUT NOT LIMITED TO THE WARRANTIES OF MERCHANTABILITY, FITNESS FOR A PARTICULAR PURPOSE, TITLE AND NON-INFRINGEMENT. IN NO EVENT SHALL THE COPYRIGHT HOLDERS OR ANYONE DISTRIBUTING THE SOFTWARE BE LIABLE FOR ANY DAMAGES OR OTHER LIABILITY, WHETHER IN CONTRACT, TORT OR OTHERWISE, ARISING FROM, OUT OF OR IN CONNECTION WITH THE SOFTWARE OR THE USE OR OTHER DEALINGS IN THE SOFTWARE.

Dont forget to tip your server!
Bitcoin Cash (BCH)			qpz32c4lg7x7lnk9jg6qg7s4uavdce89myax5v5nuk
Ether (ETH)			0x843d3DEC2A4705BD4f45F674F641cE2D0022c9FB
Litecoin (LTC)			Lfk5y4F7KZa9oRxpazETwjQnHszEPvqPvu
Bitcoin (BTC)			14Dm7L3ABPtumPDcj3REAvs4L6w9YFRnHK
