##################################
##################################
##################################
Most Shorted Shares since [2019-06-05]
##################################
##################################
##################################

            Name of Share Issuer  Position Holder
0    JUPITER FUND MANAGEMENT PLC                6
1                   JUST EAT PLC                6
2                 Kier Group plc                6
3                         AA PLC                4
4                       ASOS PLC                4
5               CAIRN ENERGY PLC                4
6     DAILY MAIL & GENERAL TRUST                4
7                    EASYJET PLC                4
8      MARKS & SPENCER GROUP PLC                4
9                    PLUS500 LTD                4
10              SEVERN TRENT PLC                4
11  SMITH (DAVID S) HOLDINGS PLC                4
12    TalkTalk Telecom Group PLC                4
13         WOOD GROUP (JOHN) PLC                4
14                   AGGREKO PLC                3
15            ANGLO AMERICAN PLC                3
16         AUTO TRADER GROUP PLC                3
17        BABCOCK INTL GROUP PLC                3
18           BCA MARKETPLACE PLC                3
19                    CAPITA PLC                3

           Name of Share Issuer  Net Short Position (%)
0                Kier Group plc                    9.31
1         WOOD GROUP (JOHN) PLC                    6.04
2       LANCASHIRE HOLDINGS LTD                    5.89
3                  JUST EAT PLC                    5.20
4     MARKS & SPENCER GROUP PLC                    4.84
5   JUPITER FUND MANAGEMENT PLC                    4.37
6            ANGLO AMERICAN PLC                    4.29
7        BABCOCK INTL GROUP PLC                    4.26
8                       SIG PLC                    3.92
9         THOMAS COOK GROUP PLC                    3.89
10               NMC HEALTH PLC                    3.82
11              Ensco Rowan plc                    3.67
12              MITIE GROUP PLC                    3.53
13            MAJESTIC WINE PLC                    3.42
14                       AA PLC                    3.40
15           Go-Ahead Group PLC                    3.40
16          GREENCORE GROUP PLC                    3.37
17          SIRIUS MINERALS PLC                    3.32
18                  EASYJET PLC                    3.15
19       PETS AT HOME GROUP PLC                    3.13

#########[+]SUMMARY MOST OVERALL SHORTED[+]######################
#########[+]SUMMARY MOST OVERALL SHORTED[+]######################
#########[+]SUMMARY MOST OVERALL SHORTED[+]######################

[+]	ANGLO AMERICAN PLC
[+]	Kier Group plc
[+]	JUPITER FUND MANAGEMENT PLC
[+]	AA PLC
[+]	EASYJET PLC
[+]	JUST EAT PLC
[+]	MARKS & SPENCER GROUP PLC
[+]	BABCOCK INTL GROUP PLC
[+]	WOOD GROUP (JOHN) PLC


THE SOFTWARE IS PROVIDED 'AS IS', WITHOUT WARRANTY OF ANY KIND, EXPRESS OR IMPLIED, INCLUDING BUT NOT LIMITED TO THE WARRANTIES OF MERCHANTABILITY, FITNESS FOR A PARTICULAR PURPOSE, TITLE AND NON-INFRINGEMENT. IN NO EVENT SHALL THE COPYRIGHT HOLDERS OR ANYONE DISTRIBUTING THE SOFTWARE BE LIABLE FOR ANY DAMAGES OR OTHER LIABILITY, WHETHER IN CONTRACT, TORT OR OTHERWISE, ARISING FROM, OUT OF OR IN CONNECTION WITH THE SOFTWARE OR THE USE OR OTHER DEALINGS IN THE SOFTWARE.

Dont forget to tip your server!
Bitcoin Cash (BCH)			qpz32c4lg7x7lnk9jg6qg7s4uavdce89myax5v5nuk
Ether (ETH)			0x843d3DEC2A4705BD4f45F674F641cE2D0022c9FB
Litecoin (LTC)			Lfk5y4F7KZa9oRxpazETwjQnHszEPvqPvu
Bitcoin (BTC)			14Dm7L3ABPtumPDcj3REAvs4L6w9YFRnHK
