##################################
##################################
##################################
Most Shorted Shares since [2020-03-12]
##################################
##################################
##################################

  Name of Share Issuer  Position Holder
0       KINGFISHER PLC                4

              Name of Share Issuer  Net Short Position (%)
0                PETROPAVLOVSK PLC                    4.66
1                   KINGFISHER PLC                    3.73
2                NEWRIVER REIT PLC                    2.46
3                 GVC Holdings Plc                    2.17
4   STANDARD LIFE ABERDEEN PLC ORD                    1.94
5               EQUINITI GROUP PLC                    1.69
6                           TUI AG                    1.55
7                     Vesuvius PLC                    1.52
8                    A.G. Barr PLC                    1.50
9                Galliford Try plc                    1.50
10                   Trainline PLC                    1.34
11              Go-Ahead Group PLC                    1.33
12            ST JAMES'S PLACE PLC                    1.30
13             VIRGIN MONEY UK PLC                    1.30
14    INTERCONTINENTAL HOTELS GROU                    1.25
15             GOOCH & HOUSEGO PLC                    1.20
16                     Hunting PLC                    1.16
17                 PREMIER OIL PLC                    1.16
18                     VICTREX PLC                    1.10
19          Arrow Global Group plc                    1.04

#########[+]SUMMARY MOST OVERALL SHORTED[+]######################
#########[+]SUMMARY MOST OVERALL SHORTED[+]######################
#########[+]SUMMARY MOST OVERALL SHORTED[+]######################

[+]	KINGFISHER PLC


THE SOFTWARE IS PROVIDED 'AS IS', WITHOUT WARRANTY OF ANY KIND, EXPRESS OR IMPLIED, INCLUDING BUT NOT LIMITED TO THE WARRANTIES OF MERCHANTABILITY, FITNESS FOR A PARTICULAR PURPOSE, TITLE AND NON-INFRINGEMENT. IN NO EVENT SHALL THE COPYRIGHT HOLDERS OR ANYONE DISTRIBUTING THE SOFTWARE BE LIABLE FOR ANY DAMAGES OR OTHER LIABILITY, WHETHER IN CONTRACT, TORT OR OTHERWISE, ARISING FROM, OUT OF OR IN CONNECTION WITH THE SOFTWARE OR THE USE OR OTHER DEALINGS IN THE SOFTWARE.

Dont forget to tip your server!
Bitcoin Cash (BCH)			qpz32c4lg7x7lnk9jg6qg7s4uavdce89myax5v5nuk
Ether (ETH)			0x843d3DEC2A4705BD4f45F674F641cE2D0022c9FB
Litecoin (LTC)			Lfk5y4F7KZa9oRxpazETwjQnHszEPvqPvu
Bitcoin (BTC)			14Dm7L3ABPtumPDcj3REAvs4L6w9YFRnHK
