##################################
##################################
##################################
Most Shorted Shares since [2020-06-23]
##################################
##################################
##################################

       Name of Share Issuer  Position Holder
0  DOMINO'S PIZZA GROUP PLC                4
1            Royal Mail Plc                4
2                CAPITA PLC                3
3           CINEWORLD GROUP                3
4               PEARSON PLC                3

                  Name of Share Issuer  Net Short Position (%)
0                       Royal Mail Plc                    6.32
1                          PEARSON PLC                    3.94
2                           CAPITA PLC                    3.12
3                       METRO BANK PLC                    2.81
4             DOMINO'S PIZZA GROUP PLC                    2.65
5                      CINEWORLD GROUP                    2.31
6            CREST NICHOLSON HLDGS PLC                    2.02
7               BABCOCK INTL GROUP PLC                    1.93
8                          EASYJET PLC                    1.77
9   NETWORK INTERNATIONAL HOLDINGS PLC                    1.74
10             LANCASHIRE HOLDINGS LTD                    1.71
11                  BURBERRY GROUP PLC                    1.69
12            HOWDEN JOINERY GROUP PLC                    1.67
13           MICRO FOCUS INTERNATIONAL                    1.44
14                       HAMMERSON PLC                    1.43
15                        SPECTRIS PLC                    1.42
16                 INTU PROPERTIES PLC                    1.21
17                        PETROFAC LTD                    1.20
18                         DIGNITY PLC                    1.19
19                   STOBART GROUP LTD                    1.18

#########[+]SUMMARY MOST OVERALL SHORTED[+]######################
#########[+]SUMMARY MOST OVERALL SHORTED[+]######################
#########[+]SUMMARY MOST OVERALL SHORTED[+]######################

[+]	Royal Mail Plc
[+]	DOMINO'S PIZZA GROUP PLC
[+]	CINEWORLD GROUP
[+]	CAPITA PLC
[+]	PEARSON PLC


THE SOFTWARE IS PROVIDED 'AS IS', WITHOUT WARRANTY OF ANY KIND, EXPRESS OR IMPLIED, INCLUDING BUT NOT LIMITED TO THE WARRANTIES OF MERCHANTABILITY, FITNESS FOR A PARTICULAR PURPOSE, TITLE AND NON-INFRINGEMENT. IN NO EVENT SHALL THE COPYRIGHT HOLDERS OR ANYONE DISTRIBUTING THE SOFTWARE BE LIABLE FOR ANY DAMAGES OR OTHER LIABILITY, WHETHER IN CONTRACT, TORT OR OTHERWISE, ARISING FROM, OUT OF OR IN CONNECTION WITH THE SOFTWARE OR THE USE OR OTHER DEALINGS IN THE SOFTWARE.

Dont forget to tip your server!
Bitcoin Cash (BCH)			qpz32c4lg7x7lnk9jg6qg7s4uavdce89myax5v5nuk
Ether (ETH)			0x843d3DEC2A4705BD4f45F674F641cE2D0022c9FB
Litecoin (LTC)			Lfk5y4F7KZa9oRxpazETwjQnHszEPvqPvu
Bitcoin (BTC)			14Dm7L3ABPtumPDcj3REAvs4L6w9YFRnHK
