##################################
##################################
##################################
Most Shorted Shares since [2020-02-14]
##################################
##################################
##################################

                        Name of Share Issuer  Position Holder
0                              HAMMERSON PLC                9
1                      WOOD GROUP (JOHN) PLC                7
2   Aston Martin Lagonda Global Holdings Plc                6
3                     BABCOCK INTL GROUP PLC                6
4                             METRO BANK PLC                6
5                                PEARSON PLC                6
6                             TULLOW OIL PLC                6
7                  Flutter Entertainment plc                5
8                         WEIR GROUP PLC/THE                5
9                            CINEWORLD GROUP                4
10                               EASYJET PLC                4
11                        EQUINITI GROUP PLC                4
12                       INTU PROPERTIES PLC                4
13                            KINGFISHER PLC                4
14                            Kier Group plc                4
15                              PETROFAC LTD                4
16              SMITH (DAVID S) HOLDINGS PLC                4
17                               VICTREX PLC                4
18                  WM MORRISON SUPERMARKETS                4
19                                    AA PLC                3

                        Name of Share Issuer  Net Short Position (%)
0                            PREMIER OIL PLC                   17.60
1                              HAMMERSON PLC                    9.43
2                             METRO BANK PLC                    9.03
3                                PEARSON PLC                    6.96
4                      WOOD GROUP (JOHN) PLC                    6.90
5                     BABCOCK INTL GROUP PLC                    6.71
6                             TULLOW OIL PLC                    6.47
7                                     AA PLC                    5.66
8                        INTU PROPERTIES PLC                    5.45
9                                    SIG PLC                    5.30
10                               VICTREX PLC                    5.03
11                               EASYJET PLC                    4.98
12                        WEIR GROUP PLC/THE                    4.90
13                           CINEWORLD GROUP                    4.87
14                            KINGFISHER PLC                    4.77
15                         PETROPAVLOVSK PLC                    4.72
16                  WM MORRISON SUPERMARKETS                    4.68
17  Aston Martin Lagonda Global Holdings Plc                    4.64
18                 Flutter Entertainment plc                    4.52
19                              PETROFAC LTD                    4.48

#########[+]SUMMARY MOST OVERALL SHORTED[+]######################
#########[+]SUMMARY MOST OVERALL SHORTED[+]######################
#########[+]SUMMARY MOST OVERALL SHORTED[+]######################

[+]	HAMMERSON PLC
[+]	WOOD GROUP (JOHN) PLC
[+]	Aston Martin Lagonda Global Holdings Plc
[+]	VICTREX PLC
[+]	METRO BANK PLC
[+]	EASYJET PLC
[+]	CINEWORLD GROUP
[+]	PETROFAC LTD
[+]	Flutter Entertainment plc
[+]	TULLOW OIL PLC
[+]	BABCOCK INTL GROUP PLC
[+]	AA PLC
[+]	KINGFISHER PLC
[+]	PEARSON PLC
[+]	WM MORRISON SUPERMARKETS
[+]	WEIR GROUP PLC/THE
[+]	INTU PROPERTIES PLC


THE SOFTWARE IS PROVIDED 'AS IS', WITHOUT WARRANTY OF ANY KIND, EXPRESS OR IMPLIED, INCLUDING BUT NOT LIMITED TO THE WARRANTIES OF MERCHANTABILITY, FITNESS FOR A PARTICULAR PURPOSE, TITLE AND NON-INFRINGEMENT. IN NO EVENT SHALL THE COPYRIGHT HOLDERS OR ANYONE DISTRIBUTING THE SOFTWARE BE LIABLE FOR ANY DAMAGES OR OTHER LIABILITY, WHETHER IN CONTRACT, TORT OR OTHERWISE, ARISING FROM, OUT OF OR IN CONNECTION WITH THE SOFTWARE OR THE USE OR OTHER DEALINGS IN THE SOFTWARE.

Dont forget to tip your server!
Bitcoin Cash (BCH)			qpz32c4lg7x7lnk9jg6qg7s4uavdce89myax5v5nuk
Ether (ETH)			0x843d3DEC2A4705BD4f45F674F641cE2D0022c9FB
Litecoin (LTC)			Lfk5y4F7KZa9oRxpazETwjQnHszEPvqPvu
Bitcoin (BTC)			14Dm7L3ABPtumPDcj3REAvs4L6w9YFRnHK
