##################################
##################################
##################################
Most Shorted Shares since [2020-03-30]
##################################
##################################
##################################

                       Name of Share Issuer  Position Holder
0                 Flutter Entertainment plc                5
1                               EASYJET PLC                4
2                             HAMMERSON PLC                4
3                               PEARSON PLC                4
4                                  ASOS PLC                3
5  Aston Martin Lagonda Global Holdings Plc                3
6                  DOMINO'S PIZZA GROUP PLC                3
7                      KEYWORDS STUDIOS PLC                3
8              SMITH (DAVID S) HOLDINGS PLC                3
9                        WEIR GROUP PLC/THE                3

                        Name of Share Issuer  Net Short Position (%)
0                  Flutter Entertainment plc                    5.78
1                                PEARSON PLC                    5.53
2                                EASYJET PLC                    5.29
3                              HAMMERSON PLC                    3.89
4                   WM MORRISON SUPERMARKETS                    3.77
5                               INCHCAPE PLC                    3.40
6                                DIGNITY PLC                    3.20
7                                   ASOS PLC                    3.18
8                         WEIR GROUP PLC/THE                    3.00
9               SMITH (DAVID S) HOLDINGS PLC                    2.57
10                   CRODA INTERNATIONAL PLC                    2.51
11                      KEYWORDS STUDIOS PLC                    2.47
12                            Royal Mail Plc                    2.33
13                             A.G. Barr PLC                    2.30
14                  DOMINO'S PIZZA GROUP PLC                    2.30
15                       VIRGIN MONEY UK PLC                    2.29
16                     WOOD GROUP (JOHN) PLC                    2.18
17                      BLUE PRISM GROUP PLC                    2.10
18                         Clipper Logistics                    2.02
19  Aston Martin Lagonda Global Holdings Plc                    1.89

#########[+]SUMMARY MOST OVERALL SHORTED[+]######################
#########[+]SUMMARY MOST OVERALL SHORTED[+]######################
#########[+]SUMMARY MOST OVERALL SHORTED[+]######################

[+]	DOMINO'S PIZZA GROUP PLC
[+]	ASOS PLC
[+]	KEYWORDS STUDIOS PLC
[+]	Flutter Entertainment plc
[+]	SMITH (DAVID S) HOLDINGS PLC
[+]	PEARSON PLC
[+]	WEIR GROUP PLC/THE
[+]	HAMMERSON PLC
[+]	Aston Martin Lagonda Global Holdings Plc
[+]	EASYJET PLC


THE SOFTWARE IS PROVIDED 'AS IS', WITHOUT WARRANTY OF ANY KIND, EXPRESS OR IMPLIED, INCLUDING BUT NOT LIMITED TO THE WARRANTIES OF MERCHANTABILITY, FITNESS FOR A PARTICULAR PURPOSE, TITLE AND NON-INFRINGEMENT. IN NO EVENT SHALL THE COPYRIGHT HOLDERS OR ANYONE DISTRIBUTING THE SOFTWARE BE LIABLE FOR ANY DAMAGES OR OTHER LIABILITY, WHETHER IN CONTRACT, TORT OR OTHERWISE, ARISING FROM, OUT OF OR IN CONNECTION WITH THE SOFTWARE OR THE USE OR OTHER DEALINGS IN THE SOFTWARE.

Dont forget to tip your server!
Bitcoin Cash (BCH)			qpz32c4lg7x7lnk9jg6qg7s4uavdce89myax5v5nuk
Ether (ETH)			0x843d3DEC2A4705BD4f45F674F641cE2D0022c9FB
Litecoin (LTC)			Lfk5y4F7KZa9oRxpazETwjQnHszEPvqPvu
Bitcoin (BTC)			14Dm7L3ABPtumPDcj3REAvs4L6w9YFRnHK
