##################################
##################################
##################################
Most Shorted Shares since [2020-08-13]
##################################
##################################
##################################

  Name of Share Issuer  Position Holder
0               TUI AG                4
1           CAPITA PLC                3

                  Name of Share Issuer  Net Short Position (%)
0                               TUI AG                    3.54
1                    SAINSBURY (J) PLC                    3.41
2                           FUTURE PLC                    2.96
3                           CAPITA PLC                    2.62
4    INTERCONTINENTAL HOTELS GROUP PLC                    2.30
5                       TULLOW OIL PLC                    2.28
6              CRODA INTERNATIONAL PLC                    2.18
7                        HAMMERSON PLC                    2.17
8                       Royal Mail Plc                    1.85
9                           HISCOX LTD                    1.78
10                         DIGNITY PLC                    1.30
11                             ITV PLC                    1.27
12  NETWORK INTERNATIONAL HOLDINGS PLC                    1.22
13                 Midatech Pharma Plc                    1.21
14                       MARSTON'S PLC                    1.17
15          NATIONAL EXPRESS GROUP PLC                    1.14
16                          ROTORK PLC                    1.06
17                          SENIOR PLC                    1.00
18      B&M EUROPEAN VALUE RETAIL S.A.                    0.99
19                         AGGREKO PLC                    0.96

#########[+]SUMMARY MOST OVERALL SHORTED[+]######################
#########[+]SUMMARY MOST OVERALL SHORTED[+]######################
#########[+]SUMMARY MOST OVERALL SHORTED[+]######################

[+]	TUI AG
[+]	CAPITA PLC


THE SOFTWARE IS PROVIDED 'AS IS', WITHOUT WARRANTY OF ANY KIND, EXPRESS OR IMPLIED, INCLUDING BUT NOT LIMITED TO THE WARRANTIES OF MERCHANTABILITY, FITNESS FOR A PARTICULAR PURPOSE, TITLE AND NON-INFRINGEMENT. IN NO EVENT SHALL THE COPYRIGHT HOLDERS OR ANYONE DISTRIBUTING THE SOFTWARE BE LIABLE FOR ANY DAMAGES OR OTHER LIABILITY, WHETHER IN CONTRACT, TORT OR OTHERWISE, ARISING FROM, OUT OF OR IN CONNECTION WITH THE SOFTWARE OR THE USE OR OTHER DEALINGS IN THE SOFTWARE.

Dont forget to tip your server!
Bitcoin Cash (BCH)			qpz32c4lg7x7lnk9jg6qg7s4uavdce89myax5v5nuk
Ether (ETH)			0x843d3DEC2A4705BD4f45F674F641cE2D0022c9FB
Litecoin (LTC)			Lfk5y4F7KZa9oRxpazETwjQnHszEPvqPvu
Bitcoin (BTC)			14Dm7L3ABPtumPDcj3REAvs4L6w9YFRnHK
