##################################
##################################
##################################
Most Shorted Shares since [2020-02-11]
##################################
##################################
##################################

                        Name of Share Issuer  Position Holder
0                              HAMMERSON PLC                7
1                     BABCOCK INTL GROUP PLC                6
2                            CINEWORLD GROUP                6
3                             METRO BANK PLC                6
4                             TULLOW OIL PLC                6
5                      WOOD GROUP (JOHN) PLC                6
6                  Flutter Entertainment plc                5
7                                PEARSON PLC                5
8                         WEIR GROUP PLC/THE                5
9   Aston Martin Lagonda Global Holdings Plc                4
10                               EASYJET PLC                4
11                        EQUINITI GROUP PLC                4
12                       INTU PROPERTIES PLC                4
13                            KINGFISHER PLC                4
14                            Kier Group plc                4
15                              PETROFAC LTD                4
16                                    AA PLC                3
17                     AUTO TRADER GROUP PLC                3
18                   CRODA INTERNATIONAL PLC                3
19                          DUNELM GROUP PLC                3

         Name of Share Issuer  Net Short Position (%)
0              METRO BANK PLC                    8.87
1               HAMMERSON PLC                    8.57
2             CINEWORLD GROUP                    7.39
3      BABCOCK INTL GROUP PLC                    6.66
4              TULLOW OIL PLC                    6.51
5                 PEARSON PLC                    6.43
6       WOOD GROUP (JOHN) PLC                    5.78
7         INTU PROPERTIES PLC                    5.28
8                     SIG PLC                    5.26
9          WEIR GROUP PLC/THE                    5.15
10                EASYJET PLC                    4.90
11             KINGFISHER PLC                    4.77
12          PETROPAVLOVSK PLC                    4.72
13  Flutter Entertainment plc                    4.51
14                     AA PLC                    4.50
15               PETROFAC LTD                    4.50
16             Royal Mail Plc                    4.16
17             Kier Group plc                    3.85
18  MARKS & SPENCER GROUP PLC                    3.79
19           DUNELM GROUP PLC                    3.72

#########[+]SUMMARY MOST OVERALL SHORTED[+]######################
#########[+]SUMMARY MOST OVERALL SHORTED[+]######################
#########[+]SUMMARY MOST OVERALL SHORTED[+]######################

[+]	AA PLC
[+]	TULLOW OIL PLC
[+]	CINEWORLD GROUP
[+]	PEARSON PLC
[+]	Kier Group plc
[+]	INTU PROPERTIES PLC
[+]	EASYJET PLC
[+]	WOOD GROUP (JOHN) PLC
[+]	PETROFAC LTD
[+]	Flutter Entertainment plc
[+]	HAMMERSON PLC
[+]	KINGFISHER PLC
[+]	WEIR GROUP PLC/THE
[+]	BABCOCK INTL GROUP PLC
[+]	DUNELM GROUP PLC
[+]	METRO BANK PLC


THE SOFTWARE IS PROVIDED 'AS IS', WITHOUT WARRANTY OF ANY KIND, EXPRESS OR IMPLIED, INCLUDING BUT NOT LIMITED TO THE WARRANTIES OF MERCHANTABILITY, FITNESS FOR A PARTICULAR PURPOSE, TITLE AND NON-INFRINGEMENT. IN NO EVENT SHALL THE COPYRIGHT HOLDERS OR ANYONE DISTRIBUTING THE SOFTWARE BE LIABLE FOR ANY DAMAGES OR OTHER LIABILITY, WHETHER IN CONTRACT, TORT OR OTHERWISE, ARISING FROM, OUT OF OR IN CONNECTION WITH THE SOFTWARE OR THE USE OR OTHER DEALINGS IN THE SOFTWARE.

Dont forget to tip your server!
Bitcoin Cash (BCH)			qpz32c4lg7x7lnk9jg6qg7s4uavdce89myax5v5nuk
Ether (ETH)			0x843d3DEC2A4705BD4f45F674F641cE2D0022c9FB
Litecoin (LTC)			Lfk5y4F7KZa9oRxpazETwjQnHszEPvqPvu
Bitcoin (BTC)			14Dm7L3ABPtumPDcj3REAvs4L6w9YFRnHK
