##################################
##################################
##################################
Most Shorted Shares since [2020-06-15]
##################################
##################################
##################################

       Name of Share Issuer  Position Holder
0    BABCOCK INTL GROUP PLC                4
1             ASCENTIAL PLC                3
2  DOMINO'S PIZZA GROUP PLC                3

                        Name of Share Issuer  Net Short Position (%)
0                          PETROPAVLOVSK PLC                    5.20
1                             METRO BANK PLC                    4.25
2                     BABCOCK INTL GROUP PLC                    3.62
3                             Royal Mail Plc                    3.60
4                ULTRA ELECTRONICS HLDGS PLC                    3.34
5                 CREST NICHOLSON HLDGS  PLC                    2.39
6                   WM MORRISON SUPERMARKETS                    2.20
7                                VICTREX PLC                    2.12
8                                EASYJET PLC                    2.07
9                   DOMINO'S PIZZA GROUP PLC                    1.88
10                             ASCENTIAL PLC                    1.85
11                            TULLOW OIL PLC                    1.78
12                                CAPITA PLC                    1.76
13                                Greggs Plc                    1.68
14  Aston Martin Lagonda Global Holdings Plc                    1.62
15         INTERCONTINENTAL HOTELS GROUP PLC                    1.60
16                               DIGNITY PLC                    1.44
17               GULF KEYSTONE PETROLEUM LTD                    1.40
18                      FEVERTREE DRINKS PLC                    1.35
19                             HAMMERSON PLC                    1.33

#########[+]SUMMARY MOST OVERALL SHORTED[+]######################
#########[+]SUMMARY MOST OVERALL SHORTED[+]######################
#########[+]SUMMARY MOST OVERALL SHORTED[+]######################

[+]	ASCENTIAL PLC
[+]	DOMINO'S PIZZA GROUP PLC
[+]	BABCOCK INTL GROUP PLC


THE SOFTWARE IS PROVIDED 'AS IS', WITHOUT WARRANTY OF ANY KIND, EXPRESS OR IMPLIED, INCLUDING BUT NOT LIMITED TO THE WARRANTIES OF MERCHANTABILITY, FITNESS FOR A PARTICULAR PURPOSE, TITLE AND NON-INFRINGEMENT. IN NO EVENT SHALL THE COPYRIGHT HOLDERS OR ANYONE DISTRIBUTING THE SOFTWARE BE LIABLE FOR ANY DAMAGES OR OTHER LIABILITY, WHETHER IN CONTRACT, TORT OR OTHERWISE, ARISING FROM, OUT OF OR IN CONNECTION WITH THE SOFTWARE OR THE USE OR OTHER DEALINGS IN THE SOFTWARE.

Dont forget to tip your server!
Bitcoin Cash (BCH)			qpz32c4lg7x7lnk9jg6qg7s4uavdce89myax5v5nuk
Ether (ETH)			0x843d3DEC2A4705BD4f45F674F641cE2D0022c9FB
Litecoin (LTC)			Lfk5y4F7KZa9oRxpazETwjQnHszEPvqPvu
Bitcoin (BTC)			14Dm7L3ABPtumPDcj3REAvs4L6w9YFRnHK
