##################################
##################################
##################################
Most Shorted Shares since [2020-05-27]
##################################
##################################
##################################

     Name of Share Issuer  Position Holder
0             EASYJET PLC                4
1             PEARSON PLC                4
2  BABCOCK INTL GROUP PLC                3
3     VIRGIN MONEY UK PLC                3
4      WEIR GROUP PLC/THE                3
5           WHITBREAD PLC                3

                        Name of Share Issuer  Net Short Position (%)
0                                EASYJET PLC                    5.85
1                                PEARSON PLC                    4.24
2                     BABCOCK INTL GROUP PLC                    4.02
3                        VIRGIN MONEY UK PLC                    3.22
4                              ASCENTIAL PLC                    2.55
5                                 CAPITA PLC                    2.47
6                         WEIR GROUP PLC/THE                    2.45
7                                 FUTURE PLC                    2.37
8   Aston Martin Lagonda Global Holdings Plc                    2.26
9                             HYVE GROUP PLC                    2.09
10                  WM MORRISON SUPERMARKETS                    2.01
11                                HISCOX LTD                    1.88
12                             WHITBREAD PLC                    1.88
13                            TULLOW OIL PLC                    1.70
14                 MICRO FOCUS INTERNATIONAL                    1.63
15                   CRODA INTERNATIONAL PLC                    1.50
16                       GREENCORE GROUP PLC                    1.49
17                  DOMINO'S PIZZA GROUP PLC                    1.41
18                            METRO BANK PLC                    1.40
19                   Burford Capital Limited                    1.33

#########[+]SUMMARY MOST OVERALL SHORTED[+]######################
#########[+]SUMMARY MOST OVERALL SHORTED[+]######################
#########[+]SUMMARY MOST OVERALL SHORTED[+]######################

[+]	BABCOCK INTL GROUP PLC
[+]	PEARSON PLC
[+]	WEIR GROUP PLC/THE
[+]	EASYJET PLC
[+]	VIRGIN MONEY UK PLC
[+]	WHITBREAD PLC


THE SOFTWARE IS PROVIDED 'AS IS', WITHOUT WARRANTY OF ANY KIND, EXPRESS OR IMPLIED, INCLUDING BUT NOT LIMITED TO THE WARRANTIES OF MERCHANTABILITY, FITNESS FOR A PARTICULAR PURPOSE, TITLE AND NON-INFRINGEMENT. IN NO EVENT SHALL THE COPYRIGHT HOLDERS OR ANYONE DISTRIBUTING THE SOFTWARE BE LIABLE FOR ANY DAMAGES OR OTHER LIABILITY, WHETHER IN CONTRACT, TORT OR OTHERWISE, ARISING FROM, OUT OF OR IN CONNECTION WITH THE SOFTWARE OR THE USE OR OTHER DEALINGS IN THE SOFTWARE.

Dont forget to tip your server!
Bitcoin Cash (BCH)			qpz32c4lg7x7lnk9jg6qg7s4uavdce89myax5v5nuk
Ether (ETH)			0x843d3DEC2A4705BD4f45F674F641cE2D0022c9FB
Litecoin (LTC)			Lfk5y4F7KZa9oRxpazETwjQnHszEPvqPvu
Bitcoin (BTC)			14Dm7L3ABPtumPDcj3REAvs4L6w9YFRnHK
