##################################
##################################
##################################
Most Shorted Shares since [2019-12-11]
##################################
##################################
##################################

                        Name of Share Issuer  Position Holder
0                            CINEWORLD GROUP                6
1                             Royal Mail Plc                5
2                                VICTREX PLC                5
3                             KINGFISHER PLC                4
4                             NMC HEALTH PLC                4
5                                PEARSON PLC                4
6                      AUTO TRADER GROUP PLC                3
7   Aston Martin Lagonda Global Holdings Plc                3
8                     BABCOCK INTL GROUP PLC                3
9                                 CAPITA PLC                3
10                  DOMINO'S PIZZA GROUP PLC                3
11                          DUNELM GROUP PLC                3
12                               EASYJET PLC                3
13                             HAMMERSON PLC                3
14                       JOHNSON MATTHEY PLC                3
15               JUPITER FUND MANAGEMENT PLC                3
16                              PETROFAC LTD                3
17                                 TED BAKER                3
18                        WEIR GROUP PLC/THE                3
19                  WM MORRISON SUPERMARKETS                3

         Name of Share Issuer  Net Short Position (%)
0             CINEWORLD GROUP                    9.50
1                     SIG PLC                    6.69
2              Royal Mail Plc                    5.75
3                 VICTREX PLC                    4.71
4                 PEARSON PLC                    4.52
5              NMC HEALTH PLC                    4.46
6              KINGFISHER PLC                    4.28
7                 EASYJET PLC                    4.09
8              METRO BANK PLC                    4.00
9             MITIE GROUP PLC                    3.57
10         WEIR GROUP PLC/THE                    3.51
11     BABCOCK INTL GROUP PLC                    3.43
12                 CAPITA PLC                    3.40
13              HAMMERSON PLC                    3.37
14   DOMINO'S PIZZA GROUP PLC                    3.34
15    LANCASHIRE HOLDINGS LTD                    3.24
16  MARKS & SPENCER GROUP PLC                    3.19
17   WM MORRISON SUPERMARKETS                    3.03
18          PETROPAVLOVSK PLC                    3.03
19               PETROFAC LTD                    3.02

#########[+]SUMMARY MOST OVERALL SHORTED[+]######################
#########[+]SUMMARY MOST OVERALL SHORTED[+]######################
#########[+]SUMMARY MOST OVERALL SHORTED[+]######################

[+]	PEARSON PLC
[+]	KINGFISHER PLC
[+]	VICTREX PLC
[+]	NMC HEALTH PLC
[+]	Royal Mail Plc
[+]	CAPITA PLC
[+]	PETROFAC LTD
[+]	EASYJET PLC
[+]	BABCOCK INTL GROUP PLC
[+]	DOMINO'S PIZZA GROUP PLC
[+]	HAMMERSON PLC
[+]	WEIR GROUP PLC/THE
[+]	CINEWORLD GROUP
[+]	WM MORRISON SUPERMARKETS


THE SOFTWARE IS PROVIDED 'AS IS', WITHOUT WARRANTY OF ANY KIND, EXPRESS OR IMPLIED, INCLUDING BUT NOT LIMITED TO THE WARRANTIES OF MERCHANTABILITY, FITNESS FOR A PARTICULAR PURPOSE, TITLE AND NON-INFRINGEMENT. IN NO EVENT SHALL THE COPYRIGHT HOLDERS OR ANYONE DISTRIBUTING THE SOFTWARE BE LIABLE FOR ANY DAMAGES OR OTHER LIABILITY, WHETHER IN CONTRACT, TORT OR OTHERWISE, ARISING FROM, OUT OF OR IN CONNECTION WITH THE SOFTWARE OR THE USE OR OTHER DEALINGS IN THE SOFTWARE.

Dont forget to tip your server!
Bitcoin Cash (BCH)			qpz32c4lg7x7lnk9jg6qg7s4uavdce89myax5v5nuk
Ether (ETH)			0x843d3DEC2A4705BD4f45F674F641cE2D0022c9FB
Litecoin (LTC)			Lfk5y4F7KZa9oRxpazETwjQnHszEPvqPvu
Bitcoin (BTC)			14Dm7L3ABPtumPDcj3REAvs4L6w9YFRnHK
