##################################
##################################
##################################
Most Shorted Shares since [2020-03-18]
##################################
##################################
##################################

    Name of Share Issuer  Position Holder
0  WOOD GROUP (JOHN) PLC                4
1            DIGNITY PLC                3
2            EASYJET PLC                3

              Name of Share Issuer  Net Short Position (%)
0                      DIGNITY PLC                    4.08
1                    HAMMERSON PLC                    3.07
2            WOOD GROUP (JOHN) PLC                    2.93
3                      EASYJET PLC                    2.75
4                  NAKED WINES PLC                    2.54
5         WM MORRISON SUPERMARKETS                    2.39
6                    MARSTON'S PLC                    2.26
7          HARGREAVES LANSDOWN PLC                    1.87
8                    MENZIES(JOHN)                    1.85
9                    A.G. Barr PLC                    1.84
10    ACCESSO TECHNOLOGY GROUP PLC                    1.83
11          Arrow Global Group plc                    1.81
12                         SIG PLC                    1.74
13                    INCHCAPE PLC                    1.67
14                 CINEWORLD GROUP                    1.59
15            KEYWORDS STUDIOS PLC                    1.46
16                  METRO BANK PLC                    1.38
17             GREENCORE GROUP PLC                    1.33
18             JOHNSON MATTHEY PLC                    1.32
19  STANDARD LIFE ABERDEEN PLC ORD                    1.29

#########[+]SUMMARY MOST OVERALL SHORTED[+]######################
#########[+]SUMMARY MOST OVERALL SHORTED[+]######################
#########[+]SUMMARY MOST OVERALL SHORTED[+]######################

[+]	DIGNITY PLC
[+]	WOOD GROUP (JOHN) PLC
[+]	EASYJET PLC


THE SOFTWARE IS PROVIDED 'AS IS', WITHOUT WARRANTY OF ANY KIND, EXPRESS OR IMPLIED, INCLUDING BUT NOT LIMITED TO THE WARRANTIES OF MERCHANTABILITY, FITNESS FOR A PARTICULAR PURPOSE, TITLE AND NON-INFRINGEMENT. IN NO EVENT SHALL THE COPYRIGHT HOLDERS OR ANYONE DISTRIBUTING THE SOFTWARE BE LIABLE FOR ANY DAMAGES OR OTHER LIABILITY, WHETHER IN CONTRACT, TORT OR OTHERWISE, ARISING FROM, OUT OF OR IN CONNECTION WITH THE SOFTWARE OR THE USE OR OTHER DEALINGS IN THE SOFTWARE.

Dont forget to tip your server!
Bitcoin Cash (BCH)			qpz32c4lg7x7lnk9jg6qg7s4uavdce89myax5v5nuk
Ether (ETH)			0x843d3DEC2A4705BD4f45F674F641cE2D0022c9FB
Litecoin (LTC)			Lfk5y4F7KZa9oRxpazETwjQnHszEPvqPvu
Bitcoin (BTC)			14Dm7L3ABPtumPDcj3REAvs4L6w9YFRnHK
