##################################
##################################
##################################
Most Shorted Shares since [2020-07-02]
##################################
##################################
##################################

       Name of Share Issuer  Position Holder
0  DOMINO'S PIZZA GROUP PLC                3

                        Name of Share Issuer  Net Short Position (%)
0          INTERCONTINENTAL HOTELS GROUP PLC                    2.70
1                   DOMINO'S PIZZA GROUP PLC                    2.65
2                             METRO BANK PLC                    2.64
3                                 HISCOX LTD                    2.59
4                                 FUTURE PLC                    2.52
5                              A.G. Barr PLC                    2.38
6                     BABCOCK INTL GROUP PLC                    2.29
7                                VICTREX PLC                    2.11
8                  MICRO FOCUS INTERNATIONAL                    1.92
9                             TULLOW OIL PLC                    1.90
10                   CRODA INTERNATIONAL PLC                    1.76
11              SMITH (DAVID S) HOLDINGS PLC                    1.75
12  Aston Martin Lagonda Global Holdings Plc                    1.70
13                 CREST NICHOLSON HLDGS PLC                    1.66
14                                CAPITA PLC                    1.65
15                        BURBERRY GROUP PLC                    1.64
16                              SPECTRIS PLC                    1.53
17                            Royal Mail Plc                    1.52
18               GULF KEYSTONE PETROLEUM LTD                    1.38
19                    TELECOM PLUS PLC (LN*)                    1.30

#########[+]SUMMARY MOST OVERALL SHORTED[+]######################
#########[+]SUMMARY MOST OVERALL SHORTED[+]######################
#########[+]SUMMARY MOST OVERALL SHORTED[+]######################

[+]	DOMINO'S PIZZA GROUP PLC


THE SOFTWARE IS PROVIDED 'AS IS', WITHOUT WARRANTY OF ANY KIND, EXPRESS OR IMPLIED, INCLUDING BUT NOT LIMITED TO THE WARRANTIES OF MERCHANTABILITY, FITNESS FOR A PARTICULAR PURPOSE, TITLE AND NON-INFRINGEMENT. IN NO EVENT SHALL THE COPYRIGHT HOLDERS OR ANYONE DISTRIBUTING THE SOFTWARE BE LIABLE FOR ANY DAMAGES OR OTHER LIABILITY, WHETHER IN CONTRACT, TORT OR OTHERWISE, ARISING FROM, OUT OF OR IN CONNECTION WITH THE SOFTWARE OR THE USE OR OTHER DEALINGS IN THE SOFTWARE.

Dont forget to tip your server!
Bitcoin Cash (BCH)			qpz32c4lg7x7lnk9jg6qg7s4uavdce89myax5v5nuk
Ether (ETH)			0x843d3DEC2A4705BD4f45F674F641cE2D0022c9FB
Litecoin (LTC)			Lfk5y4F7KZa9oRxpazETwjQnHszEPvqPvu
Bitcoin (BTC)			14Dm7L3ABPtumPDcj3REAvs4L6w9YFRnHK
