##################################
##################################
##################################
Most Shorted Shares since [2020-08-12]
##################################
##################################
##################################

  Name of Share Issuer  Position Holder
0               TUI AG                4

                        Name of Share Issuer  Net Short Position (%)
0                                     TUI AG                    3.48
1          INTERCONTINENTAL HOTELS GROUP PLC                    2.24
2                    CRODA INTERNATIONAL PLC                    2.18
3                          SAINSBURY (J) PLC                    2.15
4                                 CAPITA PLC                    1.97
5                             Royal Mail Plc                    1.85
6                                  REACH PLC                    1.71
7                              HAMMERSON PLC                    1.61
8                                DIGNITY PLC                    1.41
9                        Midatech Pharma Plc                    1.21
10        NETWORK INTERNATIONAL HOLDINGS PLC                    1.18
11                             MARSTON'S PLC                    1.17
12                                   ITV PLC                    1.16
13                               AGGREKO PLC                    1.08
14                NATIONAL EXPRESS GROUP PLC                    1.03
15                                SENIOR PLC                    1.00
16  Aston Martin Lagonda Global Holdings Plc                    0.99
17            B&M EUROPEAN VALUE RETAIL S.A.                    0.99
18                            KINGFISHER PLC                    0.92
19                      KEYWORDS STUDIOS PLC                    0.90

#########[+]SUMMARY MOST OVERALL SHORTED[+]######################
#########[+]SUMMARY MOST OVERALL SHORTED[+]######################
#########[+]SUMMARY MOST OVERALL SHORTED[+]######################

[+]	TUI AG


THE SOFTWARE IS PROVIDED 'AS IS', WITHOUT WARRANTY OF ANY KIND, EXPRESS OR IMPLIED, INCLUDING BUT NOT LIMITED TO THE WARRANTIES OF MERCHANTABILITY, FITNESS FOR A PARTICULAR PURPOSE, TITLE AND NON-INFRINGEMENT. IN NO EVENT SHALL THE COPYRIGHT HOLDERS OR ANYONE DISTRIBUTING THE SOFTWARE BE LIABLE FOR ANY DAMAGES OR OTHER LIABILITY, WHETHER IN CONTRACT, TORT OR OTHERWISE, ARISING FROM, OUT OF OR IN CONNECTION WITH THE SOFTWARE OR THE USE OR OTHER DEALINGS IN THE SOFTWARE.

Dont forget to tip your server!
Bitcoin Cash (BCH)			qpz32c4lg7x7lnk9jg6qg7s4uavdce89myax5v5nuk
Ether (ETH)			0x843d3DEC2A4705BD4f45F674F641cE2D0022c9FB
Litecoin (LTC)			Lfk5y4F7KZa9oRxpazETwjQnHszEPvqPvu
Bitcoin (BTC)			14Dm7L3ABPtumPDcj3REAvs4L6w9YFRnHK
