##################################
##################################
##################################
Most Shorted Shares since [2020-03-14]
##################################
##################################
##################################

        Name of Share Issuer  Position Holder
0      AUTO TRADER GROUP PLC                6
1                VICTREX PLC                6
2                EASYJET PLC                4
3              HAMMERSON PLC                4
4  Flutter Entertainment plc                3
5          Galliford Try plc                3
6  MARKS & SPENCER GROUP PLC                3

         Name of Share Issuer  Net Short Position (%)
0               HAMMERSON PLC                    5.33
1                 VICTREX PLC                    5.16
2       AUTO TRADER GROUP PLC                    3.88
3                 EASYJET PLC                    3.65
4   Flutter Entertainment plc                    3.51
5   MARKS & SPENCER GROUP PLC                    3.20
6    DOMINO'S PIZZA GROUP PLC                    2.56
7     CRODA INTERNATIONAL PLC                    2.55
8                     SIG PLC                    2.47
9              TULLOW OIL PLC                    2.41
10          Galliford Try plc                    2.17
11             METRO BANK PLC                    2.16
12            PREMIER OIL PLC                    2.15
13               Vesuvius PLC                    2.12
14        GREENCORE GROUP PLC                    2.08
15   WM MORRISON SUPERMARKETS                    2.06
16           GVC Holdings Plc                    1.94
17           DUNELM GROUP PLC                    1.92
18          SAINSBURY (J) PLC                    1.89
19          NEWRIVER REIT PLC                    1.87

#########[+]SUMMARY MOST OVERALL SHORTED[+]######################
#########[+]SUMMARY MOST OVERALL SHORTED[+]######################
#########[+]SUMMARY MOST OVERALL SHORTED[+]######################

[+]	HAMMERSON PLC
[+]	Flutter Entertainment plc
[+]	VICTREX PLC
[+]	EASYJET PLC
[+]	AUTO TRADER GROUP PLC
[+]	MARKS & SPENCER GROUP PLC
[+]	Galliford Try plc


THE SOFTWARE IS PROVIDED 'AS IS', WITHOUT WARRANTY OF ANY KIND, EXPRESS OR IMPLIED, INCLUDING BUT NOT LIMITED TO THE WARRANTIES OF MERCHANTABILITY, FITNESS FOR A PARTICULAR PURPOSE, TITLE AND NON-INFRINGEMENT. IN NO EVENT SHALL THE COPYRIGHT HOLDERS OR ANYONE DISTRIBUTING THE SOFTWARE BE LIABLE FOR ANY DAMAGES OR OTHER LIABILITY, WHETHER IN CONTRACT, TORT OR OTHERWISE, ARISING FROM, OUT OF OR IN CONNECTION WITH THE SOFTWARE OR THE USE OR OTHER DEALINGS IN THE SOFTWARE.

Dont forget to tip your server!
Bitcoin Cash (BCH)			qpz32c4lg7x7lnk9jg6qg7s4uavdce89myax5v5nuk
Ether (ETH)			0x843d3DEC2A4705BD4f45F674F641cE2D0022c9FB
Litecoin (LTC)			Lfk5y4F7KZa9oRxpazETwjQnHszEPvqPvu
Bitcoin (BTC)			14Dm7L3ABPtumPDcj3REAvs4L6w9YFRnHK
