##################################
##################################
##################################
Most Shorted Shares since [2020-05-12]
##################################
##################################
##################################

         Name of Share Issuer  Position Holder
0               HAMMERSON PLC                4
1                  CAPITA PLC                3
2                CARNIVAL PLC                3
3                 EASYJET PLC                3
4                  FUTURE PLC                3
5     HARGREAVES LANSDOWN PLC                3
6        KEYWORDS STUDIOS PLC                3
7              METRO BANK PLC                3
8   MICRO FOCUS INTERNATIONAL                3
9                 PEARSON PLC                3
10             Royal Mail Plc                3
11          SAINSBURY (J) PLC                3
12                     TUI AG                3
13         WEIR GROUP PLC/THE                3

                        Name of Share Issuer  Net Short Position (%)
0                              HAMMERSON PLC                    5.35
1                                EASYJET PLC                    5.14
2                             Royal Mail Plc                    4.40
3                                 CAPITA PLC                    4.09
4                                 FUTURE PLC                    4.07
5                  MICRO FOCUS INTERNATIONAL                    3.55
6                               CARNIVAL PLC                    3.40
7                             METRO BANK PLC                    3.40
8                   WM MORRISON SUPERMARKETS                    3.37
9                                     TUI AG                    3.32
10                             A.G. Barr PLC                    2.99
11                              INCHCAPE PLC                    2.87
12                                    AA PLC                    2.62
13                        WEIR GROUP PLC/THE                    2.56
14                      KEYWORDS STUDIOS PLC                    2.48
15  Aston Martin Lagonda Global Holdings Plc                    2.45
16                               PEARSON PLC                    2.36
17                             MARSTON'S PLC                    2.35
18                                   IQE PLC                    2.30
19                   HARGREAVES LANSDOWN PLC                    2.29

#########[+]SUMMARY MOST OVERALL SHORTED[+]######################
#########[+]SUMMARY MOST OVERALL SHORTED[+]######################
#########[+]SUMMARY MOST OVERALL SHORTED[+]######################

[+]	EASYJET PLC
[+]	MICRO FOCUS INTERNATIONAL
[+]	CARNIVAL PLC
[+]	TUI AG
[+]	KEYWORDS STUDIOS PLC
[+]	HAMMERSON PLC
[+]	Royal Mail Plc
[+]	CAPITA PLC
[+]	PEARSON PLC
[+]	FUTURE PLC
[+]	WEIR GROUP PLC/THE
[+]	HARGREAVES LANSDOWN PLC
[+]	METRO BANK PLC


THE SOFTWARE IS PROVIDED 'AS IS', WITHOUT WARRANTY OF ANY KIND, EXPRESS OR IMPLIED, INCLUDING BUT NOT LIMITED TO THE WARRANTIES OF MERCHANTABILITY, FITNESS FOR A PARTICULAR PURPOSE, TITLE AND NON-INFRINGEMENT. IN NO EVENT SHALL THE COPYRIGHT HOLDERS OR ANYONE DISTRIBUTING THE SOFTWARE BE LIABLE FOR ANY DAMAGES OR OTHER LIABILITY, WHETHER IN CONTRACT, TORT OR OTHERWISE, ARISING FROM, OUT OF OR IN CONNECTION WITH THE SOFTWARE OR THE USE OR OTHER DEALINGS IN THE SOFTWARE.

Dont forget to tip your server!
Bitcoin Cash (BCH)			qpz32c4lg7x7lnk9jg6qg7s4uavdce89myax5v5nuk
Ether (ETH)			0x843d3DEC2A4705BD4f45F674F641cE2D0022c9FB
Litecoin (LTC)			Lfk5y4F7KZa9oRxpazETwjQnHszEPvqPvu
Bitcoin (BTC)			14Dm7L3ABPtumPDcj3REAvs4L6w9YFRnHK
