##################################
##################################
##################################
Most Shorted Shares since [2020-08-24]
##################################
##################################
##################################

       Name of Share Issuer  Position Holder
0  DOMINO'S PIZZA GROUP PLC                3

                  Name of Share Issuer  Net Short Position (%)
0                    SAINSBURY (J) PLC                    2.50
1             DOMINO'S PIZZA GROUP PLC                    2.32
2                              IQE PLC                    2.29
3                              ITV PLC                    2.27
4                        MARSTON'S PLC                    2.03
5                            REACH PLC                    1.91
6    INTERCONTINENTAL HOTELS GROUP PLC                    1.89
7   NETWORK INTERNATIONAL HOLDINGS PLC                    1.82
8                      CINEWORLD GROUP                    1.54
9                           CAPITA PLC                    1.50
10                      METRO BANK PLC                    1.48
11            WM MORRISON SUPERMARKETS                    1.38
12                      Royal Mail Plc                    1.17
13            ROLLS-ROYCE HOLDINGS PLC                    1.04
14             HARGREAVES LANSDOWN PLC                    1.03
15                RESTAURANT GROUP PLC                    0.93
16              Arrow Global Group plc                    0.90
17                    GVC Holdings Plc                    0.82
18                         MEGGITT PLC                    0.81
19                  BURBERRY GROUP PLC                    0.80

#########[+]SUMMARY MOST OVERALL SHORTED[+]######################
#########[+]SUMMARY MOST OVERALL SHORTED[+]######################
#########[+]SUMMARY MOST OVERALL SHORTED[+]######################

[+]	DOMINO'S PIZZA GROUP PLC


THE SOFTWARE IS PROVIDED 'AS IS', WITHOUT WARRANTY OF ANY KIND, EXPRESS OR IMPLIED, INCLUDING BUT NOT LIMITED TO THE WARRANTIES OF MERCHANTABILITY, FITNESS FOR A PARTICULAR PURPOSE, TITLE AND NON-INFRINGEMENT. IN NO EVENT SHALL THE COPYRIGHT HOLDERS OR ANYONE DISTRIBUTING THE SOFTWARE BE LIABLE FOR ANY DAMAGES OR OTHER LIABILITY, WHETHER IN CONTRACT, TORT OR OTHERWISE, ARISING FROM, OUT OF OR IN CONNECTION WITH THE SOFTWARE OR THE USE OR OTHER DEALINGS IN THE SOFTWARE.

Dont forget to tip your server!
Bitcoin Cash (BCH)			qpz32c4lg7x7lnk9jg6qg7s4uavdce89myax5v5nuk
Ether (ETH)			0x843d3DEC2A4705BD4f45F674F641cE2D0022c9FB
Litecoin (LTC)			Lfk5y4F7KZa9oRxpazETwjQnHszEPvqPvu
Bitcoin (BTC)			14Dm7L3ABPtumPDcj3REAvs4L6w9YFRnHK
