##################################
##################################
##################################
Most Shorted Shares since [2020-03-26]
##################################
##################################
##################################

     Name of Share Issuer  Position Holder
0  BABCOCK INTL GROUP PLC                3

            Name of Share Issuer  Net Short Position (%)
0       WM MORRISON SUPERMARKETS                    3.45
1         BABCOCK INTL GROUP PLC                    3.23
2                     FUTURE PLC                    2.89
3                  HAMMERSON PLC                    2.64
4                 TULLOW OIL PLC                    2.18
5                  A.G. Barr PLC                    2.11
6                       ASOS PLC                    1.89
7               DUNELM GROUP PLC                    1.55
8                 Royal Mail Plc                    1.47
9                CINEWORLD GROUP                    1.46
10              GVC Holdings Plc                    1.45
11                METRO BANK PLC                    1.45
12           VIRGIN MONEY UK PLC                    1.42
13            WEIR GROUP PLC/THE                    1.42
14                   VICTREX PLC                    1.19
15  INTERCONTINENTAL HOTELS GROU                    1.18
16      DOMINO'S PIZZA GROUP PLC                    1.12
17          KEYWORDS STUDIOS PLC                    1.11
18                 MENZIES(JOHN)                    1.07
19                  CARNIVAL PLC                    1.03

#########[+]SUMMARY MOST OVERALL SHORTED[+]######################
#########[+]SUMMARY MOST OVERALL SHORTED[+]######################
#########[+]SUMMARY MOST OVERALL SHORTED[+]######################

[+]	BABCOCK INTL GROUP PLC


THE SOFTWARE IS PROVIDED 'AS IS', WITHOUT WARRANTY OF ANY KIND, EXPRESS OR IMPLIED, INCLUDING BUT NOT LIMITED TO THE WARRANTIES OF MERCHANTABILITY, FITNESS FOR A PARTICULAR PURPOSE, TITLE AND NON-INFRINGEMENT. IN NO EVENT SHALL THE COPYRIGHT HOLDERS OR ANYONE DISTRIBUTING THE SOFTWARE BE LIABLE FOR ANY DAMAGES OR OTHER LIABILITY, WHETHER IN CONTRACT, TORT OR OTHERWISE, ARISING FROM, OUT OF OR IN CONNECTION WITH THE SOFTWARE OR THE USE OR OTHER DEALINGS IN THE SOFTWARE.

Dont forget to tip your server!
Bitcoin Cash (BCH)			qpz32c4lg7x7lnk9jg6qg7s4uavdce89myax5v5nuk
Ether (ETH)			0x843d3DEC2A4705BD4f45F674F641cE2D0022c9FB
Litecoin (LTC)			Lfk5y4F7KZa9oRxpazETwjQnHszEPvqPvu
Bitcoin (BTC)			14Dm7L3ABPtumPDcj3REAvs4L6w9YFRnHK
