##################################
##################################
##################################
Most Shorted Shares since [2019-12-17]
##################################
##################################
##################################

           Name of Share Issuer  Position Holder
0                NMC HEALTH PLC                4
1                     TED BAKER                4
2         AUTO TRADER GROUP PLC                3
3                    CAPITA PLC                3
4               CINEWORLD GROUP                3
5      DOMINO'S PIZZA GROUP PLC                3
6                   EASYJET PLC                3
7     Flutter Entertainment plc                3
8   JUPITER FUND MANAGEMENT PLC                3
9                   PEARSON PLC                3
10               Royal Mail Plc                3
11                  VICTREX PLC                3
12        WOOD GROUP (JOHN) PLC                3

           Name of Share Issuer  Net Short Position (%)
0               CINEWORLD GROUP                    5.47
1                       SIG PLC                    5.43
2                NMC HEALTH PLC                    4.50
3                   EASYJET PLC                    4.24
4                METRO BANK PLC                    4.21
5    CREST NICHOLSON HLDGS  PLC                    4.13
6         WOOD GROUP (JOHN) PLC                    3.59
7      DOMINO'S PIZZA GROUP PLC                    3.42
8                    CAPITA PLC                    3.40
9                   VICTREX PLC                    3.30
10                  PLUS500 LTD                    3.27
11    Flutter Entertainment plc                    3.20
12                  PEARSON PLC                    3.00
13      LANCASHIRE HOLDINGS LTD                    2.90
14                       AA PLC                    2.70
15                  BEAZLEY PLC                    2.62
16                    TED BAKER                    2.61
17               Royal Mail Plc                    2.52
18  JUPITER FUND MANAGEMENT PLC                    2.34
19       Arrow Global Group plc                    2.17

#########[+]SUMMARY MOST OVERALL SHORTED[+]######################
#########[+]SUMMARY MOST OVERALL SHORTED[+]######################
#########[+]SUMMARY MOST OVERALL SHORTED[+]######################

[+]	VICTREX PLC
[+]	EASYJET PLC
[+]	CAPITA PLC
[+]	CINEWORLD GROUP
[+]	NMC HEALTH PLC
[+]	DOMINO'S PIZZA GROUP PLC
[+]	TED BAKER
[+]	JUPITER FUND MANAGEMENT PLC
[+]	WOOD GROUP (JOHN) PLC
[+]	Flutter Entertainment plc
[+]	Royal Mail Plc
[+]	PEARSON PLC


THE SOFTWARE IS PROVIDED 'AS IS', WITHOUT WARRANTY OF ANY KIND, EXPRESS OR IMPLIED, INCLUDING BUT NOT LIMITED TO THE WARRANTIES OF MERCHANTABILITY, FITNESS FOR A PARTICULAR PURPOSE, TITLE AND NON-INFRINGEMENT. IN NO EVENT SHALL THE COPYRIGHT HOLDERS OR ANYONE DISTRIBUTING THE SOFTWARE BE LIABLE FOR ANY DAMAGES OR OTHER LIABILITY, WHETHER IN CONTRACT, TORT OR OTHERWISE, ARISING FROM, OUT OF OR IN CONNECTION WITH THE SOFTWARE OR THE USE OR OTHER DEALINGS IN THE SOFTWARE.

Dont forget to tip your server!
Bitcoin Cash (BCH)			qpz32c4lg7x7lnk9jg6qg7s4uavdce89myax5v5nuk
Ether (ETH)			0x843d3DEC2A4705BD4f45F674F641cE2D0022c9FB
Litecoin (LTC)			Lfk5y4F7KZa9oRxpazETwjQnHszEPvqPvu
Bitcoin (BTC)			14Dm7L3ABPtumPDcj3REAvs4L6w9YFRnHK
