##################################
##################################
##################################
Most Shorted Shares since [2019-12-20]
##################################
##################################
##################################

          Name of Share Issuer  Position Holder
0                    TED BAKER                4
1                     ASOS PLC                3
2              CINEWORLD GROUP                3
3                  EASYJET PLC                3
4    Flutter Entertainment plc                3
5  JUPITER FUND MANAGEMENT PLC                3
6               NMC HEALTH PLC                3
7                  PLUS500 LTD                3
8               Royal Mail Plc                3

           Name of Share Issuer  Net Short Position (%)
0               CINEWORLD GROUP                    5.67
1                METRO BANK PLC                    4.19
2    CREST NICHOLSON HLDGS  PLC                    4.13
3                   EASYJET PLC                    4.12
4                   PLUS500 LTD                    3.89
5                NMC HEALTH PLC                    3.88
6     Flutter Entertainment plc                    3.20
7         WOOD GROUP (JOHN) PLC                    2.99
8       LANCASHIRE HOLDINGS LTD                    2.90
9                      ASOS PLC                    2.88
10                       AA PLC                    2.70
11                    TED BAKER                    2.66
12  JUPITER FUND MANAGEMENT PLC                    2.52
13               Royal Mail Plc                    2.52
14           WEIR GROUP PLC/THE                    2.02
15              PREMIER OIL PLC                    1.92
16            Galliford Try plc                    1.83
17                HAMMERSON PLC                    1.83
18                A.G. Barr PLC                    1.81
19             SEVERN TRENT PLC                    1.70

#########[+]SUMMARY MOST OVERALL SHORTED[+]######################
#########[+]SUMMARY MOST OVERALL SHORTED[+]######################
#########[+]SUMMARY MOST OVERALL SHORTED[+]######################

[+]	Flutter Entertainment plc
[+]	JUPITER FUND MANAGEMENT PLC
[+]	Royal Mail Plc
[+]	CINEWORLD GROUP
[+]	PLUS500 LTD
[+]	EASYJET PLC
[+]	ASOS PLC
[+]	TED BAKER
[+]	NMC HEALTH PLC


THE SOFTWARE IS PROVIDED 'AS IS', WITHOUT WARRANTY OF ANY KIND, EXPRESS OR IMPLIED, INCLUDING BUT NOT LIMITED TO THE WARRANTIES OF MERCHANTABILITY, FITNESS FOR A PARTICULAR PURPOSE, TITLE AND NON-INFRINGEMENT. IN NO EVENT SHALL THE COPYRIGHT HOLDERS OR ANYONE DISTRIBUTING THE SOFTWARE BE LIABLE FOR ANY DAMAGES OR OTHER LIABILITY, WHETHER IN CONTRACT, TORT OR OTHERWISE, ARISING FROM, OUT OF OR IN CONNECTION WITH THE SOFTWARE OR THE USE OR OTHER DEALINGS IN THE SOFTWARE.

Dont forget to tip your server!
Bitcoin Cash (BCH)			qpz32c4lg7x7lnk9jg6qg7s4uavdce89myax5v5nuk
Ether (ETH)			0x843d3DEC2A4705BD4f45F674F641cE2D0022c9FB
Litecoin (LTC)			Lfk5y4F7KZa9oRxpazETwjQnHszEPvqPvu
Bitcoin (BTC)			14Dm7L3ABPtumPDcj3REAvs4L6w9YFRnHK
