##################################
##################################
##################################
Most Shorted Shares since [2019-12-31]
##################################
##################################
##################################

                        Name of Share Issuer  Position Holder
0                      WOOD GROUP (JOHN) PLC                7
1                                   ASOS PLC                4
2   Aston Martin Lagonda Global Holdings Plc                4
3                                EASYJET PLC                4
4                  Flutter Entertainment plc                4
5                                PEARSON PLC                4
6                             Royal Mail Plc                4
7                                    SIG PLC                4
8                              A.G. Barr PLC                3
9                     BABCOCK INTL GROUP PLC                3
10                           CINEWORLD GROUP                3
11                       JOHNSON MATTHEY PLC                3
12               JUPITER FUND MANAGEMENT PLC                3
13                            METRO BANK PLC                3
14                               PLUS500 LTD                3
15                           PREMIER OIL PLC                3
16                                 TED BAKER                3
17                        WEIR GROUP PLC/THE                3

                        Name of Share Issuer  Net Short Position (%)
0                                    SIG PLC                    7.10
1                             METRO BANK PLC                    6.81
2                      WOOD GROUP (JOHN) PLC                    6.78
3                            CINEWORLD GROUP                    6.61
4                                EASYJET PLC                    4.66
5                                   ASOS PLC                    3.73
6   Aston Martin Lagonda Global Holdings Plc                    3.65
7                  Flutter Entertainment plc                    3.43
8                        INTU PROPERTIES PLC                    3.36
9                           DUNELM GROUP PLC                    3.26
10                               PEARSON PLC                    3.22
11                             HAMMERSON PLC                    3.15
12                               PLUS500 LTD                    3.07
13                  DOMINO'S PIZZA GROUP PLC                    2.99
14                            Royal Mail Plc                    2.97
15                   LANCASHIRE HOLDINGS LTD                    2.90
16                            NMC HEALTH PLC                    2.85
17               JUPITER FUND MANAGEMENT PLC                    2.61
18                           PREMIER OIL PLC                    2.51
19                             A.G. Barr PLC                    2.31

#########[+]SUMMARY MOST OVERALL SHORTED[+]######################
#########[+]SUMMARY MOST OVERALL SHORTED[+]######################
#########[+]SUMMARY MOST OVERALL SHORTED[+]######################

[+]	A.G. Barr PLC
[+]	ASOS PLC
[+]	JUPITER FUND MANAGEMENT PLC
[+]	Flutter Entertainment plc
[+]	Royal Mail Plc
[+]	WOOD GROUP (JOHN) PLC
[+]	Aston Martin Lagonda Global Holdings Plc
[+]	CINEWORLD GROUP
[+]	PREMIER OIL PLC
[+]	SIG PLC
[+]	PLUS500 LTD
[+]	EASYJET PLC
[+]	PEARSON PLC
[+]	METRO BANK PLC


THE SOFTWARE IS PROVIDED 'AS IS', WITHOUT WARRANTY OF ANY KIND, EXPRESS OR IMPLIED, INCLUDING BUT NOT LIMITED TO THE WARRANTIES OF MERCHANTABILITY, FITNESS FOR A PARTICULAR PURPOSE, TITLE AND NON-INFRINGEMENT. IN NO EVENT SHALL THE COPYRIGHT HOLDERS OR ANYONE DISTRIBUTING THE SOFTWARE BE LIABLE FOR ANY DAMAGES OR OTHER LIABILITY, WHETHER IN CONTRACT, TORT OR OTHERWISE, ARISING FROM, OUT OF OR IN CONNECTION WITH THE SOFTWARE OR THE USE OR OTHER DEALINGS IN THE SOFTWARE.

Dont forget to tip your server!
Bitcoin Cash (BCH)			qpz32c4lg7x7lnk9jg6qg7s4uavdce89myax5v5nuk
Ether (ETH)			0x843d3DEC2A4705BD4f45F674F641cE2D0022c9FB
Litecoin (LTC)			Lfk5y4F7KZa9oRxpazETwjQnHszEPvqPvu
Bitcoin (BTC)			14Dm7L3ABPtumPDcj3REAvs4L6w9YFRnHK
