##################################
##################################
##################################
Most Shorted Shares since [2020-03-11]
##################################
##################################
##################################

        Name of Share Issuer  Position Holder
0              HAMMERSON PLC                4
1           GVC Holdings Plc                3
2             KINGFISHER PLC                3
3  MICRO FOCUS INTERNATIONAL                3
4      WOOD GROUP (JOHN) PLC                3

         Name of Share Issuer  Net Short Position (%)
0            GVC Holdings Plc                    3.01
1             PREMIER OIL PLC                    2.89
2               HAMMERSON PLC                    2.81
3     CRODA INTERNATIONAL PLC                    2.64
4          WEIR GROUP PLC/THE                    2.57
5              KINGFISHER PLC                    2.51
6       WOOD GROUP (JOHN) PLC                    2.39
7              METRO BANK PLC                    2.31
8   MICRO FOCUS INTERNATIONAL                    2.10
9                  SENIOR PLC                    2.07
10                EASYJET PLC                    1.99
11               INCHCAPE PLC                    1.98
12                 HISCOX LTD                    1.90
13       ST JAMES'S PLACE PLC                    1.83
14                PEARSON PLC                    1.68
15     Arrow Global Group plc                    1.61
16                VICTREX PLC                    1.60
17  Flutter Entertainment plc                    1.55
18             Kier Group plc                    1.52
19                  TED BAKER                    1.52

#########[+]SUMMARY MOST OVERALL SHORTED[+]######################
#########[+]SUMMARY MOST OVERALL SHORTED[+]######################
#########[+]SUMMARY MOST OVERALL SHORTED[+]######################

[+]	WOOD GROUP (JOHN) PLC
[+]	MICRO FOCUS INTERNATIONAL
[+]	GVC Holdings Plc
[+]	HAMMERSON PLC
[+]	KINGFISHER PLC


THE SOFTWARE IS PROVIDED 'AS IS', WITHOUT WARRANTY OF ANY KIND, EXPRESS OR IMPLIED, INCLUDING BUT NOT LIMITED TO THE WARRANTIES OF MERCHANTABILITY, FITNESS FOR A PARTICULAR PURPOSE, TITLE AND NON-INFRINGEMENT. IN NO EVENT SHALL THE COPYRIGHT HOLDERS OR ANYONE DISTRIBUTING THE SOFTWARE BE LIABLE FOR ANY DAMAGES OR OTHER LIABILITY, WHETHER IN CONTRACT, TORT OR OTHERWISE, ARISING FROM, OUT OF OR IN CONNECTION WITH THE SOFTWARE OR THE USE OR OTHER DEALINGS IN THE SOFTWARE.

Dont forget to tip your server!
Bitcoin Cash (BCH)			qpz32c4lg7x7lnk9jg6qg7s4uavdce89myax5v5nuk
Ether (ETH)			0x843d3DEC2A4705BD4f45F674F641cE2D0022c9FB
Litecoin (LTC)			Lfk5y4F7KZa9oRxpazETwjQnHszEPvqPvu
Bitcoin (BTC)			14Dm7L3ABPtumPDcj3REAvs4L6w9YFRnHK
