##################################
##################################
##################################
Most Shorted Shares since [2020-02-04]
##################################
##################################
##################################

                        Name of Share Issuer  Position Holder
0                     BABCOCK INTL GROUP PLC                7
1                         WEIR GROUP PLC/THE                7
2                      WOOD GROUP (JOHN) PLC                6
3                              HAMMERSON PLC                5
4                             KINGFISHER PLC                5
5                                PEARSON PLC                5
6                             TULLOW OIL PLC                5
7                  Flutter Entertainment plc                4
8                          Galliford Try plc                4
9                             Kier Group plc                4
10                            METRO BANK PLC                4
11                            Royal Mail Plc                4
12                               VICTREX PLC                4
13                                    AA PLC                3
14  Aston Martin Lagonda Global Holdings Plc                3
15                           CINEWORLD GROUP                3
16                   CRODA INTERNATIONAL PLC                3
17                               EASYJET PLC                3
18                        EQUINITI GROUP PLC                3
19                              INCHCAPE PLC                3

            Name of Share Issuer  Net Short Position (%)
0         BABCOCK INTL GROUP PLC                    8.11
1                 METRO BANK PLC                    7.53
2                  HAMMERSON PLC                    7.12
3             WEIR GROUP PLC/THE                    6.34
4                    PEARSON PLC                    6.27
5          WOOD GROUP (JOHN) PLC                    5.71
6                 KINGFISHER PLC                    5.49
7                 TULLOW OIL PLC                    5.33
8                        SIG PLC                    5.13
9                    VICTREX PLC                    4.96
10                        AA PLC                    4.87
11                Royal Mail Plc                    4.67
12               CINEWORLD GROUP                    4.02
13                Kier Group plc                    3.85
14                   EASYJET PLC                    3.78
15     Flutter Entertainment plc                    3.46
16            Go-Ahead Group PLC                    3.39
17                  INCHCAPE PLC                    2.99
18       CRODA INTERNATIONAL PLC                    2.97
19  SMITH (DAVID S) HOLDINGS PLC                    2.94

#########[+]SUMMARY MOST OVERALL SHORTED[+]######################
#########[+]SUMMARY MOST OVERALL SHORTED[+]######################
#########[+]SUMMARY MOST OVERALL SHORTED[+]######################

[+]	METRO BANK PLC
[+]	VICTREX PLC
[+]	INCHCAPE PLC
[+]	BABCOCK INTL GROUP PLC
[+]	KINGFISHER PLC
[+]	HAMMERSON PLC
[+]	CINEWORLD GROUP
[+]	Kier Group plc
[+]	CRODA INTERNATIONAL PLC
[+]	PEARSON PLC
[+]	TULLOW OIL PLC
[+]	Royal Mail Plc
[+]	AA PLC
[+]	WEIR GROUP PLC/THE
[+]	WOOD GROUP (JOHN) PLC
[+]	EASYJET PLC
[+]	Flutter Entertainment plc


THE SOFTWARE IS PROVIDED 'AS IS', WITHOUT WARRANTY OF ANY KIND, EXPRESS OR IMPLIED, INCLUDING BUT NOT LIMITED TO THE WARRANTIES OF MERCHANTABILITY, FITNESS FOR A PARTICULAR PURPOSE, TITLE AND NON-INFRINGEMENT. IN NO EVENT SHALL THE COPYRIGHT HOLDERS OR ANYONE DISTRIBUTING THE SOFTWARE BE LIABLE FOR ANY DAMAGES OR OTHER LIABILITY, WHETHER IN CONTRACT, TORT OR OTHERWISE, ARISING FROM, OUT OF OR IN CONNECTION WITH THE SOFTWARE OR THE USE OR OTHER DEALINGS IN THE SOFTWARE.

Dont forget to tip your server!
Bitcoin Cash (BCH)			qpz32c4lg7x7lnk9jg6qg7s4uavdce89myax5v5nuk
Ether (ETH)			0x843d3DEC2A4705BD4f45F674F641cE2D0022c9FB
Litecoin (LTC)			Lfk5y4F7KZa9oRxpazETwjQnHszEPvqPvu
Bitcoin (BTC)			14Dm7L3ABPtumPDcj3REAvs4L6w9YFRnHK
