##################################
##################################
##################################
Most Shorted Shares since [2020-03-15]
##################################
##################################
##################################

              Name of Share Issuer  Position Holder
0            AUTO TRADER GROUP PLC                6
1                      VICTREX PLC                6
2                 DUNELM GROUP PLC                4
3                      EASYJET PLC                4
4                Galliford Try plc                4
5   B&M EUROPEAN VALUE RETAIL S.A.                3
6           BABCOCK INTL GROUP PLC                3
7        Flutter Entertainment plc                3
8                 GVC Holdings Plc                3
9                    HAMMERSON PLC                3
10                  KINGFISHER PLC                3
11                  Kier Group plc                3
12       MARKS & SPENCER GROUP PLC                3
13                   MARSTON'S PLC                3
14       MICRO FOCUS INTERNATIONAL                3
15                     PEARSON PLC                3
16                WILLIAM HILL PLC                3
17        WM MORRISON SUPERMARKETS                3

            Name of Share Issuer  Net Short Position (%)
0                    VICTREX PLC                    5.14
1                  HAMMERSON PLC                    4.58
2          AUTO TRADER GROUP PLC                    3.88
3      Flutter Entertainment plc                    3.58
4                    EASYJET PLC                    3.51
5       WM MORRISON SUPERMARKETS                    3.40
6               DUNELM GROUP PLC                    3.25
7                  MARSTON'S PLC                    3.01
8              Galliford Try plc                    2.68
9      MICRO FOCUS INTERNATIONAL                    2.61
10                Kier Group plc                    2.57
11      DOMINO'S PIZZA GROUP PLC                    2.56
12               CINEWORLD GROUP                    2.55
13       LANCASHIRE HOLDINGS LTD                    2.52
14                       SIG PLC                    2.44
15              GVC Holdings Plc                    2.40
16        BABCOCK INTL GROUP PLC                    2.34
17                Royal Mail Plc                    2.34
18              WILLIAM HILL PLC                    2.34
19  ACCESSO TECHNOLOGY GROUP PLC                    2.32

#########[+]SUMMARY MOST OVERALL SHORTED[+]######################
#########[+]SUMMARY MOST OVERALL SHORTED[+]######################
#########[+]SUMMARY MOST OVERALL SHORTED[+]######################

[+]	Galliford Try plc
[+]	DUNELM GROUP PLC
[+]	GVC Holdings Plc
[+]	Kier Group plc
[+]	BABCOCK INTL GROUP PLC
[+]	AUTO TRADER GROUP PLC
[+]	Flutter Entertainment plc
[+]	WM MORRISON SUPERMARKETS
[+]	VICTREX PLC
[+]	WILLIAM HILL PLC
[+]	EASYJET PLC
[+]	MARSTON'S PLC
[+]	HAMMERSON PLC
[+]	MICRO FOCUS INTERNATIONAL


THE SOFTWARE IS PROVIDED 'AS IS', WITHOUT WARRANTY OF ANY KIND, EXPRESS OR IMPLIED, INCLUDING BUT NOT LIMITED TO THE WARRANTIES OF MERCHANTABILITY, FITNESS FOR A PARTICULAR PURPOSE, TITLE AND NON-INFRINGEMENT. IN NO EVENT SHALL THE COPYRIGHT HOLDERS OR ANYONE DISTRIBUTING THE SOFTWARE BE LIABLE FOR ANY DAMAGES OR OTHER LIABILITY, WHETHER IN CONTRACT, TORT OR OTHERWISE, ARISING FROM, OUT OF OR IN CONNECTION WITH THE SOFTWARE OR THE USE OR OTHER DEALINGS IN THE SOFTWARE.

Dont forget to tip your server!
Bitcoin Cash (BCH)			qpz32c4lg7x7lnk9jg6qg7s4uavdce89myax5v5nuk
Ether (ETH)			0x843d3DEC2A4705BD4f45F674F641cE2D0022c9FB
Litecoin (LTC)			Lfk5y4F7KZa9oRxpazETwjQnHszEPvqPvu
Bitcoin (BTC)			14Dm7L3ABPtumPDcj3REAvs4L6w9YFRnHK
