##################################
##################################
##################################
Most Shorted Shares since [2020-02-06]
##################################
##################################
##################################

                        Name of Share Issuer  Position Holder
0                     BABCOCK INTL GROUP PLC                7
1                             TULLOW OIL PLC                6
2                         WEIR GROUP PLC/THE                6
3                      WOOD GROUP (JOHN) PLC                6
4                  Flutter Entertainment plc                5
5                              HAMMERSON PLC                5
6                                PEARSON PLC                5
7                                EASYJET PLC                4
8                          Galliford Try plc                4
9                        JOHNSON MATTHEY PLC                4
10                            Kier Group plc                4
11                            METRO BANK PLC                4
12                            Royal Mail Plc                4
13  Aston Martin Lagonda Global Holdings Plc                3
14                           CINEWORLD GROUP                3
15                   CRODA INTERNATIONAL PLC                3
16                        EQUINITI GROUP PLC                3
17                       INTU PROPERTIES PLC                3
18                      KEYWORDS STUDIOS PLC                3
19                            KINGFISHER PLC                3

            Name of Share Issuer  Net Short Position (%)
0         BABCOCK INTL GROUP PLC                    8.11
1                 METRO BANK PLC                    7.53
2                  HAMMERSON PLC                    7.12
3                CINEWORLD GROUP                    6.47
4                    PEARSON PLC                    6.43
5                 TULLOW OIL PLC                    6.03
6             WEIR GROUP PLC/THE                    5.84
7          WOOD GROUP (JOHN) PLC                    5.71
8                        SIG PLC                    5.13
9                 Royal Mail Plc                    4.67
10     Flutter Entertainment plc                    4.43
11                   EASYJET PLC                    4.40
12                Kier Group plc                    3.85
13                KINGFISHER PLC                    3.53
14            Go-Ahead Group PLC                    3.35
15       CRODA INTERNATIONAL PLC                    3.06
16  SMITH (DAVID S) HOLDINGS PLC                    2.94
17           JOHNSON MATTHEY PLC                    2.89
18                  PETROFAC LTD                    2.81
19             Galliford Try plc                    2.80

#########[+]SUMMARY MOST OVERALL SHORTED[+]######################
#########[+]SUMMARY MOST OVERALL SHORTED[+]######################
#########[+]SUMMARY MOST OVERALL SHORTED[+]######################

[+]	WOOD GROUP (JOHN) PLC
[+]	CRODA INTERNATIONAL PLC
[+]	EASYJET PLC
[+]	Kier Group plc
[+]	WEIR GROUP PLC/THE
[+]	Galliford Try plc
[+]	JOHNSON MATTHEY PLC
[+]	TULLOW OIL PLC
[+]	Royal Mail Plc
[+]	Flutter Entertainment plc
[+]	PEARSON PLC
[+]	METRO BANK PLC
[+]	CINEWORLD GROUP
[+]	KINGFISHER PLC
[+]	BABCOCK INTL GROUP PLC
[+]	HAMMERSON PLC


THE SOFTWARE IS PROVIDED 'AS IS', WITHOUT WARRANTY OF ANY KIND, EXPRESS OR IMPLIED, INCLUDING BUT NOT LIMITED TO THE WARRANTIES OF MERCHANTABILITY, FITNESS FOR A PARTICULAR PURPOSE, TITLE AND NON-INFRINGEMENT. IN NO EVENT SHALL THE COPYRIGHT HOLDERS OR ANYONE DISTRIBUTING THE SOFTWARE BE LIABLE FOR ANY DAMAGES OR OTHER LIABILITY, WHETHER IN CONTRACT, TORT OR OTHERWISE, ARISING FROM, OUT OF OR IN CONNECTION WITH THE SOFTWARE OR THE USE OR OTHER DEALINGS IN THE SOFTWARE.

Dont forget to tip your server!
Bitcoin Cash (BCH)			qpz32c4lg7x7lnk9jg6qg7s4uavdce89myax5v5nuk
Ether (ETH)			0x843d3DEC2A4705BD4f45F674F641cE2D0022c9FB
Litecoin (LTC)			Lfk5y4F7KZa9oRxpazETwjQnHszEPvqPvu
Bitcoin (BTC)			14Dm7L3ABPtumPDcj3REAvs4L6w9YFRnHK
