##################################
##################################
##################################
Most Shorted Shares since [2020-04-09]
##################################
##################################
##################################

        Name of Share Issuer  Position Holder
0                EASYJET PLC                3
1  Flutter Entertainment plc                3

                        Name of Share Issuer  Net Short Position (%)
0                                     AA PLC                    4.09
1                                 CAPITA PLC                    3.07
2                  Flutter Entertainment plc                    2.75
3                             Royal Mail Plc                    2.56
4                  CREST NICHOLSON HLDGS PLC                    2.42
5                   WM MORRISON SUPERMARKETS                    2.35
6                          SAINSBURY (J) PLC                    2.20
7                  MICRO FOCUS INTERNATIONAL                    2.16
8                       KEYWORDS STUDIOS PLC                    2.15
9                                    IQE PLC                    2.06
10                               DIGNITY PLC                    2.04
11                               EASYJET PLC                    2.04
12                              CARNIVAL PLC                    1.89
13                             ASCENTIAL PLC                    1.83
14                                  ASOS PLC                    1.75
15                        WEIR GROUP PLC/THE                    1.72
16              SMITH (DAVID S) HOLDINGS PLC                    1.49
17                             HAMMERSON PLC                    1.32
18  Aston Martin Lagonda Global Holdings Plc                    1.29
19               JUPITER FUND MANAGEMENT PLC                    1.28

#########[+]SUMMARY MOST OVERALL SHORTED[+]######################
#########[+]SUMMARY MOST OVERALL SHORTED[+]######################
#########[+]SUMMARY MOST OVERALL SHORTED[+]######################

[+]	Flutter Entertainment plc
[+]	EASYJET PLC


THE SOFTWARE IS PROVIDED 'AS IS', WITHOUT WARRANTY OF ANY KIND, EXPRESS OR IMPLIED, INCLUDING BUT NOT LIMITED TO THE WARRANTIES OF MERCHANTABILITY, FITNESS FOR A PARTICULAR PURPOSE, TITLE AND NON-INFRINGEMENT. IN NO EVENT SHALL THE COPYRIGHT HOLDERS OR ANYONE DISTRIBUTING THE SOFTWARE BE LIABLE FOR ANY DAMAGES OR OTHER LIABILITY, WHETHER IN CONTRACT, TORT OR OTHERWISE, ARISING FROM, OUT OF OR IN CONNECTION WITH THE SOFTWARE OR THE USE OR OTHER DEALINGS IN THE SOFTWARE.

Dont forget to tip your server!
Bitcoin Cash (BCH)			qpz32c4lg7x7lnk9jg6qg7s4uavdce89myax5v5nuk
Ether (ETH)			0x843d3DEC2A4705BD4f45F674F641cE2D0022c9FB
Litecoin (LTC)			Lfk5y4F7KZa9oRxpazETwjQnHszEPvqPvu
Bitcoin (BTC)			14Dm7L3ABPtumPDcj3REAvs4L6w9YFRnHK
