##################################
##################################
##################################
Most Shorted Shares since [2020-01-16]
##################################
##################################
##################################

                        Name of Share Issuer  Position Holder
0                  Flutter Entertainment plc                8
1                            CINEWORLD GROUP                5
2                              NORTHGATE PLC                5
3               SMITH (DAVID S) HOLDINGS PLC                5
4   Aston Martin Lagonda Global Holdings Plc                4
5                              HAMMERSON PLC                4
6                       KEYWORDS STUDIOS PLC                4
7                                     AA PLC                3
8                                   ASOS PLC                3
9                                EASYJET PLC                3
10                       GREENCORE GROUP PLC                3
11                          GVC Holdings Plc                3
12                   HARGREAVES LANSDOWN PLC                3
13                               PEARSON PLC                3
14                            Royal Mail Plc                3
15                            SUPERGROUP PLC                3
16                                 TED BAKER                3
17                            TULLOW OIL PLC                3
18                        WEIR GROUP PLC/THE                3
19                     WOOD GROUP (JOHN) PLC                3

                        Name of Share Issuer  Net Short Position (%)
0                  Flutter Entertainment plc                    8.01
1                            CINEWORLD GROUP                    7.23
2                                    SIG PLC                    5.28
3                             METRO BANK PLC                    4.66
4                        GREENCORE GROUP PLC                    4.62
5                          PETROPAVLOVSK PLC                    4.61
6                              HAMMERSON PLC                    4.11
7                                PEARSON PLC                    3.93
8                                     AA PLC                    3.89
9                                    IQE PLC                    3.87
10              SMITH (DAVID S) HOLDINGS PLC                    3.84
11                CREST NICHOLSON HLDGS  PLC                    3.67
12                               EASYJET PLC                    3.63
13                             NORTHGATE PLC                    3.41
14  Aston Martin Lagonda Global Holdings Plc                    3.32
15                        WEIR GROUP PLC/THE                    3.18
16                     WOOD GROUP (JOHN) PLC                    3.09
17                            TULLOW OIL PLC                    2.98
18                            KINGFISHER PLC                    2.80
19                                 TED BAKER                    2.75

#########[+]SUMMARY MOST OVERALL SHORTED[+]######################
#########[+]SUMMARY MOST OVERALL SHORTED[+]######################
#########[+]SUMMARY MOST OVERALL SHORTED[+]######################

[+]	GREENCORE GROUP PLC
[+]	TULLOW OIL PLC
[+]	SMITH (DAVID S) HOLDINGS PLC
[+]	TED BAKER
[+]	WOOD GROUP (JOHN) PLC
[+]	HAMMERSON PLC
[+]	AA PLC
[+]	CINEWORLD GROUP
[+]	EASYJET PLC
[+]	NORTHGATE PLC
[+]	WEIR GROUP PLC/THE
[+]	Flutter Entertainment plc
[+]	Aston Martin Lagonda Global Holdings Plc
[+]	PEARSON PLC


THE SOFTWARE IS PROVIDED 'AS IS', WITHOUT WARRANTY OF ANY KIND, EXPRESS OR IMPLIED, INCLUDING BUT NOT LIMITED TO THE WARRANTIES OF MERCHANTABILITY, FITNESS FOR A PARTICULAR PURPOSE, TITLE AND NON-INFRINGEMENT. IN NO EVENT SHALL THE COPYRIGHT HOLDERS OR ANYONE DISTRIBUTING THE SOFTWARE BE LIABLE FOR ANY DAMAGES OR OTHER LIABILITY, WHETHER IN CONTRACT, TORT OR OTHERWISE, ARISING FROM, OUT OF OR IN CONNECTION WITH THE SOFTWARE OR THE USE OR OTHER DEALINGS IN THE SOFTWARE.

Dont forget to tip your server!
Bitcoin Cash (BCH)			qpz32c4lg7x7lnk9jg6qg7s4uavdce89myax5v5nuk
Ether (ETH)			0x843d3DEC2A4705BD4f45F674F641cE2D0022c9FB
Litecoin (LTC)			Lfk5y4F7KZa9oRxpazETwjQnHszEPvqPvu
Bitcoin (BTC)			14Dm7L3ABPtumPDcj3REAvs4L6w9YFRnHK
