##################################
##################################
##################################
Most Shorted Shares since [2020-07-08]
##################################
##################################
##################################

           Name of Share Issuer  Position Holder
0                    CAPITA PLC                4
1               CINEWORLD GROUP                3
2                Royal Mail Plc                3
3             SAINSBURY (J) PLC                3
4  SMITH (DAVID S) HOLDINGS PLC                3

            Name of Share Issuer  Net Short Position (%)
0                 Royal Mail Plc                    5.86
1              SAINSBURY (J) PLC                    4.53
2                     CAPITA PLC                    3.11
3       WM MORRISON SUPERMARKETS                    2.84
4      MICRO FOCUS INTERNATIONAL                    2.78
5                 METRO BANK PLC                    2.60
6                CINEWORLD GROUP                    2.59
7   SMITH (DAVID S) HOLDINGS PLC                    2.58
8                  A.G. Barr PLC                    2.16
9                  HAMMERSON PLC                    2.12
10                    Greggs Plc                    1.61
11                   VICTREX PLC                    1.60
12                TULLOW OIL PLC                    1.41
13          BLUE PRISM GROUP PLC                    1.33
14      ROLLS-ROYCE HOLDINGS PLC                    1.30
15          ST JAMES'S PLACE PLC                    1.29
16           VIRGIN MONEY UK PLC                    1.29
17         WOOD GROUP (JOHN) PLC                    1.24
18                       SIG PLC                    1.23
19          RESTAURANT GROUP PLC                    1.13

#########[+]SUMMARY MOST OVERALL SHORTED[+]######################
#########[+]SUMMARY MOST OVERALL SHORTED[+]######################
#########[+]SUMMARY MOST OVERALL SHORTED[+]######################

[+]	CINEWORLD GROUP
[+]	SMITH (DAVID S) HOLDINGS PLC
[+]	SAINSBURY (J) PLC
[+]	Royal Mail Plc
[+]	CAPITA PLC


THE SOFTWARE IS PROVIDED 'AS IS', WITHOUT WARRANTY OF ANY KIND, EXPRESS OR IMPLIED, INCLUDING BUT NOT LIMITED TO THE WARRANTIES OF MERCHANTABILITY, FITNESS FOR A PARTICULAR PURPOSE, TITLE AND NON-INFRINGEMENT. IN NO EVENT SHALL THE COPYRIGHT HOLDERS OR ANYONE DISTRIBUTING THE SOFTWARE BE LIABLE FOR ANY DAMAGES OR OTHER LIABILITY, WHETHER IN CONTRACT, TORT OR OTHERWISE, ARISING FROM, OUT OF OR IN CONNECTION WITH THE SOFTWARE OR THE USE OR OTHER DEALINGS IN THE SOFTWARE.

Dont forget to tip your server!
Bitcoin Cash (BCH)			qpz32c4lg7x7lnk9jg6qg7s4uavdce89myax5v5nuk
Ether (ETH)			0x843d3DEC2A4705BD4f45F674F641cE2D0022c9FB
Litecoin (LTC)			Lfk5y4F7KZa9oRxpazETwjQnHszEPvqPvu
Bitcoin (BTC)			14Dm7L3ABPtumPDcj3REAvs4L6w9YFRnHK
