##################################
##################################
##################################
Most Shorted Shares since [2020-02-03]
##################################
##################################
##################################

                        Name of Share Issuer  Position Holder
0                     BABCOCK INTL GROUP PLC                7
1                                PEARSON PLC                6
2                      WOOD GROUP (JOHN) PLC                6
3                  Flutter Entertainment plc                5
4                              HAMMERSON PLC                5
5                         WEIR GROUP PLC/THE                5
6   Aston Martin Lagonda Global Holdings Plc                4
7                             KINGFISHER PLC                4
8                             Kier Group plc                4
9                              NORTHGATE PLC                4
10                            Royal Mail Plc                4
11              SMITH (DAVID S) HOLDINGS PLC                4
12                            TULLOW OIL PLC                4
13                               VICTREX PLC                4
14                                    AA PLC                3
15                                CAPITA PLC                3
16                           CINEWORLD GROUP                3
17                   CRODA INTERNATIONAL PLC                3
18                               EASYJET PLC                3
19                        EQUINITI GROUP PLC                3

            Name of Share Issuer  Net Short Position (%)
0         BABCOCK INTL GROUP PLC                    8.11
1                  HAMMERSON PLC                    6.76
2                    PEARSON PLC                    6.47
3          WOOD GROUP (JOHN) PLC                    5.71
4             WEIR GROUP PLC/THE                    5.47
5                        SIG PLC                    5.13
6                    VICTREX PLC                    5.05
7                         AA PLC                    4.87
8      Flutter Entertainment plc                    4.85
9                 KINGFISHER PLC                    4.69
10                METRO BANK PLC                    4.67
11                Royal Mail Plc                    4.67
12               CINEWORLD GROUP                    4.02
13                Kier Group plc                    3.85
14                TULLOW OIL PLC                    3.82
15                   EASYJET PLC                    3.78
16            Go-Ahead Group PLC                    3.55
17  SMITH (DAVID S) HOLDINGS PLC                    3.54
18                    CAPITA PLC                    3.29
19                 NORTHGATE PLC                    3.26

#########[+]SUMMARY MOST OVERALL SHORTED[+]######################
#########[+]SUMMARY MOST OVERALL SHORTED[+]######################
#########[+]SUMMARY MOST OVERALL SHORTED[+]######################

[+]	PEARSON PLC
[+]	VICTREX PLC
[+]	TULLOW OIL PLC
[+]	HAMMERSON PLC
[+]	CINEWORLD GROUP
[+]	WEIR GROUP PLC/THE
[+]	SMITH (DAVID S) HOLDINGS PLC
[+]	Royal Mail Plc
[+]	WOOD GROUP (JOHN) PLC
[+]	KINGFISHER PLC
[+]	CAPITA PLC
[+]	NORTHGATE PLC
[+]	AA PLC
[+]	BABCOCK INTL GROUP PLC
[+]	Flutter Entertainment plc
[+]	EASYJET PLC
[+]	Kier Group plc


THE SOFTWARE IS PROVIDED 'AS IS', WITHOUT WARRANTY OF ANY KIND, EXPRESS OR IMPLIED, INCLUDING BUT NOT LIMITED TO THE WARRANTIES OF MERCHANTABILITY, FITNESS FOR A PARTICULAR PURPOSE, TITLE AND NON-INFRINGEMENT. IN NO EVENT SHALL THE COPYRIGHT HOLDERS OR ANYONE DISTRIBUTING THE SOFTWARE BE LIABLE FOR ANY DAMAGES OR OTHER LIABILITY, WHETHER IN CONTRACT, TORT OR OTHERWISE, ARISING FROM, OUT OF OR IN CONNECTION WITH THE SOFTWARE OR THE USE OR OTHER DEALINGS IN THE SOFTWARE.

Dont forget to tip your server!
Bitcoin Cash (BCH)			qpz32c4lg7x7lnk9jg6qg7s4uavdce89myax5v5nuk
Ether (ETH)			0x843d3DEC2A4705BD4f45F674F641cE2D0022c9FB
Litecoin (LTC)			Lfk5y4F7KZa9oRxpazETwjQnHszEPvqPvu
Bitcoin (BTC)			14Dm7L3ABPtumPDcj3REAvs4L6w9YFRnHK
