##################################
##################################
##################################
Most Shorted Shares since [2020-05-07]
##################################
##################################
##################################

         Name of Share Issuer  Position Holder
0                      TUI AG                5
1                CARNIVAL PLC                3
2                 EASYJET PLC                3
3               HAMMERSON PLC                3
4   MICRO FOCUS INTERNATIONAL                3
5  STANDARD LIFE ABERDEEN PLC                3
6              TULLOW OIL PLC                3
7                 VICTREX PLC                3

                        Name of Share Issuer  Net Short Position (%)
0                                EASYJET PLC                    5.26
1                                     TUI AG                    4.58
2                              HAMMERSON PLC                    4.41
3                                DIGNITY PLC                    4.27
4                   WM MORRISON SUPERMARKETS                    3.71
5                               CARNIVAL PLC                    3.21
6                                 FUTURE PLC                    3.13
7                              A.G. Barr PLC                    3.01
8                                 CAPITA PLC                    2.80
9                        VIRGIN MONEY UK PLC                    2.71
10                              PETROFAC LTD                    2.52
11                            TULLOW OIL PLC                    2.47
12                 CREST NICHOLSON HLDGS PLC                    2.40
13                                   IQE PLC                    2.30
14  Aston Martin Lagonda Global Holdings Plc                    2.22
15                            METRO BANK PLC                    2.07
16                 MICRO FOCUS INTERNATIONAL                    2.01
17                               VICTREX PLC                    2.01
18                   Burford Capital Limited                    2.00
19                STANDARD LIFE ABERDEEN PLC                    1.95

#########[+]SUMMARY MOST OVERALL SHORTED[+]######################
#########[+]SUMMARY MOST OVERALL SHORTED[+]######################
#########[+]SUMMARY MOST OVERALL SHORTED[+]######################

[+]	TUI AG
[+]	TULLOW OIL PLC
[+]	VICTREX PLC
[+]	CARNIVAL PLC
[+]	HAMMERSON PLC
[+]	MICRO FOCUS INTERNATIONAL
[+]	STANDARD LIFE ABERDEEN PLC
[+]	EASYJET PLC


THE SOFTWARE IS PROVIDED 'AS IS', WITHOUT WARRANTY OF ANY KIND, EXPRESS OR IMPLIED, INCLUDING BUT NOT LIMITED TO THE WARRANTIES OF MERCHANTABILITY, FITNESS FOR A PARTICULAR PURPOSE, TITLE AND NON-INFRINGEMENT. IN NO EVENT SHALL THE COPYRIGHT HOLDERS OR ANYONE DISTRIBUTING THE SOFTWARE BE LIABLE FOR ANY DAMAGES OR OTHER LIABILITY, WHETHER IN CONTRACT, TORT OR OTHERWISE, ARISING FROM, OUT OF OR IN CONNECTION WITH THE SOFTWARE OR THE USE OR OTHER DEALINGS IN THE SOFTWARE.

Dont forget to tip your server!
Bitcoin Cash (BCH)			qpz32c4lg7x7lnk9jg6qg7s4uavdce89myax5v5nuk
Ether (ETH)			0x843d3DEC2A4705BD4f45F674F641cE2D0022c9FB
Litecoin (LTC)			Lfk5y4F7KZa9oRxpazETwjQnHszEPvqPvu
Bitcoin (BTC)			14Dm7L3ABPtumPDcj3REAvs4L6w9YFRnHK
