##################################
##################################
##################################
Most Shorted Shares since [2020-04-27]
##################################
##################################
##################################

        Name of Share Issuer  Position Holder
0  MICRO FOCUS INTERNATIONAL                4
1             Royal Mail Plc                4
2          SAINSBURY (J) PLC                4
3                 CAPITA PLC                3
4                PEARSON PLC                3
5                     TUI AG                3
6             TULLOW OIL PLC                3
7         WEIR GROUP PLC/THE                3
8      WOOD GROUP (JOHN) PLC                3

         Name of Share Issuer  Net Short Position (%)
0              Royal Mail Plc                    4.76
1           SAINSBURY (J) PLC                    4.72
2                  CAPITA PLC                    4.47
3              METRO BANK PLC                    4.11
4               HAMMERSON PLC                    4.03
5              TULLOW OIL PLC                    3.88
6   MICRO FOCUS INTERNATIONAL                    3.51
7                      TUI AG                    2.94
8                 EASYJET PLC                    2.91
9       WOOD GROUP (JOHN) PLC                    2.71
10   WM MORRISON SUPERMARKETS                    2.44
11          NEWRIVER REIT PLC                    2.36
12         WEIR GROUP PLC/THE                    2.28
13                    IQE PLC                    2.28
14             N. Brown Group                    2.21
15   HOWDEN JOINERY GROUP PLC                    2.03
16              MARSTON'S PLC                    1.96
17                DIGNITY PLC                    1.88
18                PEARSON PLC                    1.84
19        VIRGIN MONEY UK PLC                    1.62

#########[+]SUMMARY MOST OVERALL SHORTED[+]######################
#########[+]SUMMARY MOST OVERALL SHORTED[+]######################
#########[+]SUMMARY MOST OVERALL SHORTED[+]######################

[+]	CAPITA PLC
[+]	TULLOW OIL PLC
[+]	TUI AG
[+]	Royal Mail Plc
[+]	WOOD GROUP (JOHN) PLC
[+]	MICRO FOCUS INTERNATIONAL
[+]	SAINSBURY (J) PLC
[+]	WEIR GROUP PLC/THE
[+]	PEARSON PLC


THE SOFTWARE IS PROVIDED 'AS IS', WITHOUT WARRANTY OF ANY KIND, EXPRESS OR IMPLIED, INCLUDING BUT NOT LIMITED TO THE WARRANTIES OF MERCHANTABILITY, FITNESS FOR A PARTICULAR PURPOSE, TITLE AND NON-INFRINGEMENT. IN NO EVENT SHALL THE COPYRIGHT HOLDERS OR ANYONE DISTRIBUTING THE SOFTWARE BE LIABLE FOR ANY DAMAGES OR OTHER LIABILITY, WHETHER IN CONTRACT, TORT OR OTHERWISE, ARISING FROM, OUT OF OR IN CONNECTION WITH THE SOFTWARE OR THE USE OR OTHER DEALINGS IN THE SOFTWARE.

Dont forget to tip your server!
Bitcoin Cash (BCH)			qpz32c4lg7x7lnk9jg6qg7s4uavdce89myax5v5nuk
Ether (ETH)			0x843d3DEC2A4705BD4f45F674F641cE2D0022c9FB
Litecoin (LTC)			Lfk5y4F7KZa9oRxpazETwjQnHszEPvqPvu
Bitcoin (BTC)			14Dm7L3ABPtumPDcj3REAvs4L6w9YFRnHK
