##################################
##################################
##################################
Most Shorted Shares since [2020-05-20]
##################################
##################################
##################################

     Name of Share Issuer  Position Holder
0  BABCOCK INTL GROUP PLC                3
1      BURBERRY GROUP PLC                3
2              CAPITA PLC                3
3             EASYJET PLC                3
4           WHITBREAD PLC                3

         Name of Share Issuer  Net Short Position (%)
0                 EASYJET PLC                    5.21
1                  CAPITA PLC                    4.92
2      BABCOCK INTL GROUP PLC                    4.33
3              Royal Mail Plc                    3.40
4                CARNIVAL PLC                    3.07
5                 PEARSON PLC                    2.66
6          BURBERRY GROUP PLC                    2.57
7              METRO BANK PLC                    2.56
8          WEIR GROUP PLC/THE                    2.50
9                      AA PLC                    2.49
10               INCHCAPE PLC                    2.43
11                     TUI AG                    2.33
12              WHITBREAD PLC                    2.30
13                MEGGITT PLC                    2.22
14                    G4S PLC                    2.09
15                 HISCOX LTD                    1.91
16  MICRO FOCUS INTERNATIONAL                    1.68
17  MARKS & SPENCER GROUP PLC                    1.54
18         UDG HEALTHCARE PLC                    1.52
19                DIGNITY PLC                    1.37

#########[+]SUMMARY MOST OVERALL SHORTED[+]######################
#########[+]SUMMARY MOST OVERALL SHORTED[+]######################
#########[+]SUMMARY MOST OVERALL SHORTED[+]######################

[+]	BURBERRY GROUP PLC
[+]	BABCOCK INTL GROUP PLC
[+]	EASYJET PLC
[+]	WHITBREAD PLC
[+]	CAPITA PLC


THE SOFTWARE IS PROVIDED 'AS IS', WITHOUT WARRANTY OF ANY KIND, EXPRESS OR IMPLIED, INCLUDING BUT NOT LIMITED TO THE WARRANTIES OF MERCHANTABILITY, FITNESS FOR A PARTICULAR PURPOSE, TITLE AND NON-INFRINGEMENT. IN NO EVENT SHALL THE COPYRIGHT HOLDERS OR ANYONE DISTRIBUTING THE SOFTWARE BE LIABLE FOR ANY DAMAGES OR OTHER LIABILITY, WHETHER IN CONTRACT, TORT OR OTHERWISE, ARISING FROM, OUT OF OR IN CONNECTION WITH THE SOFTWARE OR THE USE OR OTHER DEALINGS IN THE SOFTWARE.

Dont forget to tip your server!
Bitcoin Cash (BCH)			qpz32c4lg7x7lnk9jg6qg7s4uavdce89myax5v5nuk
Ether (ETH)			0x843d3DEC2A4705BD4f45F674F641cE2D0022c9FB
Litecoin (LTC)			Lfk5y4F7KZa9oRxpazETwjQnHszEPvqPvu
Bitcoin (BTC)			14Dm7L3ABPtumPDcj3REAvs4L6w9YFRnHK
