##################################
##################################
##################################
Most Shorted Shares since [2020-03-13]
##################################
##################################
##################################

    Name of Share Issuer  Position Holder
0  AUTO TRADER GROUP PLC                3
1            EASYJET PLC                3
2         Kier Group plc                3
3            PEARSON PLC                3

              Name of Share Issuer  Net Short Position (%)
0                      EASYJET PLC                    3.05
1          CRODA INTERNATIONAL PLC                    2.74
2        MARKS & SPENCER GROUP PLC                    2.67
3                 GVC Holdings Plc                    2.38
4                   METRO BANK PLC                    2.24
5                      PEARSON PLC                    2.20
6         DOMINO'S PIZZA GROUP PLC                    2.17
7                   Kier Group plc                    2.16
8                     Vesuvius PLC                    2.12
9              GREENCORE GROUP PLC                    2.08
10                    INCHCAPE PLC                    2.06
11                DUNELM GROUP PLC                    1.92
12               NEWRIVER REIT PLC                    1.87
13  B&M EUROPEAN VALUE RETAIL S.A.                    1.75
14                    SPECTRIS PLC                    1.70
15                   DE LA RUE PLC                    1.69
16                  KINGFISHER PLC                    1.67
17           AUTO TRADER GROUP PLC                    1.64
18                   HAMMERSON PLC                    1.64
19                          TUI AG                    1.64

#########[+]SUMMARY MOST OVERALL SHORTED[+]######################
#########[+]SUMMARY MOST OVERALL SHORTED[+]######################
#########[+]SUMMARY MOST OVERALL SHORTED[+]######################

[+]	EASYJET PLC
[+]	Kier Group plc
[+]	AUTO TRADER GROUP PLC
[+]	PEARSON PLC


THE SOFTWARE IS PROVIDED 'AS IS', WITHOUT WARRANTY OF ANY KIND, EXPRESS OR IMPLIED, INCLUDING BUT NOT LIMITED TO THE WARRANTIES OF MERCHANTABILITY, FITNESS FOR A PARTICULAR PURPOSE, TITLE AND NON-INFRINGEMENT. IN NO EVENT SHALL THE COPYRIGHT HOLDERS OR ANYONE DISTRIBUTING THE SOFTWARE BE LIABLE FOR ANY DAMAGES OR OTHER LIABILITY, WHETHER IN CONTRACT, TORT OR OTHERWISE, ARISING FROM, OUT OF OR IN CONNECTION WITH THE SOFTWARE OR THE USE OR OTHER DEALINGS IN THE SOFTWARE.

Dont forget to tip your server!
Bitcoin Cash (BCH)			qpz32c4lg7x7lnk9jg6qg7s4uavdce89myax5v5nuk
Ether (ETH)			0x843d3DEC2A4705BD4f45F674F641cE2D0022c9FB
Litecoin (LTC)			Lfk5y4F7KZa9oRxpazETwjQnHszEPvqPvu
Bitcoin (BTC)			14Dm7L3ABPtumPDcj3REAvs4L6w9YFRnHK
