##################################
##################################
##################################
Most Shorted Shares since [2020-01-02]
##################################
##################################
##################################

                        Name of Share Issuer  Position Holder
0                      WOOD GROUP (JOHN) PLC                6
1                                   ASOS PLC                5
2                            CINEWORLD GROUP                5
3                                PEARSON PLC                5
4   Aston Martin Lagonda Global Holdings Plc                4
5                  Flutter Entertainment plc                4
6                                    SIG PLC                4
7                     BABCOCK INTL GROUP PLC                3
8                   DOMINO'S PIZZA GROUP PLC                3
9                                EASYJET PLC                3
10                             HAMMERSON PLC                3
11                       JOHNSON MATTHEY PLC                3
12               JUPITER FUND MANAGEMENT PLC                3
13                      KEYWORDS STUDIOS PLC                3
14                            METRO BANK PLC                3
15                           PREMIER OIL PLC                3
16                                 TED BAKER                3

                        Name of Share Issuer  Net Short Position (%)
0                            CINEWORLD GROUP                    8.07
1                                    SIG PLC                    7.01
2                             METRO BANK PLC                    6.85
3                      WOOD GROUP (JOHN) PLC                    5.76
4                                PEARSON PLC                    4.79
5                              HAMMERSON PLC                    4.50
6                                   ASOS PLC                    4.05
7                        INTU PROPERTIES PLC                    4.01
8                                EASYJET PLC                    3.86
9                  Flutter Entertainment plc                    3.73
10                  DOMINO'S PIZZA GROUP PLC                    3.69
11  Aston Martin Lagonda Global Holdings Plc                    3.45
12                          DUNELM GROUP PLC                    3.26
13                         PETROPAVLOVSK PLC                    3.15
14                            NMC HEALTH PLC                    2.85
15                                    AA PLC                    2.69
16                            KINGFISHER PLC                    2.62
17               JUPITER FUND MANAGEMENT PLC                    2.61
18                           PREMIER OIL PLC                    2.51
19                               VICTREX PLC                    2.40

#########[+]SUMMARY MOST OVERALL SHORTED[+]######################
#########[+]SUMMARY MOST OVERALL SHORTED[+]######################
#########[+]SUMMARY MOST OVERALL SHORTED[+]######################

[+]	PREMIER OIL PLC
[+]	HAMMERSON PLC
[+]	Flutter Entertainment plc
[+]	WOOD GROUP (JOHN) PLC
[+]	CINEWORLD GROUP
[+]	Aston Martin Lagonda Global Holdings Plc
[+]	DOMINO'S PIZZA GROUP PLC
[+]	JUPITER FUND MANAGEMENT PLC
[+]	METRO BANK PLC
[+]	EASYJET PLC
[+]	ASOS PLC
[+]	PEARSON PLC
[+]	SIG PLC


THE SOFTWARE IS PROVIDED 'AS IS', WITHOUT WARRANTY OF ANY KIND, EXPRESS OR IMPLIED, INCLUDING BUT NOT LIMITED TO THE WARRANTIES OF MERCHANTABILITY, FITNESS FOR A PARTICULAR PURPOSE, TITLE AND NON-INFRINGEMENT. IN NO EVENT SHALL THE COPYRIGHT HOLDERS OR ANYONE DISTRIBUTING THE SOFTWARE BE LIABLE FOR ANY DAMAGES OR OTHER LIABILITY, WHETHER IN CONTRACT, TORT OR OTHERWISE, ARISING FROM, OUT OF OR IN CONNECTION WITH THE SOFTWARE OR THE USE OR OTHER DEALINGS IN THE SOFTWARE.

Dont forget to tip your server!
Bitcoin Cash (BCH)			qpz32c4lg7x7lnk9jg6qg7s4uavdce89myax5v5nuk
Ether (ETH)			0x843d3DEC2A4705BD4f45F674F641cE2D0022c9FB
Litecoin (LTC)			Lfk5y4F7KZa9oRxpazETwjQnHszEPvqPvu
Bitcoin (BTC)			14Dm7L3ABPtumPDcj3REAvs4L6w9YFRnHK
