##################################
##################################
##################################
Most Shorted Shares since [2020-06-18]
##################################
##################################
##################################

       Name of Share Issuer  Position Holder
0             ASCENTIAL PLC                3
1  DOMINO'S PIZZA GROUP PLC                3
2               EASYJET PLC                3

                        Name of Share Issuer  Net Short Position (%)
0                             METRO BANK PLC                    4.36
1                                 FUTURE PLC                    3.56
2                                EASYJET PLC                    2.83
3                                 CAPITA PLC                    2.67
4                ULTRA ELECTRONICS HLDGS PLC                    2.63
5                                PEARSON PLC                    2.59
6                              A.G. Barr PLC                    2.50
7                     BABCOCK INTL GROUP PLC                    2.34
8                              ASCENTIAL PLC                    1.96
9                          SAINSBURY (J) PLC                    1.87
10                  DOMINO'S PIZZA GROUP PLC                    1.86
11                  WM MORRISON SUPERMARKETS                    1.84
12         INTERCONTINENTAL HOTELS GROUP PLC                    1.60
13               GULF KEYSTONE PETROLEUM LTD                    1.40
14                       VIRGIN MONEY UK PLC                    1.39
15                               DIGNITY PLC                    1.36
16                                Greggs Plc                    1.09
17                  HOWDEN JOINERY GROUP PLC                    1.07
18                   Burford Capital Limited                    1.05
19  Aston Martin Lagonda Global Holdings Plc                    1.02

#########[+]SUMMARY MOST OVERALL SHORTED[+]######################
#########[+]SUMMARY MOST OVERALL SHORTED[+]######################
#########[+]SUMMARY MOST OVERALL SHORTED[+]######################

[+]	ASCENTIAL PLC
[+]	DOMINO'S PIZZA GROUP PLC
[+]	EASYJET PLC


THE SOFTWARE IS PROVIDED 'AS IS', WITHOUT WARRANTY OF ANY KIND, EXPRESS OR IMPLIED, INCLUDING BUT NOT LIMITED TO THE WARRANTIES OF MERCHANTABILITY, FITNESS FOR A PARTICULAR PURPOSE, TITLE AND NON-INFRINGEMENT. IN NO EVENT SHALL THE COPYRIGHT HOLDERS OR ANYONE DISTRIBUTING THE SOFTWARE BE LIABLE FOR ANY DAMAGES OR OTHER LIABILITY, WHETHER IN CONTRACT, TORT OR OTHERWISE, ARISING FROM, OUT OF OR IN CONNECTION WITH THE SOFTWARE OR THE USE OR OTHER DEALINGS IN THE SOFTWARE.

Dont forget to tip your server!
Bitcoin Cash (BCH)			qpz32c4lg7x7lnk9jg6qg7s4uavdce89myax5v5nuk
Ether (ETH)			0x843d3DEC2A4705BD4f45F674F641cE2D0022c9FB
Litecoin (LTC)			Lfk5y4F7KZa9oRxpazETwjQnHszEPvqPvu
Bitcoin (BTC)			14Dm7L3ABPtumPDcj3REAvs4L6w9YFRnHK
