##################################
##################################
##################################
Most Shorted Shares since [2020-01-13]
##################################
##################################
##################################

                        Name of Share Issuer  Position Holder
0                  Flutter Entertainment plc                7
1                            CINEWORLD GROUP                5
2                                PEARSON PLC                5
3                      WOOD GROUP (JOHN) PLC                5
4   Aston Martin Lagonda Global Holdings Plc                4
5                                EASYJET PLC                4
6                              HAMMERSON PLC                4
7                       KEYWORDS STUDIOS PLC                4
8               SMITH (DAVID S) HOLDINGS PLC                4
9                         WEIR GROUP PLC/THE                4
10                                    AA PLC                3
11                                  ASOS PLC                3
12                  DOMINO'S PIZZA GROUP PLC                3
13                          GVC Holdings Plc                3
14                   HARGREAVES LANSDOWN PLC                3
15                      HURRICANE ENERGY PLC                3
16                            METRO BANK PLC                3
17                               PLUS500 LTD                3
18                            Royal Mail Plc                3
19                            SUPERGROUP PLC                3

                        Name of Share Issuer  Net Short Position (%)
0                             METRO BANK PLC                    7.28
1                            CINEWORLD GROUP                    7.24
2                  Flutter Entertainment plc                    6.92
3                              HAMMERSON PLC                    5.72
4                      WOOD GROUP (JOHN) PLC                    5.26
5                                PEARSON PLC                    4.72
6                          PETROPAVLOVSK PLC                    4.51
7                                    SIG PLC                    4.28
8                                EASYJET PLC                    4.23
9                        GREENCORE GROUP PLC                    4.12
10                                   IQE PLC                    4.06
11                                    AA PLC                    3.83
12                CREST NICHOLSON HLDGS  PLC                    3.77
13                        WEIR GROUP PLC/THE                    3.59
14                  DOMINO'S PIZZA GROUP PLC                    3.49
15  Aston Martin Lagonda Global Holdings Plc                    3.32
16              SMITH (DAVID S) HOLDINGS PLC                    3.25
17                          DUNELM GROUP PLC                    3.16
18                   HARGREAVES LANSDOWN PLC                    2.91
19                   LANCASHIRE HOLDINGS LTD                    2.85

#########[+]SUMMARY MOST OVERALL SHORTED[+]######################
#########[+]SUMMARY MOST OVERALL SHORTED[+]######################
#########[+]SUMMARY MOST OVERALL SHORTED[+]######################

[+]	HARGREAVES LANSDOWN PLC
[+]	WOOD GROUP (JOHN) PLC
[+]	Aston Martin Lagonda Global Holdings Plc
[+]	WEIR GROUP PLC/THE
[+]	EASYJET PLC
[+]	AA PLC
[+]	DOMINO'S PIZZA GROUP PLC
[+]	PEARSON PLC
[+]	SMITH (DAVID S) HOLDINGS PLC
[+]	METRO BANK PLC
[+]	CINEWORLD GROUP
[+]	HAMMERSON PLC
[+]	Flutter Entertainment plc


THE SOFTWARE IS PROVIDED 'AS IS', WITHOUT WARRANTY OF ANY KIND, EXPRESS OR IMPLIED, INCLUDING BUT NOT LIMITED TO THE WARRANTIES OF MERCHANTABILITY, FITNESS FOR A PARTICULAR PURPOSE, TITLE AND NON-INFRINGEMENT. IN NO EVENT SHALL THE COPYRIGHT HOLDERS OR ANYONE DISTRIBUTING THE SOFTWARE BE LIABLE FOR ANY DAMAGES OR OTHER LIABILITY, WHETHER IN CONTRACT, TORT OR OTHERWISE, ARISING FROM, OUT OF OR IN CONNECTION WITH THE SOFTWARE OR THE USE OR OTHER DEALINGS IN THE SOFTWARE.

Dont forget to tip your server!
Bitcoin Cash (BCH)			qpz32c4lg7x7lnk9jg6qg7s4uavdce89myax5v5nuk
Ether (ETH)			0x843d3DEC2A4705BD4f45F674F641cE2D0022c9FB
Litecoin (LTC)			Lfk5y4F7KZa9oRxpazETwjQnHszEPvqPvu
Bitcoin (BTC)			14Dm7L3ABPtumPDcj3REAvs4L6w9YFRnHK
