##################################
##################################
##################################
Most Shorted Shares since [2020-04-01]
##################################
##################################
##################################

           Name of Share Issuer  Position Holder
0                 HAMMERSON PLC                5
1                   PEARSON PLC                3
2  SMITH (DAVID S) HOLDINGS PLC                3
3            WEIR GROUP PLC/THE                3

            Name of Share Issuer  Net Short Position (%)
0                  HAMMERSON PLC                    4.88
1                    EASYJET PLC                    4.04
2                    DIGNITY PLC                    3.47
3             WEIR GROUP PLC/THE                    3.00
4                 TULLOW OIL PLC                    2.75
5        CRODA INTERNATIONAL PLC                    2.48
6                     FUTURE PLC                    2.40
7   SMITH (DAVID S) HOLDINGS PLC                    2.37
8                   CARNIVAL PLC                    2.34
9                 Royal Mail Plc                    2.34
10     Flutter Entertainment plc                    2.33
11                 A.G. Barr PLC                    2.30
12                   VICTREX PLC                    2.28
13                        AA PLC                    2.24
14                      ASOS PLC                    2.23
15                   PEARSON PLC                    2.20
16         WOOD GROUP (JOHN) PLC                    2.18
17          BLUE PRISM GROUP PLC                    2.07
18     MICRO FOCUS INTERNATIONAL                    1.85
19                 ASCENTIAL PLC                    1.81

#########[+]SUMMARY MOST OVERALL SHORTED[+]######################
#########[+]SUMMARY MOST OVERALL SHORTED[+]######################
#########[+]SUMMARY MOST OVERALL SHORTED[+]######################

[+]	SMITH (DAVID S) HOLDINGS PLC
[+]	HAMMERSON PLC
[+]	WEIR GROUP PLC/THE
[+]	PEARSON PLC


THE SOFTWARE IS PROVIDED 'AS IS', WITHOUT WARRANTY OF ANY KIND, EXPRESS OR IMPLIED, INCLUDING BUT NOT LIMITED TO THE WARRANTIES OF MERCHANTABILITY, FITNESS FOR A PARTICULAR PURPOSE, TITLE AND NON-INFRINGEMENT. IN NO EVENT SHALL THE COPYRIGHT HOLDERS OR ANYONE DISTRIBUTING THE SOFTWARE BE LIABLE FOR ANY DAMAGES OR OTHER LIABILITY, WHETHER IN CONTRACT, TORT OR OTHERWISE, ARISING FROM, OUT OF OR IN CONNECTION WITH THE SOFTWARE OR THE USE OR OTHER DEALINGS IN THE SOFTWARE.

Dont forget to tip your server!
Bitcoin Cash (BCH)			qpz32c4lg7x7lnk9jg6qg7s4uavdce89myax5v5nuk
Ether (ETH)			0x843d3DEC2A4705BD4f45F674F641cE2D0022c9FB
Litecoin (LTC)			Lfk5y4F7KZa9oRxpazETwjQnHszEPvqPvu
Bitcoin (BTC)			14Dm7L3ABPtumPDcj3REAvs4L6w9YFRnHK
