##################################
##################################
##################################
Most Shorted Shares since [2020-04-07]
##################################
##################################
##################################

        Name of Share Issuer  Position Holder
0  Flutter Entertainment plc                3
1  MICRO FOCUS INTERNATIONAL                3
2          SAINSBURY (J) PLC                3

           Name of Share Issuer  Net Short Position (%)
0                TULLOW OIL PLC                    4.62
1                   DIGNITY PLC                    4.38
2             SAINSBURY (J) PLC                    3.83
3     MICRO FOCUS INTERNATIONAL                    3.35
4                 A.G. Barr PLC                    3.16
5            HALFORDS GROUP PLC                    2.80
6     Flutter Entertainment plc                    2.46
7                  INCHCAPE PLC                    2.18
8                 MENZIES(JOHN)                    2.03
9                   EASYJET PLC                    2.01
10                 CARNIVAL PLC                    1.94
11              CINEWORLD GROUP                    1.71
12      CRODA INTERNATIONAL PLC                    1.69
13       PETS AT HOME GROUP PLC                    1.60
14                ASCENTIAL PLC                    1.56
15   DAILY MAIL & GENERAL TRUST                    1.50
16               METRO BANK PLC                    1.48
17                     ASOS PLC                    1.47
18  JUPITER FUND MANAGEMENT PLC                    1.45
19     WM MORRISON SUPERMARKETS                    1.43

#########[+]SUMMARY MOST OVERALL SHORTED[+]######################
#########[+]SUMMARY MOST OVERALL SHORTED[+]######################
#########[+]SUMMARY MOST OVERALL SHORTED[+]######################

[+]	MICRO FOCUS INTERNATIONAL
[+]	Flutter Entertainment plc
[+]	SAINSBURY (J) PLC


THE SOFTWARE IS PROVIDED 'AS IS', WITHOUT WARRANTY OF ANY KIND, EXPRESS OR IMPLIED, INCLUDING BUT NOT LIMITED TO THE WARRANTIES OF MERCHANTABILITY, FITNESS FOR A PARTICULAR PURPOSE, TITLE AND NON-INFRINGEMENT. IN NO EVENT SHALL THE COPYRIGHT HOLDERS OR ANYONE DISTRIBUTING THE SOFTWARE BE LIABLE FOR ANY DAMAGES OR OTHER LIABILITY, WHETHER IN CONTRACT, TORT OR OTHERWISE, ARISING FROM, OUT OF OR IN CONNECTION WITH THE SOFTWARE OR THE USE OR OTHER DEALINGS IN THE SOFTWARE.

Dont forget to tip your server!
Bitcoin Cash (BCH)			qpz32c4lg7x7lnk9jg6qg7s4uavdce89myax5v5nuk
Ether (ETH)			0x843d3DEC2A4705BD4f45F674F641cE2D0022c9FB
Litecoin (LTC)			Lfk5y4F7KZa9oRxpazETwjQnHszEPvqPvu
Bitcoin (BTC)			14Dm7L3ABPtumPDcj3REAvs4L6w9YFRnHK
