##################################
##################################
##################################
Most Shorted Shares since [2020-04-01]
##################################
##################################
##################################

           Name of Share Issuer  Position Holder
0                   EASYJET PLC                4
1                 HAMMERSON PLC                4
2                 ASCENTIAL PLC                3
3                   PEARSON PLC                3
4  SMITH (DAVID S) HOLDINGS PLC                3
5            WEIR GROUP PLC/THE                3
6         WOOD GROUP (JOHN) PLC                3

            Name of Share Issuer  Net Short Position (%)
0                    EASYJET PLC                    5.93
1                  HAMMERSON PLC                    4.38
2           BLUE PRISM GROUP PLC                    3.78
3                    DIGNITY PLC                    3.47
4             WEIR GROUP PLC/THE                    3.24
5          WOOD GROUP (JOHN) PLC                    2.99
6                 TULLOW OIL PLC                    2.89
7             HALFORDS GROUP PLC                    2.77
8      MICRO FOCUS INTERNATIONAL                    2.70
9                       ASOS PLC                    2.64
10                  CARNIVAL PLC                    2.52
11                Royal Mail Plc                    2.49
12                 ASCENTIAL PLC                    2.48
13       CRODA INTERNATIONAL PLC                    2.48
14                 A.G. Barr PLC                    2.43
15                 MENZIES(JOHN)                    2.43
16                    FUTURE PLC                    2.40
17  SMITH (DAVID S) HOLDINGS PLC                    2.37
18     Flutter Entertainment plc                    2.33
19            EQUINITI GROUP PLC                    2.31

#########[+]SUMMARY MOST OVERALL SHORTED[+]######################
#########[+]SUMMARY MOST OVERALL SHORTED[+]######################
#########[+]SUMMARY MOST OVERALL SHORTED[+]######################

[+]	WEIR GROUP PLC/THE
[+]	SMITH (DAVID S) HOLDINGS PLC
[+]	ASCENTIAL PLC
[+]	EASYJET PLC
[+]	HAMMERSON PLC
[+]	WOOD GROUP (JOHN) PLC


THE SOFTWARE IS PROVIDED 'AS IS', WITHOUT WARRANTY OF ANY KIND, EXPRESS OR IMPLIED, INCLUDING BUT NOT LIMITED TO THE WARRANTIES OF MERCHANTABILITY, FITNESS FOR A PARTICULAR PURPOSE, TITLE AND NON-INFRINGEMENT. IN NO EVENT SHALL THE COPYRIGHT HOLDERS OR ANYONE DISTRIBUTING THE SOFTWARE BE LIABLE FOR ANY DAMAGES OR OTHER LIABILITY, WHETHER IN CONTRACT, TORT OR OTHERWISE, ARISING FROM, OUT OF OR IN CONNECTION WITH THE SOFTWARE OR THE USE OR OTHER DEALINGS IN THE SOFTWARE.

Dont forget to tip your server!
Bitcoin Cash (BCH)			qpz32c4lg7x7lnk9jg6qg7s4uavdce89myax5v5nuk
Ether (ETH)			0x843d3DEC2A4705BD4f45F674F641cE2D0022c9FB
Litecoin (LTC)			Lfk5y4F7KZa9oRxpazETwjQnHszEPvqPvu
Bitcoin (BTC)			14Dm7L3ABPtumPDcj3REAvs4L6w9YFRnHK
