##################################
##################################
##################################
Most Shorted Shares since [2020-06-02]
##################################
##################################
##################################

     Name of Share Issuer  Position Holder
0           WHITBREAD PLC                6
1  BABCOCK INTL GROUP PLC                5
2             EASYJET PLC                4
3           ASCENTIAL PLC                3
4             PEARSON PLC                3

                        Name of Share Issuer  Net Short Position (%)
0                             HYVE GROUP PLC                    6.43
1                     BABCOCK INTL GROUP PLC                    5.25
2                                EASYJET PLC                    4.95
3                              WHITBREAD PLC                    4.28
4                             Royal Mail Plc                    4.07
5                                DIGNITY PLC                    4.00
6                                PEARSON PLC                    3.48
7                                 CAPITA PLC                    3.06
8                   WM MORRISON SUPERMARKETS                    2.95
9                              ASCENTIAL PLC                    2.80
10                                HISCOX LTD                    2.52
11                             A.G. Barr PLC                    2.40
12                         SAINSBURY (J) PLC                    2.05
13                  HOWDEN JOINERY GROUP PLC                    1.94
14                                 TED BAKER                    1.76
15                   CRODA INTERNATIONAL PLC                    1.71
16                        UDG HEALTHCARE PLC                    1.62
17                        BURBERRY GROUP PLC                    1.60
18  Aston Martin Lagonda Global Holdings Plc                    1.52
19                                    TUI AG                    1.39

#########[+]SUMMARY MOST OVERALL SHORTED[+]######################
#########[+]SUMMARY MOST OVERALL SHORTED[+]######################
#########[+]SUMMARY MOST OVERALL SHORTED[+]######################

[+]	WHITBREAD PLC
[+]	EASYJET PLC
[+]	PEARSON PLC
[+]	BABCOCK INTL GROUP PLC
[+]	ASCENTIAL PLC


THE SOFTWARE IS PROVIDED 'AS IS', WITHOUT WARRANTY OF ANY KIND, EXPRESS OR IMPLIED, INCLUDING BUT NOT LIMITED TO THE WARRANTIES OF MERCHANTABILITY, FITNESS FOR A PARTICULAR PURPOSE, TITLE AND NON-INFRINGEMENT. IN NO EVENT SHALL THE COPYRIGHT HOLDERS OR ANYONE DISTRIBUTING THE SOFTWARE BE LIABLE FOR ANY DAMAGES OR OTHER LIABILITY, WHETHER IN CONTRACT, TORT OR OTHERWISE, ARISING FROM, OUT OF OR IN CONNECTION WITH THE SOFTWARE OR THE USE OR OTHER DEALINGS IN THE SOFTWARE.

Dont forget to tip your server!
Bitcoin Cash (BCH)			qpz32c4lg7x7lnk9jg6qg7s4uavdce89myax5v5nuk
Ether (ETH)			0x843d3DEC2A4705BD4f45F674F641cE2D0022c9FB
Litecoin (LTC)			Lfk5y4F7KZa9oRxpazETwjQnHszEPvqPvu
Bitcoin (BTC)			14Dm7L3ABPtumPDcj3REAvs4L6w9YFRnHK
