##################################
##################################
##################################
Most Shorted Shares since [2020-05-14]
##################################
##################################
##################################

        Name of Share Issuer  Position Holder
0         WEIR GROUP PLC/THE                4
1    CRODA INTERNATIONAL PLC                3
2        DIXONS CARPHONE PLC                3
3                EASYJET PLC                3
4              HAMMERSON PLC                3
5       KEYWORDS STUDIOS PLC                3
6  MARKS & SPENCER GROUP PLC                3
7                MEGGITT PLC                3
8             Royal Mail Plc                3
9        VIRGIN MONEY UK PLC                3

                        Name of Share Issuer  Net Short Position (%)
0                                EASYJET PLC                    5.44
1                             Royal Mail Plc                    4.50
2                         WEIR GROUP PLC/THE                    4.16
3                                 CAPITA PLC                    3.35
4                   WM MORRISON SUPERMARKETS                    3.15
5                  MARKS & SPENCER GROUP PLC                    2.87
6                             METRO BANK PLC                    2.86
7                        VIRGIN MONEY UK PLC                    2.82
8                    CRODA INTERNATIONAL PLC                    2.72
9                              HAMMERSON PLC                    2.66
10                                    AA PLC                    2.62
11                               MEGGITT PLC                    2.59
12                              INCHCAPE PLC                    2.48
13  Aston Martin Lagonda Global Holdings Plc                    2.45
14                             A.G. Barr PLC                    2.30
15                      KEYWORDS STUDIOS PLC                    2.24
16                             MARSTON'S PLC                    2.22
17                    BABCOCK INTL GROUP PLC                    2.19
18                      ST JAMES'S PLACE PLC                    1.90
19                               PEARSON PLC                    1.76

#########[+]SUMMARY MOST OVERALL SHORTED[+]######################
#########[+]SUMMARY MOST OVERALL SHORTED[+]######################
#########[+]SUMMARY MOST OVERALL SHORTED[+]######################

[+]	VIRGIN MONEY UK PLC
[+]	MARKS & SPENCER GROUP PLC
[+]	WEIR GROUP PLC/THE
[+]	MEGGITT PLC
[+]	Royal Mail Plc
[+]	KEYWORDS STUDIOS PLC
[+]	CRODA INTERNATIONAL PLC
[+]	HAMMERSON PLC
[+]	EASYJET PLC


THE SOFTWARE IS PROVIDED 'AS IS', WITHOUT WARRANTY OF ANY KIND, EXPRESS OR IMPLIED, INCLUDING BUT NOT LIMITED TO THE WARRANTIES OF MERCHANTABILITY, FITNESS FOR A PARTICULAR PURPOSE, TITLE AND NON-INFRINGEMENT. IN NO EVENT SHALL THE COPYRIGHT HOLDERS OR ANYONE DISTRIBUTING THE SOFTWARE BE LIABLE FOR ANY DAMAGES OR OTHER LIABILITY, WHETHER IN CONTRACT, TORT OR OTHERWISE, ARISING FROM, OUT OF OR IN CONNECTION WITH THE SOFTWARE OR THE USE OR OTHER DEALINGS IN THE SOFTWARE.

Dont forget to tip your server!
Bitcoin Cash (BCH)			qpz32c4lg7x7lnk9jg6qg7s4uavdce89myax5v5nuk
Ether (ETH)			0x843d3DEC2A4705BD4f45F674F641cE2D0022c9FB
Litecoin (LTC)			Lfk5y4F7KZa9oRxpazETwjQnHszEPvqPvu
Bitcoin (BTC)			14Dm7L3ABPtumPDcj3REAvs4L6w9YFRnHK
