##################################
##################################
##################################
Most Shorted Shares since [2020-07-07]
##################################
##################################
##################################

           Name of Share Issuer  Position Holder
0                    CAPITA PLC                3
1               CINEWORLD GROUP                3
2             SAINSBURY (J) PLC                3
3  SMITH (DAVID S) HOLDINGS PLC                3

                        Name of Share Issuer  Net Short Position (%)
0                             Royal Mail Plc                    5.31
1                          SAINSBURY (J) PLC                    4.53
2                   WM MORRISON SUPERMARKETS                    2.84
3                  MICRO FOCUS INTERNATIONAL                    2.70
4                            CINEWORLD GROUP                    2.59
5                             METRO BANK PLC                    2.59
6               SMITH (DAVID S) HOLDINGS PLC                    2.58
7                                 CAPITA PLC                    2.31
8                     BABCOCK INTL GROUP PLC                    2.29
9                              A.G. Barr PLC                    2.16
10                               VICTREX PLC                    2.12
11                             HAMMERSON PLC                    2.05
12                            TULLOW OIL PLC                    1.99
13         INTERCONTINENTAL HOTELS GROUP PLC                    1.91
14                      ST JAMES'S PLACE PLC                    1.29
15                                   SIG PLC                    1.23
16  Aston Martin Lagonda Global Holdings Plc                    1.17
17                      RESTAURANT GROUP PLC                    1.13
18                  DOMINO'S PIZZA GROUP PLC                    1.10
19                                FUTURE PLC                    1.01

#########[+]SUMMARY MOST OVERALL SHORTED[+]######################
#########[+]SUMMARY MOST OVERALL SHORTED[+]######################
#########[+]SUMMARY MOST OVERALL SHORTED[+]######################

[+]	SMITH (DAVID S) HOLDINGS PLC
[+]	SAINSBURY (J) PLC
[+]	CAPITA PLC
[+]	CINEWORLD GROUP


THE SOFTWARE IS PROVIDED 'AS IS', WITHOUT WARRANTY OF ANY KIND, EXPRESS OR IMPLIED, INCLUDING BUT NOT LIMITED TO THE WARRANTIES OF MERCHANTABILITY, FITNESS FOR A PARTICULAR PURPOSE, TITLE AND NON-INFRINGEMENT. IN NO EVENT SHALL THE COPYRIGHT HOLDERS OR ANYONE DISTRIBUTING THE SOFTWARE BE LIABLE FOR ANY DAMAGES OR OTHER LIABILITY, WHETHER IN CONTRACT, TORT OR OTHERWISE, ARISING FROM, OUT OF OR IN CONNECTION WITH THE SOFTWARE OR THE USE OR OTHER DEALINGS IN THE SOFTWARE.

Dont forget to tip your server!
Bitcoin Cash (BCH)			qpz32c4lg7x7lnk9jg6qg7s4uavdce89myax5v5nuk
Ether (ETH)			0x843d3DEC2A4705BD4f45F674F641cE2D0022c9FB
Litecoin (LTC)			Lfk5y4F7KZa9oRxpazETwjQnHszEPvqPvu
Bitcoin (BTC)			14Dm7L3ABPtumPDcj3REAvs4L6w9YFRnHK
