##################################
##################################
##################################
Most Shorted Shares since [2020-02-18]
##################################
##################################
##################################

                        Name of Share Issuer  Position Holder
0                              HAMMERSON PLC                8
1   Aston Martin Lagonda Global Holdings Plc                7
2                  Flutter Entertainment plc                7
3                     BABCOCK INTL GROUP PLC                6
4                             METRO BANK PLC                6
5                      WOOD GROUP (JOHN) PLC                6
6                            CINEWORLD GROUP                5
7                                PEARSON PLC                5
8                             TULLOW OIL PLC                5
9                                     AA PLC                4
10                               AGGREKO PLC                4
11                     AUTO TRADER GROUP PLC                4
12                   CRODA INTERNATIONAL PLC                4
13                               EASYJET PLC                4
14                        EQUINITI GROUP PLC                4
15                            KINGFISHER PLC                4
16                            Kier Group plc                4
17                              PETROFAC LTD                4
18                               VICTREX PLC                4
19                  WM MORRISON SUPERMARKETS                4

                        Name of Share Issuer  Net Short Position (%)
0                            PREMIER OIL PLC                   18.13
1                             METRO BANK PLC                    9.17
2                              HAMMERSON PLC                    7.57
3                  Flutter Entertainment plc                    6.98
4                     BABCOCK INTL GROUP PLC                    6.52
5                                     AA PLC                    6.46
6                                PEARSON PLC                    6.46
7                      WOOD GROUP (JOHN) PLC                    6.13
8                            CINEWORLD GROUP                    5.61
9                             TULLOW OIL PLC                    5.54
10  Aston Martin Lagonda Global Holdings Plc                    5.43
11                                   SIG PLC                    5.28
12                               VICTREX PLC                    5.12
13                         PETROPAVLOVSK PLC                    4.81
14                               EASYJET PLC                    4.73
15                              PETROFAC LTD                    4.66
16                  WM MORRISON SUPERMARKETS                    4.58
17                            Kier Group plc                    4.53
18                            KINGFISHER PLC                    4.32
19                       INTU PROPERTIES PLC                    4.26

#########[+]SUMMARY MOST OVERALL SHORTED[+]######################
#########[+]SUMMARY MOST OVERALL SHORTED[+]######################
#########[+]SUMMARY MOST OVERALL SHORTED[+]######################

[+]	BABCOCK INTL GROUP PLC
[+]	PETROFAC LTD
[+]	WM MORRISON SUPERMARKETS
[+]	AA PLC
[+]	HAMMERSON PLC
[+]	EASYJET PLC
[+]	TULLOW OIL PLC
[+]	CINEWORLD GROUP
[+]	Kier Group plc
[+]	KINGFISHER PLC
[+]	VICTREX PLC
[+]	Flutter Entertainment plc
[+]	PEARSON PLC
[+]	WOOD GROUP (JOHN) PLC
[+]	METRO BANK PLC
[+]	Aston Martin Lagonda Global Holdings Plc


THE SOFTWARE IS PROVIDED 'AS IS', WITHOUT WARRANTY OF ANY KIND, EXPRESS OR IMPLIED, INCLUDING BUT NOT LIMITED TO THE WARRANTIES OF MERCHANTABILITY, FITNESS FOR A PARTICULAR PURPOSE, TITLE AND NON-INFRINGEMENT. IN NO EVENT SHALL THE COPYRIGHT HOLDERS OR ANYONE DISTRIBUTING THE SOFTWARE BE LIABLE FOR ANY DAMAGES OR OTHER LIABILITY, WHETHER IN CONTRACT, TORT OR OTHERWISE, ARISING FROM, OUT OF OR IN CONNECTION WITH THE SOFTWARE OR THE USE OR OTHER DEALINGS IN THE SOFTWARE.

Dont forget to tip your server!
Bitcoin Cash (BCH)			qpz32c4lg7x7lnk9jg6qg7s4uavdce89myax5v5nuk
Ether (ETH)			0x843d3DEC2A4705BD4f45F674F641cE2D0022c9FB
Litecoin (LTC)			Lfk5y4F7KZa9oRxpazETwjQnHszEPvqPvu
Bitcoin (BTC)			14Dm7L3ABPtumPDcj3REAvs4L6w9YFRnHK
