##################################
##################################
##################################
Most Shorted Shares since [2020-08-03]
##################################
##################################
##################################

  Name of Share Issuer  Position Holder
0        HAMMERSON PLC                4
1       METRO BANK PLC                4
2   WEIR GROUP PLC/THE                3

         Name of Share Issuer  Net Short Position (%)
0              METRO BANK PLC                    8.35
1           PETROPAVLOVSK PLC                    4.64
2                 DIGNITY PLC                    3.54
3                 PEARSON PLC                    3.31
4               HAMMERSON PLC                    3.00
5          WEIR GROUP PLC/THE                    2.54
6                     IQE PLC                    2.38
7      BABCOCK INTL GROUP PLC                    2.36
8              TULLOW OIL PLC                    1.68
9                  CAPITA PLC                    1.63
10      VITEC GROUP PLC (THE)                    1.58
11        JOHNSON MATTHEY PLC                    1.54
12              ASCENTIAL PLC                    1.47
13  CREST NICHOLSON HLDGS PLC                    1.21
14              A.G. Barr PLC                    1.13
15                  REACH PLC                    1.12
16              MENZIES(JOHN)                    1.11
17          SAINSBURY (J) PLC                    1.10
18       MCCARTHY & STONE PLC                    1.03
19              MARSTON'S PLC                    1.01

#########[+]SUMMARY MOST OVERALL SHORTED[+]######################
#########[+]SUMMARY MOST OVERALL SHORTED[+]######################
#########[+]SUMMARY MOST OVERALL SHORTED[+]######################

[+]	WEIR GROUP PLC/THE
[+]	METRO BANK PLC
[+]	HAMMERSON PLC


THE SOFTWARE IS PROVIDED 'AS IS', WITHOUT WARRANTY OF ANY KIND, EXPRESS OR IMPLIED, INCLUDING BUT NOT LIMITED TO THE WARRANTIES OF MERCHANTABILITY, FITNESS FOR A PARTICULAR PURPOSE, TITLE AND NON-INFRINGEMENT. IN NO EVENT SHALL THE COPYRIGHT HOLDERS OR ANYONE DISTRIBUTING THE SOFTWARE BE LIABLE FOR ANY DAMAGES OR OTHER LIABILITY, WHETHER IN CONTRACT, TORT OR OTHERWISE, ARISING FROM, OUT OF OR IN CONNECTION WITH THE SOFTWARE OR THE USE OR OTHER DEALINGS IN THE SOFTWARE.

Dont forget to tip your server!
Bitcoin Cash (BCH)			qpz32c4lg7x7lnk9jg6qg7s4uavdce89myax5v5nuk
Ether (ETH)			0x843d3DEC2A4705BD4f45F674F641cE2D0022c9FB
Litecoin (LTC)			Lfk5y4F7KZa9oRxpazETwjQnHszEPvqPvu
Bitcoin (BTC)			14Dm7L3ABPtumPDcj3REAvs4L6w9YFRnHK
