##################################
##################################
##################################
Most Shorted Shares since [2020-05-28]
##################################
##################################
##################################

     Name of Share Issuer  Position Holder
0             PEARSON PLC                5
1           ASCENTIAL PLC                4
2  BABCOCK INTL GROUP PLC                4
3      BURBERRY GROUP PLC                3
4             EASYJET PLC                3
5          Royal Mail Plc                3
6          TULLOW OIL PLC                3
7           WHITBREAD PLC                3

                        Name of Share Issuer  Net Short Position (%)
0                             Royal Mail Plc                    4.86
1                                EASYJET PLC                    4.82
2                     BABCOCK INTL GROUP PLC                    4.81
3                                PEARSON PLC                    4.77
4                              ASCENTIAL PLC                    4.68
5                             HYVE GROUP PLC                    4.24
6                          SAINSBURY (J) PLC                    2.73
7                         BURBERRY GROUP PLC                    2.59
8                                 CAPITA PLC                    2.47
9                              A.G. Barr PLC                    2.40
10                                FUTURE PLC                    2.37
11                            TULLOW OIL PLC                    2.22
12                             WHITBREAD PLC                    2.20
13  Aston Martin Lagonda Global Holdings Plc                    2.08
14                  WM MORRISON SUPERMARKETS                    1.99
15                        WEIR GROUP PLC/THE                    1.95
16                                HISCOX LTD                    1.93
17                                 TED BAKER                    1.69
18                 MICRO FOCUS INTERNATIONAL                    1.63
19                       VIRGIN MONEY UK PLC                    1.63

#########[+]SUMMARY MOST OVERALL SHORTED[+]######################
#########[+]SUMMARY MOST OVERALL SHORTED[+]######################
#########[+]SUMMARY MOST OVERALL SHORTED[+]######################

[+]	EASYJET PLC
[+]	TULLOW OIL PLC
[+]	Royal Mail Plc
[+]	BURBERRY GROUP PLC
[+]	WHITBREAD PLC
[+]	PEARSON PLC
[+]	ASCENTIAL PLC
[+]	BABCOCK INTL GROUP PLC


THE SOFTWARE IS PROVIDED 'AS IS', WITHOUT WARRANTY OF ANY KIND, EXPRESS OR IMPLIED, INCLUDING BUT NOT LIMITED TO THE WARRANTIES OF MERCHANTABILITY, FITNESS FOR A PARTICULAR PURPOSE, TITLE AND NON-INFRINGEMENT. IN NO EVENT SHALL THE COPYRIGHT HOLDERS OR ANYONE DISTRIBUTING THE SOFTWARE BE LIABLE FOR ANY DAMAGES OR OTHER LIABILITY, WHETHER IN CONTRACT, TORT OR OTHERWISE, ARISING FROM, OUT OF OR IN CONNECTION WITH THE SOFTWARE OR THE USE OR OTHER DEALINGS IN THE SOFTWARE.

Dont forget to tip your server!
Bitcoin Cash (BCH)			qpz32c4lg7x7lnk9jg6qg7s4uavdce89myax5v5nuk
Ether (ETH)			0x843d3DEC2A4705BD4f45F674F641cE2D0022c9FB
Litecoin (LTC)			Lfk5y4F7KZa9oRxpazETwjQnHszEPvqPvu
Bitcoin (BTC)			14Dm7L3ABPtumPDcj3REAvs4L6w9YFRnHK
