##################################
##################################
##################################
Most Shorted Shares since [2020-08-19]
##################################
##################################
##################################

Empty DataFrame
Columns: [Name of Share Issuer, Position Holder]
Index: []

                 Name of Share Issuer  Net Short Position (%)
0                   SAINSBURY (J) PLC                    3.71
1                       MARSTON'S PLC                    2.17
2                              TUI AG                    2.01
3   INTERCONTINENTAL HOTELS GROUP PLC                    1.99
4                           REACH PLC                    1.83
5        SMITH (DAVID S) HOLDINGS PLC                    1.82
6                     CINEWORLD GROUP                    1.76
7                             ITV PLC                    1.76
8            DOMINO'S PIZZA GROUP PLC                    1.63
9                  WEIR GROUP PLC/THE                    1.57
10                     METRO BANK PLC                    1.56
11                      HAMMERSON PLC                    1.44
12               HURRICANE ENERGY PLC                    1.40
13           WM MORRISON SUPERMARKETS                    1.39
14               ST JAMES'S PLACE PLC                    1.21
15                Midatech Pharma Plc                    1.16
16                   GVC Holdings Plc                    1.06
17              WOOD GROUP (JOHN) PLC                    0.91
18               MCCARTHY & STONE PLC                    0.90
19               KEYWORDS STUDIOS PLC                    0.89

#########[+]SUMMARY MOST OVERALL SHORTED[+]######################
#########[+]SUMMARY MOST OVERALL SHORTED[+]######################
#########[+]SUMMARY MOST OVERALL SHORTED[+]######################



THE SOFTWARE IS PROVIDED 'AS IS', WITHOUT WARRANTY OF ANY KIND, EXPRESS OR IMPLIED, INCLUDING BUT NOT LIMITED TO THE WARRANTIES OF MERCHANTABILITY, FITNESS FOR A PARTICULAR PURPOSE, TITLE AND NON-INFRINGEMENT. IN NO EVENT SHALL THE COPYRIGHT HOLDERS OR ANYONE DISTRIBUTING THE SOFTWARE BE LIABLE FOR ANY DAMAGES OR OTHER LIABILITY, WHETHER IN CONTRACT, TORT OR OTHERWISE, ARISING FROM, OUT OF OR IN CONNECTION WITH THE SOFTWARE OR THE USE OR OTHER DEALINGS IN THE SOFTWARE.

Dont forget to tip your server!
Bitcoin Cash (BCH)			qpz32c4lg7x7lnk9jg6qg7s4uavdce89myax5v5nuk
Ether (ETH)			0x843d3DEC2A4705BD4f45F674F641cE2D0022c9FB
Litecoin (LTC)			Lfk5y4F7KZa9oRxpazETwjQnHszEPvqPvu
Bitcoin (BTC)			14Dm7L3ABPtumPDcj3REAvs4L6w9YFRnHK
