##################################
##################################
##################################
Most Shorted Shares since [2020-07-21]
##################################
##################################
##################################

      Name of Share Issuer  Position Holder
0  CRODA INTERNATIONAL PLC                3

                  Name of Share Issuer  Net Short Position (%)
0                      MITIE GROUP PLC                    4.24
1                       METRO BANK PLC                    3.84
2                   WEIR GROUP PLC/THE                    2.14
3              CRODA INTERNATIONAL PLC                    2.10
4                        A.G. Barr PLC                    2.06
5                      CINEWORLD GROUP                    1.86
6                     GVC Holdings Plc                    1.56
7                    SAINSBURY (J) PLC                    1.54
8                        CRANEWARE PLC                    1.43
9                       Royal Mail Plc                    1.42
10                       HAMMERSON PLC                    1.41
11                  BURBERRY GROUP PLC                    1.27
12               VITEC GROUP PLC (THE)                    1.23
13            HOWDEN JOINERY GROUP PLC                    1.20
14  NETWORK INTERNATIONAL HOLDINGS PLC                    1.20
15                         PEARSON PLC                    1.12
16            DOMINO'S PIZZA GROUP PLC                    1.09
17          COUNTRYSIDE PROPERTIES PLC                    1.07
18                          CAPITA PLC                    0.97
19                       MARSTON'S PLC                    0.91

#########[+]SUMMARY MOST OVERALL SHORTED[+]######################
#########[+]SUMMARY MOST OVERALL SHORTED[+]######################
#########[+]SUMMARY MOST OVERALL SHORTED[+]######################

[+]	CRODA INTERNATIONAL PLC


THE SOFTWARE IS PROVIDED 'AS IS', WITHOUT WARRANTY OF ANY KIND, EXPRESS OR IMPLIED, INCLUDING BUT NOT LIMITED TO THE WARRANTIES OF MERCHANTABILITY, FITNESS FOR A PARTICULAR PURPOSE, TITLE AND NON-INFRINGEMENT. IN NO EVENT SHALL THE COPYRIGHT HOLDERS OR ANYONE DISTRIBUTING THE SOFTWARE BE LIABLE FOR ANY DAMAGES OR OTHER LIABILITY, WHETHER IN CONTRACT, TORT OR OTHERWISE, ARISING FROM, OUT OF OR IN CONNECTION WITH THE SOFTWARE OR THE USE OR OTHER DEALINGS IN THE SOFTWARE.

Dont forget to tip your server!
Bitcoin Cash (BCH)			qpz32c4lg7x7lnk9jg6qg7s4uavdce89myax5v5nuk
Ether (ETH)			0x843d3DEC2A4705BD4f45F674F641cE2D0022c9FB
Litecoin (LTC)			Lfk5y4F7KZa9oRxpazETwjQnHszEPvqPvu
Bitcoin (BTC)			14Dm7L3ABPtumPDcj3REAvs4L6w9YFRnHK
