##################################
##################################
##################################
Most Shorted Shares since [2019-12-16]
##################################
##################################
##################################

          Name of Share Issuer  Position Holder
0              CINEWORLD GROUP                4
1               NMC HEALTH PLC                4
2               Royal Mail Plc                4
3                    TED BAKER                4
4        AUTO TRADER GROUP PLC                3
5                   CAPITA PLC                3
6     DOMINO'S PIZZA GROUP PLC                3
7                  EASYJET PLC                3
8    Flutter Entertainment plc                3
9                  PEARSON PLC                3
10  SMART METERING SYSTEMS PLC                3
11                 VICTREX PLC                3
12       WOOD GROUP (JOHN) PLC                3

          Name of Share Issuer  Net Short Position (%)
0              CINEWORLD GROUP                    7.48
1                      SIG PLC                    5.43
2               NMC HEALTH PLC                    4.53
3               METRO BANK PLC                    4.15
4   CREST NICHOLSON HLDGS  PLC                    4.13
5                  EASYJET PLC                    4.09
6               Royal Mail Plc                    3.65
7        WOOD GROUP (JOHN) PLC                    3.59
8     DOMINO'S PIZZA GROUP PLC                    3.42
9                   CAPITA PLC                    3.40
10                 VICTREX PLC                    3.30
11                 PLUS500 LTD                    3.27
12   Flutter Entertainment plc                    3.20
13                 PEARSON PLC                    3.00
14     LANCASHIRE HOLDINGS LTD                    2.90
15                 BEAZLEY PLC                    2.62
16                   TED BAKER                    2.61
17                      AA PLC                    2.60
18      Arrow Global Group plc                    2.17
19          WEIR GROUP PLC/THE                    2.11

#########[+]SUMMARY MOST OVERALL SHORTED[+]######################
#########[+]SUMMARY MOST OVERALL SHORTED[+]######################
#########[+]SUMMARY MOST OVERALL SHORTED[+]######################

[+]	Royal Mail Plc
[+]	PEARSON PLC
[+]	EASYJET PLC
[+]	CAPITA PLC
[+]	TED BAKER
[+]	WOOD GROUP (JOHN) PLC
[+]	DOMINO'S PIZZA GROUP PLC
[+]	NMC HEALTH PLC
[+]	VICTREX PLC
[+]	CINEWORLD GROUP
[+]	Flutter Entertainment plc


THE SOFTWARE IS PROVIDED 'AS IS', WITHOUT WARRANTY OF ANY KIND, EXPRESS OR IMPLIED, INCLUDING BUT NOT LIMITED TO THE WARRANTIES OF MERCHANTABILITY, FITNESS FOR A PARTICULAR PURPOSE, TITLE AND NON-INFRINGEMENT. IN NO EVENT SHALL THE COPYRIGHT HOLDERS OR ANYONE DISTRIBUTING THE SOFTWARE BE LIABLE FOR ANY DAMAGES OR OTHER LIABILITY, WHETHER IN CONTRACT, TORT OR OTHERWISE, ARISING FROM, OUT OF OR IN CONNECTION WITH THE SOFTWARE OR THE USE OR OTHER DEALINGS IN THE SOFTWARE.

Dont forget to tip your server!
Bitcoin Cash (BCH)			qpz32c4lg7x7lnk9jg6qg7s4uavdce89myax5v5nuk
Ether (ETH)			0x843d3DEC2A4705BD4f45F674F641cE2D0022c9FB
Litecoin (LTC)			Lfk5y4F7KZa9oRxpazETwjQnHszEPvqPvu
Bitcoin (BTC)			14Dm7L3ABPtumPDcj3REAvs4L6w9YFRnHK
