##################################
##################################
##################################
Most Shorted Shares since [2020-05-07]
##################################
##################################
##################################

  Name of Share Issuer  Position Holder
0               TUI AG                4
1        HAMMERSON PLC                3

                        Name of Share Issuer  Net Short Position (%)
0                              HAMMERSON PLC                    4.18
1                                     TUI AG                    3.92
2                                 CAPITA PLC                    2.77
3                        VIRGIN MONEY UK PLC                    2.71
4                               PETROFAC LTD                    2.61
5                                DIGNITY PLC                    2.55
6                                EASYJET PLC                    2.51
7   Aston Martin Lagonda Global Holdings Plc                    1.96
8                         WEIR GROUP PLC/THE                    1.67
9                                 HISCOX LTD                    1.62
10                          DUNELM GROUP PLC                    1.56
11                                Greggs Plc                    1.53
12                 MICRO FOCUS INTERNATIONAL                    1.50
13                     WOOD GROUP (JOHN) PLC                    1.48
14                STANDARD LIFE ABERDEEN PLC                    1.44
15                            METRO BANK PLC                    1.42
16                            Royal Mail Plc                    1.39
17                             A.G. Barr PLC                    1.28
18                        HALFORDS GROUP PLC                    1.21
19                             WHITBREAD PLC                    1.21

#########[+]SUMMARY MOST OVERALL SHORTED[+]######################
#########[+]SUMMARY MOST OVERALL SHORTED[+]######################
#########[+]SUMMARY MOST OVERALL SHORTED[+]######################

[+]	HAMMERSON PLC
[+]	TUI AG


THE SOFTWARE IS PROVIDED 'AS IS', WITHOUT WARRANTY OF ANY KIND, EXPRESS OR IMPLIED, INCLUDING BUT NOT LIMITED TO THE WARRANTIES OF MERCHANTABILITY, FITNESS FOR A PARTICULAR PURPOSE, TITLE AND NON-INFRINGEMENT. IN NO EVENT SHALL THE COPYRIGHT HOLDERS OR ANYONE DISTRIBUTING THE SOFTWARE BE LIABLE FOR ANY DAMAGES OR OTHER LIABILITY, WHETHER IN CONTRACT, TORT OR OTHERWISE, ARISING FROM, OUT OF OR IN CONNECTION WITH THE SOFTWARE OR THE USE OR OTHER DEALINGS IN THE SOFTWARE.

Dont forget to tip your server!
Bitcoin Cash (BCH)			qpz32c4lg7x7lnk9jg6qg7s4uavdce89myax5v5nuk
Ether (ETH)			0x843d3DEC2A4705BD4f45F674F641cE2D0022c9FB
Litecoin (LTC)			Lfk5y4F7KZa9oRxpazETwjQnHszEPvqPvu
Bitcoin (BTC)			14Dm7L3ABPtumPDcj3REAvs4L6w9YFRnHK
