##################################
##################################
##################################
Most Shorted Shares since [2020-03-21]
##################################
##################################
##################################

        Name of Share Issuer  Position Holder
0                EASYJET PLC                5
1  Flutter Entertainment plc                5
2              HAMMERSON PLC                5
3     BABCOCK INTL GROUP PLC                4
4             KINGFISHER PLC                4
5                PEARSON PLC                4
6      WOOD GROUP (JOHN) PLC                4
7           DUNELM GROUP PLC                3
8       KEYWORDS STUDIOS PLC                3
9         WEIR GROUP PLC/THE                3

         Name of Share Issuer  Net Short Position (%)
0                 EASYJET PLC                    6.10
1               HAMMERSON PLC                    5.09
2   Flutter Entertainment plc                    4.17
3      BABCOCK INTL GROUP PLC                    3.38
4                 DIGNITY PLC                    3.14
5                INCHCAPE PLC                    3.06
6                 PEARSON PLC                    3.00
7    WM MORRISON SUPERMARKETS                    3.00
8       WOOD GROUP (JOHN) PLC                    2.94
9            DUNELM GROUP PLC                    2.53
10       KEYWORDS STUDIOS PLC                    2.42
11              A.G. Barr PLC                    2.40
12         HALFORDS GROUP PLC                    2.39
13  CREST NICHOLSON HLDGS PLC                    2.38
14              MENZIES(JOHN)                    2.36
15             KINGFISHER PLC                    2.27
16             METRO BANK PLC                    2.10
17          ASHMORE GROUP PLC                    2.09
18         WEIR GROUP PLC/THE                    2.02
19    LANCASHIRE HOLDINGS LTD                    1.99

#########[+]SUMMARY MOST OVERALL SHORTED[+]######################
#########[+]SUMMARY MOST OVERALL SHORTED[+]######################
#########[+]SUMMARY MOST OVERALL SHORTED[+]######################

[+]	KEYWORDS STUDIOS PLC
[+]	WOOD GROUP (JOHN) PLC
[+]	KINGFISHER PLC
[+]	Flutter Entertainment plc
[+]	DUNELM GROUP PLC
[+]	PEARSON PLC
[+]	EASYJET PLC
[+]	BABCOCK INTL GROUP PLC
[+]	HAMMERSON PLC
[+]	WEIR GROUP PLC/THE


THE SOFTWARE IS PROVIDED 'AS IS', WITHOUT WARRANTY OF ANY KIND, EXPRESS OR IMPLIED, INCLUDING BUT NOT LIMITED TO THE WARRANTIES OF MERCHANTABILITY, FITNESS FOR A PARTICULAR PURPOSE, TITLE AND NON-INFRINGEMENT. IN NO EVENT SHALL THE COPYRIGHT HOLDERS OR ANYONE DISTRIBUTING THE SOFTWARE BE LIABLE FOR ANY DAMAGES OR OTHER LIABILITY, WHETHER IN CONTRACT, TORT OR OTHERWISE, ARISING FROM, OUT OF OR IN CONNECTION WITH THE SOFTWARE OR THE USE OR OTHER DEALINGS IN THE SOFTWARE.

Dont forget to tip your server!
Bitcoin Cash (BCH)			qpz32c4lg7x7lnk9jg6qg7s4uavdce89myax5v5nuk
Ether (ETH)			0x843d3DEC2A4705BD4f45F674F641cE2D0022c9FB
Litecoin (LTC)			Lfk5y4F7KZa9oRxpazETwjQnHszEPvqPvu
Bitcoin (BTC)			14Dm7L3ABPtumPDcj3REAvs4L6w9YFRnHK
