##################################
##################################
##################################
Most Shorted Shares since [2020-05-26]
##################################
##################################
##################################

     Name of Share Issuer  Position Holder
0             PEARSON PLC                5
1  BABCOCK INTL GROUP PLC                4
2             EASYJET PLC                4
3     GREENCORE GROUP PLC                3
4     VIRGIN MONEY UK PLC                3
5      WEIR GROUP PLC/THE                3
6           WHITBREAD PLC                3

                        Name of Share Issuer  Net Short Position (%)
0                                EASYJET PLC                    5.85
1                     BABCOCK INTL GROUP PLC                    5.22
2                                PEARSON PLC                    4.85
3                        VIRGIN MONEY UK PLC                    3.22
4                                 CAPITA PLC                    3.21
5                              ASCENTIAL PLC                    2.55
6                         WEIR GROUP PLC/THE                    2.45
7                                 FUTURE PLC                    2.37
8                                     TUI AG                    2.26
9   Aston Martin Lagonda Global Holdings Plc                    2.26
10                       GREENCORE GROUP PLC                    2.26
11                            HYVE GROUP PLC                    2.09
12                  WM MORRISON SUPERMARKETS                    2.01
13                                HISCOX LTD                    1.88
14                  HOWDEN JOINERY GROUP PLC                    1.88
15                             WHITBREAD PLC                    1.88
16                      ST JAMES'S PLACE PLC                    1.84
17                            TULLOW OIL PLC                    1.70
18                 MICRO FOCUS INTERNATIONAL                    1.63
19                   CRODA INTERNATIONAL PLC                    1.50

#########[+]SUMMARY MOST OVERALL SHORTED[+]######################
#########[+]SUMMARY MOST OVERALL SHORTED[+]######################
#########[+]SUMMARY MOST OVERALL SHORTED[+]######################

[+]	PEARSON PLC
[+]	EASYJET PLC
[+]	GREENCORE GROUP PLC
[+]	WHITBREAD PLC
[+]	WEIR GROUP PLC/THE
[+]	VIRGIN MONEY UK PLC
[+]	BABCOCK INTL GROUP PLC


THE SOFTWARE IS PROVIDED 'AS IS', WITHOUT WARRANTY OF ANY KIND, EXPRESS OR IMPLIED, INCLUDING BUT NOT LIMITED TO THE WARRANTIES OF MERCHANTABILITY, FITNESS FOR A PARTICULAR PURPOSE, TITLE AND NON-INFRINGEMENT. IN NO EVENT SHALL THE COPYRIGHT HOLDERS OR ANYONE DISTRIBUTING THE SOFTWARE BE LIABLE FOR ANY DAMAGES OR OTHER LIABILITY, WHETHER IN CONTRACT, TORT OR OTHERWISE, ARISING FROM, OUT OF OR IN CONNECTION WITH THE SOFTWARE OR THE USE OR OTHER DEALINGS IN THE SOFTWARE.

Dont forget to tip your server!
Bitcoin Cash (BCH)			qpz32c4lg7x7lnk9jg6qg7s4uavdce89myax5v5nuk
Ether (ETH)			0x843d3DEC2A4705BD4f45F674F641cE2D0022c9FB
Litecoin (LTC)			Lfk5y4F7KZa9oRxpazETwjQnHszEPvqPvu
Bitcoin (BTC)			14Dm7L3ABPtumPDcj3REAvs4L6w9YFRnHK
