##################################
##################################
##################################
Most Shorted Shares since [2020-05-13]
##################################
##################################
##################################

      Name of Share Issuer  Position Holder
0              EASYJET PLC                4
1       WEIR GROUP PLC/THE                4
2               CAPITA PLC                3
3      DIXONS CARPHONE PLC                3
4            HAMMERSON PLC                3
5  HARGREAVES LANSDOWN PLC                3
6              PEARSON PLC                3
7           Royal Mail Plc                3
8      VIRGIN MONEY UK PLC                3

                        Name of Share Issuer  Net Short Position (%)
0                                EASYJET PLC                    6.14
1                             Royal Mail Plc                    4.40
2                         WEIR GROUP PLC/THE                    4.05
3                                 CAPITA PLC                    3.99
4                   WM MORRISON SUPERMARKETS                    3.24
5                  MICRO FOCUS INTERNATIONAL                    2.88
6                             METRO BANK PLC                    2.86
7                        VIRGIN MONEY UK PLC                    2.76
8                              HAMMERSON PLC                    2.67
9                                     AA PLC                    2.62
10                              INCHCAPE PLC                    2.48
11  Aston Martin Lagonda Global Holdings Plc                    2.45
12                               PEARSON PLC                    2.41
13                             MARSTON'S PLC                    2.35
14                             A.G. Barr PLC                    2.30
15                   HARGREAVES LANSDOWN PLC                    2.29
16                    BABCOCK INTL GROUP PLC                    2.05
17                      KEYWORDS STUDIOS PLC                    1.97
18                               AGGREKO PLC                    1.91
19                   CRODA INTERNATIONAL PLC                    1.91

#########[+]SUMMARY MOST OVERALL SHORTED[+]######################
#########[+]SUMMARY MOST OVERALL SHORTED[+]######################
#########[+]SUMMARY MOST OVERALL SHORTED[+]######################

[+]	EASYJET PLC
[+]	WEIR GROUP PLC/THE
[+]	HARGREAVES LANSDOWN PLC
[+]	CAPITA PLC
[+]	Royal Mail Plc
[+]	HAMMERSON PLC
[+]	VIRGIN MONEY UK PLC
[+]	PEARSON PLC


THE SOFTWARE IS PROVIDED 'AS IS', WITHOUT WARRANTY OF ANY KIND, EXPRESS OR IMPLIED, INCLUDING BUT NOT LIMITED TO THE WARRANTIES OF MERCHANTABILITY, FITNESS FOR A PARTICULAR PURPOSE, TITLE AND NON-INFRINGEMENT. IN NO EVENT SHALL THE COPYRIGHT HOLDERS OR ANYONE DISTRIBUTING THE SOFTWARE BE LIABLE FOR ANY DAMAGES OR OTHER LIABILITY, WHETHER IN CONTRACT, TORT OR OTHERWISE, ARISING FROM, OUT OF OR IN CONNECTION WITH THE SOFTWARE OR THE USE OR OTHER DEALINGS IN THE SOFTWARE.

Dont forget to tip your server!
Bitcoin Cash (BCH)			qpz32c4lg7x7lnk9jg6qg7s4uavdce89myax5v5nuk
Ether (ETH)			0x843d3DEC2A4705BD4f45F674F641cE2D0022c9FB
Litecoin (LTC)			Lfk5y4F7KZa9oRxpazETwjQnHszEPvqPvu
Bitcoin (BTC)			14Dm7L3ABPtumPDcj3REAvs4L6w9YFRnHK
