##################################
##################################
##################################
Most Shorted Shares since [2020-01-27]
##################################
##################################
##################################

                        Name of Share Issuer  Position Holder
0                  Flutter Entertainment plc                6
1                     BABCOCK INTL GROUP PLC                5
2                              NORTHGATE PLC                5
3                                     AA PLC                4
4   Aston Martin Lagonda Global Holdings Plc                4
5                            CINEWORLD GROUP                4
6                                EASYJET PLC                4
7                             Royal Mail Plc                4
8                                   ASOS PLC                3
9                          Galliford Try plc                3
10                       JOHNSON MATTHEY PLC                3
11               JUPITER FUND MANAGEMENT PLC                3
12                            KINGFISHER PLC                3
13                            METRO BANK PLC                3
14                 MICRO FOCUS INTERNATIONAL                3
15                               PEARSON PLC                3
16              SMITH (DAVID S) HOLDINGS PLC                3
17                                 TED BAKER                3
18                            TULLOW OIL PLC                3
19                               VICTREX PLC                3

                        Name of Share Issuer  Net Short Position (%)
0                            PREMIER OIL PLC                   16.73
1                  Flutter Entertainment plc                    5.98
2                     BABCOCK INTL GROUP PLC                    5.78
3                                     AA PLC                    5.65
4                                    SIG PLC                    5.30
5                             METRO BANK PLC                    5.11
6                             Royal Mail Plc                    4.72
7                          PETROPAVLOVSK PLC                    4.61
8                                PEARSON PLC                    4.49
9                                EASYJET PLC                    4.24
10                           CINEWORLD GROUP                    3.79
11                               VICTREX PLC                    3.72
12                             NORTHGATE PLC                    3.62
13                            KINGFISHER PLC                    3.25
14  Aston Martin Lagonda Global Holdings Plc                    3.25
15                        WEIR GROUP PLC/THE                    2.92
16                              PETROFAC LTD                    2.84
17                            TULLOW OIL PLC                    2.83
18                CREST NICHOLSON HLDGS  PLC                    2.71
19                   LANCASHIRE HOLDINGS LTD                    2.69

#########[+]SUMMARY MOST OVERALL SHORTED[+]######################
#########[+]SUMMARY MOST OVERALL SHORTED[+]######################
#########[+]SUMMARY MOST OVERALL SHORTED[+]######################

[+]	CINEWORLD GROUP
[+]	KINGFISHER PLC
[+]	TULLOW OIL PLC
[+]	METRO BANK PLC
[+]	NORTHGATE PLC
[+]	BABCOCK INTL GROUP PLC
[+]	VICTREX PLC
[+]	Flutter Entertainment plc
[+]	Royal Mail Plc
[+]	PEARSON PLC
[+]	AA PLC
[+]	Aston Martin Lagonda Global Holdings Plc
[+]	EASYJET PLC


THE SOFTWARE IS PROVIDED 'AS IS', WITHOUT WARRANTY OF ANY KIND, EXPRESS OR IMPLIED, INCLUDING BUT NOT LIMITED TO THE WARRANTIES OF MERCHANTABILITY, FITNESS FOR A PARTICULAR PURPOSE, TITLE AND NON-INFRINGEMENT. IN NO EVENT SHALL THE COPYRIGHT HOLDERS OR ANYONE DISTRIBUTING THE SOFTWARE BE LIABLE FOR ANY DAMAGES OR OTHER LIABILITY, WHETHER IN CONTRACT, TORT OR OTHERWISE, ARISING FROM, OUT OF OR IN CONNECTION WITH THE SOFTWARE OR THE USE OR OTHER DEALINGS IN THE SOFTWARE.

Dont forget to tip your server!
Bitcoin Cash (BCH)			qpz32c4lg7x7lnk9jg6qg7s4uavdce89myax5v5nuk
Ether (ETH)			0x843d3DEC2A4705BD4f45F674F641cE2D0022c9FB
Litecoin (LTC)			Lfk5y4F7KZa9oRxpazETwjQnHszEPvqPvu
Bitcoin (BTC)			14Dm7L3ABPtumPDcj3REAvs4L6w9YFRnHK
