##################################
##################################
##################################
Most Shorted Shares since [2020-05-18]
##################################
##################################
##################################

        Name of Share Issuer  Position Holder
0                 CAPITA PLC                4
1                EASYJET PLC                4
2        VIRGIN MONEY UK PLC                4
3       KEYWORDS STUDIOS PLC                3
4  MARKS & SPENCER GROUP PLC                3
5                MEGGITT PLC                3
6         WEIR GROUP PLC/THE                3

         Name of Share Issuer  Net Short Position (%)
0                 EASYJET PLC                    6.11
1                  CAPITA PLC                    5.60
2         VIRGIN MONEY UK PLC                    3.81
3          WEIR GROUP PLC/THE                    3.58
4                 PEARSON PLC                    3.56
5              Royal Mail Plc                    3.40
6    WM MORRISON SUPERMARKETS                    3.15
7   MARKS & SPENCER GROUP PLC                    3.04
8                 MEGGITT PLC                    2.72
9                      AA PLC                    2.58
10     BABCOCK INTL GROUP PLC                    2.44
11              A.G. Barr PLC                    2.30
12       KEYWORDS STUDIOS PLC                    2.24
13       ST JAMES'S PLACE PLC                    1.90
14  MICRO FOCUS INTERNATIONAL                    1.87
15                 HISCOX LTD                    1.85
16            SCAPA GROUP PLC                    1.70
17               CARNIVAL PLC                    1.60
18             METRO BANK PLC                    1.55
19              RIGHTMOVE PLC                    1.49

#########[+]SUMMARY MOST OVERALL SHORTED[+]######################
#########[+]SUMMARY MOST OVERALL SHORTED[+]######################
#########[+]SUMMARY MOST OVERALL SHORTED[+]######################

[+]	EASYJET PLC
[+]	WEIR GROUP PLC/THE
[+]	CAPITA PLC
[+]	VIRGIN MONEY UK PLC
[+]	KEYWORDS STUDIOS PLC
[+]	MARKS & SPENCER GROUP PLC
[+]	MEGGITT PLC


THE SOFTWARE IS PROVIDED 'AS IS', WITHOUT WARRANTY OF ANY KIND, EXPRESS OR IMPLIED, INCLUDING BUT NOT LIMITED TO THE WARRANTIES OF MERCHANTABILITY, FITNESS FOR A PARTICULAR PURPOSE, TITLE AND NON-INFRINGEMENT. IN NO EVENT SHALL THE COPYRIGHT HOLDERS OR ANYONE DISTRIBUTING THE SOFTWARE BE LIABLE FOR ANY DAMAGES OR OTHER LIABILITY, WHETHER IN CONTRACT, TORT OR OTHERWISE, ARISING FROM, OUT OF OR IN CONNECTION WITH THE SOFTWARE OR THE USE OR OTHER DEALINGS IN THE SOFTWARE.

Dont forget to tip your server!
Bitcoin Cash (BCH)			qpz32c4lg7x7lnk9jg6qg7s4uavdce89myax5v5nuk
Ether (ETH)			0x843d3DEC2A4705BD4f45F674F641cE2D0022c9FB
Litecoin (LTC)			Lfk5y4F7KZa9oRxpazETwjQnHszEPvqPvu
Bitcoin (BTC)			14Dm7L3ABPtumPDcj3REAvs4L6w9YFRnHK
