##################################
##################################
##################################
Most Shorted Shares since [2020-04-07]
##################################
##################################
##################################

Empty DataFrame
Columns: [Name of Share Issuer, Position Holder]
Index: []

                        Name of Share Issuer  Net Short Position (%)
0                             TULLOW OIL PLC                    4.55
1                                DIGNITY PLC                    3.90
2                         HALFORDS GROUP PLC                    2.80
3                               CARNIVAL PLC                    2.06
4                              MENZIES(JOHN)                    1.93
5                                   ASOS PLC                    1.65
6                              ASCENTIAL PLC                    1.44
7                   WM MORRISON SUPERMARKETS                    1.43
8                             SAGE GROUP PLC                    1.41
9                              Trainline PLC                    1.39
10                         SAINSBURY (J) PLC                    1.34
11                               BEAZLEY PLC                    1.25
12                               AGGREKO PLC                    1.18
13                        POLYPIPE GROUP PLC                    1.11
14  Aston Martin Lagonda Global Holdings Plc                    1.00
15                        WEIR GROUP PLC/THE                    0.99
16                 Flutter Entertainment plc                    0.89
17                            Royal Mail Plc                    0.88
18                       GREENCORE GROUP PLC                    0.87
19                             HAMMERSON PLC                    0.83

#########[+]SUMMARY MOST OVERALL SHORTED[+]######################
#########[+]SUMMARY MOST OVERALL SHORTED[+]######################
#########[+]SUMMARY MOST OVERALL SHORTED[+]######################



THE SOFTWARE IS PROVIDED 'AS IS', WITHOUT WARRANTY OF ANY KIND, EXPRESS OR IMPLIED, INCLUDING BUT NOT LIMITED TO THE WARRANTIES OF MERCHANTABILITY, FITNESS FOR A PARTICULAR PURPOSE, TITLE AND NON-INFRINGEMENT. IN NO EVENT SHALL THE COPYRIGHT HOLDERS OR ANYONE DISTRIBUTING THE SOFTWARE BE LIABLE FOR ANY DAMAGES OR OTHER LIABILITY, WHETHER IN CONTRACT, TORT OR OTHERWISE, ARISING FROM, OUT OF OR IN CONNECTION WITH THE SOFTWARE OR THE USE OR OTHER DEALINGS IN THE SOFTWARE.

Dont forget to tip your server!
Bitcoin Cash (BCH)			qpz32c4lg7x7lnk9jg6qg7s4uavdce89myax5v5nuk
Ether (ETH)			0x843d3DEC2A4705BD4f45F674F641cE2D0022c9FB
Litecoin (LTC)			Lfk5y4F7KZa9oRxpazETwjQnHszEPvqPvu
Bitcoin (BTC)			14Dm7L3ABPtumPDcj3REAvs4L6w9YFRnHK
