##################################
##################################
##################################
Most Shorted Shares since [2020-07-13]
##################################
##################################
##################################

      Name of Share Issuer  Position Holder
0  CRODA INTERNATIONAL PLC                3

         Name of Share Issuer  Net Short Position (%)
0              METRO BANK PLC                    3.37
1                 PEARSON PLC                    3.09
2     CRODA INTERNATIONAL PLC                    2.99
3   MICRO FOCUS INTERNATIONAL                    2.92
4              TULLOW OIL PLC                    2.59
5               A.G. Barr PLC                    2.20
6                PETROFAC LTD                    1.98
7          BURBERRY GROUP PLC                    1.57
8          WEIR GROUP PLC/THE                    1.56
9        MCCARTHY & STONE PLC                    1.53
10                 Greggs Plc                    1.52
11            CINEWORLD GROUP                    1.51
12       HURRICANE ENERGY PLC                    1.31
13                     TUI AG                    1.30
14                 CAPITA PLC                    1.29
15       ST JAMES'S PLACE PLC                    1.28
16          SAINSBURY (J) PLC                    1.22
17              ASCENTIAL PLC                    1.20
18                 ROTORK PLC                    1.11
19                BEAZLEY PLC                    0.99

#########[+]SUMMARY MOST OVERALL SHORTED[+]######################
#########[+]SUMMARY MOST OVERALL SHORTED[+]######################
#########[+]SUMMARY MOST OVERALL SHORTED[+]######################

[+]	CRODA INTERNATIONAL PLC


THE SOFTWARE IS PROVIDED 'AS IS', WITHOUT WARRANTY OF ANY KIND, EXPRESS OR IMPLIED, INCLUDING BUT NOT LIMITED TO THE WARRANTIES OF MERCHANTABILITY, FITNESS FOR A PARTICULAR PURPOSE, TITLE AND NON-INFRINGEMENT. IN NO EVENT SHALL THE COPYRIGHT HOLDERS OR ANYONE DISTRIBUTING THE SOFTWARE BE LIABLE FOR ANY DAMAGES OR OTHER LIABILITY, WHETHER IN CONTRACT, TORT OR OTHERWISE, ARISING FROM, OUT OF OR IN CONNECTION WITH THE SOFTWARE OR THE USE OR OTHER DEALINGS IN THE SOFTWARE.

Dont forget to tip your server!
Bitcoin Cash (BCH)			qpz32c4lg7x7lnk9jg6qg7s4uavdce89myax5v5nuk
Ether (ETH)			0x843d3DEC2A4705BD4f45F674F641cE2D0022c9FB
Litecoin (LTC)			Lfk5y4F7KZa9oRxpazETwjQnHszEPvqPvu
Bitcoin (BTC)			14Dm7L3ABPtumPDcj3REAvs4L6w9YFRnHK
