##################################
##################################
##################################
Most Shorted Shares since [2020-06-24]
##################################
##################################
##################################

  Name of Share Issuer  Position Holder
0           CAPITA PLC                3
1      CINEWORLD GROUP                3
2       Royal Mail Plc                3

          Name of Share Issuer  Net Short Position (%)
0               Royal Mail Plc                    5.81
1       PETS AT HOME GROUP PLC                    3.74
2                  PEARSON PLC                    3.28
3               METRO BANK PLC                    2.81
4                   CAPITA PLC                    2.79
5              CINEWORLD GROUP                    2.63
6                A.G. Barr PLC                    2.48
7    CREST NICHOLSON HLDGS PLC                    2.02
8       BABCOCK INTL GROUP PLC                    1.93
9                  EASYJET PLC                    1.77
10          BURBERRY GROUP PLC                    1.63
11    DOMINO'S PIZZA GROUP PLC                    1.51
12               HAMMERSON PLC                    1.43
13                SPECTRIS PLC                    1.42
14  DAILY MAIL & GENERAL TRUST                    1.39
15     Burford Capital Limited                    1.25
16                  FUTURE PLC                    1.20
17                 DIGNITY PLC                    1.19
18     HARGREAVES LANSDOWN PLC                    1.16
19                  ROTORK PLC                    1.12

#########[+]SUMMARY MOST OVERALL SHORTED[+]######################
#########[+]SUMMARY MOST OVERALL SHORTED[+]######################
#########[+]SUMMARY MOST OVERALL SHORTED[+]######################

[+]	Royal Mail Plc
[+]	CAPITA PLC
[+]	CINEWORLD GROUP


THE SOFTWARE IS PROVIDED 'AS IS', WITHOUT WARRANTY OF ANY KIND, EXPRESS OR IMPLIED, INCLUDING BUT NOT LIMITED TO THE WARRANTIES OF MERCHANTABILITY, FITNESS FOR A PARTICULAR PURPOSE, TITLE AND NON-INFRINGEMENT. IN NO EVENT SHALL THE COPYRIGHT HOLDERS OR ANYONE DISTRIBUTING THE SOFTWARE BE LIABLE FOR ANY DAMAGES OR OTHER LIABILITY, WHETHER IN CONTRACT, TORT OR OTHERWISE, ARISING FROM, OUT OF OR IN CONNECTION WITH THE SOFTWARE OR THE USE OR OTHER DEALINGS IN THE SOFTWARE.

Dont forget to tip your server!
Bitcoin Cash (BCH)			qpz32c4lg7x7lnk9jg6qg7s4uavdce89myax5v5nuk
Ether (ETH)			0x843d3DEC2A4705BD4f45F674F641cE2D0022c9FB
Litecoin (LTC)			Lfk5y4F7KZa9oRxpazETwjQnHszEPvqPvu
Bitcoin (BTC)			14Dm7L3ABPtumPDcj3REAvs4L6w9YFRnHK
