##################################
##################################
##################################
Most Shorted Shares since [2020-07-08]
##################################
##################################
##################################

           Name of Share Issuer  Position Holder
0                    CAPITA PLC                4
1  SMITH (DAVID S) HOLDINGS PLC                4
2               CINEWORLD GROUP                3
3       CRODA INTERNATIONAL PLC                3
4                Royal Mail Plc                3
5             SAINSBURY (J) PLC                3

            Name of Share Issuer  Net Short Position (%)
0                 Royal Mail Plc                    5.92
1              SAINSBURY (J) PLC                    4.53
2                    PEARSON PLC                    3.70
3                 METRO BANK PLC                    3.48
4   SMITH (DAVID S) HOLDINGS PLC                    3.10
5                     CAPITA PLC                    3.07
6        CRODA INTERNATIONAL PLC                    3.01
7      MICRO FOCUS INTERNATIONAL                    2.92
8       WM MORRISON SUPERMARKETS                    2.84
9                CINEWORLD GROUP                    2.50
10                  PETROFAC LTD                    2.41
11                   VICTREX PLC                    2.29
12                 A.G. Barr PLC                    2.16
13                 HAMMERSON PLC                    2.12
14                    Greggs Plc                    1.61
15                TULLOW OIL PLC                    1.56
16                   AGGREKO PLC                    1.42
17          BLUE PRISM GROUP PLC                    1.33
18      ROLLS-ROYCE HOLDINGS PLC                    1.33
19          HURRICANE ENERGY PLC                    1.31

#########[+]SUMMARY MOST OVERALL SHORTED[+]######################
#########[+]SUMMARY MOST OVERALL SHORTED[+]######################
#########[+]SUMMARY MOST OVERALL SHORTED[+]######################

[+]	CINEWORLD GROUP
[+]	SAINSBURY (J) PLC
[+]	SMITH (DAVID S) HOLDINGS PLC
[+]	Royal Mail Plc
[+]	CRODA INTERNATIONAL PLC
[+]	CAPITA PLC


THE SOFTWARE IS PROVIDED 'AS IS', WITHOUT WARRANTY OF ANY KIND, EXPRESS OR IMPLIED, INCLUDING BUT NOT LIMITED TO THE WARRANTIES OF MERCHANTABILITY, FITNESS FOR A PARTICULAR PURPOSE, TITLE AND NON-INFRINGEMENT. IN NO EVENT SHALL THE COPYRIGHT HOLDERS OR ANYONE DISTRIBUTING THE SOFTWARE BE LIABLE FOR ANY DAMAGES OR OTHER LIABILITY, WHETHER IN CONTRACT, TORT OR OTHERWISE, ARISING FROM, OUT OF OR IN CONNECTION WITH THE SOFTWARE OR THE USE OR OTHER DEALINGS IN THE SOFTWARE.

Dont forget to tip your server!
Bitcoin Cash (BCH)			qpz32c4lg7x7lnk9jg6qg7s4uavdce89myax5v5nuk
Ether (ETH)			0x843d3DEC2A4705BD4f45F674F641cE2D0022c9FB
Litecoin (LTC)			Lfk5y4F7KZa9oRxpazETwjQnHszEPvqPvu
Bitcoin (BTC)			14Dm7L3ABPtumPDcj3REAvs4L6w9YFRnHK
