##################################
##################################
##################################
Most Shorted Shares since [2020-07-30]
##################################
##################################
##################################

  Name of Share Issuer  Position Holder
0        HAMMERSON PLC                3
1       METRO BANK PLC                3

                        Name of Share Issuer  Net Short Position (%)
0                          PETROPAVLOVSK PLC                    4.92
1                             METRO BANK PLC                    3.99
2                     BABCOCK INTL GROUP PLC                    2.36
3                                 FUTURE PLC                    2.16
4                              HAMMERSON PLC                    2.01
5                              A.G. Barr PLC                    1.65
6                                 CAPITA PLC                    1.62
7             B&M EUROPEAN VALUE RETAIL S.A.                    1.53
8                        JOHNSON MATTHEY PLC                    1.43
9                      VITEC GROUP PLC (THE)                    1.43
10                   CRODA INTERNATIONAL PLC                    1.41
11                             ASCENTIAL PLC                    1.37
12                               DIGNITY PLC                    1.34
13              SMITH (DAVID S) HOLDINGS PLC                    1.25
14                   Burford Capital Limited                    1.23
15  Aston Martin Lagonda Global Holdings Plc                    1.22
16                             MARSTON'S PLC                    1.12
17                                 REACH PLC                    1.12
18                          GVC Holdings Plc                    1.11
19                      MCCARTHY & STONE PLC                    1.03

#########[+]SUMMARY MOST OVERALL SHORTED[+]######################
#########[+]SUMMARY MOST OVERALL SHORTED[+]######################
#########[+]SUMMARY MOST OVERALL SHORTED[+]######################

[+]	METRO BANK PLC
[+]	HAMMERSON PLC


THE SOFTWARE IS PROVIDED 'AS IS', WITHOUT WARRANTY OF ANY KIND, EXPRESS OR IMPLIED, INCLUDING BUT NOT LIMITED TO THE WARRANTIES OF MERCHANTABILITY, FITNESS FOR A PARTICULAR PURPOSE, TITLE AND NON-INFRINGEMENT. IN NO EVENT SHALL THE COPYRIGHT HOLDERS OR ANYONE DISTRIBUTING THE SOFTWARE BE LIABLE FOR ANY DAMAGES OR OTHER LIABILITY, WHETHER IN CONTRACT, TORT OR OTHERWISE, ARISING FROM, OUT OF OR IN CONNECTION WITH THE SOFTWARE OR THE USE OR OTHER DEALINGS IN THE SOFTWARE.

Dont forget to tip your server!
Bitcoin Cash (BCH)			qpz32c4lg7x7lnk9jg6qg7s4uavdce89myax5v5nuk
Ether (ETH)			0x843d3DEC2A4705BD4f45F674F641cE2D0022c9FB
Litecoin (LTC)			Lfk5y4F7KZa9oRxpazETwjQnHszEPvqPvu
Bitcoin (BTC)			14Dm7L3ABPtumPDcj3REAvs4L6w9YFRnHK
