##################################
##################################
##################################
Most Shorted Shares since [2020-07-15]
##################################
##################################
##################################

   Name of Share Issuer  Position Holder
0  BLUE PRISM GROUP PLC                3

           Name of Share Issuer  Net Short Position (%)
0                   PEARSON PLC                    3.76
1          BLUE PRISM GROUP PLC                    2.39
2                METRO BANK PLC                    2.38
3                TULLOW OIL PLC                    2.29
4                 A.G. Barr PLC                    2.19
5                  PETROFAC LTD                    2.15
6            WEIR GROUP PLC/THE                    1.72
7                    FUTURE PLC                    1.44
8                  INCHCAPE PLC                    1.35
9             SAINSBURY (J) PLC                    1.32
10                       TUI AG                    1.29
11  GULF KEYSTONE PETROLEUM LTD                    1.27
12                CRANEWARE PLC                    1.11
13                   ROTORK PLC                    1.11
14               KINGFISHER PLC                    1.09
15     WM MORRISON SUPERMARKETS                    1.09
16                   Greggs Plc                    0.93
17                HAMMERSON PLC                    0.90
18                  IDEAGEN PLC                    0.90
19         MCCARTHY & STONE PLC                    0.84

#########[+]SUMMARY MOST OVERALL SHORTED[+]######################
#########[+]SUMMARY MOST OVERALL SHORTED[+]######################
#########[+]SUMMARY MOST OVERALL SHORTED[+]######################

[+]	BLUE PRISM GROUP PLC


THE SOFTWARE IS PROVIDED 'AS IS', WITHOUT WARRANTY OF ANY KIND, EXPRESS OR IMPLIED, INCLUDING BUT NOT LIMITED TO THE WARRANTIES OF MERCHANTABILITY, FITNESS FOR A PARTICULAR PURPOSE, TITLE AND NON-INFRINGEMENT. IN NO EVENT SHALL THE COPYRIGHT HOLDERS OR ANYONE DISTRIBUTING THE SOFTWARE BE LIABLE FOR ANY DAMAGES OR OTHER LIABILITY, WHETHER IN CONTRACT, TORT OR OTHERWISE, ARISING FROM, OUT OF OR IN CONNECTION WITH THE SOFTWARE OR THE USE OR OTHER DEALINGS IN THE SOFTWARE.

Dont forget to tip your server!
Bitcoin Cash (BCH)			qpz32c4lg7x7lnk9jg6qg7s4uavdce89myax5v5nuk
Ether (ETH)			0x843d3DEC2A4705BD4f45F674F641cE2D0022c9FB
Litecoin (LTC)			Lfk5y4F7KZa9oRxpazETwjQnHszEPvqPvu
Bitcoin (BTC)			14Dm7L3ABPtumPDcj3REAvs4L6w9YFRnHK
