##################################
##################################
##################################
Most Shorted Shares since [2020-03-26]
##################################
##################################
##################################

                        Name of Share Issuer  Position Holder
0                  Flutter Entertainment plc                5
1                                   ASOS PLC                4
2                                EASYJET PLC                4
3                              HAMMERSON PLC                4
4                             Royal Mail Plc                4
5   Aston Martin Lagonda Global Holdings Plc                3
6                     BABCOCK INTL GROUP PLC                3
7                   DOMINO'S PIZZA GROUP PLC                3
8                       KEYWORDS STUDIOS PLC                3
9                             METRO BANK PLC                3
10              SMITH (DAVID S) HOLDINGS PLC                3
11                        WEIR GROUP PLC/THE                3

            Name of Share Issuer  Net Short Position (%)
0      Flutter Entertainment plc                    6.31
1                    EASYJET PLC                    5.09
2                 METRO BANK PLC                    4.39
3                  HAMMERSON PLC                    3.89
4                    PEARSON PLC                    3.78
5       WM MORRISON SUPERMARKETS                    3.77
6           BLUE PRISM GROUP PLC                    3.70
7                       ASOS PLC                    3.70
8                 Royal Mail Plc                    3.50
9                 TULLOW OIL PLC                    3.34
10        BABCOCK INTL GROUP PLC                    3.23
11                    FUTURE PLC                    2.89
12                    CAPITA PLC                    2.75
13      DOMINO'S PIZZA GROUP PLC                    2.50
14          KEYWORDS STUDIOS PLC                    2.49
15  SMITH (DAVID S) HOLDINGS PLC                    2.41
16               CINEWORLD GROUP                    2.40
17           VIRGIN MONEY UK PLC                    2.32
18                 A.G. Barr PLC                    2.23
19            WEIR GROUP PLC/THE                    2.23

#########[+]SUMMARY MOST OVERALL SHORTED[+]######################
#########[+]SUMMARY MOST OVERALL SHORTED[+]######################
#########[+]SUMMARY MOST OVERALL SHORTED[+]######################

[+]	HAMMERSON PLC
[+]	METRO BANK PLC
[+]	Flutter Entertainment plc
[+]	SMITH (DAVID S) HOLDINGS PLC
[+]	KEYWORDS STUDIOS PLC
[+]	Royal Mail Plc
[+]	WEIR GROUP PLC/THE
[+]	ASOS PLC
[+]	EASYJET PLC
[+]	BABCOCK INTL GROUP PLC
[+]	DOMINO'S PIZZA GROUP PLC


THE SOFTWARE IS PROVIDED 'AS IS', WITHOUT WARRANTY OF ANY KIND, EXPRESS OR IMPLIED, INCLUDING BUT NOT LIMITED TO THE WARRANTIES OF MERCHANTABILITY, FITNESS FOR A PARTICULAR PURPOSE, TITLE AND NON-INFRINGEMENT. IN NO EVENT SHALL THE COPYRIGHT HOLDERS OR ANYONE DISTRIBUTING THE SOFTWARE BE LIABLE FOR ANY DAMAGES OR OTHER LIABILITY, WHETHER IN CONTRACT, TORT OR OTHERWISE, ARISING FROM, OUT OF OR IN CONNECTION WITH THE SOFTWARE OR THE USE OR OTHER DEALINGS IN THE SOFTWARE.

Dont forget to tip your server!
Bitcoin Cash (BCH)			qpz32c4lg7x7lnk9jg6qg7s4uavdce89myax5v5nuk
Ether (ETH)			0x843d3DEC2A4705BD4f45F674F641cE2D0022c9FB
Litecoin (LTC)			Lfk5y4F7KZa9oRxpazETwjQnHszEPvqPvu
Bitcoin (BTC)			14Dm7L3ABPtumPDcj3REAvs4L6w9YFRnHK
