##################################
##################################
##################################
Most Shorted Shares since [2020-04-02]
##################################
##################################
##################################

           Name of Share Issuer  Position Holder
0                 ASCENTIAL PLC                4
1  SMITH (DAVID S) HOLDINGS PLC                4
2                   EASYJET PLC                3
3                 HAMMERSON PLC                3
4     MICRO FOCUS INTERNATIONAL                3
5                TULLOW OIL PLC                3

            Name of Share Issuer  Net Short Position (%)
0                 TULLOW OIL PLC                    5.42
1                    DIGNITY PLC                    3.90
2           BLUE PRISM GROUP PLC                    3.78
3                  HAMMERSON PLC                    3.51
4      MICRO FOCUS INTERNATIONAL                    3.39
5                    EASYJET PLC                    3.33
6                  ASCENTIAL PLC                    3.11
7   SMITH (DAVID S) HOLDINGS PLC                    2.96
8             HALFORDS GROUP PLC                    2.80
9                  A.G. Barr PLC                    2.43
10                    FUTURE PLC                    2.40
11                      ASOS PLC                    2.34
12            EQUINITI GROUP PLC                    2.31
13                        AA PLC                    2.24
14                  CARNIVAL PLC                    2.06
15                 MENZIES(JOHN)                    1.93
16       CRODA INTERNATIONAL PLC                    1.78
17        BABCOCK INTL GROUP PLC                    1.77
18          KEYWORDS STUDIOS PLC                    1.64
19            WEIR GROUP PLC/THE                    1.64

#########[+]SUMMARY MOST OVERALL SHORTED[+]######################
#########[+]SUMMARY MOST OVERALL SHORTED[+]######################
#########[+]SUMMARY MOST OVERALL SHORTED[+]######################

[+]	EASYJET PLC
[+]	MICRO FOCUS INTERNATIONAL
[+]	ASCENTIAL PLC
[+]	HAMMERSON PLC
[+]	SMITH (DAVID S) HOLDINGS PLC
[+]	TULLOW OIL PLC


THE SOFTWARE IS PROVIDED 'AS IS', WITHOUT WARRANTY OF ANY KIND, EXPRESS OR IMPLIED, INCLUDING BUT NOT LIMITED TO THE WARRANTIES OF MERCHANTABILITY, FITNESS FOR A PARTICULAR PURPOSE, TITLE AND NON-INFRINGEMENT. IN NO EVENT SHALL THE COPYRIGHT HOLDERS OR ANYONE DISTRIBUTING THE SOFTWARE BE LIABLE FOR ANY DAMAGES OR OTHER LIABILITY, WHETHER IN CONTRACT, TORT OR OTHERWISE, ARISING FROM, OUT OF OR IN CONNECTION WITH THE SOFTWARE OR THE USE OR OTHER DEALINGS IN THE SOFTWARE.

Dont forget to tip your server!
Bitcoin Cash (BCH)			qpz32c4lg7x7lnk9jg6qg7s4uavdce89myax5v5nuk
Ether (ETH)			0x843d3DEC2A4705BD4f45F674F641cE2D0022c9FB
Litecoin (LTC)			Lfk5y4F7KZa9oRxpazETwjQnHszEPvqPvu
Bitcoin (BTC)			14Dm7L3ABPtumPDcj3REAvs4L6w9YFRnHK
