##################################
##################################
##################################
Most Shorted Shares since [2020-03-25]
##################################
##################################
##################################

             Name of Share Issuer  Position Holder
0          BABCOCK INTL GROUP PLC                3
1                   HAMMERSON PLC                3
2            KEYWORDS STUDIOS PLC                3
3    SMITH (DAVID S) HOLDINGS PLC                3
4  STANDARD LIFE ABERDEEN PLC ORD                3

                        Name of Share Issuer  Net Short Position (%)
0                             METRO BANK PLC                    3.52
1                              HAMMERSON PLC                    3.45
2                   WM MORRISON SUPERMARKETS                    3.45
3                             TULLOW OIL PLC                    3.27
4                     BABCOCK INTL GROUP PLC                    3.23
5                                 FUTURE PLC                    2.89
6             STANDARD LIFE ABERDEEN PLC ORD                    2.87
7                                 CAPITA PLC                    2.68
8                       KEYWORDS STUDIOS PLC                    2.60
9                         HALFORDS GROUP PLC                    2.54
10  Aston Martin Lagonda Global Holdings Plc                    2.35
11                                    TUI AG                    2.28
12              SMITH (DAVID S) HOLDINGS PLC                    2.25
13                      BLUE PRISM GROUP PLC                    2.14
14                             A.G. Barr PLC                    2.11
15                              INCHCAPE PLC                    2.10
16                               DIGNITY PLC                    2.04
17                          GVC Holdings Plc                    2.04
18                                  ASOS PLC                    1.89
19                               VICTREX PLC                    1.81

#########[+]SUMMARY MOST OVERALL SHORTED[+]######################
#########[+]SUMMARY MOST OVERALL SHORTED[+]######################
#########[+]SUMMARY MOST OVERALL SHORTED[+]######################

[+]	BABCOCK INTL GROUP PLC
[+]	KEYWORDS STUDIOS PLC
[+]	STANDARD LIFE ABERDEEN PLC ORD
[+]	HAMMERSON PLC
[+]	SMITH (DAVID S) HOLDINGS PLC


THE SOFTWARE IS PROVIDED 'AS IS', WITHOUT WARRANTY OF ANY KIND, EXPRESS OR IMPLIED, INCLUDING BUT NOT LIMITED TO THE WARRANTIES OF MERCHANTABILITY, FITNESS FOR A PARTICULAR PURPOSE, TITLE AND NON-INFRINGEMENT. IN NO EVENT SHALL THE COPYRIGHT HOLDERS OR ANYONE DISTRIBUTING THE SOFTWARE BE LIABLE FOR ANY DAMAGES OR OTHER LIABILITY, WHETHER IN CONTRACT, TORT OR OTHERWISE, ARISING FROM, OUT OF OR IN CONNECTION WITH THE SOFTWARE OR THE USE OR OTHER DEALINGS IN THE SOFTWARE.

Dont forget to tip your server!
Bitcoin Cash (BCH)			qpz32c4lg7x7lnk9jg6qg7s4uavdce89myax5v5nuk
Ether (ETH)			0x843d3DEC2A4705BD4f45F674F641cE2D0022c9FB
Litecoin (LTC)			Lfk5y4F7KZa9oRxpazETwjQnHszEPvqPvu
Bitcoin (BTC)			14Dm7L3ABPtumPDcj3REAvs4L6w9YFRnHK
