##################################
##################################
##################################
Most Shorted Shares since [2020-05-28]
##################################
##################################
##################################

     Name of Share Issuer  Position Holder
0             PEARSON PLC                5
1           ASCENTIAL PLC                3
2  BABCOCK INTL GROUP PLC                3
3      BURBERRY GROUP PLC                3
4             EASYJET PLC                3
5           HAMMERSON PLC                3
6          Royal Mail Plc                3
7          TULLOW OIL PLC                3
8           WHITBREAD PLC                3

         Name of Share Issuer  Net Short Position (%)
0                 EASYJET PLC                    4.91
1                 PEARSON PLC                    4.77
2              Royal Mail Plc                    4.74
3      BABCOCK INTL GROUP PLC                    4.02
4              HYVE GROUP PLC                    3.35
5               ASCENTIAL PLC                    3.23
6           SAINSBURY (J) PLC                    2.76
7          BURBERRY GROUP PLC                    2.68
8               HAMMERSON PLC                    2.49
9                  CAPITA PLC                    2.47
10                 FUTURE PLC                    2.37
11             TULLOW OIL PLC                    2.22
12   WM MORRISON SUPERMARKETS                    1.99
13         WEIR GROUP PLC/THE                    1.95
14              WHITBREAD PLC                    1.95
15                 HISCOX LTD                    1.93
16  MICRO FOCUS INTERNATIONAL                    1.63
17        VIRGIN MONEY UK PLC                    1.63
18    CRODA INTERNATIONAL PLC                    1.50
19     Arrow Global Group plc                    1.49

#########[+]SUMMARY MOST OVERALL SHORTED[+]######################
#########[+]SUMMARY MOST OVERALL SHORTED[+]######################
#########[+]SUMMARY MOST OVERALL SHORTED[+]######################

[+]	BABCOCK INTL GROUP PLC
[+]	BURBERRY GROUP PLC
[+]	HAMMERSON PLC
[+]	WHITBREAD PLC
[+]	EASYJET PLC
[+]	Royal Mail Plc
[+]	ASCENTIAL PLC
[+]	TULLOW OIL PLC
[+]	PEARSON PLC


THE SOFTWARE IS PROVIDED 'AS IS', WITHOUT WARRANTY OF ANY KIND, EXPRESS OR IMPLIED, INCLUDING BUT NOT LIMITED TO THE WARRANTIES OF MERCHANTABILITY, FITNESS FOR A PARTICULAR PURPOSE, TITLE AND NON-INFRINGEMENT. IN NO EVENT SHALL THE COPYRIGHT HOLDERS OR ANYONE DISTRIBUTING THE SOFTWARE BE LIABLE FOR ANY DAMAGES OR OTHER LIABILITY, WHETHER IN CONTRACT, TORT OR OTHERWISE, ARISING FROM, OUT OF OR IN CONNECTION WITH THE SOFTWARE OR THE USE OR OTHER DEALINGS IN THE SOFTWARE.

Dont forget to tip your server!
Bitcoin Cash (BCH)			qpz32c4lg7x7lnk9jg6qg7s4uavdce89myax5v5nuk
Ether (ETH)			0x843d3DEC2A4705BD4f45F674F641cE2D0022c9FB
Litecoin (LTC)			Lfk5y4F7KZa9oRxpazETwjQnHszEPvqPvu
Bitcoin (BTC)			14Dm7L3ABPtumPDcj3REAvs4L6w9YFRnHK
