##################################
##################################
##################################
Most Shorted Shares since [2020-02-04]
##################################
##################################
##################################

                        Name of Share Issuer  Position Holder
0                     BABCOCK INTL GROUP PLC                7
1                      WOOD GROUP (JOHN) PLC                6
2                              HAMMERSON PLC                5
3                                PEARSON PLC                5
4                         WEIR GROUP PLC/THE                5
5   Aston Martin Lagonda Global Holdings Plc                4
6                  Flutter Entertainment plc                4
7                             KINGFISHER PLC                4
8                             Kier Group plc                4
9                              NORTHGATE PLC                4
10                            Royal Mail Plc                4
11                            TULLOW OIL PLC                4
12                               VICTREX PLC                4
13                                    AA PLC                3
14                           CINEWORLD GROUP                3
15                   CRODA INTERNATIONAL PLC                3
16                               EASYJET PLC                3
17                        EQUINITI GROUP PLC                3
18                         Galliford Try plc                3
19                              INCHCAPE PLC                3

                        Name of Share Issuer  Net Short Position (%)
0                     BABCOCK INTL GROUP PLC                    8.11
1                              HAMMERSON PLC                    6.76
2                                PEARSON PLC                    5.97
3                      WOOD GROUP (JOHN) PLC                    5.71
4                         WEIR GROUP PLC/THE                    5.47
5                                    SIG PLC                    5.13
6                                VICTREX PLC                    5.05
7                                     AA PLC                    4.87
8                             KINGFISHER PLC                    4.69
9                             METRO BANK PLC                    4.67
10                            Royal Mail Plc                    4.67
11                           CINEWORLD GROUP                    4.02
12                            Kier Group plc                    3.85
13                            TULLOW OIL PLC                    3.82
14                               EASYJET PLC                    3.78
15                        Go-Ahead Group PLC                    3.55
16                 Flutter Entertainment plc                    3.35
17                             NORTHGATE PLC                    3.26
18  Aston Martin Lagonda Global Holdings Plc                    3.19
19                              INCHCAPE PLC                    2.99

#########[+]SUMMARY MOST OVERALL SHORTED[+]######################
#########[+]SUMMARY MOST OVERALL SHORTED[+]######################
#########[+]SUMMARY MOST OVERALL SHORTED[+]######################

[+]	PEARSON PLC
[+]	Royal Mail Plc
[+]	CINEWORLD GROUP
[+]	TULLOW OIL PLC
[+]	BABCOCK INTL GROUP PLC
[+]	AA PLC
[+]	NORTHGATE PLC
[+]	VICTREX PLC
[+]	HAMMERSON PLC
[+]	Aston Martin Lagonda Global Holdings Plc
[+]	WEIR GROUP PLC/THE
[+]	KINGFISHER PLC
[+]	INCHCAPE PLC
[+]	Flutter Entertainment plc
[+]	Kier Group plc
[+]	WOOD GROUP (JOHN) PLC
[+]	EASYJET PLC


THE SOFTWARE IS PROVIDED 'AS IS', WITHOUT WARRANTY OF ANY KIND, EXPRESS OR IMPLIED, INCLUDING BUT NOT LIMITED TO THE WARRANTIES OF MERCHANTABILITY, FITNESS FOR A PARTICULAR PURPOSE, TITLE AND NON-INFRINGEMENT. IN NO EVENT SHALL THE COPYRIGHT HOLDERS OR ANYONE DISTRIBUTING THE SOFTWARE BE LIABLE FOR ANY DAMAGES OR OTHER LIABILITY, WHETHER IN CONTRACT, TORT OR OTHERWISE, ARISING FROM, OUT OF OR IN CONNECTION WITH THE SOFTWARE OR THE USE OR OTHER DEALINGS IN THE SOFTWARE.

Dont forget to tip your server!
Bitcoin Cash (BCH)			qpz32c4lg7x7lnk9jg6qg7s4uavdce89myax5v5nuk
Ether (ETH)			0x843d3DEC2A4705BD4f45F674F641cE2D0022c9FB
Litecoin (LTC)			Lfk5y4F7KZa9oRxpazETwjQnHszEPvqPvu
Bitcoin (BTC)			14Dm7L3ABPtumPDcj3REAvs4L6w9YFRnHK
