##################################
##################################
##################################
Most Shorted Shares since [2020-06-08]
##################################
##################################
##################################

  Name of Share Issuer  Position Holder
0       METRO BANK PLC                4
1           CAPITA PLC                3
2          EASYJET PLC                3
3          PEARSON PLC                3
4      PREMIER OIL PLC                3
5    SAINSBURY (J) PLC                3

                        Name of Share Issuer  Net Short Position (%)
0                             METRO BANK PLC                    9.10
1                            PREMIER OIL PLC                    8.74
2                                 CAPITA PLC                    4.53
3                                DIGNITY PLC                    3.98
4                                PEARSON PLC                    3.81
5                                EASYJET PLC                    3.78
6                          SAINSBURY (J) PLC                    2.90
7                     BABCOCK INTL GROUP PLC                    2.54
8                                    IQE PLC                    2.30
9                    LANCASHIRE HOLDINGS LTD                    2.24
10                       VIRGIN MONEY UK PLC                    2.17
11               ULTRA ELECTRONICS HLDGS PLC                    1.88
12                  WM MORRISON SUPERMARKETS                    1.78
13                                    AA PLC                    1.69
14                     WOOD GROUP (JOHN) PLC                    1.59
15                       GREENCORE GROUP PLC                    1.56
16         INTERCONTINENTAL HOTELS GROUP PLC                    1.53
17                             HAMMERSON PLC                    1.50
18  Aston Martin Lagonda Global Holdings Plc                    1.42
19        NETWORK INTERNATIONAL HOLDINGS PLC                    1.36

#########[+]SUMMARY MOST OVERALL SHORTED[+]######################
#########[+]SUMMARY MOST OVERALL SHORTED[+]######################
#########[+]SUMMARY MOST OVERALL SHORTED[+]######################

[+]	PREMIER OIL PLC
[+]	CAPITA PLC
[+]	EASYJET PLC
[+]	SAINSBURY (J) PLC
[+]	PEARSON PLC
[+]	METRO BANK PLC


THE SOFTWARE IS PROVIDED 'AS IS', WITHOUT WARRANTY OF ANY KIND, EXPRESS OR IMPLIED, INCLUDING BUT NOT LIMITED TO THE WARRANTIES OF MERCHANTABILITY, FITNESS FOR A PARTICULAR PURPOSE, TITLE AND NON-INFRINGEMENT. IN NO EVENT SHALL THE COPYRIGHT HOLDERS OR ANYONE DISTRIBUTING THE SOFTWARE BE LIABLE FOR ANY DAMAGES OR OTHER LIABILITY, WHETHER IN CONTRACT, TORT OR OTHERWISE, ARISING FROM, OUT OF OR IN CONNECTION WITH THE SOFTWARE OR THE USE OR OTHER DEALINGS IN THE SOFTWARE.

Dont forget to tip your server!
Bitcoin Cash (BCH)			qpz32c4lg7x7lnk9jg6qg7s4uavdce89myax5v5nuk
Ether (ETH)			0x843d3DEC2A4705BD4f45F674F641cE2D0022c9FB
Litecoin (LTC)			Lfk5y4F7KZa9oRxpazETwjQnHszEPvqPvu
Bitcoin (BTC)			14Dm7L3ABPtumPDcj3REAvs4L6w9YFRnHK
