##################################
##################################
##################################
Most Shorted Shares since [2020-04-21]
##################################
##################################
##################################

      Name of Share Issuer  Position Holder
0           TULLOW OIL PLC                6
1     KEYWORDS STUDIOS PLC                5
2              EASYJET PLC                4
3            HAMMERSON PLC                4
4   BABCOCK INTL GROUP PLC                3
5     BLUE PRISM GROUP PLC                3
6            RIGHTMOVE PLC                3
7           Royal Mail Plc                3
8        SAINSBURY (J) PLC                3
9                   TUI AG                3
10      WEIR GROUP PLC/THE                3

        Name of Share Issuer  Net Short Position (%)
0             TULLOW OIL PLC                    5.67
1              HAMMERSON PLC                    5.05
2          PETROPAVLOVSK PLC                    5.02
3             METRO BANK PLC                    4.71
4          SAINSBURY (J) PLC                    4.57
5       KEYWORDS STUDIOS PLC                    4.36
6                EASYJET PLC                    4.28
7   WM MORRISON SUPERMARKETS                    3.72
8                 CAPITA PLC                    3.72
9       BLUE PRISM GROUP PLC                    3.58
10                    TUI AG                    3.15
11        HALFORDS GROUP PLC                    3.08
12             A.G. Barr PLC                    2.90
13             RIGHTMOVE PLC                    2.61
14       VIRGIN MONEY UK PLC                    2.60
15             ASCENTIAL PLC                    2.44
16               DIGNITY PLC                    2.40
17            Royal Mail Plc                    2.23
18        WEIR GROUP PLC/THE                    2.19
19    BABCOCK INTL GROUP PLC                    2.16

#########[+]SUMMARY MOST OVERALL SHORTED[+]######################
#########[+]SUMMARY MOST OVERALL SHORTED[+]######################
#########[+]SUMMARY MOST OVERALL SHORTED[+]######################

[+]	SAINSBURY (J) PLC
[+]	KEYWORDS STUDIOS PLC
[+]	WEIR GROUP PLC/THE
[+]	BLUE PRISM GROUP PLC
[+]	TUI AG
[+]	Royal Mail Plc
[+]	TULLOW OIL PLC
[+]	EASYJET PLC
[+]	RIGHTMOVE PLC
[+]	BABCOCK INTL GROUP PLC
[+]	HAMMERSON PLC


THE SOFTWARE IS PROVIDED 'AS IS', WITHOUT WARRANTY OF ANY KIND, EXPRESS OR IMPLIED, INCLUDING BUT NOT LIMITED TO THE WARRANTIES OF MERCHANTABILITY, FITNESS FOR A PARTICULAR PURPOSE, TITLE AND NON-INFRINGEMENT. IN NO EVENT SHALL THE COPYRIGHT HOLDERS OR ANYONE DISTRIBUTING THE SOFTWARE BE LIABLE FOR ANY DAMAGES OR OTHER LIABILITY, WHETHER IN CONTRACT, TORT OR OTHERWISE, ARISING FROM, OUT OF OR IN CONNECTION WITH THE SOFTWARE OR THE USE OR OTHER DEALINGS IN THE SOFTWARE.

Dont forget to tip your server!
Bitcoin Cash (BCH)			qpz32c4lg7x7lnk9jg6qg7s4uavdce89myax5v5nuk
Ether (ETH)			0x843d3DEC2A4705BD4f45F674F641cE2D0022c9FB
Litecoin (LTC)			Lfk5y4F7KZa9oRxpazETwjQnHszEPvqPvu
Bitcoin (BTC)			14Dm7L3ABPtumPDcj3REAvs4L6w9YFRnHK
