##################################
##################################
##################################
Most Shorted Shares since [2020-06-11]
##################################
##################################
##################################

     Name of Share Issuer  Position Holder
0  BABCOCK INTL GROUP PLC                4
1           ASCENTIAL PLC                3
2             EASYJET PLC                3
3           HAMMERSON PLC                3
4          METRO BANK PLC                3
5             PEARSON PLC                3

                        Name of Share Issuer  Net Short Position (%)
0                             METRO BANK PLC                    8.28
1                             Royal Mail Plc                    4.18
2                     BABCOCK INTL GROUP PLC                    3.91
3                                PEARSON PLC                    3.76
4                ULTRA ELECTRONICS HLDGS PLC                    3.17
5                                EASYJET PLC                    3.06
6                   WM MORRISON SUPERMARKETS                    2.48
7                  CREST NICHOLSON HLDGS PLC                    2.39
8                    LANCASHIRE HOLDINGS LTD                    2.24
9                        VIRGIN MONEY UK PLC                    2.17
10                               VICTREX PLC                    2.12
11                             HAMMERSON PLC                    2.11
12                             ASCENTIAL PLC                    1.99
13                                CAPITA PLC                    1.99
14                   CRODA INTERNATIONAL PLC                    1.71
15                                Greggs Plc                    1.71
16  Aston Martin Lagonda Global Holdings Plc                    1.56
17                     WOOD GROUP (JOHN) PLC                    1.51
18                                 TED BAKER                    1.44
19                           CINEWORLD GROUP                    1.42

#########[+]SUMMARY MOST OVERALL SHORTED[+]######################
#########[+]SUMMARY MOST OVERALL SHORTED[+]######################
#########[+]SUMMARY MOST OVERALL SHORTED[+]######################

[+]	METRO BANK PLC
[+]	BABCOCK INTL GROUP PLC
[+]	EASYJET PLC
[+]	PEARSON PLC
[+]	ASCENTIAL PLC
[+]	HAMMERSON PLC


THE SOFTWARE IS PROVIDED 'AS IS', WITHOUT WARRANTY OF ANY KIND, EXPRESS OR IMPLIED, INCLUDING BUT NOT LIMITED TO THE WARRANTIES OF MERCHANTABILITY, FITNESS FOR A PARTICULAR PURPOSE, TITLE AND NON-INFRINGEMENT. IN NO EVENT SHALL THE COPYRIGHT HOLDERS OR ANYONE DISTRIBUTING THE SOFTWARE BE LIABLE FOR ANY DAMAGES OR OTHER LIABILITY, WHETHER IN CONTRACT, TORT OR OTHERWISE, ARISING FROM, OUT OF OR IN CONNECTION WITH THE SOFTWARE OR THE USE OR OTHER DEALINGS IN THE SOFTWARE.

Dont forget to tip your server!
Bitcoin Cash (BCH)			qpz32c4lg7x7lnk9jg6qg7s4uavdce89myax5v5nuk
Ether (ETH)			0x843d3DEC2A4705BD4f45F674F641cE2D0022c9FB
Litecoin (LTC)			Lfk5y4F7KZa9oRxpazETwjQnHszEPvqPvu
Bitcoin (BTC)			14Dm7L3ABPtumPDcj3REAvs4L6w9YFRnHK
