##################################
##################################
##################################
Most Shorted Shares since [2020-07-29]
##################################
##################################
##################################

  Name of Share Issuer  Position Holder
0           CAPITA PLC                3
1        HAMMERSON PLC                3
2       METRO BANK PLC                3

              Name of Share Issuer  Net Short Position (%)
0                PETROPAVLOVSK PLC                    4.92
1                   METRO BANK PLC                    3.99
2                       CAPITA PLC                    2.45
3           BABCOCK INTL GROUP PLC                    2.36
4                       FUTURE PLC                    2.16
5                    HAMMERSON PLC                    2.01
6                       HISCOX LTD                    1.89
7                  CINEWORLD GROUP                    1.88
8         DOMINO'S PIZZA GROUP PLC                    1.80
9               WEIR GROUP PLC/THE                    1.73
10                   A.G. Barr PLC                    1.65
11  B&M EUROPEAN VALUE RETAIL S.A.                    1.53
12             JOHNSON MATTHEY PLC                    1.43
13           VITEC GROUP PLC (THE)                    1.43
14        ROLLS-ROYCE HOLDINGS PLC                    1.42
15         CRODA INTERNATIONAL PLC                    1.41
16                   ASCENTIAL PLC                    1.37
17                     DIGNITY PLC                    1.34
18    SMITH (DAVID S) HOLDINGS PLC                    1.25
19         Burford Capital Limited                    1.23

#########[+]SUMMARY MOST OVERALL SHORTED[+]######################
#########[+]SUMMARY MOST OVERALL SHORTED[+]######################
#########[+]SUMMARY MOST OVERALL SHORTED[+]######################

[+]	CAPITA PLC
[+]	HAMMERSON PLC
[+]	METRO BANK PLC


THE SOFTWARE IS PROVIDED 'AS IS', WITHOUT WARRANTY OF ANY KIND, EXPRESS OR IMPLIED, INCLUDING BUT NOT LIMITED TO THE WARRANTIES OF MERCHANTABILITY, FITNESS FOR A PARTICULAR PURPOSE, TITLE AND NON-INFRINGEMENT. IN NO EVENT SHALL THE COPYRIGHT HOLDERS OR ANYONE DISTRIBUTING THE SOFTWARE BE LIABLE FOR ANY DAMAGES OR OTHER LIABILITY, WHETHER IN CONTRACT, TORT OR OTHERWISE, ARISING FROM, OUT OF OR IN CONNECTION WITH THE SOFTWARE OR THE USE OR OTHER DEALINGS IN THE SOFTWARE.

Dont forget to tip your server!
Bitcoin Cash (BCH)			qpz32c4lg7x7lnk9jg6qg7s4uavdce89myax5v5nuk
Ether (ETH)			0x843d3DEC2A4705BD4f45F674F641cE2D0022c9FB
Litecoin (LTC)			Lfk5y4F7KZa9oRxpazETwjQnHszEPvqPvu
Bitcoin (BTC)			14Dm7L3ABPtumPDcj3REAvs4L6w9YFRnHK
