##################################
##################################
##################################
Most Shorted Shares since [2019-12-30]
##################################
##################################
##################################

                        Name of Share Issuer  Position Holder
0                      WOOD GROUP (JOHN) PLC                5
1   Aston Martin Lagonda Global Holdings Plc                4
2                                EASYJET PLC                4
3                  Flutter Entertainment plc                4
4                             Royal Mail Plc                4
5                                    SIG PLC                4
6                         WEIR GROUP PLC/THE                4
7                              A.G. Barr PLC                3
8                                   ASOS PLC                3
9                     BABCOCK INTL GROUP PLC                3
10                           CINEWORLD GROUP                3
11               JUPITER FUND MANAGEMENT PLC                3
12                            METRO BANK PLC                3
13                               PEARSON PLC                3
14                               PLUS500 LTD                3
15                           PREMIER OIL PLC                3
16                                 TED BAKER                3

                        Name of Share Issuer  Net Short Position (%)
0                                    SIG PLC                    7.37
1                             METRO BANK PLC                    6.81
2                            CINEWORLD GROUP                    6.61
3                      WOOD GROUP (JOHN) PLC                    4.73
4                                EASYJET PLC                    4.66
5                 CREST NICHOLSON HLDGS  PLC                    4.13
6   Aston Martin Lagonda Global Holdings Plc                    3.62
7                         WEIR GROUP PLC/THE                    3.53
8                  Flutter Entertainment plc                    3.43
9                        INTU PROPERTIES PLC                    3.36
10                               PLUS500 LTD                    3.07
11                             HAMMERSON PLC                    3.01
12                  DOMINO'S PIZZA GROUP PLC                    2.99
13                            Royal Mail Plc                    2.97
14                            NMC HEALTH PLC                    2.96
15                   LANCASHIRE HOLDINGS LTD                    2.90
16                               PEARSON PLC                    2.89
17                                  ASOS PLC                    2.87
18                                    AA PLC                    2.70
19               JUPITER FUND MANAGEMENT PLC                    2.61

#########[+]SUMMARY MOST OVERALL SHORTED[+]######################
#########[+]SUMMARY MOST OVERALL SHORTED[+]######################
#########[+]SUMMARY MOST OVERALL SHORTED[+]######################

[+]	PLUS500 LTD
[+]	Aston Martin Lagonda Global Holdings Plc
[+]	Flutter Entertainment plc
[+]	ASOS PLC
[+]	WEIR GROUP PLC/THE
[+]	JUPITER FUND MANAGEMENT PLC
[+]	CINEWORLD GROUP
[+]	PEARSON PLC
[+]	SIG PLC
[+]	METRO BANK PLC
[+]	EASYJET PLC
[+]	Royal Mail Plc
[+]	WOOD GROUP (JOHN) PLC


THE SOFTWARE IS PROVIDED 'AS IS', WITHOUT WARRANTY OF ANY KIND, EXPRESS OR IMPLIED, INCLUDING BUT NOT LIMITED TO THE WARRANTIES OF MERCHANTABILITY, FITNESS FOR A PARTICULAR PURPOSE, TITLE AND NON-INFRINGEMENT. IN NO EVENT SHALL THE COPYRIGHT HOLDERS OR ANYONE DISTRIBUTING THE SOFTWARE BE LIABLE FOR ANY DAMAGES OR OTHER LIABILITY, WHETHER IN CONTRACT, TORT OR OTHERWISE, ARISING FROM, OUT OF OR IN CONNECTION WITH THE SOFTWARE OR THE USE OR OTHER DEALINGS IN THE SOFTWARE.

Dont forget to tip your server!
Bitcoin Cash (BCH)			qpz32c4lg7x7lnk9jg6qg7s4uavdce89myax5v5nuk
Ether (ETH)			0x843d3DEC2A4705BD4f45F674F641cE2D0022c9FB
Litecoin (LTC)			Lfk5y4F7KZa9oRxpazETwjQnHszEPvqPvu
Bitcoin (BTC)			14Dm7L3ABPtumPDcj3REAvs4L6w9YFRnHK
