##################################
##################################
##################################
Most Shorted Shares since [2020-08-05]
##################################
##################################
##################################

  Name of Share Issuer  Position Holder
0      CINEWORLD GROUP                5
1        HAMMERSON PLC                5

                        Name of Share Issuer  Net Short Position (%)
0                             METRO BANK PLC                    5.99
1                          PETROPAVLOVSK PLC                    5.60
2                            CINEWORLD GROUP                    4.69
3                              HAMMERSON PLC                    4.15
4                                PEARSON PLC                    3.42
5          INTERCONTINENTAL HOTELS GROUP PLC                    2.92
6                                DIGNITY PLC                    2.87
7                             N. Brown Group                    2.27
8                                AGGREKO PLC                    1.96
9                               PETROFAC LTD                    1.79
10                        WEIR GROUP PLC/THE                    1.77
11                                   IQE PLC                    1.69
12                   LANCASHIRE HOLDINGS LTD                    1.69
13                            TULLOW OIL PLC                    1.58
14                                 REACH PLC                    1.44
15                            Royal Mail Plc                    1.27
16                         SAINSBURY (J) PLC                    1.22
17                      ST JAMES'S PLACE PLC                    1.20
18  Aston Martin Lagonda Global Holdings Plc                    1.19
19                       JOHNSON MATTHEY PLC                    1.19

#########[+]SUMMARY MOST OVERALL SHORTED[+]######################
#########[+]SUMMARY MOST OVERALL SHORTED[+]######################
#########[+]SUMMARY MOST OVERALL SHORTED[+]######################

[+]	CINEWORLD GROUP
[+]	HAMMERSON PLC


THE SOFTWARE IS PROVIDED 'AS IS', WITHOUT WARRANTY OF ANY KIND, EXPRESS OR IMPLIED, INCLUDING BUT NOT LIMITED TO THE WARRANTIES OF MERCHANTABILITY, FITNESS FOR A PARTICULAR PURPOSE, TITLE AND NON-INFRINGEMENT. IN NO EVENT SHALL THE COPYRIGHT HOLDERS OR ANYONE DISTRIBUTING THE SOFTWARE BE LIABLE FOR ANY DAMAGES OR OTHER LIABILITY, WHETHER IN CONTRACT, TORT OR OTHERWISE, ARISING FROM, OUT OF OR IN CONNECTION WITH THE SOFTWARE OR THE USE OR OTHER DEALINGS IN THE SOFTWARE.

Dont forget to tip your server!
Bitcoin Cash (BCH)			qpz32c4lg7x7lnk9jg6qg7s4uavdce89myax5v5nuk
Ether (ETH)			0x843d3DEC2A4705BD4f45F674F641cE2D0022c9FB
Litecoin (LTC)			Lfk5y4F7KZa9oRxpazETwjQnHszEPvqPvu
Bitcoin (BTC)			14Dm7L3ABPtumPDcj3REAvs4L6w9YFRnHK
