##################################
##################################
##################################
Most Shorted Shares since [2020-06-10]
##################################
##################################
##################################

     Name of Share Issuer  Position Holder
0          METRO BANK PLC                4
1  BABCOCK INTL GROUP PLC                3
2             EASYJET PLC                3

                        Name of Share Issuer  Net Short Position (%)
0                             METRO BANK PLC                    9.63
1                             Royal Mail Plc                    4.18
2                                 CAPITA PLC                    3.81
3                                EASYJET PLC                    3.65
4                                PEARSON PLC                    3.26
5                     BABCOCK INTL GROUP PLC                    3.18
6                   WM MORRISON SUPERMARKETS                    2.48
7                  CREST NICHOLSON HLDGS PLC                    2.39
8                                    IQE PLC                    2.30
9                    LANCASHIRE HOLDINGS LTD                    2.24
10                       VIRGIN MONEY UK PLC                    2.17
11                               VICTREX PLC                    2.12
12               ULTRA ELECTRONICS HLDGS PLC                    1.92
13                                Greggs Plc                    1.71
14                               DIGNITY PLC                    1.61
15  Aston Martin Lagonda Global Holdings Plc                    1.56
16         INTERCONTINENTAL HOTELS GROUP PLC                    1.53
17                      FEVERTREE DRINKS PLC                    1.53
18                     WOOD GROUP (JOHN) PLC                    1.51
19                             HAMMERSON PLC                    1.43

#########[+]SUMMARY MOST OVERALL SHORTED[+]######################
#########[+]SUMMARY MOST OVERALL SHORTED[+]######################
#########[+]SUMMARY MOST OVERALL SHORTED[+]######################

[+]	BABCOCK INTL GROUP PLC
[+]	METRO BANK PLC
[+]	EASYJET PLC


THE SOFTWARE IS PROVIDED 'AS IS', WITHOUT WARRANTY OF ANY KIND, EXPRESS OR IMPLIED, INCLUDING BUT NOT LIMITED TO THE WARRANTIES OF MERCHANTABILITY, FITNESS FOR A PARTICULAR PURPOSE, TITLE AND NON-INFRINGEMENT. IN NO EVENT SHALL THE COPYRIGHT HOLDERS OR ANYONE DISTRIBUTING THE SOFTWARE BE LIABLE FOR ANY DAMAGES OR OTHER LIABILITY, WHETHER IN CONTRACT, TORT OR OTHERWISE, ARISING FROM, OUT OF OR IN CONNECTION WITH THE SOFTWARE OR THE USE OR OTHER DEALINGS IN THE SOFTWARE.

Dont forget to tip your server!
Bitcoin Cash (BCH)			qpz32c4lg7x7lnk9jg6qg7s4uavdce89myax5v5nuk
Ether (ETH)			0x843d3DEC2A4705BD4f45F674F641cE2D0022c9FB
Litecoin (LTC)			Lfk5y4F7KZa9oRxpazETwjQnHszEPvqPvu
Bitcoin (BTC)			14Dm7L3ABPtumPDcj3REAvs4L6w9YFRnHK
