##################################
##################################
##################################
Most Shorted Shares since [2020-03-19]
##################################
##################################
##################################

  Name of Share Issuer  Position Holder
0          EASYJET PLC                3

            Name of Share Issuer  Net Short Position (%)
0                    EASYJET PLC                    3.14
1                  MENZIES(JOHN)                    2.65
2                   INCHCAPE PLC                    2.42
3                     FUTURE PLC                    2.41
4             EQUINITI GROUP PLC                    2.28
5        LANCASHIRE HOLDINGS LTD                    2.19
6                  A.G. Barr PLC                    2.00
7        HARGREAVES LANSDOWN PLC                    1.91
8                  HAMMERSON PLC                    1.79
9                        SIG PLC                    1.64
10                TULLOW OIL PLC                    1.59
11  ACCESSO TECHNOLOGY GROUP PLC                    1.56
12               NAKED WINES PLC                    1.53
13      DOMINO'S PIZZA GROUP PLC                    1.47
14                BOOHOO.COM PLC                    1.43
15                   PEARSON PLC                    1.35
16     MARKS & SPENCER GROUP PLC                    1.32
17              XP Power Limited                    1.31
18                   VICTREX PLC                    1.29
19          BLUE PRISM GROUP PLC                    1.25

#########[+]SUMMARY MOST OVERALL SHORTED[+]######################
#########[+]SUMMARY MOST OVERALL SHORTED[+]######################
#########[+]SUMMARY MOST OVERALL SHORTED[+]######################

[+]	EASYJET PLC


THE SOFTWARE IS PROVIDED 'AS IS', WITHOUT WARRANTY OF ANY KIND, EXPRESS OR IMPLIED, INCLUDING BUT NOT LIMITED TO THE WARRANTIES OF MERCHANTABILITY, FITNESS FOR A PARTICULAR PURPOSE, TITLE AND NON-INFRINGEMENT. IN NO EVENT SHALL THE COPYRIGHT HOLDERS OR ANYONE DISTRIBUTING THE SOFTWARE BE LIABLE FOR ANY DAMAGES OR OTHER LIABILITY, WHETHER IN CONTRACT, TORT OR OTHERWISE, ARISING FROM, OUT OF OR IN CONNECTION WITH THE SOFTWARE OR THE USE OR OTHER DEALINGS IN THE SOFTWARE.

Dont forget to tip your server!
Bitcoin Cash (BCH)			qpz32c4lg7x7lnk9jg6qg7s4uavdce89myax5v5nuk
Ether (ETH)			0x843d3DEC2A4705BD4f45F674F641cE2D0022c9FB
Litecoin (LTC)			Lfk5y4F7KZa9oRxpazETwjQnHszEPvqPvu
Bitcoin (BTC)			14Dm7L3ABPtumPDcj3REAvs4L6w9YFRnHK
