##################################
##################################
##################################
Most Shorted Shares since [2020-03-18]
##################################
##################################
##################################

     Name of Share Issuer  Position Holder
0   WOOD GROUP (JOHN) PLC                5
1             EASYJET PLC                4
2             DIGNITY PLC                3
3    KEYWORDS STUDIOS PLC                3
4            PETROFAC LTD                3
5  Signature Aviation Plc                3
6          TULLOW OIL PLC                3

              Name of Share Issuer  Net Short Position (%)
0                      EASYJET PLC                    5.52
1                      DIGNITY PLC                    4.08
2            WOOD GROUP (JOHN) PLC                    3.89
3                   TULLOW OIL PLC                    2.73
4                    HAMMERSON PLC                    2.65
5                    MENZIES(JOHN)                    2.65
6                  NAKED WINES PLC                    2.44
7             KEYWORDS STUDIOS PLC                    2.43
8                     INCHCAPE PLC                    2.42
9         WM MORRISON SUPERMARKETS                    2.42
10                      FUTURE PLC                    2.41
11              EQUINITI GROUP PLC                    2.28
12         LANCASHIRE HOLDINGS LTD                    2.19
13                   A.G. Barr PLC                    2.00
14                    PETROFAC LTD                    1.97
15                   MARSTON'S PLC                    1.96
16  STANDARD LIFE ABERDEEN PLC ORD                    1.96
17         HARGREAVES LANSDOWN PLC                    1.91
18          Arrow Global Group plc                    1.81
19           AUTO TRADER GROUP PLC                    1.78

#########[+]SUMMARY MOST OVERALL SHORTED[+]######################
#########[+]SUMMARY MOST OVERALL SHORTED[+]######################
#########[+]SUMMARY MOST OVERALL SHORTED[+]######################

[+]	PETROFAC LTD
[+]	DIGNITY PLC
[+]	WOOD GROUP (JOHN) PLC
[+]	TULLOW OIL PLC
[+]	KEYWORDS STUDIOS PLC
[+]	EASYJET PLC


THE SOFTWARE IS PROVIDED 'AS IS', WITHOUT WARRANTY OF ANY KIND, EXPRESS OR IMPLIED, INCLUDING BUT NOT LIMITED TO THE WARRANTIES OF MERCHANTABILITY, FITNESS FOR A PARTICULAR PURPOSE, TITLE AND NON-INFRINGEMENT. IN NO EVENT SHALL THE COPYRIGHT HOLDERS OR ANYONE DISTRIBUTING THE SOFTWARE BE LIABLE FOR ANY DAMAGES OR OTHER LIABILITY, WHETHER IN CONTRACT, TORT OR OTHERWISE, ARISING FROM, OUT OF OR IN CONNECTION WITH THE SOFTWARE OR THE USE OR OTHER DEALINGS IN THE SOFTWARE.

Dont forget to tip your server!
Bitcoin Cash (BCH)			qpz32c4lg7x7lnk9jg6qg7s4uavdce89myax5v5nuk
Ether (ETH)			0x843d3DEC2A4705BD4f45F674F641cE2D0022c9FB
Litecoin (LTC)			Lfk5y4F7KZa9oRxpazETwjQnHszEPvqPvu
Bitcoin (BTC)			14Dm7L3ABPtumPDcj3REAvs4L6w9YFRnHK
