##################################
##################################
##################################
Most Shorted Shares since [2020-04-14]
##################################
##################################
##################################

        Name of Share Issuer  Position Holder
0                EASYJET PLC                6
1          SAINSBURY (J) PLC                4
2   WM MORRISON SUPERMARKETS                4
3                AGGREKO PLC                3
4  Flutter Entertainment plc                3
5                PEARSON PLC                3

                        Name of Share Issuer  Net Short Position (%)
0                                EASYJET PLC                    7.78
1                   WM MORRISON SUPERMARKETS                    6.47
2                          SAINSBURY (J) PLC                    5.86
3                          PETROPAVLOVSK PLC                    4.72
4                  Flutter Entertainment plc                    3.79
5                                 CAPITA PLC                    3.27
6                             EMIS GROUP PLC                    3.26
7                              A.G. Barr PLC                    2.92
8                                AGGREKO PLC                    2.76
9                             Royal Mail Plc                    2.73
10  Aston Martin Lagonda Global Holdings Plc                    2.67
11                               DIGNITY PLC                    2.59
12                             ASCENTIAL PLC                    2.43
13                 CREST NICHOLSON HLDGS PLC                    2.42
14                               PEARSON PLC                    2.28
15                STANDARD LIFE ABERDEEN PLC                    1.95
16                            TULLOW OIL PLC                    1.88
17                      KEYWORDS STUDIOS PLC                    1.87
18                      RESTAURANT GROUP PLC                    1.86
19                             RIGHTMOVE PLC                    1.84

#########[+]SUMMARY MOST OVERALL SHORTED[+]######################
#########[+]SUMMARY MOST OVERALL SHORTED[+]######################
#########[+]SUMMARY MOST OVERALL SHORTED[+]######################

[+]	PEARSON PLC
[+]	AGGREKO PLC
[+]	WM MORRISON SUPERMARKETS
[+]	EASYJET PLC
[+]	Flutter Entertainment plc
[+]	SAINSBURY (J) PLC


THE SOFTWARE IS PROVIDED 'AS IS', WITHOUT WARRANTY OF ANY KIND, EXPRESS OR IMPLIED, INCLUDING BUT NOT LIMITED TO THE WARRANTIES OF MERCHANTABILITY, FITNESS FOR A PARTICULAR PURPOSE, TITLE AND NON-INFRINGEMENT. IN NO EVENT SHALL THE COPYRIGHT HOLDERS OR ANYONE DISTRIBUTING THE SOFTWARE BE LIABLE FOR ANY DAMAGES OR OTHER LIABILITY, WHETHER IN CONTRACT, TORT OR OTHERWISE, ARISING FROM, OUT OF OR IN CONNECTION WITH THE SOFTWARE OR THE USE OR OTHER DEALINGS IN THE SOFTWARE.

Dont forget to tip your server!
Bitcoin Cash (BCH)			qpz32c4lg7x7lnk9jg6qg7s4uavdce89myax5v5nuk
Ether (ETH)			0x843d3DEC2A4705BD4f45F674F641cE2D0022c9FB
Litecoin (LTC)			Lfk5y4F7KZa9oRxpazETwjQnHszEPvqPvu
Bitcoin (BTC)			14Dm7L3ABPtumPDcj3REAvs4L6w9YFRnHK
