##################################
##################################
##################################
Most Shorted Shares since [2020-04-15]
##################################
##################################
##################################

            Name of Share Issuer  Position Holder
0                    EASYJET PLC                6
1              SAINSBURY (J) PLC                4
2                    AGGREKO PLC                3
3                  ASCENTIAL PLC                3
4      Flutter Entertainment plc                3
5                    PEARSON PLC                3
6                   PETROFAC LTD                3
7           RESTAURANT GROUP PLC                3
8                 Royal Mail Plc                3
9   SMITH (DAVID S) HOLDINGS PLC                3
10    STANDARD LIFE ABERDEEN PLC                3
11                TULLOW OIL PLC                3
12      WM MORRISON SUPERMARKETS                3

            Name of Share Issuer  Net Short Position (%)
0                    EASYJET PLC                    8.13
1              SAINSBURY (J) PLC                    6.13
2       WM MORRISON SUPERMARKETS                    5.08
3              PETROPAVLOVSK PLC                    4.83
4                  ASCENTIAL PLC                    4.12
5                 TULLOW OIL PLC                    3.51
6                     CAPITA PLC                    3.50
7                 Royal Mail Plc                    3.24
8                    AGGREKO PLC                    3.06
9      Flutter Entertainment plc                    2.99
10            HALFORDS GROUP PLC                    2.90
11                   DIGNITY PLC                    2.50
12                 A.G. Barr PLC                    2.43
13     CREST NICHOLSON HLDGS PLC                    2.38
14     MICRO FOCUS INTERNATIONAL                    2.37
15          RESTAURANT GROUP PLC                    2.37
16    STANDARD LIFE ABERDEEN PLC                    2.37
17                   PEARSON PLC                    2.29
18                  PETROFAC LTD                    2.24
19  SMITH (DAVID S) HOLDINGS PLC                    2.11

#########[+]SUMMARY MOST OVERALL SHORTED[+]######################
#########[+]SUMMARY MOST OVERALL SHORTED[+]######################
#########[+]SUMMARY MOST OVERALL SHORTED[+]######################

[+]	EASYJET PLC
[+]	STANDARD LIFE ABERDEEN PLC
[+]	AGGREKO PLC
[+]	ASCENTIAL PLC
[+]	SAINSBURY (J) PLC
[+]	TULLOW OIL PLC
[+]	PEARSON PLC
[+]	PETROFAC LTD
[+]	WM MORRISON SUPERMARKETS
[+]	Royal Mail Plc
[+]	Flutter Entertainment plc
[+]	RESTAURANT GROUP PLC
[+]	SMITH (DAVID S) HOLDINGS PLC


THE SOFTWARE IS PROVIDED 'AS IS', WITHOUT WARRANTY OF ANY KIND, EXPRESS OR IMPLIED, INCLUDING BUT NOT LIMITED TO THE WARRANTIES OF MERCHANTABILITY, FITNESS FOR A PARTICULAR PURPOSE, TITLE AND NON-INFRINGEMENT. IN NO EVENT SHALL THE COPYRIGHT HOLDERS OR ANYONE DISTRIBUTING THE SOFTWARE BE LIABLE FOR ANY DAMAGES OR OTHER LIABILITY, WHETHER IN CONTRACT, TORT OR OTHERWISE, ARISING FROM, OUT OF OR IN CONNECTION WITH THE SOFTWARE OR THE USE OR OTHER DEALINGS IN THE SOFTWARE.

Dont forget to tip your server!
Bitcoin Cash (BCH)			qpz32c4lg7x7lnk9jg6qg7s4uavdce89myax5v5nuk
Ether (ETH)			0x843d3DEC2A4705BD4f45F674F641cE2D0022c9FB
Litecoin (LTC)			Lfk5y4F7KZa9oRxpazETwjQnHszEPvqPvu
Bitcoin (BTC)			14Dm7L3ABPtumPDcj3REAvs4L6w9YFRnHK
