##################################
##################################
##################################
Most Shorted Shares since [2020-06-15]
##################################
##################################
##################################

     Name of Share Issuer  Position Holder
0  BABCOCK INTL GROUP PLC                4
1           ASCENTIAL PLC                3
2             EASYJET PLC                3

                        Name of Share Issuer  Net Short Position (%)
0                          PETROPAVLOVSK PLC                    5.20
1                             METRO BANK PLC                    4.11
2                     BABCOCK INTL GROUP PLC                    3.73
3                             Royal Mail Plc                    3.60
4                ULTRA ELECTRONICS HLDGS PLC                    3.17
5                                EASYJET PLC                    2.88
6                  CREST NICHOLSON HLDGS PLC                    2.39
7                   WM MORRISON SUPERMARKETS                    2.39
8                                VICTREX PLC                    2.12
9                              ASCENTIAL PLC                    1.98
10                                CAPITA PLC                    1.84
11                            TULLOW OIL PLC                    1.81
12                                Greggs Plc                    1.71
13  Aston Martin Lagonda Global Holdings Plc                    1.62
14                               DIGNITY PLC                    1.55
15                                 TED BAKER                    1.39
16                  DOMINO'S PIZZA GROUP PLC                    1.36
17                      FEVERTREE DRINKS PLC                    1.35
18                       INTU PROPERTIES PLC                    1.32
19               GULF KEYSTONE PETROLEUM LTD                    1.31

#########[+]SUMMARY MOST OVERALL SHORTED[+]######################
#########[+]SUMMARY MOST OVERALL SHORTED[+]######################
#########[+]SUMMARY MOST OVERALL SHORTED[+]######################

[+]	BABCOCK INTL GROUP PLC
[+]	EASYJET PLC
[+]	ASCENTIAL PLC


THE SOFTWARE IS PROVIDED 'AS IS', WITHOUT WARRANTY OF ANY KIND, EXPRESS OR IMPLIED, INCLUDING BUT NOT LIMITED TO THE WARRANTIES OF MERCHANTABILITY, FITNESS FOR A PARTICULAR PURPOSE, TITLE AND NON-INFRINGEMENT. IN NO EVENT SHALL THE COPYRIGHT HOLDERS OR ANYONE DISTRIBUTING THE SOFTWARE BE LIABLE FOR ANY DAMAGES OR OTHER LIABILITY, WHETHER IN CONTRACT, TORT OR OTHERWISE, ARISING FROM, OUT OF OR IN CONNECTION WITH THE SOFTWARE OR THE USE OR OTHER DEALINGS IN THE SOFTWARE.

Dont forget to tip your server!
Bitcoin Cash (BCH)			qpz32c4lg7x7lnk9jg6qg7s4uavdce89myax5v5nuk
Ether (ETH)			0x843d3DEC2A4705BD4f45F674F641cE2D0022c9FB
Litecoin (LTC)			Lfk5y4F7KZa9oRxpazETwjQnHszEPvqPvu
Bitcoin (BTC)			14Dm7L3ABPtumPDcj3REAvs4L6w9YFRnHK
