##################################
##################################
##################################
Most Shorted Shares since [2020-04-23]
##################################
##################################
##################################

      Name of Share Issuer  Position Holder
0           TULLOW OIL PLC                5
1   BABCOCK INTL GROUP PLC                4
2     KEYWORDS STUDIOS PLC                4
3           Royal Mail Plc                4
4                   TUI AG                4
5            ASCENTIAL PLC                3
6               CAPITA PLC                3
7           METRO BANK PLC                3
8              PEARSON PLC                3
9        SAINSBURY (J) PLC                3
10      WEIR GROUP PLC/THE                3

         Name of Share Issuer  Net Short Position (%)
0              TULLOW OIL PLC                    5.66
1              METRO BANK PLC                    5.50
2           PETROPAVLOVSK PLC                    5.02
3              Royal Mail Plc                    4.76
4           SAINSBURY (J) PLC                    4.44
5                  CAPITA PLC                    4.23
6               HAMMERSON PLC                    4.03
7    WM MORRISON SUPERMARKETS                    3.92
8                      TUI AG                    3.78
9               ASCENTIAL PLC                    3.73
10       KEYWORDS STUDIOS PLC                    3.28
11                EASYJET PLC                    2.91
12              A.G. Barr PLC                    2.90
13     BABCOCK INTL GROUP PLC                    2.57
14          NEWRIVER REIT PLC                    2.36
15  MICRO FOCUS INTERNATIONAL                    2.35
16                DIGNITY PLC                    2.21
17             N. Brown Group                    2.21
18         WEIR GROUP PLC/THE                    2.21
19      WOOD GROUP (JOHN) PLC                    2.21

#########[+]SUMMARY MOST OVERALL SHORTED[+]######################
#########[+]SUMMARY MOST OVERALL SHORTED[+]######################
#########[+]SUMMARY MOST OVERALL SHORTED[+]######################

[+]	CAPITA PLC
[+]	BABCOCK INTL GROUP PLC
[+]	WEIR GROUP PLC/THE
[+]	TULLOW OIL PLC
[+]	TUI AG
[+]	Royal Mail Plc
[+]	ASCENTIAL PLC
[+]	METRO BANK PLC
[+]	SAINSBURY (J) PLC
[+]	KEYWORDS STUDIOS PLC


THE SOFTWARE IS PROVIDED 'AS IS', WITHOUT WARRANTY OF ANY KIND, EXPRESS OR IMPLIED, INCLUDING BUT NOT LIMITED TO THE WARRANTIES OF MERCHANTABILITY, FITNESS FOR A PARTICULAR PURPOSE, TITLE AND NON-INFRINGEMENT. IN NO EVENT SHALL THE COPYRIGHT HOLDERS OR ANYONE DISTRIBUTING THE SOFTWARE BE LIABLE FOR ANY DAMAGES OR OTHER LIABILITY, WHETHER IN CONTRACT, TORT OR OTHERWISE, ARISING FROM, OUT OF OR IN CONNECTION WITH THE SOFTWARE OR THE USE OR OTHER DEALINGS IN THE SOFTWARE.

Dont forget to tip your server!
Bitcoin Cash (BCH)			qpz32c4lg7x7lnk9jg6qg7s4uavdce89myax5v5nuk
Ether (ETH)			0x843d3DEC2A4705BD4f45F674F641cE2D0022c9FB
Litecoin (LTC)			Lfk5y4F7KZa9oRxpazETwjQnHszEPvqPvu
Bitcoin (BTC)			14Dm7L3ABPtumPDcj3REAvs4L6w9YFRnHK
