##################################
##################################
##################################
Most Shorted Shares since [2020-01-14]
##################################
##################################
##################################

                        Name of Share Issuer  Position Holder
0                  Flutter Entertainment plc                7
1                            CINEWORLD GROUP                5
2                                PEARSON PLC                5
3                      WOOD GROUP (JOHN) PLC                5
4   Aston Martin Lagonda Global Holdings Plc                4
5                                EASYJET PLC                4
6                              HAMMERSON PLC                4
7                       KEYWORDS STUDIOS PLC                4
8               SMITH (DAVID S) HOLDINGS PLC                4
9                                     AA PLC                3
10                                  ASOS PLC                3
11                  DOMINO'S PIZZA GROUP PLC                3
12                          GVC Holdings Plc                3
13                   HARGREAVES LANSDOWN PLC                3
14                      HURRICANE ENERGY PLC                3
15                            Royal Mail Plc                3
16                            SUPERGROUP PLC                3
17                                 TED BAKER                3
18                            TULLOW OIL PLC                3
19                        WEIR GROUP PLC/THE                3

                        Name of Share Issuer  Net Short Position (%)
0                            CINEWORLD GROUP                    7.24
1                  Flutter Entertainment plc                    6.92
2                              HAMMERSON PLC                    5.72
3                      WOOD GROUP (JOHN) PLC                    5.26
4                                PEARSON PLC                    4.72
5                             METRO BANK PLC                    4.66
6                          PETROPAVLOVSK PLC                    4.51
7                                    SIG PLC                    4.28
8                                EASYJET PLC                    4.23
9                        GREENCORE GROUP PLC                    4.12
10                                   IQE PLC                    4.06
11                                    AA PLC                    3.83
12                CREST NICHOLSON HLDGS  PLC                    3.77
13                  DOMINO'S PIZZA GROUP PLC                    3.49
14  Aston Martin Lagonda Global Holdings Plc                    3.32
15              SMITH (DAVID S) HOLDINGS PLC                    3.25
16                          DUNELM GROUP PLC                    3.16
17                        WEIR GROUP PLC/THE                    3.08
18                   HARGREAVES LANSDOWN PLC                    2.91
19                   LANCASHIRE HOLDINGS LTD                    2.85

#########[+]SUMMARY MOST OVERALL SHORTED[+]######################
#########[+]SUMMARY MOST OVERALL SHORTED[+]######################
#########[+]SUMMARY MOST OVERALL SHORTED[+]######################

[+]	WOOD GROUP (JOHN) PLC
[+]	PEARSON PLC
[+]	DOMINO'S PIZZA GROUP PLC
[+]	Flutter Entertainment plc
[+]	EASYJET PLC
[+]	AA PLC
[+]	SMITH (DAVID S) HOLDINGS PLC
[+]	CINEWORLD GROUP
[+]	WEIR GROUP PLC/THE
[+]	HAMMERSON PLC
[+]	HARGREAVES LANSDOWN PLC
[+]	Aston Martin Lagonda Global Holdings Plc


THE SOFTWARE IS PROVIDED 'AS IS', WITHOUT WARRANTY OF ANY KIND, EXPRESS OR IMPLIED, INCLUDING BUT NOT LIMITED TO THE WARRANTIES OF MERCHANTABILITY, FITNESS FOR A PARTICULAR PURPOSE, TITLE AND NON-INFRINGEMENT. IN NO EVENT SHALL THE COPYRIGHT HOLDERS OR ANYONE DISTRIBUTING THE SOFTWARE BE LIABLE FOR ANY DAMAGES OR OTHER LIABILITY, WHETHER IN CONTRACT, TORT OR OTHERWISE, ARISING FROM, OUT OF OR IN CONNECTION WITH THE SOFTWARE OR THE USE OR OTHER DEALINGS IN THE SOFTWARE.

Dont forget to tip your server!
Bitcoin Cash (BCH)			qpz32c4lg7x7lnk9jg6qg7s4uavdce89myax5v5nuk
Ether (ETH)			0x843d3DEC2A4705BD4f45F674F641cE2D0022c9FB
Litecoin (LTC)			Lfk5y4F7KZa9oRxpazETwjQnHszEPvqPvu
Bitcoin (BTC)			14Dm7L3ABPtumPDcj3REAvs4L6w9YFRnHK
