##################################
##################################
##################################
Most Shorted Shares since [2020-02-21]
##################################
##################################
##################################

                        Name of Share Issuer  Position Holder
0                  Flutter Entertainment plc                8
1   Aston Martin Lagonda Global Holdings Plc                7
2                     BABCOCK INTL GROUP PLC                7
3                              HAMMERSON PLC                6
4                      WOOD GROUP (JOHN) PLC                6
5                            CINEWORLD GROUP                5
6             STANDARD LIFE ABERDEEN PLC ORD                5
7                                     AA PLC                4
8                                AGGREKO PLC                4
9                      AUTO TRADER GROUP PLC                4
10                               EASYJET PLC                4
11                        EQUINITI GROUP PLC                4
12                         Galliford Try plc                4
13                      KEYWORDS STUDIOS PLC                4
14                            KINGFISHER PLC                4
15                            Kier Group plc                4
16                            METRO BANK PLC                4
17                               PEARSON PLC                4
18                              PETROFAC LTD                4
19                            TULLOW OIL PLC                4

                        Name of Share Issuer  Net Short Position (%)
0                            PREMIER OIL PLC                   18.13
1                                     AA PLC                    7.69
2                             METRO BANK PLC                    7.42
3                  Flutter Entertainment plc                    7.40
4                     BABCOCK INTL GROUP PLC                    6.95
5                             TULLOW OIL PLC                    6.44
6                      WOOD GROUP (JOHN) PLC                    6.13
7                                PEARSON PLC                    5.78
8   Aston Martin Lagonda Global Holdings Plc                    5.33
9                            CINEWORLD GROUP                    5.29
10                               VICTREX PLC                    5.20
11                               EASYJET PLC                    4.84
12                         PETROPAVLOVSK PLC                    4.81
13                              PETROFAC LTD                    4.64
14                            Kier Group plc                    4.60
15                                   SIG PLC                    4.49
16                  WM MORRISON SUPERMARKETS                    4.37
17                            KINGFISHER PLC                    4.32
18                       INTU PROPERTIES PLC                    4.26
19                             HAMMERSON PLC                    4.21

#########[+]SUMMARY MOST OVERALL SHORTED[+]######################
#########[+]SUMMARY MOST OVERALL SHORTED[+]######################
#########[+]SUMMARY MOST OVERALL SHORTED[+]######################

[+]	PEARSON PLC
[+]	CINEWORLD GROUP
[+]	AA PLC
[+]	HAMMERSON PLC
[+]	KINGFISHER PLC
[+]	METRO BANK PLC
[+]	Kier Group plc
[+]	BABCOCK INTL GROUP PLC
[+]	Aston Martin Lagonda Global Holdings Plc
[+]	TULLOW OIL PLC
[+]	WOOD GROUP (JOHN) PLC
[+]	EASYJET PLC
[+]	PETROFAC LTD
[+]	Flutter Entertainment plc


THE SOFTWARE IS PROVIDED 'AS IS', WITHOUT WARRANTY OF ANY KIND, EXPRESS OR IMPLIED, INCLUDING BUT NOT LIMITED TO THE WARRANTIES OF MERCHANTABILITY, FITNESS FOR A PARTICULAR PURPOSE, TITLE AND NON-INFRINGEMENT. IN NO EVENT SHALL THE COPYRIGHT HOLDERS OR ANYONE DISTRIBUTING THE SOFTWARE BE LIABLE FOR ANY DAMAGES OR OTHER LIABILITY, WHETHER IN CONTRACT, TORT OR OTHERWISE, ARISING FROM, OUT OF OR IN CONNECTION WITH THE SOFTWARE OR THE USE OR OTHER DEALINGS IN THE SOFTWARE.

Dont forget to tip your server!
Bitcoin Cash (BCH)			qpz32c4lg7x7lnk9jg6qg7s4uavdce89myax5v5nuk
Ether (ETH)			0x843d3DEC2A4705BD4f45F674F641cE2D0022c9FB
Litecoin (LTC)			Lfk5y4F7KZa9oRxpazETwjQnHszEPvqPvu
Bitcoin (BTC)			14Dm7L3ABPtumPDcj3REAvs4L6w9YFRnHK
