##################################
##################################
##################################
Most Shorted Shares since [2020-04-13]
##################################
##################################
##################################

           Name of Share Issuer  Position Holder
0                   EASYJET PLC                5
1                        AA PLC                3
2     Flutter Entertainment plc                3
3                  PETROFAC LTD                3
4             SAINSBURY (J) PLC                3
5  SMITH (DAVID S) HOLDINGS PLC                3
6      WM MORRISON SUPERMARKETS                3

            Name of Share Issuer  Net Short Position (%)
0       WM MORRISON SUPERMARKETS                    4.96
1                    EASYJET PLC                    4.88
2              PETROPAVLOVSK PLC                    4.72
3                         AA PLC                    4.33
4              SAINSBURY (J) PLC                    4.13
5                     CAPITA PLC                    3.12
6                  A.G. Barr PLC                    2.96
7      Flutter Entertainment plc                    2.75
8                 Royal Mail Plc                    2.68
9      CREST NICHOLSON HLDGS PLC                    2.42
10  SMITH (DAVID S) HOLDINGS PLC                    2.33
11     MICRO FOCUS INTERNATIONAL                    2.27
12                 ASCENTIAL PLC                    2.18
13                   DIGNITY PLC                    2.16
14          KEYWORDS STUDIOS PLC                    2.15
15                       IQE PLC                    2.06
16    STANDARD LIFE ABERDEEN PLC                    1.95
17                  PETROFAC LTD                    1.90
18                  CARNIVAL PLC                    1.89
19                TULLOW OIL PLC                    1.88

#########[+]SUMMARY MOST OVERALL SHORTED[+]######################
#########[+]SUMMARY MOST OVERALL SHORTED[+]######################
#########[+]SUMMARY MOST OVERALL SHORTED[+]######################

[+]	WM MORRISON SUPERMARKETS
[+]	Flutter Entertainment plc
[+]	EASYJET PLC
[+]	SAINSBURY (J) PLC
[+]	SMITH (DAVID S) HOLDINGS PLC
[+]	AA PLC
[+]	PETROFAC LTD


THE SOFTWARE IS PROVIDED 'AS IS', WITHOUT WARRANTY OF ANY KIND, EXPRESS OR IMPLIED, INCLUDING BUT NOT LIMITED TO THE WARRANTIES OF MERCHANTABILITY, FITNESS FOR A PARTICULAR PURPOSE, TITLE AND NON-INFRINGEMENT. IN NO EVENT SHALL THE COPYRIGHT HOLDERS OR ANYONE DISTRIBUTING THE SOFTWARE BE LIABLE FOR ANY DAMAGES OR OTHER LIABILITY, WHETHER IN CONTRACT, TORT OR OTHERWISE, ARISING FROM, OUT OF OR IN CONNECTION WITH THE SOFTWARE OR THE USE OR OTHER DEALINGS IN THE SOFTWARE.

Dont forget to tip your server!
Bitcoin Cash (BCH)			qpz32c4lg7x7lnk9jg6qg7s4uavdce89myax5v5nuk
Ether (ETH)			0x843d3DEC2A4705BD4f45F674F641cE2D0022c9FB
Litecoin (LTC)			Lfk5y4F7KZa9oRxpazETwjQnHszEPvqPvu
Bitcoin (BTC)			14Dm7L3ABPtumPDcj3REAvs4L6w9YFRnHK
