##################################
##################################
##################################
Most Shorted Shares since [2020-07-29]
##################################
##################################
##################################

Empty DataFrame
Columns: [Name of Share Issuer, Position Holder]
Index: []

                        Name of Share Issuer  Net Short Position (%)
0                             METRO BANK PLC                    3.69
1                                 FUTURE PLC                    2.16
2                                 HISCOX LTD                    1.89
3                            CINEWORLD GROUP                    1.88
4                         WEIR GROUP PLC/THE                    1.82
5                              A.G. Barr PLC                    1.73
6                                 CAPITA PLC                    1.72
7             B&M EUROPEAN VALUE RETAIL S.A.                    1.53
8                   ROLLS-ROYCE HOLDINGS PLC                    1.42
9                    CRODA INTERNATIONAL PLC                    1.41
10                             MARSTON'S PLC                    1.27
11              SMITH (DAVID S) HOLDINGS PLC                    1.25
12                   Burford Capital Limited                    1.23
13  Aston Martin Lagonda Global Holdings Plc                    1.22
14                          GVC Holdings Plc                    1.11
15               GULF KEYSTONE PETROLEUM LTD                    1.08
16                 CREST NICHOLSON HLDGS PLC                    1.06
17                                 REACH PLC                    1.03
18                      RESTAURANT GROUP PLC                    1.00
19                      HURRICANE ENERGY PLC                    0.91

#########[+]SUMMARY MOST OVERALL SHORTED[+]######################
#########[+]SUMMARY MOST OVERALL SHORTED[+]######################
#########[+]SUMMARY MOST OVERALL SHORTED[+]######################



THE SOFTWARE IS PROVIDED 'AS IS', WITHOUT WARRANTY OF ANY KIND, EXPRESS OR IMPLIED, INCLUDING BUT NOT LIMITED TO THE WARRANTIES OF MERCHANTABILITY, FITNESS FOR A PARTICULAR PURPOSE, TITLE AND NON-INFRINGEMENT. IN NO EVENT SHALL THE COPYRIGHT HOLDERS OR ANYONE DISTRIBUTING THE SOFTWARE BE LIABLE FOR ANY DAMAGES OR OTHER LIABILITY, WHETHER IN CONTRACT, TORT OR OTHERWISE, ARISING FROM, OUT OF OR IN CONNECTION WITH THE SOFTWARE OR THE USE OR OTHER DEALINGS IN THE SOFTWARE.

Dont forget to tip your server!
Bitcoin Cash (BCH)			qpz32c4lg7x7lnk9jg6qg7s4uavdce89myax5v5nuk
Ether (ETH)			0x843d3DEC2A4705BD4f45F674F641cE2D0022c9FB
Litecoin (LTC)			Lfk5y4F7KZa9oRxpazETwjQnHszEPvqPvu
Bitcoin (BTC)			14Dm7L3ABPtumPDcj3REAvs4L6w9YFRnHK
