##################################
##################################
##################################
Most Shorted Shares since [2020-09-02]
##################################
##################################
##################################

  Name of Share Issuer  Position Holder
0    SAINSBURY (J) PLC                5
1       Royal Mail Plc                3

                  Name of Share Issuer  Net Short Position (%)
0                      PREMIER OIL PLC                    6.19
1                    SAINSBURY (J) PLC                    5.84
2                       Royal Mail Plc                    3.84
3                       METRO BANK PLC                    2.97
4            MICRO FOCUS INTERNATIONAL                    2.43
5                               TUI AG                    1.97
6                  JOHNSON MATTHEY PLC                    1.84
7       B&M EUROPEAN VALUE RETAIL S.A.                    1.83
8    INTERCONTINENTAL HOTELS GROUP PLC                    1.69
9                           FUTURE PLC                    1.52
10            DOMINO'S PIZZA GROUP PLC                    1.51
11  NETWORK INTERNATIONAL HOLDINGS PLC                    1.42
12                      N. Brown Group                    1.41
13                          CAPITA PLC                    1.33
14          STANDARD LIFE ABERDEEN PLC                    1.28
15                        PETROFAC LTD                    1.25
16                         PEARSON PLC                    1.24
17                  WEIR GROUP PLC/THE                    1.20
18                          SENIOR PLC                    1.19
19                ST JAMES'S PLACE PLC                    1.19

#########[+]SUMMARY MOST OVERALL SHORTED[+]######################
#########[+]SUMMARY MOST OVERALL SHORTED[+]######################
#########[+]SUMMARY MOST OVERALL SHORTED[+]######################

[+]	SAINSBURY (J) PLC
[+]	Royal Mail Plc


THE SOFTWARE IS PROVIDED 'AS IS', WITHOUT WARRANTY OF ANY KIND, EXPRESS OR IMPLIED, INCLUDING BUT NOT LIMITED TO THE WARRANTIES OF MERCHANTABILITY, FITNESS FOR A PARTICULAR PURPOSE, TITLE AND NON-INFRINGEMENT. IN NO EVENT SHALL THE COPYRIGHT HOLDERS OR ANYONE DISTRIBUTING THE SOFTWARE BE LIABLE FOR ANY DAMAGES OR OTHER LIABILITY, WHETHER IN CONTRACT, TORT OR OTHERWISE, ARISING FROM, OUT OF OR IN CONNECTION WITH THE SOFTWARE OR THE USE OR OTHER DEALINGS IN THE SOFTWARE.

Dont forget to tip your server!
Bitcoin Cash (BCH)			qpz32c4lg7x7lnk9jg6qg7s4uavdce89myax5v5nuk
Ether (ETH)			0x843d3DEC2A4705BD4f45F674F641cE2D0022c9FB
Litecoin (LTC)			Lfk5y4F7KZa9oRxpazETwjQnHszEPvqPvu
Bitcoin (BTC)			14Dm7L3ABPtumPDcj3REAvs4L6w9YFRnHK
