##################################
##################################
##################################
Most Shorted Shares since [2020-03-08]
##################################
##################################
##################################

              Name of Share Issuer  Position Holder
0                   KINGFISHER PLC                4
1   STANDARD LIFE ABERDEEN PLC ORD                4
2                      AGGREKO PLC                3
3           BABCOCK INTL GROUP PLC                3
4               EQUINITI GROUP PLC                3
5                       FUTURE PLC                3
6                Galliford Try plc                3
7             KEYWORDS STUDIOS PLC                3
8                    MARSTON'S PLC                3
9                     PETROFAC LTD                3
10                     VICTREX PLC                3
11              WEIR GROUP PLC/THE                3
12        WM MORRISON SUPERMARKETS                3
13           WOOD GROUP (JOHN) PLC                3

              Name of Share Issuer  Net Short Position (%)
0                          SIG PLC                    4.49
1                   KINGFISHER PLC                    4.32
2                     PETROFAC LTD                    4.06
3                      VICTREX PLC                    3.90
4                    MARSTON'S PLC                    3.68
5         WM MORRISON SUPERMARKETS                    3.59
6                   TULLOW OIL PLC                    3.58
7               WEIR GROUP PLC/THE                    3.31
8               EQUINITI GROUP PLC                    3.12
9                       FUTURE PLC                    3.11
10  STANDARD LIFE ABERDEEN PLC ORD                    3.05
11     ULTRA ELECTRONICS HLDGS PLC                    2.73
12               Clipper Logistics                    2.70
13          BABCOCK INTL GROUP PLC                    2.65
14           WOOD GROUP (JOHN) PLC                    2.55
15                     DIGNITY PLC                    2.47
16                  Kier Group plc                    2.37
17                     AGGREKO PLC                    2.27
18            KEYWORDS STUDIOS PLC                    2.25
19                 MITIE GROUP PLC                    2.22

#########[+]SUMMARY MOST OVERALL SHORTED[+]######################
#########[+]SUMMARY MOST OVERALL SHORTED[+]######################
#########[+]SUMMARY MOST OVERALL SHORTED[+]######################

[+]	STANDARD LIFE ABERDEEN PLC ORD
[+]	WEIR GROUP PLC/THE
[+]	KEYWORDS STUDIOS PLC
[+]	AGGREKO PLC
[+]	FUTURE PLC
[+]	EQUINITI GROUP PLC
[+]	KINGFISHER PLC
[+]	PETROFAC LTD
[+]	BABCOCK INTL GROUP PLC
[+]	WM MORRISON SUPERMARKETS
[+]	VICTREX PLC
[+]	WOOD GROUP (JOHN) PLC
[+]	MARSTON'S PLC


THE SOFTWARE IS PROVIDED 'AS IS', WITHOUT WARRANTY OF ANY KIND, EXPRESS OR IMPLIED, INCLUDING BUT NOT LIMITED TO THE WARRANTIES OF MERCHANTABILITY, FITNESS FOR A PARTICULAR PURPOSE, TITLE AND NON-INFRINGEMENT. IN NO EVENT SHALL THE COPYRIGHT HOLDERS OR ANYONE DISTRIBUTING THE SOFTWARE BE LIABLE FOR ANY DAMAGES OR OTHER LIABILITY, WHETHER IN CONTRACT, TORT OR OTHERWISE, ARISING FROM, OUT OF OR IN CONNECTION WITH THE SOFTWARE OR THE USE OR OTHER DEALINGS IN THE SOFTWARE.

Dont forget to tip your server!
Bitcoin Cash (BCH)			qpz32c4lg7x7lnk9jg6qg7s4uavdce89myax5v5nuk
Ether (ETH)			0x843d3DEC2A4705BD4f45F674F641cE2D0022c9FB
Litecoin (LTC)			Lfk5y4F7KZa9oRxpazETwjQnHszEPvqPvu
Bitcoin (BTC)			14Dm7L3ABPtumPDcj3REAvs4L6w9YFRnHK
