##################################
##################################
##################################
Most Shorted Shares since [2020-04-16]
##################################
##################################
##################################

        Name of Share Issuer  Position Holder
0                EASYJET PLC                6
1                AGGREKO PLC                3
2              ASCENTIAL PLC                3
3  Flutter Entertainment plc                3
4          SAINSBURY (J) PLC                3

         Name of Share Issuer  Net Short Position (%)
0                 EASYJET PLC                    8.13
1           PETROPAVLOVSK PLC                    4.83
2           SAINSBURY (J) PLC                    4.34
3               ASCENTIAL PLC                    4.12
4    WM MORRISON SUPERMARKETS                    3.70
5                  CAPITA PLC                    3.50
6                 AGGREKO PLC                    3.06
7   Flutter Entertainment plc                    2.99
8          HALFORDS GROUP PLC                    2.90
9                 DIGNITY PLC                    2.50
10              A.G. Barr PLC                    2.43
11  CREST NICHOLSON HLDGS PLC                    2.38
12  MICRO FOCUS INTERNATIONAL                    2.37
13         EQUINITI GROUP PLC                    2.08
14         WEIR GROUP PLC/THE                    1.88
15       KEYWORDS STUDIOS PLC                    1.82
16     PETS AT HOME GROUP PLC                    1.70
17   DOMINO'S PIZZA GROUP PLC                    1.67
18             TULLOW OIL PLC                    1.63
19              HAMMERSON PLC                    1.62

#########[+]SUMMARY MOST OVERALL SHORTED[+]######################
#########[+]SUMMARY MOST OVERALL SHORTED[+]######################
#########[+]SUMMARY MOST OVERALL SHORTED[+]######################

[+]	ASCENTIAL PLC
[+]	AGGREKO PLC
[+]	EASYJET PLC
[+]	SAINSBURY (J) PLC
[+]	Flutter Entertainment plc


THE SOFTWARE IS PROVIDED 'AS IS', WITHOUT WARRANTY OF ANY KIND, EXPRESS OR IMPLIED, INCLUDING BUT NOT LIMITED TO THE WARRANTIES OF MERCHANTABILITY, FITNESS FOR A PARTICULAR PURPOSE, TITLE AND NON-INFRINGEMENT. IN NO EVENT SHALL THE COPYRIGHT HOLDERS OR ANYONE DISTRIBUTING THE SOFTWARE BE LIABLE FOR ANY DAMAGES OR OTHER LIABILITY, WHETHER IN CONTRACT, TORT OR OTHERWISE, ARISING FROM, OUT OF OR IN CONNECTION WITH THE SOFTWARE OR THE USE OR OTHER DEALINGS IN THE SOFTWARE.

Dont forget to tip your server!
Bitcoin Cash (BCH)			qpz32c4lg7x7lnk9jg6qg7s4uavdce89myax5v5nuk
Ether (ETH)			0x843d3DEC2A4705BD4f45F674F641cE2D0022c9FB
Litecoin (LTC)			Lfk5y4F7KZa9oRxpazETwjQnHszEPvqPvu
Bitcoin (BTC)			14Dm7L3ABPtumPDcj3REAvs4L6w9YFRnHK
