##################################
##################################
##################################
Most Shorted Shares since [2020-07-16]
##################################
##################################
##################################

Empty DataFrame
Columns: [Name of Share Issuer, Position Holder]
Index: []

           Name of Share Issuer  Net Short Position (%)
0                   PEARSON PLC                    3.76
1                METRO BANK PLC                    2.23
2                  PETROFAC LTD                    2.22
3                 A.G. Barr PLC                    2.19
4            WEIR GROUP PLC/THE                    2.10
5          BLUE PRISM GROUP PLC                    1.93
6                    FUTURE PLC                    1.44
7                 HAMMERSON PLC                    1.40
8               MITIE GROUP PLC                    1.38
9              GVC Holdings Plc                    1.36
10                       TUI AG                    1.29
11  GULF KEYSTONE PETROLEUM LTD                    1.27
12        VITEC GROUP PLC (THE)                    1.14
13                CRANEWARE PLC                    1.11
14               KINGFISHER PLC                    1.09
15         RESTAURANT GROUP PLC                    1.07
16                   Greggs Plc                    1.03
17     WM MORRISON SUPERMARKETS                    0.96
18                MARSTON'S PLC                    0.87
19               SAGE GROUP PLC                    0.85

#########[+]SUMMARY MOST OVERALL SHORTED[+]######################
#########[+]SUMMARY MOST OVERALL SHORTED[+]######################
#########[+]SUMMARY MOST OVERALL SHORTED[+]######################



THE SOFTWARE IS PROVIDED 'AS IS', WITHOUT WARRANTY OF ANY KIND, EXPRESS OR IMPLIED, INCLUDING BUT NOT LIMITED TO THE WARRANTIES OF MERCHANTABILITY, FITNESS FOR A PARTICULAR PURPOSE, TITLE AND NON-INFRINGEMENT. IN NO EVENT SHALL THE COPYRIGHT HOLDERS OR ANYONE DISTRIBUTING THE SOFTWARE BE LIABLE FOR ANY DAMAGES OR OTHER LIABILITY, WHETHER IN CONTRACT, TORT OR OTHERWISE, ARISING FROM, OUT OF OR IN CONNECTION WITH THE SOFTWARE OR THE USE OR OTHER DEALINGS IN THE SOFTWARE.

Dont forget to tip your server!
Bitcoin Cash (BCH)			qpz32c4lg7x7lnk9jg6qg7s4uavdce89myax5v5nuk
Ether (ETH)			0x843d3DEC2A4705BD4f45F674F641cE2D0022c9FB
Litecoin (LTC)			Lfk5y4F7KZa9oRxpazETwjQnHszEPvqPvu
Bitcoin (BTC)			14Dm7L3ABPtumPDcj3REAvs4L6w9YFRnHK
