##################################
##################################
##################################
Most Shorted Shares since [2020-04-30]
##################################
##################################
##################################

  Name of Share Issuer  Position Holder
0          PEARSON PLC                4
1       TULLOW OIL PLC                4
2           CAPITA PLC                3
3          EASYJET PLC                3
4        HAMMERSON PLC                3

                        Name of Share Issuer  Net Short Position (%)
0                              HAMMERSON PLC                    7.31
1                             TULLOW OIL PLC                    5.22
2                          PETROPAVLOVSK PLC                    5.11
3                                PEARSON PLC                    4.89
4                         HALFORDS GROUP PLC                    3.85
5                                EASYJET PLC                    3.57
6                               INCHCAPE PLC                    2.93
7                                 CAPITA PLC                    2.67
8                               PETROFAC LTD                    2.62
9                  MICRO FOCUS INTERNATIONAL                    2.35
10                         SAINSBURY (J) PLC                    2.34
11                  HOWDEN JOINERY GROUP PLC                    2.18
12                                    TUI AG                    2.17
13                    BABCOCK INTL GROUP PLC                    2.15
14                   CRODA INTERNATIONAL PLC                    1.96
15                         NEWRIVER REIT PLC                    1.80
16                        BURBERRY GROUP PLC                    1.71
17                 Flutter Entertainment plc                    1.71
18  Aston Martin Lagonda Global Holdings Plc                    1.65
19                      BLUE PRISM GROUP PLC                    1.60

#########[+]SUMMARY MOST OVERALL SHORTED[+]######################
#########[+]SUMMARY MOST OVERALL SHORTED[+]######################
#########[+]SUMMARY MOST OVERALL SHORTED[+]######################

[+]	HAMMERSON PLC
[+]	TULLOW OIL PLC
[+]	CAPITA PLC
[+]	EASYJET PLC
[+]	PEARSON PLC


THE SOFTWARE IS PROVIDED 'AS IS', WITHOUT WARRANTY OF ANY KIND, EXPRESS OR IMPLIED, INCLUDING BUT NOT LIMITED TO THE WARRANTIES OF MERCHANTABILITY, FITNESS FOR A PARTICULAR PURPOSE, TITLE AND NON-INFRINGEMENT. IN NO EVENT SHALL THE COPYRIGHT HOLDERS OR ANYONE DISTRIBUTING THE SOFTWARE BE LIABLE FOR ANY DAMAGES OR OTHER LIABILITY, WHETHER IN CONTRACT, TORT OR OTHERWISE, ARISING FROM, OUT OF OR IN CONNECTION WITH THE SOFTWARE OR THE USE OR OTHER DEALINGS IN THE SOFTWARE.

Dont forget to tip your server!
Bitcoin Cash (BCH)			qpz32c4lg7x7lnk9jg6qg7s4uavdce89myax5v5nuk
Ether (ETH)			0x843d3DEC2A4705BD4f45F674F641cE2D0022c9FB
Litecoin (LTC)			Lfk5y4F7KZa9oRxpazETwjQnHszEPvqPvu
Bitcoin (BTC)			14Dm7L3ABPtumPDcj3REAvs4L6w9YFRnHK
