##################################
##################################
##################################
Most Shorted Shares since [2020-08-25]
##################################
##################################
##################################

Empty DataFrame
Columns: [Name of Share Issuer, Position Holder]
Index: []

                  Name of Share Issuer  Net Short Position (%)
0                    SAINSBURY (J) PLC                    2.50
1                              IQE PLC                    2.29
2                              ITV PLC                    2.27
3                        MARSTON'S PLC                    2.03
4    INTERCONTINENTAL HOTELS GROUP PLC                    1.89
5                      CINEWORLD GROUP                    1.54
6                           CAPITA PLC                    1.50
7                       METRO BANK PLC                    1.48
8             WM MORRISON SUPERMARKETS                    1.38
9   NETWORK INTERNATIONAL HOLDINGS PLC                    1.32
10                      Royal Mail Plc                    1.17
11            ROLLS-ROYCE HOLDINGS PLC                    1.04
12             HARGREAVES LANSDOWN PLC                    1.03
13                RESTAURANT GROUP PLC                    0.93
14              Arrow Global Group plc                    0.90
15            DOMINO'S PIZZA GROUP PLC                    0.90
16                         MEGGITT PLC                    0.81
17                  BURBERRY GROUP PLC                    0.80
18        SMITH (DAVID S) HOLDINGS PLC                    0.80
19          STANDARD LIFE ABERDEEN PLC                    0.79

#########[+]SUMMARY MOST OVERALL SHORTED[+]######################
#########[+]SUMMARY MOST OVERALL SHORTED[+]######################
#########[+]SUMMARY MOST OVERALL SHORTED[+]######################



THE SOFTWARE IS PROVIDED 'AS IS', WITHOUT WARRANTY OF ANY KIND, EXPRESS OR IMPLIED, INCLUDING BUT NOT LIMITED TO THE WARRANTIES OF MERCHANTABILITY, FITNESS FOR A PARTICULAR PURPOSE, TITLE AND NON-INFRINGEMENT. IN NO EVENT SHALL THE COPYRIGHT HOLDERS OR ANYONE DISTRIBUTING THE SOFTWARE BE LIABLE FOR ANY DAMAGES OR OTHER LIABILITY, WHETHER IN CONTRACT, TORT OR OTHERWISE, ARISING FROM, OUT OF OR IN CONNECTION WITH THE SOFTWARE OR THE USE OR OTHER DEALINGS IN THE SOFTWARE.

Dont forget to tip your server!
Bitcoin Cash (BCH)			qpz32c4lg7x7lnk9jg6qg7s4uavdce89myax5v5nuk
Ether (ETH)			0x843d3DEC2A4705BD4f45F674F641cE2D0022c9FB
Litecoin (LTC)			Lfk5y4F7KZa9oRxpazETwjQnHszEPvqPvu
Bitcoin (BTC)			14Dm7L3ABPtumPDcj3REAvs4L6w9YFRnHK
