##################################
##################################
##################################
Most Shorted Shares since [2020-04-22]
##################################
##################################
##################################

     Name of Share Issuer  Position Holder
0          TULLOW OIL PLC                6
1           HAMMERSON PLC                4
2    KEYWORDS STUDIOS PLC                4
3  BABCOCK INTL GROUP PLC                3
4    BLUE PRISM GROUP PLC                3
5             EASYJET PLC                3
6       SAINSBURY (J) PLC                3
7                  TUI AG                3
8      WEIR GROUP PLC/THE                3

        Name of Share Issuer  Net Short Position (%)
0             TULLOW OIL PLC                    5.67
1              HAMMERSON PLC                    5.05
2          PETROPAVLOVSK PLC                    5.02
3             METRO BANK PLC                    4.71
4          SAINSBURY (J) PLC                    4.57
5   WM MORRISON SUPERMARKETS                    3.72
6                 CAPITA PLC                    3.72
7       BLUE PRISM GROUP PLC                    3.58
8                EASYJET PLC                    3.58
9       KEYWORDS STUDIOS PLC                    3.28
10                    TUI AG                    3.15
11        HALFORDS GROUP PLC                    3.08
12             A.G. Barr PLC                    2.90
13             ASCENTIAL PLC                    2.44
14               DIGNITY PLC                    2.40
15        WEIR GROUP PLC/THE                    2.19
16    BABCOCK INTL GROUP PLC                    2.16
17             MENZIES(JOHN)                    2.12
18              INCHCAPE PLC                    1.99
19            Kier Group plc                    1.73

#########[+]SUMMARY MOST OVERALL SHORTED[+]######################
#########[+]SUMMARY MOST OVERALL SHORTED[+]######################
#########[+]SUMMARY MOST OVERALL SHORTED[+]######################

[+]	HAMMERSON PLC
[+]	WEIR GROUP PLC/THE
[+]	KEYWORDS STUDIOS PLC
[+]	SAINSBURY (J) PLC
[+]	BLUE PRISM GROUP PLC
[+]	TULLOW OIL PLC
[+]	EASYJET PLC
[+]	TUI AG
[+]	BABCOCK INTL GROUP PLC


THE SOFTWARE IS PROVIDED 'AS IS', WITHOUT WARRANTY OF ANY KIND, EXPRESS OR IMPLIED, INCLUDING BUT NOT LIMITED TO THE WARRANTIES OF MERCHANTABILITY, FITNESS FOR A PARTICULAR PURPOSE, TITLE AND NON-INFRINGEMENT. IN NO EVENT SHALL THE COPYRIGHT HOLDERS OR ANYONE DISTRIBUTING THE SOFTWARE BE LIABLE FOR ANY DAMAGES OR OTHER LIABILITY, WHETHER IN CONTRACT, TORT OR OTHERWISE, ARISING FROM, OUT OF OR IN CONNECTION WITH THE SOFTWARE OR THE USE OR OTHER DEALINGS IN THE SOFTWARE.

Dont forget to tip your server!
Bitcoin Cash (BCH)			qpz32c4lg7x7lnk9jg6qg7s4uavdce89myax5v5nuk
Ether (ETH)			0x843d3DEC2A4705BD4f45F674F641cE2D0022c9FB
Litecoin (LTC)			Lfk5y4F7KZa9oRxpazETwjQnHszEPvqPvu
Bitcoin (BTC)			14Dm7L3ABPtumPDcj3REAvs4L6w9YFRnHK
