##################################
##################################
##################################
Most Shorted Shares since [2020-07-09]
##################################
##################################
##################################

      Name of Share Issuer  Position Holder
0        SAINSBURY (J) PLC                4
1               CAPITA PLC                3
2          CINEWORLD GROUP                3
3  CRODA INTERNATIONAL PLC                3
4           Royal Mail Plc                3

            Name of Share Issuer  Net Short Position (%)
0                 Royal Mail Plc                    5.92
1              SAINSBURY (J) PLC                    5.09
2                    PEARSON PLC                    3.70
3                 METRO BANK PLC                    3.48
4        CRODA INTERNATIONAL PLC                    2.99
5      MICRO FOCUS INTERNATIONAL                    2.92
6                CINEWORLD GROUP                    2.59
7                 TULLOW OIL PLC                    2.49
8                     CAPITA PLC                    2.45
9                   PETROFAC LTD                    2.41
10                 A.G. Barr PLC                    2.20
11                 HAMMERSON PLC                    2.12
12                    Greggs Plc                    1.60
13            BURBERRY GROUP PLC                    1.57
14                   AGGREKO PLC                    1.55
15  SMITH (DAVID S) HOLDINGS PLC                    1.53
16          MCCARTHY & STONE PLC                    1.42
17        Signature Aviation Plc                    1.36
18            WEIR GROUP PLC/THE                    1.35
19          BLUE PRISM GROUP PLC                    1.33

#########[+]SUMMARY MOST OVERALL SHORTED[+]######################
#########[+]SUMMARY MOST OVERALL SHORTED[+]######################
#########[+]SUMMARY MOST OVERALL SHORTED[+]######################

[+]	CINEWORLD GROUP
[+]	Royal Mail Plc
[+]	CRODA INTERNATIONAL PLC
[+]	CAPITA PLC
[+]	SAINSBURY (J) PLC


THE SOFTWARE IS PROVIDED 'AS IS', WITHOUT WARRANTY OF ANY KIND, EXPRESS OR IMPLIED, INCLUDING BUT NOT LIMITED TO THE WARRANTIES OF MERCHANTABILITY, FITNESS FOR A PARTICULAR PURPOSE, TITLE AND NON-INFRINGEMENT. IN NO EVENT SHALL THE COPYRIGHT HOLDERS OR ANYONE DISTRIBUTING THE SOFTWARE BE LIABLE FOR ANY DAMAGES OR OTHER LIABILITY, WHETHER IN CONTRACT, TORT OR OTHERWISE, ARISING FROM, OUT OF OR IN CONNECTION WITH THE SOFTWARE OR THE USE OR OTHER DEALINGS IN THE SOFTWARE.

Dont forget to tip your server!
Bitcoin Cash (BCH)			qpz32c4lg7x7lnk9jg6qg7s4uavdce89myax5v5nuk
Ether (ETH)			0x843d3DEC2A4705BD4f45F674F641cE2D0022c9FB
Litecoin (LTC)			Lfk5y4F7KZa9oRxpazETwjQnHszEPvqPvu
Bitcoin (BTC)			14Dm7L3ABPtumPDcj3REAvs4L6w9YFRnHK
