##################################
##################################
##################################
Most Shorted Shares since [2020-04-20]
##################################
##################################
##################################

   Name of Share Issuer  Position Holder
0           EASYJET PLC                4
1         HAMMERSON PLC                4
2        TULLOW OIL PLC                4
3  BLUE PRISM GROUP PLC                3
4        Royal Mail Plc                3
5     SAINSBURY (J) PLC                3

         Name of Share Issuer  Net Short Position (%)
0                 EASYJET PLC                    5.90
1           PETROPAVLOVSK PLC                    4.99
2               HAMMERSON PLC                    4.50
3           SAINSBURY (J) PLC                    4.46
4        BLUE PRISM GROUP PLC                    4.01
5              METRO BANK PLC                    3.25
6          HALFORDS GROUP PLC                    3.08
7               ASCENTIAL PLC                    2.80
8              TULLOW OIL PLC                    2.77
9         VIRGIN MONEY UK PLC                    2.55
10                DIGNITY PLC                    2.47
11              A.G. Barr PLC                    2.43
12                 CAPITA PLC                    2.40
13             Royal Mail Plc                    2.32
14       KEYWORDS STUDIOS PLC                    2.31
15   WM MORRISON SUPERMARKETS                    2.19
16               INCHCAPE PLC                    2.09
17  Flutter Entertainment plc                    1.88
18     PETS AT HOME GROUP PLC                    1.70
19              RIGHTMOVE PLC                    1.70

#########[+]SUMMARY MOST OVERALL SHORTED[+]######################
#########[+]SUMMARY MOST OVERALL SHORTED[+]######################
#########[+]SUMMARY MOST OVERALL SHORTED[+]######################

[+]	BLUE PRISM GROUP PLC
[+]	EASYJET PLC
[+]	SAINSBURY (J) PLC
[+]	TULLOW OIL PLC
[+]	HAMMERSON PLC
[+]	Royal Mail Plc


THE SOFTWARE IS PROVIDED 'AS IS', WITHOUT WARRANTY OF ANY KIND, EXPRESS OR IMPLIED, INCLUDING BUT NOT LIMITED TO THE WARRANTIES OF MERCHANTABILITY, FITNESS FOR A PARTICULAR PURPOSE, TITLE AND NON-INFRINGEMENT. IN NO EVENT SHALL THE COPYRIGHT HOLDERS OR ANYONE DISTRIBUTING THE SOFTWARE BE LIABLE FOR ANY DAMAGES OR OTHER LIABILITY, WHETHER IN CONTRACT, TORT OR OTHERWISE, ARISING FROM, OUT OF OR IN CONNECTION WITH THE SOFTWARE OR THE USE OR OTHER DEALINGS IN THE SOFTWARE.

Dont forget to tip your server!
Bitcoin Cash (BCH)			qpz32c4lg7x7lnk9jg6qg7s4uavdce89myax5v5nuk
Ether (ETH)			0x843d3DEC2A4705BD4f45F674F641cE2D0022c9FB
Litecoin (LTC)			Lfk5y4F7KZa9oRxpazETwjQnHszEPvqPvu
Bitcoin (BTC)			14Dm7L3ABPtumPDcj3REAvs4L6w9YFRnHK
