##################################
##################################
##################################
Most Shorted Shares since [2020-05-20]
##################################
##################################
##################################

     Name of Share Issuer  Position Holder
0  BABCOCK INTL GROUP PLC                3
1      BURBERRY GROUP PLC                3
2              CAPITA PLC                3
3            CARNIVAL PLC                3
4             EASYJET PLC                3

         Name of Share Issuer  Net Short Position (%)
0                 EASYJET PLC                    5.14
1                  CAPITA PLC                    5.03
2      BABCOCK INTL GROUP PLC                    4.07
3                CARNIVAL PLC                    3.51
4              Royal Mail Plc                    3.40
5                 PEARSON PLC                    2.78
6              METRO BANK PLC                    2.72
7          BURBERRY GROUP PLC                    2.53
8                      AA PLC                    2.49
9                INCHCAPE PLC                    2.43
10                 HISCOX LTD                    1.85
11                     TUI AG                    1.60
12  MICRO FOCUS INTERNATIONAL                    1.49
13         WEIR GROUP PLC/THE                    1.46
14                    G4S PLC                    1.40
15                DIGNITY PLC                    1.37
16           DUNELM GROUP PLC                    1.37
17                MEGGITT PLC                    1.37
18  MARKS & SPENCER GROUP PLC                    1.26
19      WOOD GROUP (JOHN) PLC                    1.22

#########[+]SUMMARY MOST OVERALL SHORTED[+]######################
#########[+]SUMMARY MOST OVERALL SHORTED[+]######################
#########[+]SUMMARY MOST OVERALL SHORTED[+]######################

[+]	CAPITA PLC
[+]	BABCOCK INTL GROUP PLC
[+]	CARNIVAL PLC
[+]	EASYJET PLC
[+]	BURBERRY GROUP PLC


THE SOFTWARE IS PROVIDED 'AS IS', WITHOUT WARRANTY OF ANY KIND, EXPRESS OR IMPLIED, INCLUDING BUT NOT LIMITED TO THE WARRANTIES OF MERCHANTABILITY, FITNESS FOR A PARTICULAR PURPOSE, TITLE AND NON-INFRINGEMENT. IN NO EVENT SHALL THE COPYRIGHT HOLDERS OR ANYONE DISTRIBUTING THE SOFTWARE BE LIABLE FOR ANY DAMAGES OR OTHER LIABILITY, WHETHER IN CONTRACT, TORT OR OTHERWISE, ARISING FROM, OUT OF OR IN CONNECTION WITH THE SOFTWARE OR THE USE OR OTHER DEALINGS IN THE SOFTWARE.

Dont forget to tip your server!
Bitcoin Cash (BCH)			qpz32c4lg7x7lnk9jg6qg7s4uavdce89myax5v5nuk
Ether (ETH)			0x843d3DEC2A4705BD4f45F674F641cE2D0022c9FB
Litecoin (LTC)			Lfk5y4F7KZa9oRxpazETwjQnHszEPvqPvu
Bitcoin (BTC)			14Dm7L3ABPtumPDcj3REAvs4L6w9YFRnHK
