##################################
##################################
##################################
Most Shorted Shares since [2020-01-06]
##################################
##################################
##################################

                        Name of Share Issuer  Position Holder
0                            CINEWORLD GROUP                6
1                      WOOD GROUP (JOHN) PLC                6
2                                PEARSON PLC                5
3   Aston Martin Lagonda Global Holdings Plc                4
4                  Flutter Entertainment plc                4
5                                    SIG PLC                4
6                                  TED BAKER                4
7                   DOMINO'S PIZZA GROUP PLC                3
8                              HAMMERSON PLC                3
9                        JOHNSON MATTHEY PLC                3
10                      KEYWORDS STUDIOS PLC                3
11                            Royal Mail Plc                3
12                        WEIR GROUP PLC/THE                3

                        Name of Share Issuer  Net Short Position (%)
0                            CINEWORLD GROUP                    8.97
1                                    SIG PLC                    6.86
2                      WOOD GROUP (JOHN) PLC                    5.76
3                                    IQE PLC                    5.17
4                                PEARSON PLC                    4.79
5                              HAMMERSON PLC                    4.61
6                        GREENCORE GROUP PLC                    4.12
7                        INTU PROPERTIES PLC                    4.06
8                   DOMINO'S PIZZA GROUP PLC                    3.80
9                             METRO BANK PLC                    3.74
10                 Flutter Entertainment plc                    3.73
11  Aston Martin Lagonda Global Holdings Plc                    3.45
12                          DUNELM GROUP PLC                    3.26
13                         PETROPAVLOVSK PLC                    3.15
14                                 TED BAKER                    2.94
15                            NMC HEALTH PLC                    2.81
16                            KINGFISHER PLC                    2.72
17                               VICTREX PLC                    2.39
18                      KEYWORDS STUDIOS PLC                    2.38
19                   CRODA INTERNATIONAL PLC                    2.22

#########[+]SUMMARY MOST OVERALL SHORTED[+]######################
#########[+]SUMMARY MOST OVERALL SHORTED[+]######################
#########[+]SUMMARY MOST OVERALL SHORTED[+]######################

[+]	Aston Martin Lagonda Global Holdings Plc
[+]	HAMMERSON PLC
[+]	PEARSON PLC
[+]	SIG PLC
[+]	Flutter Entertainment plc
[+]	CINEWORLD GROUP
[+]	DOMINO'S PIZZA GROUP PLC
[+]	TED BAKER
[+]	KEYWORDS STUDIOS PLC
[+]	WOOD GROUP (JOHN) PLC


THE SOFTWARE IS PROVIDED 'AS IS', WITHOUT WARRANTY OF ANY KIND, EXPRESS OR IMPLIED, INCLUDING BUT NOT LIMITED TO THE WARRANTIES OF MERCHANTABILITY, FITNESS FOR A PARTICULAR PURPOSE, TITLE AND NON-INFRINGEMENT. IN NO EVENT SHALL THE COPYRIGHT HOLDERS OR ANYONE DISTRIBUTING THE SOFTWARE BE LIABLE FOR ANY DAMAGES OR OTHER LIABILITY, WHETHER IN CONTRACT, TORT OR OTHERWISE, ARISING FROM, OUT OF OR IN CONNECTION WITH THE SOFTWARE OR THE USE OR OTHER DEALINGS IN THE SOFTWARE.

Dont forget to tip your server!
Bitcoin Cash (BCH)			qpz32c4lg7x7lnk9jg6qg7s4uavdce89myax5v5nuk
Ether (ETH)			0x843d3DEC2A4705BD4f45F674F641cE2D0022c9FB
Litecoin (LTC)			Lfk5y4F7KZa9oRxpazETwjQnHszEPvqPvu
Bitcoin (BTC)			14Dm7L3ABPtumPDcj3REAvs4L6w9YFRnHK
