##################################
##################################
##################################
Most Shorted Shares since [2020-03-31]
##################################
##################################
##################################

        Name of Share Issuer  Position Holder
0  Flutter Entertainment plc                4
1              HAMMERSON PLC                4
2                EASYJET PLC                3
3                PEARSON PLC                3
4         WEIR GROUP PLC/THE                3

            Name of Share Issuer  Net Short Position (%)
0      Flutter Entertainment plc                    4.53
1                    EASYJET PLC                    4.50
2                  HAMMERSON PLC                    3.89
3       WM MORRISON SUPERMARKETS                    3.77
4                   INCHCAPE PLC                    3.40
5             WEIR GROUP PLC/THE                    3.00
6        CRODA INTERNATIONAL PLC                    2.51
7                       ASOS PLC                    2.47
8                    PEARSON PLC                    2.33
9                  A.G. Barr PLC                    2.30
10           VIRGIN MONEY UK PLC                    2.29
11         WOOD GROUP (JOHN) PLC                    2.18
12                   DIGNITY PLC                    2.01
13                  CARNIVAL PLC                    1.87
14                 ASCENTIAL PLC                    1.81
15                METRO BANK PLC                    1.79
16     MICRO FOCUS INTERNATIONAL                    1.79
17  SMITH (DAVID S) HOLDINGS PLC                    1.76
18                 MENZIES(JOHN)                    1.73
19                   VICTREX PLC                    1.73

#########[+]SUMMARY MOST OVERALL SHORTED[+]######################
#########[+]SUMMARY MOST OVERALL SHORTED[+]######################
#########[+]SUMMARY MOST OVERALL SHORTED[+]######################

[+]	WEIR GROUP PLC/THE
[+]	HAMMERSON PLC
[+]	PEARSON PLC
[+]	EASYJET PLC
[+]	Flutter Entertainment plc


THE SOFTWARE IS PROVIDED 'AS IS', WITHOUT WARRANTY OF ANY KIND, EXPRESS OR IMPLIED, INCLUDING BUT NOT LIMITED TO THE WARRANTIES OF MERCHANTABILITY, FITNESS FOR A PARTICULAR PURPOSE, TITLE AND NON-INFRINGEMENT. IN NO EVENT SHALL THE COPYRIGHT HOLDERS OR ANYONE DISTRIBUTING THE SOFTWARE BE LIABLE FOR ANY DAMAGES OR OTHER LIABILITY, WHETHER IN CONTRACT, TORT OR OTHERWISE, ARISING FROM, OUT OF OR IN CONNECTION WITH THE SOFTWARE OR THE USE OR OTHER DEALINGS IN THE SOFTWARE.

Dont forget to tip your server!
Bitcoin Cash (BCH)			qpz32c4lg7x7lnk9jg6qg7s4uavdce89myax5v5nuk
Ether (ETH)			0x843d3DEC2A4705BD4f45F674F641cE2D0022c9FB
Litecoin (LTC)			Lfk5y4F7KZa9oRxpazETwjQnHszEPvqPvu
Bitcoin (BTC)			14Dm7L3ABPtumPDcj3REAvs4L6w9YFRnHK
