##################################
##################################
##################################
Most Shorted Shares since [2020-06-03]
##################################
##################################
##################################

     Name of Share Issuer  Position Holder
0           WHITBREAD PLC                5
1             EASYJET PLC                4
2  BABCOCK INTL GROUP PLC                3
3             PEARSON PLC                3

         Name of Share Issuer  Net Short Position (%)
0              HYVE GROUP PLC                    6.43
1                 EASYJET PLC                    4.95
2              Royal Mail Plc                    4.07
3                 DIGNITY PLC                    4.00
4               WHITBREAD PLC                    3.69
5                 PEARSON PLC                    3.48
6                  CAPITA PLC                    3.06
7    WM MORRISON SUPERMARKETS                    2.95
8      BABCOCK INTL GROUP PLC                    2.66
9                  HISCOX LTD                    2.52
10          SAINSBURY (J) PLC                    2.05
11   HOWDEN JOINERY GROUP PLC                    1.94
12    CRODA INTERNATIONAL PLC                    1.71
13         UDG HEALTHCARE PLC                    1.62
14         BURBERRY GROUP PLC                    1.60
15                     TUI AG                    1.39
16              ASCENTIAL PLC                    1.35
17  MICRO FOCUS INTERNATIONAL                    1.35
18     Arrow Global Group plc                    1.34
19         VODAFONE GROUP PLC                    1.30

#########[+]SUMMARY MOST OVERALL SHORTED[+]######################
#########[+]SUMMARY MOST OVERALL SHORTED[+]######################
#########[+]SUMMARY MOST OVERALL SHORTED[+]######################

[+]	BABCOCK INTL GROUP PLC
[+]	WHITBREAD PLC
[+]	EASYJET PLC
[+]	PEARSON PLC


THE SOFTWARE IS PROVIDED 'AS IS', WITHOUT WARRANTY OF ANY KIND, EXPRESS OR IMPLIED, INCLUDING BUT NOT LIMITED TO THE WARRANTIES OF MERCHANTABILITY, FITNESS FOR A PARTICULAR PURPOSE, TITLE AND NON-INFRINGEMENT. IN NO EVENT SHALL THE COPYRIGHT HOLDERS OR ANYONE DISTRIBUTING THE SOFTWARE BE LIABLE FOR ANY DAMAGES OR OTHER LIABILITY, WHETHER IN CONTRACT, TORT OR OTHERWISE, ARISING FROM, OUT OF OR IN CONNECTION WITH THE SOFTWARE OR THE USE OR OTHER DEALINGS IN THE SOFTWARE.

Dont forget to tip your server!
Bitcoin Cash (BCH)			qpz32c4lg7x7lnk9jg6qg7s4uavdce89myax5v5nuk
Ether (ETH)			0x843d3DEC2A4705BD4f45F674F641cE2D0022c9FB
Litecoin (LTC)			Lfk5y4F7KZa9oRxpazETwjQnHszEPvqPvu
Bitcoin (BTC)			14Dm7L3ABPtumPDcj3REAvs4L6w9YFRnHK
