##################################
##################################
##################################
Most Shorted Shares since [2020-04-22]
##################################
##################################
##################################

         Name of Share Issuer  Position Holder
0              TULLOW OIL PLC                6
1      BABCOCK INTL GROUP PLC                4
2               HAMMERSON PLC                4
3        KEYWORDS STUDIOS PLC                4
4              Royal Mail Plc                4
5               ASCENTIAL PLC                3
6        BLUE PRISM GROUP PLC                3
7                  CAPITA PLC                3
8                 EASYJET PLC                3
9         GREENCORE GROUP PLC                3
10             METRO BANK PLC                3
11  MICRO FOCUS INTERNATIONAL                3
12                PEARSON PLC                3
13          SAINSBURY (J) PLC                3
14                     TUI AG                3
15         WEIR GROUP PLC/THE                3

        Name of Share Issuer  Net Short Position (%)
0              HAMMERSON PLC                    6.39
1             TULLOW OIL PLC                    6.03
2             METRO BANK PLC                    5.50
3          PETROPAVLOVSK PLC                    5.02
4             Royal Mail Plc                    4.68
5          SAINSBURY (J) PLC                    4.57
6                 CAPITA PLC                    4.23
7   WM MORRISON SUPERMARKETS                    3.83
8              ASCENTIAL PLC                    3.73
9                EASYJET PLC                    3.66
10      BLUE PRISM GROUP PLC                    3.47
11      KEYWORDS STUDIOS PLC                    3.28
12                    TUI AG                    3.15
13        HALFORDS GROUP PLC                    3.08
14             A.G. Barr PLC                    2.90
15    BABCOCK INTL GROUP PLC                    2.76
16        WEIR GROUP PLC/THE                    2.25
17               DIGNITY PLC                    2.21
18             MENZIES(JOHN)                    2.14
19                   IQE PLC                    2.13

#########[+]SUMMARY MOST OVERALL SHORTED[+]######################
#########[+]SUMMARY MOST OVERALL SHORTED[+]######################
#########[+]SUMMARY MOST OVERALL SHORTED[+]######################

[+]	CAPITA PLC
[+]	METRO BANK PLC
[+]	SAINSBURY (J) PLC
[+]	TULLOW OIL PLC
[+]	BABCOCK INTL GROUP PLC
[+]	ASCENTIAL PLC
[+]	KEYWORDS STUDIOS PLC
[+]	Royal Mail Plc
[+]	HAMMERSON PLC
[+]	BLUE PRISM GROUP PLC
[+]	TUI AG
[+]	WEIR GROUP PLC/THE
[+]	EASYJET PLC


THE SOFTWARE IS PROVIDED 'AS IS', WITHOUT WARRANTY OF ANY KIND, EXPRESS OR IMPLIED, INCLUDING BUT NOT LIMITED TO THE WARRANTIES OF MERCHANTABILITY, FITNESS FOR A PARTICULAR PURPOSE, TITLE AND NON-INFRINGEMENT. IN NO EVENT SHALL THE COPYRIGHT HOLDERS OR ANYONE DISTRIBUTING THE SOFTWARE BE LIABLE FOR ANY DAMAGES OR OTHER LIABILITY, WHETHER IN CONTRACT, TORT OR OTHERWISE, ARISING FROM, OUT OF OR IN CONNECTION WITH THE SOFTWARE OR THE USE OR OTHER DEALINGS IN THE SOFTWARE.

Dont forget to tip your server!
Bitcoin Cash (BCH)			qpz32c4lg7x7lnk9jg6qg7s4uavdce89myax5v5nuk
Ether (ETH)			0x843d3DEC2A4705BD4f45F674F641cE2D0022c9FB
Litecoin (LTC)			Lfk5y4F7KZa9oRxpazETwjQnHszEPvqPvu
Bitcoin (BTC)			14Dm7L3ABPtumPDcj3REAvs4L6w9YFRnHK
