##################################
##################################
##################################
Most Shorted Shares since [2020-02-07]
##################################
##################################
##################################

                        Name of Share Issuer  Position Holder
0                              HAMMERSON PLC                7
1                     BABCOCK INTL GROUP PLC                6
2                             TULLOW OIL PLC                6
3                      WOOD GROUP (JOHN) PLC                6
4                            CINEWORLD GROUP                5
5                  Flutter Entertainment plc                5
6                             METRO BANK PLC                5
7                                PEARSON PLC                5
8                         WEIR GROUP PLC/THE                5
9   Aston Martin Lagonda Global Holdings Plc                4
10                               EASYJET PLC                4
11                        EQUINITI GROUP PLC                4
12                       INTU PROPERTIES PLC                4
13                            KINGFISHER PLC                4
14                            Kier Group plc                4
15                            Royal Mail Plc                4
16                   CRODA INTERNATIONAL PLC                3
17                          DUNELM GROUP PLC                3
18                         Galliford Try plc                3
19                       JOHNSON MATTHEY PLC                3

                        Name of Share Issuer  Net Short Position (%)
0                              HAMMERSON PLC                    8.81
1                             METRO BANK PLC                    7.61
2                            CINEWORLD GROUP                    6.96
3                     BABCOCK INTL GROUP PLC                    6.78
4                             TULLOW OIL PLC                    6.57
5                                PEARSON PLC                    6.43
6                      WOOD GROUP (JOHN) PLC                    5.87
7                        INTU PROPERTIES PLC                    5.31
8                         WEIR GROUP PLC/THE                    5.15
9                                    SIG PLC                    5.13
10                            KINGFISHER PLC                    4.90
11                            Royal Mail Plc                    4.67
12                               EASYJET PLC                    4.66
13                 Flutter Entertainment plc                    4.53
14                            Kier Group plc                    3.85
15                 MARKS & SPENCER GROUP PLC                    3.79
16                          DUNELM GROUP PLC                    3.72
17                              PETROFAC LTD                    3.50
18                        EQUINITI GROUP PLC                    3.39
19  Aston Martin Lagonda Global Holdings Plc                    3.34

#########[+]SUMMARY MOST OVERALL SHORTED[+]######################
#########[+]SUMMARY MOST OVERALL SHORTED[+]######################
#########[+]SUMMARY MOST OVERALL SHORTED[+]######################

[+]	EASYJET PLC
[+]	EQUINITI GROUP PLC
[+]	BABCOCK INTL GROUP PLC
[+]	HAMMERSON PLC
[+]	INTU PROPERTIES PLC
[+]	Aston Martin Lagonda Global Holdings Plc
[+]	METRO BANK PLC
[+]	DUNELM GROUP PLC
[+]	Flutter Entertainment plc
[+]	CINEWORLD GROUP
[+]	TULLOW OIL PLC
[+]	PEARSON PLC
[+]	KINGFISHER PLC
[+]	WEIR GROUP PLC/THE
[+]	Royal Mail Plc
[+]	Kier Group plc
[+]	WOOD GROUP (JOHN) PLC


THE SOFTWARE IS PROVIDED 'AS IS', WITHOUT WARRANTY OF ANY KIND, EXPRESS OR IMPLIED, INCLUDING BUT NOT LIMITED TO THE WARRANTIES OF MERCHANTABILITY, FITNESS FOR A PARTICULAR PURPOSE, TITLE AND NON-INFRINGEMENT. IN NO EVENT SHALL THE COPYRIGHT HOLDERS OR ANYONE DISTRIBUTING THE SOFTWARE BE LIABLE FOR ANY DAMAGES OR OTHER LIABILITY, WHETHER IN CONTRACT, TORT OR OTHERWISE, ARISING FROM, OUT OF OR IN CONNECTION WITH THE SOFTWARE OR THE USE OR OTHER DEALINGS IN THE SOFTWARE.

Dont forget to tip your server!
Bitcoin Cash (BCH)			qpz32c4lg7x7lnk9jg6qg7s4uavdce89myax5v5nuk
Ether (ETH)			0x843d3DEC2A4705BD4f45F674F641cE2D0022c9FB
Litecoin (LTC)			Lfk5y4F7KZa9oRxpazETwjQnHszEPvqPvu
Bitcoin (BTC)			14Dm7L3ABPtumPDcj3REAvs4L6w9YFRnHK
