##################################
##################################
##################################
Most Shorted Shares since [2020-02-12]
##################################
##################################
##################################

                        Name of Share Issuer  Position Holder
0                              HAMMERSON PLC                8
1                      WOOD GROUP (JOHN) PLC                7
2   Aston Martin Lagonda Global Holdings Plc                6
3                     BABCOCK INTL GROUP PLC                6
4                                PEARSON PLC                6
5                             TULLOW OIL PLC                6
6                  Flutter Entertainment plc                5
7                             METRO BANK PLC                5
8                         WEIR GROUP PLC/THE                5
9                                     AA PLC                4
10                           CINEWORLD GROUP                4
11                               EASYJET PLC                4
12                        EQUINITI GROUP PLC                4
13                       INTU PROPERTIES PLC                4
14                            KINGFISHER PLC                4
15                            Kier Group plc                4
16                              PETROFAC LTD                4
17              SMITH (DAVID S) HOLDINGS PLC                4
18                               VICTREX PLC                4
19                  WM MORRISON SUPERMARKETS                4

                        Name of Share Issuer  Net Short Position (%)
0                            PREMIER OIL PLC                   17.55
1                             METRO BANK PLC                    9.04
2                              HAMMERSON PLC                    8.93
3                                     AA PLC                    7.28
4                                PEARSON PLC                    7.06
5                      WOOD GROUP (JOHN) PLC                    6.99
6                     BABCOCK INTL GROUP PLC                    6.65
7                             TULLOW OIL PLC                    6.46
8                                    SIG PLC                    5.30
9                        INTU PROPERTIES PLC                    5.28
10                           CINEWORLD GROUP                    5.27
11                        WEIR GROUP PLC/THE                    5.04
12                               VICTREX PLC                    5.03
13                               EASYJET PLC                    4.98
14                            KINGFISHER PLC                    4.77
15                         PETROPAVLOVSK PLC                    4.72
16  Aston Martin Lagonda Global Holdings Plc                    4.56
17                 Flutter Entertainment plc                    4.53
18                              PETROFAC LTD                    4.48
19                       GREENCORE GROUP PLC                    4.46

#########[+]SUMMARY MOST OVERALL SHORTED[+]######################
#########[+]SUMMARY MOST OVERALL SHORTED[+]######################
#########[+]SUMMARY MOST OVERALL SHORTED[+]######################

[+]	AA PLC
[+]	HAMMERSON PLC
[+]	WOOD GROUP (JOHN) PLC
[+]	CINEWORLD GROUP
[+]	PETROFAC LTD
[+]	INTU PROPERTIES PLC
[+]	PEARSON PLC
[+]	VICTREX PLC
[+]	KINGFISHER PLC
[+]	EASYJET PLC
[+]	WEIR GROUP PLC/THE
[+]	Flutter Entertainment plc
[+]	Aston Martin Lagonda Global Holdings Plc
[+]	BABCOCK INTL GROUP PLC
[+]	METRO BANK PLC
[+]	TULLOW OIL PLC


THE SOFTWARE IS PROVIDED 'AS IS', WITHOUT WARRANTY OF ANY KIND, EXPRESS OR IMPLIED, INCLUDING BUT NOT LIMITED TO THE WARRANTIES OF MERCHANTABILITY, FITNESS FOR A PARTICULAR PURPOSE, TITLE AND NON-INFRINGEMENT. IN NO EVENT SHALL THE COPYRIGHT HOLDERS OR ANYONE DISTRIBUTING THE SOFTWARE BE LIABLE FOR ANY DAMAGES OR OTHER LIABILITY, WHETHER IN CONTRACT, TORT OR OTHERWISE, ARISING FROM, OUT OF OR IN CONNECTION WITH THE SOFTWARE OR THE USE OR OTHER DEALINGS IN THE SOFTWARE.

Dont forget to tip your server!
Bitcoin Cash (BCH)			qpz32c4lg7x7lnk9jg6qg7s4uavdce89myax5v5nuk
Ether (ETH)			0x843d3DEC2A4705BD4f45F674F641cE2D0022c9FB
Litecoin (LTC)			Lfk5y4F7KZa9oRxpazETwjQnHszEPvqPvu
Bitcoin (BTC)			14Dm7L3ABPtumPDcj3REAvs4L6w9YFRnHK
