##################################
##################################
##################################
Most Shorted Shares since [2020-04-13]
##################################
##################################
##################################

            Name of Share Issuer  Position Holder
0                    EASYJET PLC                6
1      Flutter Entertainment plc                5
2              SAINSBURY (J) PLC                4
3       WM MORRISON SUPERMARKETS                4
4                         AA PLC                3
5                    AGGREKO PLC                3
6    JUPITER FUND MANAGEMENT PLC                3
7           KEYWORDS STUDIOS PLC                3
8                    PEARSON PLC                3
9                   PETROFAC LTD                3
10  SMITH (DAVID S) HOLDINGS PLC                3

                        Name of Share Issuer  Net Short Position (%)
0                                EASYJET PLC                    7.78
1                   WM MORRISON SUPERMARKETS                    6.47
2                          SAINSBURY (J) PLC                    5.86
3                  Flutter Entertainment plc                    5.05
4                          PETROPAVLOVSK PLC                    4.72
5                                     AA PLC                    4.00
6                                 CAPITA PLC                    3.27
7                             EMIS GROUP PLC                    3.26
8                              A.G. Barr PLC                    2.92
9                                AGGREKO PLC                    2.76
10                            Royal Mail Plc                    2.73
11  Aston Martin Lagonda Global Holdings Plc                    2.67
12                      KEYWORDS STUDIOS PLC                    2.66
13                               DIGNITY PLC                    2.59
14                             ASCENTIAL PLC                    2.43
15                 CREST NICHOLSON HLDGS PLC                    2.42
16                               PEARSON PLC                    2.28
17              SMITH (DAVID S) HOLDINGS PLC                    2.16
18                                   IQE PLC                    2.06
19                STANDARD LIFE ABERDEEN PLC                    1.95

#########[+]SUMMARY MOST OVERALL SHORTED[+]######################
#########[+]SUMMARY MOST OVERALL SHORTED[+]######################
#########[+]SUMMARY MOST OVERALL SHORTED[+]######################

[+]	KEYWORDS STUDIOS PLC
[+]	SMITH (DAVID S) HOLDINGS PLC
[+]	EASYJET PLC
[+]	WM MORRISON SUPERMARKETS
[+]	AA PLC
[+]	Flutter Entertainment plc
[+]	AGGREKO PLC
[+]	PEARSON PLC
[+]	SAINSBURY (J) PLC


THE SOFTWARE IS PROVIDED 'AS IS', WITHOUT WARRANTY OF ANY KIND, EXPRESS OR IMPLIED, INCLUDING BUT NOT LIMITED TO THE WARRANTIES OF MERCHANTABILITY, FITNESS FOR A PARTICULAR PURPOSE, TITLE AND NON-INFRINGEMENT. IN NO EVENT SHALL THE COPYRIGHT HOLDERS OR ANYONE DISTRIBUTING THE SOFTWARE BE LIABLE FOR ANY DAMAGES OR OTHER LIABILITY, WHETHER IN CONTRACT, TORT OR OTHERWISE, ARISING FROM, OUT OF OR IN CONNECTION WITH THE SOFTWARE OR THE USE OR OTHER DEALINGS IN THE SOFTWARE.

Dont forget to tip your server!
Bitcoin Cash (BCH)			qpz32c4lg7x7lnk9jg6qg7s4uavdce89myax5v5nuk
Ether (ETH)			0x843d3DEC2A4705BD4f45F674F641cE2D0022c9FB
Litecoin (LTC)			Lfk5y4F7KZa9oRxpazETwjQnHszEPvqPvu
Bitcoin (BTC)			14Dm7L3ABPtumPDcj3REAvs4L6w9YFRnHK
