##################################
##################################
##################################
Most Shorted Shares since [2020-05-06]
##################################
##################################
##################################

  Name of Share Issuer  Position Holder
0        HAMMERSON PLC                3
1               TUI AG                3
2   WEIR GROUP PLC/THE                3

                        Name of Share Issuer  Net Short Position (%)
0                              HAMMERSON PLC                    3.65
1                                     TUI AG                    3.14
2                               PETROFAC LTD                    2.61
3                                DIGNITY PLC                    2.55
4                                EASYJET PLC                    2.51
5                      WOOD GROUP (JOHN) PLC                    2.17
6                         WEIR GROUP PLC/THE                    2.09
7   Aston Martin Lagonda Global Holdings Plc                    1.85
8                                 CAPITA PLC                    1.62
9                                 HISCOX LTD                    1.62
10                        HALFORDS GROUP PLC                    1.57
11                STANDARD LIFE ABERDEEN PLC                    1.53
12                                Greggs Plc                    1.51
13                               MEGGITT PLC                    1.41
14         INTERCONTINENTAL HOTELS GROUP PLC                    1.34
15                    BABCOCK INTL GROUP PLC                    1.32
16                             A.G. Barr PLC                    1.28
17                  WM MORRISON SUPERMARKETS                    1.14
18                           LOW & BONAR PLC                    1.12
19                        UDG HEALTHCARE PLC                    1.11

#########[+]SUMMARY MOST OVERALL SHORTED[+]######################
#########[+]SUMMARY MOST OVERALL SHORTED[+]######################
#########[+]SUMMARY MOST OVERALL SHORTED[+]######################

[+]	TUI AG
[+]	HAMMERSON PLC
[+]	WEIR GROUP PLC/THE


THE SOFTWARE IS PROVIDED 'AS IS', WITHOUT WARRANTY OF ANY KIND, EXPRESS OR IMPLIED, INCLUDING BUT NOT LIMITED TO THE WARRANTIES OF MERCHANTABILITY, FITNESS FOR A PARTICULAR PURPOSE, TITLE AND NON-INFRINGEMENT. IN NO EVENT SHALL THE COPYRIGHT HOLDERS OR ANYONE DISTRIBUTING THE SOFTWARE BE LIABLE FOR ANY DAMAGES OR OTHER LIABILITY, WHETHER IN CONTRACT, TORT OR OTHERWISE, ARISING FROM, OUT OF OR IN CONNECTION WITH THE SOFTWARE OR THE USE OR OTHER DEALINGS IN THE SOFTWARE.

Dont forget to tip your server!
Bitcoin Cash (BCH)			qpz32c4lg7x7lnk9jg6qg7s4uavdce89myax5v5nuk
Ether (ETH)			0x843d3DEC2A4705BD4f45F674F641cE2D0022c9FB
Litecoin (LTC)			Lfk5y4F7KZa9oRxpazETwjQnHszEPvqPvu
Bitcoin (BTC)			14Dm7L3ABPtumPDcj3REAvs4L6w9YFRnHK
