##################################
##################################
##################################
Most Shorted Shares since [2020-01-20]
##################################
##################################
##################################

                        Name of Share Issuer  Position Holder
0                  Flutter Entertainment plc                6
1                              NORTHGATE PLC                6
2                            CINEWORLD GROUP                5
3                       KEYWORDS STUDIOS PLC                5
4               SMITH (DAVID S) HOLDINGS PLC                5
5                                EASYJET PLC                4
6                              HAMMERSON PLC                4
7                                     AA PLC                3
8   Aston Martin Lagonda Global Holdings Plc                3
9                     BABCOCK INTL GROUP PLC                3
10                                CAPITA PLC                3
11                       GREENCORE GROUP PLC                3
12                          GVC Holdings Plc                3
13               JUPITER FUND MANAGEMENT PLC                3
14                            KINGFISHER PLC                3
15                 MICRO FOCUS INTERNATIONAL                3
16                               PEARSON PLC                3
17                            Royal Mail Plc                3
18                            SUPERGROUP PLC                3
19                                 TED BAKER                3

            Name of Share Issuer  Net Short Position (%)
0                CINEWORLD GROUP                    7.46
1      Flutter Entertainment plc                    6.50
2                        SIG PLC                    5.21
3                         AA PLC                    5.01
4              PETROPAVLOVSK PLC                    4.61
5                 METRO BANK PLC                    4.60
6            GREENCORE GROUP PLC                    4.53
7                  HAMMERSON PLC                    4.40
8                  NORTHGATE PLC                    4.36
9                    EASYJET PLC                    4.13
10                   PEARSON PLC                    3.87
11  SMITH (DAVID S) HOLDINGS PLC                    3.85
12          KEYWORDS STUDIOS PLC                    3.78
13                       IQE PLC                    3.78
14        BABCOCK INTL GROUP PLC                    3.70
15    CREST NICHOLSON HLDGS  PLC                    3.31
16                    CAPITA PLC                    3.29
17                KINGFISHER PLC                    3.27
18                TULLOW OIL PLC                    3.12
19         WOOD GROUP (JOHN) PLC                    3.09

#########[+]SUMMARY MOST OVERALL SHORTED[+]######################
#########[+]SUMMARY MOST OVERALL SHORTED[+]######################
#########[+]SUMMARY MOST OVERALL SHORTED[+]######################

[+]	CINEWORLD GROUP
[+]	BABCOCK INTL GROUP PLC
[+]	HAMMERSON PLC
[+]	AA PLC
[+]	EASYJET PLC
[+]	KEYWORDS STUDIOS PLC
[+]	Flutter Entertainment plc
[+]	CAPITA PLC
[+]	SMITH (DAVID S) HOLDINGS PLC
[+]	KINGFISHER PLC
[+]	PEARSON PLC
[+]	NORTHGATE PLC
[+]	GREENCORE GROUP PLC


THE SOFTWARE IS PROVIDED 'AS IS', WITHOUT WARRANTY OF ANY KIND, EXPRESS OR IMPLIED, INCLUDING BUT NOT LIMITED TO THE WARRANTIES OF MERCHANTABILITY, FITNESS FOR A PARTICULAR PURPOSE, TITLE AND NON-INFRINGEMENT. IN NO EVENT SHALL THE COPYRIGHT HOLDERS OR ANYONE DISTRIBUTING THE SOFTWARE BE LIABLE FOR ANY DAMAGES OR OTHER LIABILITY, WHETHER IN CONTRACT, TORT OR OTHERWISE, ARISING FROM, OUT OF OR IN CONNECTION WITH THE SOFTWARE OR THE USE OR OTHER DEALINGS IN THE SOFTWARE.

Dont forget to tip your server!
Bitcoin Cash (BCH)			qpz32c4lg7x7lnk9jg6qg7s4uavdce89myax5v5nuk
Ether (ETH)			0x843d3DEC2A4705BD4f45F674F641cE2D0022c9FB
Litecoin (LTC)			Lfk5y4F7KZa9oRxpazETwjQnHszEPvqPvu
Bitcoin (BTC)			14Dm7L3ABPtumPDcj3REAvs4L6w9YFRnHK
