##################################
##################################
##################################
Most Shorted Shares since [2020-01-23]
##################################
##################################
##################################

                        Name of Share Issuer  Position Holder
0                              NORTHGATE PLC                6
1                     BABCOCK INTL GROUP PLC                5
2                            CINEWORLD GROUP                5
3                                     AA PLC                4
4                                EASYJET PLC                4
5                  Flutter Entertainment plc                4
6                       KEYWORDS STUDIOS PLC                4
7               SMITH (DAVID S) HOLDINGS PLC                4
8                                   ASOS PLC                3
9   Aston Martin Lagonda Global Holdings Plc                3
10                          GVC Holdings Plc                3
11                         Galliford Try plc                3
12                             HAMMERSON PLC                3
13                       JOHNSON MATTHEY PLC                3
14               JUPITER FUND MANAGEMENT PLC                3
15                            KINGFISHER PLC                3
16                 MICRO FOCUS INTERNATIONAL                3
17                               PEARSON PLC                3
18                            SUPERGROUP PLC                3
19                                 TED BAKER                3

            Name of Share Issuer  Net Short Position (%)
0                PREMIER OIL PLC                   16.73
1                CINEWORLD GROUP                    7.37
2         BABCOCK INTL GROUP PLC                    5.77
3                         AA PLC                    5.65
4                        SIG PLC                    5.21
5      Flutter Entertainment plc                    4.83
6              PETROPAVLOVSK PLC                    4.61
7                 METRO BANK PLC                    4.60
8                  NORTHGATE PLC                    4.36
9                    PEARSON PLC                    4.25
10                   EASYJET PLC                    4.24
11                   VICTREX PLC                    3.72
12  SMITH (DAVID S) HOLDINGS PLC                    3.33
13                Royal Mail Plc                    3.31
14          KEYWORDS STUDIOS PLC                    3.28
15                KINGFISHER PLC                    3.25
16         WOOD GROUP (JOHN) PLC                    3.09
17                 HAMMERSON PLC                    3.05
18            WEIR GROUP PLC/THE                    2.85
19    CREST NICHOLSON HLDGS  PLC                    2.71

#########[+]SUMMARY MOST OVERALL SHORTED[+]######################
#########[+]SUMMARY MOST OVERALL SHORTED[+]######################
#########[+]SUMMARY MOST OVERALL SHORTED[+]######################

[+]	KEYWORDS STUDIOS PLC
[+]	EASYJET PLC
[+]	BABCOCK INTL GROUP PLC
[+]	Flutter Entertainment plc
[+]	HAMMERSON PLC
[+]	PEARSON PLC
[+]	AA PLC
[+]	NORTHGATE PLC
[+]	CINEWORLD GROUP
[+]	SMITH (DAVID S) HOLDINGS PLC
[+]	KINGFISHER PLC


THE SOFTWARE IS PROVIDED 'AS IS', WITHOUT WARRANTY OF ANY KIND, EXPRESS OR IMPLIED, INCLUDING BUT NOT LIMITED TO THE WARRANTIES OF MERCHANTABILITY, FITNESS FOR A PARTICULAR PURPOSE, TITLE AND NON-INFRINGEMENT. IN NO EVENT SHALL THE COPYRIGHT HOLDERS OR ANYONE DISTRIBUTING THE SOFTWARE BE LIABLE FOR ANY DAMAGES OR OTHER LIABILITY, WHETHER IN CONTRACT, TORT OR OTHERWISE, ARISING FROM, OUT OF OR IN CONNECTION WITH THE SOFTWARE OR THE USE OR OTHER DEALINGS IN THE SOFTWARE.

Dont forget to tip your server!
Bitcoin Cash (BCH)			qpz32c4lg7x7lnk9jg6qg7s4uavdce89myax5v5nuk
Ether (ETH)			0x843d3DEC2A4705BD4f45F674F641cE2D0022c9FB
Litecoin (LTC)			Lfk5y4F7KZa9oRxpazETwjQnHszEPvqPvu
Bitcoin (BTC)			14Dm7L3ABPtumPDcj3REAvs4L6w9YFRnHK
