##################################
##################################
##################################
Most Shorted Shares since [2020-01-15]
##################################
##################################
##################################

                        Name of Share Issuer  Position Holder
0                  Flutter Entertainment plc                8
1                            CINEWORLD GROUP                5
2                              HAMMERSON PLC                5
3                              NORTHGATE PLC                5
4               SMITH (DAVID S) HOLDINGS PLC                5
5                      WOOD GROUP (JOHN) PLC                5
6   Aston Martin Lagonda Global Holdings Plc                4
7                       KEYWORDS STUDIOS PLC                4
8                                PEARSON PLC                4
9                                     AA PLC                3
10                                  ASOS PLC                3
11                          DUNELM GROUP PLC                3
12                               EASYJET PLC                3
13                       GREENCORE GROUP PLC                3
14                          GVC Holdings Plc                3
15                   HARGREAVES LANSDOWN PLC                3
16                      HURRICANE ENERGY PLC                3
17                            Royal Mail Plc                3
18                            SUPERGROUP PLC                3
19                                 TED BAKER                3

                        Name of Share Issuer  Net Short Position (%)
0                  Flutter Entertainment plc                    8.01
1                            CINEWORLD GROUP                    7.23
2                              HAMMERSON PLC                    6.56
3                                    SIG PLC                    5.28
4                             METRO BANK PLC                    4.66
5                        GREENCORE GROUP PLC                    4.62
6                          PETROPAVLOVSK PLC                    4.61
7                                PEARSON PLC                    4.50
8                      WOOD GROUP (JOHN) PLC                    4.47
9                                     AA PLC                    3.89
10                                   IQE PLC                    3.87
11              SMITH (DAVID S) HOLDINGS PLC                    3.84
12                          DUNELM GROUP PLC                    3.77
13                CREST NICHOLSON HLDGS  PLC                    3.67
14                               EASYJET PLC                    3.63
15                             NORTHGATE PLC                    3.41
16  Aston Martin Lagonda Global Holdings Plc                    3.32
17                        WEIR GROUP PLC/THE                    3.18
18                            TULLOW OIL PLC                    2.98
19                            KINGFISHER PLC                    2.80

#########[+]SUMMARY MOST OVERALL SHORTED[+]######################
#########[+]SUMMARY MOST OVERALL SHORTED[+]######################
#########[+]SUMMARY MOST OVERALL SHORTED[+]######################

[+]	AA PLC
[+]	PEARSON PLC
[+]	DUNELM GROUP PLC
[+]	GREENCORE GROUP PLC
[+]	HAMMERSON PLC
[+]	WOOD GROUP (JOHN) PLC
[+]	EASYJET PLC
[+]	NORTHGATE PLC
[+]	Flutter Entertainment plc
[+]	SMITH (DAVID S) HOLDINGS PLC
[+]	Aston Martin Lagonda Global Holdings Plc
[+]	CINEWORLD GROUP


THE SOFTWARE IS PROVIDED 'AS IS', WITHOUT WARRANTY OF ANY KIND, EXPRESS OR IMPLIED, INCLUDING BUT NOT LIMITED TO THE WARRANTIES OF MERCHANTABILITY, FITNESS FOR A PARTICULAR PURPOSE, TITLE AND NON-INFRINGEMENT. IN NO EVENT SHALL THE COPYRIGHT HOLDERS OR ANYONE DISTRIBUTING THE SOFTWARE BE LIABLE FOR ANY DAMAGES OR OTHER LIABILITY, WHETHER IN CONTRACT, TORT OR OTHERWISE, ARISING FROM, OUT OF OR IN CONNECTION WITH THE SOFTWARE OR THE USE OR OTHER DEALINGS IN THE SOFTWARE.

Dont forget to tip your server!
Bitcoin Cash (BCH)			qpz32c4lg7x7lnk9jg6qg7s4uavdce89myax5v5nuk
Ether (ETH)			0x843d3DEC2A4705BD4f45F674F641cE2D0022c9FB
Litecoin (LTC)			Lfk5y4F7KZa9oRxpazETwjQnHszEPvqPvu
Bitcoin (BTC)			14Dm7L3ABPtumPDcj3REAvs4L6w9YFRnHK
