##################################
##################################
##################################
Most Shorted Shares since [2020-04-28]
##################################
##################################
##################################

        Name of Share Issuer  Position Holder
0  MICRO FOCUS INTERNATIONAL                4
1          SAINSBURY (J) PLC                4
2                EASYJET PLC                3
3                MEGGITT PLC                3
4             Royal Mail Plc                3
5                     TUI AG                3
6             TULLOW OIL PLC                3
7      WOOD GROUP (JOHN) PLC                3

         Name of Share Issuer  Net Short Position (%)
0           SAINSBURY (J) PLC                    4.72
1              Royal Mail Plc                    4.21
2                  CAPITA PLC                    4.14
3               HAMMERSON PLC                    4.09
4              TULLOW OIL PLC                    3.85
5                 EASYJET PLC                    3.72
6   MICRO FOCUS INTERNATIONAL                    3.57
7                INCHCAPE PLC                    3.08
8                      TUI AG                    2.94
9       WOOD GROUP (JOHN) PLC                    2.76
10   WM MORRISON SUPERMARKETS                    2.44
11                    IQE PLC                    2.28
12   HOWDEN JOINERY GROUP PLC                    2.03
13                DIGNITY PLC                    1.88
14                MEGGITT PLC                    1.79
15  Flutter Entertainment plc                    1.77
16        VIRGIN MONEY UK PLC                    1.62
17          NEWRIVER REIT PLC                    1.46
18              WHITBREAD PLC                    1.29
19       ST JAMES'S PLACE PLC                    1.28

#########[+]SUMMARY MOST OVERALL SHORTED[+]######################
#########[+]SUMMARY MOST OVERALL SHORTED[+]######################
#########[+]SUMMARY MOST OVERALL SHORTED[+]######################

[+]	SAINSBURY (J) PLC
[+]	WOOD GROUP (JOHN) PLC
[+]	MEGGITT PLC
[+]	MICRO FOCUS INTERNATIONAL
[+]	Royal Mail Plc
[+]	TULLOW OIL PLC
[+]	TUI AG
[+]	EASYJET PLC


THE SOFTWARE IS PROVIDED 'AS IS', WITHOUT WARRANTY OF ANY KIND, EXPRESS OR IMPLIED, INCLUDING BUT NOT LIMITED TO THE WARRANTIES OF MERCHANTABILITY, FITNESS FOR A PARTICULAR PURPOSE, TITLE AND NON-INFRINGEMENT. IN NO EVENT SHALL THE COPYRIGHT HOLDERS OR ANYONE DISTRIBUTING THE SOFTWARE BE LIABLE FOR ANY DAMAGES OR OTHER LIABILITY, WHETHER IN CONTRACT, TORT OR OTHERWISE, ARISING FROM, OUT OF OR IN CONNECTION WITH THE SOFTWARE OR THE USE OR OTHER DEALINGS IN THE SOFTWARE.

Dont forget to tip your server!
Bitcoin Cash (BCH)			qpz32c4lg7x7lnk9jg6qg7s4uavdce89myax5v5nuk
Ether (ETH)			0x843d3DEC2A4705BD4f45F674F641cE2D0022c9FB
Litecoin (LTC)			Lfk5y4F7KZa9oRxpazETwjQnHszEPvqPvu
Bitcoin (BTC)			14Dm7L3ABPtumPDcj3REAvs4L6w9YFRnHK
