##################################
##################################
##################################
Most Shorted Shares since [2019-12-19]
##################################
##################################
##################################

         Name of Share Issuer  Position Holder
0                   TED BAKER                4
1                    ASOS PLC                3
2       AUTO TRADER GROUP PLC                3
3      BABCOCK INTL GROUP PLC                3
4             CINEWORLD GROUP                3
5                 EASYJET PLC                3
6   Flutter Entertainment plc                3
7              NMC HEALTH PLC                3
8                 PLUS500 LTD                3
9              Royal Mail Plc                3
10                VICTREX PLC                3
11      WOOD GROUP (JOHN) PLC                3

          Name of Share Issuer  Net Short Position (%)
0              CINEWORLD GROUP                    5.65
1               METRO BANK PLC                    4.19
2   CREST NICHOLSON HLDGS  PLC                    4.13
3                  EASYJET PLC                    4.12
4               NMC HEALTH PLC                    4.00
5                  PLUS500 LTD                    3.89
6        WOOD GROUP (JOHN) PLC                    3.59
7                  VICTREX PLC                    3.30
8    Flutter Entertainment plc                    3.20
9      LANCASHIRE HOLDINGS LTD                    2.90
10                    ASOS PLC                    2.88
11                      AA PLC                    2.70
12                 BEAZLEY PLC                    2.62
13                   TED BAKER                    2.61
14              Royal Mail Plc                    2.52
15      BABCOCK INTL GROUP PLC                    2.24
16          WEIR GROUP PLC/THE                    2.02
17    DOMINO'S PIZZA GROUP PLC                    2.01
18       AUTO TRADER GROUP PLC                    1.99
19           Galliford Try plc                    1.83

#########[+]SUMMARY MOST OVERALL SHORTED[+]######################
#########[+]SUMMARY MOST OVERALL SHORTED[+]######################
#########[+]SUMMARY MOST OVERALL SHORTED[+]######################

[+]	TED BAKER
[+]	WOOD GROUP (JOHN) PLC
[+]	Royal Mail Plc
[+]	CINEWORLD GROUP
[+]	PLUS500 LTD
[+]	Flutter Entertainment plc
[+]	NMC HEALTH PLC
[+]	VICTREX PLC
[+]	ASOS PLC
[+]	BABCOCK INTL GROUP PLC
[+]	EASYJET PLC
[+]	AUTO TRADER GROUP PLC


THE SOFTWARE IS PROVIDED 'AS IS', WITHOUT WARRANTY OF ANY KIND, EXPRESS OR IMPLIED, INCLUDING BUT NOT LIMITED TO THE WARRANTIES OF MERCHANTABILITY, FITNESS FOR A PARTICULAR PURPOSE, TITLE AND NON-INFRINGEMENT. IN NO EVENT SHALL THE COPYRIGHT HOLDERS OR ANYONE DISTRIBUTING THE SOFTWARE BE LIABLE FOR ANY DAMAGES OR OTHER LIABILITY, WHETHER IN CONTRACT, TORT OR OTHERWISE, ARISING FROM, OUT OF OR IN CONNECTION WITH THE SOFTWARE OR THE USE OR OTHER DEALINGS IN THE SOFTWARE.

Dont forget to tip your server!
Bitcoin Cash (BCH)			qpz32c4lg7x7lnk9jg6qg7s4uavdce89myax5v5nuk
Ether (ETH)			0x843d3DEC2A4705BD4f45F674F641cE2D0022c9FB
Litecoin (LTC)			Lfk5y4F7KZa9oRxpazETwjQnHszEPvqPvu
Bitcoin (BTC)			14Dm7L3ABPtumPDcj3REAvs4L6w9YFRnHK
