##################################
##################################
##################################
Most Shorted Shares since [2020-02-03]
##################################
##################################
##################################

                        Name of Share Issuer  Position Holder
0                              NORTHGATE PLC                7
1                     BABCOCK INTL GROUP PLC                6
2                                PEARSON PLC                6
3                              HAMMERSON PLC                5
4   Aston Martin Lagonda Global Holdings Plc                4
5                                EASYJET PLC                4
6                  Flutter Entertainment plc                4
7                             KINGFISHER PLC                4
8                             Kier Group plc                4
9                             Royal Mail Plc                4
10                            TULLOW OIL PLC                4
11                               VICTREX PLC                4
12                        WEIR GROUP PLC/THE                4
13                                    AA PLC                3
14                                CAPITA PLC                3
15                              INCHCAPE PLC                3
16               JUPITER FUND MANAGEMENT PLC                3
17                 MICRO FOCUS INTERNATIONAL                3
18              SMITH (DAVID S) HOLDINGS PLC                3
19                     WOOD GROUP (JOHN) PLC                3

                        Name of Share Issuer  Net Short Position (%)
0                              HAMMERSON PLC                    6.44
1                                PEARSON PLC                    6.38
2                     BABCOCK INTL GROUP PLC                    6.29
3                                    SIG PLC                    5.20
4                              NORTHGATE PLC                    5.05
5                                VICTREX PLC                    5.05
6                                     AA PLC                    4.87
7                             Royal Mail Plc                    4.70
8                             KINGFISHER PLC                    4.69
9                         WEIR GROUP PLC/THE                    4.50
10                               EASYJET PLC                    4.38
11                            Kier Group plc                    3.85
12                 Flutter Entertainment plc                    3.76
13                            METRO BANK PLC                    3.69
14                            TULLOW OIL PLC                    3.66
15                        Go-Ahead Group PLC                    3.55
16                                CAPITA PLC                    3.29
17  Aston Martin Lagonda Global Holdings Plc                    3.25
18                              INCHCAPE PLC                    2.91
19                              PETROFAC LTD                    2.84

#########[+]SUMMARY MOST OVERALL SHORTED[+]######################
#########[+]SUMMARY MOST OVERALL SHORTED[+]######################
#########[+]SUMMARY MOST OVERALL SHORTED[+]######################

[+]	CAPITA PLC
[+]	TULLOW OIL PLC
[+]	Flutter Entertainment plc
[+]	VICTREX PLC
[+]	BABCOCK INTL GROUP PLC
[+]	AA PLC
[+]	WEIR GROUP PLC/THE
[+]	NORTHGATE PLC
[+]	KINGFISHER PLC
[+]	EASYJET PLC
[+]	HAMMERSON PLC
[+]	Aston Martin Lagonda Global Holdings Plc
[+]	Kier Group plc
[+]	INCHCAPE PLC
[+]	PEARSON PLC
[+]	Royal Mail Plc


THE SOFTWARE IS PROVIDED 'AS IS', WITHOUT WARRANTY OF ANY KIND, EXPRESS OR IMPLIED, INCLUDING BUT NOT LIMITED TO THE WARRANTIES OF MERCHANTABILITY, FITNESS FOR A PARTICULAR PURPOSE, TITLE AND NON-INFRINGEMENT. IN NO EVENT SHALL THE COPYRIGHT HOLDERS OR ANYONE DISTRIBUTING THE SOFTWARE BE LIABLE FOR ANY DAMAGES OR OTHER LIABILITY, WHETHER IN CONTRACT, TORT OR OTHERWISE, ARISING FROM, OUT OF OR IN CONNECTION WITH THE SOFTWARE OR THE USE OR OTHER DEALINGS IN THE SOFTWARE.

Dont forget to tip your server!
Bitcoin Cash (BCH)			qpz32c4lg7x7lnk9jg6qg7s4uavdce89myax5v5nuk
Ether (ETH)			0x843d3DEC2A4705BD4f45F674F641cE2D0022c9FB
Litecoin (LTC)			Lfk5y4F7KZa9oRxpazETwjQnHszEPvqPvu
Bitcoin (BTC)			14Dm7L3ABPtumPDcj3REAvs4L6w9YFRnHK
