##################################
##################################
##################################
Most Shorted Shares since [2019-12-16]
##################################
##################################
##################################

       Name of Share Issuer  Position Holder
0           CINEWORLD GROUP                4
1            NMC HEALTH PLC                4
2                 TED BAKER                4
3               VICTREX PLC                4
4                CAPITA PLC                3
5  DOMINO'S PIZZA GROUP PLC                3
6               EASYJET PLC                3
7               PEARSON PLC                3
8            Royal Mail Plc                3
9     WOOD GROUP (JOHN) PLC                3

          Name of Share Issuer  Net Short Position (%)
0              CINEWORLD GROUP                    7.33
1                      SIG PLC                    5.43
2               NMC HEALTH PLC                    4.42
3               METRO BANK PLC                    4.15
4                  EASYJET PLC                    4.09
5                  VICTREX PLC                    3.72
6        WOOD GROUP (JOHN) PLC                    3.48
7     DOMINO'S PIZZA GROUP PLC                    3.42
8                   CAPITA PLC                    3.40
9                  PEARSON PLC                    3.00
10  CREST NICHOLSON HLDGS  PLC                    2.83
11                 BEAZLEY PLC                    2.62
12                   TED BAKER                    2.61
13                      AA PLC                    2.60
14   Flutter Entertainment plc                    2.48
15              Royal Mail Plc                    2.45
16      Arrow Global Group plc                    2.17
17                INCHCAPE PLC                    1.91
18               A.G. Barr PLC                    1.81
19            DUNELM GROUP PLC                    1.72

#########[+]SUMMARY MOST OVERALL SHORTED[+]######################
#########[+]SUMMARY MOST OVERALL SHORTED[+]######################
#########[+]SUMMARY MOST OVERALL SHORTED[+]######################

[+]	Royal Mail Plc
[+]	WOOD GROUP (JOHN) PLC
[+]	PEARSON PLC
[+]	CAPITA PLC
[+]	EASYJET PLC
[+]	NMC HEALTH PLC
[+]	DOMINO'S PIZZA GROUP PLC
[+]	VICTREX PLC
[+]	CINEWORLD GROUP
[+]	TED BAKER


THE SOFTWARE IS PROVIDED 'AS IS', WITHOUT WARRANTY OF ANY KIND, EXPRESS OR IMPLIED, INCLUDING BUT NOT LIMITED TO THE WARRANTIES OF MERCHANTABILITY, FITNESS FOR A PARTICULAR PURPOSE, TITLE AND NON-INFRINGEMENT. IN NO EVENT SHALL THE COPYRIGHT HOLDERS OR ANYONE DISTRIBUTING THE SOFTWARE BE LIABLE FOR ANY DAMAGES OR OTHER LIABILITY, WHETHER IN CONTRACT, TORT OR OTHERWISE, ARISING FROM, OUT OF OR IN CONNECTION WITH THE SOFTWARE OR THE USE OR OTHER DEALINGS IN THE SOFTWARE.

Dont forget to tip your server!
Bitcoin Cash (BCH)			qpz32c4lg7x7lnk9jg6qg7s4uavdce89myax5v5nuk
Ether (ETH)			0x843d3DEC2A4705BD4f45F674F641cE2D0022c9FB
Litecoin (LTC)			Lfk5y4F7KZa9oRxpazETwjQnHszEPvqPvu
Bitcoin (BTC)			14Dm7L3ABPtumPDcj3REAvs4L6w9YFRnHK
