##################################
##################################
##################################
Most Shorted Shares since [2020-05-05]
##################################
##################################
##################################

  Name of Share Issuer  Position Holder
0        HAMMERSON PLC                4
1          PEARSON PLC                3
2               TUI AG                3
3   WEIR GROUP PLC/THE                3

                        Name of Share Issuer  Net Short Position (%)
0                              HAMMERSON PLC                    7.98
1                                PEARSON PLC                    4.29
2                                     TUI AG                    3.14
3                         HALFORDS GROUP PLC                    2.65
4                               PETROFAC LTD                    2.61
5                                DIGNITY PLC                    2.55
6                                EASYJET PLC                    2.51
7                      WOOD GROUP (JOHN) PLC                    2.17
8                                 CAPITA PLC                    2.12
9                         WEIR GROUP PLC/THE                    2.09
10                      KEYWORDS STUDIOS PLC                    2.04
11  Aston Martin Lagonda Global Holdings Plc                    1.85
12                                HISCOX LTD                    1.62
13                          WILLIAM HILL PLC                    1.56
14                STANDARD LIFE ABERDEEN PLC                    1.53
15                                Greggs Plc                    1.51
16                               MEGGITT PLC                    1.41
17                 MICRO FOCUS INTERNATIONAL                    1.41
18         INTERCONTINENTAL HOTELS GROUP PLC                    1.34
19                    BABCOCK INTL GROUP PLC                    1.32

#########[+]SUMMARY MOST OVERALL SHORTED[+]######################
#########[+]SUMMARY MOST OVERALL SHORTED[+]######################
#########[+]SUMMARY MOST OVERALL SHORTED[+]######################

[+]	PEARSON PLC
[+]	WEIR GROUP PLC/THE
[+]	HAMMERSON PLC
[+]	TUI AG


THE SOFTWARE IS PROVIDED 'AS IS', WITHOUT WARRANTY OF ANY KIND, EXPRESS OR IMPLIED, INCLUDING BUT NOT LIMITED TO THE WARRANTIES OF MERCHANTABILITY, FITNESS FOR A PARTICULAR PURPOSE, TITLE AND NON-INFRINGEMENT. IN NO EVENT SHALL THE COPYRIGHT HOLDERS OR ANYONE DISTRIBUTING THE SOFTWARE BE LIABLE FOR ANY DAMAGES OR OTHER LIABILITY, WHETHER IN CONTRACT, TORT OR OTHERWISE, ARISING FROM, OUT OF OR IN CONNECTION WITH THE SOFTWARE OR THE USE OR OTHER DEALINGS IN THE SOFTWARE.

Dont forget to tip your server!
Bitcoin Cash (BCH)			qpz32c4lg7x7lnk9jg6qg7s4uavdce89myax5v5nuk
Ether (ETH)			0x843d3DEC2A4705BD4f45F674F641cE2D0022c9FB
Litecoin (LTC)			Lfk5y4F7KZa9oRxpazETwjQnHszEPvqPvu
Bitcoin (BTC)			14Dm7L3ABPtumPDcj3REAvs4L6w9YFRnHK
