##################################
##################################
##################################
Most Shorted Shares since [2020-03-21]
##################################
##################################
##################################

        Name of Share Issuer  Position Holder
0             KINGFISHER PLC                5
1     BABCOCK INTL GROUP PLC                4
2              HAMMERSON PLC                4
3                PEARSON PLC                4
4      WOOD GROUP (JOHN) PLC                4
5           DUNELM GROUP PLC                3
6                EASYJET PLC                3
7  Flutter Entertainment plc                3
8                  TED BAKER                3

            Name of Share Issuer  Net Short Position (%)
0                    EASYJET PLC                    4.44
1                  HAMMERSON PLC                    4.19
2         BABCOCK INTL GROUP PLC                    3.50
3          WOOD GROUP (JOHN) PLC                    3.17
4                    DIGNITY PLC                    3.14
5                    PEARSON PLC                    3.00
6                 KINGFISHER PLC                    2.87
7                   INCHCAPE PLC                    2.85
8                  MENZIES(JOHN)                    2.72
9      Flutter Entertainment plc                    2.64
10              DUNELM GROUP PLC                    2.62
11     CREST NICHOLSON HLDGS PLC                    2.38
12      DOMINO'S PIZZA GROUP PLC                    2.23
13                METRO BANK PLC                    2.21
14                 A.G. Barr PLC                    2.15
15             ASHMORE GROUP PLC                    2.09
16                     TED BAKER                    2.01
17          BLUE PRISM GROUP PLC                    1.94
18  INTERCONTINENTAL HOTELS GROU                    1.93
19      WM MORRISON SUPERMARKETS                    1.92

#########[+]SUMMARY MOST OVERALL SHORTED[+]######################
#########[+]SUMMARY MOST OVERALL SHORTED[+]######################
#########[+]SUMMARY MOST OVERALL SHORTED[+]######################

[+]	BABCOCK INTL GROUP PLC
[+]	KINGFISHER PLC
[+]	EASYJET PLC
[+]	HAMMERSON PLC
[+]	PEARSON PLC
[+]	WOOD GROUP (JOHN) PLC
[+]	DUNELM GROUP PLC
[+]	Flutter Entertainment plc
[+]	TED BAKER


THE SOFTWARE IS PROVIDED 'AS IS', WITHOUT WARRANTY OF ANY KIND, EXPRESS OR IMPLIED, INCLUDING BUT NOT LIMITED TO THE WARRANTIES OF MERCHANTABILITY, FITNESS FOR A PARTICULAR PURPOSE, TITLE AND NON-INFRINGEMENT. IN NO EVENT SHALL THE COPYRIGHT HOLDERS OR ANYONE DISTRIBUTING THE SOFTWARE BE LIABLE FOR ANY DAMAGES OR OTHER LIABILITY, WHETHER IN CONTRACT, TORT OR OTHERWISE, ARISING FROM, OUT OF OR IN CONNECTION WITH THE SOFTWARE OR THE USE OR OTHER DEALINGS IN THE SOFTWARE.

Dont forget to tip your server!
Bitcoin Cash (BCH)			qpz32c4lg7x7lnk9jg6qg7s4uavdce89myax5v5nuk
Ether (ETH)			0x843d3DEC2A4705BD4f45F674F641cE2D0022c9FB
Litecoin (LTC)			Lfk5y4F7KZa9oRxpazETwjQnHszEPvqPvu
Bitcoin (BTC)			14Dm7L3ABPtumPDcj3REAvs4L6w9YFRnHK
