##################################
##################################
##################################
Most Shorted Shares since [2020-02-19]
##################################
##################################
##################################

                        Name of Share Issuer  Position Holder
0                              HAMMERSON PLC                8
1   Aston Martin Lagonda Global Holdings Plc                7
2                  Flutter Entertainment plc                7
3                      WOOD GROUP (JOHN) PLC                7
4                     BABCOCK INTL GROUP PLC                6
5                             METRO BANK PLC                6
6                            CINEWORLD GROUP                5
7                         EQUINITI GROUP PLC                5
8                          Galliford Try plc                5
9                                     AA PLC                4
10                               AGGREKO PLC                4
11                     AUTO TRADER GROUP PLC                4
12                   CRODA INTERNATIONAL PLC                4
13                               EASYJET PLC                4
14                      KEYWORDS STUDIOS PLC                4
15                            KINGFISHER PLC                4
16                            Kier Group plc                4
17                               PEARSON PLC                4
18                              PETROFAC LTD                4
19            STANDARD LIFE ABERDEEN PLC ORD                4

                        Name of Share Issuer  Net Short Position (%)
0                            PREMIER OIL PLC                   18.13
1                             METRO BANK PLC                    9.06
2                              HAMMERSON PLC                    7.69
3                  Flutter Entertainment plc                    6.98
4                      WOOD GROUP (JOHN) PLC                    6.66
5                                     AA PLC                    6.46
6                     BABCOCK INTL GROUP PLC                    6.46
7                                PEARSON PLC                    5.78
8   Aston Martin Lagonda Global Holdings Plc                    5.42
9                            CINEWORLD GROUP                    5.29
10                               VICTREX PLC                    5.23
11                         PETROPAVLOVSK PLC                    4.81
12                               EASYJET PLC                    4.73
13                              PETROFAC LTD                    4.69
14                  WM MORRISON SUPERMARKETS                    4.58
15                            Kier Group plc                    4.53
16                                   SIG PLC                    4.49
17                            TULLOW OIL PLC                    4.45
18                            KINGFISHER PLC                    4.32
19                        EQUINITI GROUP PLC                    4.31

#########[+]SUMMARY MOST OVERALL SHORTED[+]######################
#########[+]SUMMARY MOST OVERALL SHORTED[+]######################
#########[+]SUMMARY MOST OVERALL SHORTED[+]######################

[+]	PETROFAC LTD
[+]	EASYJET PLC
[+]	Kier Group plc
[+]	AA PLC
[+]	EQUINITI GROUP PLC
[+]	METRO BANK PLC
[+]	Aston Martin Lagonda Global Holdings Plc
[+]	WOOD GROUP (JOHN) PLC
[+]	PEARSON PLC
[+]	KINGFISHER PLC
[+]	HAMMERSON PLC
[+]	BABCOCK INTL GROUP PLC
[+]	Flutter Entertainment plc
[+]	CINEWORLD GROUP


THE SOFTWARE IS PROVIDED 'AS IS', WITHOUT WARRANTY OF ANY KIND, EXPRESS OR IMPLIED, INCLUDING BUT NOT LIMITED TO THE WARRANTIES OF MERCHANTABILITY, FITNESS FOR A PARTICULAR PURPOSE, TITLE AND NON-INFRINGEMENT. IN NO EVENT SHALL THE COPYRIGHT HOLDERS OR ANYONE DISTRIBUTING THE SOFTWARE BE LIABLE FOR ANY DAMAGES OR OTHER LIABILITY, WHETHER IN CONTRACT, TORT OR OTHERWISE, ARISING FROM, OUT OF OR IN CONNECTION WITH THE SOFTWARE OR THE USE OR OTHER DEALINGS IN THE SOFTWARE.

Dont forget to tip your server!
Bitcoin Cash (BCH)			qpz32c4lg7x7lnk9jg6qg7s4uavdce89myax5v5nuk
Ether (ETH)			0x843d3DEC2A4705BD4f45F674F641cE2D0022c9FB
Litecoin (LTC)			Lfk5y4F7KZa9oRxpazETwjQnHszEPvqPvu
Bitcoin (BTC)			14Dm7L3ABPtumPDcj3REAvs4L6w9YFRnHK
