##################################
##################################
##################################
Most Shorted Shares since [2020-05-05]
##################################
##################################
##################################

  Name of Share Issuer  Position Holder
0        HAMMERSON PLC                3
1          PEARSON PLC                3
2               TUI AG                3

                 Name of Share Issuer  Net Short Position (%)
0                       HAMMERSON PLC                    7.26
1                         PEARSON PLC                    4.29
2                  HALFORDS GROUP PLC                    3.35
3                              TUI AG                    2.91
4                         EASYJET PLC                    2.90
5                        PETROFAC LTD                    2.62
6                          CAPITA PLC                    2.12
7                    WILLIAM HILL PLC                    1.56
8          STANDARD LIFE ABERDEEN PLC                    1.53
9                         MEGGITT PLC                    1.41
10               KEYWORDS STUDIOS PLC                    1.41
11          MICRO FOCUS INTERNATIONAL                    1.41
12  INTERCONTINENTAL HOTELS GROUP PLC                    1.34
13             BABCOCK INTL GROUP PLC                    1.32
14                 WEIR GROUP PLC/THE                    1.29
15           WM MORRISON SUPERMARKETS                    1.14
16                 UDG HEALTHCARE PLC                    1.11
17           ROLLS-ROYCE HOLDINGS PLC                    1.09
18                         SENIOR PLC                    1.09
19                     Kier Group plc                    0.99

#########[+]SUMMARY MOST OVERALL SHORTED[+]######################
#########[+]SUMMARY MOST OVERALL SHORTED[+]######################
#########[+]SUMMARY MOST OVERALL SHORTED[+]######################

[+]	HAMMERSON PLC
[+]	PEARSON PLC
[+]	TUI AG


THE SOFTWARE IS PROVIDED 'AS IS', WITHOUT WARRANTY OF ANY KIND, EXPRESS OR IMPLIED, INCLUDING BUT NOT LIMITED TO THE WARRANTIES OF MERCHANTABILITY, FITNESS FOR A PARTICULAR PURPOSE, TITLE AND NON-INFRINGEMENT. IN NO EVENT SHALL THE COPYRIGHT HOLDERS OR ANYONE DISTRIBUTING THE SOFTWARE BE LIABLE FOR ANY DAMAGES OR OTHER LIABILITY, WHETHER IN CONTRACT, TORT OR OTHERWISE, ARISING FROM, OUT OF OR IN CONNECTION WITH THE SOFTWARE OR THE USE OR OTHER DEALINGS IN THE SOFTWARE.

Dont forget to tip your server!
Bitcoin Cash (BCH)			qpz32c4lg7x7lnk9jg6qg7s4uavdce89myax5v5nuk
Ether (ETH)			0x843d3DEC2A4705BD4f45F674F641cE2D0022c9FB
Litecoin (LTC)			Lfk5y4F7KZa9oRxpazETwjQnHszEPvqPvu
Bitcoin (BTC)			14Dm7L3ABPtumPDcj3REAvs4L6w9YFRnHK
