##################################
##################################
##################################
Most Shorted Shares since [2020-03-25]
##################################
##################################
##################################

             Name of Share Issuer  Position Holder
0          BABCOCK INTL GROUP PLC                3
1            BLUE PRISM GROUP PLC                3
2                    CARNIVAL PLC                3
3       Flutter Entertainment plc                3
4                   HAMMERSON PLC                3
5            KEYWORDS STUDIOS PLC                3
6                  METRO BANK PLC                3
7    SMITH (DAVID S) HOLDINGS PLC                3
8  STANDARD LIFE ABERDEEN PLC ORD                3
9              WEIR GROUP PLC/THE                3

                        Name of Share Issuer  Net Short Position (%)
0                             METRO BANK PLC                    4.51
1                       BLUE PRISM GROUP PLC                    4.21
2                   WM MORRISON SUPERMARKETS                    3.62
3                              HAMMERSON PLC                    3.45
4                             TULLOW OIL PLC                    3.27
5                     BABCOCK INTL GROUP PLC                    3.23
6                                 FUTURE PLC                    2.89
7             STANDARD LIFE ABERDEEN PLC ORD                    2.77
8                                 CAPITA PLC                    2.75
9                  Flutter Entertainment plc                    2.69
10                      KEYWORDS STUDIOS PLC                    2.60
11                        HALFORDS GROUP PLC                    2.54
12                                  ASOS PLC                    2.40
13              SMITH (DAVID S) HOLDINGS PLC                    2.39
14  Aston Martin Lagonda Global Holdings Plc                    2.28
15                                    TUI AG                    2.16
16                        WEIR GROUP PLC/THE                    2.15
17                             A.G. Barr PLC                    2.11
18                              INCHCAPE PLC                    2.10
19                              CARNIVAL PLC                    2.09

#########[+]SUMMARY MOST OVERALL SHORTED[+]######################
#########[+]SUMMARY MOST OVERALL SHORTED[+]######################
#########[+]SUMMARY MOST OVERALL SHORTED[+]######################

[+]	CARNIVAL PLC
[+]	WEIR GROUP PLC/THE
[+]	Flutter Entertainment plc
[+]	KEYWORDS STUDIOS PLC
[+]	STANDARD LIFE ABERDEEN PLC ORD
[+]	BABCOCK INTL GROUP PLC
[+]	METRO BANK PLC
[+]	BLUE PRISM GROUP PLC
[+]	HAMMERSON PLC
[+]	SMITH (DAVID S) HOLDINGS PLC


THE SOFTWARE IS PROVIDED 'AS IS', WITHOUT WARRANTY OF ANY KIND, EXPRESS OR IMPLIED, INCLUDING BUT NOT LIMITED TO THE WARRANTIES OF MERCHANTABILITY, FITNESS FOR A PARTICULAR PURPOSE, TITLE AND NON-INFRINGEMENT. IN NO EVENT SHALL THE COPYRIGHT HOLDERS OR ANYONE DISTRIBUTING THE SOFTWARE BE LIABLE FOR ANY DAMAGES OR OTHER LIABILITY, WHETHER IN CONTRACT, TORT OR OTHERWISE, ARISING FROM, OUT OF OR IN CONNECTION WITH THE SOFTWARE OR THE USE OR OTHER DEALINGS IN THE SOFTWARE.

Dont forget to tip your server!
Bitcoin Cash (BCH)			qpz32c4lg7x7lnk9jg6qg7s4uavdce89myax5v5nuk
Ether (ETH)			0x843d3DEC2A4705BD4f45F674F641cE2D0022c9FB
Litecoin (LTC)			Lfk5y4F7KZa9oRxpazETwjQnHszEPvqPvu
Bitcoin (BTC)			14Dm7L3ABPtumPDcj3REAvs4L6w9YFRnHK
