##################################
##################################
##################################
Most Shorted Shares since [2020-06-25]
##################################
##################################
##################################

  Name of Share Issuer  Position Holder
0           CAPITA PLC                3
1      CINEWORLD GROUP                3
2       Royal Mail Plc                3

                 Name of Share Issuer  Net Short Position (%)
0                      Royal Mail Plc                    6.96
1                   PETROPAVLOVSK PLC                    5.18
2              PETS AT HOME GROUP PLC                    3.74
3                         PEARSON PLC                    3.47
4                     CINEWORLD GROUP                    3.04
5                          CAPITA PLC                    2.71
6                       A.G. Barr PLC                    2.48
7                          FUTURE PLC                    2.10
8           CREST NICHOLSON HLDGS PLC                    2.02
9                      TULLOW OIL PLC                    1.80
10  INTERCONTINENTAL HOTELS GROUP PLC                    1.78
11                 BURBERRY GROUP PLC                    1.56
12                       CARNIVAL PLC                    1.39
13         DAILY MAIL & GENERAL TRUST                    1.39
14                        AGGREKO PLC                    1.36
15              FIRST DERIVATIVES PLC                    1.26
16            Burford Capital Limited                    1.25
17            HARGREAVES LANSDOWN PLC                    1.22
18                         SENIOR PLC                    1.13
19                         ROTORK PLC                    1.12

#########[+]SUMMARY MOST OVERALL SHORTED[+]######################
#########[+]SUMMARY MOST OVERALL SHORTED[+]######################
#########[+]SUMMARY MOST OVERALL SHORTED[+]######################

[+]	CAPITA PLC
[+]	Royal Mail Plc
[+]	CINEWORLD GROUP


THE SOFTWARE IS PROVIDED 'AS IS', WITHOUT WARRANTY OF ANY KIND, EXPRESS OR IMPLIED, INCLUDING BUT NOT LIMITED TO THE WARRANTIES OF MERCHANTABILITY, FITNESS FOR A PARTICULAR PURPOSE, TITLE AND NON-INFRINGEMENT. IN NO EVENT SHALL THE COPYRIGHT HOLDERS OR ANYONE DISTRIBUTING THE SOFTWARE BE LIABLE FOR ANY DAMAGES OR OTHER LIABILITY, WHETHER IN CONTRACT, TORT OR OTHERWISE, ARISING FROM, OUT OF OR IN CONNECTION WITH THE SOFTWARE OR THE USE OR OTHER DEALINGS IN THE SOFTWARE.

Dont forget to tip your server!
Bitcoin Cash (BCH)			qpz32c4lg7x7lnk9jg6qg7s4uavdce89myax5v5nuk
Ether (ETH)			0x843d3DEC2A4705BD4f45F674F641cE2D0022c9FB
Litecoin (LTC)			Lfk5y4F7KZa9oRxpazETwjQnHszEPvqPvu
Bitcoin (BTC)			14Dm7L3ABPtumPDcj3REAvs4L6w9YFRnHK
