##################################
##################################
##################################
Most Shorted Shares since [2020-03-31]
##################################
##################################
##################################

           Name of Share Issuer  Position Holder
0                 HAMMERSON PLC                5
1     Flutter Entertainment plc                4
2                   EASYJET PLC                3
3                   PEARSON PLC                3
4  SMITH (DAVID S) HOLDINGS PLC                3
5                   VICTREX PLC                3
6            WEIR GROUP PLC/THE                3

            Name of Share Issuer  Net Short Position (%)
0                  HAMMERSON PLC                    4.88
1                    EASYJET PLC                    4.56
2      Flutter Entertainment plc                    4.53
3       WM MORRISON SUPERMARKETS                    3.77
4                    DIGNITY PLC                    3.47
5                   INCHCAPE PLC                    3.40
6             WEIR GROUP PLC/THE                    3.00
7                    VICTREX PLC                    2.81
8                 TULLOW OIL PLC                    2.75
9                       ASOS PLC                    2.73
10       CRODA INTERNATIONAL PLC                    2.48
11                    FUTURE PLC                    2.40
12  SMITH (DAVID S) HOLDINGS PLC                    2.37
13                  CARNIVAL PLC                    2.34
14                Royal Mail Plc                    2.34
15                 A.G. Barr PLC                    2.30
16           VIRGIN MONEY UK PLC                    2.29
17                        AA PLC                    2.24
18                   PEARSON PLC                    2.20
19         WOOD GROUP (JOHN) PLC                    2.18

#########[+]SUMMARY MOST OVERALL SHORTED[+]######################
#########[+]SUMMARY MOST OVERALL SHORTED[+]######################
#########[+]SUMMARY MOST OVERALL SHORTED[+]######################

[+]	EASYJET PLC
[+]	Flutter Entertainment plc
[+]	WEIR GROUP PLC/THE
[+]	SMITH (DAVID S) HOLDINGS PLC
[+]	VICTREX PLC
[+]	PEARSON PLC
[+]	HAMMERSON PLC


THE SOFTWARE IS PROVIDED 'AS IS', WITHOUT WARRANTY OF ANY KIND, EXPRESS OR IMPLIED, INCLUDING BUT NOT LIMITED TO THE WARRANTIES OF MERCHANTABILITY, FITNESS FOR A PARTICULAR PURPOSE, TITLE AND NON-INFRINGEMENT. IN NO EVENT SHALL THE COPYRIGHT HOLDERS OR ANYONE DISTRIBUTING THE SOFTWARE BE LIABLE FOR ANY DAMAGES OR OTHER LIABILITY, WHETHER IN CONTRACT, TORT OR OTHERWISE, ARISING FROM, OUT OF OR IN CONNECTION WITH THE SOFTWARE OR THE USE OR OTHER DEALINGS IN THE SOFTWARE.

Dont forget to tip your server!
Bitcoin Cash (BCH)			qpz32c4lg7x7lnk9jg6qg7s4uavdce89myax5v5nuk
Ether (ETH)			0x843d3DEC2A4705BD4f45F674F641cE2D0022c9FB
Litecoin (LTC)			Lfk5y4F7KZa9oRxpazETwjQnHszEPvqPvu
Bitcoin (BTC)			14Dm7L3ABPtumPDcj3REAvs4L6w9YFRnHK
