##################################
##################################
##################################
Most Shorted Shares since [2020-01-10]
##################################
##################################
##################################

                        Name of Share Issuer  Position Holder
0                  Flutter Entertainment plc                7
1                            CINEWORLD GROUP                5
2                                PEARSON PLC                5
3                      WOOD GROUP (JOHN) PLC                5
4                                   ASOS PLC                4
5                              HAMMERSON PLC                4
6                       KEYWORDS STUDIOS PLC                4
7               SMITH (DAVID S) HOLDINGS PLC                4
8                                  TED BAKER                4
9                         WEIR GROUP PLC/THE                4
10                                    AA PLC                3
11  Aston Martin Lagonda Global Holdings Plc                3
12                  DOMINO'S PIZZA GROUP PLC                3
13                          GVC Holdings Plc                3
14                      HURRICANE ENERGY PLC                3
15                            METRO BANK PLC                3
16                            SUPERGROUP PLC                3
17                            TULLOW OIL PLC                3

                        Name of Share Issuer  Net Short Position (%)
0                            CINEWORLD GROUP                    7.51
1                             METRO BANK PLC                    7.28
2                  Flutter Entertainment plc                    6.68
3                              HAMMERSON PLC                    5.63
4                      WOOD GROUP (JOHN) PLC                    5.36
5                                    IQE PLC                    4.91
6                                PEARSON PLC                    4.72
7                          PETROPAVLOVSK PLC                    4.51
8                                    SIG PLC                    4.28
9                        GREENCORE GROUP PLC                    4.12
10                                    AA PLC                    3.83
11                CREST NICHOLSON HLDGS  PLC                    3.83
12                        WEIR GROUP PLC/THE                    3.50
13                  DOMINO'S PIZZA GROUP PLC                    3.49
14                                  ASOS PLC                    3.34
15              SMITH (DAVID S) HOLDINGS PLC                    3.23
16                                 TED BAKER                    3.19
17                          DUNELM GROUP PLC                    3.16
18  Aston Martin Lagonda Global Holdings Plc                    2.82
19                            TULLOW OIL PLC                    2.81

#########[+]SUMMARY MOST OVERALL SHORTED[+]######################
#########[+]SUMMARY MOST OVERALL SHORTED[+]######################
#########[+]SUMMARY MOST OVERALL SHORTED[+]######################

[+]	HAMMERSON PLC
[+]	ASOS PLC
[+]	DOMINO'S PIZZA GROUP PLC
[+]	Aston Martin Lagonda Global Holdings Plc
[+]	METRO BANK PLC
[+]	AA PLC
[+]	TED BAKER
[+]	Flutter Entertainment plc
[+]	TULLOW OIL PLC
[+]	SMITH (DAVID S) HOLDINGS PLC
[+]	WOOD GROUP (JOHN) PLC
[+]	PEARSON PLC
[+]	CINEWORLD GROUP
[+]	WEIR GROUP PLC/THE


THE SOFTWARE IS PROVIDED 'AS IS', WITHOUT WARRANTY OF ANY KIND, EXPRESS OR IMPLIED, INCLUDING BUT NOT LIMITED TO THE WARRANTIES OF MERCHANTABILITY, FITNESS FOR A PARTICULAR PURPOSE, TITLE AND NON-INFRINGEMENT. IN NO EVENT SHALL THE COPYRIGHT HOLDERS OR ANYONE DISTRIBUTING THE SOFTWARE BE LIABLE FOR ANY DAMAGES OR OTHER LIABILITY, WHETHER IN CONTRACT, TORT OR OTHERWISE, ARISING FROM, OUT OF OR IN CONNECTION WITH THE SOFTWARE OR THE USE OR OTHER DEALINGS IN THE SOFTWARE.

Dont forget to tip your server!
Bitcoin Cash (BCH)			qpz32c4lg7x7lnk9jg6qg7s4uavdce89myax5v5nuk
Ether (ETH)			0x843d3DEC2A4705BD4f45F674F641cE2D0022c9FB
Litecoin (LTC)			Lfk5y4F7KZa9oRxpazETwjQnHszEPvqPvu
Bitcoin (BTC)			14Dm7L3ABPtumPDcj3REAvs4L6w9YFRnHK
