##################################
##################################
##################################
Most Shorted Shares since [2020-05-25]
##################################
##################################
##################################

        Name of Share Issuer  Position Holder
0                EASYJET PLC                4
1               CENTRICA PLC                3
2                    G4S PLC                3
3        GREENCORE GROUP PLC                3
4  MARKS & SPENCER GROUP PLC                3
5         WEIR GROUP PLC/THE                3

                        Name of Share Issuer  Net Short Position (%)
0                                EASYJET PLC                    5.91
1                  MARKS & SPENCER GROUP PLC                    3.58
2                         WEIR GROUP PLC/THE                    3.47
3                  MICRO FOCUS INTERNATIONAL                    3.34
4                                 CAPITA PLC                    3.30
5                                PEARSON PLC                    2.93
6                                    G4S PLC                    2.72
7                     BABCOCK INTL GROUP PLC                    2.65
8                               CENTRICA PLC                    2.51
9                                     TUI AG                    2.26
10                               MEGGITT PLC                    2.26
11                       GREENCORE GROUP PLC                    2.20
12                        BURBERRY GROUP PLC                    2.01
13                              CARNIVAL PLC                    2.00
14                             ASCENTIAL PLC                    1.91
15                                HISCOX LTD                    1.88
16                  HOWDEN JOINERY GROUP PLC                    1.88
17  Aston Martin Lagonda Global Holdings Plc                    1.66
18                       VIRGIN MONEY UK PLC                    1.59
19                             HAMMERSON PLC                    1.52

#########[+]SUMMARY MOST OVERALL SHORTED[+]######################
#########[+]SUMMARY MOST OVERALL SHORTED[+]######################
#########[+]SUMMARY MOST OVERALL SHORTED[+]######################

[+]	CENTRICA PLC
[+]	EASYJET PLC
[+]	G4S PLC
[+]	WEIR GROUP PLC/THE
[+]	MARKS & SPENCER GROUP PLC
[+]	GREENCORE GROUP PLC


THE SOFTWARE IS PROVIDED 'AS IS', WITHOUT WARRANTY OF ANY KIND, EXPRESS OR IMPLIED, INCLUDING BUT NOT LIMITED TO THE WARRANTIES OF MERCHANTABILITY, FITNESS FOR A PARTICULAR PURPOSE, TITLE AND NON-INFRINGEMENT. IN NO EVENT SHALL THE COPYRIGHT HOLDERS OR ANYONE DISTRIBUTING THE SOFTWARE BE LIABLE FOR ANY DAMAGES OR OTHER LIABILITY, WHETHER IN CONTRACT, TORT OR OTHERWISE, ARISING FROM, OUT OF OR IN CONNECTION WITH THE SOFTWARE OR THE USE OR OTHER DEALINGS IN THE SOFTWARE.

Dont forget to tip your server!
Bitcoin Cash (BCH)			qpz32c4lg7x7lnk9jg6qg7s4uavdce89myax5v5nuk
Ether (ETH)			0x843d3DEC2A4705BD4f45F674F641cE2D0022c9FB
Litecoin (LTC)			Lfk5y4F7KZa9oRxpazETwjQnHszEPvqPvu
Bitcoin (BTC)			14Dm7L3ABPtumPDcj3REAvs4L6w9YFRnHK
