##################################
##################################
##################################
Most Shorted Shares since [2020-06-29]
##################################
##################################
##################################

       Name of Share Issuer  Position Holder
0      BLUE PRISM GROUP PLC                3
1        BURBERRY GROUP PLC                3
2           CINEWORLD GROUP                3
3  DOMINO'S PIZZA GROUP PLC                3

                 Name of Share Issuer  Net Short Position (%)
0                      Royal Mail Plc                    5.55
1                   PETROPAVLOVSK PLC                    5.18
2                     CINEWORLD GROUP                    3.19
3         ULTRA ELECTRONICS HLDGS PLC                    3.02
4                BLUE PRISM GROUP PLC                    2.94
5                      METRO BANK PLC                    2.75
6   INTERCONTINENTAL HOTELS GROUP PLC                    2.62
7            DOMINO'S PIZZA GROUP PLC                    2.57
8                  BURBERRY GROUP PLC                    2.48
9                         AGGREKO PLC                    2.45
10                         FUTURE PLC                    2.23
11             BABCOCK INTL GROUP PLC                    2.01
12                         Greggs Plc                    2.00
13                  SAINSBURY (J) PLC                    1.95
14                     TULLOW OIL PLC                    1.93
15            CRODA INTERNATIONAL PLC                    1.81
16                         CAPITA PLC                    1.80
17                 WEIR GROUP PLC/THE                    1.69
18          MICRO FOCUS INTERNATIONAL                    1.50
19                       CARNIVAL PLC                    1.39

#########[+]SUMMARY MOST OVERALL SHORTED[+]######################
#########[+]SUMMARY MOST OVERALL SHORTED[+]######################
#########[+]SUMMARY MOST OVERALL SHORTED[+]######################

[+]	CINEWORLD GROUP
[+]	BLUE PRISM GROUP PLC
[+]	BURBERRY GROUP PLC
[+]	DOMINO'S PIZZA GROUP PLC


THE SOFTWARE IS PROVIDED 'AS IS', WITHOUT WARRANTY OF ANY KIND, EXPRESS OR IMPLIED, INCLUDING BUT NOT LIMITED TO THE WARRANTIES OF MERCHANTABILITY, FITNESS FOR A PARTICULAR PURPOSE, TITLE AND NON-INFRINGEMENT. IN NO EVENT SHALL THE COPYRIGHT HOLDERS OR ANYONE DISTRIBUTING THE SOFTWARE BE LIABLE FOR ANY DAMAGES OR OTHER LIABILITY, WHETHER IN CONTRACT, TORT OR OTHERWISE, ARISING FROM, OUT OF OR IN CONNECTION WITH THE SOFTWARE OR THE USE OR OTHER DEALINGS IN THE SOFTWARE.

Dont forget to tip your server!
Bitcoin Cash (BCH)			qpz32c4lg7x7lnk9jg6qg7s4uavdce89myax5v5nuk
Ether (ETH)			0x843d3DEC2A4705BD4f45F674F641cE2D0022c9FB
Litecoin (LTC)			Lfk5y4F7KZa9oRxpazETwjQnHszEPvqPvu
Bitcoin (BTC)			14Dm7L3ABPtumPDcj3REAvs4L6w9YFRnHK
