##################################
##################################
##################################
Most Shorted Shares since [2020-05-12]
##################################
##################################
##################################

        Name of Share Issuer  Position Holder
0              HAMMERSON PLC                4
1                 CAPITA PLC                3
2               CARNIVAL PLC                3
3                EASYJET PLC                3
4                 FUTURE PLC                3
5  MICRO FOCUS INTERNATIONAL                3
6                PEARSON PLC                3
7          SAINSBURY (J) PLC                3
8                     TUI AG                3
9         WEIR GROUP PLC/THE                3

                        Name of Share Issuer  Net Short Position (%)
0                              HAMMERSON PLC                    5.22
1                                EASYJET PLC                    5.20
2                                 CAPITA PLC                    4.11
3                                 FUTURE PLC                    4.07
4                   WM MORRISON SUPERMARKETS                    3.62
5                  MICRO FOCUS INTERNATIONAL                    3.45
6                                     TUI AG                    3.33
7                               CARNIVAL PLC                    3.29
8                              A.G. Barr PLC                    3.01
9                                     AA PLC                    2.62
10                        WEIR GROUP PLC/THE                    2.56
11  Aston Martin Lagonda Global Holdings Plc                    2.45
12                               PEARSON PLC                    2.36
13                             MARSTON'S PLC                    2.35
14                                   IQE PLC                    2.30
15                            METRO BANK PLC                    2.16
16                         SAINSBURY (J) PLC                    2.02
17                      KEYWORDS STUDIOS PLC                    1.97
18                               AGGREKO PLC                    1.91
19                   CRODA INTERNATIONAL PLC                    1.91

#########[+]SUMMARY MOST OVERALL SHORTED[+]######################
#########[+]SUMMARY MOST OVERALL SHORTED[+]######################
#########[+]SUMMARY MOST OVERALL SHORTED[+]######################

[+]	CARNIVAL PLC
[+]	EASYJET PLC
[+]	WEIR GROUP PLC/THE
[+]	FUTURE PLC
[+]	CAPITA PLC
[+]	PEARSON PLC
[+]	MICRO FOCUS INTERNATIONAL
[+]	HAMMERSON PLC
[+]	TUI AG
[+]	SAINSBURY (J) PLC


THE SOFTWARE IS PROVIDED 'AS IS', WITHOUT WARRANTY OF ANY KIND, EXPRESS OR IMPLIED, INCLUDING BUT NOT LIMITED TO THE WARRANTIES OF MERCHANTABILITY, FITNESS FOR A PARTICULAR PURPOSE, TITLE AND NON-INFRINGEMENT. IN NO EVENT SHALL THE COPYRIGHT HOLDERS OR ANYONE DISTRIBUTING THE SOFTWARE BE LIABLE FOR ANY DAMAGES OR OTHER LIABILITY, WHETHER IN CONTRACT, TORT OR OTHERWISE, ARISING FROM, OUT OF OR IN CONNECTION WITH THE SOFTWARE OR THE USE OR OTHER DEALINGS IN THE SOFTWARE.

Dont forget to tip your server!
Bitcoin Cash (BCH)			qpz32c4lg7x7lnk9jg6qg7s4uavdce89myax5v5nuk
Ether (ETH)			0x843d3DEC2A4705BD4f45F674F641cE2D0022c9FB
Litecoin (LTC)			Lfk5y4F7KZa9oRxpazETwjQnHszEPvqPvu
Bitcoin (BTC)			14Dm7L3ABPtumPDcj3REAvs4L6w9YFRnHK
