##################################
##################################
##################################
Most Shorted Shares since [2020-01-24]
##################################
##################################
##################################

                        Name of Share Issuer  Position Holder
0                  Flutter Entertainment plc                6
1                     BABCOCK INTL GROUP PLC                5
2                            CINEWORLD GROUP                5
3                              NORTHGATE PLC                5
4                                     AA PLC                4
5   Aston Martin Lagonda Global Holdings Plc                4
6                                EASYJET PLC                4
7                       KEYWORDS STUDIOS PLC                4
8                             Royal Mail Plc                4
9               SMITH (DAVID S) HOLDINGS PLC                4
10                                  ASOS PLC                3
11                         Galliford Try plc                3
12                             HAMMERSON PLC                3
13                       JOHNSON MATTHEY PLC                3
14               JUPITER FUND MANAGEMENT PLC                3
15                            KINGFISHER PLC                3
16                            METRO BANK PLC                3
17                 MICRO FOCUS INTERNATIONAL                3
18                               PEARSON PLC                3
19                                 TED BAKER                3

                        Name of Share Issuer  Net Short Position (%)
0                            PREMIER OIL PLC                   16.73
1                            CINEWORLD GROUP                    7.37
2                  Flutter Entertainment plc                    5.98
3                     BABCOCK INTL GROUP PLC                    5.78
4                                     AA PLC                    5.65
5                                    SIG PLC                    5.30
6                             METRO BANK PLC                    5.11
7                             Royal Mail Plc                    4.72
8                          PETROPAVLOVSK PLC                    4.61
9                                PEARSON PLC                    4.49
10                               EASYJET PLC                    4.24
11                               VICTREX PLC                    3.72
12                             NORTHGATE PLC                    3.62
13              SMITH (DAVID S) HOLDINGS PLC                    3.44
14                      KEYWORDS STUDIOS PLC                    3.28
15                            KINGFISHER PLC                    3.25
16  Aston Martin Lagonda Global Holdings Plc                    3.25
17                             HAMMERSON PLC                    2.99
18                        WEIR GROUP PLC/THE                    2.92
19                              PETROFAC LTD                    2.84

#########[+]SUMMARY MOST OVERALL SHORTED[+]######################
#########[+]SUMMARY MOST OVERALL SHORTED[+]######################
#########[+]SUMMARY MOST OVERALL SHORTED[+]######################

[+]	HAMMERSON PLC
[+]	NORTHGATE PLC
[+]	EASYJET PLC
[+]	KEYWORDS STUDIOS PLC
[+]	CINEWORLD GROUP
[+]	METRO BANK PLC
[+]	Flutter Entertainment plc
[+]	AA PLC
[+]	SMITH (DAVID S) HOLDINGS PLC
[+]	Royal Mail Plc
[+]	KINGFISHER PLC
[+]	BABCOCK INTL GROUP PLC
[+]	Aston Martin Lagonda Global Holdings Plc
[+]	PEARSON PLC


THE SOFTWARE IS PROVIDED 'AS IS', WITHOUT WARRANTY OF ANY KIND, EXPRESS OR IMPLIED, INCLUDING BUT NOT LIMITED TO THE WARRANTIES OF MERCHANTABILITY, FITNESS FOR A PARTICULAR PURPOSE, TITLE AND NON-INFRINGEMENT. IN NO EVENT SHALL THE COPYRIGHT HOLDERS OR ANYONE DISTRIBUTING THE SOFTWARE BE LIABLE FOR ANY DAMAGES OR OTHER LIABILITY, WHETHER IN CONTRACT, TORT OR OTHERWISE, ARISING FROM, OUT OF OR IN CONNECTION WITH THE SOFTWARE OR THE USE OR OTHER DEALINGS IN THE SOFTWARE.

Dont forget to tip your server!
Bitcoin Cash (BCH)			qpz32c4lg7x7lnk9jg6qg7s4uavdce89myax5v5nuk
Ether (ETH)			0x843d3DEC2A4705BD4f45F674F641cE2D0022c9FB
Litecoin (LTC)			Lfk5y4F7KZa9oRxpazETwjQnHszEPvqPvu
Bitcoin (BTC)			14Dm7L3ABPtumPDcj3REAvs4L6w9YFRnHK
