##################################
##################################
##################################
Most Shorted Shares since [2020-05-25]
##################################
##################################
##################################

     Name of Share Issuer  Position Holder
0             EASYJET PLC                4
1  BABCOCK INTL GROUP PLC                3
2      BURBERRY GROUP PLC                3
3     GREENCORE GROUP PLC                3
4             PEARSON PLC                3
5      WEIR GROUP PLC/THE                3
6           WHITBREAD PLC                3

                        Name of Share Issuer  Net Short Position (%)
0                                EASYJET PLC                    5.91
1                     BABCOCK INTL GROUP PLC                    4.39
2                                PEARSON PLC                    3.39
3                                 CAPITA PLC                    3.21
4                         WEIR GROUP PLC/THE                    2.85
5                         BURBERRY GROUP PLC                    2.84
6                                    G4S PLC                    2.41
7                                 FUTURE PLC                    2.37
8                        VIRGIN MONEY UK PLC                    2.33
9                                     TUI AG                    2.26
10                       GREENCORE GROUP PLC                    2.20
11                              CENTRICA PLC                    2.11
12                  WM MORRISON SUPERMARKETS                    2.01
13                             WHITBREAD PLC                    1.92
14                                HISCOX LTD                    1.88
15                  HOWDEN JOINERY GROUP PLC                    1.88
16                      ST JAMES'S PLACE PLC                    1.82
17                             ASCENTIAL PLC                    1.78
18  Aston Martin Lagonda Global Holdings Plc                    1.66
19                        UDG HEALTHCARE PLC                    1.52

#########[+]SUMMARY MOST OVERALL SHORTED[+]######################
#########[+]SUMMARY MOST OVERALL SHORTED[+]######################
#########[+]SUMMARY MOST OVERALL SHORTED[+]######################

[+]	GREENCORE GROUP PLC
[+]	WHITBREAD PLC
[+]	EASYJET PLC
[+]	PEARSON PLC
[+]	BURBERRY GROUP PLC
[+]	WEIR GROUP PLC/THE
[+]	BABCOCK INTL GROUP PLC


THE SOFTWARE IS PROVIDED 'AS IS', WITHOUT WARRANTY OF ANY KIND, EXPRESS OR IMPLIED, INCLUDING BUT NOT LIMITED TO THE WARRANTIES OF MERCHANTABILITY, FITNESS FOR A PARTICULAR PURPOSE, TITLE AND NON-INFRINGEMENT. IN NO EVENT SHALL THE COPYRIGHT HOLDERS OR ANYONE DISTRIBUTING THE SOFTWARE BE LIABLE FOR ANY DAMAGES OR OTHER LIABILITY, WHETHER IN CONTRACT, TORT OR OTHERWISE, ARISING FROM, OUT OF OR IN CONNECTION WITH THE SOFTWARE OR THE USE OR OTHER DEALINGS IN THE SOFTWARE.

Dont forget to tip your server!
Bitcoin Cash (BCH)			qpz32c4lg7x7lnk9jg6qg7s4uavdce89myax5v5nuk
Ether (ETH)			0x843d3DEC2A4705BD4f45F674F641cE2D0022c9FB
Litecoin (LTC)			Lfk5y4F7KZa9oRxpazETwjQnHszEPvqPvu
Bitcoin (BTC)			14Dm7L3ABPtumPDcj3REAvs4L6w9YFRnHK
