##################################
##################################
##################################
Most Shorted Shares since [2020-07-21]
##################################
##################################
##################################

  Name of Share Issuer  Position Holder
0      CINEWORLD GROUP                3

                  Name of Share Issuer  Net Short Position (%)
0                      MITIE GROUP PLC                    4.24
1                       METRO BANK PLC                    3.74
2                      CINEWORLD GROUP                    2.34
3                   WEIR GROUP PLC/THE                    2.22
4                        A.G. Barr PLC                    2.06
5    INTERCONTINENTAL HOTELS GROUP PLC                    2.00
6                        HAMMERSON PLC                    1.91
7                     GVC Holdings Plc                    1.63
8              CRODA INTERNATIONAL PLC                    1.54
9                    SAINSBURY (J) PLC                    1.54
10                       CRANEWARE PLC                    1.43
11                      Royal Mail Plc                    1.42
12                  BURBERRY GROUP PLC                    1.27
13               VITEC GROUP PLC (THE)                    1.23
14  NETWORK INTERNATIONAL HOLDINGS PLC                    1.20
15         GULF KEYSTONE PETROLEUM LTD                    1.19
16            DOMINO'S PIZZA GROUP PLC                    1.09
17                          CAPITA PLC                    0.97
18                       MARSTON'S PLC                    0.91
19                MCCARTHY & STONE PLC                    0.90

#########[+]SUMMARY MOST OVERALL SHORTED[+]######################
#########[+]SUMMARY MOST OVERALL SHORTED[+]######################
#########[+]SUMMARY MOST OVERALL SHORTED[+]######################

[+]	CINEWORLD GROUP


THE SOFTWARE IS PROVIDED 'AS IS', WITHOUT WARRANTY OF ANY KIND, EXPRESS OR IMPLIED, INCLUDING BUT NOT LIMITED TO THE WARRANTIES OF MERCHANTABILITY, FITNESS FOR A PARTICULAR PURPOSE, TITLE AND NON-INFRINGEMENT. IN NO EVENT SHALL THE COPYRIGHT HOLDERS OR ANYONE DISTRIBUTING THE SOFTWARE BE LIABLE FOR ANY DAMAGES OR OTHER LIABILITY, WHETHER IN CONTRACT, TORT OR OTHERWISE, ARISING FROM, OUT OF OR IN CONNECTION WITH THE SOFTWARE OR THE USE OR OTHER DEALINGS IN THE SOFTWARE.

Dont forget to tip your server!
Bitcoin Cash (BCH)			qpz32c4lg7x7lnk9jg6qg7s4uavdce89myax5v5nuk
Ether (ETH)			0x843d3DEC2A4705BD4f45F674F641cE2D0022c9FB
Litecoin (LTC)			Lfk5y4F7KZa9oRxpazETwjQnHszEPvqPvu
Bitcoin (BTC)			14Dm7L3ABPtumPDcj3REAvs4L6w9YFRnHK
