##################################
##################################
##################################
Most Shorted Shares since [2019-12-18]
##################################
##################################
##################################

         Name of Share Issuer  Position Holder
0                   TED BAKER                4
1                    ASOS PLC                3
2       AUTO TRADER GROUP PLC                3
3      BABCOCK INTL GROUP PLC                3
4             CINEWORLD GROUP                3
5    DOMINO'S PIZZA GROUP PLC                3
6                 EASYJET PLC                3
7   Flutter Entertainment plc                3
8              NMC HEALTH PLC                3
9                 PEARSON PLC                3
10                PLUS500 LTD                3
11             Royal Mail Plc                3
12                VICTREX PLC                3
13      WOOD GROUP (JOHN) PLC                3

          Name of Share Issuer  Net Short Position (%)
0              CINEWORLD GROUP                    5.65
1               METRO BANK PLC                    4.19
2   CREST NICHOLSON HLDGS  PLC                    4.13
3                  EASYJET PLC                    4.12
4               NMC HEALTH PLC                    4.00
5                  PLUS500 LTD                    3.89
6        WOOD GROUP (JOHN) PLC                    3.59
7     DOMINO'S PIZZA GROUP PLC                    3.42
8                  VICTREX PLC                    3.30
9    Flutter Entertainment plc                    3.20
10                 PEARSON PLC                    3.00
11     LANCASHIRE HOLDINGS LTD                    2.90
12                    ASOS PLC                    2.88
13                      AA PLC                    2.70
14                 BEAZLEY PLC                    2.62
15                   TED BAKER                    2.61
16              Royal Mail Plc                    2.52
17      BABCOCK INTL GROUP PLC                    2.24
18          WEIR GROUP PLC/THE                    2.02
19                INCHCAPE PLC                    2.01

#########[+]SUMMARY MOST OVERALL SHORTED[+]######################
#########[+]SUMMARY MOST OVERALL SHORTED[+]######################
#########[+]SUMMARY MOST OVERALL SHORTED[+]######################

[+]	NMC HEALTH PLC
[+]	CINEWORLD GROUP
[+]	PEARSON PLC
[+]	Royal Mail Plc
[+]	VICTREX PLC
[+]	EASYJET PLC
[+]	DOMINO'S PIZZA GROUP PLC
[+]	Flutter Entertainment plc
[+]	BABCOCK INTL GROUP PLC
[+]	WOOD GROUP (JOHN) PLC
[+]	ASOS PLC
[+]	TED BAKER
[+]	PLUS500 LTD


THE SOFTWARE IS PROVIDED 'AS IS', WITHOUT WARRANTY OF ANY KIND, EXPRESS OR IMPLIED, INCLUDING BUT NOT LIMITED TO THE WARRANTIES OF MERCHANTABILITY, FITNESS FOR A PARTICULAR PURPOSE, TITLE AND NON-INFRINGEMENT. IN NO EVENT SHALL THE COPYRIGHT HOLDERS OR ANYONE DISTRIBUTING THE SOFTWARE BE LIABLE FOR ANY DAMAGES OR OTHER LIABILITY, WHETHER IN CONTRACT, TORT OR OTHERWISE, ARISING FROM, OUT OF OR IN CONNECTION WITH THE SOFTWARE OR THE USE OR OTHER DEALINGS IN THE SOFTWARE.

Dont forget to tip your server!
Bitcoin Cash (BCH)			qpz32c4lg7x7lnk9jg6qg7s4uavdce89myax5v5nuk
Ether (ETH)			0x843d3DEC2A4705BD4f45F674F641cE2D0022c9FB
Litecoin (LTC)			Lfk5y4F7KZa9oRxpazETwjQnHszEPvqPvu
Bitcoin (BTC)			14Dm7L3ABPtumPDcj3REAvs4L6w9YFRnHK
