##################################
##################################
##################################
Most Shorted Shares since [2020-03-25]
##################################
##################################
##################################

             Name of Share Issuer  Position Holder
0            KEYWORDS STUDIOS PLC                3
1  STANDARD LIFE ABERDEEN PLC ORD                3

                        Name of Share Issuer  Net Short Position (%)
0                   WM MORRISON SUPERMARKETS                    3.33
1             STANDARD LIFE ABERDEEN PLC ORD                    2.87
2                       KEYWORDS STUDIOS PLC                    2.58
3                         HALFORDS GROUP PLC                    2.54
4   Aston Martin Lagonda Global Holdings Plc                    2.35
5                              A.G. Barr PLC                    2.33
6                                     TUI AG                    2.28
7                       BLUE PRISM GROUP PLC                    2.14
8                               INCHCAPE PLC                    2.10
9                              HAMMERSON PLC                    2.08
10                            METRO BANK PLC                    2.07
11                               DIGNITY PLC                    2.04
12                                FUTURE PLC                    1.99
13                                   SIG PLC                    1.88
14                          GVC Holdings Plc                    1.85
15                                CAPITA PLC                    1.83
16                 MICRO FOCUS INTERNATIONAL                    1.66
17                                  ASOS PLC                    1.62
18                             MENZIES(JOHN)                    1.53
19                               SOFTCAT PLC                    1.26

#########[+]SUMMARY MOST OVERALL SHORTED[+]######################
#########[+]SUMMARY MOST OVERALL SHORTED[+]######################
#########[+]SUMMARY MOST OVERALL SHORTED[+]######################

[+]	KEYWORDS STUDIOS PLC
[+]	STANDARD LIFE ABERDEEN PLC ORD


THE SOFTWARE IS PROVIDED 'AS IS', WITHOUT WARRANTY OF ANY KIND, EXPRESS OR IMPLIED, INCLUDING BUT NOT LIMITED TO THE WARRANTIES OF MERCHANTABILITY, FITNESS FOR A PARTICULAR PURPOSE, TITLE AND NON-INFRINGEMENT. IN NO EVENT SHALL THE COPYRIGHT HOLDERS OR ANYONE DISTRIBUTING THE SOFTWARE BE LIABLE FOR ANY DAMAGES OR OTHER LIABILITY, WHETHER IN CONTRACT, TORT OR OTHERWISE, ARISING FROM, OUT OF OR IN CONNECTION WITH THE SOFTWARE OR THE USE OR OTHER DEALINGS IN THE SOFTWARE.

Dont forget to tip your server!
Bitcoin Cash (BCH)			qpz32c4lg7x7lnk9jg6qg7s4uavdce89myax5v5nuk
Ether (ETH)			0x843d3DEC2A4705BD4f45F674F641cE2D0022c9FB
Litecoin (LTC)			Lfk5y4F7KZa9oRxpazETwjQnHszEPvqPvu
Bitcoin (BTC)			14Dm7L3ABPtumPDcj3REAvs4L6w9YFRnHK
