##################################
##################################
##################################
Most Shorted Shares since [2020-05-04]
##################################
##################################
##################################

  Name of Share Issuer  Position Holder
0          PEARSON PLC                3

                        Name of Share Issuer  Net Short Position (%)
0                              HAMMERSON PLC                    6.67
1                                PEARSON PLC                    4.29
2                         HALFORDS GROUP PLC                    3.85
3                             TULLOW OIL PLC                    3.24
4                                EASYJET PLC                    2.90
5                               PETROFAC LTD                    2.62
6                   HOWDEN JOINERY GROUP PLC                    2.18
7                                     TUI AG                    2.17
8                     BABCOCK INTL GROUP PLC                    2.15
9                               INCHCAPE PLC                    1.72
10                 Flutter Entertainment plc                    1.71
11  Aston Martin Lagonda Global Holdings Plc                    1.65
12                      KEYWORDS STUDIOS PLC                    1.41
13                            METRO BANK PLC                    1.36
14         INTERCONTINENTAL HOTELS GROUP PLC                    1.20
15                                SENIOR PLC                    1.09
16                  WM MORRISON SUPERMARKETS                    1.09
17                        BURBERRY GROUP PLC                    1.00
18                            Kier Group plc                    0.99
19                  DOMINO'S PIZZA GROUP PLC                    0.89

#########[+]SUMMARY MOST OVERALL SHORTED[+]######################
#########[+]SUMMARY MOST OVERALL SHORTED[+]######################
#########[+]SUMMARY MOST OVERALL SHORTED[+]######################

[+]	PEARSON PLC


THE SOFTWARE IS PROVIDED 'AS IS', WITHOUT WARRANTY OF ANY KIND, EXPRESS OR IMPLIED, INCLUDING BUT NOT LIMITED TO THE WARRANTIES OF MERCHANTABILITY, FITNESS FOR A PARTICULAR PURPOSE, TITLE AND NON-INFRINGEMENT. IN NO EVENT SHALL THE COPYRIGHT HOLDERS OR ANYONE DISTRIBUTING THE SOFTWARE BE LIABLE FOR ANY DAMAGES OR OTHER LIABILITY, WHETHER IN CONTRACT, TORT OR OTHERWISE, ARISING FROM, OUT OF OR IN CONNECTION WITH THE SOFTWARE OR THE USE OR OTHER DEALINGS IN THE SOFTWARE.

Dont forget to tip your server!
Bitcoin Cash (BCH)			qpz32c4lg7x7lnk9jg6qg7s4uavdce89myax5v5nuk
Ether (ETH)			0x843d3DEC2A4705BD4f45F674F641cE2D0022c9FB
Litecoin (LTC)			Lfk5y4F7KZa9oRxpazETwjQnHszEPvqPvu
Bitcoin (BTC)			14Dm7L3ABPtumPDcj3REAvs4L6w9YFRnHK
