##################################
##################################
##################################
Most Shorted Shares since [2020-02-12]
##################################
##################################
##################################

                        Name of Share Issuer  Position Holder
0                              HAMMERSON PLC                8
1   Aston Martin Lagonda Global Holdings Plc                6
2                     BABCOCK INTL GROUP PLC                6
3                             METRO BANK PLC                6
4                                PEARSON PLC                6
5                             TULLOW OIL PLC                6
6                      WOOD GROUP (JOHN) PLC                6
7                            CINEWORLD GROUP                5
8                  Flutter Entertainment plc                5
9                         WEIR GROUP PLC/THE                5
10                               EASYJET PLC                4
11                        EQUINITI GROUP PLC                4
12                       INTU PROPERTIES PLC                4
13                            KINGFISHER PLC                4
14                            Kier Group plc                4
15                              PETROFAC LTD                4
16                               VICTREX PLC                4
17                  WM MORRISON SUPERMARKETS                4
18                                    AA PLC                3
19                     AUTO TRADER GROUP PLC                3

                        Name of Share Issuer  Net Short Position (%)
0                            PREMIER OIL PLC                   17.55
1                              HAMMERSON PLC                    9.07
2                             METRO BANK PLC                    8.75
3                                PEARSON PLC                    7.07
4                     BABCOCK INTL GROUP PLC                    6.76
5                             TULLOW OIL PLC                    6.51
6                            CINEWORLD GROUP                    6.49
7                      WOOD GROUP (JOHN) PLC                    5.78
8                        INTU PROPERTIES PLC                    5.28
9                                    SIG PLC                    5.26
10                        WEIR GROUP PLC/THE                    5.15
11                               VICTREX PLC                    5.03
12                               EASYJET PLC                    4.98
13                            KINGFISHER PLC                    4.77
14                         PETROPAVLOVSK PLC                    4.72
15  Aston Martin Lagonda Global Holdings Plc                    4.56
16                 Flutter Entertainment plc                    4.53
17                                    AA PLC                    4.50
18                              PETROFAC LTD                    4.50
19                  WM MORRISON SUPERMARKETS                    4.32

#########[+]SUMMARY MOST OVERALL SHORTED[+]######################
#########[+]SUMMARY MOST OVERALL SHORTED[+]######################
#########[+]SUMMARY MOST OVERALL SHORTED[+]######################

[+]	INTU PROPERTIES PLC
[+]	Aston Martin Lagonda Global Holdings Plc
[+]	Flutter Entertainment plc
[+]	BABCOCK INTL GROUP PLC
[+]	TULLOW OIL PLC
[+]	EASYJET PLC
[+]	PEARSON PLC
[+]	WM MORRISON SUPERMARKETS
[+]	CINEWORLD GROUP
[+]	METRO BANK PLC
[+]	HAMMERSON PLC
[+]	AA PLC
[+]	WOOD GROUP (JOHN) PLC
[+]	VICTREX PLC
[+]	PETROFAC LTD
[+]	KINGFISHER PLC
[+]	WEIR GROUP PLC/THE


THE SOFTWARE IS PROVIDED 'AS IS', WITHOUT WARRANTY OF ANY KIND, EXPRESS OR IMPLIED, INCLUDING BUT NOT LIMITED TO THE WARRANTIES OF MERCHANTABILITY, FITNESS FOR A PARTICULAR PURPOSE, TITLE AND NON-INFRINGEMENT. IN NO EVENT SHALL THE COPYRIGHT HOLDERS OR ANYONE DISTRIBUTING THE SOFTWARE BE LIABLE FOR ANY DAMAGES OR OTHER LIABILITY, WHETHER IN CONTRACT, TORT OR OTHERWISE, ARISING FROM, OUT OF OR IN CONNECTION WITH THE SOFTWARE OR THE USE OR OTHER DEALINGS IN THE SOFTWARE.

Dont forget to tip your server!
Bitcoin Cash (BCH)			qpz32c4lg7x7lnk9jg6qg7s4uavdce89myax5v5nuk
Ether (ETH)			0x843d3DEC2A4705BD4f45F674F641cE2D0022c9FB
Litecoin (LTC)			Lfk5y4F7KZa9oRxpazETwjQnHszEPvqPvu
Bitcoin (BTC)			14Dm7L3ABPtumPDcj3REAvs4L6w9YFRnHK
