##################################
##################################
##################################
Most Shorted Shares since [2020-01-29]
##################################
##################################
##################################

                        Name of Share Issuer  Position Holder
0                  Flutter Entertainment plc                6
1                              NORTHGATE PLC                6
2                     BABCOCK INTL GROUP PLC                5
3   Aston Martin Lagonda Global Holdings Plc                4
4                            CINEWORLD GROUP                4
5                                EASYJET PLC                4
6                             KINGFISHER PLC                4
7                                PEARSON PLC                4
8                             Royal Mail Plc                4
9                                     AA PLC                3
10                                CAPITA PLC                3
11                             HAMMERSON PLC                3
12                              INCHCAPE PLC                3
13                       JOHNSON MATTHEY PLC                3
14               JUPITER FUND MANAGEMENT PLC                3
15                 MICRO FOCUS INTERNATIONAL                3
16              SMITH (DAVID S) HOLDINGS PLC                3
17                                 TED BAKER                3
18                            TULLOW OIL PLC                3
19                               VICTREX PLC                3

                        Name of Share Issuer  Net Short Position (%)
0                            PREMIER OIL PLC                   16.73
1                  Flutter Entertainment plc                    6.09
2                     BABCOCK INTL GROUP PLC                    5.69
3                                    SIG PLC                    5.30
4                                PEARSON PLC                    5.22
5                             KINGFISHER PLC                    4.90
6                                     AA PLC                    4.87
7                             Royal Mail Plc                    4.70
8                          PETROPAVLOVSK PLC                    4.61
9                              HAMMERSON PLC                    4.50
10                             NORTHGATE PLC                    4.35
11                               EASYJET PLC                    4.27
12                        Go-Ahead Group PLC                    3.97
13                            METRO BANK PLC                    3.84
14                           CINEWORLD GROUP                    3.79
15                               VICTREX PLC                    3.72
16                                CAPITA PLC                    3.39
17  Aston Martin Lagonda Global Holdings Plc                    3.25
18                            TULLOW OIL PLC                    3.16
19                     WOOD GROUP (JOHN) PLC                    2.96

#########[+]SUMMARY MOST OVERALL SHORTED[+]######################
#########[+]SUMMARY MOST OVERALL SHORTED[+]######################
#########[+]SUMMARY MOST OVERALL SHORTED[+]######################

[+]	AA PLC
[+]	Royal Mail Plc
[+]	TULLOW OIL PLC
[+]	Aston Martin Lagonda Global Holdings Plc
[+]	KINGFISHER PLC
[+]	CINEWORLD GROUP
[+]	Flutter Entertainment plc
[+]	VICTREX PLC
[+]	PEARSON PLC
[+]	EASYJET PLC
[+]	HAMMERSON PLC
[+]	BABCOCK INTL GROUP PLC
[+]	NORTHGATE PLC
[+]	CAPITA PLC


THE SOFTWARE IS PROVIDED 'AS IS', WITHOUT WARRANTY OF ANY KIND, EXPRESS OR IMPLIED, INCLUDING BUT NOT LIMITED TO THE WARRANTIES OF MERCHANTABILITY, FITNESS FOR A PARTICULAR PURPOSE, TITLE AND NON-INFRINGEMENT. IN NO EVENT SHALL THE COPYRIGHT HOLDERS OR ANYONE DISTRIBUTING THE SOFTWARE BE LIABLE FOR ANY DAMAGES OR OTHER LIABILITY, WHETHER IN CONTRACT, TORT OR OTHERWISE, ARISING FROM, OUT OF OR IN CONNECTION WITH THE SOFTWARE OR THE USE OR OTHER DEALINGS IN THE SOFTWARE.

Dont forget to tip your server!
Bitcoin Cash (BCH)			qpz32c4lg7x7lnk9jg6qg7s4uavdce89myax5v5nuk
Ether (ETH)			0x843d3DEC2A4705BD4f45F674F641cE2D0022c9FB
Litecoin (LTC)			Lfk5y4F7KZa9oRxpazETwjQnHszEPvqPvu
Bitcoin (BTC)			14Dm7L3ABPtumPDcj3REAvs4L6w9YFRnHK
