##################################
##################################
##################################
Most Shorted Shares since [2020-07-18]
##################################
##################################
##################################

  Name of Share Issuer  Position Holder
0   WEIR GROUP PLC/THE                3

                  Name of Share Issuer  Net Short Position (%)
0                   WEIR GROUP PLC/THE                    3.23
1                         PETROFAC LTD                    2.83
2                      MITIE GROUP PLC                    2.27
3                       METRO BANK PLC                    2.15
4                        A.G. Barr PLC                    2.06
5                 BLUE PRISM GROUP PLC                    1.93
6                        HAMMERSON PLC                    1.91
7                           Greggs Plc                    1.63
8                           FUTURE PLC                    1.44
9                        CRANEWARE PLC                    1.43
10                      Royal Mail Plc                    1.42
11                    GVC Holdings Plc                    1.36
12                  BURBERRY GROUP PLC                    1.36
13             CRODA INTERNATIONAL PLC                    1.31
14         GULF KEYSTONE PETROLEUM LTD                    1.27
15            HOWDEN JOINERY GROUP PLC                    1.27
16  NETWORK INTERNATIONAL HOLDINGS PLC                    1.20
17               VITEC GROUP PLC (THE)                    1.14
18                RESTAURANT GROUP PLC                    1.07
19                          CAPITA PLC                    0.97

#########[+]SUMMARY MOST OVERALL SHORTED[+]######################
#########[+]SUMMARY MOST OVERALL SHORTED[+]######################
#########[+]SUMMARY MOST OVERALL SHORTED[+]######################

[+]	WEIR GROUP PLC/THE


THE SOFTWARE IS PROVIDED 'AS IS', WITHOUT WARRANTY OF ANY KIND, EXPRESS OR IMPLIED, INCLUDING BUT NOT LIMITED TO THE WARRANTIES OF MERCHANTABILITY, FITNESS FOR A PARTICULAR PURPOSE, TITLE AND NON-INFRINGEMENT. IN NO EVENT SHALL THE COPYRIGHT HOLDERS OR ANYONE DISTRIBUTING THE SOFTWARE BE LIABLE FOR ANY DAMAGES OR OTHER LIABILITY, WHETHER IN CONTRACT, TORT OR OTHERWISE, ARISING FROM, OUT OF OR IN CONNECTION WITH THE SOFTWARE OR THE USE OR OTHER DEALINGS IN THE SOFTWARE.

Dont forget to tip your server!
Bitcoin Cash (BCH)			qpz32c4lg7x7lnk9jg6qg7s4uavdce89myax5v5nuk
Ether (ETH)			0x843d3DEC2A4705BD4f45F674F641cE2D0022c9FB
Litecoin (LTC)			Lfk5y4F7KZa9oRxpazETwjQnHszEPvqPvu
Bitcoin (BTC)			14Dm7L3ABPtumPDcj3REAvs4L6w9YFRnHK
