##################################
##################################
##################################
Most Shorted Shares since [2020-02-14]
##################################
##################################
##################################

                        Name of Share Issuer  Position Holder
0                              HAMMERSON PLC                9
1   Aston Martin Lagonda Global Holdings Plc                7
2                     BABCOCK INTL GROUP PLC                6
3                             METRO BANK PLC                6
4                                PEARSON PLC                6
5                             TULLOW OIL PLC                6
6                      WOOD GROUP (JOHN) PLC                6
7                            CINEWORLD GROUP                5
8                  Flutter Entertainment plc                5
9                         WEIR GROUP PLC/THE                5
10                               EASYJET PLC                4
11                        EQUINITI GROUP PLC                4
12                            KINGFISHER PLC                4
13                            Kier Group plc                4
14                              PETROFAC LTD                4
15                               VICTREX PLC                4
16                  WM MORRISON SUPERMARKETS                4
17                                    AA PLC                3
18                     AUTO TRADER GROUP PLC                3
19                       BRITISH LAND CO PLC                3

                        Name of Share Issuer  Net Short Position (%)
0                            PREMIER OIL PLC                   17.71
1                              HAMMERSON PLC                    9.43
2                             METRO BANK PLC                    9.09
3                                PEARSON PLC                    6.96
4                     BABCOCK INTL GROUP PLC                    6.71
5                             TULLOW OIL PLC                    6.67
6                      WOOD GROUP (JOHN) PLC                    6.31
7                                     AA PLC                    5.78
8                                    SIG PLC                    5.30
9                            CINEWORLD GROUP                    5.24
10  Aston Martin Lagonda Global Holdings Plc                    5.19
11                               VICTREX PLC                    5.03
12                       INTU PROPERTIES PLC                    4.93
13                               EASYJET PLC                    4.91
14                        WEIR GROUP PLC/THE                    4.90
15                            KINGFISHER PLC                    4.77
16                         PETROPAVLOVSK PLC                    4.72
17                  WM MORRISON SUPERMARKETS                    4.68
18                            Kier Group plc                    4.57
19                 Flutter Entertainment plc                    4.52

#########[+]SUMMARY MOST OVERALL SHORTED[+]######################
#########[+]SUMMARY MOST OVERALL SHORTED[+]######################
#########[+]SUMMARY MOST OVERALL SHORTED[+]######################

[+]	HAMMERSON PLC
[+]	KINGFISHER PLC
[+]	CINEWORLD GROUP
[+]	TULLOW OIL PLC
[+]	AA PLC
[+]	Aston Martin Lagonda Global Holdings Plc
[+]	Kier Group plc
[+]	METRO BANK PLC
[+]	BABCOCK INTL GROUP PLC
[+]	VICTREX PLC
[+]	EASYJET PLC
[+]	WM MORRISON SUPERMARKETS
[+]	PEARSON PLC
[+]	WEIR GROUP PLC/THE
[+]	WOOD GROUP (JOHN) PLC
[+]	Flutter Entertainment plc


THE SOFTWARE IS PROVIDED 'AS IS', WITHOUT WARRANTY OF ANY KIND, EXPRESS OR IMPLIED, INCLUDING BUT NOT LIMITED TO THE WARRANTIES OF MERCHANTABILITY, FITNESS FOR A PARTICULAR PURPOSE, TITLE AND NON-INFRINGEMENT. IN NO EVENT SHALL THE COPYRIGHT HOLDERS OR ANYONE DISTRIBUTING THE SOFTWARE BE LIABLE FOR ANY DAMAGES OR OTHER LIABILITY, WHETHER IN CONTRACT, TORT OR OTHERWISE, ARISING FROM, OUT OF OR IN CONNECTION WITH THE SOFTWARE OR THE USE OR OTHER DEALINGS IN THE SOFTWARE.

Dont forget to tip your server!
Bitcoin Cash (BCH)			qpz32c4lg7x7lnk9jg6qg7s4uavdce89myax5v5nuk
Ether (ETH)			0x843d3DEC2A4705BD4f45F674F641cE2D0022c9FB
Litecoin (LTC)			Lfk5y4F7KZa9oRxpazETwjQnHszEPvqPvu
Bitcoin (BTC)			14Dm7L3ABPtumPDcj3REAvs4L6w9YFRnHK
