##################################
##################################
##################################
Most Shorted Shares since [2020-04-28]
##################################
##################################
##################################

         Name of Share Issuer  Position Holder
0   Flutter Entertainment plc                6
1   MICRO FOCUS INTERNATIONAL                4
2              Royal Mail Plc                4
3           SAINSBURY (J) PLC                4
4              TULLOW OIL PLC                4
5                  CAPITA PLC                3
6                 EASYJET PLC                3
7                 MEGGITT PLC                3
8                 PEARSON PLC                3
9                      TUI AG                3
10      WOOD GROUP (JOHN) PLC                3

                 Name of Share Issuer  Net Short Position (%)
0           Flutter Entertainment plc                    7.09
1                   PETROPAVLOVSK PLC                    5.11
2                   SAINSBURY (J) PLC                    4.80
3                          CAPITA PLC                    4.77
4                      Royal Mail Plc                    4.75
5                       HAMMERSON PLC                    4.49
6                      TULLOW OIL PLC                    4.39
7                         PEARSON PLC                    4.28
8                         EASYJET PLC                    3.72
9           MICRO FOCUS INTERNATIONAL                    3.57
10                       INCHCAPE PLC                    3.08
11                             TUI AG                    2.85
12              WOOD GROUP (JOHN) PLC                    2.76
13           WM MORRISON SUPERMARKETS                    2.44
14                            IQE PLC                    2.28
15           HOWDEN JOINERY GROUP PLC                    2.03
16                        DIGNITY PLC                    1.88
17                  NEWRIVER REIT PLC                    1.80
18                        MEGGITT PLC                    1.79
19  INTERCONTINENTAL HOTELS GROUP PLC                    1.76

#########[+]SUMMARY MOST OVERALL SHORTED[+]######################
#########[+]SUMMARY MOST OVERALL SHORTED[+]######################
#########[+]SUMMARY MOST OVERALL SHORTED[+]######################

[+]	SAINSBURY (J) PLC
[+]	WOOD GROUP (JOHN) PLC
[+]	EASYJET PLC
[+]	MICRO FOCUS INTERNATIONAL
[+]	CAPITA PLC
[+]	TUI AG
[+]	Royal Mail Plc
[+]	MEGGITT PLC
[+]	PEARSON PLC
[+]	TULLOW OIL PLC
[+]	Flutter Entertainment plc


THE SOFTWARE IS PROVIDED 'AS IS', WITHOUT WARRANTY OF ANY KIND, EXPRESS OR IMPLIED, INCLUDING BUT NOT LIMITED TO THE WARRANTIES OF MERCHANTABILITY, FITNESS FOR A PARTICULAR PURPOSE, TITLE AND NON-INFRINGEMENT. IN NO EVENT SHALL THE COPYRIGHT HOLDERS OR ANYONE DISTRIBUTING THE SOFTWARE BE LIABLE FOR ANY DAMAGES OR OTHER LIABILITY, WHETHER IN CONTRACT, TORT OR OTHERWISE, ARISING FROM, OUT OF OR IN CONNECTION WITH THE SOFTWARE OR THE USE OR OTHER DEALINGS IN THE SOFTWARE.

Dont forget to tip your server!
Bitcoin Cash (BCH)			qpz32c4lg7x7lnk9jg6qg7s4uavdce89myax5v5nuk
Ether (ETH)			0x843d3DEC2A4705BD4f45F674F641cE2D0022c9FB
Litecoin (LTC)			Lfk5y4F7KZa9oRxpazETwjQnHszEPvqPvu
Bitcoin (BTC)			14Dm7L3ABPtumPDcj3REAvs4L6w9YFRnHK
