##################################
##################################
##################################
Most Shorted Shares since [2020-04-15]
##################################
##################################
##################################

         Name of Share Issuer  Position Holder
0                 EASYJET PLC                5
1           SAINSBURY (J) PLC                4
2                 AGGREKO PLC                3
3                 PEARSON PLC                3
4                PETROFAC LTD                3
5        RESTAURANT GROUP PLC                3
6  STANDARD LIFE ABERDEEN PLC                3
7    WM MORRISON SUPERMARKETS                3

          Name of Share Issuer  Net Short Position (%)
0                  EASYJET PLC                    7.29
1            SAINSBURY (J) PLC                    5.95
2     WM MORRISON SUPERMARKETS                    5.12
3            PETROPAVLOVSK PLC                    4.83
4                   CAPITA PLC                    3.35
5                  AGGREKO PLC                    3.06
6           HALFORDS GROUP PLC                    2.90
7               Royal Mail Plc                    2.73
8                ASCENTIAL PLC                    2.68
9                  DIGNITY PLC                    2.62
10               A.G. Barr PLC                    2.38
11   CREST NICHOLSON HLDGS PLC                    2.38
12   MICRO FOCUS INTERNATIONAL                    2.37
13        RESTAURANT GROUP PLC                    2.37
14  STANDARD LIFE ABERDEEN PLC                    2.37
15   Flutter Entertainment plc                    2.30
16                 PEARSON PLC                    2.28
17          EQUINITI GROUP PLC                    2.08
18                PETROFAC LTD                    2.03
19              TULLOW OIL PLC                    1.88

#########[+]SUMMARY MOST OVERALL SHORTED[+]######################
#########[+]SUMMARY MOST OVERALL SHORTED[+]######################
#########[+]SUMMARY MOST OVERALL SHORTED[+]######################

[+]	WM MORRISON SUPERMARKETS
[+]	PEARSON PLC
[+]	STANDARD LIFE ABERDEEN PLC
[+]	PETROFAC LTD
[+]	EASYJET PLC
[+]	AGGREKO PLC
[+]	RESTAURANT GROUP PLC
[+]	SAINSBURY (J) PLC


THE SOFTWARE IS PROVIDED 'AS IS', WITHOUT WARRANTY OF ANY KIND, EXPRESS OR IMPLIED, INCLUDING BUT NOT LIMITED TO THE WARRANTIES OF MERCHANTABILITY, FITNESS FOR A PARTICULAR PURPOSE, TITLE AND NON-INFRINGEMENT. IN NO EVENT SHALL THE COPYRIGHT HOLDERS OR ANYONE DISTRIBUTING THE SOFTWARE BE LIABLE FOR ANY DAMAGES OR OTHER LIABILITY, WHETHER IN CONTRACT, TORT OR OTHERWISE, ARISING FROM, OUT OF OR IN CONNECTION WITH THE SOFTWARE OR THE USE OR OTHER DEALINGS IN THE SOFTWARE.

Dont forget to tip your server!
Bitcoin Cash (BCH)			qpz32c4lg7x7lnk9jg6qg7s4uavdce89myax5v5nuk
Ether (ETH)			0x843d3DEC2A4705BD4f45F674F641cE2D0022c9FB
Litecoin (LTC)			Lfk5y4F7KZa9oRxpazETwjQnHszEPvqPvu
Bitcoin (BTC)			14Dm7L3ABPtumPDcj3REAvs4L6w9YFRnHK
