##################################
##################################
##################################
Most Shorted Shares since [2020-01-30]
##################################
##################################
##################################

                        Name of Share Issuer  Position Holder
0                     BABCOCK INTL GROUP PLC                6
1                  Flutter Entertainment plc                6
2                              NORTHGATE PLC                6
3                                PEARSON PLC                6
4   Aston Martin Lagonda Global Holdings Plc                4
5                                EASYJET PLC                4
6                              HAMMERSON PLC                4
7                        JOHNSON MATTHEY PLC                4
8                             KINGFISHER PLC                4
9                             Kier Group plc                4
10                            Royal Mail Plc                4
11                            TULLOW OIL PLC                4
12                               VICTREX PLC                4
13                     WOOD GROUP (JOHN) PLC                4
14                                    AA PLC                3
15                                CAPITA PLC                3
16                           CINEWORLD GROUP                3
17                              INCHCAPE PLC                3
18               JUPITER FUND MANAGEMENT PLC                3
19                 MICRO FOCUS INTERNATIONAL                3

                        Name of Share Issuer  Net Short Position (%)
0                            PREMIER OIL PLC                   16.73
1                     BABCOCK INTL GROUP PLC                    6.29
2                                PEARSON PLC                    6.22
3                  Flutter Entertainment plc                    6.09
4                              HAMMERSON PLC                    5.72
5                                    SIG PLC                    5.20
6                                VICTREX PLC                    5.05
7                                     AA PLC                    4.87
8                             Royal Mail Plc                    4.70
9                             KINGFISHER PLC                    4.69
10                         PETROPAVLOVSK PLC                    4.61
11                               EASYJET PLC                    4.38
12                             NORTHGATE PLC                    4.35
13                     WOOD GROUP (JOHN) PLC                    3.87
14                            Kier Group plc                    3.85
15                        Go-Ahead Group PLC                    3.82
16                            METRO BANK PLC                    3.69
17                            TULLOW OIL PLC                    3.69
18                                CAPITA PLC                    3.29
19  Aston Martin Lagonda Global Holdings Plc                    3.25

#########[+]SUMMARY MOST OVERALL SHORTED[+]######################
#########[+]SUMMARY MOST OVERALL SHORTED[+]######################
#########[+]SUMMARY MOST OVERALL SHORTED[+]######################

[+]	NORTHGATE PLC
[+]	EASYJET PLC
[+]	AA PLC
[+]	Aston Martin Lagonda Global Holdings Plc
[+]	Royal Mail Plc
[+]	BABCOCK INTL GROUP PLC
[+]	TULLOW OIL PLC
[+]	PEARSON PLC
[+]	Flutter Entertainment plc
[+]	KINGFISHER PLC
[+]	HAMMERSON PLC
[+]	Kier Group plc
[+]	WOOD GROUP (JOHN) PLC
[+]	VICTREX PLC
[+]	CAPITA PLC


THE SOFTWARE IS PROVIDED 'AS IS', WITHOUT WARRANTY OF ANY KIND, EXPRESS OR IMPLIED, INCLUDING BUT NOT LIMITED TO THE WARRANTIES OF MERCHANTABILITY, FITNESS FOR A PARTICULAR PURPOSE, TITLE AND NON-INFRINGEMENT. IN NO EVENT SHALL THE COPYRIGHT HOLDERS OR ANYONE DISTRIBUTING THE SOFTWARE BE LIABLE FOR ANY DAMAGES OR OTHER LIABILITY, WHETHER IN CONTRACT, TORT OR OTHERWISE, ARISING FROM, OUT OF OR IN CONNECTION WITH THE SOFTWARE OR THE USE OR OTHER DEALINGS IN THE SOFTWARE.

Dont forget to tip your server!
Bitcoin Cash (BCH)			qpz32c4lg7x7lnk9jg6qg7s4uavdce89myax5v5nuk
Ether (ETH)			0x843d3DEC2A4705BD4f45F674F641cE2D0022c9FB
Litecoin (LTC)			Lfk5y4F7KZa9oRxpazETwjQnHszEPvqPvu
Bitcoin (BTC)			14Dm7L3ABPtumPDcj3REAvs4L6w9YFRnHK
