##################################
##################################
##################################
Most Shorted Shares since [2020-04-14]
##################################
##################################
##################################

          Name of Share Issuer  Position Holder
0                  EASYJET PLC                6
1            SAINSBURY (J) PLC                4
2                  AGGREKO PLC                3
3           EQUINITI GROUP PLC                3
4    Flutter Entertainment plc                3
5                HAMMERSON PLC                3
6                  PEARSON PLC                3
7                 PETROFAC LTD                3
8         RESTAURANT GROUP PLC                3
9   STANDARD LIFE ABERDEEN PLC                3
10    WM MORRISON SUPERMARKETS                3

          Name of Share Issuer  Net Short Position (%)
0                  EASYJET PLC                    7.90
1            SAINSBURY (J) PLC                    5.95
2     WM MORRISON SUPERMARKETS                    5.12
3            PETROPAVLOVSK PLC                    4.83
4    Flutter Entertainment plc                    3.79
5                   CAPITA PLC                    3.35
6                  AGGREKO PLC                    3.06
7                HAMMERSON PLC                    2.94
8                A.G. Barr PLC                    2.92
9           HALFORDS GROUP PLC                    2.90
10          EQUINITI GROUP PLC                    2.77
11              Royal Mail Plc                    2.73
12               ASCENTIAL PLC                    2.68
13                 DIGNITY PLC                    2.62
14   CREST NICHOLSON HLDGS PLC                    2.38
15   MICRO FOCUS INTERNATIONAL                    2.37
16        RESTAURANT GROUP PLC                    2.37
17  STANDARD LIFE ABERDEEN PLC                    2.37
18                 PEARSON PLC                    2.28
19                PETROFAC LTD                    2.03

#########[+]SUMMARY MOST OVERALL SHORTED[+]######################
#########[+]SUMMARY MOST OVERALL SHORTED[+]######################
#########[+]SUMMARY MOST OVERALL SHORTED[+]######################

[+]	AGGREKO PLC
[+]	HAMMERSON PLC
[+]	EQUINITI GROUP PLC
[+]	EASYJET PLC
[+]	Flutter Entertainment plc
[+]	STANDARD LIFE ABERDEEN PLC
[+]	WM MORRISON SUPERMARKETS
[+]	PEARSON PLC
[+]	PETROFAC LTD
[+]	SAINSBURY (J) PLC
[+]	RESTAURANT GROUP PLC


THE SOFTWARE IS PROVIDED 'AS IS', WITHOUT WARRANTY OF ANY KIND, EXPRESS OR IMPLIED, INCLUDING BUT NOT LIMITED TO THE WARRANTIES OF MERCHANTABILITY, FITNESS FOR A PARTICULAR PURPOSE, TITLE AND NON-INFRINGEMENT. IN NO EVENT SHALL THE COPYRIGHT HOLDERS OR ANYONE DISTRIBUTING THE SOFTWARE BE LIABLE FOR ANY DAMAGES OR OTHER LIABILITY, WHETHER IN CONTRACT, TORT OR OTHERWISE, ARISING FROM, OUT OF OR IN CONNECTION WITH THE SOFTWARE OR THE USE OR OTHER DEALINGS IN THE SOFTWARE.

Dont forget to tip your server!
Bitcoin Cash (BCH)			qpz32c4lg7x7lnk9jg6qg7s4uavdce89myax5v5nuk
Ether (ETH)			0x843d3DEC2A4705BD4f45F674F641cE2D0022c9FB
Litecoin (LTC)			Lfk5y4F7KZa9oRxpazETwjQnHszEPvqPvu
Bitcoin (BTC)			14Dm7L3ABPtumPDcj3REAvs4L6w9YFRnHK
