##################################
##################################
##################################
Most Shorted Shares since [2020-05-26]
##################################
##################################
##################################

     Name of Share Issuer  Position Holder
0             EASYJET PLC                4
1  BABCOCK INTL GROUP PLC                3
2             PEARSON PLC                3
3           WHITBREAD PLC                3

                        Name of Share Issuer  Net Short Position (%)
0                                EASYJET PLC                    5.91
1                     BABCOCK INTL GROUP PLC                    4.39
2                                PEARSON PLC                    3.39
3                                 CAPITA PLC                    3.21
4                                 FUTURE PLC                    2.37
5                        VIRGIN MONEY UK PLC                    2.33
6                                     TUI AG                    2.26
7                               CENTRICA PLC                    2.11
8                   WM MORRISON SUPERMARKETS                    2.01
9                         WEIR GROUP PLC/THE                    1.95
10                             WHITBREAD PLC                    1.92
11                                   G4S PLC                    1.91
12                                HISCOX LTD                    1.88
13                  HOWDEN JOINERY GROUP PLC                    1.88
14                      ST JAMES'S PLACE PLC                    1.82
15  Aston Martin Lagonda Global Holdings Plc                    1.66
16                              CARNIVAL PLC                    1.51
17                 MICRO FOCUS INTERNATIONAL                    1.51
18                        BURBERRY GROUP PLC                    1.42
19                  DOMINO'S PIZZA GROUP PLC                    1.41

#########[+]SUMMARY MOST OVERALL SHORTED[+]######################
#########[+]SUMMARY MOST OVERALL SHORTED[+]######################
#########[+]SUMMARY MOST OVERALL SHORTED[+]######################

[+]	BABCOCK INTL GROUP PLC
[+]	PEARSON PLC
[+]	WHITBREAD PLC
[+]	EASYJET PLC


THE SOFTWARE IS PROVIDED 'AS IS', WITHOUT WARRANTY OF ANY KIND, EXPRESS OR IMPLIED, INCLUDING BUT NOT LIMITED TO THE WARRANTIES OF MERCHANTABILITY, FITNESS FOR A PARTICULAR PURPOSE, TITLE AND NON-INFRINGEMENT. IN NO EVENT SHALL THE COPYRIGHT HOLDERS OR ANYONE DISTRIBUTING THE SOFTWARE BE LIABLE FOR ANY DAMAGES OR OTHER LIABILITY, WHETHER IN CONTRACT, TORT OR OTHERWISE, ARISING FROM, OUT OF OR IN CONNECTION WITH THE SOFTWARE OR THE USE OR OTHER DEALINGS IN THE SOFTWARE.

Dont forget to tip your server!
Bitcoin Cash (BCH)			qpz32c4lg7x7lnk9jg6qg7s4uavdce89myax5v5nuk
Ether (ETH)			0x843d3DEC2A4705BD4f45F674F641cE2D0022c9FB
Litecoin (LTC)			Lfk5y4F7KZa9oRxpazETwjQnHszEPvqPvu
Bitcoin (BTC)			14Dm7L3ABPtumPDcj3REAvs4L6w9YFRnHK
