##################################
##################################
##################################
Most Shorted Shares since [2020-01-28]
##################################
##################################
##################################

                        Name of Share Issuer  Position Holder
0                  Flutter Entertainment plc                6
1                     BABCOCK INTL GROUP PLC                5
2                              NORTHGATE PLC                5
3   Aston Martin Lagonda Global Holdings Plc                4
4                            CINEWORLD GROUP                4
5                                EASYJET PLC                4
6                             KINGFISHER PLC                4
7                                PEARSON PLC                4
8                             Royal Mail Plc                4
9                                     AA PLC                3
10                         Galliford Try plc                3
11                       JOHNSON MATTHEY PLC                3
12               JUPITER FUND MANAGEMENT PLC                3
13                            METRO BANK PLC                3
14                 MICRO FOCUS INTERNATIONAL                3
15              SMITH (DAVID S) HOLDINGS PLC                3
16                                 TED BAKER                3
17                            TULLOW OIL PLC                3
18                               VICTREX PLC                3
19                        WEIR GROUP PLC/THE                3

                        Name of Share Issuer  Net Short Position (%)
0                            PREMIER OIL PLC                   16.73
1                  Flutter Entertainment plc                    6.09
2                     BABCOCK INTL GROUP PLC                    5.72
3                                    SIG PLC                    5.30
4                                PEARSON PLC                    5.22
5                             METRO BANK PLC                    5.11
6                                     AA PLC                    4.87
7                             KINGFISHER PLC                    4.75
8                             Royal Mail Plc                    4.71
9                          PETROPAVLOVSK PLC                    4.61
10                               EASYJET PLC                    4.28
11                           CINEWORLD GROUP                    3.79
12                               VICTREX PLC                    3.72
13                             NORTHGATE PLC                    3.62
14  Aston Martin Lagonda Global Holdings Plc                    3.25
15                     WOOD GROUP (JOHN) PLC                    3.07
16                        WEIR GROUP PLC/THE                    2.92
17                              PETROFAC LTD                    2.84
18                            TULLOW OIL PLC                    2.83
19                CREST NICHOLSON HLDGS  PLC                    2.71

#########[+]SUMMARY MOST OVERALL SHORTED[+]######################
#########[+]SUMMARY MOST OVERALL SHORTED[+]######################
#########[+]SUMMARY MOST OVERALL SHORTED[+]######################

[+]	PEARSON PLC
[+]	METRO BANK PLC
[+]	BABCOCK INTL GROUP PLC
[+]	Flutter Entertainment plc
[+]	CINEWORLD GROUP
[+]	KINGFISHER PLC
[+]	Royal Mail Plc
[+]	VICTREX PLC
[+]	NORTHGATE PLC
[+]	WEIR GROUP PLC/THE
[+]	Aston Martin Lagonda Global Holdings Plc
[+]	AA PLC
[+]	TULLOW OIL PLC
[+]	EASYJET PLC


THE SOFTWARE IS PROVIDED 'AS IS', WITHOUT WARRANTY OF ANY KIND, EXPRESS OR IMPLIED, INCLUDING BUT NOT LIMITED TO THE WARRANTIES OF MERCHANTABILITY, FITNESS FOR A PARTICULAR PURPOSE, TITLE AND NON-INFRINGEMENT. IN NO EVENT SHALL THE COPYRIGHT HOLDERS OR ANYONE DISTRIBUTING THE SOFTWARE BE LIABLE FOR ANY DAMAGES OR OTHER LIABILITY, WHETHER IN CONTRACT, TORT OR OTHERWISE, ARISING FROM, OUT OF OR IN CONNECTION WITH THE SOFTWARE OR THE USE OR OTHER DEALINGS IN THE SOFTWARE.

Dont forget to tip your server!
Bitcoin Cash (BCH)			qpz32c4lg7x7lnk9jg6qg7s4uavdce89myax5v5nuk
Ether (ETH)			0x843d3DEC2A4705BD4f45F674F641cE2D0022c9FB
Litecoin (LTC)			Lfk5y4F7KZa9oRxpazETwjQnHszEPvqPvu
Bitcoin (BTC)			14Dm7L3ABPtumPDcj3REAvs4L6w9YFRnHK
