##################################
##################################
##################################
Most Shorted Shares since [2020-03-27]
##################################
##################################
##################################

Empty DataFrame
Columns: [Name of Share Issuer, Position Holder]
Index: []

              Name of Share Issuer  Net Short Position (%)
0             BLUE PRISM GROUP PLC                    3.61
1                   METRO BANK PLC                    3.06
2   STANDARD LIFE ABERDEEN PLC ORD                    2.02
3                       CAPITA PLC                    1.90
4                  OCADO GROUP PLC                    1.54
5     SMITH (DAVID S) HOLDINGS PLC                    1.36
6                    MENZIES(JOHN)                    1.35
7            WOOD GROUP (JOHN) PLC                    1.35
8        Flutter Entertainment plc                    1.32
9              BRITISH LAND CO PLC                    1.20
10                     DIGNITY PLC                    1.20
11        WM MORRISON SUPERMARKETS                    1.18
12         HARGREAVES LANSDOWN PLC                    0.99
13                DUNELM GROUP PLC                    0.98
14            FEVERTREE DRINKS PLC                    0.90
15                      ROTORK PLC                    0.90
16                   ASCENTIAL PLC                    0.88
17                WILLIAM HILL PLC                    0.82
18                        Boku Inc                    0.76
19              SMITH & NEPHEW PLC                    0.76

#########[+]SUMMARY MOST OVERALL SHORTED[+]######################
#########[+]SUMMARY MOST OVERALL SHORTED[+]######################
#########[+]SUMMARY MOST OVERALL SHORTED[+]######################



THE SOFTWARE IS PROVIDED 'AS IS', WITHOUT WARRANTY OF ANY KIND, EXPRESS OR IMPLIED, INCLUDING BUT NOT LIMITED TO THE WARRANTIES OF MERCHANTABILITY, FITNESS FOR A PARTICULAR PURPOSE, TITLE AND NON-INFRINGEMENT. IN NO EVENT SHALL THE COPYRIGHT HOLDERS OR ANYONE DISTRIBUTING THE SOFTWARE BE LIABLE FOR ANY DAMAGES OR OTHER LIABILITY, WHETHER IN CONTRACT, TORT OR OTHERWISE, ARISING FROM, OUT OF OR IN CONNECTION WITH THE SOFTWARE OR THE USE OR OTHER DEALINGS IN THE SOFTWARE.

Dont forget to tip your server!
Bitcoin Cash (BCH)			qpz32c4lg7x7lnk9jg6qg7s4uavdce89myax5v5nuk
Ether (ETH)			0x843d3DEC2A4705BD4f45F674F641cE2D0022c9FB
Litecoin (LTC)			Lfk5y4F7KZa9oRxpazETwjQnHszEPvqPvu
Bitcoin (BTC)			14Dm7L3ABPtumPDcj3REAvs4L6w9YFRnHK
