##################################
##################################
##################################
Most Shorted Shares since [2020-04-16]
##################################
##################################
##################################

         Name of Share Issuer  Position Holder
0                 EASYJET PLC                6
1           SAINSBURY (J) PLC                4
2                 AGGREKO PLC                3
3               ASCENTIAL PLC                3
4            DUNELM GROUP PLC                3
5   Flutter Entertainment plc                3
6  STANDARD LIFE ABERDEEN PLC                3
7              TULLOW OIL PLC                3

          Name of Share Issuer  Net Short Position (%)
0                  EASYJET PLC                    8.14
1            SAINSBURY (J) PLC                    6.14
2            PETROPAVLOVSK PLC                    4.99
3                ASCENTIAL PLC                    4.24
4     WM MORRISON SUPERMARKETS                    3.70
5                   CAPITA PLC                    3.50
6               METRO BANK PLC                    3.25
7                  AGGREKO PLC                    3.06
8    Flutter Entertainment plc                    2.99
9           HALFORDS GROUP PLC                    2.90
10         VIRGIN MONEY UK PLC                    2.55
11               A.G. Barr PLC                    2.43
12   CREST NICHOLSON HLDGS PLC                    2.38
13   MICRO FOCUS INTERNATIONAL                    2.37
14                 DIGNITY PLC                    2.33
15            DUNELM GROUP PLC                    2.32
16  STANDARD LIFE ABERDEEN PLC                    2.27
17              TULLOW OIL PLC                    2.23
18                INCHCAPE PLC                    2.09
19          EQUINITI GROUP PLC                    2.08

#########[+]SUMMARY MOST OVERALL SHORTED[+]######################
#########[+]SUMMARY MOST OVERALL SHORTED[+]######################
#########[+]SUMMARY MOST OVERALL SHORTED[+]######################

[+]	ASCENTIAL PLC
[+]	AGGREKO PLC
[+]	STANDARD LIFE ABERDEEN PLC
[+]	Flutter Entertainment plc
[+]	DUNELM GROUP PLC
[+]	TULLOW OIL PLC
[+]	SAINSBURY (J) PLC
[+]	EASYJET PLC


THE SOFTWARE IS PROVIDED 'AS IS', WITHOUT WARRANTY OF ANY KIND, EXPRESS OR IMPLIED, INCLUDING BUT NOT LIMITED TO THE WARRANTIES OF MERCHANTABILITY, FITNESS FOR A PARTICULAR PURPOSE, TITLE AND NON-INFRINGEMENT. IN NO EVENT SHALL THE COPYRIGHT HOLDERS OR ANYONE DISTRIBUTING THE SOFTWARE BE LIABLE FOR ANY DAMAGES OR OTHER LIABILITY, WHETHER IN CONTRACT, TORT OR OTHERWISE, ARISING FROM, OUT OF OR IN CONNECTION WITH THE SOFTWARE OR THE USE OR OTHER DEALINGS IN THE SOFTWARE.

Dont forget to tip your server!
Bitcoin Cash (BCH)			qpz32c4lg7x7lnk9jg6qg7s4uavdce89myax5v5nuk
Ether (ETH)			0x843d3DEC2A4705BD4f45F674F641cE2D0022c9FB
Litecoin (LTC)			Lfk5y4F7KZa9oRxpazETwjQnHszEPvqPvu
Bitcoin (BTC)			14Dm7L3ABPtumPDcj3REAvs4L6w9YFRnHK
