##################################
##################################
##################################
Most Shorted Shares since [2020-06-08]
##################################
##################################
##################################

  Name of Share Issuer  Position Holder
0       METRO BANK PLC                4
1           CAPITA PLC                3
2          EASYJET PLC                3
3      PREMIER OIL PLC                3

                        Name of Share Issuer  Net Short Position (%)
0                            PREMIER OIL PLC                    8.74
1                             METRO BANK PLC                    8.39
2                             HYVE GROUP PLC                    5.16
3                                 CAPITA PLC                    4.53
4                                DIGNITY PLC                    3.98
5                                EASYJET PLC                    3.97
6                     BABCOCK INTL GROUP PLC                    2.54
7                          SAINSBURY (J) PLC                    2.40
8                                    IQE PLC                    2.30
9                   WM MORRISON SUPERMARKETS                    1.78
10               ULTRA ELECTRONICS HLDGS PLC                    1.77
11                                    AA PLC                    1.69
12                       GREENCORE GROUP PLC                    1.56
13         INTERCONTINENTAL HOTELS GROUP PLC                    1.53
14  Aston Martin Lagonda Global Holdings Plc                    1.42
15                           CINEWORLD GROUP                    1.31
16                              SPECTRIS PLC                    1.31
17                             WHITBREAD PLC                    1.27
18                    Arrow Global Group plc                    1.21
19                  HOWDEN JOINERY GROUP PLC                    1.16

#########[+]SUMMARY MOST OVERALL SHORTED[+]######################
#########[+]SUMMARY MOST OVERALL SHORTED[+]######################
#########[+]SUMMARY MOST OVERALL SHORTED[+]######################

[+]	PREMIER OIL PLC
[+]	METRO BANK PLC
[+]	EASYJET PLC
[+]	CAPITA PLC


THE SOFTWARE IS PROVIDED 'AS IS', WITHOUT WARRANTY OF ANY KIND, EXPRESS OR IMPLIED, INCLUDING BUT NOT LIMITED TO THE WARRANTIES OF MERCHANTABILITY, FITNESS FOR A PARTICULAR PURPOSE, TITLE AND NON-INFRINGEMENT. IN NO EVENT SHALL THE COPYRIGHT HOLDERS OR ANYONE DISTRIBUTING THE SOFTWARE BE LIABLE FOR ANY DAMAGES OR OTHER LIABILITY, WHETHER IN CONTRACT, TORT OR OTHERWISE, ARISING FROM, OUT OF OR IN CONNECTION WITH THE SOFTWARE OR THE USE OR OTHER DEALINGS IN THE SOFTWARE.

Dont forget to tip your server!
Bitcoin Cash (BCH)			qpz32c4lg7x7lnk9jg6qg7s4uavdce89myax5v5nuk
Ether (ETH)			0x843d3DEC2A4705BD4f45F674F641cE2D0022c9FB
Litecoin (LTC)			Lfk5y4F7KZa9oRxpazETwjQnHszEPvqPvu
Bitcoin (BTC)			14Dm7L3ABPtumPDcj3REAvs4L6w9YFRnHK
