##################################
##################################
##################################
Most Shorted Shares since [2020-06-24]
##################################
##################################
##################################

  Name of Share Issuer  Position Holder
0      CINEWORLD GROUP                4
1       Royal Mail Plc                4
2           CAPITA PLC                3
3          PEARSON PLC                3

                 Name of Share Issuer  Net Short Position (%)
0                      Royal Mail Plc                    7.74
1                   PETROPAVLOVSK PLC                    5.18
2                         PEARSON PLC                    3.97
3              PETS AT HOME GROUP PLC                    3.74
4                     CINEWORLD GROUP                    3.58
5                      METRO BANK PLC                    2.81
6                          CAPITA PLC                    2.71
7                       A.G. Barr PLC                    2.48
8                          FUTURE PLC                    2.10
9           CREST NICHOLSON HLDGS PLC                    2.02
10             BABCOCK INTL GROUP PLC                    1.93
11                     TULLOW OIL PLC                    1.80
12  INTERCONTINENTAL HOTELS GROUP PLC                    1.78
13                        EASYJET PLC                    1.64
14                 BURBERRY GROUP PLC                    1.56
15           DOMINO'S PIZZA GROUP PLC                    1.51
16                      HAMMERSON PLC                    1.43
17                       SPECTRIS PLC                    1.42
18                       CARNIVAL PLC                    1.39
19         DAILY MAIL & GENERAL TRUST                    1.39

#########[+]SUMMARY MOST OVERALL SHORTED[+]######################
#########[+]SUMMARY MOST OVERALL SHORTED[+]######################
#########[+]SUMMARY MOST OVERALL SHORTED[+]######################

[+]	PEARSON PLC
[+]	CAPITA PLC
[+]	CINEWORLD GROUP
[+]	Royal Mail Plc


THE SOFTWARE IS PROVIDED 'AS IS', WITHOUT WARRANTY OF ANY KIND, EXPRESS OR IMPLIED, INCLUDING BUT NOT LIMITED TO THE WARRANTIES OF MERCHANTABILITY, FITNESS FOR A PARTICULAR PURPOSE, TITLE AND NON-INFRINGEMENT. IN NO EVENT SHALL THE COPYRIGHT HOLDERS OR ANYONE DISTRIBUTING THE SOFTWARE BE LIABLE FOR ANY DAMAGES OR OTHER LIABILITY, WHETHER IN CONTRACT, TORT OR OTHERWISE, ARISING FROM, OUT OF OR IN CONNECTION WITH THE SOFTWARE OR THE USE OR OTHER DEALINGS IN THE SOFTWARE.

Dont forget to tip your server!
Bitcoin Cash (BCH)			qpz32c4lg7x7lnk9jg6qg7s4uavdce89myax5v5nuk
Ether (ETH)			0x843d3DEC2A4705BD4f45F674F641cE2D0022c9FB
Litecoin (LTC)			Lfk5y4F7KZa9oRxpazETwjQnHszEPvqPvu
Bitcoin (BTC)			14Dm7L3ABPtumPDcj3REAvs4L6w9YFRnHK
