##################################
##################################
##################################
Most Shorted Shares since [2020-04-08]
##################################
##################################
##################################

        Name of Share Issuer  Position Holder
0  Flutter Entertainment plc                3

          Name of Share Issuer  Net Short Position (%)
0               TULLOW OIL PLC                    4.62
1                A.G. Barr PLC                    3.16
2    MICRO FOCUS INTERNATIONAL                    2.66
3            SAINSBURY (J) PLC                    2.49
4    Flutter Entertainment plc                    2.46
5                 INCHCAPE PLC                    2.18
6                MENZIES(JOHN)                    2.03
7                  EASYJET PLC                    2.01
8                 CARNIVAL PLC                    1.94
9                  DIGNITY PLC                    1.76
10             CINEWORLD GROUP                    1.71
11     CRODA INTERNATIONAL PLC                    1.69
12      PETS AT HOME GROUP PLC                    1.60
13  DAILY MAIL & GENERAL TRUST                    1.50
14              METRO BANK PLC                    1.48
15                    ASOS PLC                    1.47
16     Burford Capital Limited                    1.41
17                   BIFFA PLC                    0.96
18               Trainline PLC                    0.91
19             NAKED WINES PLC                    0.87

#########[+]SUMMARY MOST OVERALL SHORTED[+]######################
#########[+]SUMMARY MOST OVERALL SHORTED[+]######################
#########[+]SUMMARY MOST OVERALL SHORTED[+]######################

[+]	Flutter Entertainment plc


THE SOFTWARE IS PROVIDED 'AS IS', WITHOUT WARRANTY OF ANY KIND, EXPRESS OR IMPLIED, INCLUDING BUT NOT LIMITED TO THE WARRANTIES OF MERCHANTABILITY, FITNESS FOR A PARTICULAR PURPOSE, TITLE AND NON-INFRINGEMENT. IN NO EVENT SHALL THE COPYRIGHT HOLDERS OR ANYONE DISTRIBUTING THE SOFTWARE BE LIABLE FOR ANY DAMAGES OR OTHER LIABILITY, WHETHER IN CONTRACT, TORT OR OTHERWISE, ARISING FROM, OUT OF OR IN CONNECTION WITH THE SOFTWARE OR THE USE OR OTHER DEALINGS IN THE SOFTWARE.

Dont forget to tip your server!
Bitcoin Cash (BCH)			qpz32c4lg7x7lnk9jg6qg7s4uavdce89myax5v5nuk
Ether (ETH)			0x843d3DEC2A4705BD4f45F674F641cE2D0022c9FB
Litecoin (LTC)			Lfk5y4F7KZa9oRxpazETwjQnHszEPvqPvu
Bitcoin (BTC)			14Dm7L3ABPtumPDcj3REAvs4L6w9YFRnHK
