##################################
##################################
##################################
Most Shorted Shares since [2020-01-09]
##################################
##################################
##################################

                        Name of Share Issuer  Position Holder
0                  Flutter Entertainment plc                7
1                            CINEWORLD GROUP                6
2                      WOOD GROUP (JOHN) PLC                6
3                                PEARSON PLC                5
4                              HAMMERSON PLC                4
5                       KEYWORDS STUDIOS PLC                4
6               SMITH (DAVID S) HOLDINGS PLC                4
7                                  TED BAKER                4
8                         WEIR GROUP PLC/THE                4
9                                   ASOS PLC                3
10  Aston Martin Lagonda Global Holdings Plc                3
11                          GVC Holdings Plc                3
12                       JOHNSON MATTHEY PLC                3
13                            SUPERGROUP PLC                3
14                            TULLOW OIL PLC                3

                        Name of Share Issuer  Net Short Position (%)
0                            CINEWORLD GROUP                    9.23
1                  Flutter Entertainment plc                    6.68
2                      WOOD GROUP (JOHN) PLC                    5.86
3                              HAMMERSON PLC                    5.63
4                                    IQE PLC                    5.13
5                                    SIG PLC                    4.95
6                                PEARSON PLC                    4.69
7                          PETROPAVLOVSK PLC                    4.51
8                        GREENCORE GROUP PLC                    4.12
9                             METRO BANK PLC                    3.82
10                        WEIR GROUP PLC/THE                    3.50
11                          DUNELM GROUP PLC                    3.26
12              SMITH (DAVID S) HOLDINGS PLC                    3.23
13                                 TED BAKER                    3.05
14  Aston Martin Lagonda Global Holdings Plc                    2.92
15                                  ASOS PLC                    2.86
16                            KINGFISHER PLC                    2.82
17                            TULLOW OIL PLC                    2.81
18                            NMC HEALTH PLC                    2.63
19                               VICTREX PLC                    2.52

#########[+]SUMMARY MOST OVERALL SHORTED[+]######################
#########[+]SUMMARY MOST OVERALL SHORTED[+]######################
#########[+]SUMMARY MOST OVERALL SHORTED[+]######################

[+]	TED BAKER
[+]	PEARSON PLC
[+]	ASOS PLC
[+]	TULLOW OIL PLC
[+]	HAMMERSON PLC
[+]	Flutter Entertainment plc
[+]	SMITH (DAVID S) HOLDINGS PLC
[+]	Aston Martin Lagonda Global Holdings Plc
[+]	CINEWORLD GROUP
[+]	WOOD GROUP (JOHN) PLC
[+]	WEIR GROUP PLC/THE


THE SOFTWARE IS PROVIDED 'AS IS', WITHOUT WARRANTY OF ANY KIND, EXPRESS OR IMPLIED, INCLUDING BUT NOT LIMITED TO THE WARRANTIES OF MERCHANTABILITY, FITNESS FOR A PARTICULAR PURPOSE, TITLE AND NON-INFRINGEMENT. IN NO EVENT SHALL THE COPYRIGHT HOLDERS OR ANYONE DISTRIBUTING THE SOFTWARE BE LIABLE FOR ANY DAMAGES OR OTHER LIABILITY, WHETHER IN CONTRACT, TORT OR OTHERWISE, ARISING FROM, OUT OF OR IN CONNECTION WITH THE SOFTWARE OR THE USE OR OTHER DEALINGS IN THE SOFTWARE.

Dont forget to tip your server!
Bitcoin Cash (BCH)			qpz32c4lg7x7lnk9jg6qg7s4uavdce89myax5v5nuk
Ether (ETH)			0x843d3DEC2A4705BD4f45F674F641cE2D0022c9FB
Litecoin (LTC)			Lfk5y4F7KZa9oRxpazETwjQnHszEPvqPvu
Bitcoin (BTC)			14Dm7L3ABPtumPDcj3REAvs4L6w9YFRnHK
