##################################
##################################
##################################
Most Shorted Shares since [2020-06-16]
##################################
##################################
##################################

       Name of Share Issuer  Position Holder
0             ASCENTIAL PLC                3
1    BABCOCK INTL GROUP PLC                3
2  DOMINO'S PIZZA GROUP PLC                3
3               EASYJET PLC                3

                        Name of Share Issuer  Net Short Position (%)
0                          PETROPAVLOVSK PLC                    5.20
1                             METRO BANK PLC                    4.25
2                                 FUTURE PLC                    3.56
3                ULTRA ELECTRONICS HLDGS PLC                    3.34
4                     BABCOCK INTL GROUP PLC                    2.92
5                                EASYJET PLC                    2.83
6                                 CAPITA PLC                    2.80
7                              A.G. Barr PLC                    2.50
8                   DOMINO'S PIZZA GROUP PLC                    1.99
9                   WM MORRISON SUPERMARKETS                    1.98
10                             ASCENTIAL PLC                    1.96
11                            TULLOW OIL PLC                    1.78
12         INTERCONTINENTAL HOTELS GROUP PLC                    1.60
13  Aston Martin Lagonda Global Holdings Plc                    1.54
14               GULF KEYSTONE PETROLEUM LTD                    1.40
15                               DIGNITY PLC                    1.36
16                             HAMMERSON PLC                    1.33
17                       INTU PROPERTIES PLC                    1.32
18                      ST JAMES'S PLACE PLC                    1.31
19                      HURRICANE ENERGY PLC                    1.23

#########[+]SUMMARY MOST OVERALL SHORTED[+]######################
#########[+]SUMMARY MOST OVERALL SHORTED[+]######################
#########[+]SUMMARY MOST OVERALL SHORTED[+]######################

[+]	DOMINO'S PIZZA GROUP PLC
[+]	EASYJET PLC
[+]	BABCOCK INTL GROUP PLC
[+]	ASCENTIAL PLC


THE SOFTWARE IS PROVIDED 'AS IS', WITHOUT WARRANTY OF ANY KIND, EXPRESS OR IMPLIED, INCLUDING BUT NOT LIMITED TO THE WARRANTIES OF MERCHANTABILITY, FITNESS FOR A PARTICULAR PURPOSE, TITLE AND NON-INFRINGEMENT. IN NO EVENT SHALL THE COPYRIGHT HOLDERS OR ANYONE DISTRIBUTING THE SOFTWARE BE LIABLE FOR ANY DAMAGES OR OTHER LIABILITY, WHETHER IN CONTRACT, TORT OR OTHERWISE, ARISING FROM, OUT OF OR IN CONNECTION WITH THE SOFTWARE OR THE USE OR OTHER DEALINGS IN THE SOFTWARE.

Dont forget to tip your server!
Bitcoin Cash (BCH)			qpz32c4lg7x7lnk9jg6qg7s4uavdce89myax5v5nuk
Ether (ETH)			0x843d3DEC2A4705BD4f45F674F641cE2D0022c9FB
Litecoin (LTC)			Lfk5y4F7KZa9oRxpazETwjQnHszEPvqPvu
Bitcoin (BTC)			14Dm7L3ABPtumPDcj3REAvs4L6w9YFRnHK
