##################################
##################################
##################################
Most Shorted Shares since [2020-03-30]
##################################
##################################
##################################

                       Name of Share Issuer  Position Holder
0                 Flutter Entertainment plc                5
1                                  ASOS PLC                4
2                               EASYJET PLC                4
3  Aston Martin Lagonda Global Holdings Plc                3
4                  DOMINO'S PIZZA GROUP PLC                3
5                               PEARSON PLC                3
6                        WEIR GROUP PLC/THE                3

                        Name of Share Issuer  Net Short Position (%)
0                  Flutter Entertainment plc                    5.78
1                                EASYJET PLC                    5.14
2                                PEARSON PLC                    4.48
3                   WM MORRISON SUPERMARKETS                    3.77
4                                   ASOS PLC                    3.71
5                               INCHCAPE PLC                    3.40
6                         WEIR GROUP PLC/THE                    3.00
7                   DOMINO'S PIZZA GROUP PLC                    2.50
8                    CRODA INTERNATIONAL PLC                    2.49
9                             Royal Mail Plc                    2.33
10                             A.G. Barr PLC                    2.30
11                     WOOD GROUP (JOHN) PLC                    2.18
12                      BLUE PRISM GROUP PLC                    2.10
13                         Clipper Logistics                    2.02
14  Aston Martin Lagonda Global Holdings Plc                    1.89
15                            METRO BANK PLC                    1.85
16                             ASCENTIAL PLC                    1.81
17                               VICTREX PLC                    1.73
18                             MENZIES(JOHN)                    1.61
19                                ROTORK PLC                    1.58

#########[+]SUMMARY MOST OVERALL SHORTED[+]######################
#########[+]SUMMARY MOST OVERALL SHORTED[+]######################
#########[+]SUMMARY MOST OVERALL SHORTED[+]######################

[+]	EASYJET PLC
[+]	Flutter Entertainment plc
[+]	Aston Martin Lagonda Global Holdings Plc
[+]	PEARSON PLC
[+]	ASOS PLC
[+]	WEIR GROUP PLC/THE
[+]	DOMINO'S PIZZA GROUP PLC


THE SOFTWARE IS PROVIDED 'AS IS', WITHOUT WARRANTY OF ANY KIND, EXPRESS OR IMPLIED, INCLUDING BUT NOT LIMITED TO THE WARRANTIES OF MERCHANTABILITY, FITNESS FOR A PARTICULAR PURPOSE, TITLE AND NON-INFRINGEMENT. IN NO EVENT SHALL THE COPYRIGHT HOLDERS OR ANYONE DISTRIBUTING THE SOFTWARE BE LIABLE FOR ANY DAMAGES OR OTHER LIABILITY, WHETHER IN CONTRACT, TORT OR OTHERWISE, ARISING FROM, OUT OF OR IN CONNECTION WITH THE SOFTWARE OR THE USE OR OTHER DEALINGS IN THE SOFTWARE.

Dont forget to tip your server!
Bitcoin Cash (BCH)			qpz32c4lg7x7lnk9jg6qg7s4uavdce89myax5v5nuk
Ether (ETH)			0x843d3DEC2A4705BD4f45F674F641cE2D0022c9FB
Litecoin (LTC)			Lfk5y4F7KZa9oRxpazETwjQnHszEPvqPvu
Bitcoin (BTC)			14Dm7L3ABPtumPDcj3REAvs4L6w9YFRnHK
