##################################
##################################
##################################
Most Shorted Shares since [2020-08-19]
##################################
##################################
##################################

       Name of Share Issuer  Position Holder
0  DOMINO'S PIZZA GROUP PLC                4

                 Name of Share Issuer  Net Short Position (%)
0                   SAINSBURY (J) PLC                    3.71
1            DOMINO'S PIZZA GROUP PLC                    3.05
2                       MARSTON'S PLC                    2.17
3                              TUI AG                    2.01
4   INTERCONTINENTAL HOTELS GROUP PLC                    1.99
5                             ITV PLC                    1.94
6                           REACH PLC                    1.91
7                     CINEWORLD GROUP                    1.84
8        SMITH (DAVID S) HOLDINGS PLC                    1.82
9                  WEIR GROUP PLC/THE                    1.57
10                     METRO BANK PLC                    1.56
11                      HAMMERSON PLC                    1.44
12               HURRICANE ENERGY PLC                    1.40
13           WM MORRISON SUPERMARKETS                    1.40
14                   GVC Holdings Plc                    1.32
15               ST JAMES'S PLACE PLC                    1.21
16                Midatech Pharma Plc                    1.16
17              WOOD GROUP (JOHN) PLC                    0.91
18               MCCARTHY & STONE PLC                    0.90
19               KEYWORDS STUDIOS PLC                    0.89

#########[+]SUMMARY MOST OVERALL SHORTED[+]######################
#########[+]SUMMARY MOST OVERALL SHORTED[+]######################
#########[+]SUMMARY MOST OVERALL SHORTED[+]######################

[+]	DOMINO'S PIZZA GROUP PLC


THE SOFTWARE IS PROVIDED 'AS IS', WITHOUT WARRANTY OF ANY KIND, EXPRESS OR IMPLIED, INCLUDING BUT NOT LIMITED TO THE WARRANTIES OF MERCHANTABILITY, FITNESS FOR A PARTICULAR PURPOSE, TITLE AND NON-INFRINGEMENT. IN NO EVENT SHALL THE COPYRIGHT HOLDERS OR ANYONE DISTRIBUTING THE SOFTWARE BE LIABLE FOR ANY DAMAGES OR OTHER LIABILITY, WHETHER IN CONTRACT, TORT OR OTHERWISE, ARISING FROM, OUT OF OR IN CONNECTION WITH THE SOFTWARE OR THE USE OR OTHER DEALINGS IN THE SOFTWARE.

Dont forget to tip your server!
Bitcoin Cash (BCH)			qpz32c4lg7x7lnk9jg6qg7s4uavdce89myax5v5nuk
Ether (ETH)			0x843d3DEC2A4705BD4f45F674F641cE2D0022c9FB
Litecoin (LTC)			Lfk5y4F7KZa9oRxpazETwjQnHszEPvqPvu
Bitcoin (BTC)			14Dm7L3ABPtumPDcj3REAvs4L6w9YFRnHK
