##################################
##################################
##################################
Most Shorted Shares since [2020-05-11]
##################################
##################################
##################################

         Name of Share Issuer  Position Holder
0               HAMMERSON PLC                5
1                      TUI AG                4
2                  CAPITA PLC                3
3                CARNIVAL PLC                3
4                  FUTURE PLC                3
5                 MEGGITT PLC                3
6   MICRO FOCUS INTERNATIONAL                3
7                 PEARSON PLC                3
8           SAINSBURY (J) PLC                3
9              TULLOW OIL PLC                3
10                VICTREX PLC                3
11        VIRGIN MONEY UK PLC                3

                        Name of Share Issuer  Net Short Position (%)
0                              HAMMERSON PLC                    5.66
1                                 CAPITA PLC                    4.16
2                                 FUTURE PLC                    4.07
3                                     TUI AG                    3.83
4                   WM MORRISON SUPERMARKETS                    3.62
5                                EASYJET PLC                    3.45
6                  MICRO FOCUS INTERNATIONAL                    3.45
7                               CARNIVAL PLC                    3.29
8                        VIRGIN MONEY UK PLC                    3.29
9                              A.G. Barr PLC                    3.01
10                                    AA PLC                    2.52
11                            TULLOW OIL PLC                    2.47
12                 CREST NICHOLSON HLDGS PLC                    2.40
13                                   IQE PLC                    2.30
14  Aston Martin Lagonda Global Holdings Plc                    2.22
15                               MEGGITT PLC                    2.18
16                            METRO BANK PLC                    2.16
17                               PEARSON PLC                    2.09
18                  HOWDEN JOINERY GROUP PLC                    2.05
19                               VICTREX PLC                    2.03

#########[+]SUMMARY MOST OVERALL SHORTED[+]######################
#########[+]SUMMARY MOST OVERALL SHORTED[+]######################
#########[+]SUMMARY MOST OVERALL SHORTED[+]######################

[+]	TULLOW OIL PLC
[+]	MEGGITT PLC
[+]	CAPITA PLC
[+]	VIRGIN MONEY UK PLC
[+]	FUTURE PLC
[+]	HAMMERSON PLC
[+]	CARNIVAL PLC
[+]	MICRO FOCUS INTERNATIONAL
[+]	PEARSON PLC
[+]	TUI AG
[+]	VICTREX PLC


THE SOFTWARE IS PROVIDED 'AS IS', WITHOUT WARRANTY OF ANY KIND, EXPRESS OR IMPLIED, INCLUDING BUT NOT LIMITED TO THE WARRANTIES OF MERCHANTABILITY, FITNESS FOR A PARTICULAR PURPOSE, TITLE AND NON-INFRINGEMENT. IN NO EVENT SHALL THE COPYRIGHT HOLDERS OR ANYONE DISTRIBUTING THE SOFTWARE BE LIABLE FOR ANY DAMAGES OR OTHER LIABILITY, WHETHER IN CONTRACT, TORT OR OTHERWISE, ARISING FROM, OUT OF OR IN CONNECTION WITH THE SOFTWARE OR THE USE OR OTHER DEALINGS IN THE SOFTWARE.

Dont forget to tip your server!
Bitcoin Cash (BCH)			qpz32c4lg7x7lnk9jg6qg7s4uavdce89myax5v5nuk
Ether (ETH)			0x843d3DEC2A4705BD4f45F674F641cE2D0022c9FB
Litecoin (LTC)			Lfk5y4F7KZa9oRxpazETwjQnHszEPvqPvu
Bitcoin (BTC)			14Dm7L3ABPtumPDcj3REAvs4L6w9YFRnHK
