##################################
##################################
##################################
Most Shorted Shares since [2020-08-05]
##################################
##################################
##################################

  Name of Share Issuer  Position Holder
0        HAMMERSON PLC                3

                        Name of Share Issuer  Net Short Position (%)
0                             METRO BANK PLC                    6.06
1                          PETROPAVLOVSK PLC                    4.64
2                                DIGNITY PLC                    3.54
3                                PEARSON PLC                    3.31
4                              HAMMERSON PLC                    2.24
5          INTERCONTINENTAL HOTELS GROUP PLC                    2.12
6                            CINEWORLD GROUP                    1.87
7                         WEIR GROUP PLC/THE                    1.77
8                                    IQE PLC                    1.69
9                    LANCASHIRE HOLDINGS LTD                    1.69
10                            TULLOW OIL PLC                    1.58
11                                 REACH PLC                    1.32
12                               AGGREKO PLC                    1.26
13  Aston Martin Lagonda Global Holdings Plc                    1.19
14                      ST JAMES'S PLACE PLC                    1.19
15                       VIRGIN MONEY UK PLC                    1.19
16                          GVC Holdings Plc                    1.09
17                                  ASOS PLC                    1.01
18                      RESTAURANT GROUP PLC                    1.01
19               GULF KEYSTONE PETROLEUM LTD                    0.99

#########[+]SUMMARY MOST OVERALL SHORTED[+]######################
#########[+]SUMMARY MOST OVERALL SHORTED[+]######################
#########[+]SUMMARY MOST OVERALL SHORTED[+]######################

[+]	HAMMERSON PLC


THE SOFTWARE IS PROVIDED 'AS IS', WITHOUT WARRANTY OF ANY KIND, EXPRESS OR IMPLIED, INCLUDING BUT NOT LIMITED TO THE WARRANTIES OF MERCHANTABILITY, FITNESS FOR A PARTICULAR PURPOSE, TITLE AND NON-INFRINGEMENT. IN NO EVENT SHALL THE COPYRIGHT HOLDERS OR ANYONE DISTRIBUTING THE SOFTWARE BE LIABLE FOR ANY DAMAGES OR OTHER LIABILITY, WHETHER IN CONTRACT, TORT OR OTHERWISE, ARISING FROM, OUT OF OR IN CONNECTION WITH THE SOFTWARE OR THE USE OR OTHER DEALINGS IN THE SOFTWARE.

Dont forget to tip your server!
Bitcoin Cash (BCH)			qpz32c4lg7x7lnk9jg6qg7s4uavdce89myax5v5nuk
Ether (ETH)			0x843d3DEC2A4705BD4f45F674F641cE2D0022c9FB
Litecoin (LTC)			Lfk5y4F7KZa9oRxpazETwjQnHszEPvqPvu
Bitcoin (BTC)			14Dm7L3ABPtumPDcj3REAvs4L6w9YFRnHK
