##################################
##################################
##################################
Most Shorted Shares since [2020-06-09]
##################################
##################################
##################################

  Name of Share Issuer  Position Holder
0       METRO BANK PLC                4
1          EASYJET PLC                3
2      PREMIER OIL PLC                3
3  VIRGIN MONEY UK PLC                3

                        Name of Share Issuer  Net Short Position (%)
0                             METRO BANK PLC                    9.65
1                            PREMIER OIL PLC                    8.74
2                                 CAPITA PLC                    3.89
3                                EASYJET PLC                    3.76
4                                PEARSON PLC                    3.26
5                        VIRGIN MONEY UK PLC                    2.84
6                   WM MORRISON SUPERMARKETS                    2.58
7                     BABCOCK INTL GROUP PLC                    2.55
8                                    IQE PLC                    2.30
9                    LANCASHIRE HOLDINGS LTD                    2.20
10               ULTRA ELECTRONICS HLDGS PLC                    1.92
11                               DIGNITY PLC                    1.61
12                       GREENCORE GROUP PLC                    1.56
13         INTERCONTINENTAL HOTELS GROUP PLC                    1.53
14                     WOOD GROUP (JOHN) PLC                    1.51
15  Aston Martin Lagonda Global Holdings Plc                    1.49
16                             HAMMERSON PLC                    1.43
17                           CINEWORLD GROUP                    1.42
18        NETWORK INTERNATIONAL HOLDINGS PLC                    1.36
19                              SPECTRIS PLC                    1.31

#########[+]SUMMARY MOST OVERALL SHORTED[+]######################
#########[+]SUMMARY MOST OVERALL SHORTED[+]######################
#########[+]SUMMARY MOST OVERALL SHORTED[+]######################

[+]	PREMIER OIL PLC
[+]	EASYJET PLC
[+]	METRO BANK PLC
[+]	VIRGIN MONEY UK PLC


THE SOFTWARE IS PROVIDED 'AS IS', WITHOUT WARRANTY OF ANY KIND, EXPRESS OR IMPLIED, INCLUDING BUT NOT LIMITED TO THE WARRANTIES OF MERCHANTABILITY, FITNESS FOR A PARTICULAR PURPOSE, TITLE AND NON-INFRINGEMENT. IN NO EVENT SHALL THE COPYRIGHT HOLDERS OR ANYONE DISTRIBUTING THE SOFTWARE BE LIABLE FOR ANY DAMAGES OR OTHER LIABILITY, WHETHER IN CONTRACT, TORT OR OTHERWISE, ARISING FROM, OUT OF OR IN CONNECTION WITH THE SOFTWARE OR THE USE OR OTHER DEALINGS IN THE SOFTWARE.

Dont forget to tip your server!
Bitcoin Cash (BCH)			qpz32c4lg7x7lnk9jg6qg7s4uavdce89myax5v5nuk
Ether (ETH)			0x843d3DEC2A4705BD4f45F674F641cE2D0022c9FB
Litecoin (LTC)			Lfk5y4F7KZa9oRxpazETwjQnHszEPvqPvu
Bitcoin (BTC)			14Dm7L3ABPtumPDcj3REAvs4L6w9YFRnHK
