##################################
##################################
##################################
Most Shorted Shares since [2020-07-25]
##################################
##################################
##################################

  Name of Share Issuer  Position Holder
0      CINEWORLD GROUP                4

                  Name of Share Issuer  Net Short Position (%)
0                    PETROPAVLOVSK PLC                    5.50
1                       METRO BANK PLC                    3.61
2                          DIGNITY PLC                    3.31
3                      CINEWORLD GROUP                    3.18
4                           FUTURE PLC                    2.44
5    INTERCONTINENTAL HOTELS GROUP PLC                    2.00
6                        A.G. Barr PLC                    1.94
7                   WEIR GROUP PLC/THE                    1.89
8                           HISCOX LTD                    1.89
9                           CAPITA PLC                    1.73
10                   SAINSBURY (J) PLC                    1.68
11             CRODA INTERNATIONAL PLC                    1.39
12                              TUI AG                    1.32
13  NETWORK INTERNATIONAL HOLDINGS PLC                    1.30
14               VITEC GROUP PLC (THE)                    1.30
15        SMITH (DAVID S) HOLDINGS PLC                    1.26
16            WM MORRISON SUPERMARKETS                    1.19
17               WOOD GROUP (JOHN) PLC                    1.19
18             Burford Capital Limited                    1.18
19                       HAMMERSON PLC                    1.13

#########[+]SUMMARY MOST OVERALL SHORTED[+]######################
#########[+]SUMMARY MOST OVERALL SHORTED[+]######################
#########[+]SUMMARY MOST OVERALL SHORTED[+]######################

[+]	CINEWORLD GROUP


THE SOFTWARE IS PROVIDED 'AS IS', WITHOUT WARRANTY OF ANY KIND, EXPRESS OR IMPLIED, INCLUDING BUT NOT LIMITED TO THE WARRANTIES OF MERCHANTABILITY, FITNESS FOR A PARTICULAR PURPOSE, TITLE AND NON-INFRINGEMENT. IN NO EVENT SHALL THE COPYRIGHT HOLDERS OR ANYONE DISTRIBUTING THE SOFTWARE BE LIABLE FOR ANY DAMAGES OR OTHER LIABILITY, WHETHER IN CONTRACT, TORT OR OTHERWISE, ARISING FROM, OUT OF OR IN CONNECTION WITH THE SOFTWARE OR THE USE OR OTHER DEALINGS IN THE SOFTWARE.

Dont forget to tip your server!
Bitcoin Cash (BCH)			qpz32c4lg7x7lnk9jg6qg7s4uavdce89myax5v5nuk
Ether (ETH)			0x843d3DEC2A4705BD4f45F674F641cE2D0022c9FB
Litecoin (LTC)			Lfk5y4F7KZa9oRxpazETwjQnHszEPvqPvu
Bitcoin (BTC)			14Dm7L3ABPtumPDcj3REAvs4L6w9YFRnHK
