##################################
##################################
##################################
Most Shorted Shares since [2020-01-31]
##################################
##################################
##################################

                        Name of Share Issuer  Position Holder
0                     BABCOCK INTL GROUP PLC                6
1                              NORTHGATE PLC                6
2                                PEARSON PLC                6
3   Aston Martin Lagonda Global Holdings Plc                4
4                                EASYJET PLC                4
5                  Flutter Entertainment plc                4
6                              HAMMERSON PLC                4
7                        JOHNSON MATTHEY PLC                4
8                             KINGFISHER PLC                4
9                             Kier Group plc                4
10                            Royal Mail Plc                4
11                            TULLOW OIL PLC                4
12                               VICTREX PLC                4
13                     WOOD GROUP (JOHN) PLC                4
14                                    AA PLC                3
15                                CAPITA PLC                3
16                              INCHCAPE PLC                3
17               JUPITER FUND MANAGEMENT PLC                3
18                 MICRO FOCUS INTERNATIONAL                3
19              SMITH (DAVID S) HOLDINGS PLC                3

                        Name of Share Issuer  Net Short Position (%)
0                     BABCOCK INTL GROUP PLC                    6.29
1                                PEARSON PLC                    6.22
2                              HAMMERSON PLC                    5.72
3                                    SIG PLC                    5.20
4                                VICTREX PLC                    5.05
5                                     AA PLC                    4.87
6                             Royal Mail Plc                    4.70
7                             KINGFISHER PLC                    4.69
8                                EASYJET PLC                    4.38
9                              NORTHGATE PLC                    4.35
10                     WOOD GROUP (JOHN) PLC                    3.87
11                            Kier Group plc                    3.85
12                        Go-Ahead Group PLC                    3.82
13                 Flutter Entertainment plc                    3.76
14                            METRO BANK PLC                    3.69
15                            TULLOW OIL PLC                    3.69
16                                CAPITA PLC                    3.29
17  Aston Martin Lagonda Global Holdings Plc                    3.25
18                       JOHNSON MATTHEY PLC                    3.04
19                              PETROFAC LTD                    2.84

#########[+]SUMMARY MOST OVERALL SHORTED[+]######################
#########[+]SUMMARY MOST OVERALL SHORTED[+]######################
#########[+]SUMMARY MOST OVERALL SHORTED[+]######################

[+]	Royal Mail Plc
[+]	Kier Group plc
[+]	WOOD GROUP (JOHN) PLC
[+]	Flutter Entertainment plc
[+]	HAMMERSON PLC
[+]	KINGFISHER PLC
[+]	EASYJET PLC
[+]	TULLOW OIL PLC
[+]	Aston Martin Lagonda Global Holdings Plc
[+]	JOHNSON MATTHEY PLC
[+]	VICTREX PLC
[+]	CAPITA PLC
[+]	BABCOCK INTL GROUP PLC
[+]	AA PLC
[+]	NORTHGATE PLC
[+]	PEARSON PLC


THE SOFTWARE IS PROVIDED 'AS IS', WITHOUT WARRANTY OF ANY KIND, EXPRESS OR IMPLIED, INCLUDING BUT NOT LIMITED TO THE WARRANTIES OF MERCHANTABILITY, FITNESS FOR A PARTICULAR PURPOSE, TITLE AND NON-INFRINGEMENT. IN NO EVENT SHALL THE COPYRIGHT HOLDERS OR ANYONE DISTRIBUTING THE SOFTWARE BE LIABLE FOR ANY DAMAGES OR OTHER LIABILITY, WHETHER IN CONTRACT, TORT OR OTHERWISE, ARISING FROM, OUT OF OR IN CONNECTION WITH THE SOFTWARE OR THE USE OR OTHER DEALINGS IN THE SOFTWARE.

Dont forget to tip your server!
Bitcoin Cash (BCH)			qpz32c4lg7x7lnk9jg6qg7s4uavdce89myax5v5nuk
Ether (ETH)			0x843d3DEC2A4705BD4f45F674F641cE2D0022c9FB
Litecoin (LTC)			Lfk5y4F7KZa9oRxpazETwjQnHszEPvqPvu
Bitcoin (BTC)			14Dm7L3ABPtumPDcj3REAvs4L6w9YFRnHK
