##################################
##################################
##################################
Most Shorted Shares since [2019-12-13]
##################################
##################################
##################################

           Name of Share Issuer  Position Holder
0               CINEWORLD GROUP                4
1                NMC HEALTH PLC                4
2                     TED BAKER                4
3                   VICTREX PLC                4
4         WOOD GROUP (JOHN) PLC                4
5                    CAPITA PLC                3
6      DOMINO'S PIZZA GROUP PLC                3
7              DUNELM GROUP PLC                3
8                   EASYJET PLC                3
9                 HAMMERSON PLC                3
10  JUPITER FUND MANAGEMENT PLC                3
11               KINGFISHER PLC                3
12                  PEARSON PLC                3
13                 PETROFAC LTD                3
14               Royal Mail Plc                3
15     WM MORRISON SUPERMARKETS                3

          Name of Share Issuer  Net Short Position (%)
0              CINEWORLD GROUP                    7.33
1                      SIG PLC                    5.43
2        WOOD GROUP (JOHN) PLC                    4.76
3               NMC HEALTH PLC                    4.42
4               METRO BANK PLC                    4.15
5   CREST NICHOLSON HLDGS  PLC                    4.09
6                  EASYJET PLC                    4.09
7                  VICTREX PLC                    3.72
8     DOMINO'S PIZZA GROUP PLC                    3.42
9                   CAPITA PLC                    3.40
10               HAMMERSON PLC                    3.37
11             MITIE GROUP PLC                    3.06
12    WM MORRISON SUPERMARKETS                    3.03
13                PETROFAC LTD                    3.02
14                 PEARSON PLC                    3.00
15              KINGFISHER PLC                    2.83
16               Motif Bio PLC                    2.70
17                 BEAZLEY PLC                    2.62
18                   TED BAKER                    2.61
19                      AA PLC                    2.60

#########[+]SUMMARY MOST OVERALL SHORTED[+]######################
#########[+]SUMMARY MOST OVERALL SHORTED[+]######################
#########[+]SUMMARY MOST OVERALL SHORTED[+]######################

[+]	EASYJET PLC
[+]	TED BAKER
[+]	PETROFAC LTD
[+]	NMC HEALTH PLC
[+]	WM MORRISON SUPERMARKETS
[+]	DOMINO'S PIZZA GROUP PLC
[+]	PEARSON PLC
[+]	WOOD GROUP (JOHN) PLC
[+]	CAPITA PLC
[+]	KINGFISHER PLC
[+]	VICTREX PLC
[+]	HAMMERSON PLC
[+]	CINEWORLD GROUP


THE SOFTWARE IS PROVIDED 'AS IS', WITHOUT WARRANTY OF ANY KIND, EXPRESS OR IMPLIED, INCLUDING BUT NOT LIMITED TO THE WARRANTIES OF MERCHANTABILITY, FITNESS FOR A PARTICULAR PURPOSE, TITLE AND NON-INFRINGEMENT. IN NO EVENT SHALL THE COPYRIGHT HOLDERS OR ANYONE DISTRIBUTING THE SOFTWARE BE LIABLE FOR ANY DAMAGES OR OTHER LIABILITY, WHETHER IN CONTRACT, TORT OR OTHERWISE, ARISING FROM, OUT OF OR IN CONNECTION WITH THE SOFTWARE OR THE USE OR OTHER DEALINGS IN THE SOFTWARE.

Dont forget to tip your server!
Bitcoin Cash (BCH)			qpz32c4lg7x7lnk9jg6qg7s4uavdce89myax5v5nuk
Ether (ETH)			0x843d3DEC2A4705BD4f45F674F641cE2D0022c9FB
Litecoin (LTC)			Lfk5y4F7KZa9oRxpazETwjQnHszEPvqPvu
Bitcoin (BTC)			14Dm7L3ABPtumPDcj3REAvs4L6w9YFRnHK
