##################################
##################################
##################################
Most Shorted Shares since [2020-07-30]
##################################
##################################
##################################

  Name of Share Issuer  Position Holder
0        HAMMERSON PLC                4
1        ASCENTIAL PLC                3
2       METRO BANK PLC                3

                        Name of Share Issuer  Net Short Position (%)
0                          PETROPAVLOVSK PLC                    4.92
1                             METRO BANK PLC                    4.09
2                                DIGNITY PLC                    3.39
3                              HAMMERSON PLC                    2.97
4                     BABCOCK INTL GROUP PLC                    2.36
5                                 FUTURE PLC                    2.16
6                              ASCENTIAL PLC                    2.04
7                             TULLOW OIL PLC                    1.68
8                           GVC Holdings Plc                    1.64
9                         WEIR GROUP PLC/THE                    1.64
10                                CAPITA PLC                    1.62
11                     VITEC GROUP PLC (THE)                    1.58
12            B&M EUROPEAN VALUE RETAIL S.A.                    1.53
13                       JOHNSON MATTHEY PLC                    1.43
14                   CRODA INTERNATIONAL PLC                    1.41
15              SMITH (DAVID S) HOLDINGS PLC                    1.25
16                   Burford Capital Limited                    1.23
17  Aston Martin Lagonda Global Holdings Plc                    1.22
18                             A.G. Barr PLC                    1.13
19                                 REACH PLC                    1.12

#########[+]SUMMARY MOST OVERALL SHORTED[+]######################
#########[+]SUMMARY MOST OVERALL SHORTED[+]######################
#########[+]SUMMARY MOST OVERALL SHORTED[+]######################

[+]	HAMMERSON PLC
[+]	METRO BANK PLC
[+]	ASCENTIAL PLC


THE SOFTWARE IS PROVIDED 'AS IS', WITHOUT WARRANTY OF ANY KIND, EXPRESS OR IMPLIED, INCLUDING BUT NOT LIMITED TO THE WARRANTIES OF MERCHANTABILITY, FITNESS FOR A PARTICULAR PURPOSE, TITLE AND NON-INFRINGEMENT. IN NO EVENT SHALL THE COPYRIGHT HOLDERS OR ANYONE DISTRIBUTING THE SOFTWARE BE LIABLE FOR ANY DAMAGES OR OTHER LIABILITY, WHETHER IN CONTRACT, TORT OR OTHERWISE, ARISING FROM, OUT OF OR IN CONNECTION WITH THE SOFTWARE OR THE USE OR OTHER DEALINGS IN THE SOFTWARE.

Dont forget to tip your server!
Bitcoin Cash (BCH)			qpz32c4lg7x7lnk9jg6qg7s4uavdce89myax5v5nuk
Ether (ETH)			0x843d3DEC2A4705BD4f45F674F641cE2D0022c9FB
Litecoin (LTC)			Lfk5y4F7KZa9oRxpazETwjQnHszEPvqPvu
Bitcoin (BTC)			14Dm7L3ABPtumPDcj3REAvs4L6w9YFRnHK
