##################################
##################################
##################################
Most Shorted Shares since [2020-04-27]
##################################
##################################
##################################

         Name of Share Issuer  Position Holder
0   MICRO FOCUS INTERNATIONAL                4
1              Royal Mail Plc                4
2           SAINSBURY (J) PLC                4
3       WOOD GROUP (JOHN) PLC                4
4                  CAPITA PLC                3
5                 EASYJET PLC                3
6                 MEGGITT PLC                3
7                 PEARSON PLC                3
8                      TUI AG                3
9              TULLOW OIL PLC                3
10         WEIR GROUP PLC/THE                3

         Name of Share Issuer  Net Short Position (%)
0              Royal Mail Plc                    4.76
1           SAINSBURY (J) PLC                    4.72
2                  CAPITA PLC                    4.65
3              METRO BANK PLC                    4.11
4               HAMMERSON PLC                    4.09
5              TULLOW OIL PLC                    3.85
6                 EASYJET PLC                    3.72
7   MICRO FOCUS INTERNATIONAL                    3.57
8       WOOD GROUP (JOHN) PLC                    3.40
9                INCHCAPE PLC                    3.08
10                     TUI AG                    2.94
11   WM MORRISON SUPERMARKETS                    2.44
12          NEWRIVER REIT PLC                    2.36
13         WEIR GROUP PLC/THE                    2.28
14                    IQE PLC                    2.28
15             N. Brown Group                    2.21
16   HOWDEN JOINERY GROUP PLC                    2.03
17              MARSTON'S PLC                    1.96
18                DIGNITY PLC                    1.88
19                PEARSON PLC                    1.84

#########[+]SUMMARY MOST OVERALL SHORTED[+]######################
#########[+]SUMMARY MOST OVERALL SHORTED[+]######################
#########[+]SUMMARY MOST OVERALL SHORTED[+]######################

[+]	PEARSON PLC
[+]	WEIR GROUP PLC/THE
[+]	TUI AG
[+]	MICRO FOCUS INTERNATIONAL
[+]	SAINSBURY (J) PLC
[+]	WOOD GROUP (JOHN) PLC
[+]	Royal Mail Plc
[+]	TULLOW OIL PLC
[+]	EASYJET PLC
[+]	CAPITA PLC


THE SOFTWARE IS PROVIDED 'AS IS', WITHOUT WARRANTY OF ANY KIND, EXPRESS OR IMPLIED, INCLUDING BUT NOT LIMITED TO THE WARRANTIES OF MERCHANTABILITY, FITNESS FOR A PARTICULAR PURPOSE, TITLE AND NON-INFRINGEMENT. IN NO EVENT SHALL THE COPYRIGHT HOLDERS OR ANYONE DISTRIBUTING THE SOFTWARE BE LIABLE FOR ANY DAMAGES OR OTHER LIABILITY, WHETHER IN CONTRACT, TORT OR OTHERWISE, ARISING FROM, OUT OF OR IN CONNECTION WITH THE SOFTWARE OR THE USE OR OTHER DEALINGS IN THE SOFTWARE.

Dont forget to tip your server!
Bitcoin Cash (BCH)			qpz32c4lg7x7lnk9jg6qg7s4uavdce89myax5v5nuk
Ether (ETH)			0x843d3DEC2A4705BD4f45F674F641cE2D0022c9FB
Litecoin (LTC)			Lfk5y4F7KZa9oRxpazETwjQnHszEPvqPvu
Bitcoin (BTC)			14Dm7L3ABPtumPDcj3REAvs4L6w9YFRnHK
