##################################
##################################
##################################
Most Shorted Shares since [2020-06-18]
##################################
##################################
##################################

       Name of Share Issuer  Position Holder
0  DOMINO'S PIZZA GROUP PLC                5
1             ASCENTIAL PLC                3
2               EASYJET PLC                3

                  Name of Share Issuer  Net Short Position (%)
0                       METRO BANK PLC                    4.36
1                           FUTURE PLC                    3.56
2                          PEARSON PLC                    3.25
3                        A.G. Barr PLC                    3.07
4             DOMINO'S PIZZA GROUP PLC                    2.90
5          ULTRA ELECTRONICS HLDGS PLC                    2.63
6                           CAPITA PLC                    2.61
7                          EASYJET PLC                    2.56
8                        ASCENTIAL PLC                    1.96
9                  VIRGIN MONEY UK PLC                    1.89
10                   SAINSBURY (J) PLC                    1.87
11            WM MORRISON SUPERMARKETS                    1.84
12              BABCOCK INTL GROUP PLC                    1.83
13  NETWORK INTERNATIONAL HOLDINGS PLC                    1.74
14             LANCASHIRE HOLDINGS LTD                    1.71
15            HOWDEN JOINERY GROUP PLC                    1.67
16                      TULLOW OIL PLC                    1.64
17   INTERCONTINENTAL HOTELS GROUP PLC                    1.60
18           MICRO FOCUS INTERNATIONAL                    1.44
19         GULF KEYSTONE PETROLEUM LTD                    1.40

#########[+]SUMMARY MOST OVERALL SHORTED[+]######################
#########[+]SUMMARY MOST OVERALL SHORTED[+]######################
#########[+]SUMMARY MOST OVERALL SHORTED[+]######################

[+]	EASYJET PLC
[+]	DOMINO'S PIZZA GROUP PLC
[+]	ASCENTIAL PLC


THE SOFTWARE IS PROVIDED 'AS IS', WITHOUT WARRANTY OF ANY KIND, EXPRESS OR IMPLIED, INCLUDING BUT NOT LIMITED TO THE WARRANTIES OF MERCHANTABILITY, FITNESS FOR A PARTICULAR PURPOSE, TITLE AND NON-INFRINGEMENT. IN NO EVENT SHALL THE COPYRIGHT HOLDERS OR ANYONE DISTRIBUTING THE SOFTWARE BE LIABLE FOR ANY DAMAGES OR OTHER LIABILITY, WHETHER IN CONTRACT, TORT OR OTHERWISE, ARISING FROM, OUT OF OR IN CONNECTION WITH THE SOFTWARE OR THE USE OR OTHER DEALINGS IN THE SOFTWARE.

Dont forget to tip your server!
Bitcoin Cash (BCH)			qpz32c4lg7x7lnk9jg6qg7s4uavdce89myax5v5nuk
Ether (ETH)			0x843d3DEC2A4705BD4f45F674F641cE2D0022c9FB
Litecoin (LTC)			Lfk5y4F7KZa9oRxpazETwjQnHszEPvqPvu
Bitcoin (BTC)			14Dm7L3ABPtumPDcj3REAvs4L6w9YFRnHK
