##################################
##################################
##################################
Most Shorted Shares since [2020-08-17]
##################################
##################################
##################################

           Name of Share Issuer  Position Holder
0  SMITH (DAVID S) HOLDINGS PLC                3
1            WEIR GROUP PLC/THE                3

                  Name of Share Issuer  Net Short Position (%)
0                    SAINSBURY (J) PLC                    3.68
1                           FUTURE PLC                    2.96
2         SMITH (DAVID S) HOLDINGS PLC                    2.36
3                   WEIR GROUP PLC/THE                    2.07
4    INTERCONTINENTAL HOTELS GROUP PLC                    2.06
5                               TUI AG                    2.01
6                           CAPITA PLC                    1.83
7                            REACH PLC                    1.83
8                           HISCOX LTD                    1.78
9                       METRO BANK PLC                    1.66
10                     CINEWORLD GROUP                    1.61
11                             ITV PLC                    1.60
12                      TULLOW OIL PLC                    1.49
13                       MARSTON'S PLC                    1.32
14  NETWORK INTERNATIONAL HOLDINGS PLC                    1.22
15                ST JAMES'S PLACE PLC                    1.19
16                 Midatech Pharma Plc                    1.16
17                          ROTORK PLC                    1.06
18                         AGGREKO PLC                    0.96
19                KEYWORDS STUDIOS PLC                    0.89

#########[+]SUMMARY MOST OVERALL SHORTED[+]######################
#########[+]SUMMARY MOST OVERALL SHORTED[+]######################
#########[+]SUMMARY MOST OVERALL SHORTED[+]######################

[+]	WEIR GROUP PLC/THE
[+]	SMITH (DAVID S) HOLDINGS PLC


THE SOFTWARE IS PROVIDED 'AS IS', WITHOUT WARRANTY OF ANY KIND, EXPRESS OR IMPLIED, INCLUDING BUT NOT LIMITED TO THE WARRANTIES OF MERCHANTABILITY, FITNESS FOR A PARTICULAR PURPOSE, TITLE AND NON-INFRINGEMENT. IN NO EVENT SHALL THE COPYRIGHT HOLDERS OR ANYONE DISTRIBUTING THE SOFTWARE BE LIABLE FOR ANY DAMAGES OR OTHER LIABILITY, WHETHER IN CONTRACT, TORT OR OTHERWISE, ARISING FROM, OUT OF OR IN CONNECTION WITH THE SOFTWARE OR THE USE OR OTHER DEALINGS IN THE SOFTWARE.

Dont forget to tip your server!
Bitcoin Cash (BCH)			qpz32c4lg7x7lnk9jg6qg7s4uavdce89myax5v5nuk
Ether (ETH)			0x843d3DEC2A4705BD4f45F674F641cE2D0022c9FB
Litecoin (LTC)			Lfk5y4F7KZa9oRxpazETwjQnHszEPvqPvu
Bitcoin (BTC)			14Dm7L3ABPtumPDcj3REAvs4L6w9YFRnHK
