##################################
##################################
##################################
Most Shorted Shares since [2020-08-04]
##################################
##################################
##################################

  Name of Share Issuer  Position Holder
0        HAMMERSON PLC                4
1       METRO BANK PLC                3

                 Name of Share Issuer  Net Short Position (%)
0                      METRO BANK PLC                    7.77
1                   PETROPAVLOVSK PLC                    4.64
2                         DIGNITY PLC                    3.54
3                         PEARSON PLC                    3.31
4                       HAMMERSON PLC                    3.08
5   INTERCONTINENTAL HOTELS GROUP PLC                    2.12
6                  WEIR GROUP PLC/THE                    1.77
7                             IQE PLC                    1.69
8             LANCASHIRE HOLDINGS LTD                    1.69
9                      TULLOW OIL PLC                    1.68
10              VITEC GROUP PLC (THE)                    1.58
11                          REACH PLC                    1.32
12                        AGGREKO PLC                    1.26
13                  SAINSBURY (J) PLC                    1.22
14          CREST NICHOLSON HLDGS PLC                    1.21
15               ST JAMES'S PLACE PLC                    1.19
16                      A.G. Barr PLC                    1.13
17                           NEXT PLC                    1.11
18                      MARSTON'S PLC                    1.01
19        GULF KEYSTONE PETROLEUM LTD                    0.99

#########[+]SUMMARY MOST OVERALL SHORTED[+]######################
#########[+]SUMMARY MOST OVERALL SHORTED[+]######################
#########[+]SUMMARY MOST OVERALL SHORTED[+]######################

[+]	HAMMERSON PLC
[+]	METRO BANK PLC


THE SOFTWARE IS PROVIDED 'AS IS', WITHOUT WARRANTY OF ANY KIND, EXPRESS OR IMPLIED, INCLUDING BUT NOT LIMITED TO THE WARRANTIES OF MERCHANTABILITY, FITNESS FOR A PARTICULAR PURPOSE, TITLE AND NON-INFRINGEMENT. IN NO EVENT SHALL THE COPYRIGHT HOLDERS OR ANYONE DISTRIBUTING THE SOFTWARE BE LIABLE FOR ANY DAMAGES OR OTHER LIABILITY, WHETHER IN CONTRACT, TORT OR OTHERWISE, ARISING FROM, OUT OF OR IN CONNECTION WITH THE SOFTWARE OR THE USE OR OTHER DEALINGS IN THE SOFTWARE.

Dont forget to tip your server!
Bitcoin Cash (BCH)			qpz32c4lg7x7lnk9jg6qg7s4uavdce89myax5v5nuk
Ether (ETH)			0x843d3DEC2A4705BD4f45F674F641cE2D0022c9FB
Litecoin (LTC)			Lfk5y4F7KZa9oRxpazETwjQnHszEPvqPvu
Bitcoin (BTC)			14Dm7L3ABPtumPDcj3REAvs4L6w9YFRnHK
