##################################
##################################
##################################
Most Shorted Shares since [2020-05-19]
##################################
##################################
##################################

   Name of Share Issuer  Position Holder
0            CAPITA PLC                3
1  KEYWORDS STUDIOS PLC                3
2           MEGGITT PLC                3

         Name of Share Issuer  Net Short Position (%)
0                  CAPITA PLC                    5.03
1              Royal Mail Plc                    3.40
2                 PEARSON PLC                    2.78
3                 MEGGITT PLC                    2.72
4                      AA PLC                    2.58
5   MARKS & SPENCER GROUP PLC                    2.53
6      BABCOCK INTL GROUP PLC                    2.44
7        KEYWORDS STUDIOS PLC                    2.24
8          WEIR GROUP PLC/THE                    2.09
9        ST JAMES'S PLACE PLC                    1.90
10  MICRO FOCUS INTERNATIONAL                    1.87
11                 HISCOX LTD                    1.85
12        VIRGIN MONEY UK PLC                    1.63
13               CARNIVAL PLC                    1.60
14             METRO BANK PLC                    1.55
15                DIGNITY PLC                    1.45
16          ASHMORE GROUP PLC                    1.37
17                    G4S PLC                    1.29
18           DUNELM GROUP PLC                    1.26
19      WOOD GROUP (JOHN) PLC                    1.22

#########[+]SUMMARY MOST OVERALL SHORTED[+]######################
#########[+]SUMMARY MOST OVERALL SHORTED[+]######################
#########[+]SUMMARY MOST OVERALL SHORTED[+]######################

[+]	MEGGITT PLC
[+]	KEYWORDS STUDIOS PLC
[+]	CAPITA PLC


THE SOFTWARE IS PROVIDED 'AS IS', WITHOUT WARRANTY OF ANY KIND, EXPRESS OR IMPLIED, INCLUDING BUT NOT LIMITED TO THE WARRANTIES OF MERCHANTABILITY, FITNESS FOR A PARTICULAR PURPOSE, TITLE AND NON-INFRINGEMENT. IN NO EVENT SHALL THE COPYRIGHT HOLDERS OR ANYONE DISTRIBUTING THE SOFTWARE BE LIABLE FOR ANY DAMAGES OR OTHER LIABILITY, WHETHER IN CONTRACT, TORT OR OTHERWISE, ARISING FROM, OUT OF OR IN CONNECTION WITH THE SOFTWARE OR THE USE OR OTHER DEALINGS IN THE SOFTWARE.

Dont forget to tip your server!
Bitcoin Cash (BCH)			qpz32c4lg7x7lnk9jg6qg7s4uavdce89myax5v5nuk
Ether (ETH)			0x843d3DEC2A4705BD4f45F674F641cE2D0022c9FB
Litecoin (LTC)			Lfk5y4F7KZa9oRxpazETwjQnHszEPvqPvu
Bitcoin (BTC)			14Dm7L3ABPtumPDcj3REAvs4L6w9YFRnHK
