##################################
##################################
##################################
Most Shorted Shares since [2020-05-19]
##################################
##################################
##################################

     Name of Share Issuer  Position Holder
0    KEYWORDS STUDIOS PLC                4
1  BABCOCK INTL GROUP PLC                3
2      BURBERRY GROUP PLC                3
3              CAPITA PLC                3
4            CARNIVAL PLC                3
5             EASYJET PLC                3
6             MEGGITT PLC                3

         Name of Share Issuer  Net Short Position (%)
0                 EASYJET PLC                    5.14
1                  CAPITA PLC                    5.03
2      BABCOCK INTL GROUP PLC                    4.07
3                CARNIVAL PLC                    3.51
4              Royal Mail Plc                    3.40
5        KEYWORDS STUDIOS PLC                    3.07
6                 MEGGITT PLC                    2.84
7                 PEARSON PLC                    2.78
8              METRO BANK PLC                    2.72
9   MARKS & SPENCER GROUP PLC                    2.69
10         BURBERRY GROUP PLC                    2.53
11                     AA PLC                    2.49
12               INCHCAPE PLC                    2.43
13         WEIR GROUP PLC/THE                    2.24
14       ST JAMES'S PLACE PLC                    1.90
15                 HISCOX LTD                    1.85
16        VIRGIN MONEY UK PLC                    1.63
17                     TUI AG                    1.60
18  MICRO FOCUS INTERNATIONAL                    1.49
19                    G4S PLC                    1.40

#########[+]SUMMARY MOST OVERALL SHORTED[+]######################
#########[+]SUMMARY MOST OVERALL SHORTED[+]######################
#########[+]SUMMARY MOST OVERALL SHORTED[+]######################

[+]	KEYWORDS STUDIOS PLC
[+]	CARNIVAL PLC
[+]	EASYJET PLC
[+]	MEGGITT PLC
[+]	BABCOCK INTL GROUP PLC
[+]	CAPITA PLC
[+]	BURBERRY GROUP PLC


THE SOFTWARE IS PROVIDED 'AS IS', WITHOUT WARRANTY OF ANY KIND, EXPRESS OR IMPLIED, INCLUDING BUT NOT LIMITED TO THE WARRANTIES OF MERCHANTABILITY, FITNESS FOR A PARTICULAR PURPOSE, TITLE AND NON-INFRINGEMENT. IN NO EVENT SHALL THE COPYRIGHT HOLDERS OR ANYONE DISTRIBUTING THE SOFTWARE BE LIABLE FOR ANY DAMAGES OR OTHER LIABILITY, WHETHER IN CONTRACT, TORT OR OTHERWISE, ARISING FROM, OUT OF OR IN CONNECTION WITH THE SOFTWARE OR THE USE OR OTHER DEALINGS IN THE SOFTWARE.

Dont forget to tip your server!
Bitcoin Cash (BCH)			qpz32c4lg7x7lnk9jg6qg7s4uavdce89myax5v5nuk
Ether (ETH)			0x843d3DEC2A4705BD4f45F674F641cE2D0022c9FB
Litecoin (LTC)			Lfk5y4F7KZa9oRxpazETwjQnHszEPvqPvu
Bitcoin (BTC)			14Dm7L3ABPtumPDcj3REAvs4L6w9YFRnHK
