##################################
##################################
##################################
Most Shorted Shares since [2020-05-21]
##################################
##################################
##################################

  Name of Share Issuer  Position Holder
0   BURBERRY GROUP PLC                3
1        WHITBREAD PLC                3

         Name of Share Issuer  Net Short Position (%)
0                 EASYJET PLC                    4.54
1                CARNIVAL PLC                    3.07
2      BABCOCK INTL GROUP PLC                    2.72
3                 PEARSON PLC                    2.66
4          BURBERRY GROUP PLC                    2.57
5                  CAPITA PLC                    2.56
6          WEIR GROUP PLC/THE                    2.50
7                      AA PLC                    2.49
8                INCHCAPE PLC                    2.43
9                      TUI AG                    2.33
10              WHITBREAD PLC                    2.30
11                MEGGITT PLC                    2.22
12                    G4S PLC                    2.09
13                 HISCOX LTD                    1.91
14  MICRO FOCUS INTERNATIONAL                    1.68
15  MARKS & SPENCER GROUP PLC                    1.54
16         UDG HEALTHCARE PLC                    1.52
17                DIGNITY PLC                    1.37
18           DUNELM GROUP PLC                    1.37
19    Burford Capital Limited                    1.32

#########[+]SUMMARY MOST OVERALL SHORTED[+]######################
#########[+]SUMMARY MOST OVERALL SHORTED[+]######################
#########[+]SUMMARY MOST OVERALL SHORTED[+]######################

[+]	WHITBREAD PLC
[+]	BURBERRY GROUP PLC


THE SOFTWARE IS PROVIDED 'AS IS', WITHOUT WARRANTY OF ANY KIND, EXPRESS OR IMPLIED, INCLUDING BUT NOT LIMITED TO THE WARRANTIES OF MERCHANTABILITY, FITNESS FOR A PARTICULAR PURPOSE, TITLE AND NON-INFRINGEMENT. IN NO EVENT SHALL THE COPYRIGHT HOLDERS OR ANYONE DISTRIBUTING THE SOFTWARE BE LIABLE FOR ANY DAMAGES OR OTHER LIABILITY, WHETHER IN CONTRACT, TORT OR OTHERWISE, ARISING FROM, OUT OF OR IN CONNECTION WITH THE SOFTWARE OR THE USE OR OTHER DEALINGS IN THE SOFTWARE.

Dont forget to tip your server!
Bitcoin Cash (BCH)			qpz32c4lg7x7lnk9jg6qg7s4uavdce89myax5v5nuk
Ether (ETH)			0x843d3DEC2A4705BD4f45F674F641cE2D0022c9FB
Litecoin (LTC)			Lfk5y4F7KZa9oRxpazETwjQnHszEPvqPvu
Bitcoin (BTC)			14Dm7L3ABPtumPDcj3REAvs4L6w9YFRnHK
