##################################
##################################
##################################
Most Shorted Shares since [2020-07-23]
##################################
##################################
##################################

  Name of Share Issuer  Position Holder
0      CINEWORLD GROUP                3
1    SAINSBURY (J) PLC                3

                 Name of Share Issuer  Net Short Position (%)
0                     MITIE GROUP PLC                    4.82
1                      METRO BANK PLC                    3.74
2                     CINEWORLD GROUP                    2.33
3                  WEIR GROUP PLC/THE                    2.20
4                   SAINSBURY (J) PLC                    2.18
5   INTERCONTINENTAL HOTELS GROUP PLC                    2.00
6            DOMINO'S PIZZA GROUP PLC                    1.99
7                       A.G. Barr PLC                    1.94
8                    GVC Holdings Plc                    1.63
9               VITEC GROUP PLC (THE)                    1.23
10        GULF KEYSTONE PETROLEUM LTD                    1.19
11              WOOD GROUP (JOHN) PLC                    1.19
12                  ASHMORE GROUP PLC                    1.12
13                          REACH PLC                    0.96
14          SABRE INSURANCE GROUP PLC                    0.93
15               HURRICANE ENERGY PLC                    0.86
16                             TUI AG                    0.80
17            CRODA INTERNATIONAL PLC                    0.79
18            HARGREAVES LANSDOWN PLC                    0.79
19           ROLLS-ROYCE HOLDINGS PLC                    0.79

#########[+]SUMMARY MOST OVERALL SHORTED[+]######################
#########[+]SUMMARY MOST OVERALL SHORTED[+]######################
#########[+]SUMMARY MOST OVERALL SHORTED[+]######################

[+]	CINEWORLD GROUP
[+]	SAINSBURY (J) PLC


THE SOFTWARE IS PROVIDED 'AS IS', WITHOUT WARRANTY OF ANY KIND, EXPRESS OR IMPLIED, INCLUDING BUT NOT LIMITED TO THE WARRANTIES OF MERCHANTABILITY, FITNESS FOR A PARTICULAR PURPOSE, TITLE AND NON-INFRINGEMENT. IN NO EVENT SHALL THE COPYRIGHT HOLDERS OR ANYONE DISTRIBUTING THE SOFTWARE BE LIABLE FOR ANY DAMAGES OR OTHER LIABILITY, WHETHER IN CONTRACT, TORT OR OTHERWISE, ARISING FROM, OUT OF OR IN CONNECTION WITH THE SOFTWARE OR THE USE OR OTHER DEALINGS IN THE SOFTWARE.

Dont forget to tip your server!
Bitcoin Cash (BCH)			qpz32c4lg7x7lnk9jg6qg7s4uavdce89myax5v5nuk
Ether (ETH)			0x843d3DEC2A4705BD4f45F674F641cE2D0022c9FB
Litecoin (LTC)			Lfk5y4F7KZa9oRxpazETwjQnHszEPvqPvu
Bitcoin (BTC)			14Dm7L3ABPtumPDcj3REAvs4L6w9YFRnHK
