##################################
##################################
##################################
Most Shorted Shares since [2020-02-07]
##################################
##################################
##################################

                        Name of Share Issuer  Position Holder
0                              HAMMERSON PLC                7
1                     BABCOCK INTL GROUP PLC                6
2                             TULLOW OIL PLC                6
3                      WOOD GROUP (JOHN) PLC                6
4                  Flutter Entertainment plc                5
5                             METRO BANK PLC                5
6                                PEARSON PLC                5
7                         WEIR GROUP PLC/THE                5
8                            CINEWORLD GROUP                4
9                                EASYJET PLC                4
10                       INTU PROPERTIES PLC                4
11                       JOHNSON MATTHEY PLC                4
12                            Kier Group plc                4
13                            Royal Mail Plc                4
14  Aston Martin Lagonda Global Holdings Plc                3
15                   CRODA INTERNATIONAL PLC                3
16                          DUNELM GROUP PLC                3
17                        EQUINITI GROUP PLC                3
18                         Galliford Try plc                3
19                      KEYWORDS STUDIOS PLC                3

            Name of Share Issuer  Net Short Position (%)
0                  HAMMERSON PLC                    8.81
1                 METRO BANK PLC                    7.62
2                CINEWORLD GROUP                    7.15
3         BABCOCK INTL GROUP PLC                    6.81
4                 TULLOW OIL PLC                    6.48
5                    PEARSON PLC                    6.43
6          WOOD GROUP (JOHN) PLC                    5.87
7            INTU PROPERTIES PLC                    5.27
8             WEIR GROUP PLC/THE                    5.15
9                        SIG PLC                    5.13
10                Royal Mail Plc                    4.67
11                   EASYJET PLC                    4.63
12     Flutter Entertainment plc                    4.53
13                Kier Group plc                    3.85
14              DUNELM GROUP PLC                    3.73
15                KINGFISHER PLC                    3.53
16                  PETROFAC LTD                    3.38
17       CRODA INTERNATIONAL PLC                    3.06
18  SMITH (DAVID S) HOLDINGS PLC                    2.94
19           JOHNSON MATTHEY PLC                    2.89

#########[+]SUMMARY MOST OVERALL SHORTED[+]######################
#########[+]SUMMARY MOST OVERALL SHORTED[+]######################
#########[+]SUMMARY MOST OVERALL SHORTED[+]######################

[+]	WEIR GROUP PLC/THE
[+]	DUNELM GROUP PLC
[+]	WOOD GROUP (JOHN) PLC
[+]	Kier Group plc
[+]	CINEWORLD GROUP
[+]	Royal Mail Plc
[+]	TULLOW OIL PLC
[+]	INTU PROPERTIES PLC
[+]	EASYJET PLC
[+]	JOHNSON MATTHEY PLC
[+]	HAMMERSON PLC
[+]	PEARSON PLC
[+]	BABCOCK INTL GROUP PLC
[+]	CRODA INTERNATIONAL PLC
[+]	METRO BANK PLC
[+]	Flutter Entertainment plc


THE SOFTWARE IS PROVIDED 'AS IS', WITHOUT WARRANTY OF ANY KIND, EXPRESS OR IMPLIED, INCLUDING BUT NOT LIMITED TO THE WARRANTIES OF MERCHANTABILITY, FITNESS FOR A PARTICULAR PURPOSE, TITLE AND NON-INFRINGEMENT. IN NO EVENT SHALL THE COPYRIGHT HOLDERS OR ANYONE DISTRIBUTING THE SOFTWARE BE LIABLE FOR ANY DAMAGES OR OTHER LIABILITY, WHETHER IN CONTRACT, TORT OR OTHERWISE, ARISING FROM, OUT OF OR IN CONNECTION WITH THE SOFTWARE OR THE USE OR OTHER DEALINGS IN THE SOFTWARE.

Dont forget to tip your server!
Bitcoin Cash (BCH)			qpz32c4lg7x7lnk9jg6qg7s4uavdce89myax5v5nuk
Ether (ETH)			0x843d3DEC2A4705BD4f45F674F641cE2D0022c9FB
Litecoin (LTC)			Lfk5y4F7KZa9oRxpazETwjQnHszEPvqPvu
Bitcoin (BTC)			14Dm7L3ABPtumPDcj3REAvs4L6w9YFRnHK
