##################################
##################################
##################################
Most Shorted Shares since [2020-04-09]
##################################
##################################
##################################

Empty DataFrame
Columns: [Name of Share Issuer, Position Holder]
Index: []

                        Name of Share Issuer  Net Short Position (%)
0                                     AA PLC                    4.57
1                   WM MORRISON SUPERMARKETS                    2.35
2                          SAINSBURY (J) PLC                    2.20
3                  MICRO FOCUS INTERNATIONAL                    2.16
4                                    IQE PLC                    2.06
5                       KEYWORDS STUDIOS PLC                    2.06
6                                DIGNITY PLC                    2.04
7                               CARNIVAL PLC                    1.89
8               SMITH (DAVID S) HOLDINGS PLC                    1.49
9                  Flutter Entertainment plc                    1.26
10                               EASYJET PLC                    1.24
11                       GOOCH & HOUSEGO PLC                    1.22
12                          NANOCO GROUP PLC                    1.15
13  Aston Martin Lagonda Global Holdings Plc                    1.11
14              INTERCONTINENTAL HOTELS GROU                    1.09
15                        POLYPIPE GROUP PLC                    1.05
16                                 BIFFA PLC                    1.04
17               JUPITER FUND MANAGEMENT PLC                    1.02
18                    BABCOCK INTL GROUP PLC                    0.99
19                                CAPITA PLC                    0.97

#########[+]SUMMARY MOST OVERALL SHORTED[+]######################
#########[+]SUMMARY MOST OVERALL SHORTED[+]######################
#########[+]SUMMARY MOST OVERALL SHORTED[+]######################



THE SOFTWARE IS PROVIDED 'AS IS', WITHOUT WARRANTY OF ANY KIND, EXPRESS OR IMPLIED, INCLUDING BUT NOT LIMITED TO THE WARRANTIES OF MERCHANTABILITY, FITNESS FOR A PARTICULAR PURPOSE, TITLE AND NON-INFRINGEMENT. IN NO EVENT SHALL THE COPYRIGHT HOLDERS OR ANYONE DISTRIBUTING THE SOFTWARE BE LIABLE FOR ANY DAMAGES OR OTHER LIABILITY, WHETHER IN CONTRACT, TORT OR OTHERWISE, ARISING FROM, OUT OF OR IN CONNECTION WITH THE SOFTWARE OR THE USE OR OTHER DEALINGS IN THE SOFTWARE.

Dont forget to tip your server!
Bitcoin Cash (BCH)			qpz32c4lg7x7lnk9jg6qg7s4uavdce89myax5v5nuk
Ether (ETH)			0x843d3DEC2A4705BD4f45F674F641cE2D0022c9FB
Litecoin (LTC)			Lfk5y4F7KZa9oRxpazETwjQnHszEPvqPvu
Bitcoin (BTC)			14Dm7L3ABPtumPDcj3REAvs4L6w9YFRnHK
