##################################
##################################
##################################
Most Shorted Shares since [2020-07-30]
##################################
##################################
##################################

Empty DataFrame
Columns: [Name of Share Issuer, Position Holder]
Index: []

                        Name of Share Issuer  Net Short Position (%)
0                                 FUTURE PLC                    2.16
1                             METRO BANK PLC                    1.81
2                              A.G. Barr PLC                    1.73
3             B&M EUROPEAN VALUE RETAIL S.A.                    1.53
4                    CRODA INTERNATIONAL PLC                    1.41
5                              MARSTON'S PLC                    1.27
6               SMITH (DAVID S) HOLDINGS PLC                    1.25
7                    Burford Capital Limited                    1.23
8   Aston Martin Lagonda Global Holdings Plc                    1.22
9                           GVC Holdings Plc                    1.11
10                           CINEWORLD GROUP                    0.98
11                      HURRICANE ENERGY PLC                    0.91
12                                CAPITA PLC                    0.89
13                   HARGREAVES LANSDOWN PLC                    0.86
14                                SENIOR PLC                    0.86
15                              PETROFAC LTD                    0.80
16                            Kier Group plc                    0.71
17                            HYVE GROUP PLC                    0.70
18                        VODAFONE GROUP PLC                    0.70
19                                   G4S PLC                    0.64

#########[+]SUMMARY MOST OVERALL SHORTED[+]######################
#########[+]SUMMARY MOST OVERALL SHORTED[+]######################
#########[+]SUMMARY MOST OVERALL SHORTED[+]######################



THE SOFTWARE IS PROVIDED 'AS IS', WITHOUT WARRANTY OF ANY KIND, EXPRESS OR IMPLIED, INCLUDING BUT NOT LIMITED TO THE WARRANTIES OF MERCHANTABILITY, FITNESS FOR A PARTICULAR PURPOSE, TITLE AND NON-INFRINGEMENT. IN NO EVENT SHALL THE COPYRIGHT HOLDERS OR ANYONE DISTRIBUTING THE SOFTWARE BE LIABLE FOR ANY DAMAGES OR OTHER LIABILITY, WHETHER IN CONTRACT, TORT OR OTHERWISE, ARISING FROM, OUT OF OR IN CONNECTION WITH THE SOFTWARE OR THE USE OR OTHER DEALINGS IN THE SOFTWARE.

Dont forget to tip your server!
Bitcoin Cash (BCH)			qpz32c4lg7x7lnk9jg6qg7s4uavdce89myax5v5nuk
Ether (ETH)			0x843d3DEC2A4705BD4f45F674F641cE2D0022c9FB
Litecoin (LTC)			Lfk5y4F7KZa9oRxpazETwjQnHszEPvqPvu
Bitcoin (BTC)			14Dm7L3ABPtumPDcj3REAvs4L6w9YFRnHK
