##################################
##################################
##################################
Most Shorted Shares since [2020-02-18]
##################################
##################################
##################################

                        Name of Share Issuer  Position Holder
0                              HAMMERSON PLC                8
1   Aston Martin Lagonda Global Holdings Plc                7
2                  Flutter Entertainment plc                7
3                             TULLOW OIL PLC                7
4                     BABCOCK INTL GROUP PLC                6
5                             METRO BANK PLC                6
6                      WOOD GROUP (JOHN) PLC                6
7                            CINEWORLD GROUP                5
8                                PEARSON PLC                5
9                                     AA PLC                4
10                   CRODA INTERNATIONAL PLC                4
11                               EASYJET PLC                4
12                        EQUINITI GROUP PLC                4
13                            Kier Group plc                4
14                              PETROFAC LTD                4
15                               VICTREX PLC                4
16                        WEIR GROUP PLC/THE                4
17                  WM MORRISON SUPERMARKETS                4
18                               AGGREKO PLC                3
19                     AUTO TRADER GROUP PLC                3

                        Name of Share Issuer  Net Short Position (%)
0                            PREMIER OIL PLC                   17.71
1                             METRO BANK PLC                    9.31
2                             TULLOW OIL PLC                    7.63
3                              HAMMERSON PLC                    7.61
4                  Flutter Entertainment plc                    6.98
5                                     AA PLC                    6.63
6                     BABCOCK INTL GROUP PLC                    6.52
7                                PEARSON PLC                    6.46
8                      WOOD GROUP (JOHN) PLC                    6.25
9                            CINEWORLD GROUP                    5.56
10  Aston Martin Lagonda Global Holdings Plc                    5.42
11                                   SIG PLC                    5.30
12                               VICTREX PLC                    4.95
13                       INTU PROPERTIES PLC                    4.93
14                         PETROPAVLOVSK PLC                    4.81
15                               EASYJET PLC                    4.78
16                            Kier Group plc                    4.77
17                  WM MORRISON SUPERMARKETS                    4.68
18                              PETROFAC LTD                    4.49
19                        WEIR GROUP PLC/THE                    4.15

#########[+]SUMMARY MOST OVERALL SHORTED[+]######################
#########[+]SUMMARY MOST OVERALL SHORTED[+]######################
#########[+]SUMMARY MOST OVERALL SHORTED[+]######################

[+]	Kier Group plc
[+]	WEIR GROUP PLC/THE
[+]	HAMMERSON PLC
[+]	WM MORRISON SUPERMARKETS
[+]	PETROFAC LTD
[+]	BABCOCK INTL GROUP PLC
[+]	AA PLC
[+]	CINEWORLD GROUP
[+]	Flutter Entertainment plc
[+]	WOOD GROUP (JOHN) PLC
[+]	Aston Martin Lagonda Global Holdings Plc
[+]	VICTREX PLC
[+]	METRO BANK PLC
[+]	EASYJET PLC
[+]	PEARSON PLC
[+]	TULLOW OIL PLC


THE SOFTWARE IS PROVIDED 'AS IS', WITHOUT WARRANTY OF ANY KIND, EXPRESS OR IMPLIED, INCLUDING BUT NOT LIMITED TO THE WARRANTIES OF MERCHANTABILITY, FITNESS FOR A PARTICULAR PURPOSE, TITLE AND NON-INFRINGEMENT. IN NO EVENT SHALL THE COPYRIGHT HOLDERS OR ANYONE DISTRIBUTING THE SOFTWARE BE LIABLE FOR ANY DAMAGES OR OTHER LIABILITY, WHETHER IN CONTRACT, TORT OR OTHERWISE, ARISING FROM, OUT OF OR IN CONNECTION WITH THE SOFTWARE OR THE USE OR OTHER DEALINGS IN THE SOFTWARE.

Dont forget to tip your server!
Bitcoin Cash (BCH)			qpz32c4lg7x7lnk9jg6qg7s4uavdce89myax5v5nuk
Ether (ETH)			0x843d3DEC2A4705BD4f45F674F641cE2D0022c9FB
Litecoin (LTC)			Lfk5y4F7KZa9oRxpazETwjQnHszEPvqPvu
Bitcoin (BTC)			14Dm7L3ABPtumPDcj3REAvs4L6w9YFRnHK
