##################################
##################################
##################################
Most Shorted Shares since [2020-01-16]
##################################
##################################
##################################

                        Name of Share Issuer  Position Holder
0                  Flutter Entertainment plc                8
1                            CINEWORLD GROUP                6
2                       KEYWORDS STUDIOS PLC                5
3                              NORTHGATE PLC                5
4                                PEARSON PLC                5
5               SMITH (DAVID S) HOLDINGS PLC                5
6                                     AA PLC                4
7   Aston Martin Lagonda Global Holdings Plc                4
8                              HAMMERSON PLC                4
9                                   ASOS PLC                3
10                                CAPITA PLC                3
11                               EASYJET PLC                3
12                       GREENCORE GROUP PLC                3
13                          GVC Holdings Plc                3
14                   HARGREAVES LANSDOWN PLC                3
15               JUPITER FUND MANAGEMENT PLC                3
16                 MICRO FOCUS INTERNATIONAL                3
17                            Royal Mail Plc                3
18                            SUPERGROUP PLC                3
19                                 TED BAKER                3

                        Name of Share Issuer  Net Short Position (%)
0                  Flutter Entertainment plc                    8.02
1                            CINEWORLD GROUP                    7.86
2                                     AA PLC                    5.39
3                                    SIG PLC                    5.28
4                                PEARSON PLC                    4.93
5                             METRO BANK PLC                    4.69
6                          PETROPAVLOVSK PLC                    4.61
7                        GREENCORE GROUP PLC                    4.53
8                              HAMMERSON PLC                    4.10
9               SMITH (DAVID S) HOLDINGS PLC                    3.85
10                             NORTHGATE PLC                    3.81
11                                   IQE PLC                    3.78
12                      KEYWORDS STUDIOS PLC                    3.75
13                CREST NICHOLSON HLDGS  PLC                    3.67
14                               EASYJET PLC                    3.63
15  Aston Martin Lagonda Global Holdings Plc                    3.47
16                                CAPITA PLC                    3.29
17                            TULLOW OIL PLC                    3.12
18                        WEIR GROUP PLC/THE                    3.10
19                     WOOD GROUP (JOHN) PLC                    3.09

#########[+]SUMMARY MOST OVERALL SHORTED[+]######################
#########[+]SUMMARY MOST OVERALL SHORTED[+]######################
#########[+]SUMMARY MOST OVERALL SHORTED[+]######################

[+]	PEARSON PLC
[+]	GREENCORE GROUP PLC
[+]	Flutter Entertainment plc
[+]	NORTHGATE PLC
[+]	AA PLC
[+]	HAMMERSON PLC
[+]	CAPITA PLC
[+]	EASYJET PLC
[+]	SMITH (DAVID S) HOLDINGS PLC
[+]	KEYWORDS STUDIOS PLC
[+]	Aston Martin Lagonda Global Holdings Plc
[+]	CINEWORLD GROUP


THE SOFTWARE IS PROVIDED 'AS IS', WITHOUT WARRANTY OF ANY KIND, EXPRESS OR IMPLIED, INCLUDING BUT NOT LIMITED TO THE WARRANTIES OF MERCHANTABILITY, FITNESS FOR A PARTICULAR PURPOSE, TITLE AND NON-INFRINGEMENT. IN NO EVENT SHALL THE COPYRIGHT HOLDERS OR ANYONE DISTRIBUTING THE SOFTWARE BE LIABLE FOR ANY DAMAGES OR OTHER LIABILITY, WHETHER IN CONTRACT, TORT OR OTHERWISE, ARISING FROM, OUT OF OR IN CONNECTION WITH THE SOFTWARE OR THE USE OR OTHER DEALINGS IN THE SOFTWARE.

Dont forget to tip your server!
Bitcoin Cash (BCH)			qpz32c4lg7x7lnk9jg6qg7s4uavdce89myax5v5nuk
Ether (ETH)			0x843d3DEC2A4705BD4f45F674F641cE2D0022c9FB
Litecoin (LTC)			Lfk5y4F7KZa9oRxpazETwjQnHszEPvqPvu
Bitcoin (BTC)			14Dm7L3ABPtumPDcj3REAvs4L6w9YFRnHK
