##################################
##################################
##################################
Most Shorted Shares since [2020-04-23]
##################################
##################################
##################################

     Name of Share Issuer  Position Holder
0          TULLOW OIL PLC                5
1  BABCOCK INTL GROUP PLC                4
2    KEYWORDS STUDIOS PLC                4
3          Royal Mail Plc                4
4           ASCENTIAL PLC                3
5              CAPITA PLC                3
6          METRO BANK PLC                3
7       SAINSBURY (J) PLC                3
8                  TUI AG                3
9      WEIR GROUP PLC/THE                3

        Name of Share Issuer  Net Short Position (%)
0             METRO BANK PLC                    5.50
1             TULLOW OIL PLC                    5.49
2          PETROPAVLOVSK PLC                    5.02
3             Royal Mail Plc                    4.68
4          SAINSBURY (J) PLC                    4.57
5                 CAPITA PLC                    4.23
6   WM MORRISON SUPERMARKETS                    3.83
7              ASCENTIAL PLC                    3.73
8              HAMMERSON PLC                    3.36
9       KEYWORDS STUDIOS PLC                    3.28
10                    TUI AG                    3.15
11             A.G. Barr PLC                    2.90
12               EASYJET PLC                    2.84
13    BABCOCK INTL GROUP PLC                    2.76
14        WEIR GROUP PLC/THE                    2.25
15               DIGNITY PLC                    2.21
16             MENZIES(JOHN)                    2.14
17                   IQE PLC                    2.13
18              INCHCAPE PLC                    1.99
19      BLUE PRISM GROUP PLC                    1.88

#########[+]SUMMARY MOST OVERALL SHORTED[+]######################
#########[+]SUMMARY MOST OVERALL SHORTED[+]######################
#########[+]SUMMARY MOST OVERALL SHORTED[+]######################

[+]	CAPITA PLC
[+]	TUI AG
[+]	WEIR GROUP PLC/THE
[+]	TULLOW OIL PLC
[+]	ASCENTIAL PLC
[+]	BABCOCK INTL GROUP PLC
[+]	METRO BANK PLC
[+]	Royal Mail Plc
[+]	KEYWORDS STUDIOS PLC
[+]	SAINSBURY (J) PLC


THE SOFTWARE IS PROVIDED 'AS IS', WITHOUT WARRANTY OF ANY KIND, EXPRESS OR IMPLIED, INCLUDING BUT NOT LIMITED TO THE WARRANTIES OF MERCHANTABILITY, FITNESS FOR A PARTICULAR PURPOSE, TITLE AND NON-INFRINGEMENT. IN NO EVENT SHALL THE COPYRIGHT HOLDERS OR ANYONE DISTRIBUTING THE SOFTWARE BE LIABLE FOR ANY DAMAGES OR OTHER LIABILITY, WHETHER IN CONTRACT, TORT OR OTHERWISE, ARISING FROM, OUT OF OR IN CONNECTION WITH THE SOFTWARE OR THE USE OR OTHER DEALINGS IN THE SOFTWARE.

Dont forget to tip your server!
Bitcoin Cash (BCH)			qpz32c4lg7x7lnk9jg6qg7s4uavdce89myax5v5nuk
Ether (ETH)			0x843d3DEC2A4705BD4f45F674F641cE2D0022c9FB
Litecoin (LTC)			Lfk5y4F7KZa9oRxpazETwjQnHszEPvqPvu
Bitcoin (BTC)			14Dm7L3ABPtumPDcj3REAvs4L6w9YFRnHK
