##################################
##################################
##################################
Most Shorted Shares since [2020-08-18]
##################################
##################################
##################################

  Name of Share Issuer  Position Holder
0        HAMMERSON PLC                3

                  Name of Share Issuer  Net Short Position (%)
0                    SAINSBURY (J) PLC                    3.71
1                           FUTURE PLC                    2.96
2                        MARSTON'S PLC                    2.17
3                               TUI AG                    2.01
4                        HAMMERSON PLC                    2.00
5    INTERCONTINENTAL HOTELS GROUP PLC                    1.99
6                           CAPITA PLC                    1.83
7                            REACH PLC                    1.83
8         SMITH (DAVID S) HOLDINGS PLC                    1.82
9                           HISCOX LTD                    1.78
10                     CINEWORLD GROUP                    1.76
11                             ITV PLC                    1.76
12            DOMINO'S PIZZA GROUP PLC                    1.63
13                  WEIR GROUP PLC/THE                    1.57
14                      METRO BANK PLC                    1.56
15                      TULLOW OIL PLC                    1.49
16                HURRICANE ENERGY PLC                    1.40
17            WM MORRISON SUPERMARKETS                    1.39
18  NETWORK INTERNATIONAL HOLDINGS PLC                    1.22
19                ST JAMES'S PLACE PLC                    1.21

#########[+]SUMMARY MOST OVERALL SHORTED[+]######################
#########[+]SUMMARY MOST OVERALL SHORTED[+]######################
#########[+]SUMMARY MOST OVERALL SHORTED[+]######################

[+]	HAMMERSON PLC


THE SOFTWARE IS PROVIDED 'AS IS', WITHOUT WARRANTY OF ANY KIND, EXPRESS OR IMPLIED, INCLUDING BUT NOT LIMITED TO THE WARRANTIES OF MERCHANTABILITY, FITNESS FOR A PARTICULAR PURPOSE, TITLE AND NON-INFRINGEMENT. IN NO EVENT SHALL THE COPYRIGHT HOLDERS OR ANYONE DISTRIBUTING THE SOFTWARE BE LIABLE FOR ANY DAMAGES OR OTHER LIABILITY, WHETHER IN CONTRACT, TORT OR OTHERWISE, ARISING FROM, OUT OF OR IN CONNECTION WITH THE SOFTWARE OR THE USE OR OTHER DEALINGS IN THE SOFTWARE.

Dont forget to tip your server!
Bitcoin Cash (BCH)			qpz32c4lg7x7lnk9jg6qg7s4uavdce89myax5v5nuk
Ether (ETH)			0x843d3DEC2A4705BD4f45F674F641cE2D0022c9FB
Litecoin (LTC)			Lfk5y4F7KZa9oRxpazETwjQnHszEPvqPvu
Bitcoin (BTC)			14Dm7L3ABPtumPDcj3REAvs4L6w9YFRnHK
