##################################
##################################
##################################
Most Shorted Shares since [2020-06-17]
##################################
##################################
##################################

                       Name of Share Issuer  Position Holder
0                             ASCENTIAL PLC                3
1  Aston Martin Lagonda Global Holdings Plc                3
2                  DOMINO'S PIZZA GROUP PLC                3
3                               EASYJET PLC                3

                        Name of Share Issuer  Net Short Position (%)
0                          PETROPAVLOVSK PLC                    5.20
1                             METRO BANK PLC                    4.36
2                                 FUTURE PLC                    3.56
3                                EASYJET PLC                    2.83
4                                 CAPITA PLC                    2.67
5                ULTRA ELECTRONICS HLDGS PLC                    2.63
6                                PEARSON PLC                    2.59
7                              A.G. Barr PLC                    2.50
8                     BABCOCK INTL GROUP PLC                    2.34
9   Aston Martin Lagonda Global Holdings Plc                    2.04
10                       VIRGIN MONEY UK PLC                    1.98
11                             ASCENTIAL PLC                    1.96
12                         SAINSBURY (J) PLC                    1.87
13                  DOMINO'S PIZZA GROUP PLC                    1.86
14                  WM MORRISON SUPERMARKETS                    1.84
15                            TULLOW OIL PLC                    1.78
16                        BURBERRY GROUP PLC                    1.72
17         INTERCONTINENTAL HOTELS GROUP PLC                    1.60
18               GULF KEYSTONE PETROLEUM LTD                    1.40
19                               DIGNITY PLC                    1.36

#########[+]SUMMARY MOST OVERALL SHORTED[+]######################
#########[+]SUMMARY MOST OVERALL SHORTED[+]######################
#########[+]SUMMARY MOST OVERALL SHORTED[+]######################

[+]	DOMINO'S PIZZA GROUP PLC
[+]	ASCENTIAL PLC
[+]	EASYJET PLC
[+]	Aston Martin Lagonda Global Holdings Plc


THE SOFTWARE IS PROVIDED 'AS IS', WITHOUT WARRANTY OF ANY KIND, EXPRESS OR IMPLIED, INCLUDING BUT NOT LIMITED TO THE WARRANTIES OF MERCHANTABILITY, FITNESS FOR A PARTICULAR PURPOSE, TITLE AND NON-INFRINGEMENT. IN NO EVENT SHALL THE COPYRIGHT HOLDERS OR ANYONE DISTRIBUTING THE SOFTWARE BE LIABLE FOR ANY DAMAGES OR OTHER LIABILITY, WHETHER IN CONTRACT, TORT OR OTHERWISE, ARISING FROM, OUT OF OR IN CONNECTION WITH THE SOFTWARE OR THE USE OR OTHER DEALINGS IN THE SOFTWARE.

Dont forget to tip your server!
Bitcoin Cash (BCH)			qpz32c4lg7x7lnk9jg6qg7s4uavdce89myax5v5nuk
Ether (ETH)			0x843d3DEC2A4705BD4f45F674F641cE2D0022c9FB
Litecoin (LTC)			Lfk5y4F7KZa9oRxpazETwjQnHszEPvqPvu
Bitcoin (BTC)			14Dm7L3ABPtumPDcj3REAvs4L6w9YFRnHK
