##################################
##################################
##################################
Most Shorted Shares since [2019-12-30]
##################################
##################################
##################################

                        Name of Share Issuer  Position Holder
0                      WOOD GROUP (JOHN) PLC                7
1                                   ASOS PLC                4
2   Aston Martin Lagonda Global Holdings Plc                4
3                                EASYJET PLC                4
4                  Flutter Entertainment plc                4
5                                PEARSON PLC                4
6                             Royal Mail Plc                4
7                                    SIG PLC                4
8                         WEIR GROUP PLC/THE                4
9                              A.G. Barr PLC                3
10                    BABCOCK INTL GROUP PLC                3
11                           CINEWORLD GROUP                3
12                       JOHNSON MATTHEY PLC                3
13               JUPITER FUND MANAGEMENT PLC                3
14                            METRO BANK PLC                3
15                               PLUS500 LTD                3
16                           PREMIER OIL PLC                3
17                                 TED BAKER                3

                        Name of Share Issuer  Net Short Position (%)
0                                    SIG PLC                    7.10
1                             METRO BANK PLC                    6.81
2                      WOOD GROUP (JOHN) PLC                    6.78
3                            CINEWORLD GROUP                    6.61
4                                EASYJET PLC                    4.66
5                 CREST NICHOLSON HLDGS  PLC                    4.13
6                                   ASOS PLC                    3.73
7   Aston Martin Lagonda Global Holdings Plc                    3.65
8                         WEIR GROUP PLC/THE                    3.53
9                  Flutter Entertainment plc                    3.43
10                       INTU PROPERTIES PLC                    3.36
11                          DUNELM GROUP PLC                    3.26
12                               PEARSON PLC                    3.22
13                             HAMMERSON PLC                    3.15
14                               PLUS500 LTD                    3.07
15                  DOMINO'S PIZZA GROUP PLC                    2.99
16                            Royal Mail Plc                    2.97
17                   LANCASHIRE HOLDINGS LTD                    2.90
18                            NMC HEALTH PLC                    2.85
19               JUPITER FUND MANAGEMENT PLC                    2.61

#########[+]SUMMARY MOST OVERALL SHORTED[+]######################
#########[+]SUMMARY MOST OVERALL SHORTED[+]######################
#########[+]SUMMARY MOST OVERALL SHORTED[+]######################

[+]	WEIR GROUP PLC/THE
[+]	EASYJET PLC
[+]	Royal Mail Plc
[+]	CINEWORLD GROUP
[+]	ASOS PLC
[+]	Flutter Entertainment plc
[+]	Aston Martin Lagonda Global Holdings Plc
[+]	METRO BANK PLC
[+]	PLUS500 LTD
[+]	WOOD GROUP (JOHN) PLC
[+]	JUPITER FUND MANAGEMENT PLC
[+]	SIG PLC
[+]	PEARSON PLC


THE SOFTWARE IS PROVIDED 'AS IS', WITHOUT WARRANTY OF ANY KIND, EXPRESS OR IMPLIED, INCLUDING BUT NOT LIMITED TO THE WARRANTIES OF MERCHANTABILITY, FITNESS FOR A PARTICULAR PURPOSE, TITLE AND NON-INFRINGEMENT. IN NO EVENT SHALL THE COPYRIGHT HOLDERS OR ANYONE DISTRIBUTING THE SOFTWARE BE LIABLE FOR ANY DAMAGES OR OTHER LIABILITY, WHETHER IN CONTRACT, TORT OR OTHERWISE, ARISING FROM, OUT OF OR IN CONNECTION WITH THE SOFTWARE OR THE USE OR OTHER DEALINGS IN THE SOFTWARE.

Dont forget to tip your server!
Bitcoin Cash (BCH)			qpz32c4lg7x7lnk9jg6qg7s4uavdce89myax5v5nuk
Ether (ETH)			0x843d3DEC2A4705BD4f45F674F641cE2D0022c9FB
Litecoin (LTC)			Lfk5y4F7KZa9oRxpazETwjQnHszEPvqPvu
Bitcoin (BTC)			14Dm7L3ABPtumPDcj3REAvs4L6w9YFRnHK
