##################################
##################################
##################################
Most Shorted Shares since [2020-01-14]
##################################
##################################
##################################

                        Name of Share Issuer  Position Holder
0                  Flutter Entertainment plc                8
1                            CINEWORLD GROUP                5
2                              HAMMERSON PLC                5
3                                PEARSON PLC                5
4               SMITH (DAVID S) HOLDINGS PLC                5
5                      WOOD GROUP (JOHN) PLC                5
6   Aston Martin Lagonda Global Holdings Plc                4
7                                EASYJET PLC                4
8                       KEYWORDS STUDIOS PLC                4
9                             Royal Mail Plc                4
10                                    AA PLC                3
11                                  ASOS PLC                3
12                  DOMINO'S PIZZA GROUP PLC                3
13                          DUNELM GROUP PLC                3
14                       GREENCORE GROUP PLC                3
15                          GVC Holdings Plc                3
16                   HARGREAVES LANSDOWN PLC                3
17                      HURRICANE ENERGY PLC                3
18                             NORTHGATE PLC                3
19                            SUPERGROUP PLC                3

                        Name of Share Issuer  Net Short Position (%)
0                  Flutter Entertainment plc                    8.01
1                            CINEWORLD GROUP                    7.23
2                              HAMMERSON PLC                    6.56
3                                    SIG PLC                    5.27
4                      WOOD GROUP (JOHN) PLC                    5.26
5                                PEARSON PLC                    5.00
6                             METRO BANK PLC                    4.66
7                        GREENCORE GROUP PLC                    4.62
8                          PETROPAVLOVSK PLC                    4.61
9                                EASYJET PLC                    4.23
10                                   IQE PLC                    3.99
11              SMITH (DAVID S) HOLDINGS PLC                    3.84
12                                    AA PLC                    3.83
13                CREST NICHOLSON HLDGS  PLC                    3.77
14                          DUNELM GROUP PLC                    3.77
15                  DOMINO'S PIZZA GROUP PLC                    3.49
16  Aston Martin Lagonda Global Holdings Plc                    3.32
17                            Royal Mail Plc                    3.32
18                        WEIR GROUP PLC/THE                    3.08
19                            TULLOW OIL PLC                    2.95

#########[+]SUMMARY MOST OVERALL SHORTED[+]######################
#########[+]SUMMARY MOST OVERALL SHORTED[+]######################
#########[+]SUMMARY MOST OVERALL SHORTED[+]######################

[+]	DUNELM GROUP PLC
[+]	SMITH (DAVID S) HOLDINGS PLC
[+]	PEARSON PLC
[+]	WOOD GROUP (JOHN) PLC
[+]	CINEWORLD GROUP
[+]	Aston Martin Lagonda Global Holdings Plc
[+]	GREENCORE GROUP PLC
[+]	Flutter Entertainment plc
[+]	AA PLC
[+]	EASYJET PLC
[+]	HAMMERSON PLC
[+]	Royal Mail Plc
[+]	DOMINO'S PIZZA GROUP PLC


THE SOFTWARE IS PROVIDED 'AS IS', WITHOUT WARRANTY OF ANY KIND, EXPRESS OR IMPLIED, INCLUDING BUT NOT LIMITED TO THE WARRANTIES OF MERCHANTABILITY, FITNESS FOR A PARTICULAR PURPOSE, TITLE AND NON-INFRINGEMENT. IN NO EVENT SHALL THE COPYRIGHT HOLDERS OR ANYONE DISTRIBUTING THE SOFTWARE BE LIABLE FOR ANY DAMAGES OR OTHER LIABILITY, WHETHER IN CONTRACT, TORT OR OTHERWISE, ARISING FROM, OUT OF OR IN CONNECTION WITH THE SOFTWARE OR THE USE OR OTHER DEALINGS IN THE SOFTWARE.

Dont forget to tip your server!
Bitcoin Cash (BCH)			qpz32c4lg7x7lnk9jg6qg7s4uavdce89myax5v5nuk
Ether (ETH)			0x843d3DEC2A4705BD4f45F674F641cE2D0022c9FB
Litecoin (LTC)			Lfk5y4F7KZa9oRxpazETwjQnHszEPvqPvu
Bitcoin (BTC)			14Dm7L3ABPtumPDcj3REAvs4L6w9YFRnHK
