##################################
##################################
##################################
Most Shorted Shares since [2020-07-09]
##################################
##################################
##################################

      Name of Share Issuer  Position Holder
0               CAPITA PLC                3
1          CINEWORLD GROUP                3
2  CRODA INTERNATIONAL PLC                3
3           Royal Mail Plc                3
4        SAINSBURY (J) PLC                3

            Name of Share Issuer  Net Short Position (%)
0                 Royal Mail Plc                    5.92
1              SAINSBURY (J) PLC                    4.53
2                    PEARSON PLC                    3.70
3                 METRO BANK PLC                    3.48
4        CRODA INTERNATIONAL PLC                    3.01
5      MICRO FOCUS INTERNATIONAL                    2.92
6                CINEWORLD GROUP                    2.50
7                     CAPITA PLC                    2.45
8                   PETROFAC LTD                    2.41
9                  HAMMERSON PLC                    2.12
10                    Greggs Plc                    1.61
11                TULLOW OIL PLC                    1.56
12  SMITH (DAVID S) HOLDINGS PLC                    1.53
13                   AGGREKO PLC                    1.42
14          BLUE PRISM GROUP PLC                    1.33
15          HURRICANE ENERGY PLC                    1.31
16          ST JAMES'S PLACE PLC                    1.30
17           VIRGIN MONEY UK PLC                    1.29
18      WM MORRISON SUPERMARKETS                    1.19
19         WOOD GROUP (JOHN) PLC                    1.17

#########[+]SUMMARY MOST OVERALL SHORTED[+]######################
#########[+]SUMMARY MOST OVERALL SHORTED[+]######################
#########[+]SUMMARY MOST OVERALL SHORTED[+]######################

[+]	Royal Mail Plc
[+]	SAINSBURY (J) PLC
[+]	CAPITA PLC
[+]	CRODA INTERNATIONAL PLC
[+]	CINEWORLD GROUP


THE SOFTWARE IS PROVIDED 'AS IS', WITHOUT WARRANTY OF ANY KIND, EXPRESS OR IMPLIED, INCLUDING BUT NOT LIMITED TO THE WARRANTIES OF MERCHANTABILITY, FITNESS FOR A PARTICULAR PURPOSE, TITLE AND NON-INFRINGEMENT. IN NO EVENT SHALL THE COPYRIGHT HOLDERS OR ANYONE DISTRIBUTING THE SOFTWARE BE LIABLE FOR ANY DAMAGES OR OTHER LIABILITY, WHETHER IN CONTRACT, TORT OR OTHERWISE, ARISING FROM, OUT OF OR IN CONNECTION WITH THE SOFTWARE OR THE USE OR OTHER DEALINGS IN THE SOFTWARE.

Dont forget to tip your server!
Bitcoin Cash (BCH)			qpz32c4lg7x7lnk9jg6qg7s4uavdce89myax5v5nuk
Ether (ETH)			0x843d3DEC2A4705BD4f45F674F641cE2D0022c9FB
Litecoin (LTC)			Lfk5y4F7KZa9oRxpazETwjQnHszEPvqPvu
Bitcoin (BTC)			14Dm7L3ABPtumPDcj3REAvs4L6w9YFRnHK
