##################################
##################################
##################################
Most Shorted Shares since [2019-12-27]
##################################
##################################
##################################

                        Name of Share Issuer  Position Holder
0                      WOOD GROUP (JOHN) PLC                5
1   Aston Martin Lagonda Global Holdings Plc                4
2                            CINEWORLD GROUP                4
3                                EASYJET PLC                4
4                  Flutter Entertainment plc                4
5                             Royal Mail Plc                4
6                                    SIG PLC                4
7                         WEIR GROUP PLC/THE                4
8                              A.G. Barr PLC                3
9                                   ASOS PLC                3
10                    BABCOCK INTL GROUP PLC                3
11               JUPITER FUND MANAGEMENT PLC                3
12                            METRO BANK PLC                3
13                               PLUS500 LTD                3
14                           PREMIER OIL PLC                3
15                                 TED BAKER                3

                        Name of Share Issuer  Net Short Position (%)
0                                    SIG PLC                    7.46
1                            CINEWORLD GROUP                    7.31
2                             METRO BANK PLC                    6.81
3                      WOOD GROUP (JOHN) PLC                    4.81
4                                EASYJET PLC                    4.56
5                 CREST NICHOLSON HLDGS  PLC                    4.13
6                        INTU PROPERTIES PLC                    3.89
7   Aston Martin Lagonda Global Holdings Plc                    3.68
8                         WEIR GROUP PLC/THE                    3.53
9                  Flutter Entertainment plc                    3.43
10                               PLUS500 LTD                    3.07
11                            NMC HEALTH PLC                    3.03
12                            Royal Mail Plc                    3.02
13                             HAMMERSON PLC                    3.01
14                   LANCASHIRE HOLDINGS LTD                    2.90
15                  DOMINO'S PIZZA GROUP PLC                    2.89
16                                  ASOS PLC                    2.88
17                                    AA PLC                    2.70
18               JUPITER FUND MANAGEMENT PLC                    2.52
19                           PREMIER OIL PLC                    2.51

#########[+]SUMMARY MOST OVERALL SHORTED[+]######################
#########[+]SUMMARY MOST OVERALL SHORTED[+]######################
#########[+]SUMMARY MOST OVERALL SHORTED[+]######################

[+]	Royal Mail Plc
[+]	Aston Martin Lagonda Global Holdings Plc
[+]	PREMIER OIL PLC
[+]	METRO BANK PLC
[+]	WOOD GROUP (JOHN) PLC
[+]	WEIR GROUP PLC/THE
[+]	PLUS500 LTD
[+]	JUPITER FUND MANAGEMENT PLC
[+]	Flutter Entertainment plc
[+]	EASYJET PLC
[+]	ASOS PLC
[+]	SIG PLC
[+]	CINEWORLD GROUP


THE SOFTWARE IS PROVIDED 'AS IS', WITHOUT WARRANTY OF ANY KIND, EXPRESS OR IMPLIED, INCLUDING BUT NOT LIMITED TO THE WARRANTIES OF MERCHANTABILITY, FITNESS FOR A PARTICULAR PURPOSE, TITLE AND NON-INFRINGEMENT. IN NO EVENT SHALL THE COPYRIGHT HOLDERS OR ANYONE DISTRIBUTING THE SOFTWARE BE LIABLE FOR ANY DAMAGES OR OTHER LIABILITY, WHETHER IN CONTRACT, TORT OR OTHERWISE, ARISING FROM, OUT OF OR IN CONNECTION WITH THE SOFTWARE OR THE USE OR OTHER DEALINGS IN THE SOFTWARE.

Dont forget to tip your server!
Bitcoin Cash (BCH)			qpz32c4lg7x7lnk9jg6qg7s4uavdce89myax5v5nuk
Ether (ETH)			0x843d3DEC2A4705BD4f45F674F641cE2D0022c9FB
Litecoin (LTC)			Lfk5y4F7KZa9oRxpazETwjQnHszEPvqPvu
Bitcoin (BTC)			14Dm7L3ABPtumPDcj3REAvs4L6w9YFRnHK
