##################################
##################################
##################################
Most Shorted Shares since [2020-06-16]
##################################
##################################
##################################

       Name of Share Issuer  Position Holder
0             ASCENTIAL PLC                3
1    BABCOCK INTL GROUP PLC                3
2  DOMINO'S PIZZA GROUP PLC                3

                 Name of Share Issuer  Net Short Position (%)
0                   PETROPAVLOVSK PLC                    5.20
1                      METRO BANK PLC                    4.25
2         ULTRA ELECTRONICS HLDGS PLC                    3.34
3              BABCOCK INTL GROUP PLC                    2.92
4            WM MORRISON SUPERMARKETS                    2.20
5                         EASYJET PLC                    2.07
6            DOMINO'S PIZZA GROUP PLC                    1.88
7                       ASCENTIAL PLC                    1.85
8                      TULLOW OIL PLC                    1.78
9                          CAPITA PLC                    1.76
10  INTERCONTINENTAL HOTELS GROUP PLC                    1.60
11                        DIGNITY PLC                    1.44
12        GULF KEYSTONE PETROLEUM LTD                    1.40
13                      HAMMERSON PLC                    1.33
14                INTU PROPERTIES PLC                    1.32
15               ST JAMES'S PLACE PLC                    1.31
16           HOWDEN JOINERY GROUP PLC                    1.25
17               HURRICANE ENERGY PLC                    1.23
18                      MENZIES(JOHN)                    1.19
19                         Greggs Plc                    1.08

#########[+]SUMMARY MOST OVERALL SHORTED[+]######################
#########[+]SUMMARY MOST OVERALL SHORTED[+]######################
#########[+]SUMMARY MOST OVERALL SHORTED[+]######################

[+]	BABCOCK INTL GROUP PLC
[+]	DOMINO'S PIZZA GROUP PLC
[+]	ASCENTIAL PLC


THE SOFTWARE IS PROVIDED 'AS IS', WITHOUT WARRANTY OF ANY KIND, EXPRESS OR IMPLIED, INCLUDING BUT NOT LIMITED TO THE WARRANTIES OF MERCHANTABILITY, FITNESS FOR A PARTICULAR PURPOSE, TITLE AND NON-INFRINGEMENT. IN NO EVENT SHALL THE COPYRIGHT HOLDERS OR ANYONE DISTRIBUTING THE SOFTWARE BE LIABLE FOR ANY DAMAGES OR OTHER LIABILITY, WHETHER IN CONTRACT, TORT OR OTHERWISE, ARISING FROM, OUT OF OR IN CONNECTION WITH THE SOFTWARE OR THE USE OR OTHER DEALINGS IN THE SOFTWARE.

Dont forget to tip your server!
Bitcoin Cash (BCH)			qpz32c4lg7x7lnk9jg6qg7s4uavdce89myax5v5nuk
Ether (ETH)			0x843d3DEC2A4705BD4f45F674F641cE2D0022c9FB
Litecoin (LTC)			Lfk5y4F7KZa9oRxpazETwjQnHszEPvqPvu
Bitcoin (BTC)			14Dm7L3ABPtumPDcj3REAvs4L6w9YFRnHK
