##################################
##################################
##################################
Most Shorted Shares since [2020-06-25]
##################################
##################################
##################################

  Name of Share Issuer  Position Holder
0   BURBERRY GROUP PLC                3
1           CAPITA PLC                3
2      CINEWORLD GROUP                3
3       Royal Mail Plc                3

                 Name of Share Issuer  Net Short Position (%)
0                      Royal Mail Plc                    6.96
1                   PETROPAVLOVSK PLC                    5.18
2              PETS AT HOME GROUP PLC                    3.86
3                         PEARSON PLC                    3.47
4                     CINEWORLD GROUP                    3.19
5         ULTRA ELECTRONICS HLDGS PLC                    3.02
6                          CAPITA PLC                    2.71
7              BABCOCK INTL GROUP PLC                    2.64
8   INTERCONTINENTAL HOTELS GROUP PLC                    2.62
9                       A.G. Barr PLC                    2.48
10                 BURBERRY GROUP PLC                    2.46
11                        AGGREKO PLC                    2.45
12         DAILY MAIL & GENERAL TRUST                    2.38
13                         FUTURE PLC                    2.23
14          CREST NICHOLSON HLDGS PLC                    2.08
15                     TULLOW OIL PLC                    1.80
16            CRODA INTERNATIONAL PLC                    1.79
17          MICRO FOCUS INTERNATIONAL                    1.50
18                       CARNIVAL PLC                    1.39
19            Burford Capital Limited                    1.38

#########[+]SUMMARY MOST OVERALL SHORTED[+]######################
#########[+]SUMMARY MOST OVERALL SHORTED[+]######################
#########[+]SUMMARY MOST OVERALL SHORTED[+]######################

[+]	CAPITA PLC
[+]	Royal Mail Plc
[+]	CINEWORLD GROUP
[+]	BURBERRY GROUP PLC


THE SOFTWARE IS PROVIDED 'AS IS', WITHOUT WARRANTY OF ANY KIND, EXPRESS OR IMPLIED, INCLUDING BUT NOT LIMITED TO THE WARRANTIES OF MERCHANTABILITY, FITNESS FOR A PARTICULAR PURPOSE, TITLE AND NON-INFRINGEMENT. IN NO EVENT SHALL THE COPYRIGHT HOLDERS OR ANYONE DISTRIBUTING THE SOFTWARE BE LIABLE FOR ANY DAMAGES OR OTHER LIABILITY, WHETHER IN CONTRACT, TORT OR OTHERWISE, ARISING FROM, OUT OF OR IN CONNECTION WITH THE SOFTWARE OR THE USE OR OTHER DEALINGS IN THE SOFTWARE.

Dont forget to tip your server!
Bitcoin Cash (BCH)			qpz32c4lg7x7lnk9jg6qg7s4uavdce89myax5v5nuk
Ether (ETH)			0x843d3DEC2A4705BD4f45F674F641cE2D0022c9FB
Litecoin (LTC)			Lfk5y4F7KZa9oRxpazETwjQnHszEPvqPvu
Bitcoin (BTC)			14Dm7L3ABPtumPDcj3REAvs4L6w9YFRnHK
