##################################
##################################
##################################
Most Shorted Shares since [2020-08-26]
##################################
##################################
##################################

  Name of Share Issuer  Position Holder
0    SAINSBURY (J) PLC                3

                  Name of Share Issuer  Net Short Position (%)
0                    SAINSBURY (J) PLC                    4.83
1                              IQE PLC                    2.29
2                        MARSTON'S PLC                    2.03
3                        CRANEWARE PLC                    1.51
4                       METRO BANK PLC                    1.48
5                      CINEWORLD GROUP                    1.46
6                               TUI AG                    1.19
7                 BLUE PRISM GROUP PLC                    1.16
8                           ROTORK PLC                    1.11
9             ROLLS-ROYCE HOLDINGS PLC                    1.04
10          TalkTalk Telecom Group PLC                    1.03
11                RESTAURANT GROUP PLC                    0.93
12                          CAPITA PLC                    0.81
13                  BURBERRY GROUP PLC                    0.80
14        SMITH (DAVID S) HOLDINGS PLC                    0.80
15                      SAGE GROUP PLC                    0.79
16                 JOHNSON MATTHEY PLC                    0.71
17                   Galliford Try plc                    0.69
18                      Royal Mail Plc                    0.67
19  NETWORK INTERNATIONAL HOLDINGS PLC                    0.62

#########[+]SUMMARY MOST OVERALL SHORTED[+]######################
#########[+]SUMMARY MOST OVERALL SHORTED[+]######################
#########[+]SUMMARY MOST OVERALL SHORTED[+]######################

[+]	SAINSBURY (J) PLC


THE SOFTWARE IS PROVIDED 'AS IS', WITHOUT WARRANTY OF ANY KIND, EXPRESS OR IMPLIED, INCLUDING BUT NOT LIMITED TO THE WARRANTIES OF MERCHANTABILITY, FITNESS FOR A PARTICULAR PURPOSE, TITLE AND NON-INFRINGEMENT. IN NO EVENT SHALL THE COPYRIGHT HOLDERS OR ANYONE DISTRIBUTING THE SOFTWARE BE LIABLE FOR ANY DAMAGES OR OTHER LIABILITY, WHETHER IN CONTRACT, TORT OR OTHERWISE, ARISING FROM, OUT OF OR IN CONNECTION WITH THE SOFTWARE OR THE USE OR OTHER DEALINGS IN THE SOFTWARE.

Dont forget to tip your server!
Bitcoin Cash (BCH)			qpz32c4lg7x7lnk9jg6qg7s4uavdce89myax5v5nuk
Ether (ETH)			0x843d3DEC2A4705BD4f45F674F641cE2D0022c9FB
Litecoin (LTC)			Lfk5y4F7KZa9oRxpazETwjQnHszEPvqPvu
Bitcoin (BTC)			14Dm7L3ABPtumPDcj3REAvs4L6w9YFRnHK
