##################################
##################################
##################################
Most Shorted Shares since [2020-04-21]
##################################
##################################
##################################

      Name of Share Issuer  Position Holder
0           TULLOW OIL PLC                5
1            HAMMERSON PLC                4
2   BABCOCK INTL GROUP PLC                3
3     BLUE PRISM GROUP PLC                3
4              EASYJET PLC                3
5     KEYWORDS STUDIOS PLC                3
6            RIGHTMOVE PLC                3
7           Royal Mail Plc                3
8        SAINSBURY (J) PLC                3
9                   TUI AG                3
10      WEIR GROUP PLC/THE                3

        Name of Share Issuer  Net Short Position (%)
0          PETROPAVLOVSK PLC                    4.99
1              HAMMERSON PLC                    4.91
2             METRO BANK PLC                    4.80
3          SAINSBURY (J) PLC                    4.57
4       BLUE PRISM GROUP PLC                    3.99
5             TULLOW OIL PLC                    3.78
6                EASYJET PLC                    3.24
7         HALFORDS GROUP PLC                    3.08
8                     TUI AG                    2.97
9              A.G. Barr PLC                    2.90
10      KEYWORDS STUDIOS PLC                    2.90
11             RIGHTMOVE PLC                    2.61
12               DIGNITY PLC                    2.39
13            Royal Mail Plc                    2.32
14        WEIR GROUP PLC/THE                    2.26
15    BABCOCK INTL GROUP PLC                    2.16
16              INCHCAPE PLC                    1.99
17            Kier Group plc                    1.73
18  HOWDEN JOINERY GROUP PLC                    1.64
19   Burford Capital Limited                    1.63

#########[+]SUMMARY MOST OVERALL SHORTED[+]######################
#########[+]SUMMARY MOST OVERALL SHORTED[+]######################
#########[+]SUMMARY MOST OVERALL SHORTED[+]######################

[+]	EASYJET PLC
[+]	BABCOCK INTL GROUP PLC
[+]	HAMMERSON PLC
[+]	TULLOW OIL PLC
[+]	WEIR GROUP PLC/THE
[+]	BLUE PRISM GROUP PLC
[+]	Royal Mail Plc
[+]	SAINSBURY (J) PLC
[+]	TUI AG
[+]	KEYWORDS STUDIOS PLC
[+]	RIGHTMOVE PLC


THE SOFTWARE IS PROVIDED 'AS IS', WITHOUT WARRANTY OF ANY KIND, EXPRESS OR IMPLIED, INCLUDING BUT NOT LIMITED TO THE WARRANTIES OF MERCHANTABILITY, FITNESS FOR A PARTICULAR PURPOSE, TITLE AND NON-INFRINGEMENT. IN NO EVENT SHALL THE COPYRIGHT HOLDERS OR ANYONE DISTRIBUTING THE SOFTWARE BE LIABLE FOR ANY DAMAGES OR OTHER LIABILITY, WHETHER IN CONTRACT, TORT OR OTHERWISE, ARISING FROM, OUT OF OR IN CONNECTION WITH THE SOFTWARE OR THE USE OR OTHER DEALINGS IN THE SOFTWARE.

Dont forget to tip your server!
Bitcoin Cash (BCH)			qpz32c4lg7x7lnk9jg6qg7s4uavdce89myax5v5nuk
Ether (ETH)			0x843d3DEC2A4705BD4f45F674F641cE2D0022c9FB
Litecoin (LTC)			Lfk5y4F7KZa9oRxpazETwjQnHszEPvqPvu
Bitcoin (BTC)			14Dm7L3ABPtumPDcj3REAvs4L6w9YFRnHK
