##################################
##################################
##################################
Most Shorted Shares since [2020-04-29]
##################################
##################################
##################################

        Name of Share Issuer  Position Holder
0  Flutter Entertainment plc                6
1          SAINSBURY (J) PLC                4
2                 CAPITA PLC                3
3  MICRO FOCUS INTERNATIONAL                3
4             Royal Mail Plc                3
5             TULLOW OIL PLC                3

                        Name of Share Issuer  Net Short Position (%)
0                  Flutter Entertainment plc                    7.09
1                          PETROPAVLOVSK PLC                    5.11
2                          SAINSBURY (J) PLC                    4.80
3                                 CAPITA PLC                    4.77
4                              HAMMERSON PLC                    4.49
5                                PEARSON PLC                    3.74
6                             Royal Mail Plc                    3.54
7                               INCHCAPE PLC                    3.08
8                  MICRO FOCUS INTERNATIONAL                    2.97
9                                EASYJET PLC                    2.72
10                            TULLOW OIL PLC                    2.60
11                                   IQE PLC                    2.28
12                                    TUI AG                    2.22
13                               DIGNITY PLC                    1.88
14                         NEWRIVER REIT PLC                    1.80
15         INTERCONTINENTAL HOTELS GROUP PLC                    1.76
16                       VIRGIN MONEY UK PLC                    1.62
17                      BLUE PRISM GROUP PLC                    1.60
18  Aston Martin Lagonda Global Holdings Plc                    1.56
19                        WEIR GROUP PLC/THE                    1.46

#########[+]SUMMARY MOST OVERALL SHORTED[+]######################
#########[+]SUMMARY MOST OVERALL SHORTED[+]######################
#########[+]SUMMARY MOST OVERALL SHORTED[+]######################

[+]	TULLOW OIL PLC
[+]	Royal Mail Plc
[+]	SAINSBURY (J) PLC
[+]	Flutter Entertainment plc
[+]	CAPITA PLC
[+]	MICRO FOCUS INTERNATIONAL


THE SOFTWARE IS PROVIDED 'AS IS', WITHOUT WARRANTY OF ANY KIND, EXPRESS OR IMPLIED, INCLUDING BUT NOT LIMITED TO THE WARRANTIES OF MERCHANTABILITY, FITNESS FOR A PARTICULAR PURPOSE, TITLE AND NON-INFRINGEMENT. IN NO EVENT SHALL THE COPYRIGHT HOLDERS OR ANYONE DISTRIBUTING THE SOFTWARE BE LIABLE FOR ANY DAMAGES OR OTHER LIABILITY, WHETHER IN CONTRACT, TORT OR OTHERWISE, ARISING FROM, OUT OF OR IN CONNECTION WITH THE SOFTWARE OR THE USE OR OTHER DEALINGS IN THE SOFTWARE.

Dont forget to tip your server!
Bitcoin Cash (BCH)			qpz32c4lg7x7lnk9jg6qg7s4uavdce89myax5v5nuk
Ether (ETH)			0x843d3DEC2A4705BD4f45F674F641cE2D0022c9FB
Litecoin (LTC)			Lfk5y4F7KZa9oRxpazETwjQnHszEPvqPvu
Bitcoin (BTC)			14Dm7L3ABPtumPDcj3REAvs4L6w9YFRnHK
