##################################
##################################
##################################
Most Shorted Shares since [2020-03-19]
##################################
##################################
##################################

        Name of Share Issuer  Position Holder
0                EASYJET PLC                4
1              HAMMERSON PLC                4
2             KINGFISHER PLC                4
3                PEARSON PLC                4
4      WOOD GROUP (JOHN) PLC                4
5  Flutter Entertainment plc                3
6  MICRO FOCUS INTERNATIONAL                3

         Name of Share Issuer  Net Short Position (%)
0                 EASYJET PLC                    5.39
1               HAMMERSON PLC                    4.46
2       WOOD GROUP (JOHN) PLC                    3.17
3                 PEARSON PLC                    2.80
4               MENZIES(JOHN)                    2.72
5                INCHCAPE PLC                    2.69
6              KINGFISHER PLC                    2.57
7   MICRO FOCUS INTERNATIONAL                    2.56
8    WM MORRISON SUPERMARKETS                    2.56
9                  FUTURE PLC                    2.41
10  Flutter Entertainment plc                    2.36
11         EQUINITI GROUP PLC                    2.28
12   DOMINO'S PIZZA GROUP PLC                    2.23
13             METRO BANK PLC                    2.21
14    LANCASHIRE HOLDINGS LTD                    2.19
15          ASHMORE GROUP PLC                    2.08
16       KEYWORDS STUDIOS PLC                    2.02
17              A.G. Barr PLC                    2.00
18                VICTREX PLC                    1.96
19            PREMIER OIL PLC                    1.94

#########[+]SUMMARY MOST OVERALL SHORTED[+]######################
#########[+]SUMMARY MOST OVERALL SHORTED[+]######################
#########[+]SUMMARY MOST OVERALL SHORTED[+]######################

[+]	WOOD GROUP (JOHN) PLC
[+]	EASYJET PLC
[+]	MICRO FOCUS INTERNATIONAL
[+]	Flutter Entertainment plc
[+]	PEARSON PLC
[+]	HAMMERSON PLC
[+]	KINGFISHER PLC


THE SOFTWARE IS PROVIDED 'AS IS', WITHOUT WARRANTY OF ANY KIND, EXPRESS OR IMPLIED, INCLUDING BUT NOT LIMITED TO THE WARRANTIES OF MERCHANTABILITY, FITNESS FOR A PARTICULAR PURPOSE, TITLE AND NON-INFRINGEMENT. IN NO EVENT SHALL THE COPYRIGHT HOLDERS OR ANYONE DISTRIBUTING THE SOFTWARE BE LIABLE FOR ANY DAMAGES OR OTHER LIABILITY, WHETHER IN CONTRACT, TORT OR OTHERWISE, ARISING FROM, OUT OF OR IN CONNECTION WITH THE SOFTWARE OR THE USE OR OTHER DEALINGS IN THE SOFTWARE.

Dont forget to tip your server!
Bitcoin Cash (BCH)			qpz32c4lg7x7lnk9jg6qg7s4uavdce89myax5v5nuk
Ether (ETH)			0x843d3DEC2A4705BD4f45F674F641cE2D0022c9FB
Litecoin (LTC)			Lfk5y4F7KZa9oRxpazETwjQnHszEPvqPvu
Bitcoin (BTC)			14Dm7L3ABPtumPDcj3REAvs4L6w9YFRnHK
