##################################
##################################
##################################
Most Shorted Shares since [2020-04-06]
##################################
##################################
##################################

  Name of Share Issuer  Position Holder
0        ASCENTIAL PLC                4
1          EASYJET PLC                3

         Name of Share Issuer  Net Short Position (%)
0              TULLOW OIL PLC                    4.55
1                 DIGNITY PLC                    3.90
2                 EASYJET PLC                    3.33
3               ASCENTIAL PLC                    3.11
4          HALFORDS GROUP PLC                    2.80
5               A.G. Barr PLC                    2.43
6                    ASOS PLC                    2.34
7                CARNIVAL PLC                    2.06
8               MENZIES(JOHN)                    1.93
9        BLUE PRISM GROUP PLC                    1.71
10       KEYWORDS STUDIOS PLC                    1.64
11         WEIR GROUP PLC/THE                    1.64
12         EQUINITI GROUP PLC                    1.61
13    Burford Capital Limited                    1.56
14  MICRO FOCUS INTERNATIONAL                    1.54
15             METRO BANK PLC                    1.51
16                PEARSON PLC                    1.49
17   WM MORRISON SUPERMARKETS                    1.43
18             SAGE GROUP PLC                    1.41
19              Trainline PLC                    1.39

#########[+]SUMMARY MOST OVERALL SHORTED[+]######################
#########[+]SUMMARY MOST OVERALL SHORTED[+]######################
#########[+]SUMMARY MOST OVERALL SHORTED[+]######################

[+]	ASCENTIAL PLC
[+]	EASYJET PLC


THE SOFTWARE IS PROVIDED 'AS IS', WITHOUT WARRANTY OF ANY KIND, EXPRESS OR IMPLIED, INCLUDING BUT NOT LIMITED TO THE WARRANTIES OF MERCHANTABILITY, FITNESS FOR A PARTICULAR PURPOSE, TITLE AND NON-INFRINGEMENT. IN NO EVENT SHALL THE COPYRIGHT HOLDERS OR ANYONE DISTRIBUTING THE SOFTWARE BE LIABLE FOR ANY DAMAGES OR OTHER LIABILITY, WHETHER IN CONTRACT, TORT OR OTHERWISE, ARISING FROM, OUT OF OR IN CONNECTION WITH THE SOFTWARE OR THE USE OR OTHER DEALINGS IN THE SOFTWARE.

Dont forget to tip your server!
Bitcoin Cash (BCH)			qpz32c4lg7x7lnk9jg6qg7s4uavdce89myax5v5nuk
Ether (ETH)			0x843d3DEC2A4705BD4f45F674F641cE2D0022c9FB
Litecoin (LTC)			Lfk5y4F7KZa9oRxpazETwjQnHszEPvqPvu
Bitcoin (BTC)			14Dm7L3ABPtumPDcj3REAvs4L6w9YFRnHK
