##################################
##################################
##################################
Most Shorted Shares since [2020-04-02]
##################################
##################################
##################################

           Name of Share Issuer  Position Holder
0                   EASYJET PLC                3
1                 HAMMERSON PLC                3
2                   PEARSON PLC                3
3  SMITH (DAVID S) HOLDINGS PLC                3

            Name of Share Issuer  Net Short Position (%)
0           BLUE PRISM GROUP PLC                    3.78
1                  HAMMERSON PLC                    3.73
2                    DIGNITY PLC                    3.47
3                    EASYJET PLC                    3.33
4                 TULLOW OIL PLC                    2.89
5             HALFORDS GROUP PLC                    2.77
6      MICRO FOCUS INTERNATIONAL                    2.70
7                       ASOS PLC                    2.64
8                   CARNIVAL PLC                    2.52
9                  A.G. Barr PLC                    2.43
10                 MENZIES(JOHN)                    2.43
11                    FUTURE PLC                    2.40
12  SMITH (DAVID S) HOLDINGS PLC                    2.37
13            EQUINITI GROUP PLC                    2.31
14                        AA PLC                    2.24
15                   PEARSON PLC                    2.05
16       CRODA INTERNATIONAL PLC                    1.78
17        BABCOCK INTL GROUP PLC                    1.77
18                 ASCENTIAL PLC                    1.67
19            WEIR GROUP PLC/THE                    1.65

#########[+]SUMMARY MOST OVERALL SHORTED[+]######################
#########[+]SUMMARY MOST OVERALL SHORTED[+]######################
#########[+]SUMMARY MOST OVERALL SHORTED[+]######################

[+]	PEARSON PLC
[+]	EASYJET PLC
[+]	SMITH (DAVID S) HOLDINGS PLC
[+]	HAMMERSON PLC


THE SOFTWARE IS PROVIDED 'AS IS', WITHOUT WARRANTY OF ANY KIND, EXPRESS OR IMPLIED, INCLUDING BUT NOT LIMITED TO THE WARRANTIES OF MERCHANTABILITY, FITNESS FOR A PARTICULAR PURPOSE, TITLE AND NON-INFRINGEMENT. IN NO EVENT SHALL THE COPYRIGHT HOLDERS OR ANYONE DISTRIBUTING THE SOFTWARE BE LIABLE FOR ANY DAMAGES OR OTHER LIABILITY, WHETHER IN CONTRACT, TORT OR OTHERWISE, ARISING FROM, OUT OF OR IN CONNECTION WITH THE SOFTWARE OR THE USE OR OTHER DEALINGS IN THE SOFTWARE.

Dont forget to tip your server!
Bitcoin Cash (BCH)			qpz32c4lg7x7lnk9jg6qg7s4uavdce89myax5v5nuk
Ether (ETH)			0x843d3DEC2A4705BD4f45F674F641cE2D0022c9FB
Litecoin (LTC)			Lfk5y4F7KZa9oRxpazETwjQnHszEPvqPvu
Bitcoin (BTC)			14Dm7L3ABPtumPDcj3REAvs4L6w9YFRnHK
