##################################
##################################
##################################
Most Shorted Shares since [2020-06-01]
##################################
##################################
##################################

  Name of Share Issuer  Position Holder
0        WHITBREAD PLC                6
1          EASYJET PLC                4
2        ASCENTIAL PLC                3
3       Royal Mail Plc                3

                        Name of Share Issuer  Net Short Position (%)
0                                EASYJET PLC                    5.86
1                             HYVE GROUP PLC                    5.56
2                             Royal Mail Plc                    4.86
3                              WHITBREAD PLC                    3.96
4                              ASCENTIAL PLC                    3.28
5                          SAINSBURY (J) PLC                    2.73
6                     BABCOCK INTL GROUP PLC                    2.59
7                                 HISCOX LTD                    2.43
8                              A.G. Barr PLC                    2.40
9                                 CAPITA PLC                    2.37
10                  WM MORRISON SUPERMARKETS                    1.99
11  Aston Martin Lagonda Global Holdings Plc                    1.94
12                       INTU PROPERTIES PLC                    1.74
13                        BURBERRY GROUP PLC                    1.65
14                 MICRO FOCUS INTERNATIONAL                    1.54
15                               DIGNITY PLC                    1.46
16                        UDG HEALTHCARE PLC                    1.46
17         INTERCONTINENTAL HOTELS GROUP PLC                    1.41
18                            METRO BANK PLC                    1.39
19                    Arrow Global Group plc                    1.34

#########[+]SUMMARY MOST OVERALL SHORTED[+]######################
#########[+]SUMMARY MOST OVERALL SHORTED[+]######################
#########[+]SUMMARY MOST OVERALL SHORTED[+]######################

[+]	WHITBREAD PLC
[+]	Royal Mail Plc
[+]	EASYJET PLC
[+]	ASCENTIAL PLC


THE SOFTWARE IS PROVIDED 'AS IS', WITHOUT WARRANTY OF ANY KIND, EXPRESS OR IMPLIED, INCLUDING BUT NOT LIMITED TO THE WARRANTIES OF MERCHANTABILITY, FITNESS FOR A PARTICULAR PURPOSE, TITLE AND NON-INFRINGEMENT. IN NO EVENT SHALL THE COPYRIGHT HOLDERS OR ANYONE DISTRIBUTING THE SOFTWARE BE LIABLE FOR ANY DAMAGES OR OTHER LIABILITY, WHETHER IN CONTRACT, TORT OR OTHERWISE, ARISING FROM, OUT OF OR IN CONNECTION WITH THE SOFTWARE OR THE USE OR OTHER DEALINGS IN THE SOFTWARE.

Dont forget to tip your server!
Bitcoin Cash (BCH)			qpz32c4lg7x7lnk9jg6qg7s4uavdce89myax5v5nuk
Ether (ETH)			0x843d3DEC2A4705BD4f45F674F641cE2D0022c9FB
Litecoin (LTC)			Lfk5y4F7KZa9oRxpazETwjQnHszEPvqPvu
Bitcoin (BTC)			14Dm7L3ABPtumPDcj3REAvs4L6w9YFRnHK
