##################################
##################################
##################################
Most Shorted Shares since [2020-02-20]
##################################
##################################
##################################

                        Name of Share Issuer  Position Holder
0                  Flutter Entertainment plc                8
1   Aston Martin Lagonda Global Holdings Plc                7
2                     BABCOCK INTL GROUP PLC                7
3                              HAMMERSON PLC                7
4                      WOOD GROUP (JOHN) PLC                7
5                            CINEWORLD GROUP                5
6                             METRO BANK PLC                5
7             STANDARD LIFE ABERDEEN PLC ORD                5
8                                     AA PLC                4
9                                AGGREKO PLC                4
10                     AUTO TRADER GROUP PLC                4
11                               EASYJET PLC                4
12                        EQUINITI GROUP PLC                4
13                         Galliford Try plc                4
14                      KEYWORDS STUDIOS PLC                4
15                            KINGFISHER PLC                4
16                            Kier Group plc                4
17                               PEARSON PLC                4
18                              PETROFAC LTD                4
19                            TULLOW OIL PLC                4

                        Name of Share Issuer  Net Short Position (%)
0                            PREMIER OIL PLC                   18.13
1                             METRO BANK PLC                    8.54
2                                     AA PLC                    7.69
3                  Flutter Entertainment plc                    7.40
4                              HAMMERSON PLC                    7.19
5                     BABCOCK INTL GROUP PLC                    6.95
6                      WOOD GROUP (JOHN) PLC                    6.70
7                             TULLOW OIL PLC                    6.44
8                                PEARSON PLC                    5.78
9   Aston Martin Lagonda Global Holdings Plc                    5.33
10                           CINEWORLD GROUP                    5.29
11                               VICTREX PLC                    5.20
12                               EASYJET PLC                    4.84
13                         PETROPAVLOVSK PLC                    4.81
14                              PETROFAC LTD                    4.64
15                            Kier Group plc                    4.60
16                                   SIG PLC                    4.49
17                  WM MORRISON SUPERMARKETS                    4.37
18                            KINGFISHER PLC                    4.32
19                       INTU PROPERTIES PLC                    4.26

#########[+]SUMMARY MOST OVERALL SHORTED[+]######################
#########[+]SUMMARY MOST OVERALL SHORTED[+]######################
#########[+]SUMMARY MOST OVERALL SHORTED[+]######################

[+]	PEARSON PLC
[+]	AA PLC
[+]	WOOD GROUP (JOHN) PLC
[+]	Flutter Entertainment plc
[+]	CINEWORLD GROUP
[+]	Kier Group plc
[+]	METRO BANK PLC
[+]	HAMMERSON PLC
[+]	TULLOW OIL PLC
[+]	BABCOCK INTL GROUP PLC
[+]	PETROFAC LTD
[+]	Aston Martin Lagonda Global Holdings Plc
[+]	KINGFISHER PLC
[+]	EASYJET PLC


THE SOFTWARE IS PROVIDED 'AS IS', WITHOUT WARRANTY OF ANY KIND, EXPRESS OR IMPLIED, INCLUDING BUT NOT LIMITED TO THE WARRANTIES OF MERCHANTABILITY, FITNESS FOR A PARTICULAR PURPOSE, TITLE AND NON-INFRINGEMENT. IN NO EVENT SHALL THE COPYRIGHT HOLDERS OR ANYONE DISTRIBUTING THE SOFTWARE BE LIABLE FOR ANY DAMAGES OR OTHER LIABILITY, WHETHER IN CONTRACT, TORT OR OTHERWISE, ARISING FROM, OUT OF OR IN CONNECTION WITH THE SOFTWARE OR THE USE OR OTHER DEALINGS IN THE SOFTWARE.

Dont forget to tip your server!
Bitcoin Cash (BCH)			qpz32c4lg7x7lnk9jg6qg7s4uavdce89myax5v5nuk
Ether (ETH)			0x843d3DEC2A4705BD4f45F674F641cE2D0022c9FB
Litecoin (LTC)			Lfk5y4F7KZa9oRxpazETwjQnHszEPvqPvu
Bitcoin (BTC)			14Dm7L3ABPtumPDcj3REAvs4L6w9YFRnHK
