##################################
##################################
##################################
Most Shorted Shares since [2020-08-17]
##################################
##################################
##################################

Empty DataFrame
Columns: [Name of Share Issuer, Position Holder]
Index: []

                  Name of Share Issuer  Net Short Position (%)
0                    SAINSBURY (J) PLC                    3.60
1                           FUTURE PLC                    2.96
2    INTERCONTINENTAL HOTELS GROUP PLC                    2.20
3                               TUI AG                    1.84
4                           CAPITA PLC                    1.83
5                            REACH PLC                    1.83
6         SMITH (DAVID S) HOLDINGS PLC                    1.82
7                           HISCOX LTD                    1.78
8                       METRO BANK PLC                    1.66
9                       TULLOW OIL PLC                    1.49
10                             ITV PLC                    1.41
11                       MARSTON'S PLC                    1.32
12  NETWORK INTERNATIONAL HOLDINGS PLC                    1.22
13                          ROTORK PLC                    1.06
14                         AGGREKO PLC                    0.96
15                KEYWORDS STUDIOS PLC                    0.90
16         GULF KEYSTONE PETROLEUM LTD                    0.88
17                MCCARTHY & STONE PLC                    0.87
18          STANDARD LIFE ABERDEEN PLC                    0.86
19                     CINEWORLD GROUP                    0.84

#########[+]SUMMARY MOST OVERALL SHORTED[+]######################
#########[+]SUMMARY MOST OVERALL SHORTED[+]######################
#########[+]SUMMARY MOST OVERALL SHORTED[+]######################



THE SOFTWARE IS PROVIDED 'AS IS', WITHOUT WARRANTY OF ANY KIND, EXPRESS OR IMPLIED, INCLUDING BUT NOT LIMITED TO THE WARRANTIES OF MERCHANTABILITY, FITNESS FOR A PARTICULAR PURPOSE, TITLE AND NON-INFRINGEMENT. IN NO EVENT SHALL THE COPYRIGHT HOLDERS OR ANYONE DISTRIBUTING THE SOFTWARE BE LIABLE FOR ANY DAMAGES OR OTHER LIABILITY, WHETHER IN CONTRACT, TORT OR OTHERWISE, ARISING FROM, OUT OF OR IN CONNECTION WITH THE SOFTWARE OR THE USE OR OTHER DEALINGS IN THE SOFTWARE.

Dont forget to tip your server!
Bitcoin Cash (BCH)			qpz32c4lg7x7lnk9jg6qg7s4uavdce89myax5v5nuk
Ether (ETH)			0x843d3DEC2A4705BD4f45F674F641cE2D0022c9FB
Litecoin (LTC)			Lfk5y4F7KZa9oRxpazETwjQnHszEPvqPvu
Bitcoin (BTC)			14Dm7L3ABPtumPDcj3REAvs4L6w9YFRnHK
