##################################
##################################
##################################
Most Shorted Shares since [2020-07-16]
##################################
##################################
##################################

Empty DataFrame
Columns: [Name of Share Issuer, Position Holder]
Index: []

                  Name of Share Issuer  Net Short Position (%)
0                          PEARSON PLC                    3.68
1                       METRO BANK PLC                    2.23
2                         PETROFAC LTD                    2.22
3                      MITIE GROUP PLC                    2.18
4                   WEIR GROUP PLC/THE                    2.10
5                        A.G. Barr PLC                    2.06
6                 BLUE PRISM GROUP PLC                    1.93
7                           Greggs Plc                    1.63
8             HOWDEN JOINERY GROUP PLC                    1.49
9                           FUTURE PLC                    1.44
10                      Royal Mail Plc                    1.42
11                       HAMMERSON PLC                    1.40
12                    GVC Holdings Plc                    1.36
13                              TUI AG                    1.29
14         GULF KEYSTONE PETROLEUM LTD                    1.27
15             CRODA INTERNATIONAL PLC                    1.24
16  NETWORK INTERNATIONAL HOLDINGS PLC                    1.20
17               VITEC GROUP PLC (THE)                    1.14
18                       CRANEWARE PLC                    1.11
19                      KINGFISHER PLC                    1.09

#########[+]SUMMARY MOST OVERALL SHORTED[+]######################
#########[+]SUMMARY MOST OVERALL SHORTED[+]######################
#########[+]SUMMARY MOST OVERALL SHORTED[+]######################



THE SOFTWARE IS PROVIDED 'AS IS', WITHOUT WARRANTY OF ANY KIND, EXPRESS OR IMPLIED, INCLUDING BUT NOT LIMITED TO THE WARRANTIES OF MERCHANTABILITY, FITNESS FOR A PARTICULAR PURPOSE, TITLE AND NON-INFRINGEMENT. IN NO EVENT SHALL THE COPYRIGHT HOLDERS OR ANYONE DISTRIBUTING THE SOFTWARE BE LIABLE FOR ANY DAMAGES OR OTHER LIABILITY, WHETHER IN CONTRACT, TORT OR OTHERWISE, ARISING FROM, OUT OF OR IN CONNECTION WITH THE SOFTWARE OR THE USE OR OTHER DEALINGS IN THE SOFTWARE.

Dont forget to tip your server!
Bitcoin Cash (BCH)			qpz32c4lg7x7lnk9jg6qg7s4uavdce89myax5v5nuk
Ether (ETH)			0x843d3DEC2A4705BD4f45F674F641cE2D0022c9FB
Litecoin (LTC)			Lfk5y4F7KZa9oRxpazETwjQnHszEPvqPvu
Bitcoin (BTC)			14Dm7L3ABPtumPDcj3REAvs4L6w9YFRnHK
