##################################
##################################
##################################
Most Shorted Shares since [2020-04-08]
##################################
##################################
##################################

        Name of Share Issuer  Position Holder
0                EASYJET PLC                4
1  Flutter Entertainment plc                4
2  MICRO FOCUS INTERNATIONAL                3
3          SAINSBURY (J) PLC                3

            Name of Share Issuer  Net Short Position (%)
0                 TULLOW OIL PLC                    4.62
1                         AA PLC                    4.57
2              SAINSBURY (J) PLC                    4.02
3                    EASYJET PLC                    3.25
4                  A.G. Barr PLC                    3.16
5      MICRO FOCUS INTERNATIONAL                    3.12
6      Flutter Entertainment plc                    2.99
7       WM MORRISON SUPERMARKETS                    2.35
8                   INCHCAPE PLC                    2.18
9                        IQE PLC                    2.06
10          KEYWORDS STUDIOS PLC                    2.06
11                      ASOS PLC                    2.04
12                   DIGNITY PLC                    2.04
13                  CARNIVAL PLC                    1.89
14               CINEWORLD GROUP                    1.71
15       CRODA INTERNATIONAL PLC                    1.69
16  INTERCONTINENTAL HOTELS GROU                    1.69
17        PETS AT HOME GROUP PLC                    1.60
18    DAILY MAIL & GENERAL TRUST                    1.50
19  SMITH (DAVID S) HOLDINGS PLC                    1.49

#########[+]SUMMARY MOST OVERALL SHORTED[+]######################
#########[+]SUMMARY MOST OVERALL SHORTED[+]######################
#########[+]SUMMARY MOST OVERALL SHORTED[+]######################

[+]	MICRO FOCUS INTERNATIONAL
[+]	Flutter Entertainment plc
[+]	EASYJET PLC
[+]	SAINSBURY (J) PLC


THE SOFTWARE IS PROVIDED 'AS IS', WITHOUT WARRANTY OF ANY KIND, EXPRESS OR IMPLIED, INCLUDING BUT NOT LIMITED TO THE WARRANTIES OF MERCHANTABILITY, FITNESS FOR A PARTICULAR PURPOSE, TITLE AND NON-INFRINGEMENT. IN NO EVENT SHALL THE COPYRIGHT HOLDERS OR ANYONE DISTRIBUTING THE SOFTWARE BE LIABLE FOR ANY DAMAGES OR OTHER LIABILITY, WHETHER IN CONTRACT, TORT OR OTHERWISE, ARISING FROM, OUT OF OR IN CONNECTION WITH THE SOFTWARE OR THE USE OR OTHER DEALINGS IN THE SOFTWARE.

Dont forget to tip your server!
Bitcoin Cash (BCH)			qpz32c4lg7x7lnk9jg6qg7s4uavdce89myax5v5nuk
Ether (ETH)			0x843d3DEC2A4705BD4f45F674F641cE2D0022c9FB
Litecoin (LTC)			Lfk5y4F7KZa9oRxpazETwjQnHszEPvqPvu
Bitcoin (BTC)			14Dm7L3ABPtumPDcj3REAvs4L6w9YFRnHK
