##################################
##################################
##################################
Most Shorted Shares since [2020-02-05]
##################################
##################################
##################################

            Name of Share Issuer  Position Holder
0         BABCOCK INTL GROUP PLC                7
1             WEIR GROUP PLC/THE                7
2          WOOD GROUP (JOHN) PLC                6
3                  HAMMERSON PLC                5
4                    PEARSON PLC                5
5                 TULLOW OIL PLC                5
6      Flutter Entertainment plc                4
7              Galliford Try plc                4
8                 Kier Group plc                4
9                 METRO BANK PLC                4
10                Royal Mail Plc                4
11               CINEWORLD GROUP                3
12       CRODA INTERNATIONAL PLC                3
13                   EASYJET PLC                3
14            EQUINITI GROUP PLC                3
15                  INCHCAPE PLC                3
16           INTU PROPERTIES PLC                3
17           JOHNSON MATTHEY PLC                3
18                KINGFISHER PLC                3
19  SMITH (DAVID S) HOLDINGS PLC                3

            Name of Share Issuer  Net Short Position (%)
0         BABCOCK INTL GROUP PLC                    8.11
1                 METRO BANK PLC                    7.53
2                  HAMMERSON PLC                    7.12
3             WEIR GROUP PLC/THE                    6.34
4                    PEARSON PLC                    6.27
5          WOOD GROUP (JOHN) PLC                    5.71
6                 TULLOW OIL PLC                    5.33
7                        SIG PLC                    5.13
8                 Royal Mail Plc                    4.67
9                CINEWORLD GROUP                    4.02
10                Kier Group plc                    3.85
11                   EASYJET PLC                    3.78
12                   VICTREX PLC                    3.76
13                KINGFISHER PLC                    3.53
14     Flutter Entertainment plc                    3.46
15            Go-Ahead Group PLC                    3.39
16                  INCHCAPE PLC                    2.99
17       CRODA INTERNATIONAL PLC                    2.97
18  SMITH (DAVID S) HOLDINGS PLC                    2.94
19                  PETROFAC LTD                    2.81

#########[+]SUMMARY MOST OVERALL SHORTED[+]######################
#########[+]SUMMARY MOST OVERALL SHORTED[+]######################
#########[+]SUMMARY MOST OVERALL SHORTED[+]######################

[+]	CINEWORLD GROUP
[+]	Kier Group plc
[+]	Royal Mail Plc
[+]	SMITH (DAVID S) HOLDINGS PLC
[+]	HAMMERSON PLC
[+]	PEARSON PLC
[+]	EASYJET PLC
[+]	CRODA INTERNATIONAL PLC
[+]	KINGFISHER PLC
[+]	BABCOCK INTL GROUP PLC
[+]	METRO BANK PLC
[+]	WOOD GROUP (JOHN) PLC
[+]	Flutter Entertainment plc
[+]	WEIR GROUP PLC/THE
[+]	TULLOW OIL PLC
[+]	INCHCAPE PLC


THE SOFTWARE IS PROVIDED 'AS IS', WITHOUT WARRANTY OF ANY KIND, EXPRESS OR IMPLIED, INCLUDING BUT NOT LIMITED TO THE WARRANTIES OF MERCHANTABILITY, FITNESS FOR A PARTICULAR PURPOSE, TITLE AND NON-INFRINGEMENT. IN NO EVENT SHALL THE COPYRIGHT HOLDERS OR ANYONE DISTRIBUTING THE SOFTWARE BE LIABLE FOR ANY DAMAGES OR OTHER LIABILITY, WHETHER IN CONTRACT, TORT OR OTHERWISE, ARISING FROM, OUT OF OR IN CONNECTION WITH THE SOFTWARE OR THE USE OR OTHER DEALINGS IN THE SOFTWARE.

Dont forget to tip your server!
Bitcoin Cash (BCH)			qpz32c4lg7x7lnk9jg6qg7s4uavdce89myax5v5nuk
Ether (ETH)			0x843d3DEC2A4705BD4f45F674F641cE2D0022c9FB
Litecoin (LTC)			Lfk5y4F7KZa9oRxpazETwjQnHszEPvqPvu
Bitcoin (BTC)			14Dm7L3ABPtumPDcj3REAvs4L6w9YFRnHK
