##################################
##################################
##################################
Most Shorted Shares since [2020-05-21]
##################################
##################################
##################################

  Name of Share Issuer  Position Holder
0   BURBERRY GROUP PLC                3
1         CENTRICA PLC                3

                        Name of Share Issuer  Net Short Position (%)
0                                EASYJET PLC                    4.36
1                  MICRO FOCUS INTERNATIONAL                    3.52
2                                 CAPITA PLC                    3.30
3                  MARKS & SPENCER GROUP PLC                    3.07
4                                PEARSON PLC                    3.01
5                     BABCOCK INTL GROUP PLC                    2.83
6                         BURBERRY GROUP PLC                    2.56
7                               CENTRICA PLC                    2.51
8                         WEIR GROUP PLC/THE                    2.50
9                               INCHCAPE PLC                    2.43
10                            METRO BANK PLC                    2.31
11                                    TUI AG                    2.31
12                              CARNIVAL PLC                    2.30
13                               MEGGITT PLC                    2.26
14                                   G4S PLC                    2.22
15  Aston Martin Lagonda Global Holdings Plc                    2.09
16                                    AA PLC                    1.98
17                             ASCENTIAL PLC                    1.91
18                                HISCOX LTD                    1.91
19                             WHITBREAD PLC                    1.79

#########[+]SUMMARY MOST OVERALL SHORTED[+]######################
#########[+]SUMMARY MOST OVERALL SHORTED[+]######################
#########[+]SUMMARY MOST OVERALL SHORTED[+]######################

[+]	CENTRICA PLC
[+]	BURBERRY GROUP PLC


THE SOFTWARE IS PROVIDED 'AS IS', WITHOUT WARRANTY OF ANY KIND, EXPRESS OR IMPLIED, INCLUDING BUT NOT LIMITED TO THE WARRANTIES OF MERCHANTABILITY, FITNESS FOR A PARTICULAR PURPOSE, TITLE AND NON-INFRINGEMENT. IN NO EVENT SHALL THE COPYRIGHT HOLDERS OR ANYONE DISTRIBUTING THE SOFTWARE BE LIABLE FOR ANY DAMAGES OR OTHER LIABILITY, WHETHER IN CONTRACT, TORT OR OTHERWISE, ARISING FROM, OUT OF OR IN CONNECTION WITH THE SOFTWARE OR THE USE OR OTHER DEALINGS IN THE SOFTWARE.

Dont forget to tip your server!
Bitcoin Cash (BCH)			qpz32c4lg7x7lnk9jg6qg7s4uavdce89myax5v5nuk
Ether (ETH)			0x843d3DEC2A4705BD4f45F674F641cE2D0022c9FB
Litecoin (LTC)			Lfk5y4F7KZa9oRxpazETwjQnHszEPvqPvu
Bitcoin (BTC)			14Dm7L3ABPtumPDcj3REAvs4L6w9YFRnHK
