##################################
##################################
##################################
Most Shorted Shares since [2020-02-06]
##################################
##################################
##################################

                        Name of Share Issuer  Position Holder
0                     BABCOCK INTL GROUP PLC                7
1                              HAMMERSON PLC                7
2                             TULLOW OIL PLC                6
3                      WOOD GROUP (JOHN) PLC                6
4                  Flutter Entertainment plc                5
5                             METRO BANK PLC                5
6                                PEARSON PLC                5
7                         WEIR GROUP PLC/THE                5
8                            CINEWORLD GROUP                4
9                                EASYJET PLC                4
10                         Galliford Try plc                4
11                       INTU PROPERTIES PLC                4
12                       JOHNSON MATTHEY PLC                4
13                            Kier Group plc                4
14                            Royal Mail Plc                4
15  Aston Martin Lagonda Global Holdings Plc                3
16                   CRODA INTERNATIONAL PLC                3
17                          DUNELM GROUP PLC                3
18                        EQUINITI GROUP PLC                3
19                      KEYWORDS STUDIOS PLC                3

            Name of Share Issuer  Net Short Position (%)
0                  HAMMERSON PLC                    8.81
1         BABCOCK INTL GROUP PLC                    8.07
2                 METRO BANK PLC                    7.62
3                CINEWORLD GROUP                    7.15
4                 TULLOW OIL PLC                    6.48
5                    PEARSON PLC                    6.43
6          WOOD GROUP (JOHN) PLC                    5.87
7            INTU PROPERTIES PLC                    5.27
8             WEIR GROUP PLC/THE                    5.15
9                        SIG PLC                    5.13
10                Royal Mail Plc                    4.67
11                   EASYJET PLC                    4.63
12     Flutter Entertainment plc                    4.53
13                Kier Group plc                    3.85
14              DUNELM GROUP PLC                    3.73
15                KINGFISHER PLC                    3.53
16                  PETROFAC LTD                    3.38
17       CRODA INTERNATIONAL PLC                    3.06
18  SMITH (DAVID S) HOLDINGS PLC                    2.94
19           JOHNSON MATTHEY PLC                    2.89

#########[+]SUMMARY MOST OVERALL SHORTED[+]######################
#########[+]SUMMARY MOST OVERALL SHORTED[+]######################
#########[+]SUMMARY MOST OVERALL SHORTED[+]######################

[+]	TULLOW OIL PLC
[+]	WOOD GROUP (JOHN) PLC
[+]	WEIR GROUP PLC/THE
[+]	INTU PROPERTIES PLC
[+]	CINEWORLD GROUP
[+]	Royal Mail Plc
[+]	Flutter Entertainment plc
[+]	Kier Group plc
[+]	PEARSON PLC
[+]	CRODA INTERNATIONAL PLC
[+]	METRO BANK PLC
[+]	JOHNSON MATTHEY PLC
[+]	BABCOCK INTL GROUP PLC
[+]	EASYJET PLC
[+]	HAMMERSON PLC
[+]	DUNELM GROUP PLC


THE SOFTWARE IS PROVIDED 'AS IS', WITHOUT WARRANTY OF ANY KIND, EXPRESS OR IMPLIED, INCLUDING BUT NOT LIMITED TO THE WARRANTIES OF MERCHANTABILITY, FITNESS FOR A PARTICULAR PURPOSE, TITLE AND NON-INFRINGEMENT. IN NO EVENT SHALL THE COPYRIGHT HOLDERS OR ANYONE DISTRIBUTING THE SOFTWARE BE LIABLE FOR ANY DAMAGES OR OTHER LIABILITY, WHETHER IN CONTRACT, TORT OR OTHERWISE, ARISING FROM, OUT OF OR IN CONNECTION WITH THE SOFTWARE OR THE USE OR OTHER DEALINGS IN THE SOFTWARE.

Dont forget to tip your server!
Bitcoin Cash (BCH)			qpz32c4lg7x7lnk9jg6qg7s4uavdce89myax5v5nuk
Ether (ETH)			0x843d3DEC2A4705BD4f45F674F641cE2D0022c9FB
Litecoin (LTC)			Lfk5y4F7KZa9oRxpazETwjQnHszEPvqPvu
Bitcoin (BTC)			14Dm7L3ABPtumPDcj3REAvs4L6w9YFRnHK
