##################################
##################################
##################################
Most Shorted Shares since [2020-01-22]
##################################
##################################
##################################

                        Name of Share Issuer  Position Holder
0                  Flutter Entertainment plc                6
1                              NORTHGATE PLC                6
2                     BABCOCK INTL GROUP PLC                5
3                            CINEWORLD GROUP                5
4                       KEYWORDS STUDIOS PLC                5
5                                     AA PLC                4
6                                EASYJET PLC                4
7               SMITH (DAVID S) HOLDINGS PLC                4
8                             TULLOW OIL PLC                4
9                                   ASOS PLC                3
10  Aston Martin Lagonda Global Holdings Plc                3
11                                CAPITA PLC                3
12                          GVC Holdings Plc                3
13                         Galliford Try plc                3
14                             HAMMERSON PLC                3
15                       JOHNSON MATTHEY PLC                3
16               JUPITER FUND MANAGEMENT PLC                3
17                            KINGFISHER PLC                3
18                 MICRO FOCUS INTERNATIONAL                3
19                               PEARSON PLC                3

            Name of Share Issuer  Net Short Position (%)
0                PREMIER OIL PLC                   16.73
1                CINEWORLD GROUP                    7.37
2      Flutter Entertainment plc                    6.58
3         BABCOCK INTL GROUP PLC                    5.77
4                         AA PLC                    5.65
5                        SIG PLC                    5.21
6              PETROPAVLOVSK PLC                    4.61
7                 METRO BANK PLC                    4.60
8                  NORTHGATE PLC                    4.36
9                    PEARSON PLC                    4.25
10                   EASYJET PLC                    4.24
11          KEYWORDS STUDIOS PLC                    3.78
12                   VICTREX PLC                    3.72
13                TULLOW OIL PLC                    3.57
14  SMITH (DAVID S) HOLDINGS PLC                    3.33
15                Royal Mail Plc                    3.31
16                    CAPITA PLC                    3.29
17                KINGFISHER PLC                    3.25
18         WOOD GROUP (JOHN) PLC                    3.09
19                 HAMMERSON PLC                    3.05

#########[+]SUMMARY MOST OVERALL SHORTED[+]######################
#########[+]SUMMARY MOST OVERALL SHORTED[+]######################
#########[+]SUMMARY MOST OVERALL SHORTED[+]######################

[+]	AA PLC
[+]	CAPITA PLC
[+]	BABCOCK INTL GROUP PLC
[+]	SMITH (DAVID S) HOLDINGS PLC
[+]	KINGFISHER PLC
[+]	NORTHGATE PLC
[+]	PEARSON PLC
[+]	EASYJET PLC
[+]	CINEWORLD GROUP
[+]	KEYWORDS STUDIOS PLC
[+]	Flutter Entertainment plc
[+]	TULLOW OIL PLC
[+]	HAMMERSON PLC


THE SOFTWARE IS PROVIDED 'AS IS', WITHOUT WARRANTY OF ANY KIND, EXPRESS OR IMPLIED, INCLUDING BUT NOT LIMITED TO THE WARRANTIES OF MERCHANTABILITY, FITNESS FOR A PARTICULAR PURPOSE, TITLE AND NON-INFRINGEMENT. IN NO EVENT SHALL THE COPYRIGHT HOLDERS OR ANYONE DISTRIBUTING THE SOFTWARE BE LIABLE FOR ANY DAMAGES OR OTHER LIABILITY, WHETHER IN CONTRACT, TORT OR OTHERWISE, ARISING FROM, OUT OF OR IN CONNECTION WITH THE SOFTWARE OR THE USE OR OTHER DEALINGS IN THE SOFTWARE.

Dont forget to tip your server!
Bitcoin Cash (BCH)			qpz32c4lg7x7lnk9jg6qg7s4uavdce89myax5v5nuk
Ether (ETH)			0x843d3DEC2A4705BD4f45F674F641cE2D0022c9FB
Litecoin (LTC)			Lfk5y4F7KZa9oRxpazETwjQnHszEPvqPvu
Bitcoin (BTC)			14Dm7L3ABPtumPDcj3REAvs4L6w9YFRnHK
