##################################
##################################
##################################
Most Shorted Shares since [2020-04-20]
##################################
##################################
##################################

      Name of Share Issuer  Position Holder
0           TULLOW OIL PLC                6
1              EASYJET PLC                4
2            HAMMERSON PLC                4
3   BABCOCK INTL GROUP PLC                3
4     BLUE PRISM GROUP PLC                3
5     KEYWORDS STUDIOS PLC                3
6            RIGHTMOVE PLC                3
7           Royal Mail Plc                3
8        SAINSBURY (J) PLC                3
9                   TUI AG                3
10      WEIR GROUP PLC/THE                3

        Name of Share Issuer  Net Short Position (%)
0                EASYJET PLC                    6.08
1          PETROPAVLOVSK PLC                    4.99
2              HAMMERSON PLC                    4.91
3             METRO BANK PLC                    4.80
4             TULLOW OIL PLC                    4.60
5          SAINSBURY (J) PLC                    4.57
6       BLUE PRISM GROUP PLC                    3.99
7         HALFORDS GROUP PLC                    3.08
8                     TUI AG                    2.97
9              A.G. Barr PLC                    2.90
10      KEYWORDS STUDIOS PLC                    2.90
11             ASCENTIAL PLC                    2.80
12             RIGHTMOVE PLC                    2.61
13       VIRGIN MONEY UK PLC                    2.55
14                CAPITA PLC                    2.40
15               DIGNITY PLC                    2.39
16            Royal Mail Plc                    2.32
17        WEIR GROUP PLC/THE                    2.26
18  WM MORRISON SUPERMARKETS                    2.19
19    BABCOCK INTL GROUP PLC                    2.16

#########[+]SUMMARY MOST OVERALL SHORTED[+]######################
#########[+]SUMMARY MOST OVERALL SHORTED[+]######################
#########[+]SUMMARY MOST OVERALL SHORTED[+]######################

[+]	KEYWORDS STUDIOS PLC
[+]	Royal Mail Plc
[+]	SAINSBURY (J) PLC
[+]	EASYJET PLC
[+]	HAMMERSON PLC
[+]	BABCOCK INTL GROUP PLC
[+]	TULLOW OIL PLC
[+]	TUI AG
[+]	WEIR GROUP PLC/THE
[+]	RIGHTMOVE PLC
[+]	BLUE PRISM GROUP PLC


THE SOFTWARE IS PROVIDED 'AS IS', WITHOUT WARRANTY OF ANY KIND, EXPRESS OR IMPLIED, INCLUDING BUT NOT LIMITED TO THE WARRANTIES OF MERCHANTABILITY, FITNESS FOR A PARTICULAR PURPOSE, TITLE AND NON-INFRINGEMENT. IN NO EVENT SHALL THE COPYRIGHT HOLDERS OR ANYONE DISTRIBUTING THE SOFTWARE BE LIABLE FOR ANY DAMAGES OR OTHER LIABILITY, WHETHER IN CONTRACT, TORT OR OTHERWISE, ARISING FROM, OUT OF OR IN CONNECTION WITH THE SOFTWARE OR THE USE OR OTHER DEALINGS IN THE SOFTWARE.

Dont forget to tip your server!
Bitcoin Cash (BCH)			qpz32c4lg7x7lnk9jg6qg7s4uavdce89myax5v5nuk
Ether (ETH)			0x843d3DEC2A4705BD4f45F674F641cE2D0022c9FB
Litecoin (LTC)			Lfk5y4F7KZa9oRxpazETwjQnHszEPvqPvu
Bitcoin (BTC)			14Dm7L3ABPtumPDcj3REAvs4L6w9YFRnHK
