##################################
##################################
##################################
Most Shorted Shares since [2020-03-25]
##################################
##################################
##################################

                        Name of Share Issuer  Position Holder
0                                   ASOS PLC                4
1                  Flutter Entertainment plc                4
2   Aston Martin Lagonda Global Holdings Plc                3
3                     BABCOCK INTL GROUP PLC                3
4                       BLUE PRISM GROUP PLC                3
5                               CARNIVAL PLC                3
6                   DOMINO'S PIZZA GROUP PLC                3
7                                EASYJET PLC                3
8                              HAMMERSON PLC                3
9                       KEYWORDS STUDIOS PLC                3
10                            METRO BANK PLC                3
11                               PEARSON PLC                3
12                            Royal Mail Plc                3
13              SMITH (DAVID S) HOLDINGS PLC                3
14            STANDARD LIFE ABERDEEN PLC ORD                3
15                        WEIR GROUP PLC/THE                3

                        Name of Share Issuer  Net Short Position (%)
0                                EASYJET PLC                    4.56
1                             METRO BANK PLC                    4.51
2                                PEARSON PLC                    4.47
3                       BLUE PRISM GROUP PLC                    4.30
4                  Flutter Entertainment plc                    3.77
5                   WM MORRISON SUPERMARKETS                    3.75
6                                   ASOS PLC                    3.63
7                              HAMMERSON PLC                    3.36
8                             TULLOW OIL PLC                    3.27
9                     BABCOCK INTL GROUP PLC                    3.23
10                                FUTURE PLC                    2.89
11  Aston Martin Lagonda Global Holdings Plc                    2.75
12                                CAPITA PLC                    2.75
13            STANDARD LIFE ABERDEEN PLC ORD                    2.72
14                        HALFORDS GROUP PLC                    2.54
15                  DOMINO'S PIZZA GROUP PLC                    2.50
16                      KEYWORDS STUDIOS PLC                    2.49
17              SMITH (DAVID S) HOLDINGS PLC                    2.41
18                           CINEWORLD GROUP                    2.40
19                             A.G. Barr PLC                    2.23

#########[+]SUMMARY MOST OVERALL SHORTED[+]######################
#########[+]SUMMARY MOST OVERALL SHORTED[+]######################
#########[+]SUMMARY MOST OVERALL SHORTED[+]######################

[+]	BLUE PRISM GROUP PLC
[+]	HAMMERSON PLC
[+]	BABCOCK INTL GROUP PLC
[+]	Flutter Entertainment plc
[+]	KEYWORDS STUDIOS PLC
[+]	SMITH (DAVID S) HOLDINGS PLC
[+]	EASYJET PLC
[+]	PEARSON PLC
[+]	Aston Martin Lagonda Global Holdings Plc
[+]	STANDARD LIFE ABERDEEN PLC ORD
[+]	METRO BANK PLC
[+]	ASOS PLC
[+]	DOMINO'S PIZZA GROUP PLC


THE SOFTWARE IS PROVIDED 'AS IS', WITHOUT WARRANTY OF ANY KIND, EXPRESS OR IMPLIED, INCLUDING BUT NOT LIMITED TO THE WARRANTIES OF MERCHANTABILITY, FITNESS FOR A PARTICULAR PURPOSE, TITLE AND NON-INFRINGEMENT. IN NO EVENT SHALL THE COPYRIGHT HOLDERS OR ANYONE DISTRIBUTING THE SOFTWARE BE LIABLE FOR ANY DAMAGES OR OTHER LIABILITY, WHETHER IN CONTRACT, TORT OR OTHERWISE, ARISING FROM, OUT OF OR IN CONNECTION WITH THE SOFTWARE OR THE USE OR OTHER DEALINGS IN THE SOFTWARE.

Dont forget to tip your server!
Bitcoin Cash (BCH)			qpz32c4lg7x7lnk9jg6qg7s4uavdce89myax5v5nuk
Ether (ETH)			0x843d3DEC2A4705BD4f45F674F641cE2D0022c9FB
Litecoin (LTC)			Lfk5y4F7KZa9oRxpazETwjQnHszEPvqPvu
Bitcoin (BTC)			14Dm7L3ABPtumPDcj3REAvs4L6w9YFRnHK
