##################################
##################################
##################################
Most Shorted Shares since [2020-01-20]
##################################
##################################
##################################

                        Name of Share Issuer  Position Holder
0                  Flutter Entertainment plc                6
1                              NORTHGATE PLC                6
2                            CINEWORLD GROUP                5
3                       KEYWORDS STUDIOS PLC                5
4               SMITH (DAVID S) HOLDINGS PLC                5
5                     BABCOCK INTL GROUP PLC                4
6                                EASYJET PLC                4
7                              HAMMERSON PLC                4
8                             Royal Mail Plc                4
9                                     AA PLC                3
10  Aston Martin Lagonda Global Holdings Plc                3
11                                CAPITA PLC                3
12                       GREENCORE GROUP PLC                3
13                          GVC Holdings Plc                3
14                       JOHNSON MATTHEY PLC                3
15               JUPITER FUND MANAGEMENT PLC                3
16                            KINGFISHER PLC                3
17                 MICRO FOCUS INTERNATIONAL                3
18                               PEARSON PLC                3
19                            SUPERGROUP PLC                3

            Name of Share Issuer  Net Short Position (%)
0                CINEWORLD GROUP                    7.46
1      Flutter Entertainment plc                    6.58
2                        SIG PLC                    5.21
3                         AA PLC                    5.01
4         BABCOCK INTL GROUP PLC                    4.83
5              PETROPAVLOVSK PLC                    4.61
6                 METRO BANK PLC                    4.60
7                 Royal Mail Plc                    4.57
8            GREENCORE GROUP PLC                    4.53
9                  HAMMERSON PLC                    4.40
10                 NORTHGATE PLC                    4.36
11                   EASYJET PLC                    4.23
12                   PEARSON PLC                    3.94
13  SMITH (DAVID S) HOLDINGS PLC                    3.83
14          KEYWORDS STUDIOS PLC                    3.78
15                   VICTREX PLC                    3.51
16                    CAPITA PLC                    3.29
17                KINGFISHER PLC                    3.27
18                       IQE PLC                    3.22
19    CREST NICHOLSON HLDGS  PLC                    3.21

#########[+]SUMMARY MOST OVERALL SHORTED[+]######################
#########[+]SUMMARY MOST OVERALL SHORTED[+]######################
#########[+]SUMMARY MOST OVERALL SHORTED[+]######################

[+]	AA PLC
[+]	SMITH (DAVID S) HOLDINGS PLC
[+]	CINEWORLD GROUP
[+]	BABCOCK INTL GROUP PLC
[+]	KINGFISHER PLC
[+]	HAMMERSON PLC
[+]	Flutter Entertainment plc
[+]	Royal Mail Plc
[+]	NORTHGATE PLC
[+]	CAPITA PLC
[+]	PEARSON PLC
[+]	KEYWORDS STUDIOS PLC
[+]	GREENCORE GROUP PLC
[+]	EASYJET PLC


THE SOFTWARE IS PROVIDED 'AS IS', WITHOUT WARRANTY OF ANY KIND, EXPRESS OR IMPLIED, INCLUDING BUT NOT LIMITED TO THE WARRANTIES OF MERCHANTABILITY, FITNESS FOR A PARTICULAR PURPOSE, TITLE AND NON-INFRINGEMENT. IN NO EVENT SHALL THE COPYRIGHT HOLDERS OR ANYONE DISTRIBUTING THE SOFTWARE BE LIABLE FOR ANY DAMAGES OR OTHER LIABILITY, WHETHER IN CONTRACT, TORT OR OTHERWISE, ARISING FROM, OUT OF OR IN CONNECTION WITH THE SOFTWARE OR THE USE OR OTHER DEALINGS IN THE SOFTWARE.

Dont forget to tip your server!
Bitcoin Cash (BCH)			qpz32c4lg7x7lnk9jg6qg7s4uavdce89myax5v5nuk
Ether (ETH)			0x843d3DEC2A4705BD4f45F674F641cE2D0022c9FB
Litecoin (LTC)			Lfk5y4F7KZa9oRxpazETwjQnHszEPvqPvu
Bitcoin (BTC)			14Dm7L3ABPtumPDcj3REAvs4L6w9YFRnHK
