##################################
##################################
##################################
Most Shorted Shares since [2020-07-06]
##################################
##################################
##################################

Empty DataFrame
Columns: [Name of Share Issuer, Position Holder]
Index: []

                        Name of Share Issuer  Net Short Position (%)
0                   WM MORRISON SUPERMARKETS                    2.86
1                                 HISCOX LTD                    2.59
2                             METRO BANK PLC                    2.59
3                  MICRO FOCUS INTERNATIONAL                    2.47
4                     BABCOCK INTL GROUP PLC                    2.29
5                              A.G. Barr PLC                    2.16
6                                VICTREX PLC                    2.12
7                             TULLOW OIL PLC                    1.99
8                          SAINSBURY (J) PLC                    1.94
9          INTERCONTINENTAL HOTELS GROUP PLC                    1.91
10                   CRODA INTERNATIONAL PLC                    1.76
11                                CAPITA PLC                    1.76
12  Aston Martin Lagonda Global Holdings Plc                    1.70
13                           CINEWORLD GROUP                    1.62
14              SMITH (DAVID S) HOLDINGS PLC                    1.57
15                            Royal Mail Plc                    1.45
16               GULF KEYSTONE PETROLEUM LTD                    1.38
17                      ST JAMES'S PLACE PLC                    1.29
18                                    TUI AG                    1.29
19                   Burford Capital Limited                    1.24

#########[+]SUMMARY MOST OVERALL SHORTED[+]######################
#########[+]SUMMARY MOST OVERALL SHORTED[+]######################
#########[+]SUMMARY MOST OVERALL SHORTED[+]######################



THE SOFTWARE IS PROVIDED 'AS IS', WITHOUT WARRANTY OF ANY KIND, EXPRESS OR IMPLIED, INCLUDING BUT NOT LIMITED TO THE WARRANTIES OF MERCHANTABILITY, FITNESS FOR A PARTICULAR PURPOSE, TITLE AND NON-INFRINGEMENT. IN NO EVENT SHALL THE COPYRIGHT HOLDERS OR ANYONE DISTRIBUTING THE SOFTWARE BE LIABLE FOR ANY DAMAGES OR OTHER LIABILITY, WHETHER IN CONTRACT, TORT OR OTHERWISE, ARISING FROM, OUT OF OR IN CONNECTION WITH THE SOFTWARE OR THE USE OR OTHER DEALINGS IN THE SOFTWARE.

Dont forget to tip your server!
Bitcoin Cash (BCH)			qpz32c4lg7x7lnk9jg6qg7s4uavdce89myax5v5nuk
Ether (ETH)			0x843d3DEC2A4705BD4f45F674F641cE2D0022c9FB
Litecoin (LTC)			Lfk5y4F7KZa9oRxpazETwjQnHszEPvqPvu
Bitcoin (BTC)			14Dm7L3ABPtumPDcj3REAvs4L6w9YFRnHK
