##################################
##################################
##################################
Most Shorted Shares since [2020-03-26]
##################################
##################################
##################################

           Name of Share Issuer  Position Holder
0                      ASOS PLC                4
1        BABCOCK INTL GROUP PLC                3
2      DOMINO'S PIZZA GROUP PLC                3
3     Flutter Entertainment plc                3
4                 HAMMERSON PLC                3
5                METRO BANK PLC                3
6                Royal Mail Plc                3
7  SMITH (DAVID S) HOLDINGS PLC                3
8            WEIR GROUP PLC/THE                3

              Name of Share Issuer  Net Short Position (%)
0                   METRO BANK PLC                    4.51
1                      PEARSON PLC                    3.78
2         WM MORRISON SUPERMARKETS                    3.75
3             BLUE PRISM GROUP PLC                    3.70
4                         ASOS PLC                    3.63
5                    HAMMERSON PLC                    3.36
6                      EASYJET PLC                    3.34
7           BABCOCK INTL GROUP PLC                    3.23
8        Flutter Entertainment plc                    3.08
9                       FUTURE PLC                    2.89
10                      CAPITA PLC                    2.75
11        DOMINO'S PIZZA GROUP PLC                    2.50
12    SMITH (DAVID S) HOLDINGS PLC                    2.41
13                 CINEWORLD GROUP                    2.40
14                   A.G. Barr PLC                    2.23
15                  TULLOW OIL PLC                    2.18
16              WEIR GROUP PLC/THE                    2.10
17                          TUI AG                    2.04
18               Clipper Logistics                    2.02
19  STANDARD LIFE ABERDEEN PLC ORD                    1.97

#########[+]SUMMARY MOST OVERALL SHORTED[+]######################
#########[+]SUMMARY MOST OVERALL SHORTED[+]######################
#########[+]SUMMARY MOST OVERALL SHORTED[+]######################

[+]	SMITH (DAVID S) HOLDINGS PLC
[+]	ASOS PLC
[+]	WEIR GROUP PLC/THE
[+]	DOMINO'S PIZZA GROUP PLC
[+]	BABCOCK INTL GROUP PLC
[+]	Flutter Entertainment plc
[+]	HAMMERSON PLC
[+]	METRO BANK PLC


THE SOFTWARE IS PROVIDED 'AS IS', WITHOUT WARRANTY OF ANY KIND, EXPRESS OR IMPLIED, INCLUDING BUT NOT LIMITED TO THE WARRANTIES OF MERCHANTABILITY, FITNESS FOR A PARTICULAR PURPOSE, TITLE AND NON-INFRINGEMENT. IN NO EVENT SHALL THE COPYRIGHT HOLDERS OR ANYONE DISTRIBUTING THE SOFTWARE BE LIABLE FOR ANY DAMAGES OR OTHER LIABILITY, WHETHER IN CONTRACT, TORT OR OTHERWISE, ARISING FROM, OUT OF OR IN CONNECTION WITH THE SOFTWARE OR THE USE OR OTHER DEALINGS IN THE SOFTWARE.

Dont forget to tip your server!
Bitcoin Cash (BCH)			qpz32c4lg7x7lnk9jg6qg7s4uavdce89myax5v5nuk
Ether (ETH)			0x843d3DEC2A4705BD4f45F674F641cE2D0022c9FB
Litecoin (LTC)			Lfk5y4F7KZa9oRxpazETwjQnHszEPvqPvu
Bitcoin (BTC)			14Dm7L3ABPtumPDcj3REAvs4L6w9YFRnHK
