##################################
##################################
##################################
Most Shorted Shares since [2020-06-04]
##################################
##################################
##################################

     Name of Share Issuer  Position Holder
0             EASYJET PLC                4
1           WHITBREAD PLC                4
2  BABCOCK INTL GROUP PLC                3
3      BURBERRY GROUP PLC                3
4             PEARSON PLC                3
5         PREMIER OIL PLC                3

        Name of Share Issuer  Net Short Position (%)
0            PREMIER OIL PLC                    8.74
1             HYVE GROUP PLC                    6.38
2                EASYJET PLC                    4.60
3             Royal Mail Plc                    4.07
4                DIGNITY PLC                    3.88
5                PEARSON PLC                    3.30
6   WM MORRISON SUPERMARKETS                    2.95
7              WHITBREAD PLC                    2.91
8                 CAPITA PLC                    2.83
9     BABCOCK INTL GROUP PLC                    2.57
10        BURBERRY GROUP PLC                    2.51
11         SAINSBURY (J) PLC                    2.40
12                   IQE PLC                    2.25
13            METRO BANK PLC                    2.09
14                HISCOX LTD                    2.02
15  HOWDEN JOINERY GROUP PLC                    1.94
16   CRODA INTERNATIONAL PLC                    1.70
17                    AA PLC                    1.69
18        UDG HEALTHCARE PLC                    1.62
19       GREENCORE GROUP PLC                    1.56

#########[+]SUMMARY MOST OVERALL SHORTED[+]######################
#########[+]SUMMARY MOST OVERALL SHORTED[+]######################
#########[+]SUMMARY MOST OVERALL SHORTED[+]######################

[+]	PREMIER OIL PLC
[+]	EASYJET PLC
[+]	WHITBREAD PLC
[+]	PEARSON PLC
[+]	BURBERRY GROUP PLC
[+]	BABCOCK INTL GROUP PLC


THE SOFTWARE IS PROVIDED 'AS IS', WITHOUT WARRANTY OF ANY KIND, EXPRESS OR IMPLIED, INCLUDING BUT NOT LIMITED TO THE WARRANTIES OF MERCHANTABILITY, FITNESS FOR A PARTICULAR PURPOSE, TITLE AND NON-INFRINGEMENT. IN NO EVENT SHALL THE COPYRIGHT HOLDERS OR ANYONE DISTRIBUTING THE SOFTWARE BE LIABLE FOR ANY DAMAGES OR OTHER LIABILITY, WHETHER IN CONTRACT, TORT OR OTHERWISE, ARISING FROM, OUT OF OR IN CONNECTION WITH THE SOFTWARE OR THE USE OR OTHER DEALINGS IN THE SOFTWARE.

Dont forget to tip your server!
Bitcoin Cash (BCH)			qpz32c4lg7x7lnk9jg6qg7s4uavdce89myax5v5nuk
Ether (ETH)			0x843d3DEC2A4705BD4f45F674F641cE2D0022c9FB
Litecoin (LTC)			Lfk5y4F7KZa9oRxpazETwjQnHszEPvqPvu
Bitcoin (BTC)			14Dm7L3ABPtumPDcj3REAvs4L6w9YFRnHK
