##################################
##################################
##################################
Most Shorted Shares since [2020-08-25]
##################################
##################################
##################################

  Name of Share Issuer  Position Holder
0    SAINSBURY (J) PLC                3

                  Name of Share Issuer  Net Short Position (%)
0                    SAINSBURY (J) PLC                    4.83
1    INTERCONTINENTAL HOTELS GROUP PLC                    2.40
2                              IQE PLC                    2.29
3                        MARSTON'S PLC                    2.03
4   NETWORK INTERNATIONAL HOLDINGS PLC                    1.94
5                           CAPITA PLC                    1.64
6                        CRANEWARE PLC                    1.51
7                       METRO BANK PLC                    1.48
8                      CINEWORLD GROUP                    1.46
9             WM MORRISON SUPERMARKETS                    1.38
10                        PETROFAC LTD                    1.23
11                              TUI AG                    1.19
12                BLUE PRISM GROUP PLC                    1.16
13                          ROTORK PLC                    1.11
14            ROLLS-ROYCE HOLDINGS PLC                    1.04
15             HARGREAVES LANSDOWN PLC                    1.03
16          TalkTalk Telecom Group PLC                    1.03
17                RESTAURANT GROUP PLC                    0.93
18              Arrow Global Group plc                    0.90
19            DOMINO'S PIZZA GROUP PLC                    0.90

#########[+]SUMMARY MOST OVERALL SHORTED[+]######################
#########[+]SUMMARY MOST OVERALL SHORTED[+]######################
#########[+]SUMMARY MOST OVERALL SHORTED[+]######################

[+]	SAINSBURY (J) PLC


THE SOFTWARE IS PROVIDED 'AS IS', WITHOUT WARRANTY OF ANY KIND, EXPRESS OR IMPLIED, INCLUDING BUT NOT LIMITED TO THE WARRANTIES OF MERCHANTABILITY, FITNESS FOR A PARTICULAR PURPOSE, TITLE AND NON-INFRINGEMENT. IN NO EVENT SHALL THE COPYRIGHT HOLDERS OR ANYONE DISTRIBUTING THE SOFTWARE BE LIABLE FOR ANY DAMAGES OR OTHER LIABILITY, WHETHER IN CONTRACT, TORT OR OTHERWISE, ARISING FROM, OUT OF OR IN CONNECTION WITH THE SOFTWARE OR THE USE OR OTHER DEALINGS IN THE SOFTWARE.

Dont forget to tip your server!
Bitcoin Cash (BCH)			qpz32c4lg7x7lnk9jg6qg7s4uavdce89myax5v5nuk
Ether (ETH)			0x843d3DEC2A4705BD4f45F674F641cE2D0022c9FB
Litecoin (LTC)			Lfk5y4F7KZa9oRxpazETwjQnHszEPvqPvu
Bitcoin (BTC)			14Dm7L3ABPtumPDcj3REAvs4L6w9YFRnHK
