##################################
##################################
##################################
Most Shorted Shares since [2020-04-30]
##################################
##################################
##################################

     Name of Share Issuer  Position Holder
0          TULLOW OIL PLC                4
1  BABCOCK INTL GROUP PLC                3
2           HAMMERSON PLC                3

                        Name of Share Issuer  Net Short Position (%)
0                              HAMMERSON PLC                    6.78
1                             TULLOW OIL PLC                    5.22
2                          PETROPAVLOVSK PLC                    5.11
3                                PEARSON PLC                    3.68
4                               INCHCAPE PLC                    2.93
5                                EASYJET PLC                    2.72
6                     BABCOCK INTL GROUP PLC                    2.54
7                          SAINSBURY (J) PLC                    2.34
8                  Flutter Entertainment plc                    2.31
9                   HOWDEN JOINERY GROUP PLC                    2.18
10                                CAPITA PLC                    2.17
11                   CRODA INTERNATIONAL PLC                    1.96
12                         NEWRIVER REIT PLC                    1.80
13                        BURBERRY GROUP PLC                    1.71
14                 MICRO FOCUS INTERNATIONAL                    1.66
15  Aston Martin Lagonda Global Holdings Plc                    1.65
16                      BLUE PRISM GROUP PLC                    1.60
17              SMITH (DAVID S) HOLDINGS PLC                    1.49
18                             WHITBREAD PLC                    1.40
19                            METRO BANK PLC                    1.36

#########[+]SUMMARY MOST OVERALL SHORTED[+]######################
#########[+]SUMMARY MOST OVERALL SHORTED[+]######################
#########[+]SUMMARY MOST OVERALL SHORTED[+]######################

[+]	HAMMERSON PLC
[+]	TULLOW OIL PLC
[+]	BABCOCK INTL GROUP PLC


THE SOFTWARE IS PROVIDED 'AS IS', WITHOUT WARRANTY OF ANY KIND, EXPRESS OR IMPLIED, INCLUDING BUT NOT LIMITED TO THE WARRANTIES OF MERCHANTABILITY, FITNESS FOR A PARTICULAR PURPOSE, TITLE AND NON-INFRINGEMENT. IN NO EVENT SHALL THE COPYRIGHT HOLDERS OR ANYONE DISTRIBUTING THE SOFTWARE BE LIABLE FOR ANY DAMAGES OR OTHER LIABILITY, WHETHER IN CONTRACT, TORT OR OTHERWISE, ARISING FROM, OUT OF OR IN CONNECTION WITH THE SOFTWARE OR THE USE OR OTHER DEALINGS IN THE SOFTWARE.

Dont forget to tip your server!
Bitcoin Cash (BCH)			qpz32c4lg7x7lnk9jg6qg7s4uavdce89myax5v5nuk
Ether (ETH)			0x843d3DEC2A4705BD4f45F674F641cE2D0022c9FB
Litecoin (LTC)			Lfk5y4F7KZa9oRxpazETwjQnHszEPvqPvu
Bitcoin (BTC)			14Dm7L3ABPtumPDcj3REAvs4L6w9YFRnHK
