##################################
##################################
##################################
Most Shorted Shares since [2020-07-27]
##################################
##################################
##################################

           Name of Share Issuer  Position Holder
0               CINEWORLD GROUP                4
1             SAINSBURY (J) PLC                3
2  SMITH (DAVID S) HOLDINGS PLC                3
3         WOOD GROUP (JOHN) PLC                3

                  Name of Share Issuer  Net Short Position (%)
0                    PETROPAVLOVSK PLC                    5.50
1                       METRO BANK PLC                    3.61
2                          DIGNITY PLC                    3.31
3                      CINEWORLD GROUP                    3.18
4                    SAINSBURY (J) PLC                    2.20
5                           FUTURE PLC                    2.16
6                           HISCOX LTD                    1.89
7         SMITH (DAVID S) HOLDINGS PLC                    1.85
8                   WEIR GROUP PLC/THE                    1.82
9                WOOD GROUP (JOHN) PLC                    1.78
10                       A.G. Barr PLC                    1.73
11                          CAPITA PLC                    1.73
12            DOMINO'S PIZZA GROUP PLC                    1.71
13      B&M EUROPEAN VALUE RETAIL S.A.                    1.53
14            ROLLS-ROYCE HOLDINGS PLC                    1.42
15             CRODA INTERNATIONAL PLC                    1.41
16  NETWORK INTERNATIONAL HOLDINGS PLC                    1.30
17                        PETROFAC LTD                    1.30
18               VITEC GROUP PLC (THE)                    1.30
19             Burford Capital Limited                    1.18

#########[+]SUMMARY MOST OVERALL SHORTED[+]######################
#########[+]SUMMARY MOST OVERALL SHORTED[+]######################
#########[+]SUMMARY MOST OVERALL SHORTED[+]######################

[+]	SMITH (DAVID S) HOLDINGS PLC
[+]	CINEWORLD GROUP
[+]	SAINSBURY (J) PLC
[+]	WOOD GROUP (JOHN) PLC


THE SOFTWARE IS PROVIDED 'AS IS', WITHOUT WARRANTY OF ANY KIND, EXPRESS OR IMPLIED, INCLUDING BUT NOT LIMITED TO THE WARRANTIES OF MERCHANTABILITY, FITNESS FOR A PARTICULAR PURPOSE, TITLE AND NON-INFRINGEMENT. IN NO EVENT SHALL THE COPYRIGHT HOLDERS OR ANYONE DISTRIBUTING THE SOFTWARE BE LIABLE FOR ANY DAMAGES OR OTHER LIABILITY, WHETHER IN CONTRACT, TORT OR OTHERWISE, ARISING FROM, OUT OF OR IN CONNECTION WITH THE SOFTWARE OR THE USE OR OTHER DEALINGS IN THE SOFTWARE.

Dont forget to tip your server!
Bitcoin Cash (BCH)			qpz32c4lg7x7lnk9jg6qg7s4uavdce89myax5v5nuk
Ether (ETH)			0x843d3DEC2A4705BD4f45F674F641cE2D0022c9FB
Litecoin (LTC)			Lfk5y4F7KZa9oRxpazETwjQnHszEPvqPvu
Bitcoin (BTC)			14Dm7L3ABPtumPDcj3REAvs4L6w9YFRnHK
