##################################
##################################
##################################
Most Shorted Shares since [2020-05-27]
##################################
##################################
##################################

     Name of Share Issuer  Position Holder
0             PEARSON PLC                5
1           ASCENTIAL PLC                3
2  BABCOCK INTL GROUP PLC                3
3      BURBERRY GROUP PLC                3
4             EASYJET PLC                3
5           HAMMERSON PLC                3
6          Royal Mail Plc                3
7          TULLOW OIL PLC                3
8     VIRGIN MONEY UK PLC                3
9           WHITBREAD PLC                3

                        Name of Share Issuer  Net Short Position (%)
0                                EASYJET PLC                    4.91
1                                PEARSON PLC                    4.77
2                             Royal Mail Plc                    4.74
3                     BABCOCK INTL GROUP PLC                    4.02
4                             HYVE GROUP PLC                    3.35
5                              ASCENTIAL PLC                    3.23
6                        VIRGIN MONEY UK PLC                    3.22
7                          SAINSBURY (J) PLC                    2.76
8                         BURBERRY GROUP PLC                    2.68
9                              HAMMERSON PLC                    2.49
10                                CAPITA PLC                    2.47
11                                FUTURE PLC                    2.37
12  Aston Martin Lagonda Global Holdings Plc                    2.26
13                            TULLOW OIL PLC                    2.22
14                  WM MORRISON SUPERMARKETS                    1.99
15                        WEIR GROUP PLC/THE                    1.95
16                             WHITBREAD PLC                    1.95
17                                HISCOX LTD                    1.93
18                 MICRO FOCUS INTERNATIONAL                    1.63
19                       GREENCORE GROUP PLC                    1.52

#########[+]SUMMARY MOST OVERALL SHORTED[+]######################
#########[+]SUMMARY MOST OVERALL SHORTED[+]######################
#########[+]SUMMARY MOST OVERALL SHORTED[+]######################

[+]	TULLOW OIL PLC
[+]	Royal Mail Plc
[+]	WHITBREAD PLC
[+]	PEARSON PLC
[+]	EASYJET PLC
[+]	HAMMERSON PLC
[+]	BABCOCK INTL GROUP PLC
[+]	BURBERRY GROUP PLC
[+]	ASCENTIAL PLC
[+]	VIRGIN MONEY UK PLC


THE SOFTWARE IS PROVIDED 'AS IS', WITHOUT WARRANTY OF ANY KIND, EXPRESS OR IMPLIED, INCLUDING BUT NOT LIMITED TO THE WARRANTIES OF MERCHANTABILITY, FITNESS FOR A PARTICULAR PURPOSE, TITLE AND NON-INFRINGEMENT. IN NO EVENT SHALL THE COPYRIGHT HOLDERS OR ANYONE DISTRIBUTING THE SOFTWARE BE LIABLE FOR ANY DAMAGES OR OTHER LIABILITY, WHETHER IN CONTRACT, TORT OR OTHERWISE, ARISING FROM, OUT OF OR IN CONNECTION WITH THE SOFTWARE OR THE USE OR OTHER DEALINGS IN THE SOFTWARE.

Dont forget to tip your server!
Bitcoin Cash (BCH)			qpz32c4lg7x7lnk9jg6qg7s4uavdce89myax5v5nuk
Ether (ETH)			0x843d3DEC2A4705BD4f45F674F641cE2D0022c9FB
Litecoin (LTC)			Lfk5y4F7KZa9oRxpazETwjQnHszEPvqPvu
Bitcoin (BTC)			14Dm7L3ABPtumPDcj3REAvs4L6w9YFRnHK
