##################################
##################################
##################################
Most Shorted Shares since [2020-04-29]
##################################
##################################
##################################

        Name of Share Issuer  Position Holder
0          SAINSBURY (J) PLC                4
1             TULLOW OIL PLC                4
2     BABCOCK INTL GROUP PLC                3
3                 CAPITA PLC                3
4              HAMMERSON PLC                3
5  MICRO FOCUS INTERNATIONAL                3
6             Royal Mail Plc                3

                 Name of Share Issuer  Net Short Position (%)
0                       HAMMERSON PLC                    6.78
1                      TULLOW OIL PLC                    5.22
2                   PETROPAVLOVSK PLC                    5.11
3                   SAINSBURY (J) PLC                    4.80
4                          CAPITA PLC                    4.77
5                         PEARSON PLC                    3.68
6                      Royal Mail Plc                    3.54
7           MICRO FOCUS INTERNATIONAL                    2.97
8                        INCHCAPE PLC                    2.93
9                         EASYJET PLC                    2.72
10             BABCOCK INTL GROUP PLC                    2.54
11          Flutter Entertainment plc                    2.31
12                            IQE PLC                    2.28
13                             TUI AG                    2.22
14           HOWDEN JOINERY GROUP PLC                    2.18
15            CRODA INTERNATIONAL PLC                    1.96
16  INTERCONTINENTAL HOTELS GROUP PLC                    1.90
17                        DIGNITY PLC                    1.88
18                  NEWRIVER REIT PLC                    1.80
19                 BURBERRY GROUP PLC                    1.71

#########[+]SUMMARY MOST OVERALL SHORTED[+]######################
#########[+]SUMMARY MOST OVERALL SHORTED[+]######################
#########[+]SUMMARY MOST OVERALL SHORTED[+]######################

[+]	Royal Mail Plc
[+]	SAINSBURY (J) PLC
[+]	CAPITA PLC
[+]	BABCOCK INTL GROUP PLC
[+]	TULLOW OIL PLC
[+]	HAMMERSON PLC
[+]	MICRO FOCUS INTERNATIONAL


THE SOFTWARE IS PROVIDED 'AS IS', WITHOUT WARRANTY OF ANY KIND, EXPRESS OR IMPLIED, INCLUDING BUT NOT LIMITED TO THE WARRANTIES OF MERCHANTABILITY, FITNESS FOR A PARTICULAR PURPOSE, TITLE AND NON-INFRINGEMENT. IN NO EVENT SHALL THE COPYRIGHT HOLDERS OR ANYONE DISTRIBUTING THE SOFTWARE BE LIABLE FOR ANY DAMAGES OR OTHER LIABILITY, WHETHER IN CONTRACT, TORT OR OTHERWISE, ARISING FROM, OUT OF OR IN CONNECTION WITH THE SOFTWARE OR THE USE OR OTHER DEALINGS IN THE SOFTWARE.

Dont forget to tip your server!
Bitcoin Cash (BCH)			qpz32c4lg7x7lnk9jg6qg7s4uavdce89myax5v5nuk
Ether (ETH)			0x843d3DEC2A4705BD4f45F674F641cE2D0022c9FB
Litecoin (LTC)			Lfk5y4F7KZa9oRxpazETwjQnHszEPvqPvu
Bitcoin (BTC)			14Dm7L3ABPtumPDcj3REAvs4L6w9YFRnHK
