##################################
##################################
##################################
Most Shorted Shares since [2019-12-13]
##################################
##################################
##################################

           Name of Share Issuer  Position Holder
0               CINEWORLD GROUP                4
1                NMC HEALTH PLC                4
2         WOOD GROUP (JOHN) PLC                4
3                    CAPITA PLC                3
4      DOMINO'S PIZZA GROUP PLC                3
5              DUNELM GROUP PLC                3
6                   EASYJET PLC                3
7                 HAMMERSON PLC                3
8   JUPITER FUND MANAGEMENT PLC                3
9                KINGFISHER PLC                3
10                  PEARSON PLC                3
11                 PETROFAC LTD                3
12               Royal Mail Plc                3
13                    TED BAKER                3
14                  VICTREX PLC                3
15     WM MORRISON SUPERMARKETS                3

           Name of Share Issuer  Net Short Position (%)
0               CINEWORLD GROUP                    7.34
1                       SIG PLC                    5.43
2         WOOD GROUP (JOHN) PLC                    4.76
3                NMC HEALTH PLC                    4.42
4                   EASYJET PLC                    4.09
5                METRO BANK PLC                    4.00
6      DOMINO'S PIZZA GROUP PLC                    3.42
7                    CAPITA PLC                    3.40
8                 HAMMERSON PLC                    3.37
9                   VICTREX PLC                    3.19
10              MITIE GROUP PLC                    3.06
11     WM MORRISON SUPERMARKETS                    3.03
12                 PETROFAC LTD                    3.02
13                  PEARSON PLC                    3.00
14               KINGFISHER PLC                    2.83
15                Motif Bio PLC                    2.70
16                  BEAZLEY PLC                    2.62
17                       AA PLC                    2.60
18    Flutter Entertainment plc                    2.48
19  JUPITER FUND MANAGEMENT PLC                    2.47

#########[+]SUMMARY MOST OVERALL SHORTED[+]######################
#########[+]SUMMARY MOST OVERALL SHORTED[+]######################
#########[+]SUMMARY MOST OVERALL SHORTED[+]######################

[+]	PETROFAC LTD
[+]	CINEWORLD GROUP
[+]	CAPITA PLC
[+]	EASYJET PLC
[+]	NMC HEALTH PLC
[+]	WOOD GROUP (JOHN) PLC
[+]	HAMMERSON PLC
[+]	VICTREX PLC
[+]	DOMINO'S PIZZA GROUP PLC
[+]	KINGFISHER PLC
[+]	PEARSON PLC
[+]	JUPITER FUND MANAGEMENT PLC
[+]	WM MORRISON SUPERMARKETS


THE SOFTWARE IS PROVIDED 'AS IS', WITHOUT WARRANTY OF ANY KIND, EXPRESS OR IMPLIED, INCLUDING BUT NOT LIMITED TO THE WARRANTIES OF MERCHANTABILITY, FITNESS FOR A PARTICULAR PURPOSE, TITLE AND NON-INFRINGEMENT. IN NO EVENT SHALL THE COPYRIGHT HOLDERS OR ANYONE DISTRIBUTING THE SOFTWARE BE LIABLE FOR ANY DAMAGES OR OTHER LIABILITY, WHETHER IN CONTRACT, TORT OR OTHERWISE, ARISING FROM, OUT OF OR IN CONNECTION WITH THE SOFTWARE OR THE USE OR OTHER DEALINGS IN THE SOFTWARE.

Dont forget to tip your server!
Bitcoin Cash (BCH)			qpz32c4lg7x7lnk9jg6qg7s4uavdce89myax5v5nuk
Ether (ETH)			0x843d3DEC2A4705BD4f45F674F641cE2D0022c9FB
Litecoin (LTC)			Lfk5y4F7KZa9oRxpazETwjQnHszEPvqPvu
Bitcoin (BTC)			14Dm7L3ABPtumPDcj3REAvs4L6w9YFRnHK
