##################################
##################################
##################################
Most Shorted Shares since [2020-06-02]
##################################
##################################
##################################

     Name of Share Issuer  Position Holder
0           WHITBREAD PLC                5
1             EASYJET PLC                4
2  BABCOCK INTL GROUP PLC                3
3             PEARSON PLC                3

                        Name of Share Issuer  Net Short Position (%)
0                             HYVE GROUP PLC                    6.32
1                                EASYJET PLC                    5.02
2                             Royal Mail Plc                    4.07
3                              WHITBREAD PLC                    3.73
4                                PEARSON PLC                    3.48
5                     BABCOCK INTL GROUP PLC                    3.26
6                   WM MORRISON SUPERMARKETS                    2.95
7                                 HISCOX LTD                    2.52
8                              ASCENTIAL PLC                    2.49
9                              A.G. Barr PLC                    2.40
10                                CAPITA PLC                    2.37
11                         SAINSBURY (J) PLC                    2.05
12                  HOWDEN JOINERY GROUP PLC                    1.94
13  Aston Martin Lagonda Global Holdings Plc                    1.75
14                   CRODA INTERNATIONAL PLC                    1.71
15                               DIGNITY PLC                    1.51
16                 MICRO FOCUS INTERNATIONAL                    1.42
17                            METRO BANK PLC                    1.39
18                    Arrow Global Group plc                    1.34
19                               BEAZLEY PLC                    1.22

#########[+]SUMMARY MOST OVERALL SHORTED[+]######################
#########[+]SUMMARY MOST OVERALL SHORTED[+]######################
#########[+]SUMMARY MOST OVERALL SHORTED[+]######################

[+]	EASYJET PLC
[+]	PEARSON PLC
[+]	BABCOCK INTL GROUP PLC
[+]	WHITBREAD PLC


THE SOFTWARE IS PROVIDED 'AS IS', WITHOUT WARRANTY OF ANY KIND, EXPRESS OR IMPLIED, INCLUDING BUT NOT LIMITED TO THE WARRANTIES OF MERCHANTABILITY, FITNESS FOR A PARTICULAR PURPOSE, TITLE AND NON-INFRINGEMENT. IN NO EVENT SHALL THE COPYRIGHT HOLDERS OR ANYONE DISTRIBUTING THE SOFTWARE BE LIABLE FOR ANY DAMAGES OR OTHER LIABILITY, WHETHER IN CONTRACT, TORT OR OTHERWISE, ARISING FROM, OUT OF OR IN CONNECTION WITH THE SOFTWARE OR THE USE OR OTHER DEALINGS IN THE SOFTWARE.

Dont forget to tip your server!
Bitcoin Cash (BCH)			qpz32c4lg7x7lnk9jg6qg7s4uavdce89myax5v5nuk
Ether (ETH)			0x843d3DEC2A4705BD4f45F674F641cE2D0022c9FB
Litecoin (LTC)			Lfk5y4F7KZa9oRxpazETwjQnHszEPvqPvu
Bitcoin (BTC)			14Dm7L3ABPtumPDcj3REAvs4L6w9YFRnHK
