##################################
##################################
##################################
Most Shorted Shares since [2020-02-05]
##################################
##################################
##################################

                        Name of Share Issuer  Position Holder
0                     BABCOCK INTL GROUP PLC                7
1                             TULLOW OIL PLC                6
2                         WEIR GROUP PLC/THE                6
3                      WOOD GROUP (JOHN) PLC                6
4                  Flutter Entertainment plc                5
5                              HAMMERSON PLC                5
6                                PEARSON PLC                5
7   Aston Martin Lagonda Global Holdings Plc                4
8                            CINEWORLD GROUP                4
9                                EASYJET PLC                4
10                         Galliford Try plc                4
11                       JOHNSON MATTHEY PLC                4
12                            Kier Group plc                4
13                            METRO BANK PLC                4
14                            Royal Mail Plc                4
15                   CRODA INTERNATIONAL PLC                3
16                        EQUINITI GROUP PLC                3
17                              INCHCAPE PLC                3
18                       INTU PROPERTIES PLC                3
19                      KEYWORDS STUDIOS PLC                3

                        Name of Share Issuer  Net Short Position (%)
0                     BABCOCK INTL GROUP PLC                    8.11
1                             METRO BANK PLC                    7.53
2                            CINEWORLD GROUP                    7.41
3                              HAMMERSON PLC                    7.12
4                                PEARSON PLC                    6.43
5                             TULLOW OIL PLC                    6.03
6                         WEIR GROUP PLC/THE                    5.84
7                      WOOD GROUP (JOHN) PLC                    5.71
8                                    SIG PLC                    5.13
9                             Royal Mail Plc                    4.67
10                 Flutter Entertainment plc                    4.43
11                               EASYJET PLC                    4.40
12                            Kier Group plc                    3.85
13                               VICTREX PLC                    3.70
14                            KINGFISHER PLC                    3.53
15  Aston Martin Lagonda Global Holdings Plc                    3.45
16                        Go-Ahead Group PLC                    3.35
17                   CRODA INTERNATIONAL PLC                    3.06
18                              INCHCAPE PLC                    2.99
19              SMITH (DAVID S) HOLDINGS PLC                    2.94

#########[+]SUMMARY MOST OVERALL SHORTED[+]######################
#########[+]SUMMARY MOST OVERALL SHORTED[+]######################
#########[+]SUMMARY MOST OVERALL SHORTED[+]######################

[+]	Kier Group plc
[+]	INCHCAPE PLC
[+]	Flutter Entertainment plc
[+]	TULLOW OIL PLC
[+]	HAMMERSON PLC
[+]	WEIR GROUP PLC/THE
[+]	EASYJET PLC
[+]	Royal Mail Plc
[+]	Aston Martin Lagonda Global Holdings Plc
[+]	PEARSON PLC
[+]	WOOD GROUP (JOHN) PLC
[+]	METRO BANK PLC
[+]	BABCOCK INTL GROUP PLC
[+]	CINEWORLD GROUP
[+]	CRODA INTERNATIONAL PLC


THE SOFTWARE IS PROVIDED 'AS IS', WITHOUT WARRANTY OF ANY KIND, EXPRESS OR IMPLIED, INCLUDING BUT NOT LIMITED TO THE WARRANTIES OF MERCHANTABILITY, FITNESS FOR A PARTICULAR PURPOSE, TITLE AND NON-INFRINGEMENT. IN NO EVENT SHALL THE COPYRIGHT HOLDERS OR ANYONE DISTRIBUTING THE SOFTWARE BE LIABLE FOR ANY DAMAGES OR OTHER LIABILITY, WHETHER IN CONTRACT, TORT OR OTHERWISE, ARISING FROM, OUT OF OR IN CONNECTION WITH THE SOFTWARE OR THE USE OR OTHER DEALINGS IN THE SOFTWARE.

Dont forget to tip your server!
Bitcoin Cash (BCH)			qpz32c4lg7x7lnk9jg6qg7s4uavdce89myax5v5nuk
Ether (ETH)			0x843d3DEC2A4705BD4f45F674F641cE2D0022c9FB
Litecoin (LTC)			Lfk5y4F7KZa9oRxpazETwjQnHszEPvqPvu
Bitcoin (BTC)			14Dm7L3ABPtumPDcj3REAvs4L6w9YFRnHK
