##################################
##################################
##################################
Most Shorted Shares since [2020-05-13]
##################################
##################################
##################################

      Name of Share Issuer  Position Holder
0               CAPITA PLC                3
1  HARGREAVES LANSDOWN PLC                3
2     KEYWORDS STUDIOS PLC                3
3           Royal Mail Plc                3
4        SAINSBURY (J) PLC                3
5       WEIR GROUP PLC/THE                3

                        Name of Share Issuer  Net Short Position (%)
0                             Royal Mail Plc                    4.40
1                                 CAPITA PLC                    4.09
2                   WM MORRISON SUPERMARKETS                    3.37
3                  MICRO FOCUS INTERNATIONAL                    2.88
4                             METRO BANK PLC                    2.75
5                                     AA PLC                    2.62
6                         WEIR GROUP PLC/THE                    2.56
7                       KEYWORDS STUDIOS PLC                    2.48
8   Aston Martin Lagonda Global Holdings Plc                    2.45
9                                EASYJET PLC                    2.39
10                             MARSTON'S PLC                    2.35
11                             A.G. Barr PLC                    2.29
12                   HARGREAVES LANSDOWN PLC                    2.29
13                         SAINSBURY (J) PLC                    1.94
14                               AGGREKO PLC                    1.91
15                   CRODA INTERNATIONAL PLC                    1.91
16                         NEWRIVER REIT PLC                    1.85
17                                    TUI AG                    1.82
18                             HAMMERSON PLC                    1.77
19                               DIGNITY PLC                    1.67

#########[+]SUMMARY MOST OVERALL SHORTED[+]######################
#########[+]SUMMARY MOST OVERALL SHORTED[+]######################
#########[+]SUMMARY MOST OVERALL SHORTED[+]######################

[+]	CAPITA PLC
[+]	KEYWORDS STUDIOS PLC
[+]	SAINSBURY (J) PLC
[+]	WEIR GROUP PLC/THE
[+]	Royal Mail Plc
[+]	HARGREAVES LANSDOWN PLC


THE SOFTWARE IS PROVIDED 'AS IS', WITHOUT WARRANTY OF ANY KIND, EXPRESS OR IMPLIED, INCLUDING BUT NOT LIMITED TO THE WARRANTIES OF MERCHANTABILITY, FITNESS FOR A PARTICULAR PURPOSE, TITLE AND NON-INFRINGEMENT. IN NO EVENT SHALL THE COPYRIGHT HOLDERS OR ANYONE DISTRIBUTING THE SOFTWARE BE LIABLE FOR ANY DAMAGES OR OTHER LIABILITY, WHETHER IN CONTRACT, TORT OR OTHERWISE, ARISING FROM, OUT OF OR IN CONNECTION WITH THE SOFTWARE OR THE USE OR OTHER DEALINGS IN THE SOFTWARE.

Dont forget to tip your server!
Bitcoin Cash (BCH)			qpz32c4lg7x7lnk9jg6qg7s4uavdce89myax5v5nuk
Ether (ETH)			0x843d3DEC2A4705BD4f45F674F641cE2D0022c9FB
Litecoin (LTC)			Lfk5y4F7KZa9oRxpazETwjQnHszEPvqPvu
Bitcoin (BTC)			14Dm7L3ABPtumPDcj3REAvs4L6w9YFRnHK
