##################################
##################################
##################################
Most Shorted Shares since [2020-07-15]
##################################
##################################
##################################

   Name of Share Issuer  Position Holder
0  BLUE PRISM GROUP PLC                3
1    WEIR GROUP PLC/THE                3

           Name of Share Issuer  Net Short Position (%)
0                   PEARSON PLC                    3.76
1            WEIR GROUP PLC/THE                    2.81
2          BLUE PRISM GROUP PLC                    2.44
3                METRO BANK PLC                    2.23
4                  PETROFAC LTD                    2.22
5                 A.G. Barr PLC                    2.19
6                TULLOW OIL PLC                    1.79
7                    FUTURE PLC                    1.44
8                 HAMMERSON PLC                    1.40
9               MITIE GROUP PLC                    1.38
10             GVC Holdings Plc                    1.36
11                 INCHCAPE PLC                    1.35
12            SAINSBURY (J) PLC                    1.32
13                       TUI AG                    1.29
14  GULF KEYSTONE PETROLEUM LTD                    1.27
15        VITEC GROUP PLC (THE)                    1.14
16                CRANEWARE PLC                    1.11
17                   ROTORK PLC                    1.11
18               KINGFISHER PLC                    1.09
19         RESTAURANT GROUP PLC                    1.07

#########[+]SUMMARY MOST OVERALL SHORTED[+]######################
#########[+]SUMMARY MOST OVERALL SHORTED[+]######################
#########[+]SUMMARY MOST OVERALL SHORTED[+]######################

[+]	WEIR GROUP PLC/THE
[+]	BLUE PRISM GROUP PLC


THE SOFTWARE IS PROVIDED 'AS IS', WITHOUT WARRANTY OF ANY KIND, EXPRESS OR IMPLIED, INCLUDING BUT NOT LIMITED TO THE WARRANTIES OF MERCHANTABILITY, FITNESS FOR A PARTICULAR PURPOSE, TITLE AND NON-INFRINGEMENT. IN NO EVENT SHALL THE COPYRIGHT HOLDERS OR ANYONE DISTRIBUTING THE SOFTWARE BE LIABLE FOR ANY DAMAGES OR OTHER LIABILITY, WHETHER IN CONTRACT, TORT OR OTHERWISE, ARISING FROM, OUT OF OR IN CONNECTION WITH THE SOFTWARE OR THE USE OR OTHER DEALINGS IN THE SOFTWARE.

Dont forget to tip your server!
Bitcoin Cash (BCH)			qpz32c4lg7x7lnk9jg6qg7s4uavdce89myax5v5nuk
Ether (ETH)			0x843d3DEC2A4705BD4f45F674F641cE2D0022c9FB
Litecoin (LTC)			Lfk5y4F7KZa9oRxpazETwjQnHszEPvqPvu
Bitcoin (BTC)			14Dm7L3ABPtumPDcj3REAvs4L6w9YFRnHK
