##################################
##################################
##################################
Most Shorted Shares since [2019-07-15]
##################################
##################################
##################################

             Name of Share Issuer  Position Holder
0                  Kier Group plc                5
1               NEWRIVER REIT PLC                5
2                      CAPITA PLC                4
3                 CINEWORLD GROUP                4
4                   HAMMERSON PLC                4
5     JUPITER FUND MANAGEMENT PLC                4
6                  METRO BANK PLC                4
7                       MONDI PLC                4
8                     PLUS500 LTD                4
9                SEVERN TRENT PLC                4
10            SIRIUS MINERALS PLC                4
11                       ASOS PLC                3
12          AUTO TRADER GROUP PLC                3
13         BABCOCK INTL GROUP PLC                3
14  CAPITAL & COUNTIES PROPERTIES                3
15                    DIGNITY PLC                3
16            DIXONS CARPHONE PLC                3
17                    EASYJET PLC                3
18            GREENCORE GROUP PLC                3
19                  RIGHTMOVE PLC                3

            Name of Share Issuer  Net Short Position (%)
0                 Kier Group plc                   11.39
1          THOMAS COOK GROUP PLC                    7.27
2            GREENCORE GROUP PLC                    6.56
3                 METRO BANK PLC                    6.15
4                    PLUS500 LTD                    5.55
5                        IQE PLC                    4.33
6             ANGLO AMERICAN PLC                    4.06
7    JUPITER FUND MANAGEMENT PLC                    3.95
8              NEWRIVER REIT PLC                    3.70
9                PREMIER OIL PLC                    3.43
10                   EASYJET PLC                    3.31
11                   PEARSON PLC                    3.30
12               CINEWORLD GROUP                    3.26
13                 HAMMERSON PLC                    3.22
14                 Marston's plc                    3.18
15                    CAPITA PLC                    3.17
16              SEVERN TRENT PLC                    2.97
17           SIRIUS MINERALS PLC                    2.82
18            Go-Ahead Group PLC                    2.82
19  ACCESSO TECHNOLOGY GROUP PLC                    2.80

#########[+]SUMMARY MOST OVERALL SHORTED[+]######################
#########[+]SUMMARY MOST OVERALL SHORTED[+]######################
#########[+]SUMMARY MOST OVERALL SHORTED[+]######################

[+]	METRO BANK PLC
[+]	CAPITA PLC
[+]	PLUS500 LTD
[+]	Kier Group plc
[+]	GREENCORE GROUP PLC
[+]	JUPITER FUND MANAGEMENT PLC
[+]	NEWRIVER REIT PLC
[+]	EASYJET PLC
[+]	CINEWORLD GROUP
[+]	HAMMERSON PLC
[+]	SEVERN TRENT PLC
[+]	SIRIUS MINERALS PLC


THE SOFTWARE IS PROVIDED 'AS IS', WITHOUT WARRANTY OF ANY KIND, EXPRESS OR IMPLIED, INCLUDING BUT NOT LIMITED TO THE WARRANTIES OF MERCHANTABILITY, FITNESS FOR A PARTICULAR PURPOSE, TITLE AND NON-INFRINGEMENT. IN NO EVENT SHALL THE COPYRIGHT HOLDERS OR ANYONE DISTRIBUTING THE SOFTWARE BE LIABLE FOR ANY DAMAGES OR OTHER LIABILITY, WHETHER IN CONTRACT, TORT OR OTHERWISE, ARISING FROM, OUT OF OR IN CONNECTION WITH THE SOFTWARE OR THE USE OR OTHER DEALINGS IN THE SOFTWARE.

Dont forget to tip your server!
Bitcoin Cash (BCH)			qpz32c4lg7x7lnk9jg6qg7s4uavdce89myax5v5nuk
Ether (ETH)			0x843d3DEC2A4705BD4f45F674F641cE2D0022c9FB
Litecoin (LTC)			Lfk5y4F7KZa9oRxpazETwjQnHszEPvqPvu
Bitcoin (BTC)			14Dm7L3ABPtumPDcj3REAvs4L6w9YFRnHK
