##################################
##################################
##################################
Most Shorted Shares since [2019-06-21]
##################################
##################################
##################################

            Name of Share Issuer  Position Holder
0          WOOD GROUP (JOHN) PLC                6
1   SMITH (DAVID S) HOLDINGS PLC                5
2          THOMAS COOK GROUP PLC                5
3                       ASOS PLC                4
4                    EASYJET PLC                4
5            GREENCORE GROUP PLC                4
6                 Kier Group plc                4
7                   PETROFAC LTD                4
8             ANGLO AMERICAN PLC                3
9         BABCOCK INTL GROUP PLC                3
10                    CAPITA PLC                3
11           INTU PROPERTIES PLC                3
12   JUPITER FUND MANAGEMENT PLC                3
13                  JUST EAT PLC                3
14                KINGFISHER PLC                3
15                METRO BANK PLC                3
16                   PLUS500 LTD                3
17               PREMIER OIL PLC                3
18              SEVERN TRENT PLC                3
19            WEIR GROUP PLC/THE                3

            Name of Share Issuer  Net Short Position (%)
0                 Kier Group plc                    8.63
1            GREENCORE GROUP PLC                    7.79
2          THOMAS COOK GROUP PLC                    6.08
3            INTU PROPERTIES PLC                    5.63
4          WOOD GROUP (JOHN) PLC                    5.62
5                    PLUS500 LTD                    5.00
6                        SIG PLC                    4.79
7                 METRO BANK PLC                    4.59
8         BABCOCK INTL GROUP PLC                    4.22
9                   PETROFAC LTD                    4.02
10               PREMIER OIL PLC                    3.94
11                NMC HEALTH PLC                    3.93
12                   EASYJET PLC                    3.47
13  SMITH (DAVID S) HOLDINGS PLC                    3.40
14                      ASOS PLC                    3.19
15                KINGFISHER PLC                    3.13
16        Arrow Global Group plc                    3.06
17               GREENE KING PLC                    2.71
18            WEIR GROUP PLC/THE                    2.69
19            ANGLO AMERICAN PLC                    2.68

#########[+]SUMMARY MOST OVERALL SHORTED[+]######################
#########[+]SUMMARY MOST OVERALL SHORTED[+]######################
#########[+]SUMMARY MOST OVERALL SHORTED[+]######################

[+]	KINGFISHER PLC
[+]	WOOD GROUP (JOHN) PLC
[+]	SMITH (DAVID S) HOLDINGS PLC
[+]	Kier Group plc
[+]	GREENCORE GROUP PLC
[+]	BABCOCK INTL GROUP PLC
[+]	THOMAS COOK GROUP PLC
[+]	ASOS PLC
[+]	INTU PROPERTIES PLC
[+]	ANGLO AMERICAN PLC
[+]	METRO BANK PLC
[+]	WEIR GROUP PLC/THE
[+]	EASYJET PLC
[+]	PETROFAC LTD
[+]	PLUS500 LTD
[+]	PREMIER OIL PLC


THE SOFTWARE IS PROVIDED 'AS IS', WITHOUT WARRANTY OF ANY KIND, EXPRESS OR IMPLIED, INCLUDING BUT NOT LIMITED TO THE WARRANTIES OF MERCHANTABILITY, FITNESS FOR A PARTICULAR PURPOSE, TITLE AND NON-INFRINGEMENT. IN NO EVENT SHALL THE COPYRIGHT HOLDERS OR ANYONE DISTRIBUTING THE SOFTWARE BE LIABLE FOR ANY DAMAGES OR OTHER LIABILITY, WHETHER IN CONTRACT, TORT OR OTHERWISE, ARISING FROM, OUT OF OR IN CONNECTION WITH THE SOFTWARE OR THE USE OR OTHER DEALINGS IN THE SOFTWARE.

Dont forget to tip your server!
Bitcoin Cash (BCH)			qpz32c4lg7x7lnk9jg6qg7s4uavdce89myax5v5nuk
Ether (ETH)			0x843d3DEC2A4705BD4f45F674F641cE2D0022c9FB
Litecoin (LTC)			Lfk5y4F7KZa9oRxpazETwjQnHszEPvqPvu
Bitcoin (BTC)			14Dm7L3ABPtumPDcj3REAvs4L6w9YFRnHK
