##################################
##################################
##################################
Most Shorted Shares since [2019-08-21]
##################################
##################################
##################################

         Name of Share Issuer  Position Holder
0       WOOD GROUP (JOHN) PLC                6
1              KINGFISHER PLC                5
2                 PLUS500 LTD                5
3          WEIR GROUP PLC/THE                5
4              METRO BANK PLC                4
5         SIRIUS MINERALS PLC                4
6        ST JAMES'S PLACE PLC                4
7       THOMAS COOK GROUP PLC                4
8               A.G. Barr PLC                3
9                    ASOS PLC                3
10      AUTO TRADER GROUP PLC                3
11        GREENCORE GROUP PLC                3
12  MARKS & SPENCER GROUP PLC                3
13                PEARSON PLC                3
14             PETRA DIAMONDS                3
15               SPECTRIS PLC                3
16             SUPERGROUP PLC                3
17                VALARIS PLC                3

       Name of Share Issuer  Net Short Position (%)
0     THOMAS COOK GROUP PLC                    9.20
1            METRO BANK PLC                    8.00
2                    AA PLC                    7.09
3     WOOD GROUP (JOHN) PLC                    6.65
4               PLUS500 LTD                    6.14
5   LANCASHIRE HOLDINGS LTD                    5.19
6            KINGFISHER PLC                    5.17
7       GREENCORE GROUP PLC                    5.07
8                   SIG PLC                    4.87
9               VALARIS PLC                    4.79
10      SIRIUS MINERALS PLC                    4.56
11           NMC HEALTH PLC                    4.18
12       WEIR GROUP PLC/THE                    3.89
13     ST JAMES'S PLACE PLC                    3.77
14      INTU PROPERTIES PLC                    3.66
15              EASYJET PLC                    3.56
16              PEARSON PLC                    3.45
17     RESTAURANT GROUP PLC                    3.24
18            A.G. Barr PLC                    3.21
19          PREMIER OIL PLC                    3.19

#########[+]SUMMARY MOST OVERALL SHORTED[+]######################
#########[+]SUMMARY MOST OVERALL SHORTED[+]######################
#########[+]SUMMARY MOST OVERALL SHORTED[+]######################

[+]	GREENCORE GROUP PLC
[+]	ST JAMES'S PLACE PLC
[+]	WEIR GROUP PLC/THE
[+]	PLUS500 LTD
[+]	A.G. Barr PLC
[+]	VALARIS PLC
[+]	KINGFISHER PLC
[+]	THOMAS COOK GROUP PLC
[+]	PEARSON PLC
[+]	WOOD GROUP (JOHN) PLC
[+]	SIRIUS MINERALS PLC
[+]	METRO BANK PLC


THE SOFTWARE IS PROVIDED 'AS IS', WITHOUT WARRANTY OF ANY KIND, EXPRESS OR IMPLIED, INCLUDING BUT NOT LIMITED TO THE WARRANTIES OF MERCHANTABILITY, FITNESS FOR A PARTICULAR PURPOSE, TITLE AND NON-INFRINGEMENT. IN NO EVENT SHALL THE COPYRIGHT HOLDERS OR ANYONE DISTRIBUTING THE SOFTWARE BE LIABLE FOR ANY DAMAGES OR OTHER LIABILITY, WHETHER IN CONTRACT, TORT OR OTHERWISE, ARISING FROM, OUT OF OR IN CONNECTION WITH THE SOFTWARE OR THE USE OR OTHER DEALINGS IN THE SOFTWARE.

Dont forget to tip your server!
Bitcoin Cash (BCH)			qpz32c4lg7x7lnk9jg6qg7s4uavdce89myax5v5nuk
Ether (ETH)			0x843d3DEC2A4705BD4f45F674F641cE2D0022c9FB
Litecoin (LTC)			Lfk5y4F7KZa9oRxpazETwjQnHszEPvqPvu
Bitcoin (BTC)			14Dm7L3ABPtumPDcj3REAvs4L6w9YFRnHK
