##################################
##################################
##################################
Most Shorted Shares since [2019-08-30]
##################################
##################################
##################################

      Name of Share Issuer  Position Holder
0      SIRIUS MINERALS PLC                6
1                   AA PLC                5
2    WOOD GROUP (JOHN) PLC                5
3            A.G. Barr PLC                4
4    AUTO TRADER GROUP PLC                4
5   Arrow Global Group plc                4
6           KINGFISHER PLC                4
7           METRO BANK PLC                4
8       WEIR GROUP PLC/THE                4
9                 ASOS PLC                3
10  BABCOCK INTL GROUP PLC                3
11         CINEWORLD GROUP                3
12           HAMMERSON PLC                3
13    KEYWORDS STUDIOS PLC                3
14          Kier Group plc                3
15          PETRA DIAMONDS                3
16             PLUS500 LTD                3
17    RESTAURANT GROUP PLC                3
18          Royal Mail Plc                3
19            SPECTRIS PLC                3

       Name of Share Issuer  Net Short Position (%)
0                    AA PLC                    9.25
1            METRO BANK PLC                    8.53
2     THOMAS COOK GROUP PLC                    7.98
3            Kier Group plc                    6.63
4     WOOD GROUP (JOHN) PLC                    5.87
5                   SIG PLC                    5.40
6       SIRIUS MINERALS PLC                    5.31
7   LANCASHIRE HOLDINGS LTD                    4.77
8               PLUS500 LTD                    4.61
9            NMC HEALTH PLC                    4.28
10            A.G. Barr PLC                    4.04
11     RESTAURANT GROUP PLC                    3.86
12              VALARIS PLC                    3.70
13       WEIR GROUP PLC/THE                    3.69
14                 ASOS PLC                    3.56
15           KINGFISHER PLC                    3.51
16              EASYJET PLC                    3.35
17   BABCOCK INTL GROUP PLC                    3.27
18          PREMIER OIL PLC                    3.19
19     KEYWORDS STUDIOS PLC                    3.02

#########[+]SUMMARY MOST OVERALL SHORTED[+]######################
#########[+]SUMMARY MOST OVERALL SHORTED[+]######################
#########[+]SUMMARY MOST OVERALL SHORTED[+]######################

[+]	A.G. Barr PLC
[+]	WOOD GROUP (JOHN) PLC
[+]	KINGFISHER PLC
[+]	Kier Group plc
[+]	AA PLC
[+]	WEIR GROUP PLC/THE
[+]	ASOS PLC
[+]	KEYWORDS STUDIOS PLC
[+]	RESTAURANT GROUP PLC
[+]	PLUS500 LTD
[+]	BABCOCK INTL GROUP PLC
[+]	METRO BANK PLC
[+]	SIRIUS MINERALS PLC


THE SOFTWARE IS PROVIDED 'AS IS', WITHOUT WARRANTY OF ANY KIND, EXPRESS OR IMPLIED, INCLUDING BUT NOT LIMITED TO THE WARRANTIES OF MERCHANTABILITY, FITNESS FOR A PARTICULAR PURPOSE, TITLE AND NON-INFRINGEMENT. IN NO EVENT SHALL THE COPYRIGHT HOLDERS OR ANYONE DISTRIBUTING THE SOFTWARE BE LIABLE FOR ANY DAMAGES OR OTHER LIABILITY, WHETHER IN CONTRACT, TORT OR OTHERWISE, ARISING FROM, OUT OF OR IN CONNECTION WITH THE SOFTWARE OR THE USE OR OTHER DEALINGS IN THE SOFTWARE.

Dont forget to tip your server!
Bitcoin Cash (BCH)			qpz32c4lg7x7lnk9jg6qg7s4uavdce89myax5v5nuk
Ether (ETH)			0x843d3DEC2A4705BD4f45F674F641cE2D0022c9FB
Litecoin (LTC)			Lfk5y4F7KZa9oRxpazETwjQnHszEPvqPvu
Bitcoin (BTC)			14Dm7L3ABPtumPDcj3REAvs4L6w9YFRnHK
