##################################
##################################
##################################
Most Shorted Shares since [2019-05-17]
##################################
##################################
##################################

           Name of Share Issuer  Position Holder
0         WOOD GROUP (JOHN) PLC                7
1        BABCOCK INTL GROUP PLC                6
2   JUPITER FUND MANAGEMENT PLC                5
3     MARKS & SPENCER GROUP PLC                5
4         THOMAS COOK GROUP PLC                5
5                   EASYJET PLC                4
6                Kier Group plc                4
7                        AA PLC                3
8            ANGLO AMERICAN PLC                3
9                      ASOS PLC                3
10             CAIRN ENERGY PLC                3
11   DAILY MAIL & GENERAL TRUST                3
12          GREENCORE GROUP PLC                3
13             GVC Holdings Plc                3
14                 JUST EAT PLC                3
15               KINGFISHER PLC                3
16               NMC HEALTH PLC                3
17                 PETROFAC LTD                3
18                  PLUS500 LTD                3
19               Royal Mail Plc                3

           Name of Share Issuer  Net Short Position (%)
0         THOMAS COOK GROUP PLC                    8.33
1                        AA PLC                    7.55
2         WOOD GROUP (JOHN) PLC                    7.21
3     MARKS & SPENCER GROUP PLC                    7.17
4        BABCOCK INTL GROUP PLC                    6.31
5           GREENCORE GROUP PLC                    6.23
6                Kier Group plc                    5.32
7       LANCASHIRE HOLDINGS LTD                    5.15
8            ANGLO AMERICAN PLC                    5.14
9    CREST NICHOLSON HLDGS  PLC                    4.96
10               METRO BANK PLC                    4.86
11  JUPITER FUND MANAGEMENT PLC                    4.62
12          SIRIUS MINERALS PLC                    4.37
13                      IQE PLC                    4.10
14               NMC HEALTH PLC                    4.03
15                     ASOS PLC                    3.99
16                  PLUS500 LTD                    3.70
17          INTU PROPERTIES PLC                    3.50
18               KINGFISHER PLC                    3.03
19                 JUST EAT PLC                    2.84

#########[+]SUMMARY MOST OVERALL SHORTED[+]######################
#########[+]SUMMARY MOST OVERALL SHORTED[+]######################
#########[+]SUMMARY MOST OVERALL SHORTED[+]######################

[+]	NMC HEALTH PLC
[+]	JUPITER FUND MANAGEMENT PLC
[+]	AA PLC
[+]	PLUS500 LTD
[+]	Kier Group plc
[+]	JUST EAT PLC
[+]	GREENCORE GROUP PLC
[+]	BABCOCK INTL GROUP PLC
[+]	WOOD GROUP (JOHN) PLC
[+]	ASOS PLC
[+]	THOMAS COOK GROUP PLC
[+]	ANGLO AMERICAN PLC
[+]	MARKS & SPENCER GROUP PLC
[+]	KINGFISHER PLC


THE SOFTWARE IS PROVIDED 'AS IS', WITHOUT WARRANTY OF ANY KIND, EXPRESS OR IMPLIED, INCLUDING BUT NOT LIMITED TO THE WARRANTIES OF MERCHANTABILITY, FITNESS FOR A PARTICULAR PURPOSE, TITLE AND NON-INFRINGEMENT. IN NO EVENT SHALL THE COPYRIGHT HOLDERS OR ANYONE DISTRIBUTING THE SOFTWARE BE LIABLE FOR ANY DAMAGES OR OTHER LIABILITY, WHETHER IN CONTRACT, TORT OR OTHERWISE, ARISING FROM, OUT OF OR IN CONNECTION WITH THE SOFTWARE OR THE USE OR OTHER DEALINGS IN THE SOFTWARE.

Dont forget to tip your server!
Bitcoin Cash (BCH)			qpz32c4lg7x7lnk9jg6qg7s4uavdce89myax5v5nuk
Ether (ETH)			0x843d3DEC2A4705BD4f45F674F641cE2D0022c9FB
Litecoin (LTC)			Lfk5y4F7KZa9oRxpazETwjQnHszEPvqPvu
Bitcoin (BTC)			14Dm7L3ABPtumPDcj3REAvs4L6w9YFRnHK
