##################################
##################################
##################################
Most Shorted Shares since [2019-07-01]
##################################
##################################
##################################

           Name of Share Issuer  Position Holder
0   JUPITER FUND MANAGEMENT PLC                5
1                Kier Group plc                5
2         WOOD GROUP (JOHN) PLC                5
3                  JUST EAT PLC                4
4                KINGFISHER PLC                4
5     MARKS & SPENCER GROUP PLC                4
6                   PLUS500 LTD                4
7              SEVERN TRENT PLC                4
8                SUPERGROUP PLC                4
9         THOMAS COOK GROUP PLC                4
10           ANGLO AMERICAN PLC                3
11       BABCOCK INTL GROUP PLC                3
12          BRITISH LAND CO PLC                3
13                   CAPITA PLC                3
14              CINEWORLD GROUP                3
15                  EASYJET PLC                3
16          GREENCORE GROUP PLC                3
17    MICRO FOCUS INTERNATIONAL                3
18                  PEARSON PLC                3
19           WEIR GROUP PLC/THE                3

            Name of Share Issuer  Net Short Position (%)
0                 Kier Group plc                   10.77
1          THOMAS COOK GROUP PLC                    7.72
2            GREENCORE GROUP PLC                    6.98
3          WOOD GROUP (JOHN) PLC                    6.16
4                    PLUS500 LTD                    5.57
5                        SIG PLC                    4.83
6    JUPITER FUND MANAGEMENT PLC                    4.81
7            INTU PROPERTIES PLC                    4.46
8                    PEARSON PLC                    4.34
9                 KINGFISHER PLC                    4.22
10                METRO BANK PLC                    4.17
11        BABCOCK INTL GROUP PLC                    4.09
12                  JUST EAT PLC                    3.64
13     MARKS & SPENCER GROUP PLC                    3.49
14              SEVERN TRENT PLC                    3.10
15                SUPERGROUP PLC                    3.03
16                   EASYJET PLC                    2.96
17               GREENE KING PLC                    2.80
18            WEIR GROUP PLC/THE                    2.68
19  ACCESSO TECHNOLOGY GROUP PLC                    2.64

#########[+]SUMMARY MOST OVERALL SHORTED[+]######################
#########[+]SUMMARY MOST OVERALL SHORTED[+]######################
#########[+]SUMMARY MOST OVERALL SHORTED[+]######################

[+]	SEVERN TRENT PLC
[+]	JUST EAT PLC
[+]	Kier Group plc
[+]	JUPITER FUND MANAGEMENT PLC
[+]	EASYJET PLC
[+]	WOOD GROUP (JOHN) PLC
[+]	GREENCORE GROUP PLC
[+]	KINGFISHER PLC
[+]	BABCOCK INTL GROUP PLC
[+]	MARKS & SPENCER GROUP PLC
[+]	PLUS500 LTD
[+]	THOMAS COOK GROUP PLC
[+]	WEIR GROUP PLC/THE
[+]	SUPERGROUP PLC
[+]	PEARSON PLC


THE SOFTWARE IS PROVIDED 'AS IS', WITHOUT WARRANTY OF ANY KIND, EXPRESS OR IMPLIED, INCLUDING BUT NOT LIMITED TO THE WARRANTIES OF MERCHANTABILITY, FITNESS FOR A PARTICULAR PURPOSE, TITLE AND NON-INFRINGEMENT. IN NO EVENT SHALL THE COPYRIGHT HOLDERS OR ANYONE DISTRIBUTING THE SOFTWARE BE LIABLE FOR ANY DAMAGES OR OTHER LIABILITY, WHETHER IN CONTRACT, TORT OR OTHERWISE, ARISING FROM, OUT OF OR IN CONNECTION WITH THE SOFTWARE OR THE USE OR OTHER DEALINGS IN THE SOFTWARE.

Dont forget to tip your server!
Bitcoin Cash (BCH)			qpz32c4lg7x7lnk9jg6qg7s4uavdce89myax5v5nuk
Ether (ETH)			0x843d3DEC2A4705BD4f45F674F641cE2D0022c9FB
Litecoin (LTC)			Lfk5y4F7KZa9oRxpazETwjQnHszEPvqPvu
Bitcoin (BTC)			14Dm7L3ABPtumPDcj3REAvs4L6w9YFRnHK
