##################################
##################################
##################################
Most Shorted Shares since [2019-07-30]
##################################
##################################
##################################

           Name of Share Issuer  Position Holder
0            WEIR GROUP PLC/THE                6
1                      ASOS PLC                5
2        Arrow Global Group plc                5
3               CINEWORLD GROUP                5
4                Kier Group plc                5
5                  PETROFAC LTD                5
6              SEVERN TRENT PLC                5
7           SIRIUS MINERALS PLC                5
8        BABCOCK INTL GROUP PLC                4
9                   BEAZLEY PLC                4
10                HAMMERSON PLC                4
11  JUPITER FUND MANAGEMENT PLC                4
12               KINGFISHER PLC                4
13               METRO BANK PLC                4
14               NMC HEALTH PLC                4
15              PREMIER OIL PLC                4
16        THOMAS COOK GROUP PLC                4
17        WOOD GROUP (JOHN) PLC                4
18                   CAPITA PLC                3
19                     CYBG PLC                3

      Name of Share Issuer  Net Short Position (%)
0           Kier Group plc                   11.30
1    THOMAS COOK GROUP PLC                    7.82
2           METRO BANK PLC                    7.38
3      GREENCORE GROUP PLC                    6.51
4      SIRIUS MINERALS PLC                    5.81
5             PETROFAC LTD                    5.71
6           NMC HEALTH PLC                    5.39
7          PREMIER OIL PLC                    5.29
8                 ASOS PLC                    5.19
9   Arrow Global Group plc                    5.05
10                 SIG PLC                    4.98
11         CINEWORLD GROUP                    4.79
12  BABCOCK INTL GROUP PLC                    4.77
13          KINGFISHER PLC                    4.45
14      WEIR GROUP PLC/THE                    4.27
15             PEARSON PLC                    4.13
16        SEVERN TRENT PLC                    3.92
17           Marston's plc                    3.73
18             PLUS500 LTD                    3.66
19     INTU PROPERTIES PLC                    3.61

#########[+]SUMMARY MOST OVERALL SHORTED[+]######################
#########[+]SUMMARY MOST OVERALL SHORTED[+]######################
#########[+]SUMMARY MOST OVERALL SHORTED[+]######################

[+]	BABCOCK INTL GROUP PLC
[+]	METRO BANK PLC
[+]	Kier Group plc
[+]	NMC HEALTH PLC
[+]	KINGFISHER PLC
[+]	CINEWORLD GROUP
[+]	THOMAS COOK GROUP PLC
[+]	PREMIER OIL PLC
[+]	SIRIUS MINERALS PLC
[+]	Arrow Global Group plc
[+]	WEIR GROUP PLC/THE
[+]	SEVERN TRENT PLC
[+]	PETROFAC LTD
[+]	ASOS PLC


THE SOFTWARE IS PROVIDED 'AS IS', WITHOUT WARRANTY OF ANY KIND, EXPRESS OR IMPLIED, INCLUDING BUT NOT LIMITED TO THE WARRANTIES OF MERCHANTABILITY, FITNESS FOR A PARTICULAR PURPOSE, TITLE AND NON-INFRINGEMENT. IN NO EVENT SHALL THE COPYRIGHT HOLDERS OR ANYONE DISTRIBUTING THE SOFTWARE BE LIABLE FOR ANY DAMAGES OR OTHER LIABILITY, WHETHER IN CONTRACT, TORT OR OTHERWISE, ARISING FROM, OUT OF OR IN CONNECTION WITH THE SOFTWARE OR THE USE OR OTHER DEALINGS IN THE SOFTWARE.

Dont forget to tip your server!
Bitcoin Cash (BCH)			qpz32c4lg7x7lnk9jg6qg7s4uavdce89myax5v5nuk
Ether (ETH)			0x843d3DEC2A4705BD4f45F674F641cE2D0022c9FB
Litecoin (LTC)			Lfk5y4F7KZa9oRxpazETwjQnHszEPvqPvu
Bitcoin (BTC)			14Dm7L3ABPtumPDcj3REAvs4L6w9YFRnHK
