##################################
##################################
##################################
Most Shorted Shares since [2019-06-13]
##################################
##################################
##################################

            Name of Share Issuer  Position Holder
0                 Kier Group plc                6
1                    EASYJET PLC                5
2   SMITH (DAVID S) HOLDINGS PLC                5
3          WOOD GROUP (JOHN) PLC                5
4                       ASOS PLC                4
5               CAIRN ENERGY PLC                4
6            GREENCORE GROUP PLC                4
7    JUPITER FUND MANAGEMENT PLC                4
8                   PETROFAC LTD                4
9               SEVERN TRENT PLC                4
10         THOMAS COOK GROUP PLC                4
11            ANGLO AMERICAN PLC                3
12         AUTO TRADER GROUP PLC                3
13                    CAPITA PLC                3
14                  JUST EAT PLC                3
15                   PLUS500 LTD                3
16               PREMIER OIL PLC                3
17                   VICTREX PLC                3
18            WEIR GROUP PLC/THE                3

            Name of Share Issuer  Net Short Position (%)
0                 Kier Group plc                    9.79
1            GREENCORE GROUP PLC                    7.81
2          THOMAS COOK GROUP PLC                    5.27
3                    PLUS500 LTD                    4.74
4          WOOD GROUP (JOHN) PLC                    4.42
5                   PETROFAC LTD                    4.21
6                        SIG PLC                    4.20
7                 NMC HEALTH PLC                    3.93
8                    EASYJET PLC                    3.92
9                PREMIER OIL PLC                    3.86
10   JUPITER FUND MANAGEMENT PLC                    3.40
11           SIRIUS MINERALS PLC                    3.32
12  SMITH (DAVID S) HOLDINGS PLC                    3.30
13        PETS AT HOME GROUP PLC                    3.13
14                      ASOS PLC                    3.08
15               Ensco Rowan plc                    3.03
16                 Marston's plc                    2.99
17                  JUST EAT PLC                    2.97
18              SEVERN TRENT PLC                    2.86
19        BABCOCK INTL GROUP PLC                    2.69

#########[+]SUMMARY MOST OVERALL SHORTED[+]######################
#########[+]SUMMARY MOST OVERALL SHORTED[+]######################
#########[+]SUMMARY MOST OVERALL SHORTED[+]######################

[+]	JUST EAT PLC
[+]	WOOD GROUP (JOHN) PLC
[+]	Kier Group plc
[+]	PETROFAC LTD
[+]	SMITH (DAVID S) HOLDINGS PLC
[+]	GREENCORE GROUP PLC
[+]	THOMAS COOK GROUP PLC
[+]	JUPITER FUND MANAGEMENT PLC
[+]	PLUS500 LTD
[+]	EASYJET PLC
[+]	SEVERN TRENT PLC
[+]	PREMIER OIL PLC
[+]	ASOS PLC


THE SOFTWARE IS PROVIDED 'AS IS', WITHOUT WARRANTY OF ANY KIND, EXPRESS OR IMPLIED, INCLUDING BUT NOT LIMITED TO THE WARRANTIES OF MERCHANTABILITY, FITNESS FOR A PARTICULAR PURPOSE, TITLE AND NON-INFRINGEMENT. IN NO EVENT SHALL THE COPYRIGHT HOLDERS OR ANYONE DISTRIBUTING THE SOFTWARE BE LIABLE FOR ANY DAMAGES OR OTHER LIABILITY, WHETHER IN CONTRACT, TORT OR OTHERWISE, ARISING FROM, OUT OF OR IN CONNECTION WITH THE SOFTWARE OR THE USE OR OTHER DEALINGS IN THE SOFTWARE.

Dont forget to tip your server!
Bitcoin Cash (BCH)			qpz32c4lg7x7lnk9jg6qg7s4uavdce89myax5v5nuk
Ether (ETH)			0x843d3DEC2A4705BD4f45F674F641cE2D0022c9FB
Litecoin (LTC)			Lfk5y4F7KZa9oRxpazETwjQnHszEPvqPvu
Bitcoin (BTC)			14Dm7L3ABPtumPDcj3REAvs4L6w9YFRnHK
