##################################
##################################
##################################
Most Shorted Shares since [2019-07-10]
##################################
##################################
##################################

           Name of Share Issuer  Position Holder
0                Kier Group plc                5
1              SEVERN TRENT PLC                5
2         WOOD GROUP (JOHN) PLC                5
3     MARKS & SPENCER GROUP PLC                4
4             NEWRIVER REIT PLC                4
5                   PLUS500 LTD                4
6           SIRIUS MINERALS PLC                4
7            ANGLO AMERICAN PLC                3
8                      ASOS PLC                3
9         AUTO TRADER GROUP PLC                3
10       BABCOCK INTL GROUP PLC                3
11                   CAPITA PLC                3
12              CINEWORLD GROUP                3
13                  DIGNITY PLC                3
14                  EASYJET PLC                3
15          GREENCORE GROUP PLC                3
16                HAMMERSON PLC                3
17  JUPITER FUND MANAGEMENT PLC                3
18                    MONDI PLC                3
19                RIGHTMOVE PLC                3

            Name of Share Issuer  Net Short Position (%)
0                 Kier Group plc                   10.92
1            GREENCORE GROUP PLC                    6.87
2          THOMAS COOK GROUP PLC                    6.45
3          WOOD GROUP (JOHN) PLC                    5.69
4                    PLUS500 LTD                    5.55
5             ANGLO AMERICAN PLC                    5.19
6                        IQE PLC                    4.33
7                 METRO BANK PLC                    3.82
8               SEVERN TRENT PLC                    3.72
9      MARKS & SPENCER GROUP PLC                    3.60
10                   PEARSON PLC                    3.32
11               PREMIER OIL PLC                    3.30
12                   EASYJET PLC                    3.12
13             NEWRIVER REIT PLC                    2.97
14           SIRIUS MINERALS PLC                    2.90
15   JUPITER FUND MANAGEMENT PLC                    2.83
16            Go-Ahead Group PLC                    2.82
17                   DIGNITY PLC                    2.81
18  ACCESSO TECHNOLOGY GROUP PLC                    2.80
19                      ASOS PLC                    2.79

#########[+]SUMMARY MOST OVERALL SHORTED[+]######################
#########[+]SUMMARY MOST OVERALL SHORTED[+]######################
#########[+]SUMMARY MOST OVERALL SHORTED[+]######################

[+]	JUPITER FUND MANAGEMENT PLC
[+]	NEWRIVER REIT PLC
[+]	WOOD GROUP (JOHN) PLC
[+]	SIRIUS MINERALS PLC
[+]	DIGNITY PLC
[+]	ANGLO AMERICAN PLC
[+]	MARKS & SPENCER GROUP PLC
[+]	SEVERN TRENT PLC
[+]	EASYJET PLC
[+]	Kier Group plc
[+]	GREENCORE GROUP PLC
[+]	ASOS PLC
[+]	PLUS500 LTD


THE SOFTWARE IS PROVIDED 'AS IS', WITHOUT WARRANTY OF ANY KIND, EXPRESS OR IMPLIED, INCLUDING BUT NOT LIMITED TO THE WARRANTIES OF MERCHANTABILITY, FITNESS FOR A PARTICULAR PURPOSE, TITLE AND NON-INFRINGEMENT. IN NO EVENT SHALL THE COPYRIGHT HOLDERS OR ANYONE DISTRIBUTING THE SOFTWARE BE LIABLE FOR ANY DAMAGES OR OTHER LIABILITY, WHETHER IN CONTRACT, TORT OR OTHERWISE, ARISING FROM, OUT OF OR IN CONNECTION WITH THE SOFTWARE OR THE USE OR OTHER DEALINGS IN THE SOFTWARE.

Dont forget to tip your server!
Bitcoin Cash (BCH)			qpz32c4lg7x7lnk9jg6qg7s4uavdce89myax5v5nuk
Ether (ETH)			0x843d3DEC2A4705BD4f45F674F641cE2D0022c9FB
Litecoin (LTC)			Lfk5y4F7KZa9oRxpazETwjQnHszEPvqPvu
Bitcoin (BTC)			14Dm7L3ABPtumPDcj3REAvs4L6w9YFRnHK
