##################################
##################################
##################################
Most Shorted Shares since [2019-08-22]
##################################
##################################
##################################

           Name of Share Issuer  Position Holder
0                KINGFISHER PLC                5
1            WEIR GROUP PLC/THE                5
2         WOOD GROUP (JOHN) PLC                5
3           GREENCORE GROUP PLC                4
4                 HAMMERSON PLC                4
5          KEYWORDS STUDIOS PLC                4
6                METRO BANK PLC                4
7                   PLUS500 LTD                4
8           SIRIUS MINERALS PLC                4
9          ST JAMES'S PLACE PLC                4
10        THOMAS COOK GROUP PLC                4
11                A.G. Barr PLC                3
12                     ASOS PLC                3
13        AUTO TRADER GROUP PLC                3
14       BABCOCK INTL GROUP PLC                3
15  JUPITER FUND MANAGEMENT PLC                3
16    MARKS & SPENCER GROUP PLC                3
17                  PEARSON PLC                3
18               PETRA DIAMONDS                3
19             SEVERN TRENT PLC                3

           Name of Share Issuer  Net Short Position (%)
0         THOMAS COOK GROUP PLC                    9.20
1                METRO BANK PLC                    8.11
2                        AA PLC                    7.09
3           GREENCORE GROUP PLC                    6.66
4         WOOD GROUP (JOHN) PLC                    6.10
5       LANCASHIRE HOLDINGS LTD                    5.19
6                   PLUS500 LTD                    5.19
7                KINGFISHER PLC                    5.17
8                       SIG PLC                    4.87
9           SIRIUS MINERALS PLC                    4.59
10                  VALARIS PLC                    4.49
11           WEIR GROUP PLC/THE                    3.89
12         ST JAMES'S PLACE PLC                    3.77
13               NMC HEALTH PLC                    3.59
14  JUPITER FUND MANAGEMENT PLC                    3.57
15          INTU PROPERTIES PLC                    3.56
16                  EASYJET PLC                    3.56
17         KEYWORDS STUDIOS PLC                    3.50
18                  PEARSON PLC                    3.45
19       BABCOCK INTL GROUP PLC                    3.30

#########[+]SUMMARY MOST OVERALL SHORTED[+]######################
#########[+]SUMMARY MOST OVERALL SHORTED[+]######################
#########[+]SUMMARY MOST OVERALL SHORTED[+]######################

[+]	SIRIUS MINERALS PLC
[+]	THOMAS COOK GROUP PLC
[+]	WEIR GROUP PLC/THE
[+]	PEARSON PLC
[+]	GREENCORE GROUP PLC
[+]	WOOD GROUP (JOHN) PLC
[+]	METRO BANK PLC
[+]	PLUS500 LTD
[+]	KEYWORDS STUDIOS PLC
[+]	KINGFISHER PLC
[+]	ST JAMES'S PLACE PLC
[+]	JUPITER FUND MANAGEMENT PLC
[+]	BABCOCK INTL GROUP PLC


THE SOFTWARE IS PROVIDED 'AS IS', WITHOUT WARRANTY OF ANY KIND, EXPRESS OR IMPLIED, INCLUDING BUT NOT LIMITED TO THE WARRANTIES OF MERCHANTABILITY, FITNESS FOR A PARTICULAR PURPOSE, TITLE AND NON-INFRINGEMENT. IN NO EVENT SHALL THE COPYRIGHT HOLDERS OR ANYONE DISTRIBUTING THE SOFTWARE BE LIABLE FOR ANY DAMAGES OR OTHER LIABILITY, WHETHER IN CONTRACT, TORT OR OTHERWISE, ARISING FROM, OUT OF OR IN CONNECTION WITH THE SOFTWARE OR THE USE OR OTHER DEALINGS IN THE SOFTWARE.

Dont forget to tip your server!
Bitcoin Cash (BCH)			qpz32c4lg7x7lnk9jg6qg7s4uavdce89myax5v5nuk
Ether (ETH)			0x843d3DEC2A4705BD4f45F674F641cE2D0022c9FB
Litecoin (LTC)			Lfk5y4F7KZa9oRxpazETwjQnHszEPvqPvu
Bitcoin (BTC)			14Dm7L3ABPtumPDcj3REAvs4L6w9YFRnHK
