##################################
##################################
##################################
Most Shorted Shares since [2019-07-01]
##################################
##################################
##################################

           Name of Share Issuer  Position Holder
0   JUPITER FUND MANAGEMENT PLC                5
1                Kier Group plc                5
2         WOOD GROUP (JOHN) PLC                5
3            ANGLO AMERICAN PLC                4
4        BABCOCK INTL GROUP PLC                4
5                  JUST EAT PLC                4
6                KINGFISHER PLC                4
7     MARKS & SPENCER GROUP PLC                4
8                   PLUS500 LTD                4
9              SEVERN TRENT PLC                4
10               SUPERGROUP PLC                4
11        THOMAS COOK GROUP PLC                4
12                     ASOS PLC                3
13          BRITISH LAND CO PLC                3
14                   CAPITA PLC                3
15              CINEWORLD GROUP                3
16                  DIGNITY PLC                3
17                  EASYJET PLC                3
18          GREENCORE GROUP PLC                3
19    MICRO FOCUS INTERNATIONAL                3

           Name of Share Issuer  Net Short Position (%)
0                Kier Group plc                   10.77
1         THOMAS COOK GROUP PLC                    7.74
2           GREENCORE GROUP PLC                    6.98
3         WOOD GROUP (JOHN) PLC                    6.16
4            ANGLO AMERICAN PLC                    5.82
5                   PLUS500 LTD                    5.57
6                       SIG PLC                    4.83
7   JUPITER FUND MANAGEMENT PLC                    4.81
8        BABCOCK INTL GROUP PLC                    4.79
9           INTU PROPERTIES PLC                    4.46
10                  PEARSON PLC                    4.33
11               KINGFISHER PLC                    4.22
12               METRO BANK PLC                    4.17
13                 JUST EAT PLC                    3.64
14    MARKS & SPENCER GROUP PLC                    3.49
15              PREMIER OIL PLC                    3.27
16             SEVERN TRENT PLC                    3.10
17               SUPERGROUP PLC                    3.03
18              GREENE KING PLC                    2.90
19                  EASYJET PLC                    2.88

#########[+]SUMMARY MOST OVERALL SHORTED[+]######################
#########[+]SUMMARY MOST OVERALL SHORTED[+]######################
#########[+]SUMMARY MOST OVERALL SHORTED[+]######################

[+]	SUPERGROUP PLC
[+]	Kier Group plc
[+]	JUPITER FUND MANAGEMENT PLC
[+]	MARKS & SPENCER GROUP PLC
[+]	BABCOCK INTL GROUP PLC
[+]	PLUS500 LTD
[+]	THOMAS COOK GROUP PLC
[+]	GREENCORE GROUP PLC
[+]	SEVERN TRENT PLC
[+]	WOOD GROUP (JOHN) PLC
[+]	JUST EAT PLC
[+]	KINGFISHER PLC
[+]	ANGLO AMERICAN PLC
[+]	EASYJET PLC


THE SOFTWARE IS PROVIDED 'AS IS', WITHOUT WARRANTY OF ANY KIND, EXPRESS OR IMPLIED, INCLUDING BUT NOT LIMITED TO THE WARRANTIES OF MERCHANTABILITY, FITNESS FOR A PARTICULAR PURPOSE, TITLE AND NON-INFRINGEMENT. IN NO EVENT SHALL THE COPYRIGHT HOLDERS OR ANYONE DISTRIBUTING THE SOFTWARE BE LIABLE FOR ANY DAMAGES OR OTHER LIABILITY, WHETHER IN CONTRACT, TORT OR OTHERWISE, ARISING FROM, OUT OF OR IN CONNECTION WITH THE SOFTWARE OR THE USE OR OTHER DEALINGS IN THE SOFTWARE.

Dont forget to tip your server!
Bitcoin Cash (BCH)			qpz32c4lg7x7lnk9jg6qg7s4uavdce89myax5v5nuk
Ether (ETH)			0x843d3DEC2A4705BD4f45F674F641cE2D0022c9FB
Litecoin (LTC)			Lfk5y4F7KZa9oRxpazETwjQnHszEPvqPvu
Bitcoin (BTC)			14Dm7L3ABPtumPDcj3REAvs4L6w9YFRnHK
