##################################
##################################
##################################
Most Shorted Shares since [2019-07-19]
##################################
##################################
##################################

             Name of Share Issuer  Position Holder
0                  Kier Group plc                5
1             SIRIUS MINERALS PLC                5
2              WEIR GROUP PLC/THE                5
3           AUTO TRADER GROUP PLC                4
4                   HAMMERSON PLC                4
5                  METRO BANK PLC                4
6               NEWRIVER REIT PLC                4
7                SEVERN TRENT PLC                4
8           WOOD GROUP (JOHN) PLC                4
9                        ASOS PLC                3
10                     CAPITA PLC                3
11  CAPITAL & COUNTIES PROPERTIES                3
12                CINEWORLD GROUP                3
13            DIXONS CARPHONE PLC                3
14       DOMINO'S PIZZA GROUP PLC                3
15    JUPITER FUND MANAGEMENT PLC                3
16                   JUST EAT PLC                3
17                 KINGFISHER PLC                3
18      MICRO FOCUS INTERNATIONAL                3
19                  Marston's plc                3

     Name of Share Issuer  Net Short Position (%)
0          Kier Group plc                   11.41
1   THOMAS COOK GROUP PLC                    7.52
2          METRO BANK PLC                    6.44
3     SIRIUS MINERALS PLC                    5.76
4                 SIG PLC                    5.43
5                 IQE PLC                    5.13
6         PREMIER OIL PLC                    4.45
7             PEARSON PLC                    4.29
8             PLUS500 LTD                    4.26
9     INTU PROPERTIES PLC                    4.17
10  WOOD GROUP (JOHN) PLC                    4.16
11          Marston's plc                    3.72
12  AUTO TRADER GROUP PLC                    3.45
13     WEIR GROUP PLC/THE                    3.16
14           JUST EAT PLC                    2.95
15     HALFORDS GROUP PLC                    2.94
16    GREENCORE GROUP PLC                    2.91
17          HAMMERSON PLC                    2.90
18       SEVERN TRENT PLC                    2.89
19      NEWRIVER REIT PLC                    2.86

#########[+]SUMMARY MOST OVERALL SHORTED[+]######################
#########[+]SUMMARY MOST OVERALL SHORTED[+]######################
#########[+]SUMMARY MOST OVERALL SHORTED[+]######################

[+]	Kier Group plc
[+]	WEIR GROUP PLC/THE
[+]	SIRIUS MINERALS PLC
[+]	HAMMERSON PLC
[+]	AUTO TRADER GROUP PLC
[+]	WOOD GROUP (JOHN) PLC
[+]	Marston's plc
[+]	JUST EAT PLC
[+]	NEWRIVER REIT PLC
[+]	METRO BANK PLC
[+]	SEVERN TRENT PLC


THE SOFTWARE IS PROVIDED 'AS IS', WITHOUT WARRANTY OF ANY KIND, EXPRESS OR IMPLIED, INCLUDING BUT NOT LIMITED TO THE WARRANTIES OF MERCHANTABILITY, FITNESS FOR A PARTICULAR PURPOSE, TITLE AND NON-INFRINGEMENT. IN NO EVENT SHALL THE COPYRIGHT HOLDERS OR ANYONE DISTRIBUTING THE SOFTWARE BE LIABLE FOR ANY DAMAGES OR OTHER LIABILITY, WHETHER IN CONTRACT, TORT OR OTHERWISE, ARISING FROM, OUT OF OR IN CONNECTION WITH THE SOFTWARE OR THE USE OR OTHER DEALINGS IN THE SOFTWARE.

Dont forget to tip your server!
Bitcoin Cash (BCH)			qpz32c4lg7x7lnk9jg6qg7s4uavdce89myax5v5nuk
Ether (ETH)			0x843d3DEC2A4705BD4f45F674F641cE2D0022c9FB
Litecoin (LTC)			Lfk5y4F7KZa9oRxpazETwjQnHszEPvqPvu
Bitcoin (BTC)			14Dm7L3ABPtumPDcj3REAvs4L6w9YFRnHK
