##################################
##################################
##################################
Most Shorted Shares since [2019-06-21]
##################################
##################################
##################################

            Name of Share Issuer  Position Holder
0          WOOD GROUP (JOHN) PLC                6
1   SMITH (DAVID S) HOLDINGS PLC                5
2          THOMAS COOK GROUP PLC                5
3                       ASOS PLC                4
4                    EASYJET PLC                4
5            GREENCORE GROUP PLC                4
6    JUPITER FUND MANAGEMENT PLC                4
7                   JUST EAT PLC                4
8                 Kier Group plc                4
9                   PETROFAC LTD                4
10            ANGLO AMERICAN PLC                3
11        BABCOCK INTL GROUP PLC                3
12                    CAPITA PLC                3
13      DOMINO'S PIZZA GROUP PLC                3
14           INTU PROPERTIES PLC                3
15                KINGFISHER PLC                3
16                METRO BANK PLC                3
17     MICRO FOCUS INTERNATIONAL                3
18                   PLUS500 LTD                3
19               PREMIER OIL PLC                3

            Name of Share Issuer  Net Short Position (%)
0                 Kier Group plc                    8.63
1            GREENCORE GROUP PLC                    7.69
2          THOMAS COOK GROUP PLC                    6.08
3            INTU PROPERTIES PLC                    5.63
4          WOOD GROUP (JOHN) PLC                    5.62
5                    PLUS500 LTD                    5.00
6                        SIG PLC                    4.83
7                 METRO BANK PLC                    4.59
8         BABCOCK INTL GROUP PLC                    4.20
9                   PETROFAC LTD                    4.02
10               PREMIER OIL PLC                    3.94
11                NMC HEALTH PLC                    3.93
12                  JUST EAT PLC                    3.58
13   JUPITER FUND MANAGEMENT PLC                    3.54
14                   EASYJET PLC                    3.47
15  SMITH (DAVID S) HOLDINGS PLC                    3.40
16                      ASOS PLC                    3.29
17                KINGFISHER PLC                    3.10
18        Arrow Global Group plc                    3.06
19               GREENE KING PLC                    2.71

#########[+]SUMMARY MOST OVERALL SHORTED[+]######################
#########[+]SUMMARY MOST OVERALL SHORTED[+]######################
#########[+]SUMMARY MOST OVERALL SHORTED[+]######################

[+]	EASYJET PLC
[+]	PETROFAC LTD
[+]	KINGFISHER PLC
[+]	METRO BANK PLC
[+]	ASOS PLC
[+]	PLUS500 LTD
[+]	INTU PROPERTIES PLC
[+]	BABCOCK INTL GROUP PLC
[+]	WOOD GROUP (JOHN) PLC
[+]	GREENCORE GROUP PLC
[+]	SMITH (DAVID S) HOLDINGS PLC
[+]	PREMIER OIL PLC
[+]	THOMAS COOK GROUP PLC
[+]	Kier Group plc
[+]	JUST EAT PLC
[+]	JUPITER FUND MANAGEMENT PLC


THE SOFTWARE IS PROVIDED 'AS IS', WITHOUT WARRANTY OF ANY KIND, EXPRESS OR IMPLIED, INCLUDING BUT NOT LIMITED TO THE WARRANTIES OF MERCHANTABILITY, FITNESS FOR A PARTICULAR PURPOSE, TITLE AND NON-INFRINGEMENT. IN NO EVENT SHALL THE COPYRIGHT HOLDERS OR ANYONE DISTRIBUTING THE SOFTWARE BE LIABLE FOR ANY DAMAGES OR OTHER LIABILITY, WHETHER IN CONTRACT, TORT OR OTHERWISE, ARISING FROM, OUT OF OR IN CONNECTION WITH THE SOFTWARE OR THE USE OR OTHER DEALINGS IN THE SOFTWARE.

Dont forget to tip your server!
Bitcoin Cash (BCH)			qpz32c4lg7x7lnk9jg6qg7s4uavdce89myax5v5nuk
Ether (ETH)			0x843d3DEC2A4705BD4f45F674F641cE2D0022c9FB
Litecoin (LTC)			Lfk5y4F7KZa9oRxpazETwjQnHszEPvqPvu
Bitcoin (BTC)			14Dm7L3ABPtumPDcj3REAvs4L6w9YFRnHK
