##################################
##################################
##################################
Most Shorted Shares since [2019-07-17]
##################################
##################################
##################################

             Name of Share Issuer  Position Holder
0               NEWRIVER REIT PLC                6
1                  Kier Group plc                5
2             SIRIUS MINERALS PLC                5
3                   HAMMERSON PLC                4
4                  METRO BANK PLC                4
5              WEIR GROUP PLC/THE                4
6                        ASOS PLC                3
7           AUTO TRADER GROUP PLC                3
8          BABCOCK INTL GROUP PLC                3
9                      CAPITA PLC                3
10  CAPITAL & COUNTIES PROPERTIES                3
11                CINEWORLD GROUP                3
12                    DIGNITY PLC                3
13            DIXONS CARPHONE PLC                3
14       DOMINO'S PIZZA GROUP PLC                3
15                    EASYJET PLC                3
16            GREENCORE GROUP PLC                3
17    JUPITER FUND MANAGEMENT PLC                3
18                      MONDI PLC                3
19                  Marston's plc                3

            Name of Share Issuer  Net Short Position (%)
0                 Kier Group plc                   11.39
1          THOMAS COOK GROUP PLC                    7.27
2            GREENCORE GROUP PLC                    6.56
3                 METRO BANK PLC                    6.40
4                        SIG PLC                    5.43
5                        IQE PLC                    5.13
6                    PLUS500 LTD                    4.31
7              NEWRIVER REIT PLC                    4.29
8             ANGLO AMERICAN PLC                    4.06
9            SIRIUS MINERALS PLC                    3.98
10                 Marston's plc                    3.72
11               PREMIER OIL PLC                    3.53
12         WOOD GROUP (JOHN) PLC                    3.53
13                   EASYJET PLC                    3.31
14                   PEARSON PLC                    3.30
15            HALFORDS GROUP PLC                    3.21
16            Go-Ahead Group PLC                    2.82
17   JUPITER FUND MANAGEMENT PLC                    2.81
18  ACCESSO TECHNOLOGY GROUP PLC                    2.79
19                 HAMMERSON PLC                    2.76

#########[+]SUMMARY MOST OVERALL SHORTED[+]######################
#########[+]SUMMARY MOST OVERALL SHORTED[+]######################
#########[+]SUMMARY MOST OVERALL SHORTED[+]######################

[+]	METRO BANK PLC
[+]	NEWRIVER REIT PLC
[+]	SIRIUS MINERALS PLC
[+]	EASYJET PLC
[+]	HAMMERSON PLC
[+]	GREENCORE GROUP PLC
[+]	Marston's plc
[+]	Kier Group plc
[+]	JUPITER FUND MANAGEMENT PLC


THE SOFTWARE IS PROVIDED 'AS IS', WITHOUT WARRANTY OF ANY KIND, EXPRESS OR IMPLIED, INCLUDING BUT NOT LIMITED TO THE WARRANTIES OF MERCHANTABILITY, FITNESS FOR A PARTICULAR PURPOSE, TITLE AND NON-INFRINGEMENT. IN NO EVENT SHALL THE COPYRIGHT HOLDERS OR ANYONE DISTRIBUTING THE SOFTWARE BE LIABLE FOR ANY DAMAGES OR OTHER LIABILITY, WHETHER IN CONTRACT, TORT OR OTHERWISE, ARISING FROM, OUT OF OR IN CONNECTION WITH THE SOFTWARE OR THE USE OR OTHER DEALINGS IN THE SOFTWARE.

Dont forget to tip your server!
Bitcoin Cash (BCH)			qpz32c4lg7x7lnk9jg6qg7s4uavdce89myax5v5nuk
Ether (ETH)			0x843d3DEC2A4705BD4f45F674F641cE2D0022c9FB
Litecoin (LTC)			Lfk5y4F7KZa9oRxpazETwjQnHszEPvqPvu
Bitcoin (BTC)			14Dm7L3ABPtumPDcj3REAvs4L6w9YFRnHK
