##################################
##################################
##################################
Most Shorted Shares since [2019-08-13]
##################################
##################################
##################################

             Name of Share Issuer  Position Holder
0           WOOD GROUP (JOHN) PLC                6
1                        ASOS PLC                5
2                  KINGFISHER PLC                5
3                  Kier Group plc                5
4                     BEAZLEY PLC                4
5                 CINEWORLD GROUP                4
6                        CYBG PLC                4
7             GREENCORE GROUP PLC                4
8                  METRO BANK PLC                4
9                SEVERN TRENT PLC                4
10           ST JAMES'S PLACE PLC                4
11          THOMAS COOK GROUP PLC                4
12             WEIR GROUP PLC/THE                4
13                    AGGREKO PLC                3
14         BABCOCK INTL GROUP PLC                3
15  CAPITAL & COUNTIES PROPERTIES                3
16                    EASYJET PLC                3
17                  FRESNILLO PLC                3
18                     Greggs Plc                3
19                  HAMMERSON PLC                3

         Name of Share Issuer  Net Short Position (%)
0              Kier Group plc                   10.81
1       THOMAS COOK GROUP PLC                    8.90
2              METRO BANK PLC                    7.69
3         GREENCORE GROUP PLC                    6.96
4              KINGFISHER PLC                    5.28
5       WOOD GROUP (JOHN) PLC                    5.26
6                    ASOS PLC                    5.09
7                     SIG PLC                    4.98
8              NMC HEALTH PLC                    4.20
9      BABCOCK INTL GROUP PLC                    4.06
10                EASYJET PLC                    4.00
11                BEAZLEY PLC                    3.75
12            CINEWORLD GROUP                    3.68
13                PEARSON PLC                    3.58
14       ST JAMES'S PLACE PLC                    3.58
15         WEIR GROUP PLC/THE                    3.21
16            PREMIER OIL PLC                    3.19
17           SEVERN TRENT PLC                    3.17
18  MARKS & SPENCER GROUP PLC                    3.13
19                PLUS500 LTD                    2.97

#########[+]SUMMARY MOST OVERALL SHORTED[+]######################
#########[+]SUMMARY MOST OVERALL SHORTED[+]######################
#########[+]SUMMARY MOST OVERALL SHORTED[+]######################

[+]	GREENCORE GROUP PLC
[+]	THOMAS COOK GROUP PLC
[+]	BEAZLEY PLC
[+]	BABCOCK INTL GROUP PLC
[+]	SEVERN TRENT PLC
[+]	KINGFISHER PLC
[+]	EASYJET PLC
[+]	Kier Group plc
[+]	WEIR GROUP PLC/THE
[+]	ST JAMES'S PLACE PLC
[+]	WOOD GROUP (JOHN) PLC
[+]	ASOS PLC
[+]	METRO BANK PLC
[+]	CINEWORLD GROUP


THE SOFTWARE IS PROVIDED 'AS IS', WITHOUT WARRANTY OF ANY KIND, EXPRESS OR IMPLIED, INCLUDING BUT NOT LIMITED TO THE WARRANTIES OF MERCHANTABILITY, FITNESS FOR A PARTICULAR PURPOSE, TITLE AND NON-INFRINGEMENT. IN NO EVENT SHALL THE COPYRIGHT HOLDERS OR ANYONE DISTRIBUTING THE SOFTWARE BE LIABLE FOR ANY DAMAGES OR OTHER LIABILITY, WHETHER IN CONTRACT, TORT OR OTHERWISE, ARISING FROM, OUT OF OR IN CONNECTION WITH THE SOFTWARE OR THE USE OR OTHER DEALINGS IN THE SOFTWARE.

Dont forget to tip your server!
Bitcoin Cash (BCH)			qpz32c4lg7x7lnk9jg6qg7s4uavdce89myax5v5nuk
Ether (ETH)			0x843d3DEC2A4705BD4f45F674F641cE2D0022c9FB
Litecoin (LTC)			Lfk5y4F7KZa9oRxpazETwjQnHszEPvqPvu
Bitcoin (BTC)			14Dm7L3ABPtumPDcj3REAvs4L6w9YFRnHK
