##################################
##################################
##################################
Most Shorted Shares since [2019-08-27]
##################################
##################################
##################################

           Name of Share Issuer  Position Holder
0         WOOD GROUP (JOHN) PLC                6
1                 HAMMERSON PLC                5
2           SIRIUS MINERALS PLC                5
3                        AA PLC                4
4         AUTO TRADER GROUP PLC                4
5          KEYWORDS STUDIOS PLC                4
6                METRO BANK PLC                4
7                   PLUS500 LTD                4
8              SEVERN TRENT PLC                4
9          ST JAMES'S PLACE PLC                4
10        THOMAS COOK GROUP PLC                4
11           WEIR GROUP PLC/THE                4
12                A.G. Barr PLC                3
13       Arrow Global Group plc                3
14       BABCOCK INTL GROUP PLC                3
15              CINEWORLD GROUP                3
16          GREENCORE GROUP PLC                3
17  JUPITER FUND MANAGEMENT PLC                3
18               KINGFISHER PLC                3
19               Kier Group plc                3

           Name of Share Issuer  Net Short Position (%)
0         THOMAS COOK GROUP PLC                    9.29
1                        AA PLC                    8.47
2                METRO BANK PLC                    8.22
3                Kier Group plc                    6.83
4         WOOD GROUP (JOHN) PLC                    6.81
5                       SIG PLC                    5.40
6                   PLUS500 LTD                    5.19
7       LANCASHIRE HOLDINGS LTD                    4.93
8           SIRIUS MINERALS PLC                    4.90
9                   VALARIS PLC                    4.49
10               NMC HEALTH PLC                    4.41
11         RESTAURANT GROUP PLC                    3.86
12         ST JAMES'S PLACE PLC                    3.59
13  JUPITER FUND MANAGEMENT PLC                    3.57
14           WEIR GROUP PLC/THE                    3.51
15                  EASYJET PLC                    3.49
16                HAMMERSON PLC                    3.47
17                  PEARSON PLC                    3.45
18               KINGFISHER PLC                    3.30
19         KEYWORDS STUDIOS PLC                    3.29

#########[+]SUMMARY MOST OVERALL SHORTED[+]######################
#########[+]SUMMARY MOST OVERALL SHORTED[+]######################
#########[+]SUMMARY MOST OVERALL SHORTED[+]######################

[+]	ST JAMES'S PLACE PLC
[+]	SIRIUS MINERALS PLC
[+]	JUPITER FUND MANAGEMENT PLC
[+]	Kier Group plc
[+]	METRO BANK PLC
[+]	PLUS500 LTD
[+]	THOMAS COOK GROUP PLC
[+]	KINGFISHER PLC
[+]	AA PLC
[+]	HAMMERSON PLC
[+]	WOOD GROUP (JOHN) PLC
[+]	WEIR GROUP PLC/THE
[+]	KEYWORDS STUDIOS PLC


THE SOFTWARE IS PROVIDED 'AS IS', WITHOUT WARRANTY OF ANY KIND, EXPRESS OR IMPLIED, INCLUDING BUT NOT LIMITED TO THE WARRANTIES OF MERCHANTABILITY, FITNESS FOR A PARTICULAR PURPOSE, TITLE AND NON-INFRINGEMENT. IN NO EVENT SHALL THE COPYRIGHT HOLDERS OR ANYONE DISTRIBUTING THE SOFTWARE BE LIABLE FOR ANY DAMAGES OR OTHER LIABILITY, WHETHER IN CONTRACT, TORT OR OTHERWISE, ARISING FROM, OUT OF OR IN CONNECTION WITH THE SOFTWARE OR THE USE OR OTHER DEALINGS IN THE SOFTWARE.

Dont forget to tip your server!
Bitcoin Cash (BCH)			qpz32c4lg7x7lnk9jg6qg7s4uavdce89myax5v5nuk
Ether (ETH)			0x843d3DEC2A4705BD4f45F674F641cE2D0022c9FB
Litecoin (LTC)			Lfk5y4F7KZa9oRxpazETwjQnHszEPvqPvu
Bitcoin (BTC)			14Dm7L3ABPtumPDcj3REAvs4L6w9YFRnHK
