##################################
##################################
##################################
Most Shorted Shares since [2019-07-02]
##################################
##################################
##################################

           Name of Share Issuer  Position Holder
0   JUPITER FUND MANAGEMENT PLC                5
1                Kier Group plc                5
2              SEVERN TRENT PLC                5
3         WOOD GROUP (JOHN) PLC                5
4        BABCOCK INTL GROUP PLC                4
5                   EASYJET PLC                4
6                  JUST EAT PLC                4
7                KINGFISHER PLC                4
8     MARKS & SPENCER GROUP PLC                4
9             NEWRIVER REIT PLC                4
10                  PLUS500 LTD                4
11               SUPERGROUP PLC                4
12        THOMAS COOK GROUP PLC                4
13           ANGLO AMERICAN PLC                3
14                     ASOS PLC                3
15       Arrow Global Group plc                3
16                   CAPITA PLC                3
17              CINEWORLD GROUP                3
18                  DIGNITY PLC                3
19          GREENCORE GROUP PLC                3

           Name of Share Issuer  Net Short Position (%)
0                Kier Group plc                   10.77
1         THOMAS COOK GROUP PLC                    7.74
2           GREENCORE GROUP PLC                    7.08
3         WOOD GROUP (JOHN) PLC                    6.16
4                   PLUS500 LTD                    5.57
5                       SIG PLC                    4.83
6   JUPITER FUND MANAGEMENT PLC                    4.81
7        BABCOCK INTL GROUP PLC                    4.79
8            ANGLO AMERICAN PLC                    4.73
9           INTU PROPERTIES PLC                    4.46
10                  PEARSON PLC                    4.33
11               KINGFISHER PLC                    4.22
12                 JUST EAT PLC                    3.64
13             SEVERN TRENT PLC                    3.63
14    MARKS & SPENCER GROUP PLC                    3.49
15                  EASYJET PLC                    3.35
16              PREMIER OIL PLC                    3.27
17               SUPERGROUP PLC                    3.03
18       Arrow Global Group plc                    2.99
19            NEWRIVER REIT PLC                    2.97

#########[+]SUMMARY MOST OVERALL SHORTED[+]######################
#########[+]SUMMARY MOST OVERALL SHORTED[+]######################
#########[+]SUMMARY MOST OVERALL SHORTED[+]######################

[+]	NEWRIVER REIT PLC
[+]	Kier Group plc
[+]	BABCOCK INTL GROUP PLC
[+]	GREENCORE GROUP PLC
[+]	ANGLO AMERICAN PLC
[+]	Arrow Global Group plc
[+]	PLUS500 LTD
[+]	WOOD GROUP (JOHN) PLC
[+]	EASYJET PLC
[+]	KINGFISHER PLC
[+]	THOMAS COOK GROUP PLC
[+]	JUPITER FUND MANAGEMENT PLC
[+]	SEVERN TRENT PLC
[+]	MARKS & SPENCER GROUP PLC
[+]	SUPERGROUP PLC
[+]	JUST EAT PLC


THE SOFTWARE IS PROVIDED 'AS IS', WITHOUT WARRANTY OF ANY KIND, EXPRESS OR IMPLIED, INCLUDING BUT NOT LIMITED TO THE WARRANTIES OF MERCHANTABILITY, FITNESS FOR A PARTICULAR PURPOSE, TITLE AND NON-INFRINGEMENT. IN NO EVENT SHALL THE COPYRIGHT HOLDERS OR ANYONE DISTRIBUTING THE SOFTWARE BE LIABLE FOR ANY DAMAGES OR OTHER LIABILITY, WHETHER IN CONTRACT, TORT OR OTHERWISE, ARISING FROM, OUT OF OR IN CONNECTION WITH THE SOFTWARE OR THE USE OR OTHER DEALINGS IN THE SOFTWARE.

Dont forget to tip your server!
Bitcoin Cash (BCH)			qpz32c4lg7x7lnk9jg6qg7s4uavdce89myax5v5nuk
Ether (ETH)			0x843d3DEC2A4705BD4f45F674F641cE2D0022c9FB
Litecoin (LTC)			Lfk5y4F7KZa9oRxpazETwjQnHszEPvqPvu
Bitcoin (BTC)			14Dm7L3ABPtumPDcj3REAvs4L6w9YFRnHK
