##################################
##################################
##################################
Most Shorted Shares since [2019-07-23]
##################################
##################################
##################################

             Name of Share Issuer  Position Holder
0              WEIR GROUP PLC/THE                6
1                  Kier Group plc                5
2                        ASOS PLC                4
3          Arrow Global Group plc                4
4                   HAMMERSON PLC                4
5     JUPITER FUND MANAGEMENT PLC                4
6               NEWRIVER REIT PLC                4
7                SEVERN TRENT PLC                4
8             SIRIUS MINERALS PLC                4
9           WOOD GROUP (JOHN) PLC                4
10          AUTO TRADER GROUP PLC                3
11                     CAPITA PLC                3
12  CAPITAL & COUNTIES PROPERTIES                3
13                CINEWORLD GROUP                3
14            DIXONS CARPHONE PLC                3
15            GREENCORE GROUP PLC                3
16                 KINGFISHER PLC                3
17                 METRO BANK PLC                3
18      MICRO FOCUS INTERNATIONAL                3
19                  Marston's plc                3

           Name of Share Issuer  Net Short Position (%)
0                Kier Group plc                   11.28
1         THOMAS COOK GROUP PLC                    7.52
2           GREENCORE GROUP PLC                    6.60
3           SIRIUS MINERALS PLC                    5.20
4                       IQE PLC                    5.13
5                       SIG PLC                    4.90
6               PREMIER OIL PLC                    4.55
7        Arrow Global Group plc                    4.47
8                      ASOS PLC                    4.29
9            ANGLO AMERICAN PLC                    4.20
10          INTU PROPERTIES PLC                    4.17
11        WOOD GROUP (JOHN) PLC                    4.16
12                  PLUS500 LTD                    4.12
13           WEIR GROUP PLC/THE                    3.96
14                Marston's plc                    3.72
15  JUPITER FUND MANAGEMENT PLC                    3.37
16               METRO BANK PLC                    3.18
17              CINEWORLD GROUP                    2.98
18           HALFORDS GROUP PLC                    2.94
19                  EASYJET PLC                    2.93

#########[+]SUMMARY MOST OVERALL SHORTED[+]######################
#########[+]SUMMARY MOST OVERALL SHORTED[+]######################
#########[+]SUMMARY MOST OVERALL SHORTED[+]######################

[+]	WOOD GROUP (JOHN) PLC
[+]	JUPITER FUND MANAGEMENT PLC
[+]	METRO BANK PLC
[+]	Arrow Global Group plc
[+]	SIRIUS MINERALS PLC
[+]	ASOS PLC
[+]	CINEWORLD GROUP
[+]	GREENCORE GROUP PLC
[+]	Kier Group plc
[+]	Marston's plc
[+]	WEIR GROUP PLC/THE


THE SOFTWARE IS PROVIDED 'AS IS', WITHOUT WARRANTY OF ANY KIND, EXPRESS OR IMPLIED, INCLUDING BUT NOT LIMITED TO THE WARRANTIES OF MERCHANTABILITY, FITNESS FOR A PARTICULAR PURPOSE, TITLE AND NON-INFRINGEMENT. IN NO EVENT SHALL THE COPYRIGHT HOLDERS OR ANYONE DISTRIBUTING THE SOFTWARE BE LIABLE FOR ANY DAMAGES OR OTHER LIABILITY, WHETHER IN CONTRACT, TORT OR OTHERWISE, ARISING FROM, OUT OF OR IN CONNECTION WITH THE SOFTWARE OR THE USE OR OTHER DEALINGS IN THE SOFTWARE.

Dont forget to tip your server!
Bitcoin Cash (BCH)			qpz32c4lg7x7lnk9jg6qg7s4uavdce89myax5v5nuk
Ether (ETH)			0x843d3DEC2A4705BD4f45F674F641cE2D0022c9FB
Litecoin (LTC)			Lfk5y4F7KZa9oRxpazETwjQnHszEPvqPvu
Bitcoin (BTC)			14Dm7L3ABPtumPDcj3REAvs4L6w9YFRnHK
