##################################
##################################
##################################
Most Shorted Shares since [2019-07-12]
##################################
##################################
##################################

             Name of Share Issuer  Position Holder
0                  Kier Group plc                5
1               NEWRIVER REIT PLC                5
2                SEVERN TRENT PLC                5
3                      CAPITA PLC                4
4                 CINEWORLD GROUP                4
5                   HAMMERSON PLC                4
6     JUPITER FUND MANAGEMENT PLC                4
7                  METRO BANK PLC                4
8                       MONDI PLC                4
9                     PLUS500 LTD                4
10            SIRIUS MINERALS PLC                4
11          WOOD GROUP (JOHN) PLC                4
12                       ASOS PLC                3
13          AUTO TRADER GROUP PLC                3
14         BABCOCK INTL GROUP PLC                3
15  CAPITAL & COUNTIES PROPERTIES                3
16                    DIGNITY PLC                3
17            DIXONS CARPHONE PLC                3
18                    EASYJET PLC                3
19            GREENCORE GROUP PLC                3

           Name of Share Issuer  Net Short Position (%)
0                Kier Group plc                   11.39
1         THOMAS COOK GROUP PLC                    7.27
2           GREENCORE GROUP PLC                    6.56
3                METRO BANK PLC                    6.15
4                   PLUS500 LTD                    5.55
5         WOOD GROUP (JOHN) PLC                    5.10
6                       IQE PLC                    4.33
7            ANGLO AMERICAN PLC                    4.06
8   JUPITER FUND MANAGEMENT PLC                    3.95
9             NEWRIVER REIT PLC                    3.70
10             SEVERN TRENT PLC                    3.67
11              PREMIER OIL PLC                    3.43
12                  EASYJET PLC                    3.31
13                  PEARSON PLC                    3.30
14              CINEWORLD GROUP                    3.26
15                HAMMERSON PLC                    3.22
16                Marston's plc                    3.18
17                   CAPITA PLC                    3.17
18          SIRIUS MINERALS PLC                    2.82
19           Go-Ahead Group PLC                    2.82

#########[+]SUMMARY MOST OVERALL SHORTED[+]######################
#########[+]SUMMARY MOST OVERALL SHORTED[+]######################
#########[+]SUMMARY MOST OVERALL SHORTED[+]######################

[+]	CINEWORLD GROUP
[+]	SEVERN TRENT PLC
[+]	Kier Group plc
[+]	HAMMERSON PLC
[+]	NEWRIVER REIT PLC
[+]	SIRIUS MINERALS PLC
[+]	WOOD GROUP (JOHN) PLC
[+]	JUPITER FUND MANAGEMENT PLC
[+]	METRO BANK PLC
[+]	CAPITA PLC
[+]	EASYJET PLC
[+]	PLUS500 LTD
[+]	GREENCORE GROUP PLC


THE SOFTWARE IS PROVIDED 'AS IS', WITHOUT WARRANTY OF ANY KIND, EXPRESS OR IMPLIED, INCLUDING BUT NOT LIMITED TO THE WARRANTIES OF MERCHANTABILITY, FITNESS FOR A PARTICULAR PURPOSE, TITLE AND NON-INFRINGEMENT. IN NO EVENT SHALL THE COPYRIGHT HOLDERS OR ANYONE DISTRIBUTING THE SOFTWARE BE LIABLE FOR ANY DAMAGES OR OTHER LIABILITY, WHETHER IN CONTRACT, TORT OR OTHERWISE, ARISING FROM, OUT OF OR IN CONNECTION WITH THE SOFTWARE OR THE USE OR OTHER DEALINGS IN THE SOFTWARE.

Dont forget to tip your server!
Bitcoin Cash (BCH)			qpz32c4lg7x7lnk9jg6qg7s4uavdce89myax5v5nuk
Ether (ETH)			0x843d3DEC2A4705BD4f45F674F641cE2D0022c9FB
Litecoin (LTC)			Lfk5y4F7KZa9oRxpazETwjQnHszEPvqPvu
Bitcoin (BTC)			14Dm7L3ABPtumPDcj3REAvs4L6w9YFRnHK
