##################################
##################################
##################################
Most Shorted Shares since [2019-08-15]
##################################
##################################
##################################

             Name of Share Issuer  Position Holder
0           WOOD GROUP (JOHN) PLC                7
1                  KINGFISHER PLC                5
2                     PLUS500 LTD                5
3                 CINEWORLD GROUP                4
4                        CYBG PLC                4
5             GREENCORE GROUP PLC                4
6                  METRO BANK PLC                4
7            ST JAMES'S PLACE PLC                4
8           THOMAS COOK GROUP PLC                4
9              WEIR GROUP PLC/THE                4
10                       ASOS PLC                3
11                    BEAZLEY PLC                3
12  CAPITAL & COUNTIES PROPERTIES                3
13                    EASYJET PLC                3
14                  FRESNILLO PLC                3
15      MARKS & SPENCER GROUP PLC                3
16                    PEARSON PLC                3
17                  RIGHTMOVE PLC                3
18               SEVERN TRENT PLC                3
19                    VALARIS PLC                3

         Name of Share Issuer  Net Short Position (%)
0       THOMAS COOK GROUP PLC                    8.90
1              METRO BANK PLC                    7.69
2       WOOD GROUP (JOHN) PLC                    7.54
3                      AA PLC                    7.09
4         GREENCORE GROUP PLC                    6.88
5                 PLUS500 LTD                    6.15
6              KINGFISHER PLC                    5.19
7              NMC HEALTH PLC                    4.20
8             CINEWORLD GROUP                    4.01
9                 EASYJET PLC                    4.00
10                PEARSON PLC                    3.72
11       ST JAMES'S PLACE PLC                    3.58
12         WEIR GROUP PLC/THE                    3.21
13            PREMIER OIL PLC                    3.19
14                   ASOS PLC                    3.18
15  MARKS & SPENCER GROUP PLC                    3.13
16                BEAZLEY PLC                    3.13
17             Kier Group plc                    2.98
18         Go-Ahead Group PLC                    2.90
19                   CYBG PLC                    2.61

#########[+]SUMMARY MOST OVERALL SHORTED[+]######################
#########[+]SUMMARY MOST OVERALL SHORTED[+]######################
#########[+]SUMMARY MOST OVERALL SHORTED[+]######################

[+]	EASYJET PLC
[+]	CYBG PLC
[+]	GREENCORE GROUP PLC
[+]	METRO BANK PLC
[+]	ASOS PLC
[+]	WOOD GROUP (JOHN) PLC
[+]	THOMAS COOK GROUP PLC
[+]	KINGFISHER PLC
[+]	PEARSON PLC
[+]	CINEWORLD GROUP
[+]	BEAZLEY PLC
[+]	PLUS500 LTD
[+]	WEIR GROUP PLC/THE
[+]	ST JAMES'S PLACE PLC
[+]	MARKS & SPENCER GROUP PLC


THE SOFTWARE IS PROVIDED 'AS IS', WITHOUT WARRANTY OF ANY KIND, EXPRESS OR IMPLIED, INCLUDING BUT NOT LIMITED TO THE WARRANTIES OF MERCHANTABILITY, FITNESS FOR A PARTICULAR PURPOSE, TITLE AND NON-INFRINGEMENT. IN NO EVENT SHALL THE COPYRIGHT HOLDERS OR ANYONE DISTRIBUTING THE SOFTWARE BE LIABLE FOR ANY DAMAGES OR OTHER LIABILITY, WHETHER IN CONTRACT, TORT OR OTHERWISE, ARISING FROM, OUT OF OR IN CONNECTION WITH THE SOFTWARE OR THE USE OR OTHER DEALINGS IN THE SOFTWARE.

Dont forget to tip your server!
Bitcoin Cash (BCH)			qpz32c4lg7x7lnk9jg6qg7s4uavdce89myax5v5nuk
Ether (ETH)			0x843d3DEC2A4705BD4f45F674F641cE2D0022c9FB
Litecoin (LTC)			Lfk5y4F7KZa9oRxpazETwjQnHszEPvqPvu
Bitcoin (BTC)			14Dm7L3ABPtumPDcj3REAvs4L6w9YFRnHK
