##################################
##################################
##################################
Most Shorted Shares since [2019-07-08]
##################################
##################################
##################################

           Name of Share Issuer  Position Holder
0                Kier Group plc                5
1              SEVERN TRENT PLC                5
2         WOOD GROUP (JOHN) PLC                5
3               CINEWORLD GROUP                4
4   JUPITER FUND MANAGEMENT PLC                4
5     MARKS & SPENCER GROUP PLC                4
6             NEWRIVER REIT PLC                4
7                   PLUS500 LTD                4
8           SIRIUS MINERALS PLC                4
9            ANGLO AMERICAN PLC                3
10                     ASOS PLC                3
11        AUTO TRADER GROUP PLC                3
12       Arrow Global Group plc                3
13                   CAPITA PLC                3
14                  DIGNITY PLC                3
15                  EASYJET PLC                3
16          GREENCORE GROUP PLC                3
17                HAMMERSON PLC                3
18                 JUST EAT PLC                3
19               KINGFISHER PLC                3

           Name of Share Issuer  Net Short Position (%)
0                Kier Group plc                   10.92
1           GREENCORE GROUP PLC                    6.87
2         THOMAS COOK GROUP PLC                    6.45
3         WOOD GROUP (JOHN) PLC                    5.69
4                   PLUS500 LTD                    5.57
5                       SIG PLC                    5.35
6            ANGLO AMERICAN PLC                    5.19
7                   PEARSON PLC                    4.42
8                       IQE PLC                    4.33
9                METRO BANK PLC                    3.82
10             SEVERN TRENT PLC                    3.72
11    MARKS & SPENCER GROUP PLC                    3.60
12  JUPITER FUND MANAGEMENT PLC                    3.59
13               KINGFISHER PLC                    3.41
14              PREMIER OIL PLC                    3.23
15                  EASYJET PLC                    3.05
16              CINEWORLD GROUP                    3.01
17            NEWRIVER REIT PLC                    2.97
18          SIRIUS MINERALS PLC                    2.90
19           Go-Ahead Group PLC                    2.82

#########[+]SUMMARY MOST OVERALL SHORTED[+]######################
#########[+]SUMMARY MOST OVERALL SHORTED[+]######################
#########[+]SUMMARY MOST OVERALL SHORTED[+]######################

[+]	MARKS & SPENCER GROUP PLC
[+]	WOOD GROUP (JOHN) PLC
[+]	SEVERN TRENT PLC
[+]	ANGLO AMERICAN PLC
[+]	JUPITER FUND MANAGEMENT PLC
[+]	PLUS500 LTD
[+]	SIRIUS MINERALS PLC
[+]	GREENCORE GROUP PLC
[+]	CINEWORLD GROUP
[+]	Kier Group plc
[+]	NEWRIVER REIT PLC
[+]	KINGFISHER PLC
[+]	EASYJET PLC


THE SOFTWARE IS PROVIDED 'AS IS', WITHOUT WARRANTY OF ANY KIND, EXPRESS OR IMPLIED, INCLUDING BUT NOT LIMITED TO THE WARRANTIES OF MERCHANTABILITY, FITNESS FOR A PARTICULAR PURPOSE, TITLE AND NON-INFRINGEMENT. IN NO EVENT SHALL THE COPYRIGHT HOLDERS OR ANYONE DISTRIBUTING THE SOFTWARE BE LIABLE FOR ANY DAMAGES OR OTHER LIABILITY, WHETHER IN CONTRACT, TORT OR OTHERWISE, ARISING FROM, OUT OF OR IN CONNECTION WITH THE SOFTWARE OR THE USE OR OTHER DEALINGS IN THE SOFTWARE.

Dont forget to tip your server!
Bitcoin Cash (BCH)			qpz32c4lg7x7lnk9jg6qg7s4uavdce89myax5v5nuk
Ether (ETH)			0x843d3DEC2A4705BD4f45F674F641cE2D0022c9FB
Litecoin (LTC)			Lfk5y4F7KZa9oRxpazETwjQnHszEPvqPvu
Bitcoin (BTC)			14Dm7L3ABPtumPDcj3REAvs4L6w9YFRnHK
