##################################
##################################
##################################
Most Shorted Shares since [2019-06-24]
##################################
##################################
##################################

           Name of Share Issuer  Position Holder
0         WOOD GROUP (JOHN) PLC                6
1         THOMAS COOK GROUP PLC                5
2                      ASOS PLC                4
3                   EASYJET PLC                4
4           GREENCORE GROUP PLC                4
5   JUPITER FUND MANAGEMENT PLC                4
6                  JUST EAT PLC                4
7                Kier Group plc                4
8                  PETROFAC LTD                4
9            ANGLO AMERICAN PLC                3
10       BABCOCK INTL GROUP PLC                3
11                   CAPITA PLC                3
12     DOMINO'S PIZZA GROUP PLC                3
13               KINGFISHER PLC                3
14               METRO BANK PLC                3
15    MICRO FOCUS INTERNATIONAL                3
16                  PLUS500 LTD                3
17              PREMIER OIL PLC                3
18             SEVERN TRENT PLC                3
19               SUPERGROUP PLC                3

           Name of Share Issuer  Net Short Position (%)
0                Kier Group plc                    8.63
1           GREENCORE GROUP PLC                    7.69
2         THOMAS COOK GROUP PLC                    6.08
3         WOOD GROUP (JOHN) PLC                    5.62
4                   PLUS500 LTD                    5.00
5                       SIG PLC                    4.83
6                METRO BANK PLC                    4.59
7           INTU PROPERTIES PLC                    4.56
8        BABCOCK INTL GROUP PLC                    4.20
9                  PETROFAC LTD                    4.02
10              PREMIER OIL PLC                    3.94
11                 JUST EAT PLC                    3.58
12  JUPITER FUND MANAGEMENT PLC                    3.54
13                  EASYJET PLC                    3.47
14               NMC HEALTH PLC                    3.31
15                     ASOS PLC                    3.29
16               KINGFISHER PLC                    3.10
17       Arrow Global Group plc                    3.06
18              GREENE KING PLC                    2.71
19           WEIR GROUP PLC/THE                    2.69

#########[+]SUMMARY MOST OVERALL SHORTED[+]######################
#########[+]SUMMARY MOST OVERALL SHORTED[+]######################
#########[+]SUMMARY MOST OVERALL SHORTED[+]######################

[+]	KINGFISHER PLC
[+]	BABCOCK INTL GROUP PLC
[+]	PLUS500 LTD
[+]	THOMAS COOK GROUP PLC
[+]	WOOD GROUP (JOHN) PLC
[+]	EASYJET PLC
[+]	GREENCORE GROUP PLC
[+]	METRO BANK PLC
[+]	PETROFAC LTD
[+]	PREMIER OIL PLC
[+]	JUST EAT PLC
[+]	JUPITER FUND MANAGEMENT PLC
[+]	Kier Group plc
[+]	ASOS PLC


THE SOFTWARE IS PROVIDED 'AS IS', WITHOUT WARRANTY OF ANY KIND, EXPRESS OR IMPLIED, INCLUDING BUT NOT LIMITED TO THE WARRANTIES OF MERCHANTABILITY, FITNESS FOR A PARTICULAR PURPOSE, TITLE AND NON-INFRINGEMENT. IN NO EVENT SHALL THE COPYRIGHT HOLDERS OR ANYONE DISTRIBUTING THE SOFTWARE BE LIABLE FOR ANY DAMAGES OR OTHER LIABILITY, WHETHER IN CONTRACT, TORT OR OTHERWISE, ARISING FROM, OUT OF OR IN CONNECTION WITH THE SOFTWARE OR THE USE OR OTHER DEALINGS IN THE SOFTWARE.

Dont forget to tip your server!
Bitcoin Cash (BCH)			qpz32c4lg7x7lnk9jg6qg7s4uavdce89myax5v5nuk
Ether (ETH)			0x843d3DEC2A4705BD4f45F674F641cE2D0022c9FB
Litecoin (LTC)			Lfk5y4F7KZa9oRxpazETwjQnHszEPvqPvu
Bitcoin (BTC)			14Dm7L3ABPtumPDcj3REAvs4L6w9YFRnHK
