##################################
##################################
##################################
Most Shorted Shares since [2019-07-26]
##################################
##################################
##################################

           Name of Share Issuer  Position Holder
0            WEIR GROUP PLC/THE                6
1        Arrow Global Group plc                5
2                Kier Group plc                5
3              SEVERN TRENT PLC                5
4           SIRIUS MINERALS PLC                5
5                      ASOS PLC                4
6               CINEWORLD GROUP                4
7                 HAMMERSON PLC                4
8   JUPITER FUND MANAGEMENT PLC                4
9                KINGFISHER PLC                4
10            NEWRIVER REIT PLC                4
11               NMC HEALTH PLC                4
12              PREMIER OIL PLC                4
13        THOMAS COOK GROUP PLC                4
14        WOOD GROUP (JOHN) PLC                4
15        AUTO TRADER GROUP PLC                3
16                   CAPITA PLC                3
17          DIXONS CARPHONE PLC                3
18          GREENCORE GROUP PLC                3
19             GVC Holdings Plc                3

           Name of Share Issuer  Net Short Position (%)
0                Kier Group plc                   11.37
1         THOMAS COOK GROUP PLC                    8.20
2           GREENCORE GROUP PLC                    6.51
3           SIRIUS MINERALS PLC                    5.81
4               PREMIER OIL PLC                    5.42
5        Arrow Global Group plc                    5.32
6                NMC HEALTH PLC                    5.27
7                       SIG PLC                    5.03
8                      ASOS PLC                    4.42
9                KINGFISHER PLC                    4.35
10           WEIR GROUP PLC/THE                    4.10
11             SEVERN TRENT PLC                    3.84
12                Marston's plc                    3.82
13              CINEWORLD GROUP                    3.72
14                 PETROFAC LTD                    3.71
15                  PLUS500 LTD                    3.70
16          INTU PROPERTIES PLC                    3.61
17               METRO BANK PLC                    3.48
18  JUPITER FUND MANAGEMENT PLC                    3.47
19           ANGLO AMERICAN PLC                    3.30

#########[+]SUMMARY MOST OVERALL SHORTED[+]######################
#########[+]SUMMARY MOST OVERALL SHORTED[+]######################
#########[+]SUMMARY MOST OVERALL SHORTED[+]######################

[+]	JUPITER FUND MANAGEMENT PLC
[+]	Kier Group plc
[+]	PREMIER OIL PLC
[+]	THOMAS COOK GROUP PLC
[+]	SEVERN TRENT PLC
[+]	CINEWORLD GROUP
[+]	NMC HEALTH PLC
[+]	GREENCORE GROUP PLC
[+]	SIRIUS MINERALS PLC
[+]	ASOS PLC
[+]	Arrow Global Group plc
[+]	KINGFISHER PLC
[+]	WEIR GROUP PLC/THE


THE SOFTWARE IS PROVIDED 'AS IS', WITHOUT WARRANTY OF ANY KIND, EXPRESS OR IMPLIED, INCLUDING BUT NOT LIMITED TO THE WARRANTIES OF MERCHANTABILITY, FITNESS FOR A PARTICULAR PURPOSE, TITLE AND NON-INFRINGEMENT. IN NO EVENT SHALL THE COPYRIGHT HOLDERS OR ANYONE DISTRIBUTING THE SOFTWARE BE LIABLE FOR ANY DAMAGES OR OTHER LIABILITY, WHETHER IN CONTRACT, TORT OR OTHERWISE, ARISING FROM, OUT OF OR IN CONNECTION WITH THE SOFTWARE OR THE USE OR OTHER DEALINGS IN THE SOFTWARE.

Dont forget to tip your server!
Bitcoin Cash (BCH)			qpz32c4lg7x7lnk9jg6qg7s4uavdce89myax5v5nuk
Ether (ETH)			0x843d3DEC2A4705BD4f45F674F641cE2D0022c9FB
Litecoin (LTC)			Lfk5y4F7KZa9oRxpazETwjQnHszEPvqPvu
Bitcoin (BTC)			14Dm7L3ABPtumPDcj3REAvs4L6w9YFRnHK
