##################################
##################################
##################################
Most Shorted Shares since [2019-08-12]
##################################
##################################
##################################

             Name of Share Issuer  Position Holder
0           WOOD GROUP (JOHN) PLC                7
1                        ASOS PLC                5
2                  KINGFISHER PLC                5
3              WEIR GROUP PLC/THE                5
4                     BEAZLEY PLC                4
5                 CINEWORLD GROUP                4
6                        CYBG PLC                4
7                  Kier Group plc                4
8                  METRO BANK PLC                4
9                    PETROFAC LTD                4
10               SEVERN TRENT PLC                4
11           ST JAMES'S PLACE PLC                4
12                    AGGREKO PLC                3
13         BABCOCK INTL GROUP PLC                3
14  CAPITAL & COUNTIES PROPERTIES                3
15                    EASYJET PLC                3
16                  FRESNILLO PLC                3
17            GREENCORE GROUP PLC                3
18                     Greggs Plc                3
19                  HAMMERSON PLC                3

      Name of Share Issuer  Net Short Position (%)
0           Kier Group plc                    8.56
1    THOMAS COOK GROUP PLC                    8.20
2           METRO BANK PLC                    7.69
3      GREENCORE GROUP PLC                    6.36
4    WOOD GROUP (JOHN) PLC                    5.76
5           KINGFISHER PLC                    5.28
6                 ASOS PLC                    5.09
7                  SIG PLC                    4.98
8           NMC HEALTH PLC                    4.96
9      INTU PROPERTIES PLC                    4.40
10            PETROFAC LTD                    4.26
11         PREMIER OIL PLC                    4.08
12  BABCOCK INTL GROUP PLC                    4.06
13             EASYJET PLC                    4.00
14      WEIR GROUP PLC/THE                    3.83
15             BEAZLEY PLC                    3.66
16    ST JAMES'S PLACE PLC                    3.58
17         CINEWORLD GROUP                    3.46
18        SEVERN TRENT PLC                    3.17
19             PEARSON PLC                    3.08

#########[+]SUMMARY MOST OVERALL SHORTED[+]######################
#########[+]SUMMARY MOST OVERALL SHORTED[+]######################
#########[+]SUMMARY MOST OVERALL SHORTED[+]######################

[+]	METRO BANK PLC
[+]	EASYJET PLC
[+]	ST JAMES'S PLACE PLC
[+]	GREENCORE GROUP PLC
[+]	ASOS PLC
[+]	BEAZLEY PLC
[+]	WOOD GROUP (JOHN) PLC
[+]	PETROFAC LTD
[+]	KINGFISHER PLC
[+]	Kier Group plc
[+]	CINEWORLD GROUP
[+]	SEVERN TRENT PLC
[+]	BABCOCK INTL GROUP PLC
[+]	WEIR GROUP PLC/THE


THE SOFTWARE IS PROVIDED 'AS IS', WITHOUT WARRANTY OF ANY KIND, EXPRESS OR IMPLIED, INCLUDING BUT NOT LIMITED TO THE WARRANTIES OF MERCHANTABILITY, FITNESS FOR A PARTICULAR PURPOSE, TITLE AND NON-INFRINGEMENT. IN NO EVENT SHALL THE COPYRIGHT HOLDERS OR ANYONE DISTRIBUTING THE SOFTWARE BE LIABLE FOR ANY DAMAGES OR OTHER LIABILITY, WHETHER IN CONTRACT, TORT OR OTHERWISE, ARISING FROM, OUT OF OR IN CONNECTION WITH THE SOFTWARE OR THE USE OR OTHER DEALINGS IN THE SOFTWARE.

Dont forget to tip your server!
Bitcoin Cash (BCH)			qpz32c4lg7x7lnk9jg6qg7s4uavdce89myax5v5nuk
Ether (ETH)			0x843d3DEC2A4705BD4f45F674F641cE2D0022c9FB
Litecoin (LTC)			Lfk5y4F7KZa9oRxpazETwjQnHszEPvqPvu
Bitcoin (BTC)			14Dm7L3ABPtumPDcj3REAvs4L6w9YFRnHK
