##################################
##################################
##################################
Most Shorted Shares since [2019-06-18]
##################################
##################################
##################################

            Name of Share Issuer  Position Holder
0                    EASYJET PLC                5
1                 Kier Group plc                5
2   SMITH (DAVID S) HOLDINGS PLC                5
3          WOOD GROUP (JOHN) PLC                5
4                       ASOS PLC                4
5               CAIRN ENERGY PLC                4
6            GREENCORE GROUP PLC                4
7    JUPITER FUND MANAGEMENT PLC                4
8                   JUST EAT PLC                4
9                   PETROFAC LTD                4
10              SEVERN TRENT PLC                4
11         THOMAS COOK GROUP PLC                4
12            ANGLO AMERICAN PLC                3
13         AUTO TRADER GROUP PLC                3
14        BABCOCK INTL GROUP PLC                3
15                    CAPITA PLC                3
16           INTU PROPERTIES PLC                3
17                METRO BANK PLC                3
18                     MONDI PLC                3
19                   PLUS500 LTD                3

            Name of Share Issuer  Net Short Position (%)
0                 Kier Group plc                    9.28
1            GREENCORE GROUP PLC                    7.78
2            INTU PROPERTIES PLC                    5.74
3          THOMAS COOK GROUP PLC                    5.33
4                    PLUS500 LTD                    4.92
5                 METRO BANK PLC                    4.59
6          WOOD GROUP (JOHN) PLC                    4.42
7         BABCOCK INTL GROUP PLC                    4.39
8                        SIG PLC                    4.20
9                   PETROFAC LTD                    4.06
10                NMC HEALTH PLC                    3.93
11                   EASYJET PLC                    3.88
12               PREMIER OIL PLC                    3.88
13                  JUST EAT PLC                    3.66
14   JUPITER FUND MANAGEMENT PLC                    3.44
15  SMITH (DAVID S) HOLDINGS PLC                    3.30
16                      ASOS PLC                    3.19
17              SEVERN TRENT PLC                    2.97
18            WEIR GROUP PLC/THE                    2.69
19            ANGLO AMERICAN PLC                    2.68

#########[+]SUMMARY MOST OVERALL SHORTED[+]######################
#########[+]SUMMARY MOST OVERALL SHORTED[+]######################
#########[+]SUMMARY MOST OVERALL SHORTED[+]######################

[+]	SMITH (DAVID S) HOLDINGS PLC
[+]	JUPITER FUND MANAGEMENT PLC
[+]	JUST EAT PLC
[+]	PLUS500 LTD
[+]	BABCOCK INTL GROUP PLC
[+]	PETROFAC LTD
[+]	THOMAS COOK GROUP PLC
[+]	WOOD GROUP (JOHN) PLC
[+]	ANGLO AMERICAN PLC
[+]	METRO BANK PLC
[+]	EASYJET PLC
[+]	INTU PROPERTIES PLC
[+]	ASOS PLC
[+]	SEVERN TRENT PLC
[+]	GREENCORE GROUP PLC
[+]	Kier Group plc


THE SOFTWARE IS PROVIDED 'AS IS', WITHOUT WARRANTY OF ANY KIND, EXPRESS OR IMPLIED, INCLUDING BUT NOT LIMITED TO THE WARRANTIES OF MERCHANTABILITY, FITNESS FOR A PARTICULAR PURPOSE, TITLE AND NON-INFRINGEMENT. IN NO EVENT SHALL THE COPYRIGHT HOLDERS OR ANYONE DISTRIBUTING THE SOFTWARE BE LIABLE FOR ANY DAMAGES OR OTHER LIABILITY, WHETHER IN CONTRACT, TORT OR OTHERWISE, ARISING FROM, OUT OF OR IN CONNECTION WITH THE SOFTWARE OR THE USE OR OTHER DEALINGS IN THE SOFTWARE.

Dont forget to tip your server!
Bitcoin Cash (BCH)			qpz32c4lg7x7lnk9jg6qg7s4uavdce89myax5v5nuk
Ether (ETH)			0x843d3DEC2A4705BD4f45F674F641cE2D0022c9FB
Litecoin (LTC)			Lfk5y4F7KZa9oRxpazETwjQnHszEPvqPvu
Bitcoin (BTC)			14Dm7L3ABPtumPDcj3REAvs4L6w9YFRnHK
