##################################
##################################
##################################
Most Shorted Shares since [2019-08-02]
##################################
##################################
##################################

             Name of Share Issuer  Position Holder
0                 CINEWORLD GROUP                6
1              WEIR GROUP PLC/THE                6
2                        ASOS PLC                5
3          Arrow Global Group plc                5
4                  Kier Group plc                5
5                  NMC HEALTH PLC                5
6                    PETROFAC LTD                5
7                SEVERN TRENT PLC                5
8           WOOD GROUP (JOHN) PLC                5
9          BABCOCK INTL GROUP PLC                4
10                    BEAZLEY PLC                4
11                       CYBG PLC                4
12                  HAMMERSON PLC                4
13                 KINGFISHER PLC                4
14                 METRO BANK PLC                4
15                    PLUS500 LTD                4
16                PREMIER OIL PLC                4
17            SIRIUS MINERALS PLC                4
18          THOMAS COOK GROUP PLC                4
19  CAPITAL & COUNTIES PROPERTIES                3

      Name of Share Issuer  Net Short Position (%)
0           Kier Group plc                   11.30
1    THOMAS COOK GROUP PLC                    7.64
2           METRO BANK PLC                    7.58
3      GREENCORE GROUP PLC                    6.38
4           NMC HEALTH PLC                    6.05
5             PETROFAC LTD                    5.66
6          CINEWORLD GROUP                    5.34
7          PREMIER OIL PLC                    5.29
8              PLUS500 LTD                    5.28
9                 ASOS PLC                    5.09
10  Arrow Global Group plc                    5.05
11                 SIG PLC                    4.98
12   WOOD GROUP (JOHN) PLC                    4.80
13  BABCOCK INTL GROUP PLC                    4.77
14     SIRIUS MINERALS PLC                    4.64
15          KINGFISHER PLC                    4.36
16      WEIR GROUP PLC/THE                    4.25
17             PEARSON PLC                    4.08
18        SEVERN TRENT PLC                    3.92
19             BEAZLEY PLC                    3.66

#########[+]SUMMARY MOST OVERALL SHORTED[+]######################
#########[+]SUMMARY MOST OVERALL SHORTED[+]######################
#########[+]SUMMARY MOST OVERALL SHORTED[+]######################

[+]	THOMAS COOK GROUP PLC
[+]	CINEWORLD GROUP
[+]	PREMIER OIL PLC
[+]	PETROFAC LTD
[+]	NMC HEALTH PLC
[+]	BEAZLEY PLC
[+]	KINGFISHER PLC
[+]	WEIR GROUP PLC/THE
[+]	METRO BANK PLC
[+]	Kier Group plc
[+]	BABCOCK INTL GROUP PLC
[+]	PLUS500 LTD
[+]	SIRIUS MINERALS PLC
[+]	WOOD GROUP (JOHN) PLC
[+]	SEVERN TRENT PLC
[+]	ASOS PLC
[+]	Arrow Global Group plc


THE SOFTWARE IS PROVIDED 'AS IS', WITHOUT WARRANTY OF ANY KIND, EXPRESS OR IMPLIED, INCLUDING BUT NOT LIMITED TO THE WARRANTIES OF MERCHANTABILITY, FITNESS FOR A PARTICULAR PURPOSE, TITLE AND NON-INFRINGEMENT. IN NO EVENT SHALL THE COPYRIGHT HOLDERS OR ANYONE DISTRIBUTING THE SOFTWARE BE LIABLE FOR ANY DAMAGES OR OTHER LIABILITY, WHETHER IN CONTRACT, TORT OR OTHERWISE, ARISING FROM, OUT OF OR IN CONNECTION WITH THE SOFTWARE OR THE USE OR OTHER DEALINGS IN THE SOFTWARE.

Dont forget to tip your server!
Bitcoin Cash (BCH)			qpz32c4lg7x7lnk9jg6qg7s4uavdce89myax5v5nuk
Ether (ETH)			0x843d3DEC2A4705BD4f45F674F641cE2D0022c9FB
Litecoin (LTC)			Lfk5y4F7KZa9oRxpazETwjQnHszEPvqPvu
Bitcoin (BTC)			14Dm7L3ABPtumPDcj3REAvs4L6w9YFRnHK
