##################################
##################################
##################################
Most Shorted Shares since [2019-08-14]
##################################
##################################
##################################

             Name of Share Issuer  Position Holder
0           WOOD GROUP (JOHN) PLC                7
1                  KINGFISHER PLC                5
2                     PLUS500 LTD                5
3                        ASOS PLC                4
4                     BEAZLEY PLC                4
5                 CINEWORLD GROUP                4
6                        CYBG PLC                4
7             GREENCORE GROUP PLC                4
8                  METRO BANK PLC                4
9            ST JAMES'S PLACE PLC                4
10          THOMAS COOK GROUP PLC                4
11             WEIR GROUP PLC/THE                4
12                    AGGREKO PLC                3
13         BABCOCK INTL GROUP PLC                3
14  CAPITAL & COUNTIES PROPERTIES                3
15                    EASYJET PLC                3
16                  FRESNILLO PLC                3
17                     Greggs Plc                3
18                  HAMMERSON PLC                3
19                 Kier Group plc                3

         Name of Share Issuer  Net Short Position (%)
0       THOMAS COOK GROUP PLC                    8.90
1              METRO BANK PLC                    7.69
2       WOOD GROUP (JOHN) PLC                    7.54
3                      AA PLC                    7.09
4         GREENCORE GROUP PLC                    6.88
5                 PLUS500 LTD                    6.15
6              Kier Group plc                    5.38
7              KINGFISHER PLC                    5.19
8                     SIG PLC                    4.98
9                    ASOS PLC                    4.49
10             NMC HEALTH PLC                    4.20
11            CINEWORLD GROUP                    4.01
12                EASYJET PLC                    4.00
13     BABCOCK INTL GROUP PLC                    3.97
14                BEAZLEY PLC                    3.75
15                PEARSON PLC                    3.72
16       ST JAMES'S PLACE PLC                    3.58
17         WEIR GROUP PLC/THE                    3.21
18            PREMIER OIL PLC                    3.19
19  MARKS & SPENCER GROUP PLC                    3.13

#########[+]SUMMARY MOST OVERALL SHORTED[+]######################
#########[+]SUMMARY MOST OVERALL SHORTED[+]######################
#########[+]SUMMARY MOST OVERALL SHORTED[+]######################

[+]	WOOD GROUP (JOHN) PLC
[+]	BEAZLEY PLC
[+]	KINGFISHER PLC
[+]	ST JAMES'S PLACE PLC
[+]	EASYJET PLC
[+]	WEIR GROUP PLC/THE
[+]	CINEWORLD GROUP
[+]	METRO BANK PLC
[+]	PLUS500 LTD
[+]	ASOS PLC
[+]	GREENCORE GROUP PLC
[+]	THOMAS COOK GROUP PLC
[+]	BABCOCK INTL GROUP PLC
[+]	Kier Group plc


THE SOFTWARE IS PROVIDED 'AS IS', WITHOUT WARRANTY OF ANY KIND, EXPRESS OR IMPLIED, INCLUDING BUT NOT LIMITED TO THE WARRANTIES OF MERCHANTABILITY, FITNESS FOR A PARTICULAR PURPOSE, TITLE AND NON-INFRINGEMENT. IN NO EVENT SHALL THE COPYRIGHT HOLDERS OR ANYONE DISTRIBUTING THE SOFTWARE BE LIABLE FOR ANY DAMAGES OR OTHER LIABILITY, WHETHER IN CONTRACT, TORT OR OTHERWISE, ARISING FROM, OUT OF OR IN CONNECTION WITH THE SOFTWARE OR THE USE OR OTHER DEALINGS IN THE SOFTWARE.

Dont forget to tip your server!
Bitcoin Cash (BCH)			qpz32c4lg7x7lnk9jg6qg7s4uavdce89myax5v5nuk
Ether (ETH)			0x843d3DEC2A4705BD4f45F674F641cE2D0022c9FB
Litecoin (LTC)			Lfk5y4F7KZa9oRxpazETwjQnHszEPvqPvu
Bitcoin (BTC)			14Dm7L3ABPtumPDcj3REAvs4L6w9YFRnHK
