##################################
##################################
##################################
Most Shorted Shares since [2019-06-27]
##################################
##################################
##################################

           Name of Share Issuer  Position Holder
0         WOOD GROUP (JOHN) PLC                7
1           GREENCORE GROUP PLC                4
2   JUPITER FUND MANAGEMENT PLC                4
3                  JUST EAT PLC                4
4                KINGFISHER PLC                4
5                Kier Group plc                4
6     MARKS & SPENCER GROUP PLC                4
7         THOMAS COOK GROUP PLC                4
8            ANGLO AMERICAN PLC                3
9        Arrow Global Group plc                3
10       BABCOCK INTL GROUP PLC                3
11                   CAPITA PLC                3
12                     CYBG PLC                3
13                  EASYJET PLC                3
14    MICRO FOCUS INTERNATIONAL                3
15                  PEARSON PLC                3
16                  PLUS500 LTD                3
17             SEVERN TRENT PLC                3
18               SUPERGROUP PLC                3
19           WEIR GROUP PLC/THE                3

            Name of Share Issuer  Net Short Position (%)
0                 Kier Group plc                    9.03
1          WOOD GROUP (JOHN) PLC                    7.69
2            GREENCORE GROUP PLC                    7.66
3          THOMAS COOK GROUP PLC                    7.58
4                        SIG PLC                    4.83
5                    PLUS500 LTD                    4.68
6            INTU PROPERTIES PLC                    4.56
7                    PEARSON PLC                    4.34
8                 KINGFISHER PLC                    4.22
9         BABCOCK INTL GROUP PLC                    4.20
10                METRO BANK PLC                    3.90
11        Arrow Global Group plc                    3.85
12                  JUST EAT PLC                    3.64
13   JUPITER FUND MANAGEMENT PLC                    3.62
14     MARKS & SPENCER GROUP PLC                    3.34
15                   EASYJET PLC                    3.08
16               GREENE KING PLC                    2.80
17            ANGLO AMERICAN PLC                    2.68
18            WEIR GROUP PLC/THE                    2.68
19  ACCESSO TECHNOLOGY GROUP PLC                    2.64

#########[+]SUMMARY MOST OVERALL SHORTED[+]######################
#########[+]SUMMARY MOST OVERALL SHORTED[+]######################
#########[+]SUMMARY MOST OVERALL SHORTED[+]######################

[+]	KINGFISHER PLC
[+]	JUST EAT PLC
[+]	PLUS500 LTD
[+]	THOMAS COOK GROUP PLC
[+]	Arrow Global Group plc
[+]	JUPITER FUND MANAGEMENT PLC
[+]	BABCOCK INTL GROUP PLC
[+]	ANGLO AMERICAN PLC
[+]	WEIR GROUP PLC/THE
[+]	Kier Group plc
[+]	MARKS & SPENCER GROUP PLC
[+]	GREENCORE GROUP PLC
[+]	PEARSON PLC
[+]	WOOD GROUP (JOHN) PLC
[+]	EASYJET PLC


THE SOFTWARE IS PROVIDED 'AS IS', WITHOUT WARRANTY OF ANY KIND, EXPRESS OR IMPLIED, INCLUDING BUT NOT LIMITED TO THE WARRANTIES OF MERCHANTABILITY, FITNESS FOR A PARTICULAR PURPOSE, TITLE AND NON-INFRINGEMENT. IN NO EVENT SHALL THE COPYRIGHT HOLDERS OR ANYONE DISTRIBUTING THE SOFTWARE BE LIABLE FOR ANY DAMAGES OR OTHER LIABILITY, WHETHER IN CONTRACT, TORT OR OTHERWISE, ARISING FROM, OUT OF OR IN CONNECTION WITH THE SOFTWARE OR THE USE OR OTHER DEALINGS IN THE SOFTWARE.

Dont forget to tip your server!
Bitcoin Cash (BCH)			qpz32c4lg7x7lnk9jg6qg7s4uavdce89myax5v5nuk
Ether (ETH)			0x843d3DEC2A4705BD4f45F674F641cE2D0022c9FB
Litecoin (LTC)			Lfk5y4F7KZa9oRxpazETwjQnHszEPvqPvu
Bitcoin (BTC)			14Dm7L3ABPtumPDcj3REAvs4L6w9YFRnHK
