##################################
##################################
##################################
Most Shorted Shares since [2019-08-13]
##################################
##################################
##################################

             Name of Share Issuer  Position Holder
0           WOOD GROUP (JOHN) PLC                7
1                  KINGFISHER PLC                5
2                  Kier Group plc                5
3                     PLUS500 LTD                5
4                        ASOS PLC                4
5                     BEAZLEY PLC                4
6                 CINEWORLD GROUP                4
7                        CYBG PLC                4
8             GREENCORE GROUP PLC                4
9                   HAMMERSON PLC                4
10                 METRO BANK PLC                4
11               SEVERN TRENT PLC                4
12           ST JAMES'S PLACE PLC                4
13          THOMAS COOK GROUP PLC                4
14             WEIR GROUP PLC/THE                4
15                    AGGREKO PLC                3
16         BABCOCK INTL GROUP PLC                3
17  CAPITAL & COUNTIES PROPERTIES                3
18                    EASYJET PLC                3
19                  FRESNILLO PLC                3

         Name of Share Issuer  Net Short Position (%)
0              Kier Group plc                   10.81
1       THOMAS COOK GROUP PLC                    8.90
2              METRO BANK PLC                    7.69
3       WOOD GROUP (JOHN) PLC                    7.53
4         GREENCORE GROUP PLC                    6.96
5                 PLUS500 LTD                    6.07
6              KINGFISHER PLC                    5.19
7                     SIG PLC                    4.98
8                    ASOS PLC                    4.59
9              NMC HEALTH PLC                    4.20
10                EASYJET PLC                    4.00
11     BABCOCK INTL GROUP PLC                    3.97
12            CINEWORLD GROUP                    3.88
13                BEAZLEY PLC                    3.75
14                PEARSON PLC                    3.72
15       ST JAMES'S PLACE PLC                    3.58
16         WEIR GROUP PLC/THE                    3.21
17            PREMIER OIL PLC                    3.19
18           SEVERN TRENT PLC                    3.17
19  MARKS & SPENCER GROUP PLC                    3.13

#########[+]SUMMARY MOST OVERALL SHORTED[+]######################
#########[+]SUMMARY MOST OVERALL SHORTED[+]######################
#########[+]SUMMARY MOST OVERALL SHORTED[+]######################

[+]	Kier Group plc
[+]	WOOD GROUP (JOHN) PLC
[+]	KINGFISHER PLC
[+]	THOMAS COOK GROUP PLC
[+]	BABCOCK INTL GROUP PLC
[+]	GREENCORE GROUP PLC
[+]	WEIR GROUP PLC/THE
[+]	PLUS500 LTD
[+]	EASYJET PLC
[+]	CINEWORLD GROUP
[+]	BEAZLEY PLC
[+]	SEVERN TRENT PLC
[+]	ASOS PLC
[+]	METRO BANK PLC
[+]	ST JAMES'S PLACE PLC


THE SOFTWARE IS PROVIDED 'AS IS', WITHOUT WARRANTY OF ANY KIND, EXPRESS OR IMPLIED, INCLUDING BUT NOT LIMITED TO THE WARRANTIES OF MERCHANTABILITY, FITNESS FOR A PARTICULAR PURPOSE, TITLE AND NON-INFRINGEMENT. IN NO EVENT SHALL THE COPYRIGHT HOLDERS OR ANYONE DISTRIBUTING THE SOFTWARE BE LIABLE FOR ANY DAMAGES OR OTHER LIABILITY, WHETHER IN CONTRACT, TORT OR OTHERWISE, ARISING FROM, OUT OF OR IN CONNECTION WITH THE SOFTWARE OR THE USE OR OTHER DEALINGS IN THE SOFTWARE.

Dont forget to tip your server!
Bitcoin Cash (BCH)			qpz32c4lg7x7lnk9jg6qg7s4uavdce89myax5v5nuk
Ether (ETH)			0x843d3DEC2A4705BD4f45F674F641cE2D0022c9FB
Litecoin (LTC)			Lfk5y4F7KZa9oRxpazETwjQnHszEPvqPvu
Bitcoin (BTC)			14Dm7L3ABPtumPDcj3REAvs4L6w9YFRnHK
