##################################
##################################
##################################
Most Shorted Shares since [2019-08-15]
##################################
##################################
##################################

             Name of Share Issuer  Position Holder
0           WOOD GROUP (JOHN) PLC                7
1                        ASOS PLC                5
2                  KINGFISHER PLC                5
3                     PLUS500 LTD                5
4              WEIR GROUP PLC/THE                5
5                 CINEWORLD GROUP                4
6                        CYBG PLC                4
7             GREENCORE GROUP PLC                4
8                  METRO BANK PLC                4
9            ST JAMES'S PLACE PLC                4
10          THOMAS COOK GROUP PLC                4
11                  A.G. Barr PLC                3
12                    BEAZLEY PLC                3
13  CAPITAL & COUNTIES PROPERTIES                3
14                  FRESNILLO PLC                3
15      MARKS & SPENCER GROUP PLC                3
16                    PEARSON PLC                3
17                  RIGHTMOVE PLC                3
18               SEVERN TRENT PLC                3
19   SMITH (DAVID S) HOLDINGS PLC                3

         Name of Share Issuer  Net Short Position (%)
0       THOMAS COOK GROUP PLC                    9.14
1              METRO BANK PLC                    7.85
2       WOOD GROUP (JOHN) PLC                    7.56
3                      AA PLC                    7.09
4         GREENCORE GROUP PLC                    6.88
5                 PLUS500 LTD                    6.14
6              KINGFISHER PLC                    5.19
7                    ASOS PLC                    5.09
8              NMC HEALTH PLC                    4.20
9          WEIR GROUP PLC/THE                    4.01
10            CINEWORLD GROUP                    4.01
11       ST JAMES'S PLACE PLC                    3.77
12                PEARSON PLC                    3.73
13                EASYJET PLC                    3.48
14              A.G. Barr PLC                    3.28
15            PREMIER OIL PLC                    3.19
16  MARKS & SPENCER GROUP PLC                    3.13
17                BEAZLEY PLC                    3.13
18             Kier Group plc                    2.98
19                 CAPITA PLC                    2.90

#########[+]SUMMARY MOST OVERALL SHORTED[+]######################
#########[+]SUMMARY MOST OVERALL SHORTED[+]######################
#########[+]SUMMARY MOST OVERALL SHORTED[+]######################

[+]	PLUS500 LTD
[+]	WOOD GROUP (JOHN) PLC
[+]	MARKS & SPENCER GROUP PLC
[+]	CINEWORLD GROUP
[+]	ST JAMES'S PLACE PLC
[+]	BEAZLEY PLC
[+]	A.G. Barr PLC
[+]	KINGFISHER PLC
[+]	THOMAS COOK GROUP PLC
[+]	METRO BANK PLC
[+]	ASOS PLC
[+]	PEARSON PLC
[+]	WEIR GROUP PLC/THE
[+]	GREENCORE GROUP PLC


THE SOFTWARE IS PROVIDED 'AS IS', WITHOUT WARRANTY OF ANY KIND, EXPRESS OR IMPLIED, INCLUDING BUT NOT LIMITED TO THE WARRANTIES OF MERCHANTABILITY, FITNESS FOR A PARTICULAR PURPOSE, TITLE AND NON-INFRINGEMENT. IN NO EVENT SHALL THE COPYRIGHT HOLDERS OR ANYONE DISTRIBUTING THE SOFTWARE BE LIABLE FOR ANY DAMAGES OR OTHER LIABILITY, WHETHER IN CONTRACT, TORT OR OTHERWISE, ARISING FROM, OUT OF OR IN CONNECTION WITH THE SOFTWARE OR THE USE OR OTHER DEALINGS IN THE SOFTWARE.

Dont forget to tip your server!
Bitcoin Cash (BCH)			qpz32c4lg7x7lnk9jg6qg7s4uavdce89myax5v5nuk
Ether (ETH)			0x843d3DEC2A4705BD4f45F674F641cE2D0022c9FB
Litecoin (LTC)			Lfk5y4F7KZa9oRxpazETwjQnHszEPvqPvu
Bitcoin (BTC)			14Dm7L3ABPtumPDcj3REAvs4L6w9YFRnHK
