##################################
##################################
##################################
Most Shorted Shares since [2019-06-25]
##################################
##################################
##################################

           Name of Share Issuer  Position Holder
0         WOOD GROUP (JOHN) PLC                6
1                   EASYJET PLC                4
2           GREENCORE GROUP PLC                4
3   JUPITER FUND MANAGEMENT PLC                4
4                  JUST EAT PLC                4
5                KINGFISHER PLC                4
6                Kier Group plc                4
7         THOMAS COOK GROUP PLC                4
8            ANGLO AMERICAN PLC                3
9                      ASOS PLC                3
10       Arrow Global Group plc                3
11       BABCOCK INTL GROUP PLC                3
12                   CAPITA PLC                3
13                     CYBG PLC                3
14     DOMINO'S PIZZA GROUP PLC                3
15    MARKS & SPENCER GROUP PLC                3
16               METRO BANK PLC                3
17    MICRO FOCUS INTERNATIONAL                3
18                  PEARSON PLC                3
19                 PETROFAC LTD                3

           Name of Share Issuer  Net Short Position (%)
0                Kier Group plc                    8.78
1           GREENCORE GROUP PLC                    7.66
2         THOMAS COOK GROUP PLC                    7.30
3         WOOD GROUP (JOHN) PLC                    5.24
4                       SIG PLC                    4.83
5                METRO BANK PLC                    4.59
6           INTU PROPERTIES PLC                    4.56
7                   PEARSON PLC                    4.25
8                KINGFISHER PLC                    4.22
9        BABCOCK INTL GROUP PLC                    4.20
10                  PLUS500 LTD                    4.05
11       Arrow Global Group plc                    3.85
12                  EASYJET PLC                    3.58
13                 JUST EAT PLC                    3.58
14  JUPITER FUND MANAGEMENT PLC                    3.54
15               NMC HEALTH PLC                    3.31
16              PREMIER OIL PLC                    2.93
17      PROVIDENT FINANCIAL PLC                    2.81
18              GREENE KING PLC                    2.80
19    MARKS & SPENCER GROUP PLC                    2.74

#########[+]SUMMARY MOST OVERALL SHORTED[+]######################
#########[+]SUMMARY MOST OVERALL SHORTED[+]######################
#########[+]SUMMARY MOST OVERALL SHORTED[+]######################

[+]	Arrow Global Group plc
[+]	JUPITER FUND MANAGEMENT PLC
[+]	Kier Group plc
[+]	BABCOCK INTL GROUP PLC
[+]	GREENCORE GROUP PLC
[+]	THOMAS COOK GROUP PLC
[+]	EASYJET PLC
[+]	JUST EAT PLC
[+]	METRO BANK PLC
[+]	WOOD GROUP (JOHN) PLC
[+]	MARKS & SPENCER GROUP PLC
[+]	KINGFISHER PLC
[+]	PEARSON PLC


THE SOFTWARE IS PROVIDED 'AS IS', WITHOUT WARRANTY OF ANY KIND, EXPRESS OR IMPLIED, INCLUDING BUT NOT LIMITED TO THE WARRANTIES OF MERCHANTABILITY, FITNESS FOR A PARTICULAR PURPOSE, TITLE AND NON-INFRINGEMENT. IN NO EVENT SHALL THE COPYRIGHT HOLDERS OR ANYONE DISTRIBUTING THE SOFTWARE BE LIABLE FOR ANY DAMAGES OR OTHER LIABILITY, WHETHER IN CONTRACT, TORT OR OTHERWISE, ARISING FROM, OUT OF OR IN CONNECTION WITH THE SOFTWARE OR THE USE OR OTHER DEALINGS IN THE SOFTWARE.

Dont forget to tip your server!
Bitcoin Cash (BCH)			qpz32c4lg7x7lnk9jg6qg7s4uavdce89myax5v5nuk
Ether (ETH)			0x843d3DEC2A4705BD4f45F674F641cE2D0022c9FB
Litecoin (LTC)			Lfk5y4F7KZa9oRxpazETwjQnHszEPvqPvu
Bitcoin (BTC)			14Dm7L3ABPtumPDcj3REAvs4L6w9YFRnHK
