##################################
##################################
##################################
Most Shorted Shares since [2019-08-09]
##################################
##################################
##################################

             Name of Share Issuer  Position Holder
0                 CINEWORLD GROUP                6
1           WOOD GROUP (JOHN) PLC                6
2                        ASOS PLC                5
3                  KINGFISHER PLC                5
4                    PETROFAC LTD                5
5                SEVERN TRENT PLC                5
6              WEIR GROUP PLC/THE                5
7                     BEAZLEY PLC                4
8                        CYBG PLC                4
9                  Kier Group plc                4
10                 METRO BANK PLC                4
11                 NMC HEALTH PLC                4
12                    PLUS500 LTD                4
13           ST JAMES'S PLACE PLC                4
14                    AGGREKO PLC                3
15         BABCOCK INTL GROUP PLC                3
16  CAPITAL & COUNTIES PROPERTIES                3
17                    EASYJET PLC                3
18                  FRESNILLO PLC                3
19            GREENCORE GROUP PLC                3

      Name of Share Issuer  Net Short Position (%)
0           Kier Group plc                    8.56
1    THOMAS COOK GROUP PLC                    8.05
2           METRO BANK PLC                    7.69
3      GREENCORE GROUP PLC                    6.48
4             PETROFAC LTD                    5.66
5           NMC HEALTH PLC                    5.47
6           KINGFISHER PLC                    5.46
7              PLUS500 LTD                    5.35
8          CINEWORLD GROUP                    5.34
9    WOOD GROUP (JOHN) PLC                    5.31
10                ASOS PLC                    5.09
11                 SIG PLC                    4.98
12     INTU PROPERTIES PLC                    4.40
13             PEARSON PLC                    4.12
14         PREMIER OIL PLC                    4.08
15  BABCOCK INTL GROUP PLC                    4.06
16             EASYJET PLC                    3.92
17      WEIR GROUP PLC/THE                    3.83
18        SEVERN TRENT PLC                    3.81
19             BEAZLEY PLC                    3.66

#########[+]SUMMARY MOST OVERALL SHORTED[+]######################
#########[+]SUMMARY MOST OVERALL SHORTED[+]######################
#########[+]SUMMARY MOST OVERALL SHORTED[+]######################

[+]	Kier Group plc
[+]	METRO BANK PLC
[+]	SEVERN TRENT PLC
[+]	EASYJET PLC
[+]	GREENCORE GROUP PLC
[+]	PETROFAC LTD
[+]	CINEWORLD GROUP
[+]	WOOD GROUP (JOHN) PLC
[+]	WEIR GROUP PLC/THE
[+]	BEAZLEY PLC
[+]	ASOS PLC
[+]	KINGFISHER PLC
[+]	BABCOCK INTL GROUP PLC
[+]	NMC HEALTH PLC
[+]	PLUS500 LTD


THE SOFTWARE IS PROVIDED 'AS IS', WITHOUT WARRANTY OF ANY KIND, EXPRESS OR IMPLIED, INCLUDING BUT NOT LIMITED TO THE WARRANTIES OF MERCHANTABILITY, FITNESS FOR A PARTICULAR PURPOSE, TITLE AND NON-INFRINGEMENT. IN NO EVENT SHALL THE COPYRIGHT HOLDERS OR ANYONE DISTRIBUTING THE SOFTWARE BE LIABLE FOR ANY DAMAGES OR OTHER LIABILITY, WHETHER IN CONTRACT, TORT OR OTHERWISE, ARISING FROM, OUT OF OR IN CONNECTION WITH THE SOFTWARE OR THE USE OR OTHER DEALINGS IN THE SOFTWARE.

Dont forget to tip your server!
Bitcoin Cash (BCH)			qpz32c4lg7x7lnk9jg6qg7s4uavdce89myax5v5nuk
Ether (ETH)			0x843d3DEC2A4705BD4f45F674F641cE2D0022c9FB
Litecoin (LTC)			Lfk5y4F7KZa9oRxpazETwjQnHszEPvqPvu
Bitcoin (BTC)			14Dm7L3ABPtumPDcj3REAvs4L6w9YFRnHK
