##################################
##################################
##################################
Most Shorted Shares since [2019-07-09]
##################################
##################################
##################################

           Name of Share Issuer  Position Holder
0                Kier Group plc                5
1              SEVERN TRENT PLC                5
2         WOOD GROUP (JOHN) PLC                5
3   JUPITER FUND MANAGEMENT PLC                4
4     MARKS & SPENCER GROUP PLC                4
5             NEWRIVER REIT PLC                4
6                   PLUS500 LTD                4
7           SIRIUS MINERALS PLC                4
8            ANGLO AMERICAN PLC                3
9                      ASOS PLC                3
10        AUTO TRADER GROUP PLC                3
11                   CAPITA PLC                3
12              CINEWORLD GROUP                3
13                  DIGNITY PLC                3
14                  EASYJET PLC                3
15          GREENCORE GROUP PLC                3
16                HAMMERSON PLC                3
17                    MONDI PLC                3
18                RIGHTMOVE PLC                3
19         ST JAMES'S PLACE PLC                3

            Name of Share Issuer  Net Short Position (%)
0                 Kier Group plc                   10.92
1            GREENCORE GROUP PLC                    6.87
2          THOMAS COOK GROUP PLC                    6.45
3          WOOD GROUP (JOHN) PLC                    5.69
4                    PLUS500 LTD                    5.57
5                        SIG PLC                    5.35
6             ANGLO AMERICAN PLC                    5.19
7                        IQE PLC                    4.33
8                 METRO BANK PLC                    3.82
9               SEVERN TRENT PLC                    3.72
10     MARKS & SPENCER GROUP PLC                    3.60
11   JUPITER FUND MANAGEMENT PLC                    3.59
12                   PEARSON PLC                    3.42
13               PREMIER OIL PLC                    3.23
14                   EASYJET PLC                    3.05
15             NEWRIVER REIT PLC                    2.97
16           SIRIUS MINERALS PLC                    2.90
17            Go-Ahead Group PLC                    2.82
18                   DIGNITY PLC                    2.81
19  ACCESSO TECHNOLOGY GROUP PLC                    2.80

#########[+]SUMMARY MOST OVERALL SHORTED[+]######################
#########[+]SUMMARY MOST OVERALL SHORTED[+]######################
#########[+]SUMMARY MOST OVERALL SHORTED[+]######################

[+]	MARKS & SPENCER GROUP PLC
[+]	NEWRIVER REIT PLC
[+]	ANGLO AMERICAN PLC
[+]	WOOD GROUP (JOHN) PLC
[+]	DIGNITY PLC
[+]	EASYJET PLC
[+]	PLUS500 LTD
[+]	GREENCORE GROUP PLC
[+]	SEVERN TRENT PLC
[+]	JUPITER FUND MANAGEMENT PLC
[+]	SIRIUS MINERALS PLC
[+]	Kier Group plc


THE SOFTWARE IS PROVIDED 'AS IS', WITHOUT WARRANTY OF ANY KIND, EXPRESS OR IMPLIED, INCLUDING BUT NOT LIMITED TO THE WARRANTIES OF MERCHANTABILITY, FITNESS FOR A PARTICULAR PURPOSE, TITLE AND NON-INFRINGEMENT. IN NO EVENT SHALL THE COPYRIGHT HOLDERS OR ANYONE DISTRIBUTING THE SOFTWARE BE LIABLE FOR ANY DAMAGES OR OTHER LIABILITY, WHETHER IN CONTRACT, TORT OR OTHERWISE, ARISING FROM, OUT OF OR IN CONNECTION WITH THE SOFTWARE OR THE USE OR OTHER DEALINGS IN THE SOFTWARE.

Dont forget to tip your server!
Bitcoin Cash (BCH)			qpz32c4lg7x7lnk9jg6qg7s4uavdce89myax5v5nuk
Ether (ETH)			0x843d3DEC2A4705BD4f45F674F641cE2D0022c9FB
Litecoin (LTC)			Lfk5y4F7KZa9oRxpazETwjQnHszEPvqPvu
Bitcoin (BTC)			14Dm7L3ABPtumPDcj3REAvs4L6w9YFRnHK
