##################################
##################################
##################################
Most Shorted Shares since [2019-07-04]
##################################
##################################
##################################

           Name of Share Issuer  Position Holder
0                Kier Group plc                5
1              SEVERN TRENT PLC                5
2         WOOD GROUP (JOHN) PLC                5
3        BABCOCK INTL GROUP PLC                4
4                   EASYJET PLC                4
5   JUPITER FUND MANAGEMENT PLC                4
6                  JUST EAT PLC                4
7                KINGFISHER PLC                4
8     MARKS & SPENCER GROUP PLC                4
9             NEWRIVER REIT PLC                4
10                  PLUS500 LTD                4
11        THOMAS COOK GROUP PLC                4
12                WHITBREAD PLC                4
13        AUTO TRADER GROUP PLC                3
14       Arrow Global Group plc                3
15                   CAPITA PLC                3
16              CINEWORLD GROUP                3
17                  DIGNITY PLC                3
18          GREENCORE GROUP PLC                3
19                HAMMERSON PLC                3

           Name of Share Issuer  Net Short Position (%)
0                Kier Group plc                   10.91
1         THOMAS COOK GROUP PLC                    6.96
2           GREENCORE GROUP PLC                    6.87
3         WOOD GROUP (JOHN) PLC                    6.16
4                   PLUS500 LTD                    5.57
5                       SIG PLC                    5.35
6        BABCOCK INTL GROUP PLC                    4.79
7           INTU PROPERTIES PLC                    4.46
8                   PEARSON PLC                    4.41
9                KINGFISHER PLC                    4.22
10           ANGLO AMERICAN PLC                    4.06
11                 JUST EAT PLC                    3.64
12             SEVERN TRENT PLC                    3.63
13  JUPITER FUND MANAGEMENT PLC                    3.59
14    MARKS & SPENCER GROUP PLC                    3.49
15                  EASYJET PLC                    3.49
16              PREMIER OIL PLC                    3.23
17               METRO BANK PLC                    3.10
18            NEWRIVER REIT PLC                    2.97
19                  DIGNITY PLC                    2.81

#########[+]SUMMARY MOST OVERALL SHORTED[+]######################
#########[+]SUMMARY MOST OVERALL SHORTED[+]######################
#########[+]SUMMARY MOST OVERALL SHORTED[+]######################

[+]	BABCOCK INTL GROUP PLC
[+]	PLUS500 LTD
[+]	MARKS & SPENCER GROUP PLC
[+]	DIGNITY PLC
[+]	THOMAS COOK GROUP PLC
[+]	SEVERN TRENT PLC
[+]	JUPITER FUND MANAGEMENT PLC
[+]	WOOD GROUP (JOHN) PLC
[+]	NEWRIVER REIT PLC
[+]	GREENCORE GROUP PLC
[+]	Kier Group plc
[+]	KINGFISHER PLC
[+]	EASYJET PLC
[+]	JUST EAT PLC


THE SOFTWARE IS PROVIDED 'AS IS', WITHOUT WARRANTY OF ANY KIND, EXPRESS OR IMPLIED, INCLUDING BUT NOT LIMITED TO THE WARRANTIES OF MERCHANTABILITY, FITNESS FOR A PARTICULAR PURPOSE, TITLE AND NON-INFRINGEMENT. IN NO EVENT SHALL THE COPYRIGHT HOLDERS OR ANYONE DISTRIBUTING THE SOFTWARE BE LIABLE FOR ANY DAMAGES OR OTHER LIABILITY, WHETHER IN CONTRACT, TORT OR OTHERWISE, ARISING FROM, OUT OF OR IN CONNECTION WITH THE SOFTWARE OR THE USE OR OTHER DEALINGS IN THE SOFTWARE.

Dont forget to tip your server!
Bitcoin Cash (BCH)			qpz32c4lg7x7lnk9jg6qg7s4uavdce89myax5v5nuk
Ether (ETH)			0x843d3DEC2A4705BD4f45F674F641cE2D0022c9FB
Litecoin (LTC)			Lfk5y4F7KZa9oRxpazETwjQnHszEPvqPvu
Bitcoin (BTC)			14Dm7L3ABPtumPDcj3REAvs4L6w9YFRnHK
